START INIT BUG Bears_vitorenesduarte-VCD-java-client_437204853-437571024
IS LOCK WAIT FOR 2
IS LOCK WAIT FOR 3
IS LOCK WAIT FOR 5
IS LOCK WAIT FOR 7
IS LOCK WAIT FOR 6
IS LOCK WAIT FOR 6
IS LOCK WAIT FOR 5
IS LOCK WAIT FOR 4
IS LOCK WAIT FOR 3
IS LOCK WAIT FOR 6
IS LOCK WAIT FOR 7
LOCK BUG Bears_vitorenesduarte-VCD-java-client_437204853-437571024
CHECKOUT BUG Bears_vitorenesduarte-VCD-java-client_437204853-437571024
UNLOCK BUG Bears_vitorenesduarte-VCD-java-client_437204853-437571024 False
START INIT BUG Bears_vitorenesduarte-VCD-java-client_437204853-437571024
IS LOCK WAIT FOR 3
IS LOCK WAIT FOR 4
IS LOCK WAIT FOR 3
LOCK BUG Bears_vitorenesduarte-VCD-java-client_437204853-437571024
CHECKOUT BUG Bears_vitorenesduarte-VCD-java-client_437204853-437571024
UNLOCK BUG Bears_vitorenesduarte-VCD-java-client_437204853-437571024 False
