cd /tmp/jKali_Bug_dot_jar_Commons-Math_a56d4998;
export JAVA_TOOL_OPTIONS="-Dfile.encoding=UTF8 -Duser.language=en-US -Duser.country=US -Duser.language=en";
TZ="America/New_York"; export TZ;
export PATH="/usr/lib/jvm/java-1.8.0-openjdk-amd64/bin/:$PATH";
export JAVA_HOME="/usr/lib/jvm/java-1.8.0-openjdk-amd64/bin/";
time java -Xmx4g -Xms1g -cp /home/tdurieux/defects4j4repair/script/../libs/jtestex7.jar:/home/tdurieux/defects4j4repair/script/../repair_tools/astor.jar fr.inria.main.evolution.AstorMain \
	-mode jkali \
	-location . \
	-id Commons-Math-a56d4998 \
	-failing org.apache.commons.math4.analysis.solvers.UnivariateSolverUtilsTest \
	-jvm4testexecution /home/tdurieux/openjdk-1.7.0/bin/ \
	-jvm4evosuitetestexecution /home/tdurieux/openjdk-1.7.0/bin/ \
	-maxgen 1000000 \
	-maxtime 120 \
	-stopfirst true \
	-seed 0 \
	-scope local \
	-population 1 \
	-javacompliancelevel 7 \
	-srcjavafolder src/main/java \
	-srctestfolder src/test/java \
	-binjavafolder target/classes \
	-bintestfolder target/test-classes \
	-parameters x:x \
	-dependencies /home/tdurieux/.m2/repository/junit/junit/4.11/junit-4.11.jar:/home/tdurieux/.m2/repository/org/hamcrest/hamcrest-core/1.3/hamcrest-core-1.3.jar;
	echo "\n\nNode: `hostname`\n";
	echo "\n\nDate: `date`\n";
Picked up JAVA_TOOL_OPTIONS: -Dfile.encoding=UTF8 -Duser.language=en-US -Duser.country=US -Duser.language=en
2018-12-30 16:32:17,083 INFO main - command line arguments: [-mode  jkali  -location  .  -id  Commons-Math-a56d4998  -failing  org.apache.commons.math4.analysis.solvers.UnivariateSolverUtilsTest  -jvm4testexecution  /home/tdurieux/openjdk-1.7.0/bin/  -jvm4evosuitetestexecution  /home/tdurieux/openjdk-1.7.0/bin/  -maxgen  1000000  -maxtime  120  -stopfirst  true  -seed  0  -scope  local  -population  1  -javacompliancelevel  7  -srcjavafolder  src/main/java  -srctestfolder  src/test/java  -binjavafolder  target/classes  -bintestfolder  target/test-classes  -parameters  x:x  -dependencies  /home/tdurieux/.m2/repository/junit/junit/4.11/junit-4.11.jar:/home/tdurieux/.m2/repository/org/hamcrest/hamcrest-core/1.3/hamcrest-core-1.3.jar]
2018-12-30 16:32:17,093 INFO fr.inria.main.evolution.AstorMain - Running Astor on a JDK at /usr/lib/jvm/java-8-openjdk-amd64/jre
[INFO ] fr.inria.main.AbstractMain.determineSourceFolders(AbstractMain.java:842) - Source folders: [/tmp/jKali_Bug_dot_jar_Commons-Math_a56d4998/./src/main/java]
[INFO ] fr.inria.main.AbstractMain.determineSourceFolders(AbstractMain.java:861) - Source Test folders: [/tmp/jKali_Bug_dot_jar_Commons-Math_a56d4998/./src/test/java]
[INFO ] fr.inria.astor.core.faultlocalization.gzoltar.GZoltarFaultLocalization.calculateSuspicious(GZoltarFaultLocalization.java:75) - -Executing Gzoltar classpath: /tmp/jKali_Bug_dot_jar_Commons-Math_a56d4998/./output_astor/AstorMain-Commons-Math-a56d4998//bin//default from 483 classes with test cases
[INFO ] fr.inria.astor.core.faultlocalization.gzoltar.GZoltarFaultLocalization.searchSuspicious(GZoltarFaultLocalization.java:149) - Gzoltar fault localization: min susp value parameter: 0.1
[INFO ] fr.inria.astor.core.faultlocalization.gzoltar.GZoltarFaultLocalization.searchSuspicious(GZoltarFaultLocalization.java:169) - -gz-Adding classpath: [/home/tdurieux/.m2/repository/junit/junit/4.11/junit-4.11.jar, /home/tdurieux/.m2/repository/org/hamcrest/hamcrest-core/1.3/hamcrest-core-1.3.jar, /tmp/jKali_Bug_dot_jar_Commons-Math_a56d4998/./output_astor/AstorMain-Commons-Math-a56d4998//bin//default]
[INFO ] fr.inria.astor.core.faultlocalization.gzoltar.GZoltarFaultLocalization.searchSuspicious(GZoltarFaultLocalization.java:206) - Test failt: org.apache.commons.math4.analysis.solvers.UnivariateSolverUtilsTest#testBracketLoopConditionForB
[INFO ] fr.inria.astor.core.faultlocalization.gzoltar.GZoltarFaultLocalization.searchSuspicious(GZoltarFaultLocalization.java:218) - Gzoltar Test Result Total:6199, fails: 1, GZoltar suspicious 41392, with positive susp 126
[INFO ] fr.inria.astor.core.faultlocalization.gzoltar.GZoltarFaultLocalization.searchSuspicious(GZoltarFaultLocalization.java:226) - nr test results 6199
[INFO ] fr.inria.astor.core.faultlocalization.gzoltar.GZoltarFaultLocalization.searchSuspicious(GZoltarFaultLocalization.java:271) - Gzoltar found: 43 with susp > 0.1, we consider: 43
[INFO ] fr.inria.astor.core.solutionsearch.AstorCoreEngine.initPopulation(AstorCoreEngine.java:689) - 
---- Creating spoon model
[INFO ] fr.inria.astor.core.solutionsearch.AstorCoreEngine.initModel(AstorCoreEngine.java:781) - Creating model,  Code location from working folder: /tmp/jKali_Bug_dot_jar_Commons-Math_a56d4998/./output_astor/AstorMain-Commons-Math-a56d4998//src//default
[INFO ] fr.inria.astor.core.manipulation.MutationSupporter.buildModel(MutationSupporter.java:65) - building model: /tmp/jKali_Bug_dot_jar_Commons-Math_a56d4998/./output_astor/AstorMain-Commons-Math-a56d4998//src//default, compliance level: 7
[INFO ] fr.inria.astor.core.manipulation.MutationSupporter.buildModel(MutationSupporter.java:78) - Classpath for building SpoonModel [/home/tdurieux/.m2/repository/junit/junit/4.11/junit-4.11.jar, /home/tdurieux/.m2/repository/org/hamcrest/hamcrest-core/1.3/hamcrest-core-1.3.jar]
[INFO ] fr.inria.astor.core.solutionsearch.AstorCoreEngine.initPopulation(AstorCoreEngine.java:693) - 
---- Initial suspicious size: 41
[INFO ] fr.inria.astor.core.solutionsearch.population.ProgramVariantFactory.createProgramInstance(ProgramVariantFactory.java:127) - Total suspicious from FL: 41,  39
[INFO ] fr.inria.astor.core.solutionsearch.population.ProgramVariantFactory.createProgramInstance(ProgramVariantFactory.java:136) - Total ModPoint created: 39
[INFO ] fr.inria.astor.core.solutionsearch.population.ProgramVariantFactory.createInitialPopulation(ProgramVariantFactory.java:82) - Creating program variant #1, [Variant id: 1, #gens: 39, #ops: 0, parent:-]
[INFO ] fr.inria.astor.core.setup.ConfigurationProperties.print(ConfigurationProperties.java:66) - ----------------------------
[INFO ] fr.inria.astor.core.setup.ConfigurationProperties.print(ConfigurationProperties.java:67) - ---Configuration properties:---Execution values
[INFO ] fr.inria.astor.core.setup.ConfigurationProperties.print(ConfigurationProperties.java:69) - p:lastJUnitVersion= ./examples/libs/junit-4.11.jar
[INFO ] fr.inria.astor.core.setup.ConfigurationProperties.print(ConfigurationProperties.java:69) - p:alternativecompliancelevel= 4
[INFO ] fr.inria.astor.core.setup.ConfigurationProperties.print(ConfigurationProperties.java:69) - p:ignoredTestCases= 
[INFO ] fr.inria.astor.core.setup.ConfigurationProperties.print(ConfigurationProperties.java:69) - p:workingDirectory= /tmp/jKali_Bug_dot_jar_Commons-Math_a56d4998/./output_astor
[INFO ] fr.inria.astor.core.setup.ConfigurationProperties.print(ConfigurationProperties.java:69) - p:manipulatesuper= false
[INFO ] fr.inria.astor.core.setup.ConfigurationProperties.print(ConfigurationProperties.java:69) - p:validation= process
[INFO ] fr.inria.astor.core.setup.ConfigurationProperties.print(ConfigurationProperties.java:69) - p:jvm4testexecution= /home/tdurieux/openjdk-1.7.0/bin/
[INFO ] fr.inria.astor.core.setup.ConfigurationProperties.print(ConfigurationProperties.java:69) - p:operatorspace= suppression
[INFO ] fr.inria.astor.core.setup.ConfigurationProperties.print(ConfigurationProperties.java:69) - p:disablelog= false
[INFO ] fr.inria.astor.core.setup.ConfigurationProperties.print(ConfigurationProperties.java:69) - p:binjavafolder= target/classes
[INFO ] fr.inria.astor.core.setup.ConfigurationProperties.print(ConfigurationProperties.java:69) - p:synthesis_depth= 3
[INFO ] fr.inria.astor.core.setup.ConfigurationProperties.print(ConfigurationProperties.java:69) - p:gzoltartestpackagetoexclude= junit.framework
[INFO ] fr.inria.astor.core.setup.ConfigurationProperties.print(ConfigurationProperties.java:69) - p:skipfitnessinitialpopulation= false
[INFO ] fr.inria.astor.core.setup.ConfigurationProperties.print(ConfigurationProperties.java:69) - p:evosuiteresultfolder= evosuite
[INFO ] fr.inria.astor.core.setup.ConfigurationProperties.print(ConfigurationProperties.java:69) - p:flthreshold= 0.1
[INFO ] fr.inria.astor.core.setup.ConfigurationProperties.print(ConfigurationProperties.java:69) - p:regressionforfaultlocalization= true
[INFO ] fr.inria.astor.core.setup.ConfigurationProperties.print(ConfigurationProperties.java:69) - p:collectonlyusedmethod= false
[INFO ] fr.inria.astor.core.setup.ConfigurationProperties.print(ConfigurationProperties.java:69) - p:preservelinenumbers= true
[INFO ] fr.inria.astor.core.setup.ConfigurationProperties.print(ConfigurationProperties.java:69) - p:tmax2= 462240
[INFO ] fr.inria.astor.core.setup.ConfigurationProperties.print(ConfigurationProperties.java:69) - p:tmax1= 10000
[INFO ] fr.inria.astor.core.setup.ConfigurationProperties.print(ConfigurationProperties.java:69) - p:probagenmutation= false
[INFO ] fr.inria.astor.core.setup.ConfigurationProperties.print(ConfigurationProperties.java:69) - p:nomodificationconvergence= 100
[INFO ] fr.inria.astor.core.setup.ConfigurationProperties.print(ConfigurationProperties.java:69) - p:targetelementprocessor= statements
[INFO ] fr.inria.astor.core.setup.ConfigurationProperties.print(ConfigurationProperties.java:69) - p:srctestfolder= src/test/java
[INFO ] fr.inria.astor.core.setup.ConfigurationProperties.print(ConfigurationProperties.java:69) - p:forceExecuteRegression= false
[INFO ] fr.inria.astor.core.setup.ConfigurationProperties.print(ConfigurationProperties.java:69) - p:clusteringfilename= clustering.csv
[INFO ] fr.inria.astor.core.setup.ConfigurationProperties.print(ConfigurationProperties.java:69) - p:failing= org.apache.commons.math4.analysis.solvers.UnivariateSolverUtilsTest
[INFO ] fr.inria.astor.core.setup.ConfigurationProperties.print(ConfigurationProperties.java:69) - p:logtestexecution= false
[INFO ] fr.inria.astor.core.setup.ConfigurationProperties.print(ConfigurationProperties.java:69) - p:evo_buggy_class= true
[INFO ] fr.inria.astor.core.setup.ConfigurationProperties.print(ConfigurationProperties.java:69) - p:numberExecutions= 1
[INFO ] fr.inria.astor.core.setup.ConfigurationProperties.print(ConfigurationProperties.java:69) - p:maxnumbersolutions= 1000000
[INFO ] fr.inria.astor.core.setup.ConfigurationProperties.print(ConfigurationProperties.java:69) - p:evo_affected_by_op= true
[INFO ] fr.inria.astor.core.setup.ConfigurationProperties.print(ConfigurationProperties.java:69) - p:population= 1
[INFO ] fr.inria.astor.core.setup.ConfigurationProperties.print(ConfigurationProperties.java:69) - p:considerzerovaluesusp= false
[INFO ] fr.inria.astor.core.setup.ConfigurationProperties.print(ConfigurationProperties.java:69) - p:maxCombinationVariableLimit= false
[INFO ] fr.inria.astor.core.setup.ConfigurationProperties.print(ConfigurationProperties.java:69) - p:loglevel= INFO
[INFO ] fr.inria.astor.core.setup.ConfigurationProperties.print(ConfigurationProperties.java:69) - p:savesolution= true
[INFO ] fr.inria.astor.core.setup.ConfigurationProperties.print(ConfigurationProperties.java:69) - p:javacompliancelevel= 7
[INFO ] fr.inria.astor.core.setup.ConfigurationProperties.print(ConfigurationProperties.java:69) - p:x= x
[INFO ] fr.inria.astor.core.setup.ConfigurationProperties.print(ConfigurationProperties.java:69) - p:uniqueoptogen= false
[INFO ] fr.inria.astor.core.setup.ConfigurationProperties.print(ConfigurationProperties.java:69) - p:gzoltarpackagetonotinstrument= junit.framework
[INFO ] fr.inria.astor.core.setup.ConfigurationProperties.print(ConfigurationProperties.java:69) - p:projectIdentifier= Commons-Math-a56d4998
[INFO ] fr.inria.astor.core.setup.ConfigurationProperties.print(ConfigurationProperties.java:69) - p:modificationpointnavigation= weight
[INFO ] fr.inria.astor.core.setup.ConfigurationProperties.print(ConfigurationProperties.java:69) - p:stopfirst= true
[INFO ] fr.inria.astor.core.setup.ConfigurationProperties.print(ConfigurationProperties.java:69) - p:multipointmodification= false
[INFO ] fr.inria.astor.core.setup.ConfigurationProperties.print(ConfigurationProperties.java:69) - p:elementsToMutate= 10
[INFO ] fr.inria.astor.core.setup.ConfigurationProperties.print(ConfigurationProperties.java:69) - p:jsonoutputname= astor_output
[INFO ] fr.inria.astor.core.setup.ConfigurationProperties.print(ConfigurationProperties.java:69) - p:evoDSE= false
[INFO ] fr.inria.astor.core.setup.ConfigurationProperties.print(ConfigurationProperties.java:69) - p:bintestfolder= target/test-classes
[INFO ] fr.inria.astor.core.setup.ConfigurationProperties.print(ConfigurationProperties.java:69) - p:testbystep= false
[INFO ] fr.inria.astor.core.setup.ConfigurationProperties.print(ConfigurationProperties.java:69) - p:version-location= ./math-version/
[INFO ] fr.inria.astor.core.setup.ConfigurationProperties.print(ConfigurationProperties.java:69) - p:reintroduce= PARENTS:ORIGINAL
[INFO ] fr.inria.astor.core.setup.ConfigurationProperties.print(ConfigurationProperties.java:69) - p:executorjar= ./lib/jtestex7.jar
[INFO ] fr.inria.astor.core.setup.ConfigurationProperties.print(ConfigurationProperties.java:69) - p:maxGeneration= 1000000
[INFO ] fr.inria.astor.core.setup.ConfigurationProperties.print(ConfigurationProperties.java:69) - p:max_synthesis_step= 10000
[INFO ] fr.inria.astor.core.setup.ConfigurationProperties.print(ConfigurationProperties.java:69) - p:maxVarCombination= 1000
[INFO ] fr.inria.astor.core.setup.ConfigurationProperties.print(ConfigurationProperties.java:69) - p:maxtime= 120
[INFO ] fr.inria.astor.core.setup.ConfigurationProperties.print(ConfigurationProperties.java:69) - p:evosuitejar= ./lib/evosuite-master-1.0.4-SNAPSHOT.jar
[INFO ] fr.inria.astor.core.setup.ConfigurationProperties.print(ConfigurationProperties.java:69) - p:jvmversion= 1.7.0-u80-unofficial
[INFO ] fr.inria.astor.core.setup.ConfigurationProperties.print(ConfigurationProperties.java:69) - p:commandTrunk= 50000
[INFO ] fr.inria.astor.core.setup.ConfigurationProperties.print(ConfigurationProperties.java:69) - p:faultlocalization= gzoltar
[INFO ] fr.inria.astor.core.setup.ConfigurationProperties.print(ConfigurationProperties.java:69) - p:resetmodel= true
[INFO ] fr.inria.astor.core.setup.ConfigurationProperties.print(ConfigurationProperties.java:69) - p:maxsuspcandidates= 1000
[INFO ] fr.inria.astor.core.setup.ConfigurationProperties.print(ConfigurationProperties.java:69) - p:mode= jkali
[INFO ] fr.inria.astor.core.setup.ConfigurationProperties.print(ConfigurationProperties.java:69) - p:learningdir= 
[INFO ] fr.inria.astor.core.setup.ConfigurationProperties.print(ConfigurationProperties.java:69) - p:jvm4evosuitetestexecution= /home/tdurieux/openjdk-1.7.0/bin/
[INFO ] fr.inria.astor.core.setup.ConfigurationProperties.print(ConfigurationProperties.java:69) - p:filterfaultlocalization= true
[INFO ] fr.inria.astor.core.setup.ConfigurationProperties.print(ConfigurationProperties.java:69) - p:mutationrate= 1 
[INFO ] fr.inria.astor.core.setup.ConfigurationProperties.print(ConfigurationProperties.java:69) - p:pathToMVNRepository= 
[INFO ] fr.inria.astor.core.setup.ConfigurationProperties.print(ConfigurationProperties.java:69) - p:resourcesfolder= /src/main/resources:/src/test/resources:
[INFO ] fr.inria.astor.core.setup.ConfigurationProperties.print(ConfigurationProperties.java:69) - p:runjava7code= false
[INFO ] fr.inria.astor.core.setup.ConfigurationProperties.print(ConfigurationProperties.java:69) - p:timezone= America/Los_Angeles
[INFO ] fr.inria.astor.core.setup.ConfigurationProperties.print(ConfigurationProperties.java:69) - p:evoRunOnBuggyClass= true
[INFO ] fr.inria.astor.core.setup.ConfigurationProperties.print(ConfigurationProperties.java:69) - p:compiler= fr.inria.astor.core.manipulation.bytecode.compiler.SpoonClassCompiler
[INFO ] fr.inria.astor.core.setup.ConfigurationProperties.print(ConfigurationProperties.java:69) - p:limitbysuspicious= true
[INFO ] fr.inria.astor.core.setup.ConfigurationProperties.print(ConfigurationProperties.java:69) - p:logsattemps= true
[INFO ] fr.inria.astor.core.setup.ConfigurationProperties.print(ConfigurationProperties.java:69) - p:dependenciespath= /home/tdurieux/.m2/repository/junit/junit/4.11/junit-4.11.jar:/home/tdurieux/.m2/repository/org/hamcrest/hamcrest-core/1.3/hamcrest-core-1.3.jar
[INFO ] fr.inria.astor.core.setup.ConfigurationProperties.print(ConfigurationProperties.java:69) - p:logpatternlayout= [%-5p] %l - %m%n
[INFO ] fr.inria.astor.core.setup.ConfigurationProperties.print(ConfigurationProperties.java:69) - p:packageToInstrument= 
[INFO ] fr.inria.astor.core.setup.ConfigurationProperties.print(ConfigurationProperties.java:69) - p:skipfaultlocalization= false
[INFO ] fr.inria.astor.core.setup.ConfigurationProperties.print(ConfigurationProperties.java:69) - p:scope= local
[INFO ] fr.inria.astor.core.setup.ConfigurationProperties.print(ConfigurationProperties.java:69) - p:transformingredient= false
[INFO ] fr.inria.astor.core.setup.ConfigurationProperties.print(ConfigurationProperties.java:69) - p:fitnessfunction= fr.inria.astor.core.solutionsearch.population.TestCaseFitnessFunction
[INFO ] fr.inria.astor.core.setup.ConfigurationProperties.print(ConfigurationProperties.java:69) - p:maxnumvariablesperingredient= 10
[INFO ] fr.inria.astor.core.setup.ConfigurationProperties.print(ConfigurationProperties.java:69) - p:parsesourcefromoriginal= false
[INFO ] fr.inria.astor.core.setup.ConfigurationProperties.print(ConfigurationProperties.java:69) - p:pvariantfoldername= variant-
[INFO ] fr.inria.astor.core.setup.ConfigurationProperties.print(ConfigurationProperties.java:69) - p:savespoonmodelondisk= false
[INFO ] fr.inria.astor.core.setup.ConfigurationProperties.print(ConfigurationProperties.java:69) - p:srcjavafolder= src/main/java
[INFO ] fr.inria.astor.core.setup.ConfigurationProperties.print(ConfigurationProperties.java:69) - p:populationcontroller= fr.inria.astor.core.solutionsearch.population.TestCaseBasedFitnessPopulationController
[INFO ] fr.inria.astor.core.setup.ConfigurationProperties.print(ConfigurationProperties.java:69) - p:ignoreflakyinfl= false
[INFO ] fr.inria.astor.core.setup.ConfigurationProperties.print(ConfigurationProperties.java:69) - p:cleantemplates= true
[INFO ] fr.inria.astor.core.setup.ConfigurationProperties.print(ConfigurationProperties.java:69) - p:applyCrossover= false
[INFO ] fr.inria.astor.core.setup.ConfigurationProperties.print(ConfigurationProperties.java:69) - p:maxmodificationpoints= 1000
[INFO ] fr.inria.astor.core.setup.ConfigurationProperties.print(ConfigurationProperties.java:69) - p:duplicateingredientsinspace= false
[INFO ] fr.inria.astor.core.setup.ConfigurationProperties.print(ConfigurationProperties.java:69) - p:saveall= false
[INFO ] fr.inria.astor.core.setup.ConfigurationProperties.print(ConfigurationProperties.java:69) - p:seed= 0
[INFO ] fr.inria.astor.core.setup.ConfigurationProperties.print(ConfigurationProperties.java:69) - p:savecompletepatched= true
[INFO ] fr.inria.astor.core.setup.ConfigurationProperties.print(ConfigurationProperties.java:69) - p:resetoperations= false
[INFO ] fr.inria.astor.core.setup.ConfigurationProperties.print(ConfigurationProperties.java:69) - p:processoutputinfile= false
[INFO ] fr.inria.astor.core.setup.ConfigurationProperties.print(ConfigurationProperties.java:69) - p:location= .
[INFO ] fr.inria.astor.core.setup.ConfigurationProperties.print(ConfigurationProperties.java:69) - p:probabilistictransformation= true
[INFO ] fr.inria.astor.core.setup.ConfigurationProperties.print(ConfigurationProperties.java:69) - p:overridemaxtime= true
[INFO ] fr.inria.astor.core.setup.ConfigurationProperties.print(ConfigurationProperties.java:69) - p:allpoints= false
[INFO ] fr.inria.astor.core.setup.ConfigurationProperties.print(ConfigurationProperties.java:69) - p:bugId= 280
[INFO ] fr.inria.astor.core.setup.ConfigurationProperties.print(ConfigurationProperties.java:69) - p:evosuitetimeout= 120
[INFO ] fr.inria.astor.core.setup.ConfigurationProperties.print(ConfigurationProperties.java:69) - p:nrPlaceholders= 1
[INFO ] fr.inria.astor.core.setup.ConfigurationProperties.print(ConfigurationProperties.java:69) - p:forcesubprocesskilling= true
[INFO ] fr.inria.astor.core.setup.ConfigurationProperties.print(ConfigurationProperties.java:71) - ----------------------------
[INFO ] fr.inria.astor.core.solutionsearch.ExhaustiveSearchEngine.startEvolution(ExhaustiveSearchEngine.java:59) - mod_point MP=org.apache.commons.math4.analysis.solvers.UnivariateSolverUtils line: 353, pointed element: CtThrowImpl
[INFO ] fr.inria.astor.core.solutionsearch.ExhaustiveSearchEngine.startEvolution(ExhaustiveSearchEngine.java:60) - -->op: OP_INSTANCE:
RemoveOp:(spoon.support.reflect.code.CtThrowImpl) `throw new org.apache.commons.math4.exception.NoBracketingException(a, b, fa, fb) ` -topatch--> `-` (null) 
[INFO ] fr.inria.astor.core.solutionsearch.ExhaustiveSearchEngine.startEvolution(ExhaustiveSearchEngine.java:59) - mod_point MP=org.apache.commons.math4.exception.util.ExceptionContext line: 173, pointed element: CtForImpl
[INFO ] fr.inria.astor.core.solutionsearch.ExhaustiveSearchEngine.startEvolution(ExhaustiveSearchEngine.java:60) - -->op: OP_INSTANCE:
RemoveOp:(spoon.support.reflect.code.CtForImpl) `for (int i = 0; i < len; i++) { 	final org.apache.commons.math4.exception.util.Localizable pat = msg[...] ` -topatch--> `-` (null) 
[INFO ] fr.inria.astor.core.solutionsearch.ExhaustiveSearchEngine.startEvolution(ExhaustiveSearchEngine.java:59) - mod_point MP=org.apache.commons.math4.exception.util.ExceptionContext line: 178, pointed element: CtInvocationImpl
[INFO ] fr.inria.astor.core.solutionsearch.ExhaustiveSearchEngine.startEvolution(ExhaustiveSearchEngine.java:60) - -->op: OP_INSTANCE:
RemoveOp:(spoon.support.reflect.code.CtInvocationImpl) `sb.append(fmt.format(args)) ` -topatch--> `-` (null) 
[INFO ] fr.inria.astor.core.solutionsearch.ExhaustiveSearchEngine.startEvolution(ExhaustiveSearchEngine.java:59) - mod_point MP=org.apache.commons.math4.exception.util.ExceptionContext line: 179, pointed element: CtIfImpl
[INFO ] fr.inria.astor.core.solutionsearch.ExhaustiveSearchEngine.startEvolution(ExhaustiveSearchEngine.java:60) - -->op: OP_INSTANCE:
ReplaceIfBooleanOp:(spoon.support.reflect.code.CtIfImpl) `if ((++count) < len) {  	sb.append(separator); } ` -topatch--> `if (true) {  	sb.append(separator); }` (spoon.support.reflect.code.CtIfImpl) 
[INFO ] fr.inria.astor.core.solutionsearch.ExhaustiveSearchEngine.startEvolution(ExhaustiveSearchEngine.java:59) - mod_point MP=org.apache.commons.math4.exception.util.ExceptionContext line: 179, pointed element: CtIfImpl
[INFO ] fr.inria.astor.core.solutionsearch.ExhaustiveSearchEngine.startEvolution(ExhaustiveSearchEngine.java:60) - -->op: OP_INSTANCE:
ReplaceIfBooleanOp:(spoon.support.reflect.code.CtIfImpl) `if ((++count) < len) {  	sb.append(separator); } ` -topatch--> `if (false) {  	sb.append(separator); }` (spoon.support.reflect.code.CtIfImpl) 
[INFO ] fr.inria.astor.core.solutionsearch.ExhaustiveSearchEngine.startEvolution(ExhaustiveSearchEngine.java:59) - mod_point MP=org.apache.commons.math4.exception.util.ExceptionContext line: 179, pointed element: CtIfImpl
[INFO ] fr.inria.astor.core.solutionsearch.ExhaustiveSearchEngine.startEvolution(ExhaustiveSearchEngine.java:60) - -->op: OP_INSTANCE:
RemoveOp:(spoon.support.reflect.code.CtIfImpl) `if ((++count) < len) {  	sb.append(separator); } ` -topatch--> `-` (null) 
[INFO ] fr.inria.astor.core.solutionsearch.ExhaustiveSearchEngine.startEvolution(ExhaustiveSearchEngine.java:59) - mod_point MP=org.apache.commons.math4.analysis.solvers.UnivariateSolverUtils line: 316, pointed element: CtForImpl
[INFO ] fr.inria.astor.core.solutionsearch.ExhaustiveSearchEngine.startEvolution(ExhaustiveSearchEngine.java:60) - -->op: OP_INSTANCE:
RemoveOp:(spoon.support.reflect.code.CtForImpl) `for (int numIterations = 0;  (numIterations < maximumIterations) && ((a > lowerBound) || (b > upperB[...] ` -topatch--> `-` (null) 
[INFO ] fr.inria.astor.core.solutionsearch.ExhaustiveSearchEngine.startEvolution(ExhaustiveSearchEngine.java:59) - mod_point MP=org.apache.commons.math4.analysis.solvers.UnivariateSolverUtils line: 325, pointed element: CtAssignmentImpl
[INFO ] fr.inria.astor.core.solutionsearch.ExhaustiveSearchEngine.startEvolution(ExhaustiveSearchEngine.java:60) - -->op: OP_INSTANCE:
RemoveOp:(spoon.support.reflect.code.CtAssignmentImpl) `delta = (r * delta) + q ` -topatch--> `-` (null) 
[INFO ] fr.inria.astor.core.solutionsearch.ExhaustiveSearchEngine.startEvolution(ExhaustiveSearchEngine.java:59) - mod_point MP=org.apache.commons.math4.analysis.solvers.UnivariateSolverUtils line: 326, pointed element: CtAssignmentImpl
[INFO ] fr.inria.astor.core.solutionsearch.ExhaustiveSearchEngine.startEvolution(ExhaustiveSearchEngine.java:60) - -->op: OP_INSTANCE:
RemoveOp:(spoon.support.reflect.code.CtAssignmentImpl) `a = org.apache.commons.math4.util.FastMath.max((initial - delta), lowerBound) ` -topatch--> `-` (null) 
[INFO ] fr.inria.astor.core.validation.processbased.LaucherJUnitProcess.killProcess(LaucherJUnitProcess.java:171) - The Process that runs JUnit test cases did not terminate within waitTime of 10 seconds
[INFO ] fr.inria.astor.core.validation.processbased.LaucherJUnitProcess.killProcess(LaucherJUnitProcess.java:173) - Killed the Process that runs JUnit test cases 7276
[INFO ] fr.inria.astor.core.solutionsearch.ExhaustiveSearchEngine.startEvolution(ExhaustiveSearchEngine.java:59) - mod_point MP=org.apache.commons.math4.analysis.solvers.UnivariateSolverUtils line: 327, pointed element: CtAssignmentImpl
[INFO ] fr.inria.astor.core.solutionsearch.ExhaustiveSearchEngine.startEvolution(ExhaustiveSearchEngine.java:60) - -->op: OP_INSTANCE:
RemoveOp:(spoon.support.reflect.code.CtAssignmentImpl) `b = org.apache.commons.math4.util.FastMath.min((initial + delta), upperBound) ` -topatch--> `-` (null) 
[INFO ] fr.inria.astor.core.solutionsearch.ExhaustiveSearchEngine.startEvolution(ExhaustiveSearchEngine.java:59) - mod_point MP=org.apache.commons.math4.analysis.solvers.UnivariateSolverUtils line: 328, pointed element: CtAssignmentImpl
[INFO ] fr.inria.astor.core.solutionsearch.ExhaustiveSearchEngine.startEvolution(ExhaustiveSearchEngine.java:60) - -->op: OP_INSTANCE:
RemoveOp:(spoon.support.reflect.code.CtAssignmentImpl) `fa = function.value(a) ` -topatch--> `-` (null) 
[INFO ] fr.inria.astor.core.solutionsearch.ExhaustiveSearchEngine.startEvolution(ExhaustiveSearchEngine.java:59) - mod_point MP=org.apache.commons.math4.analysis.solvers.UnivariateSolverUtils line: 329, pointed element: CtAssignmentImpl
[INFO ] fr.inria.astor.core.solutionsearch.ExhaustiveSearchEngine.startEvolution(ExhaustiveSearchEngine.java:60) - -->op: OP_INSTANCE:
RemoveOp:(spoon.support.reflect.code.CtAssignmentImpl) `fb = function.value(b) ` -topatch--> `-` (null) 
[INFO ] fr.inria.astor.core.solutionsearch.ExhaustiveSearchEngine.startEvolution(ExhaustiveSearchEngine.java:59) - mod_point MP=org.apache.commons.math4.analysis.solvers.UnivariateSolverUtils line: 331, pointed element: CtIfImpl
[INFO ] fr.inria.astor.core.solutionsearch.ExhaustiveSearchEngine.startEvolution(ExhaustiveSearchEngine.java:60) - -->op: OP_INSTANCE:
ReplaceIfBooleanOp:(spoon.support.reflect.code.CtIfImpl) `if (numIterations == 0) {   	if ((fa * fb) <= 0) {  		return new double[]{ a, b }; 	} }else {   	if [...] ` -topatch--> `if (true) {   	if ((fa * fb) <= 0) {  		return new double[]{ a, b }; 	} }else {   	if ((fa * previou[...]` (spoon.support.reflect.code.CtIfImpl) 
[INFO ] fr.inria.astor.core.solutionsearch.ExhaustiveSearchEngine.startEvolution(ExhaustiveSearchEngine.java:59) - mod_point MP=org.apache.commons.math4.analysis.solvers.UnivariateSolverUtils line: 331, pointed element: CtIfImpl
[INFO ] fr.inria.astor.core.solutionsearch.ExhaustiveSearchEngine.startEvolution(ExhaustiveSearchEngine.java:60) - -->op: OP_INSTANCE:
ReplaceIfBooleanOp:(spoon.support.reflect.code.CtIfImpl) `if (numIterations == 0) {   	if ((fa * fb) <= 0) {  		return new double[]{ a, b }; 	} }else {   	if [...] ` -topatch--> `if (false) {   	if ((fa * fb) <= 0) {  		return new double[]{ a, b }; 	} }else {   	if ((fa * previo[...]` (spoon.support.reflect.code.CtIfImpl) 
[INFO ] fr.inria.astor.core.solutionsearch.ExhaustiveSearchEngine.startEvolution(ExhaustiveSearchEngine.java:59) - mod_point MP=org.apache.commons.math4.analysis.solvers.UnivariateSolverUtils line: 331, pointed element: CtIfImpl
[INFO ] fr.inria.astor.core.solutionsearch.ExhaustiveSearchEngine.startEvolution(ExhaustiveSearchEngine.java:60) - -->op: OP_INSTANCE:
RemoveOp:(spoon.support.reflect.code.CtIfImpl) `if (numIterations == 0) {   	if ((fa * fb) <= 0) {  		return new double[]{ a, b }; 	} }else {   	if [...] ` -topatch--> `-` (null) 
[INFO ] fr.inria.astor.core.solutionsearch.ExhaustiveSearchEngine.startEvolution(ExhaustiveSearchEngine.java:59) - mod_point MP=org.apache.commons.math4.analysis.solvers.UnivariateSolverUtils line: 334, pointed element: CtIfImpl
[INFO ] fr.inria.astor.core.solutionsearch.ExhaustiveSearchEngine.startEvolution(ExhaustiveSearchEngine.java:60) - -->op: OP_INSTANCE:
ReplaceIfBooleanOp:(spoon.support.reflect.code.CtIfImpl) `if ((fa * fb) <= 0) {  	return new double[]{ a, b }; } ` -topatch--> `if (true) {  	return new double[]{ a, b }; }` (spoon.support.reflect.code.CtIfImpl) 
[INFO ] fr.inria.astor.core.solutionsearch.ExhaustiveSearchEngine.startEvolution(ExhaustiveSearchEngine.java:59) - mod_point MP=org.apache.commons.math4.analysis.solvers.UnivariateSolverUtils line: 334, pointed element: CtIfImpl
[INFO ] fr.inria.astor.core.solutionsearch.ExhaustiveSearchEngine.startEvolution(ExhaustiveSearchEngine.java:60) - -->op: OP_INSTANCE:
ReplaceIfBooleanOp:(spoon.support.reflect.code.CtIfImpl) `if ((fa * fb) <= 0) {  	return new double[]{ a, b }; } ` -topatch--> `if (false) {  	return new double[]{ a, b }; }` (spoon.support.reflect.code.CtIfImpl) 
[INFO ] fr.inria.astor.core.solutionsearch.ExhaustiveSearchEngine.startEvolution(ExhaustiveSearchEngine.java:59) - mod_point MP=org.apache.commons.math4.analysis.solvers.UnivariateSolverUtils line: 334, pointed element: CtIfImpl
[INFO ] fr.inria.astor.core.solutionsearch.ExhaustiveSearchEngine.startEvolution(ExhaustiveSearchEngine.java:60) - -->op: OP_INSTANCE:
RemoveOp:(spoon.support.reflect.code.CtIfImpl) `if ((fa * fb) <= 0) {  	return new double[]{ a, b }; } ` -topatch--> `-` (null) 
[INFO ] fr.inria.astor.core.solutionsearch.ExhaustiveSearchEngine.startEvolution(ExhaustiveSearchEngine.java:59) - mod_point MP=org.apache.commons.math4.analysis.solvers.UnivariateSolverUtils line: 307, pointed element: CtInvocationImpl
[INFO ] fr.inria.astor.core.solutionsearch.ExhaustiveSearchEngine.startEvolution(ExhaustiveSearchEngine.java:60) - -->op: OP_INSTANCE:
RemoveOp:(spoon.support.reflect.code.CtInvocationImpl) `org.apache.commons.math4.analysis.solvers.UnivariateSolverUtils.verifySequence(lowerBound, initial, [...] ` -topatch--> `-` (null) 
[INFO ] fr.inria.astor.core.solutionsearch.ExhaustiveSearchEngine.startEvolution(ExhaustiveSearchEngine.java:59) - mod_point MP=org.apache.commons.math4.analysis.solvers.UnivariateSolverUtils line: 304, pointed element: CtIfImpl
[INFO ] fr.inria.astor.core.solutionsearch.ExhaustiveSearchEngine.startEvolution(ExhaustiveSearchEngine.java:60) - -->op: OP_INSTANCE:
ReplaceIfBooleanOp:(spoon.support.reflect.code.CtIfImpl) `if (maximumIterations <= 0) { 	throw new org.apache.commons.math4.exception.NotStrictlyPositiveExcep[...] ` -topatch--> `if (true) { 	throw new org.apache.commons.math4.exception.NotStrictlyPositiveException(org.apache.co[...]` (spoon.support.reflect.code.CtIfImpl) 
[INFO ] fr.inria.astor.core.solutionsearch.ExhaustiveSearchEngine.startEvolution(ExhaustiveSearchEngine.java:59) - mod_point MP=org.apache.commons.math4.analysis.solvers.UnivariateSolverUtils line: 304, pointed element: CtIfImpl
[INFO ] fr.inria.astor.core.solutionsearch.ExhaustiveSearchEngine.startEvolution(ExhaustiveSearchEngine.java:60) - -->op: OP_INSTANCE:
ReplaceIfBooleanOp:(spoon.support.reflect.code.CtIfImpl) `if (maximumIterations <= 0) { 	throw new org.apache.commons.math4.exception.NotStrictlyPositiveExcep[...] ` -topatch--> `if (false) { 	throw new org.apache.commons.math4.exception.NotStrictlyPositiveException(org.apache.c[...]` (spoon.support.reflect.code.CtIfImpl) 
[INFO ] fr.inria.astor.core.solutionsearch.ExhaustiveSearchEngine.startEvolution(ExhaustiveSearchEngine.java:59) - mod_point MP=org.apache.commons.math4.analysis.solvers.UnivariateSolverUtils line: 304, pointed element: CtIfImpl
[INFO ] fr.inria.astor.core.solutionsearch.ExhaustiveSearchEngine.startEvolution(ExhaustiveSearchEngine.java:60) - -->op: OP_INSTANCE:
RemoveOp:(spoon.support.reflect.code.CtIfImpl) `if (maximumIterations <= 0) { 	throw new org.apache.commons.math4.exception.NotStrictlyPositiveExcep[...] ` -topatch--> `-` (null) 
[INFO ] fr.inria.astor.core.solutionsearch.ExhaustiveSearchEngine.startEvolution(ExhaustiveSearchEngine.java:59) - mod_point MP=org.apache.commons.math4.analysis.solvers.UnivariateSolverUtils line: 301, pointed element: CtIfImpl
[INFO ] fr.inria.astor.core.solutionsearch.ExhaustiveSearchEngine.startEvolution(ExhaustiveSearchEngine.java:60) - -->op: OP_INSTANCE:
ReplaceIfBooleanOp:(spoon.support.reflect.code.CtIfImpl) `if (q <= 0) { 	throw new org.apache.commons.math4.exception.NotStrictlyPositiveException(q); } ` -topatch--> `if (true) { 	throw new org.apache.commons.math4.exception.NotStrictlyPositiveException(q); }` (spoon.support.reflect.code.CtIfImpl) 
[INFO ] fr.inria.astor.core.solutionsearch.ExhaustiveSearchEngine.startEvolution(ExhaustiveSearchEngine.java:59) - mod_point MP=org.apache.commons.math4.analysis.solvers.UnivariateSolverUtils line: 301, pointed element: CtIfImpl
[INFO ] fr.inria.astor.core.solutionsearch.ExhaustiveSearchEngine.startEvolution(ExhaustiveSearchEngine.java:60) - -->op: OP_INSTANCE:
ReplaceIfBooleanOp:(spoon.support.reflect.code.CtIfImpl) `if (q <= 0) { 	throw new org.apache.commons.math4.exception.NotStrictlyPositiveException(q); } ` -topatch--> `if (false) { 	throw new org.apache.commons.math4.exception.NotStrictlyPositiveException(q); }` (spoon.support.reflect.code.CtIfImpl) 
[INFO ] fr.inria.astor.core.solutionsearch.ExhaustiveSearchEngine.startEvolution(ExhaustiveSearchEngine.java:59) - mod_point MP=org.apache.commons.math4.analysis.solvers.UnivariateSolverUtils line: 301, pointed element: CtIfImpl
[INFO ] fr.inria.astor.core.solutionsearch.ExhaustiveSearchEngine.startEvolution(ExhaustiveSearchEngine.java:60) - -->op: OP_INSTANCE:
RemoveOp:(spoon.support.reflect.code.CtIfImpl) `if (q <= 0) { 	throw new org.apache.commons.math4.exception.NotStrictlyPositiveException(q); } ` -topatch--> `-` (null) 
[INFO ] fr.inria.astor.core.solutionsearch.ExhaustiveSearchEngine.startEvolution(ExhaustiveSearchEngine.java:59) - mod_point MP=org.apache.commons.math4.analysis.solvers.UnivariateSolverUtils line: 298, pointed element: CtIfImpl
[INFO ] fr.inria.astor.core.solutionsearch.ExhaustiveSearchEngine.startEvolution(ExhaustiveSearchEngine.java:60) - -->op: OP_INSTANCE:
ReplaceIfBooleanOp:(spoon.support.reflect.code.CtIfImpl) `if (function == null) { 	throw new org.apache.commons.math4.exception.NullArgumentException(org.apac[...] ` -topatch--> `if (true) { 	throw new org.apache.commons.math4.exception.NullArgumentException(org.apache.commons.m[...]` (spoon.support.reflect.code.CtIfImpl) 
[INFO ] fr.inria.astor.core.solutionsearch.ExhaustiveSearchEngine.startEvolution(ExhaustiveSearchEngine.java:59) - mod_point MP=org.apache.commons.math4.analysis.solvers.UnivariateSolverUtils line: 298, pointed element: CtIfImpl
[INFO ] fr.inria.astor.core.solutionsearch.ExhaustiveSearchEngine.startEvolution(ExhaustiveSearchEngine.java:60) - -->op: OP_INSTANCE:
ReplaceIfBooleanOp:(spoon.support.reflect.code.CtIfImpl) `if (function == null) { 	throw new org.apache.commons.math4.exception.NullArgumentException(org.apac[...] ` -topatch--> `if (false) { 	throw new org.apache.commons.math4.exception.NullArgumentException(org.apache.commons.[...]` (spoon.support.reflect.code.CtIfImpl) 
[INFO ] fr.inria.astor.core.solutionsearch.ExhaustiveSearchEngine.startEvolution(ExhaustiveSearchEngine.java:59) - mod_point MP=org.apache.commons.math4.analysis.solvers.UnivariateSolverUtils line: 298, pointed element: CtIfImpl
[INFO ] fr.inria.astor.core.solutionsearch.ExhaustiveSearchEngine.startEvolution(ExhaustiveSearchEngine.java:60) - -->op: OP_INSTANCE:
RemoveOp:(spoon.support.reflect.code.CtIfImpl) `if (function == null) { 	throw new org.apache.commons.math4.exception.NullArgumentException(org.apac[...] ` -topatch--> `-` (null) 
[INFO ] fr.inria.astor.core.solutionsearch.AstorCoreEngine.atEnd(AstorCoreEngine.java:168) - Time Repair Loop (s): 18.884
[INFO ] fr.inria.astor.core.solutionsearch.AstorCoreEngine.atEnd(AstorCoreEngine.java:170) - generationsexecuted: 1
[INFO ] fr.inria.astor.core.solutionsearch.AstorCoreEngine.printFinalStatus(AstorCoreEngine.java:234) - 
----SUMMARY_EXECUTION---
[INFO ] fr.inria.astor.core.solutionsearch.AstorCoreEngine.atEnd(AstorCoreEngine.java:184) - 
 --SOLUTIONS DESCRIPTION--


Astor Output:

General stats:
EXECUTION_IDENTIFIER=Commons-Math-a56d4998
TOTAL_TIME=18.884
NR_GENERATIONS=null
NR_RIGHT_COMPILATIONS=27
NR_FAILLING_COMPILATIONS=1
NR_ERRONEOUS_VARIANCES=null
NR_FAILING_VALIDATION_PROCESS=null
OUTPUT_STATUS=EXHAUSTIVE_NAVIGATED

Patch stats:

[INFO ] fr.inria.astor.core.output.PatchJSONStandarOutput.produceOutput(PatchJSONStandarOutput.java:103) - Storing ing JSON at /tmp/jKali_Bug_dot_jar_Commons-Math_a56d4998/./output_astor/AstorMain-Commons-Math-a56d4998//astor_output.json
[INFO ] fr.inria.astor.core.output.PatchJSONStandarOutput.produceOutput(PatchJSONStandarOutput.java:104) - astor_output:
{"general":{"NR_RIGHT_COMPILATIONS":27,"NR_ERRONEOUS_VARIANCES":null,"EXECUTION_IDENTIFIER":"Commons-Math-a56d4998","OUTPUT_STATUS":"EXHAUSTIVE_NAVIGATED","NR_FAILLING_COMPILATIONS":1,"NR_GENERATIONS":null,"TOTAL_TIME":18.884,"NR_FAILING_VALIDATION_PROCESS":null},"patches":[]}
[INFO ] fr.inria.main.evolution.AstorMain.run(AstorMain.java:200) - Time Total(s): 533.899
810.18user 6.97system 8:54.64elapsed 152%CPU (0avgtext+0avgdata 1957572maxresident)k
88152inputs+70336outputs (30major+1489382minor)pagefaults 0swaps


Node: grisou-38.nancy.grid5000.fr



Date: Sun Dec 30 16:41:11 EST 2018

