cd /tmp/DynaMoth_Bears_SzFMV2018-Tavasz-AutomatedCar_367688128-367699437;
export JAVA_TOOL_OPTIONS="-Dfile.encoding=UTF8 -Duser.language=en-US -Duser.country=US -Duser.language=en";
TZ="America/New_York"; export TZ;
export PATH="/usr/lib/jvm/java-1.8.0-openjdk-amd64/bin/:$PATH";
export JAVA_HOME="/usr/lib/jvm/java-1.8.0-openjdk-amd64/bin/";
time java -Xmx4g -Xms1g -cp /home/tdurieux/defects4j4repair/script/../repair_tools/nopol.jar:/usr/lib/jvm/java-1.8.0-openjdk-amd64/bin//../lib/tools.jar fr.inria.lille.repair.Main \
	--mode repair \
	--type pre_then_cond \
	--oracle angelic \
	--synthesis dynamoth \
	--flocal gzoltar \
	--json \
	--solver z3 \
	--solver-path /home/tdurieux/defects4j4repair/script/../libs/z3/build/z3 \
	--complianceLevel 8 \
	--source src/main/java \
	--classpath "target/classes:target/test-classes:/home/tdurieux/.m2/repository/org/projectlombok/lombok/1.16.20/lombok-1.16.20.jar:/home/tdurieux/.m2/repository/org/apache/logging/log4j/log4j-core/2.8/log4j-core-2.8.jar:/home/tdurieux/.m2/repository/org/apache/logging/log4j/log4j-api/2.8/log4j-api-2.8.jar:/home/tdurieux/.m2/repository/com/moandjiezana/toml/toml4j/0.7.2/toml4j-0.7.2.jar:/home/tdurieux/.m2/repository/com/google/code/gson/gson/2.8.1/gson-2.8.1.jar:/home/tdurieux/.m2/repository/junit/junit/4.11/junit-4.11.jar:/home/tdurieux/.m2/repository/org/hamcrest/hamcrest-core/1.3/hamcrest-core-1.3.jar:/home/tdurieux/defects4j4repair/script/../repair_tools/nopol.jar";
	echo "\n\nNode: `hostname`\n";
	echo "\n\nDate: `date`\n";
Picked up JAVA_TOOL_OPTIONS: -Dfile.encoding=UTF8 -Duser.language=en-US -Duser.country=US -Duser.language=en
06:30:01.264 [main] INFO  fr.inria.lille.repair.nopol.NoPol - Source files: [src/main/java]
06:30:01.279 [main] INFO  fr.inria.lille.repair.nopol.NoPol - Classpath: [file:/tmp/DynaMoth_Bears_SzFMV2018-Tavasz-AutomatedCar_367688128-367699437/target/classes/, file:/tmp/DynaMoth_Bears_SzFMV2018-Tavasz-AutomatedCar_367688128-367699437/target/test-classes/, file:/home/tdurieux/.m2/repository/org/projectlombok/lombok/1.16.20/lombok-1.16.20.jar, file:/home/tdurieux/.m2/repository/org/apache/logging/log4j/log4j-core/2.8/log4j-core-2.8.jar, file:/home/tdurieux/.m2/repository/org/apache/logging/log4j/log4j-api/2.8/log4j-api-2.8.jar, file:/home/tdurieux/.m2/repository/com/moandjiezana/toml/toml4j/0.7.2/toml4j-0.7.2.jar, file:/home/tdurieux/.m2/repository/com/google/code/gson/gson/2.8.1/gson-2.8.1.jar, file:/home/tdurieux/.m2/repository/junit/junit/4.11/junit-4.11.jar, file:/home/tdurieux/.m2/repository/org/hamcrest/hamcrest-core/1.3/hamcrest-core-1.3.jar, file:/home/tdurieux/defects4j4repair/script/../repair_tools/nopol.jar]
06:30:01.279 [main] INFO  fr.inria.lille.repair.nopol.NoPol - Statement type: PRE_THEN_COND
06:30:01.279 [main] INFO  fr.inria.lille.repair.nopol.NoPol - Args: [hu.oe.nik.szfmv.automatedcar.bus.VirtualFunctionBusTest, hu.oe.nik.szfmv.automatedcar.sensors.UltrasonicSensorTest, hu.oe.nik.szfmv.automatedcar.steering.CarHeadingTest, hu.oe.nik.szfmv.automatedcar.steering.CarPositionTest, hu.oe.nik.szfmv.automatedcar.steering.SteerAngleTest, hu.oe.nik.szfmv.automatedcar.steering.WheelDisplacementTest, hu.oe.nik.szfmv.automatedcar.steering.WheelPositionTest, hu.oe.nik.szfmv.automatedcar.systemcomponents.PowertrainSystemTest, hu.oe.nik.szfmv.common.ConfigProviderTest, hu.oe.nik.szfmv.common.UtilsTest, hu.oe.nik.szfmv.detector.DetectorTest, hu.oe.nik.szfmv.detector.TriangleTest, hu.oe.nik.szfmv.environment.WorldTest, hu.oe.nik.szfmv.environment.models.CrosswalkTest, hu.oe.nik.szfmv.environment.models.ParkingSpotTest, hu.oe.nik.szfmv.environment.models.PedestrianTest, hu.oe.nik.szfmv.environment.models.RoadSignTest, hu.oe.nik.szfmv.environment.models.RoadTest, hu.oe.nik.szfmv.environment.models.TreeTest, hu.oe.nik.szfmv.visualization.DashboardTest]
06:30:01.281 [main] INFO  fr.inria.lille.repair.nopol.NoPol - Config: Config{synthesisDepth=3, collectStaticMethods=true, collectStaticFields=false, collectLiterals=false, onlyOneSynthesisResult=true, sortExpressions=true, maxLineInvocationPerTest=250, timeoutMethodInvocation=2000, dataCollectionTimeoutInSecondForSynthesis=900, addWeight=0.19478, subWeight=0.04554, mulWeight=0.0102, divWeight=0.00613, andWeight=0.10597, orWeight=0.05708, eqWeight=0.22798, nEqWeight=0.0, lessEqWeight=0.0255, lessWeight=0.0947, methodCallWeight=0.1, fieldAccessWeight=0.08099, constantWeight=0.14232, variableWeight=0.05195, mode=REPAIR, type=PRE_THEN_COND, synthesis=DYNAMOTH, oracle=ANGELIC, solver=Z3, solverPath='/home/tdurieux/defects4j4repair/script/../libs/z3/build/z3', projectSources=[src/main/java], projectClasspath='[Ljava.net.URL;@2ff4f00f', projectTests=[hu.oe.nik.szfmv.automatedcar.bus.VirtualFunctionBusTest, hu.oe.nik.szfmv.automatedcar.sensors.UltrasonicSensorTest, hu.oe.nik.szfmv.automatedcar.steering.CarHeadingTest, hu.oe.nik.szfmv.automatedcar.steering.CarPositionTest, hu.oe.nik.szfmv.automatedcar.steering.SteerAngleTest, hu.oe.nik.szfmv.automatedcar.steering.WheelDisplacementTest, hu.oe.nik.szfmv.automatedcar.steering.WheelPositionTest, hu.oe.nik.szfmv.automatedcar.systemcomponents.PowertrainSystemTest, hu.oe.nik.szfmv.common.ConfigProviderTest, hu.oe.nik.szfmv.common.UtilsTest, hu.oe.nik.szfmv.detector.DetectorTest, hu.oe.nik.szfmv.detector.TriangleTest, hu.oe.nik.szfmv.environment.WorldTest, hu.oe.nik.szfmv.environment.models.CrosswalkTest, hu.oe.nik.szfmv.environment.models.ParkingSpotTest, hu.oe.nik.szfmv.environment.models.PedestrianTest, hu.oe.nik.szfmv.environment.models.RoadSignTest, hu.oe.nik.szfmv.environment.models.RoadTest, hu.oe.nik.szfmv.environment.models.TreeTest, hu.oe.nik.szfmv.visualization.DashboardTest], complianceLevel=8, outputFolder=., json=true}
06:30:01.281 [main] INFO  fr.inria.lille.repair.nopol.NoPol - Available processors (cores): 4
06:30:01.287 [main] INFO  fr.inria.lille.repair.nopol.NoPol - Free memory: 955 MB
06:30:01.287 [main] INFO  fr.inria.lille.repair.nopol.NoPol - Maximum memory: 3 GB
06:30:01.287 [main] INFO  fr.inria.lille.repair.nopol.NoPol - Total memory available to JVM: 981 MB
06:30:01.287 [main] INFO  fr.inria.lille.repair.nopol.NoPol - Java version: 1.8.0_181
06:30:01.288 [main] INFO  fr.inria.lille.repair.nopol.NoPol - JAVA_HOME: /usr/lib/jvm/java-1.8.0-openjdk-amd64/bin/
06:30:01.288 [main] INFO  fr.inria.lille.repair.nopol.NoPol - PATH: /usr/lib/jvm/java-1.8.0-openjdk-amd64/bin/:/usr/lib/oar/oardodo:/usr/lib/oar/oardodo:/usr/local/bin:/usr/bin:/bin:/usr/games
java.util.concurrent.ExecutionException: java.lang.NullPointerException
	at java.util.concurrent.FutureTask.report(FutureTask.java:122)
	at java.util.concurrent.FutureTask.get(FutureTask.java:206)
	at fr.inria.lille.repair.Main.main(Main.java:106)
Caused by: java.lang.NullPointerException
	at com.gzoltar.core.GZoltar.run(GZoltar.java:51)
	at fr.inria.lille.localization.GZoltarFaultLocalizer.run(GZoltarFaultLocalizer.java:163)
	at fr.inria.lille.localization.GZoltarFaultLocalizer.<init>(GZoltarFaultLocalizer.java:94)
	at fr.inria.lille.localization.GZoltarFaultLocalizer.<init>(GZoltarFaultLocalizer.java:68)
	at fr.inria.lille.localization.GZoltarFaultLocalizer.createInstance(GZoltarFaultLocalizer.java:60)
	at fr.inria.lille.repair.nopol.NoPol.createLocalizer(NoPol.java:179)
	at fr.inria.lille.repair.nopol.NoPol.build(NoPol.java:131)
	at fr.inria.lille.repair.Main$1.call(Main.java:101)
	at java.util.concurrent.FutureTask.run(FutureTask.java:266)
	at java.util.concurrent.ThreadPoolExecutor.runWorker(ThreadPoolExecutor.java:1149)
	at java.util.concurrent.ThreadPoolExecutor$Worker.run(ThreadPoolExecutor.java:624)
	at java.lang.Thread.run(Thread.java:748)

Usage: java -jar nopol.jar
                          [(-m|--mode) <repair|ranking>] (-e|--type) <condition|precondition|pre_then_cond|loop|arithmetic> [(-o|--oracle) <angelic|symbolic>] [(-y|--synthesis) <smt|dynamoth>] [(-l|--solver) <z3|cvc4>] [(-p|--solver-path) <solverPath>] (-s|--source) source1:source2:...:sourceN  (-c|--classpath) <classpath> [(-t|--test) test1:test2:...:testN ] [--complianceLevel <complianceLevel>] [--maxTime <maxTime>] [--maxTimeType <maxTimeType>] [(-z|--flocal) < cocospoon|dumb|gzoltar>] [--output <outputFolder>] [--json[:<outputJson>]]

  [(-m|--mode) <repair|ranking>]
        Define the mode of execution. (default: repair)

  (-e|--type) <condition|precondition|pre_then_cond|loop|arithmetic>
        The repair type (example fixing only conditions, or adding
        precondition). REQUIRED OPTION (default: condition)

  [(-o|--oracle) <angelic|symbolic>]
        Define the oracle (only used with repair mode). (default: angelic)

  [(-y|--synthesis) <smt|dynamoth>]
        Define the patch synthesis. (default: smt)

  [(-l|--solver) <z3|cvc4>]
        Define the solver (only used with smt synthesis). (default: z3)

  [(-p|--solver-path) <solverPath>]
        Define the solver binary path (only used with smt synthesis).

  (-s|--source) source1:source2:...:sourceN 
        Define the path to the source code of the project.

  (-c|--classpath) <classpath>
        Define the classpath of the project.

  [(-t|--test) test1:test2:...:testN ]
        Define the tests of the project (both failing and passing),
        fully-qualified, separated with ':' (even if the classpath contains
        other tests, only those are considered.

  [--complianceLevel <complianceLevel>]
        The compliance level of the project. (default: 7)

  [--maxTime <maxTime>]
        The maximum time execution in minute for the whole execution of
        Nopol.(default: 10)

  [--maxTimeType <maxTimeType>]
        The maximum time execution in minute for one type of patch. (default: 5)

  [(-z|--flocal) < cocospoon|dumb|gzoltar>]
        Define the fault localizer to be used. (default: gzoltar)

  [--output <outputFolder>]
        Define the location where the patches will be saved. (default: .)

  [--json[:<outputJson>]]
        Output a json file in the current working directory.

Command exited with non-zero status 255
9.84user 0.72system 0:05.83elapsed 181%CPU (0avgtext+0avgdata 284668maxresident)k
44792inputs+5112outputs (5major+113997minor)pagefaults 0swaps


Node: graphene-26.nancy.grid5000.fr



Date: Thu Dec 27 06:30:06 EST 2018

