cd /tmp/NPEFix_Bears_SonarOpenCommunity-sonar-cxx_437974912-438070185;
export JAVA_TOOL_OPTIONS="-Dfile.encoding=UTF8 -Duser.language=en-US -Duser.country=US -Duser.language=en";
TZ="America/New_York"; export TZ;
export PATH="/usr/lib/jvm/java-1.8.0-openjdk-amd64/bin/:$PATH";
export JAVA_HOME="/usr/lib/jvm/java-1.8.0-openjdk-amd64/bin/";
time java -Xmx4048m -cp /home/tdurieux/RepairThemAll/script/../repair_tools/npefix.jar fr.inria.spirals.npefix.main.run.Main \
    --test org.sonar.cxx.checks.naming.MethodNameCheckTest \
    --iteration 100 \
	--complianceLevel 8 \
	--workingdirectory . \
	--source cxx-checks/src/main/java \
	--classpath cxx-checks/target/classes:cxx-checks/target/test-classes:/tmp/NPEFix_Bears_SonarOpenCommunity-sonar-cxx_437974912-438070185/cxx-squid/target/classes:/tmp/NPEFix_Bears_SonarOpenCommunity-sonar-cxx_437974912-438070185/cxx-lint/target/classes:/tmp/NPEFix_Bears_SonarOpenCommunity-sonar-cxx_437974912-438070185/cxx-sensors/target/classes:/tmp/NPEFix_Bears_SonarOpenCommunity-sonar-cxx_437974912-438070185/sonar-cxx-plugin/target/classes:/tmp/NPEFix_Bears_SonarOpenCommunity-sonar-cxx_437974912-438070185/sonar-c-plugin/target/classes:/tmp/NPEFix_Bears_SonarOpenCommunity-sonar-cxx_437974912-438070185/sslr-cxx-toolkit/target/classes:/home/tdurieux/.m2/repository/backport-util-concurrent/backport-util-concurrent/3.1/backport-util-concurrent-3.1.jar:/home/tdurieux/.m2/repository/org/sonarsource/sonarqube-plugins/cxx/cxx-checks/1.2.0-SNAPSHOT/cxx-checks-1.2.0-SNAPSHOT.jar:/home/tdurieux/.m2/repository/org/codehaus/sonar/sonar-colorizer/3.7/sonar-colorizer-3.7.jar:/home/tdurieux/.m2/repository/org/codehaus/woodstox/woodstox-core-lgpl/4.4.0/woodstox-core-lgpl-4.4.0.jar:/home/tdurieux/.m2/repository/jaxen/jaxen/1.1.4/jaxen-1.1.4.jar:/home/tdurieux/.m2/repository/org/apache/maven/maven-profile/2.2.1/maven-profile-2.2.1.jar:/home/tdurieux/.m2/repository/net/bytebuddy/byte-buddy/1.8.10/byte-buddy-1.8.10.jar:/home/tdurieux/.m2/repository/org/codehaus/sonar/sslr/sslr-xpath/1.20/sslr-xpath-1.20.jar:/home/tdurieux/.m2/repository/org/sonarsource/sonarqube-plugins/cxx/cxx-squid/1.2.0-SNAPSHOT/cxx-squid-1.2.0-SNAPSHOT.jar:/home/tdurieux/.m2/repository/org/apache/maven/maven-plugin-registry/2.2.1/maven-plugin-registry-2.2.1.jar:/home/tdurieux/.m2/repository/net/bytebuddy/byte-buddy-agent/1.8.10/byte-buddy-agent-1.8.10.jar:/home/tdurieux/.m2/repository/ch/qos/logback/logback-classic/1.2.3/logback-classic-1.2.3.jar:/home/tdurieux/.m2/repository/org/apache/maven/wagon/wagon-provider-api/1.0-beta-6/wagon-provider-api-1.0-beta-6.jar:/home/tdurieux/.m2/repository/org/apache/ant/ant/1.10.4/ant-1.10.4.jar:/home/tdurieux/.m2/repository/org/sonarsource/sonarqube/sonar-testing-harness/6.7/sonar-testing-harness-6.7.jar:/home/tdurieux/.m2/repository/org/codehaus/woodstox/stax2-api/3.1.4/stax2-api-3.1.4.jar:/home/tdurieux/.m2/repository/org/hamcrest/hamcrest-all/1.3/hamcrest-all-1.3.jar:/home/tdurieux/.m2/repository/org/sonarsource/sonarqube/sonar-plugin-api/6.7/sonar-plugin-api-6.7.jar:/home/tdurieux/.m2/repository/ch/qos/logback/logback-core/1.2.3/logback-core-1.2.3.jar:/home/tdurieux/.m2/repository/org/sonarsource/sslr-squid-bridge/sslr-squid-bridge/2.6.1/sslr-squid-bridge-2.6.1.jar:/home/tdurieux/.m2/repository/org/codehaus/plexus/plexus-interpolation/1.11/plexus-interpolation-1.11.jar:/home/tdurieux/.m2/repository/io/cucumber/cucumber-jython/2.0.1/cucumber-jython-2.0.1.jar:/home/tdurieux/.m2/repository/org/objenesis/objenesis/2.6/objenesis-2.6.jar:/home/tdurieux/.m2/repository/org/apache/maven/maven-settings/2.2.1/maven-settings-2.2.1.jar:/home/tdurieux/.m2/repository/com/googlecode/json-simple/json-simple/1.1.1/json-simple-1.1.1.jar:/home/tdurieux/.m2/repository/com/google/code/gson/gson/2.6.2/gson-2.6.2.jar:/home/tdurieux/.m2/repository/io/cucumber/cucumber-jvm-deps/1.0.6/cucumber-jvm-deps-1.0.6.jar:/home/tdurieux/.m2/repository/com/google/code/gson/gson/2.3.1/gson-2.3.1.jar:/home/tdurieux/.m2/repository/org/assertj/assertj-core/3.10.0/assertj-core-3.10.0.jar:/home/tdurieux/.m2/repository/com/googlecode/plist/dd-plist/1.19/dd-plist-1.19.jar:/home/tdurieux/.m2/repository/classworlds/classworlds/1.1-alpha-2/classworlds-1.1-alpha-2.jar:/home/tdurieux/.m2/repository/org/sonarsource/sslr/sslr-testing-harness/1.22/sslr-testing-harness-1.22.jar:/home/tdurieux/.m2/repository/org/apache/maven/maven-project/2.2.1/maven-project-2.2.1.jar:/home/tdurieux/.m2/repository/org/codehaus/plexus/plexus-utils/1.5.15/plexus-utils-1.5.15.jar:/home/tdurieux/.m2/repository/com/google/guava/guava/19.0/guava-19.0.jar:/home/tdurieux/.m2/repository/org/apache/ant/ant-launcher/1.10.4/ant-launcher-1.10.4.jar:/home/tdurieux/.m2/repository/org/codehaus/plexus/plexus-container-default/1.0-alpha-9-stable-1/plexus-container-default-1.0-alpha-9-stable-1.jar:/home/tdurieux/.m2/repository/org/codehaus/sonar/sonar-colorizer/3.6/sonar-colorizer-3.6.jar:/home/tdurieux/.m2/repository/org/sonarsource/sslr/sslr-xpath/1.22/sslr-xpath-1.22.jar:/home/tdurieux/.m2/repository/org/sonarsource/sslr/sslr-core/1.22/sslr-core-1.22.jar:/home/tdurieux/.m2/repository/io/cucumber/gherkin-jvm-deps/1.0.4/gherkin-jvm-deps-1.0.4.jar:/home/tdurieux/.m2/repository/org/apache/maven/maven-repository-metadata/2.2.1/maven-repository-metadata-2.2.1.jar:/home/tdurieux/.m2/repository/io/cucumber/cucumber-core/2.0.1/cucumber-core-2.0.1.jar:/home/tdurieux/.m2/repository/cglib/cglib-nodep/3.2.5/cglib-nodep-3.2.5.jar:/home/tdurieux/.m2/repository/commons-cli/commons-cli/1.3.1/commons-cli-1.3.1.jar:/home/tdurieux/.m2/repository/com/fasterxml/jackson/core/jackson-annotations/2.8.0/jackson-annotations-2.8.0.jar:/home/tdurieux/.m2/repository/org/jdom/jdom2/2.0.6/jdom2-2.0.6.jar:/home/tdurieux/.m2/repository/io/cucumber/gherkin/4.1.3/gherkin-4.1.3.jar:/home/tdurieux/.m2/repository/org/slf4j/slf4j-api/1.7.25/slf4j-api-1.7.25.jar:/home/tdurieux/.m2/repository/io/cucumber/cucumber-junit/2.0.1/cucumber-junit-2.0.1.jar:/home/tdurieux/.m2/repository/org/hamcrest/hamcrest-core/1.3/hamcrest-core-1.3.jar:/home/tdurieux/.m2/repository/org/easytesting/fest-util/1.1.6/fest-util-1.1.6.jar:/home/tdurieux/.m2/repository/com/fasterxml/jackson/core/jackson-databind/2.8.6/jackson-databind-2.8.6.jar:/home/tdurieux/.m2/repository/org/easytesting/fest-assert/1.4/fest-assert-1.4.jar:/home/tdurieux/.m2/repository/org/sonarsource/sonarqube-plugins/cxx/cxx-sensors/1.2.0-SNAPSHOT/cxx-sensors-1.2.0-SNAPSHOT.jar:/home/tdurieux/.m2/repository/org/apache/maven/maven-artifact-manager/2.2.1/maven-artifact-manager-2.2.1.jar:/home/tdurieux/.m2/repository/org/codehaus/sonar/sonar-channel/3.6/sonar-channel-3.6.jar:/home/tdurieux/.m2/repository/javax/xml/stream/stax-api/1.0-2/stax-api-1.0-2.jar:/home/tdurieux/.m2/repository/org/codehaus/sonar/sonar-channel/3.7/sonar-channel-3.7.jar:/home/tdurieux/.m2/repository/junit/junit/4.12/junit-4.12.jar:/home/tdurieux/.m2/repository/io/cucumber/tag-expressions/1.0.1/tag-expressions-1.0.1.jar:/home/tdurieux/.m2/repository/commons-lang/commons-lang/2.6/commons-lang-2.6.jar:/home/tdurieux/.m2/repository/org/codehaus/staxmate/staxmate/2.0.1/staxmate-2.0.1.jar:/home/tdurieux/.m2/repository/org/apache/maven/maven-model/2.2.1/maven-model-2.2.1.jar:/home/tdurieux/.m2/repository/org/apache/maven/maven-artifact/2.2.1/maven-artifact-2.2.1.jar:/home/tdurieux/.m2/repository/org/sonarsource/sslr/sslr-toolkit/1.22/sslr-toolkit-1.22.jar:/home/tdurieux/.m2/repository/commons-io/commons-io/2.6/commons-io-2.6.jar:/home/tdurieux/.m2/repository/org/mockito/mockito-core/2.19.0/mockito-core-2.19.0.jar:/home/tdurieux/.m2/repository/org/python/jython-standalone/2.7.1/jython-standalone-2.7.1.jar:/home/tdurieux/.m2/repository/info/cukes/cucumber-html/0.2.6/cucumber-html-0.2.6.jar:/home/tdurieux/.m2/repository/org/sonarsource/sonarqube/sonar-check-api/5.4/sonar-check-api-5.4.jar:/home/tdurieux/.m2/repository/com/fasterxml/jackson/core/jackson-core/2.8.6/jackson-core-2.8.6.jar:/home/tdurieux/.m2/repository/io/cucumber/cucumber-java/2.0.1/cucumber-java-2.0.1.jar:/home/tdurieux/.m2/repository/com/google/code/findbugs/jsr305/1.3.9/jsr305-1.3.9.jar;
	echo "\n\nNode: `hostname`\n";
	echo "\n\nDate: `date`\n";
Picked up JAVA_TOOL_OPTIONS: -Dfile.encoding=UTF8 -Duser.language=en-US -Duser.country=US -Duser.language=en
TernarySplitter  in 32ms
return ((prev != null) && ((prev.getTokenLine()) == (astNode.getTokenLine()))) && (prev.isCopyBookOrGeneratedNode())
return (astNode.getFirstDescendant(CxxGrammarImpl.aliasDeclaration)) != null
return null != (decl.getFirstDescendant(CxxKeyword.CONSTEXPR))
CheckNotNull  in 69ms
ForceNullInit in 16ms
AddImplicitCastChecker --> 2 in 19ms
BeforeDeref --> 405 (failed:0) in 127ms
target--> 561 (failed:0) in 308ms
TryRegister # Try: 20 in 28ms
Assign --> 130 (failed: 0) in 152ms
VarInit --> 45 in 44ms
MethodEncapsulation # Method: 164 in 227ms
ConstructorEncapsulation # Constructor: 4 in 35ms
VariableFor in 33ms
RMI Selector (Host: 127.0.0.1, Port: 10000): KO
org.sonar.cxx.checks.naming.MethodNameCheckTest#test
<No Strat> Status: Ko
org.sonar.cxx.checks.naming.MethodNameCheckTest#test
<No Strat> Status: Ko
org.sonar.cxx.checks.naming.MethodNameCheckTest#test
<No Strat> Status: Ko
org.sonar.cxx.checks.naming.MethodNameCheckTest#test
<No Strat> Status: Ko
org.sonar.cxx.checks.naming.MethodNameCheckTest#test
<No Strat> Status: Ko
org.sonar.cxx.checks.naming.MethodNameCheckTest#test
<No Strat> Status: Ko
34.31user 1.06system 0:12.27elapsed 288%CPU (0avgtext+0avgdata 673624maxresident)k
31672inputs+1848outputs (9major+179392minor)pagefaults 0swaps


Node: suno-31.sophia.grid5000.fr



Date: Wed Dec 26 12:13:21 EST 2018

