cd /tmp/NPEFix_IntroClassJava_median_e9c6206d3a4862876b0dead881ac55078f11e291f60215ab028651f06fcbee2a591a31a7727037774542df4fe051a89460d85f6067a0b9729ae86e4afe1e6e92_000;
export JAVA_TOOL_OPTIONS="-Dfile.encoding=UTF8 -Duser.language=en-US -Duser.country=US -Duser.language=en";
TZ="America/New_York"; export TZ;
export PATH="/usr/lib/jvm/java-1.8.0-openjdk-amd64/bin/:$PATH";
export JAVA_HOME="/usr/lib/jvm/java-1.8.0-openjdk-amd64/bin/";
time java -Xmx4g -Xms1g -cp /home/tdurieux/defects4j4repair/script/../repair_tools/npefix.jar fr.inria.spirals.npefix.main.run.Main \
    --test introclassJava.median_e9c6206d_000BlackboxTest:introclassJava.median_e9c6206d_000WhiteboxTest \
    --iteration 100 \
	--complianceLevel 7 \
	--workingdirectory . \
	--source src/main/java \
	--classpath target/classes:target/test-classes:/home/tdurieux/.m2/repository/junit/junit/4.11/junit-4.11.jar:/home/tdurieux/.m2/repository/org/hamcrest/hamcrest-core/1.3/hamcrest-core-1.3.jar;
	echo "\n\nNode: `hostname`\n";
	echo "\n\nDate: `date`\n";
Picked up JAVA_TOOL_OPTIONS: -Dfile.encoding=UTF8 -Duser.language=en-US -Duser.country=US -Duser.language=en
TernarySplitter  in 4ms
CheckNotNull  in 1ms
ForceNullInit in 36ms
AddImplicitCastChecker --> 0 in 4ms
BeforeDeref --> 40 (failed:0) in 24ms
target--> 40 (failed:0) in 82ms
TryRegister # Try: 0 in 2ms
Assign --> 14 (failed: 0) in 49ms
VarInit --> 4 in 4ms
MethodEncapsulation # Method: 2 in 50ms
ConstructorEncapsulation # Constructor: 10 in 11ms
VariableFor in 2ms
RMI Selector (Host: 127.0.0.1, Port: 10000): KO
introclassJava.median_e9c6206d_000WhiteboxTest#test1
<No Strat> Status: Ko
introclassJava.median_e9c6206d_000WhiteboxTest#test2
<No Strat> Status: Ko
introclassJava.median_e9c6206d_000WhiteboxTest#test3
<No Strat> Status: Ko
introclassJava.median_e9c6206d_000WhiteboxTest#test4
<No Strat> Status: Ko
introclassJava.median_e9c6206d_000WhiteboxTest#test5
<No Strat> Status: Ko
introclassJava.median_e9c6206d_000WhiteboxTest#test6
<No Strat> Status: Ok
introclassJava.median_e9c6206d_000BlackboxTest#test1
<No Strat> Status: Ok
introclassJava.median_e9c6206d_000BlackboxTest#test2
<No Strat> Status: Ko
introclassJava.median_e9c6206d_000BlackboxTest#test3
<No Strat> Status: Ko
introclassJava.median_e9c6206d_000BlackboxTest#test4
<No Strat> Status: Ko
introclassJava.median_e9c6206d_000BlackboxTest#test5
<No Strat> Status: Ko
introclassJava.median_e9c6206d_000BlackboxTest#test6
<No Strat> Status: Ok
introclassJava.median_e9c6206d_000BlackboxTest#test7
<No Strat> Status: Ko
Multirun 13/100 13%
introclassJava.median_e9c6206d_000WhiteboxTest#test1
<No Strat> Status: Ko
introclassJava.median_e9c6206d_000WhiteboxTest#test2
<No Strat> Status: Ko
introclassJava.median_e9c6206d_000WhiteboxTest#test3
<No Strat> Status: Ko
introclassJava.median_e9c6206d_000WhiteboxTest#test4
<No Strat> Status: Ko
introclassJava.median_e9c6206d_000WhiteboxTest#test5
<No Strat> Status: Ko
introclassJava.median_e9c6206d_000BlackboxTest#test2
<No Strat> Status: Ko
introclassJava.median_e9c6206d_000BlackboxTest#test3
<No Strat> Status: Ko
introclassJava.median_e9c6206d_000BlackboxTest#test4
<No Strat> Status: Ko
introclassJava.median_e9c6206d_000BlackboxTest#test5
<No Strat> Status: Ko
introclassJava.median_e9c6206d_000BlackboxTest#test7
<No Strat> Status: Ko
introclassJava.median_e9c6206d_000WhiteboxTest#test1
<No Strat> Status: Ko
introclassJava.median_e9c6206d_000WhiteboxTest#test2
<No Strat> Status: Ko
introclassJava.median_e9c6206d_000WhiteboxTest#test3
<No Strat> Status: Ko
introclassJava.median_e9c6206d_000WhiteboxTest#test4
<No Strat> Status: Ko
introclassJava.median_e9c6206d_000WhiteboxTest#test5
<No Strat> Status: Ko
introclassJava.median_e9c6206d_000BlackboxTest#test2
<No Strat> Status: Ko
introclassJava.median_e9c6206d_000BlackboxTest#test3
<No Strat> Status: Ko
introclassJava.median_e9c6206d_000BlackboxTest#test4
<No Strat> Status: Ko
introclassJava.median_e9c6206d_000BlackboxTest#test5
<No Strat> Status: Ko
introclassJava.median_e9c6206d_000BlackboxTest#test7
<No Strat> Status: Ko
introclassJava.median_e9c6206d_000WhiteboxTest#test1
<No Strat> Status: Ko
introclassJava.median_e9c6206d_000WhiteboxTest#test2
<No Strat> Status: Ko
introclassJava.median_e9c6206d_000WhiteboxTest#test3
<No Strat> Status: Ko
introclassJava.median_e9c6206d_000WhiteboxTest#test4
<No Strat> Status: Ko
introclassJava.median_e9c6206d_000WhiteboxTest#test5
<No Strat> Status: Ko
introclassJava.median_e9c6206d_000BlackboxTest#test2
<No Strat> Status: Ko
introclassJava.median_e9c6206d_000BlackboxTest#test3
<No Strat> Status: Ko
introclassJava.median_e9c6206d_000BlackboxTest#test4
<No Strat> Status: Ko
introclassJava.median_e9c6206d_000BlackboxTest#test5
<No Strat> Status: Ko
introclassJava.median_e9c6206d_000BlackboxTest#test7
<No Strat> Status: Ko
introclassJava.median_e9c6206d_000WhiteboxTest#test1
<No Strat> Status: Ko
introclassJava.median_e9c6206d_000WhiteboxTest#test2
<No Strat> Status: Ko
introclassJava.median_e9c6206d_000WhiteboxTest#test3
<No Strat> Status: Ko
introclassJava.median_e9c6206d_000WhiteboxTest#test4
<No Strat> Status: Ko
introclassJava.median_e9c6206d_000WhiteboxTest#test5
<No Strat> Status: Ko
introclassJava.median_e9c6206d_000BlackboxTest#test2
<No Strat> Status: Ko
introclassJava.median_e9c6206d_000BlackboxTest#test3
<No Strat> Status: Ko
introclassJava.median_e9c6206d_000BlackboxTest#test4
<No Strat> Status: Ko
introclassJava.median_e9c6206d_000BlackboxTest#test5
<No Strat> Status: Ko
introclassJava.median_e9c6206d_000BlackboxTest#test7
<No Strat> Status: Ko
introclassJava.median_e9c6206d_000WhiteboxTest#test1
<No Strat> Status: Ko
introclassJava.median_e9c6206d_000WhiteboxTest#test2
<No Strat> Status: Ko
introclassJava.median_e9c6206d_000WhiteboxTest#test3
<No Strat> Status: Ko
introclassJava.median_e9c6206d_000WhiteboxTest#test4
<No Strat> Status: Ko
introclassJava.median_e9c6206d_000WhiteboxTest#test5
<No Strat> Status: Ko
introclassJava.median_e9c6206d_000BlackboxTest#test2
<No Strat> Status: Ko
introclassJava.median_e9c6206d_000BlackboxTest#test3
<No Strat> Status: Ko
introclassJava.median_e9c6206d_000BlackboxTest#test4
<No Strat> Status: Ko
introclassJava.median_e9c6206d_000BlackboxTest#test5
<No Strat> Status: Ko
introclassJava.median_e9c6206d_000BlackboxTest#test7
<No Strat> Status: Ko
introclassJava.median_e9c6206d_000WhiteboxTest#test1
<No Strat> Status: Ko
introclassJava.median_e9c6206d_000WhiteboxTest#test2
<No Strat> Status: Ko
introclassJava.median_e9c6206d_000WhiteboxTest#test3
<No Strat> Status: Ko
introclassJava.median_e9c6206d_000WhiteboxTest#test4
<No Strat> Status: Ko
introclassJava.median_e9c6206d_000WhiteboxTest#test5
<No Strat> Status: Ko
introclassJava.median_e9c6206d_000BlackboxTest#test2
<No Strat> Status: Ko
introclassJava.median_e9c6206d_000BlackboxTest#test3
<No Strat> Status: Ko
introclassJava.median_e9c6206d_000BlackboxTest#test4
<No Strat> Status: Ko
introclassJava.median_e9c6206d_000BlackboxTest#test5
<No Strat> Status: Ko
introclassJava.median_e9c6206d_000BlackboxTest#test7
<No Strat> Status: Ko
5.15user 0.22system 0:02.81elapsed 191%CPU (0avgtext+0avgdata 231860maxresident)k
20872inputs+224outputs (1major+59930minor)pagefaults 0swaps


Node: graphene-68.nancy.grid5000.fr



Date: Thu Dec  6 03:41:59 EST 2018

