cd /tmp/NPEFix_Bears_opentracing-contrib-java-p6spy_390188323-431527545;
export JAVA_TOOL_OPTIONS="-Dfile.encoding=UTF8 -Duser.language=en-US -Duser.country=US -Duser.language=en";
TZ="America/New_York"; export TZ;
export PATH="/usr/lib/jvm/java-1.8.0-openjdk-amd64/bin/:$PATH";
export JAVA_HOME="/usr/lib/jvm/java-1.8.0-openjdk-amd64/bin/";
time java -Xmx4048m -cp /home/tdurieux/RepairThemAll/script/../repair_tools/npefix.jar fr.inria.spirals.npefix.main.run.Main \
    --test io.opentracing.contrib.p6spy.JdbcTest \
    --iteration 100 \
	--complianceLevel 8 \
	--workingdirectory . \
	--source src/main/java \
	--classpath target/classes:target/test-classes:/home/tdurieux/.m2/repository/org/springframework/spring-core/4.3.19.RELEASE/spring-core-4.3.19.RELEASE.jar:/home/tdurieux/.m2/repository/io/opentracing/opentracing-noop/0.31.0/opentracing-noop-0.31.0.jar:/home/tdurieux/.m2/repository/io/opentracing/opentracing-mock/0.31.0/opentracing-mock-0.31.0.jar:/home/tdurieux/.m2/repository/dom4j/dom4j/1.6.1/dom4j-1.6.1.jar:/home/tdurieux/.m2/repository/org/hibernate/hibernate-core/5.3.6.Final/hibernate-core-5.3.6.Final.jar:/home/tdurieux/.m2/repository/org/apache/commons/commons-dbcp2/2.5.0/commons-dbcp2-2.5.0.jar:/home/tdurieux/.m2/repository/io/opentracing/opentracing-util/0.31.0/opentracing-util-0.31.0.jar:/home/tdurieux/.m2/repository/io/opentracing/opentracing-api/0.31.0/opentracing-api-0.31.0.jar:/home/tdurieux/.m2/repository/org/hibernate/common/hibernate-commons-annotations/5.0.4.Final/hibernate-commons-annotations-5.0.4.Final.jar:/home/tdurieux/.m2/repository/javax/activation/javax.activation-api/1.2.0/javax.activation-api-1.2.0.jar:/home/tdurieux/.m2/repository/javax/persistence/javax.persistence-api/2.2/javax.persistence-api-2.2.jar:/home/tdurieux/.m2/repository/org/springframework/spring-beans/4.3.19.RELEASE/spring-beans-4.3.19.RELEASE.jar:/home/tdurieux/.m2/repository/org/mockito/mockito-core/2.22.0/mockito-core-2.22.0.jar:/home/tdurieux/.m2/repository/net/bytebuddy/byte-buddy-agent/1.8.21/byte-buddy-agent-1.8.21.jar:/home/tdurieux/.m2/repository/org/springframework/spring-tx/4.3.19.RELEASE/spring-tx-4.3.19.RELEASE.jar:/home/tdurieux/.m2/repository/org/jboss/logging/jboss-logging/3.3.2.Final/jboss-logging-3.3.2.Final.jar:/home/tdurieux/.m2/repository/org/hamcrest/hamcrest-core/1.3/hamcrest-core-1.3.jar:/home/tdurieux/.m2/repository/com/fasterxml/classmate/1.3.4/classmate-1.3.4.jar:/home/tdurieux/.m2/repository/p6spy/p6spy/3.7.0/p6spy-3.7.0.jar:/home/tdurieux/.m2/repository/org/jboss/spec/javax/transaction/jboss-transaction-api_1.2_spec/1.1.1.Final/jboss-transaction-api_1.2_spec-1.1.1.Final.jar:/home/tdurieux/.m2/repository/org/springframework/spring-jdbc/4.3.19.RELEASE/spring-jdbc-4.3.19.RELEASE.jar:/home/tdurieux/.m2/repository/junit/junit/4.12/junit-4.12.jar:/home/tdurieux/.m2/repository/org/apache/commons/commons-pool2/2.6.0/commons-pool2-2.6.0.jar:/home/tdurieux/.m2/repository/org/javassist/javassist/3.23.1-GA/javassist-3.23.1-GA.jar:/home/tdurieux/.m2/repository/org/objenesis/objenesis/2.6/objenesis-2.6.jar:/home/tdurieux/.m2/repository/io/opentracing/opentracing-util/0.31.0/opentracing-util-0.31.0-tests.jar:/home/tdurieux/.m2/repository/org/hsqldb/hsqldb/2.4.1/hsqldb-2.4.1.jar:/home/tdurieux/.m2/repository/net/bytebuddy/byte-buddy/1.8.17/byte-buddy-1.8.17.jar:/home/tdurieux/.m2/repository/antlr/antlr/2.7.7/antlr-2.7.7.jar:/home/tdurieux/.m2/repository/org/jboss/jandex/2.0.5.Final/jandex-2.0.5.Final.jar:/home/tdurieux/.m2/repository/commons-logging/commons-logging/1.2/commons-logging-1.2.jar;
	echo "\n\nNode: `hostname`\n";
	echo "\n\nDate: `date`\n";
Picked up JAVA_TOOL_OPTIONS: -Dfile.encoding=UTF8 -Duser.language=en-US -Duser.country=US -Duser.language=en
TernarySplitter  in 15ms
Tags.ERROR.set(scope.span(), (e != null))
return (traceWithActiveSpanOnly != null) && traceWithActiveSpanOnly
CheckNotNull  in 33ms
ForceNullInit in 11ms
AddImplicitCastChecker --> 0 in 6ms
BeforeDeref --> 28 (failed:0) in 19ms
target--> 52 (failed:0) in 53ms
TryRegister # Try: 1 in 10ms
Assign --> 8 (failed: 0) in 15ms
VarInit --> 12 in 18ms
MethodEncapsulation # Method: 17 in 69ms
ConstructorEncapsulation # Constructor: 2 in 11ms
VariableFor in 4ms
RMI Selector (Host: 127.0.0.1, Port: 10000): KO
io.opentracing.contrib.p6spy.JdbcTest#should_report_one_span
<No Strat> Status: Ko
io.opentracing.contrib.p6spy.JdbcTest#should_report_one_span_with_null_url
<No Strat> Status: Ko
io.opentracing.contrib.p6spy.JdbcTest#should_report_one_span_with_null_user
<No Strat> Status: Ko
io.opentracing.contrib.p6spy.JdbcTest#should_report_one_span_with_null_catalog
<No Strat> Status: Ko
io.opentracing.contrib.p6spy.JdbcTest#should_not_report_span_with_sql_exception
<No Strat> Status: Ko
io.opentracing.contrib.p6spy.JdbcTest#should_report_one_span
<No Strat> Status: Ko
io.opentracing.contrib.p6spy.JdbcTest#should_report_one_span_with_null_url
<No Strat> Status: Ko
io.opentracing.contrib.p6spy.JdbcTest#should_report_one_span_with_null_user
<No Strat> Status: Ko
io.opentracing.contrib.p6spy.JdbcTest#should_report_one_span_with_null_catalog
<No Strat> Status: Ko
io.opentracing.contrib.p6spy.JdbcTest#should_not_report_span_with_sql_exception
<No Strat> Status: Ko
io.opentracing.contrib.p6spy.JdbcTest#should_report_one_span
<No Strat> Status: Ko
io.opentracing.contrib.p6spy.JdbcTest#should_report_one_span_with_null_url
<No Strat> Status: Ko
io.opentracing.contrib.p6spy.JdbcTest#should_report_one_span_with_null_user
<No Strat> Status: Ko
io.opentracing.contrib.p6spy.JdbcTest#should_report_one_span_with_null_catalog
<No Strat> Status: Ko
io.opentracing.contrib.p6spy.JdbcTest#should_not_report_span_with_sql_exception
<No Strat> Status: Ko
io.opentracing.contrib.p6spy.JdbcTest#should_report_one_span
<No Strat> Status: Ko
io.opentracing.contrib.p6spy.JdbcTest#should_report_one_span_with_null_url
<No Strat> Status: Ko
io.opentracing.contrib.p6spy.JdbcTest#should_report_one_span_with_null_user
<No Strat> Status: Ko
io.opentracing.contrib.p6spy.JdbcTest#should_report_one_span_with_null_catalog
<No Strat> Status: Ko
io.opentracing.contrib.p6spy.JdbcTest#should_not_report_span_with_sql_exception
<No Strat> Status: Ko
io.opentracing.contrib.p6spy.JdbcTest#should_report_one_span
<No Strat> Status: Ko
io.opentracing.contrib.p6spy.JdbcTest#should_report_one_span_with_null_url
<No Strat> Status: Ko
io.opentracing.contrib.p6spy.JdbcTest#should_report_one_span_with_null_user
<No Strat> Status: Ko
io.opentracing.contrib.p6spy.JdbcTest#should_report_one_span_with_null_catalog
<No Strat> Status: Ko
io.opentracing.contrib.p6spy.JdbcTest#should_not_report_span_with_sql_exception
<No Strat> Status: Ko
io.opentracing.contrib.p6spy.JdbcTest#should_report_one_span
<No Strat> Status: Ko
io.opentracing.contrib.p6spy.JdbcTest#should_report_one_span_with_null_url
<No Strat> Status: Ko
io.opentracing.contrib.p6spy.JdbcTest#should_report_one_span_with_null_user
<No Strat> Status: Ko
io.opentracing.contrib.p6spy.JdbcTest#should_report_one_span_with_null_catalog
<No Strat> Status: Ko
io.opentracing.contrib.p6spy.JdbcTest#should_not_report_span_with_sql_exception
<No Strat> Status: Ko
9.67user 0.29system 0:03.85elapsed 258%CPU (0avgtext+0avgdata 289964maxresident)k
21376inputs+232outputs (1major+75742minor)pagefaults 0swaps


Node: suno-1.sophia.grid5000.fr



Date: Wed Dec 26 12:12:35 EST 2018

