cd /tmp/DynaMoth_IntroClassJava_grade_cd2d9b5b5cff96b07c5b22c0d139ffa2aa36b01823c9eb4db6eca19065a0ce2c4d2516bfcc2f1bc95daeae5b0bbd5e9c15b83feda776735e7bc3de6c49d25144_008;
export JAVA_TOOL_OPTIONS="-Dfile.encoding=UTF8 -Duser.language=en-US -Duser.country=US -Duser.language=en";
TZ="America/New_York"; export TZ;
export PATH="/usr/lib/jvm/java-1.8.0-openjdk-amd64/bin/:$PATH";
export JAVA_HOME="/usr/lib/jvm/java-1.8.0-openjdk-amd64/bin/";
time java -Xmx4048m -cp /home/tdurieux/RepairThemAll/script/../repair_tools/nopol.jar:/usr/lib/jvm/java-1.8.0-openjdk-amd64/bin//../lib/tools.jar fr.inria.lille.repair.Main \
	--mode repair \
	--type pre_then_cond \
	--oracle angelic \
	--synthesis dynamoth \
	--flocal gzoltar \
	--json \
	--solver z3 \
	--solver-path /home/tdurieux/RepairThemAll/script/../libs/z3/build/z3 \
	--complianceLevel 7 \
	--source src/main/java \
	--classpath "target/classes:target/test-classes:/home/tdurieux/.m2/repository/junit/junit/4.11/junit-4.11.jar:/home/tdurieux/.m2/repository/org/hamcrest/hamcrest-core/1.3/hamcrest-core-1.3.jar:/home/tdurieux/RepairThemAll/script/../repair_tools/nopol.jar";
	echo "\n\nNode: `hostname`\n";
	echo "\n\nDate: `date`\n";
Picked up JAVA_TOOL_OPTIONS: -Dfile.encoding=UTF8 -Duser.language=en-US -Duser.country=US -Duser.language=en
16:47:56.504 [main] INFO  fr.inria.lille.repair.nopol.NoPol - Source files: [src/main/java]
16:47:56.518 [main] INFO  fr.inria.lille.repair.nopol.NoPol - Classpath: [file:/tmp/DynaMoth_IntroClassJava_grade_cd2d9b5b5cff96b07c5b22c0d139ffa2aa36b01823c9eb4db6eca19065a0ce2c4d2516bfcc2f1bc95daeae5b0bbd5e9c15b83feda776735e7bc3de6c49d25144_008/target/classes/, file:/tmp/DynaMoth_IntroClassJava_grade_cd2d9b5b5cff96b07c5b22c0d139ffa2aa36b01823c9eb4db6eca19065a0ce2c4d2516bfcc2f1bc95daeae5b0bbd5e9c15b83feda776735e7bc3de6c49d25144_008/target/test-classes/, file:/home/tdurieux/.m2/repository/junit/junit/4.11/junit-4.11.jar, file:/home/tdurieux/.m2/repository/org/hamcrest/hamcrest-core/1.3/hamcrest-core-1.3.jar, file:/home/tdurieux/RepairThemAll/script/../repair_tools/nopol.jar]
16:47:56.518 [main] INFO  fr.inria.lille.repair.nopol.NoPol - Statement type: PRE_THEN_COND
16:47:56.518 [main] INFO  fr.inria.lille.repair.nopol.NoPol - Args: [introclassJava.grade_cd2d9b5b_008BlackboxTest, introclassJava.grade_cd2d9b5b_008WhiteboxTest]
16:47:56.520 [main] INFO  fr.inria.lille.repair.nopol.NoPol - Config: Config{synthesisDepth=3, collectStaticMethods=true, collectStaticFields=false, collectLiterals=false, onlyOneSynthesisResult=true, sortExpressions=true, maxLineInvocationPerTest=250, timeoutMethodInvocation=2000, dataCollectionTimeoutInSecondForSynthesis=900, addWeight=0.19478, subWeight=0.04554, mulWeight=0.0102, divWeight=0.00613, andWeight=0.10597, orWeight=0.05708, eqWeight=0.22798, nEqWeight=0.0, lessEqWeight=0.0255, lessWeight=0.0947, methodCallWeight=0.1, fieldAccessWeight=0.08099, constantWeight=0.14232, variableWeight=0.05195, mode=REPAIR, type=PRE_THEN_COND, synthesis=DYNAMOTH, oracle=ANGELIC, solver=Z3, solverPath='/home/tdurieux/RepairThemAll/script/../libs/z3/build/z3', projectSources=[src/main/java], projectClasspath='[Ljava.net.URL;@2ff4f00f', projectTests=[introclassJava.grade_cd2d9b5b_008BlackboxTest, introclassJava.grade_cd2d9b5b_008WhiteboxTest], complianceLevel=7, outputFolder=., json=true}
16:47:56.521 [main] INFO  fr.inria.lille.repair.nopol.NoPol - Available processors (cores): 24
16:47:56.527 [main] INFO  fr.inria.lille.repair.nopol.NoPol - Free memory: 1 GB
16:47:56.528 [main] INFO  fr.inria.lille.repair.nopol.NoPol - Maximum memory: 3 GB
16:47:56.528 [main] INFO  fr.inria.lille.repair.nopol.NoPol - Total memory available to JVM: 1 GB
16:47:56.528 [main] INFO  fr.inria.lille.repair.nopol.NoPol - Java version: 1.8.0_181
16:47:56.529 [main] INFO  fr.inria.lille.repair.nopol.NoPol - JAVA_HOME: /usr/lib/jvm/java-1.8.0-openjdk-amd64/bin/
16:47:56.529 [main] INFO  fr.inria.lille.repair.nopol.NoPol - PATH: /usr/lib/jvm/java-1.8.0-openjdk-amd64/bin/:/usr/lib/oar/oardodo:/usr/lib/oar/oardodo:/usr/local/bin:/usr/bin:/bin:/usr/games
16:47:59.466 [pool-2-thread-1] DEBUG fr.inria.lille.repair.nopol.NoPol - statement #1
16:47:59.467 [pool-2-thread-1] DEBUG fr.inria.lille.repair.nopol.NoPol - Analysing SourceLocation introclassJava.grade_cd2d9b5b_008:79 which is executed by 6 tests
-1193998005
16:47:59.749 [pool-2-thread-1] DEBUG fr.inria.lille.repair.nopol.NoPol - looking with class fr.inria.lille.repair.nopol.spoon.smt.ConditionalAdder
org.junit.ComparisonFailure: expected:<...udentscore(percent)>[Studenthasfailedthecourse]> but was:<...udentscore(percent)>[]>
    at org.junit.Assert.assertEquals(Assert.java:115)
    at org.junit.Assert.assertEquals(Assert.java:144)
    at introclassJava.grade_cd2d9b5b_008BlackboxTest.test9(grade_cd2d9b5b_008BlackboxTest.java:86)
    at sun.reflect.NativeMethodAccessorImpl.invoke0(Native Method)
    at sun.reflect.NativeMethodAccessorImpl.invoke(NativeMethodAccessorImpl.java:62)
    at sun.reflect.DelegatingMethodAccessorImpl.invoke(DelegatingMethodAccessorImpl.java:43)
org.junit.ComparisonFailure: expected:<...udentscore(percent)>[Studenthasfailedthecourse]> but was:<...udentscore(percent)>[]>
    at org.junit.Assert.assertEquals(Assert.java:115)
    at org.junit.Assert.assertEquals(Assert.java:144)
    at introclassJava.grade_cd2d9b5b_008WhiteboxTest.test9(grade_cd2d9b5b_008WhiteboxTest.java:86)
    at sun.reflect.NativeMethodAccessorImpl.invoke0(Native Method)
    at sun.reflect.NativeMethodAccessorImpl.invoke(NativeMethodAccessorImpl.java:62)
    at sun.reflect.DelegatingMethodAccessorImpl.invoke(DelegatingMethodAccessorImpl.java:43)
16:47:59.816 [pool-4-thread-1] INFO  xxl.java.junit.TestCasesListener - Tests run finished (43 ms)
<> Total tests run: 18
<> Ignored tests: 0
<> Failed tests: 2
~ test9(introclassJava.grade_cd2d9b5b_008BlackboxTest)
[expected:<...udentscore(percent)>[Studenthasfailedthecourse]> but was:<...udentscore(percent)>[]>]
org.junit.ComparisonFailure: expected:<...udentscore(percent)>[Studenthasfailedthecourse]> but was:<...udentscore(percent)>[]>    at org.junit.Assert.assertEquals(Assert.java:115)
    at org.junit.Assert.assertEquals(Assert.java:144)
    at introclassJava.grade_cd2d9b5b_008BlackboxTest.test9(grade_cd2d9b5b_008BlackboxTest.java:86)
    at sun.reflect.NativeMethodAccessorImpl.invoke0(Native Method)
    at sun.reflect.NativeMethodAccessorImpl.invoke(NativeMethodAccessorImpl.java:62)
    at sun.reflect.DelegatingMethodAccessorImpl.invoke(DelegatingMethodAccessorImpl.java:43)
~ test9(introclassJava.grade_cd2d9b5b_008WhiteboxTest)
[expected:<...udentscore(percent)>[Studenthasfailedthecourse]> but was:<...udentscore(percent)>[]>]
org.junit.ComparisonFailure: expected:<...udentscore(percent)>[Studenthasfailedthecourse]> but was:<...udentscore(percent)>[]>    at org.junit.Assert.assertEquals(Assert.java:115)
    at org.junit.Assert.assertEquals(Assert.java:144)
    at introclassJava.grade_cd2d9b5b_008WhiteboxTest.test9(grade_cd2d9b5b_008WhiteboxTest.java:86)
    at sun.reflect.NativeMethodAccessorImpl.invoke0(Native Method)
    at sun.reflect.NativeMethodAccessorImpl.invoke(NativeMethodAccessorImpl.java:62)
    at sun.reflect.DelegatingMethodAccessorImpl.invoke(DelegatingMethodAccessorImpl.java:43)

16:48:00.284 [pool-2-thread-1] DEBUG fr.inria.lille.repair.nopol.NoPol - looking with class fr.inria.lille.repair.nopol.spoon.smt.ConditionalReplacer
org.junit.ComparisonFailure: expected:<...udentscore(percent)>[Studenthasfailedthecourse]> but was:<...udentscore(percent)>[]>
    at org.junit.Assert.assertEquals(Assert.java:115)
    at org.junit.Assert.assertEquals(Assert.java:144)
    at introclassJava.grade_cd2d9b5b_008BlackboxTest.test9(grade_cd2d9b5b_008BlackboxTest.java:86)
    at sun.reflect.NativeMethodAccessorImpl.invoke0(Native Method)
    at sun.reflect.NativeMethodAccessorImpl.invoke(NativeMethodAccessorImpl.java:62)
    at sun.reflect.DelegatingMethodAccessorImpl.invoke(DelegatingMethodAccessorImpl.java:43)
org.junit.ComparisonFailure: expected:<...udentscore(percent)>[Studenthasfailedthecourse]> but was:<...udentscore(percent)>[]>
    at org.junit.Assert.assertEquals(Assert.java:115)
    at org.junit.Assert.assertEquals(Assert.java:144)
    at introclassJava.grade_cd2d9b5b_008WhiteboxTest.test9(grade_cd2d9b5b_008WhiteboxTest.java:86)
    at sun.reflect.NativeMethodAccessorImpl.invoke0(Native Method)
    at sun.reflect.NativeMethodAccessorImpl.invoke(NativeMethodAccessorImpl.java:62)
    at sun.reflect.DelegatingMethodAccessorImpl.invoke(DelegatingMethodAccessorImpl.java:43)
16:48:00.312 [pool-10-thread-1] INFO  xxl.java.junit.TestCasesListener - Tests run finished (23 ms)
<> Total tests run: 18
<> Ignored tests: 0
<> Failed tests: 2
~ test9(introclassJava.grade_cd2d9b5b_008BlackboxTest)
[expected:<...udentscore(percent)>[Studenthasfailedthecourse]> but was:<...udentscore(percent)>[]>]
org.junit.ComparisonFailure: expected:<...udentscore(percent)>[Studenthasfailedthecourse]> but was:<...udentscore(percent)>[]>    at org.junit.Assert.assertEquals(Assert.java:115)
    at org.junit.Assert.assertEquals(Assert.java:144)
    at introclassJava.grade_cd2d9b5b_008BlackboxTest.test9(grade_cd2d9b5b_008BlackboxTest.java:86)
    at sun.reflect.NativeMethodAccessorImpl.invoke0(Native Method)
    at sun.reflect.NativeMethodAccessorImpl.invoke(NativeMethodAccessorImpl.java:62)
    at sun.reflect.DelegatingMethodAccessorImpl.invoke(DelegatingMethodAccessorImpl.java:43)
~ test9(introclassJava.grade_cd2d9b5b_008WhiteboxTest)
[expected:<...udentscore(percent)>[Studenthasfailedthecourse]> but was:<...udentscore(percent)>[]>]
org.junit.ComparisonFailure: expected:<...udentscore(percent)>[Studenthasfailedthecourse]> but was:<...udentscore(percent)>[]>    at org.junit.Assert.assertEquals(Assert.java:115)
    at org.junit.Assert.assertEquals(Assert.java:144)
    at introclassJava.grade_cd2d9b5b_008WhiteboxTest.test9(grade_cd2d9b5b_008WhiteboxTest.java:86)
    at sun.reflect.NativeMethodAccessorImpl.invoke0(Native Method)
    at sun.reflect.NativeMethodAccessorImpl.invoke(NativeMethodAccessorImpl.java:62)
    at sun.reflect.DelegatingMethodAccessorImpl.invoke(DelegatingMethodAccessorImpl.java:43)

16:48:00.427 [pool-2-thread-1] DEBUG fr.inria.lille.repair.nopol.NoPol - statement #2
16:48:00.428 [pool-2-thread-1] DEBUG fr.inria.lille.repair.nopol.NoPol - Analysing SourceLocation introclassJava.grade_cd2d9b5b_008:77 which is executed by 10 tests
-1193998005
16:48:00.500 [pool-2-thread-1] DEBUG fr.inria.lille.repair.nopol.NoPol - looking with class fr.inria.lille.repair.nopol.spoon.smt.ConditionalAdder
org.junit.ComparisonFailure: expected:<...udentscore(percent)>[Studenthasfailedthecourse]> but was:<...udentscore(percent)>[]>
    at org.junit.Assert.assertEquals(Assert.java:115)
    at org.junit.Assert.assertEquals(Assert.java:144)
    at introclassJava.grade_cd2d9b5b_008BlackboxTest.test9(grade_cd2d9b5b_008BlackboxTest.java:86)
    at sun.reflect.NativeMethodAccessorImpl.invoke0(Native Method)
    at sun.reflect.NativeMethodAccessorImpl.invoke(NativeMethodAccessorImpl.java:62)
    at sun.reflect.DelegatingMethodAccessorImpl.invoke(DelegatingMethodAccessorImpl.java:43)
org.junit.ComparisonFailure: expected:<...udentscore(percent)>[Studenthasfailedthecourse]> but was:<...udentscore(percent)>[]>
    at org.junit.Assert.assertEquals(Assert.java:115)
    at org.junit.Assert.assertEquals(Assert.java:144)
    at introclassJava.grade_cd2d9b5b_008WhiteboxTest.test9(grade_cd2d9b5b_008WhiteboxTest.java:86)
    at sun.reflect.NativeMethodAccessorImpl.invoke0(Native Method)
    at sun.reflect.NativeMethodAccessorImpl.invoke(NativeMethodAccessorImpl.java:62)
    at sun.reflect.DelegatingMethodAccessorImpl.invoke(DelegatingMethodAccessorImpl.java:43)
16:48:00.520 [pool-16-thread-1] INFO  xxl.java.junit.TestCasesListener - Tests run finished (16 ms)
<> Total tests run: 18
<> Ignored tests: 0
<> Failed tests: 2
~ test9(introclassJava.grade_cd2d9b5b_008BlackboxTest)
[expected:<...udentscore(percent)>[Studenthasfailedthecourse]> but was:<...udentscore(percent)>[]>]
org.junit.ComparisonFailure: expected:<...udentscore(percent)>[Studenthasfailedthecourse]> but was:<...udentscore(percent)>[]>    at org.junit.Assert.assertEquals(Assert.java:115)
    at org.junit.Assert.assertEquals(Assert.java:144)
    at introclassJava.grade_cd2d9b5b_008BlackboxTest.test9(grade_cd2d9b5b_008BlackboxTest.java:86)
    at sun.reflect.NativeMethodAccessorImpl.invoke0(Native Method)
    at sun.reflect.NativeMethodAccessorImpl.invoke(NativeMethodAccessorImpl.java:62)
    at sun.reflect.DelegatingMethodAccessorImpl.invoke(DelegatingMethodAccessorImpl.java:43)
~ test9(introclassJava.grade_cd2d9b5b_008WhiteboxTest)
[expected:<...udentscore(percent)>[Studenthasfailedthecourse]> but was:<...udentscore(percent)>[]>]
org.junit.ComparisonFailure: expected:<...udentscore(percent)>[Studenthasfailedthecourse]> but was:<...udentscore(percent)>[]>    at org.junit.Assert.assertEquals(Assert.java:115)
    at org.junit.Assert.assertEquals(Assert.java:144)
    at introclassJava.grade_cd2d9b5b_008WhiteboxTest.test9(grade_cd2d9b5b_008WhiteboxTest.java:86)
    at sun.reflect.NativeMethodAccessorImpl.invoke0(Native Method)
    at sun.reflect.NativeMethodAccessorImpl.invoke(NativeMethodAccessorImpl.java:62)
    at sun.reflect.DelegatingMethodAccessorImpl.invoke(DelegatingMethodAccessorImpl.java:43)

16:48:00.653 [pool-2-thread-1] DEBUG fr.inria.lille.repair.nopol.NoPol - looking with class fr.inria.lille.repair.nopol.spoon.smt.ConditionalReplacer
org.junit.ComparisonFailure: expected:<...udentscore(percent)>[Studenthasfailedthecourse]> but was:<...udentscore(percent)>[]>
    at org.junit.Assert.assertEquals(Assert.java:115)
    at org.junit.Assert.assertEquals(Assert.java:144)
    at introclassJava.grade_cd2d9b5b_008BlackboxTest.test9(grade_cd2d9b5b_008BlackboxTest.java:86)
    at sun.reflect.NativeMethodAccessorImpl.invoke0(Native Method)
    at sun.reflect.NativeMethodAccessorImpl.invoke(NativeMethodAccessorImpl.java:62)
    at sun.reflect.DelegatingMethodAccessorImpl.invoke(DelegatingMethodAccessorImpl.java:43)
org.junit.ComparisonFailure: expected:<...udentscore(percent)>[Studenthasfailedthecourse]> but was:<...udentscore(percent)>[]>
    at org.junit.Assert.assertEquals(Assert.java:115)
    at org.junit.Assert.assertEquals(Assert.java:144)
    at introclassJava.grade_cd2d9b5b_008WhiteboxTest.test9(grade_cd2d9b5b_008WhiteboxTest.java:86)
    at sun.reflect.NativeMethodAccessorImpl.invoke0(Native Method)
    at sun.reflect.NativeMethodAccessorImpl.invoke(NativeMethodAccessorImpl.java:62)
    at sun.reflect.DelegatingMethodAccessorImpl.invoke(DelegatingMethodAccessorImpl.java:43)
16:48:00.672 [pool-22-thread-1] INFO  xxl.java.junit.TestCasesListener - Tests run finished (15 ms)
<> Total tests run: 18
<> Ignored tests: 0
<> Failed tests: 2
~ test9(introclassJava.grade_cd2d9b5b_008BlackboxTest)
[expected:<...udentscore(percent)>[Studenthasfailedthecourse]> but was:<...udentscore(percent)>[]>]
org.junit.ComparisonFailure: expected:<...udentscore(percent)>[Studenthasfailedthecourse]> but was:<...udentscore(percent)>[]>    at org.junit.Assert.assertEquals(Assert.java:115)
    at org.junit.Assert.assertEquals(Assert.java:144)
    at introclassJava.grade_cd2d9b5b_008BlackboxTest.test9(grade_cd2d9b5b_008BlackboxTest.java:86)
    at sun.reflect.NativeMethodAccessorImpl.invoke0(Native Method)
    at sun.reflect.NativeMethodAccessorImpl.invoke(NativeMethodAccessorImpl.java:62)
    at sun.reflect.DelegatingMethodAccessorImpl.invoke(DelegatingMethodAccessorImpl.java:43)
~ test9(introclassJava.grade_cd2d9b5b_008WhiteboxTest)
[expected:<...udentscore(percent)>[Studenthasfailedthecourse]> but was:<...udentscore(percent)>[]>]
org.junit.ComparisonFailure: expected:<...udentscore(percent)>[Studenthasfailedthecourse]> but was:<...udentscore(percent)>[]>    at org.junit.Assert.assertEquals(Assert.java:115)
    at org.junit.Assert.assertEquals(Assert.java:144)
    at introclassJava.grade_cd2d9b5b_008WhiteboxTest.test9(grade_cd2d9b5b_008WhiteboxTest.java:86)
    at sun.reflect.NativeMethodAccessorImpl.invoke0(Native Method)
    at sun.reflect.NativeMethodAccessorImpl.invoke(NativeMethodAccessorImpl.java:62)
    at sun.reflect.DelegatingMethodAccessorImpl.invoke(DelegatingMethodAccessorImpl.java:43)

16:48:00.795 [pool-2-thread-1] DEBUG fr.inria.lille.repair.nopol.NoPol - statement #3
16:48:00.796 [pool-2-thread-1] DEBUG fr.inria.lille.repair.nopol.NoPol - Analysing SourceLocation introclassJava.grade_cd2d9b5b_008:75 which is executed by 14 tests
-1193998005
16:48:00.868 [pool-2-thread-1] DEBUG fr.inria.lille.repair.nopol.NoPol - looking with class fr.inria.lille.repair.nopol.spoon.smt.ConditionalAdder
org.junit.ComparisonFailure: expected:<...udentscore(percent)>[Studenthasfailedthecourse]> but was:<...udentscore(percent)>[]>
    at org.junit.Assert.assertEquals(Assert.java:115)
    at org.junit.Assert.assertEquals(Assert.java:144)
    at introclassJava.grade_cd2d9b5b_008BlackboxTest.test9(grade_cd2d9b5b_008BlackboxTest.java:86)
    at sun.reflect.NativeMethodAccessorImpl.invoke0(Native Method)
    at sun.reflect.NativeMethodAccessorImpl.invoke(NativeMethodAccessorImpl.java:62)
    at sun.reflect.DelegatingMethodAccessorImpl.invoke(DelegatingMethodAccessorImpl.java:43)
org.junit.ComparisonFailure: expected:<...udentscore(percent)>[Studenthasfailedthecourse]> but was:<...udentscore(percent)>[]>
    at org.junit.Assert.assertEquals(Assert.java:115)
    at org.junit.Assert.assertEquals(Assert.java:144)
    at introclassJava.grade_cd2d9b5b_008WhiteboxTest.test9(grade_cd2d9b5b_008WhiteboxTest.java:86)
    at sun.reflect.NativeMethodAccessorImpl.invoke0(Native Method)
    at sun.reflect.NativeMethodAccessorImpl.invoke(NativeMethodAccessorImpl.java:62)
    at sun.reflect.DelegatingMethodAccessorImpl.invoke(DelegatingMethodAccessorImpl.java:43)
16:48:00.882 [pool-28-thread-1] INFO  xxl.java.junit.TestCasesListener - Tests run finished (10 ms)
<> Total tests run: 18
<> Ignored tests: 0
<> Failed tests: 2
~ test9(introclassJava.grade_cd2d9b5b_008BlackboxTest)
[expected:<...udentscore(percent)>[Studenthasfailedthecourse]> but was:<...udentscore(percent)>[]>]
org.junit.ComparisonFailure: expected:<...udentscore(percent)>[Studenthasfailedthecourse]> but was:<...udentscore(percent)>[]>    at org.junit.Assert.assertEquals(Assert.java:115)
    at org.junit.Assert.assertEquals(Assert.java:144)
    at introclassJava.grade_cd2d9b5b_008BlackboxTest.test9(grade_cd2d9b5b_008BlackboxTest.java:86)
    at sun.reflect.NativeMethodAccessorImpl.invoke0(Native Method)
    at sun.reflect.NativeMethodAccessorImpl.invoke(NativeMethodAccessorImpl.java:62)
    at sun.reflect.DelegatingMethodAccessorImpl.invoke(DelegatingMethodAccessorImpl.java:43)
~ test9(introclassJava.grade_cd2d9b5b_008WhiteboxTest)
[expected:<...udentscore(percent)>[Studenthasfailedthecourse]> but was:<...udentscore(percent)>[]>]
org.junit.ComparisonFailure: expected:<...udentscore(percent)>[Studenthasfailedthecourse]> but was:<...udentscore(percent)>[]>    at org.junit.Assert.assertEquals(Assert.java:115)
    at org.junit.Assert.assertEquals(Assert.java:144)
    at introclassJava.grade_cd2d9b5b_008WhiteboxTest.test9(grade_cd2d9b5b_008WhiteboxTest.java:86)
    at sun.reflect.NativeMethodAccessorImpl.invoke0(Native Method)
    at sun.reflect.NativeMethodAccessorImpl.invoke(NativeMethodAccessorImpl.java:62)
    at sun.reflect.DelegatingMethodAccessorImpl.invoke(DelegatingMethodAccessorImpl.java:43)

16:48:00.969 [pool-2-thread-1] DEBUG fr.inria.lille.repair.nopol.NoPol - looking with class fr.inria.lille.repair.nopol.spoon.smt.ConditionalReplacer
org.junit.ComparisonFailure: expected:<...udentscore(percent)>[Studenthasfailedthecourse]> but was:<...udentscore(percent)>[]>
    at org.junit.Assert.assertEquals(Assert.java:115)
    at org.junit.Assert.assertEquals(Assert.java:144)
    at introclassJava.grade_cd2d9b5b_008BlackboxTest.test9(grade_cd2d9b5b_008BlackboxTest.java:86)
    at sun.reflect.NativeMethodAccessorImpl.invoke0(Native Method)
    at sun.reflect.NativeMethodAccessorImpl.invoke(NativeMethodAccessorImpl.java:62)
    at sun.reflect.DelegatingMethodAccessorImpl.invoke(DelegatingMethodAccessorImpl.java:43)
org.junit.ComparisonFailure: expected:<...udentscore(percent)>[Studenthasfailedthecourse]> but was:<...udentscore(percent)>[]>
    at org.junit.Assert.assertEquals(Assert.java:115)
    at org.junit.Assert.assertEquals(Assert.java:144)
    at introclassJava.grade_cd2d9b5b_008WhiteboxTest.test9(grade_cd2d9b5b_008WhiteboxTest.java:86)
    at sun.reflect.NativeMethodAccessorImpl.invoke0(Native Method)
    at sun.reflect.NativeMethodAccessorImpl.invoke(NativeMethodAccessorImpl.java:62)
    at sun.reflect.DelegatingMethodAccessorImpl.invoke(DelegatingMethodAccessorImpl.java:43)
16:48:00.984 [pool-34-thread-1] INFO  xxl.java.junit.TestCasesListener - Tests run finished (11 ms)
<> Total tests run: 18
<> Ignored tests: 0
<> Failed tests: 2
~ test9(introclassJava.grade_cd2d9b5b_008BlackboxTest)
[expected:<...udentscore(percent)>[Studenthasfailedthecourse]> but was:<...udentscore(percent)>[]>]
org.junit.ComparisonFailure: expected:<...udentscore(percent)>[Studenthasfailedthecourse]> but was:<...udentscore(percent)>[]>    at org.junit.Assert.assertEquals(Assert.java:115)
    at org.junit.Assert.assertEquals(Assert.java:144)
    at introclassJava.grade_cd2d9b5b_008BlackboxTest.test9(grade_cd2d9b5b_008BlackboxTest.java:86)
    at sun.reflect.NativeMethodAccessorImpl.invoke0(Native Method)
    at sun.reflect.NativeMethodAccessorImpl.invoke(NativeMethodAccessorImpl.java:62)
    at sun.reflect.DelegatingMethodAccessorImpl.invoke(DelegatingMethodAccessorImpl.java:43)
~ test9(introclassJava.grade_cd2d9b5b_008WhiteboxTest)
[expected:<...udentscore(percent)>[Studenthasfailedthecourse]> but was:<...udentscore(percent)>[]>]
org.junit.ComparisonFailure: expected:<...udentscore(percent)>[Studenthasfailedthecourse]> but was:<...udentscore(percent)>[]>    at org.junit.Assert.assertEquals(Assert.java:115)
    at org.junit.Assert.assertEquals(Assert.java:144)
    at introclassJava.grade_cd2d9b5b_008WhiteboxTest.test9(grade_cd2d9b5b_008WhiteboxTest.java:86)
    at sun.reflect.NativeMethodAccessorImpl.invoke0(Native Method)
    at sun.reflect.NativeMethodAccessorImpl.invoke(NativeMethodAccessorImpl.java:62)
    at sun.reflect.DelegatingMethodAccessorImpl.invoke(DelegatingMethodAccessorImpl.java:43)

16:48:01.067 [pool-2-thread-1] DEBUG fr.inria.lille.repair.nopol.NoPol - statement #4
16:48:01.067 [pool-2-thread-1] DEBUG fr.inria.lille.repair.nopol.NoPol - Analysing SourceLocation introclassJava.grade_cd2d9b5b_008:83 which is executed by 18 tests
-1193998005
16:48:01.110 [pool-2-thread-1] DEBUG fr.inria.lille.repair.nopol.NoPol - looking with class fr.inria.lille.repair.nopol.spoon.smt.ConditionalAdder
org.junit.ComparisonFailure: expected:<...udentscore(percent)>[Studenthasfailedthecourse]> but was:<...udentscore(percent)>[]>
    at org.junit.Assert.assertEquals(Assert.java:115)
    at org.junit.Assert.assertEquals(Assert.java:144)
    at introclassJava.grade_cd2d9b5b_008BlackboxTest.test9(grade_cd2d9b5b_008BlackboxTest.java:86)
    at sun.reflect.NativeMethodAccessorImpl.invoke0(Native Method)
    at sun.reflect.NativeMethodAccessorImpl.invoke(NativeMethodAccessorImpl.java:62)
    at sun.reflect.DelegatingMethodAccessorImpl.invoke(DelegatingMethodAccessorImpl.java:43)
org.junit.ComparisonFailure: expected:<...udentscore(percent)>[Studenthasfailedthecourse]> but was:<...udentscore(percent)>[]>
    at org.junit.Assert.assertEquals(Assert.java:115)
    at org.junit.Assert.assertEquals(Assert.java:144)
    at introclassJava.grade_cd2d9b5b_008WhiteboxTest.test9(grade_cd2d9b5b_008WhiteboxTest.java:86)
    at sun.reflect.NativeMethodAccessorImpl.invoke0(Native Method)
    at sun.reflect.NativeMethodAccessorImpl.invoke(NativeMethodAccessorImpl.java:62)
    at sun.reflect.DelegatingMethodAccessorImpl.invoke(DelegatingMethodAccessorImpl.java:43)
16:48:01.123 [pool-40-thread-1] INFO  xxl.java.junit.TestCasesListener - Tests run finished (10 ms)
<> Total tests run: 18
<> Ignored tests: 0
<> Failed tests: 2
~ test9(introclassJava.grade_cd2d9b5b_008BlackboxTest)
[expected:<...udentscore(percent)>[Studenthasfailedthecourse]> but was:<...udentscore(percent)>[]>]
org.junit.ComparisonFailure: expected:<...udentscore(percent)>[Studenthasfailedthecourse]> but was:<...udentscore(percent)>[]>    at org.junit.Assert.assertEquals(Assert.java:115)
    at org.junit.Assert.assertEquals(Assert.java:144)
    at introclassJava.grade_cd2d9b5b_008BlackboxTest.test9(grade_cd2d9b5b_008BlackboxTest.java:86)
    at sun.reflect.NativeMethodAccessorImpl.invoke0(Native Method)
    at sun.reflect.NativeMethodAccessorImpl.invoke(NativeMethodAccessorImpl.java:62)
    at sun.reflect.DelegatingMethodAccessorImpl.invoke(DelegatingMethodAccessorImpl.java:43)
~ test9(introclassJava.grade_cd2d9b5b_008WhiteboxTest)
[expected:<...udentscore(percent)>[Studenthasfailedthecourse]> but was:<...udentscore(percent)>[]>]
org.junit.ComparisonFailure: expected:<...udentscore(percent)>[Studenthasfailedthecourse]> but was:<...udentscore(percent)>[]>    at org.junit.Assert.assertEquals(Assert.java:115)
    at org.junit.Assert.assertEquals(Assert.java:144)
    at introclassJava.grade_cd2d9b5b_008WhiteboxTest.test9(grade_cd2d9b5b_008WhiteboxTest.java:86)
    at sun.reflect.NativeMethodAccessorImpl.invoke0(Native Method)
    at sun.reflect.NativeMethodAccessorImpl.invoke(NativeMethodAccessorImpl.java:62)
    at sun.reflect.DelegatingMethodAccessorImpl.invoke(DelegatingMethodAccessorImpl.java:43)

16:48:01.205 [pool-2-thread-1] DEBUG fr.inria.lille.repair.nopol.NoPol - statement #5
16:48:01.205 [pool-2-thread-1] DEBUG fr.inria.lille.repair.nopol.NoPol - Analysing SourceLocation introclassJava.grade_cd2d9b5b_008:73 which is executed by 18 tests
-1193998005
16:48:01.252 [pool-2-thread-1] DEBUG fr.inria.lille.repair.nopol.NoPol - looking with class fr.inria.lille.repair.nopol.spoon.smt.ConditionalAdder
org.junit.ComparisonFailure: expected:<...udentscore(percent)>[Studenthasfailedthecourse]> but was:<...udentscore(percent)>[]>
    at org.junit.Assert.assertEquals(Assert.java:115)
    at org.junit.Assert.assertEquals(Assert.java:144)
    at introclassJava.grade_cd2d9b5b_008BlackboxTest.test9(grade_cd2d9b5b_008BlackboxTest.java:86)
    at sun.reflect.NativeMethodAccessorImpl.invoke0(Native Method)
    at sun.reflect.NativeMethodAccessorImpl.invoke(NativeMethodAccessorImpl.java:62)
    at sun.reflect.DelegatingMethodAccessorImpl.invoke(DelegatingMethodAccessorImpl.java:43)
org.junit.ComparisonFailure: expected:<...udentscore(percent)>[Studenthasfailedthecourse]> but was:<...udentscore(percent)>[]>
    at org.junit.Assert.assertEquals(Assert.java:115)
    at org.junit.Assert.assertEquals(Assert.java:144)
    at introclassJava.grade_cd2d9b5b_008WhiteboxTest.test9(grade_cd2d9b5b_008WhiteboxTest.java:86)
    at sun.reflect.NativeMethodAccessorImpl.invoke0(Native Method)
    at sun.reflect.NativeMethodAccessorImpl.invoke(NativeMethodAccessorImpl.java:62)
    at sun.reflect.DelegatingMethodAccessorImpl.invoke(DelegatingMethodAccessorImpl.java:43)
16:48:01.268 [pool-46-thread-1] INFO  xxl.java.junit.TestCasesListener - Tests run finished (11 ms)
<> Total tests run: 18
<> Ignored tests: 0
<> Failed tests: 2
~ test9(introclassJava.grade_cd2d9b5b_008BlackboxTest)
[expected:<...udentscore(percent)>[Studenthasfailedthecourse]> but was:<...udentscore(percent)>[]>]
org.junit.ComparisonFailure: expected:<...udentscore(percent)>[Studenthasfailedthecourse]> but was:<...udentscore(percent)>[]>    at org.junit.Assert.assertEquals(Assert.java:115)
    at org.junit.Assert.assertEquals(Assert.java:144)
    at introclassJava.grade_cd2d9b5b_008BlackboxTest.test9(grade_cd2d9b5b_008BlackboxTest.java:86)
    at sun.reflect.NativeMethodAccessorImpl.invoke0(Native Method)
    at sun.reflect.NativeMethodAccessorImpl.invoke(NativeMethodAccessorImpl.java:62)
    at sun.reflect.DelegatingMethodAccessorImpl.invoke(DelegatingMethodAccessorImpl.java:43)
~ test9(introclassJava.grade_cd2d9b5b_008WhiteboxTest)
[expected:<...udentscore(percent)>[Studenthasfailedthecourse]> but was:<...udentscore(percent)>[]>]
org.junit.ComparisonFailure: expected:<...udentscore(percent)>[Studenthasfailedthecourse]> but was:<...udentscore(percent)>[]>    at org.junit.Assert.assertEquals(Assert.java:115)
    at org.junit.Assert.assertEquals(Assert.java:144)
    at introclassJava.grade_cd2d9b5b_008WhiteboxTest.test9(grade_cd2d9b5b_008WhiteboxTest.java:86)
    at sun.reflect.NativeMethodAccessorImpl.invoke0(Native Method)
    at sun.reflect.NativeMethodAccessorImpl.invoke(NativeMethodAccessorImpl.java:62)
    at sun.reflect.DelegatingMethodAccessorImpl.invoke(DelegatingMethodAccessorImpl.java:43)

16:48:01.350 [pool-2-thread-1] DEBUG fr.inria.lille.repair.nopol.NoPol - looking with class fr.inria.lille.repair.nopol.spoon.smt.ConditionalReplacer
org.junit.ComparisonFailure: expected:<...udentscore(percent)>[Studenthasfailedthecourse]> but was:<...udentscore(percent)>[]>
    at org.junit.Assert.assertEquals(Assert.java:115)
    at org.junit.Assert.assertEquals(Assert.java:144)
    at introclassJava.grade_cd2d9b5b_008BlackboxTest.test9(grade_cd2d9b5b_008BlackboxTest.java:86)
    at sun.reflect.NativeMethodAccessorImpl.invoke0(Native Method)
    at sun.reflect.NativeMethodAccessorImpl.invoke(NativeMethodAccessorImpl.java:62)
    at sun.reflect.DelegatingMethodAccessorImpl.invoke(DelegatingMethodAccessorImpl.java:43)
org.junit.ComparisonFailure: expected:<...udentscore(percent)>[Studenthasfailedthecourse]> but was:<...udentscore(percent)>[]>
    at org.junit.Assert.assertEquals(Assert.java:115)
    at org.junit.Assert.assertEquals(Assert.java:144)
    at introclassJava.grade_cd2d9b5b_008WhiteboxTest.test9(grade_cd2d9b5b_008WhiteboxTest.java:86)
    at sun.reflect.NativeMethodAccessorImpl.invoke0(Native Method)
    at sun.reflect.NativeMethodAccessorImpl.invoke(NativeMethodAccessorImpl.java:62)
    at sun.reflect.DelegatingMethodAccessorImpl.invoke(DelegatingMethodAccessorImpl.java:43)
16:48:01.367 [pool-52-thread-1] INFO  xxl.java.junit.TestCasesListener - Tests run finished (13 ms)
<> Total tests run: 18
<> Ignored tests: 0
<> Failed tests: 2
~ test9(introclassJava.grade_cd2d9b5b_008BlackboxTest)
[expected:<...udentscore(percent)>[Studenthasfailedthecourse]> but was:<...udentscore(percent)>[]>]
org.junit.ComparisonFailure: expected:<...udentscore(percent)>[Studenthasfailedthecourse]> but was:<...udentscore(percent)>[]>    at org.junit.Assert.assertEquals(Assert.java:115)
    at org.junit.Assert.assertEquals(Assert.java:144)
    at introclassJava.grade_cd2d9b5b_008BlackboxTest.test9(grade_cd2d9b5b_008BlackboxTest.java:86)
    at sun.reflect.NativeMethodAccessorImpl.invoke0(Native Method)
    at sun.reflect.NativeMethodAccessorImpl.invoke(NativeMethodAccessorImpl.java:62)
    at sun.reflect.DelegatingMethodAccessorImpl.invoke(DelegatingMethodAccessorImpl.java:43)
~ test9(introclassJava.grade_cd2d9b5b_008WhiteboxTest)
[expected:<...udentscore(percent)>[Studenthasfailedthecourse]> but was:<...udentscore(percent)>[]>]
org.junit.ComparisonFailure: expected:<...udentscore(percent)>[Studenthasfailedthecourse]> but was:<...udentscore(percent)>[]>    at org.junit.Assert.assertEquals(Assert.java:115)
    at org.junit.Assert.assertEquals(Assert.java:144)
    at introclassJava.grade_cd2d9b5b_008WhiteboxTest.test9(grade_cd2d9b5b_008WhiteboxTest.java:86)
    at sun.reflect.NativeMethodAccessorImpl.invoke0(Native Method)
    at sun.reflect.NativeMethodAccessorImpl.invoke(NativeMethodAccessorImpl.java:62)
    at sun.reflect.DelegatingMethodAccessorImpl.invoke(DelegatingMethodAccessorImpl.java:43)

16:48:01.468 [pool-2-thread-1] DEBUG fr.inria.lille.repair.nopol.NoPol - statement #6
16:48:01.468 [pool-2-thread-1] DEBUG fr.inria.lille.repair.nopol.NoPol - Analysing SourceLocation introclassJava.grade_cd2d9b5b_008:72 which is executed by 18 tests
-1193998005
16:48:01.511 [pool-2-thread-1] DEBUG fr.inria.lille.repair.nopol.NoPol - looking with class fr.inria.lille.repair.nopol.spoon.smt.ConditionalAdder
org.junit.ComparisonFailure: expected:<...udentscore(percent)>[Studenthasfailedthecourse]> but was:<...udentscore(percent)>[]>
    at org.junit.Assert.assertEquals(Assert.java:115)
    at org.junit.Assert.assertEquals(Assert.java:144)
    at introclassJava.grade_cd2d9b5b_008BlackboxTest.test9(grade_cd2d9b5b_008BlackboxTest.java:86)
    at sun.reflect.NativeMethodAccessorImpl.invoke0(Native Method)
    at sun.reflect.NativeMethodAccessorImpl.invoke(NativeMethodAccessorImpl.java:62)
    at sun.reflect.DelegatingMethodAccessorImpl.invoke(DelegatingMethodAccessorImpl.java:43)
org.junit.ComparisonFailure: expected:<...udentscore(percent)>[Studenthasfailedthecourse]> but was:<...udentscore(percent)>[]>
    at org.junit.Assert.assertEquals(Assert.java:115)
    at org.junit.Assert.assertEquals(Assert.java:144)
    at introclassJava.grade_cd2d9b5b_008WhiteboxTest.test9(grade_cd2d9b5b_008WhiteboxTest.java:86)
    at sun.reflect.NativeMethodAccessorImpl.invoke0(Native Method)
    at sun.reflect.NativeMethodAccessorImpl.invoke(NativeMethodAccessorImpl.java:62)
    at sun.reflect.DelegatingMethodAccessorImpl.invoke(DelegatingMethodAccessorImpl.java:43)
16:48:01.537 [pool-58-thread-1] INFO  xxl.java.junit.TestCasesListener - Tests run finished (23 ms)
<> Total tests run: 18
<> Ignored tests: 0
<> Failed tests: 2
~ test9(introclassJava.grade_cd2d9b5b_008BlackboxTest)
[expected:<...udentscore(percent)>[Studenthasfailedthecourse]> but was:<...udentscore(percent)>[]>]
org.junit.ComparisonFailure: expected:<...udentscore(percent)>[Studenthasfailedthecourse]> but was:<...udentscore(percent)>[]>    at org.junit.Assert.assertEquals(Assert.java:115)
    at org.junit.Assert.assertEquals(Assert.java:144)
    at introclassJava.grade_cd2d9b5b_008BlackboxTest.test9(grade_cd2d9b5b_008BlackboxTest.java:86)
    at sun.reflect.NativeMethodAccessorImpl.invoke0(Native Method)
    at sun.reflect.NativeMethodAccessorImpl.invoke(NativeMethodAccessorImpl.java:62)
    at sun.reflect.DelegatingMethodAccessorImpl.invoke(DelegatingMethodAccessorImpl.java:43)
~ test9(introclassJava.grade_cd2d9b5b_008WhiteboxTest)
[expected:<...udentscore(percent)>[Studenthasfailedthecourse]> but was:<...udentscore(percent)>[]>]
org.junit.ComparisonFailure: expected:<...udentscore(percent)>[Studenthasfailedthecourse]> but was:<...udentscore(percent)>[]>    at org.junit.Assert.assertEquals(Assert.java:115)
    at org.junit.Assert.assertEquals(Assert.java:144)
    at introclassJava.grade_cd2d9b5b_008WhiteboxTest.test9(grade_cd2d9b5b_008WhiteboxTest.java:86)
    at sun.reflect.NativeMethodAccessorImpl.invoke0(Native Method)
    at sun.reflect.NativeMethodAccessorImpl.invoke(NativeMethodAccessorImpl.java:62)
    at sun.reflect.DelegatingMethodAccessorImpl.invoke(DelegatingMethodAccessorImpl.java:43)

16:48:01.623 [pool-2-thread-1] DEBUG fr.inria.lille.repair.nopol.NoPol - statement #7
16:48:01.623 [pool-2-thread-1] DEBUG fr.inria.lille.repair.nopol.NoPol - Analysing SourceLocation introclassJava.grade_cd2d9b5b_008:71 which is executed by 18 tests
-1193998005
16:48:01.664 [pool-2-thread-1] DEBUG fr.inria.lille.repair.nopol.NoPol - statement #8
16:48:01.664 [pool-2-thread-1] DEBUG fr.inria.lille.repair.nopol.NoPol - Analysing SourceLocation introclassJava.grade_cd2d9b5b_008:70 which is executed by 18 tests
-1193998005
16:48:01.704 [pool-2-thread-1] DEBUG fr.inria.lille.repair.nopol.NoPol - looking with class fr.inria.lille.repair.nopol.spoon.smt.ConditionalAdder
org.junit.ComparisonFailure: expected:<...udentscore(percent)>[Studenthasfailedthecourse]> but was:<...udentscore(percent)>[]>
    at org.junit.Assert.assertEquals(Assert.java:115)
    at org.junit.Assert.assertEquals(Assert.java:144)
    at introclassJava.grade_cd2d9b5b_008BlackboxTest.test9(grade_cd2d9b5b_008BlackboxTest.java:86)
    at sun.reflect.NativeMethodAccessorImpl.invoke0(Native Method)
    at sun.reflect.NativeMethodAccessorImpl.invoke(NativeMethodAccessorImpl.java:62)
    at sun.reflect.DelegatingMethodAccessorImpl.invoke(DelegatingMethodAccessorImpl.java:43)
org.junit.ComparisonFailure: expected:<...udentscore(percent)>[Studenthasfailedthecourse]> but was:<...udentscore(percent)>[]>
    at org.junit.Assert.assertEquals(Assert.java:115)
    at org.junit.Assert.assertEquals(Assert.java:144)
    at introclassJava.grade_cd2d9b5b_008WhiteboxTest.test9(grade_cd2d9b5b_008WhiteboxTest.java:86)
    at sun.reflect.NativeMethodAccessorImpl.invoke0(Native Method)
    at sun.reflect.NativeMethodAccessorImpl.invoke(NativeMethodAccessorImpl.java:62)
    at sun.reflect.DelegatingMethodAccessorImpl.invoke(DelegatingMethodAccessorImpl.java:43)
16:48:01.716 [pool-64-thread-1] INFO  xxl.java.junit.TestCasesListener - Tests run finished (9 ms)
<> Total tests run: 18
<> Ignored tests: 0
<> Failed tests: 2
~ test9(introclassJava.grade_cd2d9b5b_008BlackboxTest)
[expected:<...udentscore(percent)>[Studenthasfailedthecourse]> but was:<...udentscore(percent)>[]>]
org.junit.ComparisonFailure: expected:<...udentscore(percent)>[Studenthasfailedthecourse]> but was:<...udentscore(percent)>[]>    at org.junit.Assert.assertEquals(Assert.java:115)
    at org.junit.Assert.assertEquals(Assert.java:144)
    at introclassJava.grade_cd2d9b5b_008BlackboxTest.test9(grade_cd2d9b5b_008BlackboxTest.java:86)
    at sun.reflect.NativeMethodAccessorImpl.invoke0(Native Method)
    at sun.reflect.NativeMethodAccessorImpl.invoke(NativeMethodAccessorImpl.java:62)
    at sun.reflect.DelegatingMethodAccessorImpl.invoke(DelegatingMethodAccessorImpl.java:43)
~ test9(introclassJava.grade_cd2d9b5b_008WhiteboxTest)
[expected:<...udentscore(percent)>[Studenthasfailedthecourse]> but was:<...udentscore(percent)>[]>]
org.junit.ComparisonFailure: expected:<...udentscore(percent)>[Studenthasfailedthecourse]> but was:<...udentscore(percent)>[]>    at org.junit.Assert.assertEquals(Assert.java:115)
    at org.junit.Assert.assertEquals(Assert.java:144)
    at introclassJava.grade_cd2d9b5b_008WhiteboxTest.test9(grade_cd2d9b5b_008WhiteboxTest.java:86)
    at sun.reflect.NativeMethodAccessorImpl.invoke0(Native Method)
    at sun.reflect.NativeMethodAccessorImpl.invoke(NativeMethodAccessorImpl.java:62)
    at sun.reflect.DelegatingMethodAccessorImpl.invoke(DelegatingMethodAccessorImpl.java:43)

16:48:01.792 [pool-2-thread-1] DEBUG fr.inria.lille.repair.nopol.NoPol - statement #9
16:48:01.792 [pool-2-thread-1] DEBUG fr.inria.lille.repair.nopol.NoPol - Analysing SourceLocation introclassJava.grade_cd2d9b5b_008:69 which is executed by 18 tests
-1193998005
16:48:01.831 [pool-2-thread-1] DEBUG fr.inria.lille.repair.nopol.NoPol - looking with class fr.inria.lille.repair.nopol.spoon.smt.ConditionalAdder
org.junit.ComparisonFailure: expected:<...udentscore(percent)>[Studenthasfailedthecourse]> but was:<...udentscore(percent)>[]>
    at org.junit.Assert.assertEquals(Assert.java:115)
    at org.junit.Assert.assertEquals(Assert.java:144)
    at introclassJava.grade_cd2d9b5b_008BlackboxTest.test9(grade_cd2d9b5b_008BlackboxTest.java:86)
    at sun.reflect.NativeMethodAccessorImpl.invoke0(Native Method)
    at sun.reflect.NativeMethodAccessorImpl.invoke(NativeMethodAccessorImpl.java:62)
    at sun.reflect.DelegatingMethodAccessorImpl.invoke(DelegatingMethodAccessorImpl.java:43)
org.junit.ComparisonFailure: expected:<...udentscore(percent)>[Studenthasfailedthecourse]> but was:<...udentscore(percent)>[]>
    at org.junit.Assert.assertEquals(Assert.java:115)
    at org.junit.Assert.assertEquals(Assert.java:144)
    at introclassJava.grade_cd2d9b5b_008WhiteboxTest.test9(grade_cd2d9b5b_008WhiteboxTest.java:86)
    at sun.reflect.NativeMethodAccessorImpl.invoke0(Native Method)
    at sun.reflect.NativeMethodAccessorImpl.invoke(NativeMethodAccessorImpl.java:62)
    at sun.reflect.DelegatingMethodAccessorImpl.invoke(DelegatingMethodAccessorImpl.java:43)
16:48:01.843 [pool-70-thread-1] INFO  xxl.java.junit.TestCasesListener - Tests run finished (9 ms)
<> Total tests run: 18
<> Ignored tests: 0
<> Failed tests: 2
~ test9(introclassJava.grade_cd2d9b5b_008BlackboxTest)
[expected:<...udentscore(percent)>[Studenthasfailedthecourse]> but was:<...udentscore(percent)>[]>]
org.junit.ComparisonFailure: expected:<...udentscore(percent)>[Studenthasfailedthecourse]> but was:<...udentscore(percent)>[]>    at org.junit.Assert.assertEquals(Assert.java:115)
    at org.junit.Assert.assertEquals(Assert.java:144)
    at introclassJava.grade_cd2d9b5b_008BlackboxTest.test9(grade_cd2d9b5b_008BlackboxTest.java:86)
    at sun.reflect.NativeMethodAccessorImpl.invoke0(Native Method)
    at sun.reflect.NativeMethodAccessorImpl.invoke(NativeMethodAccessorImpl.java:62)
    at sun.reflect.DelegatingMethodAccessorImpl.invoke(DelegatingMethodAccessorImpl.java:43)
~ test9(introclassJava.grade_cd2d9b5b_008WhiteboxTest)
[expected:<...udentscore(percent)>[Studenthasfailedthecourse]> but was:<...udentscore(percent)>[]>]
org.junit.ComparisonFailure: expected:<...udentscore(percent)>[Studenthasfailedthecourse]> but was:<...udentscore(percent)>[]>    at org.junit.Assert.assertEquals(Assert.java:115)
    at org.junit.Assert.assertEquals(Assert.java:144)
    at introclassJava.grade_cd2d9b5b_008WhiteboxTest.test9(grade_cd2d9b5b_008WhiteboxTest.java:86)
    at sun.reflect.NativeMethodAccessorImpl.invoke0(Native Method)
    at sun.reflect.NativeMethodAccessorImpl.invoke(NativeMethodAccessorImpl.java:62)
    at sun.reflect.DelegatingMethodAccessorImpl.invoke(DelegatingMethodAccessorImpl.java:43)

16:48:01.914 [pool-2-thread-1] DEBUG fr.inria.lille.repair.nopol.NoPol - statement #10
16:48:01.914 [pool-2-thread-1] DEBUG fr.inria.lille.repair.nopol.NoPol - Analysing SourceLocation introclassJava.grade_cd2d9b5b_008:68 which is executed by 18 tests
-1193998005
16:48:01.958 [pool-2-thread-1] DEBUG fr.inria.lille.repair.nopol.NoPol - looking with class fr.inria.lille.repair.nopol.spoon.smt.ConditionalAdder
org.junit.ComparisonFailure: expected:<...udentscore(percent)>[Studenthasfailedthecourse]> but was:<...udentscore(percent)>[]>
    at org.junit.Assert.assertEquals(Assert.java:115)
    at org.junit.Assert.assertEquals(Assert.java:144)
    at introclassJava.grade_cd2d9b5b_008BlackboxTest.test9(grade_cd2d9b5b_008BlackboxTest.java:86)
    at sun.reflect.NativeMethodAccessorImpl.invoke0(Native Method)
    at sun.reflect.NativeMethodAccessorImpl.invoke(NativeMethodAccessorImpl.java:62)
    at sun.reflect.DelegatingMethodAccessorImpl.invoke(DelegatingMethodAccessorImpl.java:43)
org.junit.ComparisonFailure: expected:<...udentscore(percent)>[Studenthasfailedthecourse]> but was:<...udentscore(percent)>[]>
    at org.junit.Assert.assertEquals(Assert.java:115)
    at org.junit.Assert.assertEquals(Assert.java:144)
    at introclassJava.grade_cd2d9b5b_008WhiteboxTest.test9(grade_cd2d9b5b_008WhiteboxTest.java:86)
    at sun.reflect.NativeMethodAccessorImpl.invoke0(Native Method)
    at sun.reflect.NativeMethodAccessorImpl.invoke(NativeMethodAccessorImpl.java:62)
    at sun.reflect.DelegatingMethodAccessorImpl.invoke(DelegatingMethodAccessorImpl.java:43)
16:48:01.970 [pool-76-thread-1] INFO  xxl.java.junit.TestCasesListener - Tests run finished (9 ms)
<> Total tests run: 18
<> Ignored tests: 0
<> Failed tests: 2
~ test9(introclassJava.grade_cd2d9b5b_008BlackboxTest)
[expected:<...udentscore(percent)>[Studenthasfailedthecourse]> but was:<...udentscore(percent)>[]>]
org.junit.ComparisonFailure: expected:<...udentscore(percent)>[Studenthasfailedthecourse]> but was:<...udentscore(percent)>[]>    at org.junit.Assert.assertEquals(Assert.java:115)
    at org.junit.Assert.assertEquals(Assert.java:144)
    at introclassJava.grade_cd2d9b5b_008BlackboxTest.test9(grade_cd2d9b5b_008BlackboxTest.java:86)
    at sun.reflect.NativeMethodAccessorImpl.invoke0(Native Method)
    at sun.reflect.NativeMethodAccessorImpl.invoke(NativeMethodAccessorImpl.java:62)
    at sun.reflect.DelegatingMethodAccessorImpl.invoke(DelegatingMethodAccessorImpl.java:43)
~ test9(introclassJava.grade_cd2d9b5b_008WhiteboxTest)
[expected:<...udentscore(percent)>[Studenthasfailedthecourse]> but was:<...udentscore(percent)>[]>]
org.junit.ComparisonFailure: expected:<...udentscore(percent)>[Studenthasfailedthecourse]> but was:<...udentscore(percent)>[]>    at org.junit.Assert.assertEquals(Assert.java:115)
    at org.junit.Assert.assertEquals(Assert.java:144)
    at introclassJava.grade_cd2d9b5b_008WhiteboxTest.test9(grade_cd2d9b5b_008WhiteboxTest.java:86)
    at sun.reflect.NativeMethodAccessorImpl.invoke0(Native Method)
    at sun.reflect.NativeMethodAccessorImpl.invoke(NativeMethodAccessorImpl.java:62)
    at sun.reflect.DelegatingMethodAccessorImpl.invoke(DelegatingMethodAccessorImpl.java:43)

16:48:02.041 [pool-2-thread-1] DEBUG fr.inria.lille.repair.nopol.NoPol - statement #11
16:48:02.041 [pool-2-thread-1] DEBUG fr.inria.lille.repair.nopol.NoPol - Analysing SourceLocation introclassJava.grade_cd2d9b5b_008:67 which is executed by 18 tests
-1193998005
16:48:02.084 [pool-2-thread-1] DEBUG fr.inria.lille.repair.nopol.NoPol - looking with class fr.inria.lille.repair.nopol.spoon.smt.ConditionalAdder
org.junit.ComparisonFailure: expected:<...udentscore(percent)>[Studenthasfailedthecourse]> but was:<...udentscore(percent)>[]>
    at org.junit.Assert.assertEquals(Assert.java:115)
    at org.junit.Assert.assertEquals(Assert.java:144)
    at introclassJava.grade_cd2d9b5b_008BlackboxTest.test9(grade_cd2d9b5b_008BlackboxTest.java:86)
    at sun.reflect.NativeMethodAccessorImpl.invoke0(Native Method)
    at sun.reflect.NativeMethodAccessorImpl.invoke(NativeMethodAccessorImpl.java:62)
    at sun.reflect.DelegatingMethodAccessorImpl.invoke(DelegatingMethodAccessorImpl.java:43)
org.junit.ComparisonFailure: expected:<...udentscore(percent)>[Studenthasfailedthecourse]> but was:<...udentscore(percent)>[]>
    at org.junit.Assert.assertEquals(Assert.java:115)
    at org.junit.Assert.assertEquals(Assert.java:144)
    at introclassJava.grade_cd2d9b5b_008WhiteboxTest.test9(grade_cd2d9b5b_008WhiteboxTest.java:86)
    at sun.reflect.NativeMethodAccessorImpl.invoke0(Native Method)
    at sun.reflect.NativeMethodAccessorImpl.invoke(NativeMethodAccessorImpl.java:62)
    at sun.reflect.DelegatingMethodAccessorImpl.invoke(DelegatingMethodAccessorImpl.java:43)
16:48:02.096 [pool-82-thread-1] INFO  xxl.java.junit.TestCasesListener - Tests run finished (9 ms)
<> Total tests run: 18
<> Ignored tests: 0
<> Failed tests: 2
~ test9(introclassJava.grade_cd2d9b5b_008BlackboxTest)
[expected:<...udentscore(percent)>[Studenthasfailedthecourse]> but was:<...udentscore(percent)>[]>]
org.junit.ComparisonFailure: expected:<...udentscore(percent)>[Studenthasfailedthecourse]> but was:<...udentscore(percent)>[]>    at org.junit.Assert.assertEquals(Assert.java:115)
    at org.junit.Assert.assertEquals(Assert.java:144)
    at introclassJava.grade_cd2d9b5b_008BlackboxTest.test9(grade_cd2d9b5b_008BlackboxTest.java:86)
    at sun.reflect.NativeMethodAccessorImpl.invoke0(Native Method)
    at sun.reflect.NativeMethodAccessorImpl.invoke(NativeMethodAccessorImpl.java:62)
    at sun.reflect.DelegatingMethodAccessorImpl.invoke(DelegatingMethodAccessorImpl.java:43)
~ test9(introclassJava.grade_cd2d9b5b_008WhiteboxTest)
[expected:<...udentscore(percent)>[Studenthasfailedthecourse]> but was:<...udentscore(percent)>[]>]
org.junit.ComparisonFailure: expected:<...udentscore(percent)>[Studenthasfailedthecourse]> but was:<...udentscore(percent)>[]>    at org.junit.Assert.assertEquals(Assert.java:115)
    at org.junit.Assert.assertEquals(Assert.java:144)
    at introclassJava.grade_cd2d9b5b_008WhiteboxTest.test9(grade_cd2d9b5b_008WhiteboxTest.java:86)
    at sun.reflect.NativeMethodAccessorImpl.invoke0(Native Method)
    at sun.reflect.NativeMethodAccessorImpl.invoke(NativeMethodAccessorImpl.java:62)
    at sun.reflect.DelegatingMethodAccessorImpl.invoke(DelegatingMethodAccessorImpl.java:43)

16:48:02.162 [pool-2-thread-1] DEBUG fr.inria.lille.repair.nopol.NoPol - statement #12
16:48:02.163 [pool-2-thread-1] DEBUG fr.inria.lille.repair.nopol.NoPol - Analysing SourceLocation introclassJava.grade_cd2d9b5b_008:66 which is executed by 18 tests
-1193998005
16:48:02.202 [pool-2-thread-1] DEBUG fr.inria.lille.repair.nopol.NoPol - looking with class fr.inria.lille.repair.nopol.spoon.smt.ConditionalAdder
org.junit.ComparisonFailure: expected:<...udentscore(percent)>[Studenthasfailedthecourse]> but was:<...udentscore(percent)>[]>
    at org.junit.Assert.assertEquals(Assert.java:115)
    at org.junit.Assert.assertEquals(Assert.java:144)
    at introclassJava.grade_cd2d9b5b_008BlackboxTest.test9(grade_cd2d9b5b_008BlackboxTest.java:86)
    at sun.reflect.NativeMethodAccessorImpl.invoke0(Native Method)
    at sun.reflect.NativeMethodAccessorImpl.invoke(NativeMethodAccessorImpl.java:62)
    at sun.reflect.DelegatingMethodAccessorImpl.invoke(DelegatingMethodAccessorImpl.java:43)
org.junit.ComparisonFailure: expected:<...udentscore(percent)>[Studenthasfailedthecourse]> but was:<...udentscore(percent)>[]>
    at org.junit.Assert.assertEquals(Assert.java:115)
    at org.junit.Assert.assertEquals(Assert.java:144)
    at introclassJava.grade_cd2d9b5b_008WhiteboxTest.test9(grade_cd2d9b5b_008WhiteboxTest.java:86)
    at sun.reflect.NativeMethodAccessorImpl.invoke0(Native Method)
    at sun.reflect.NativeMethodAccessorImpl.invoke(NativeMethodAccessorImpl.java:62)
    at sun.reflect.DelegatingMethodAccessorImpl.invoke(DelegatingMethodAccessorImpl.java:43)
16:48:02.223 [pool-88-thread-1] INFO  xxl.java.junit.TestCasesListener - Tests run finished (18 ms)
<> Total tests run: 18
<> Ignored tests: 0
<> Failed tests: 2
~ test9(introclassJava.grade_cd2d9b5b_008BlackboxTest)
[expected:<...udentscore(percent)>[Studenthasfailedthecourse]> but was:<...udentscore(percent)>[]>]
org.junit.ComparisonFailure: expected:<...udentscore(percent)>[Studenthasfailedthecourse]> but was:<...udentscore(percent)>[]>    at org.junit.Assert.assertEquals(Assert.java:115)
    at org.junit.Assert.assertEquals(Assert.java:144)
    at introclassJava.grade_cd2d9b5b_008BlackboxTest.test9(grade_cd2d9b5b_008BlackboxTest.java:86)
    at sun.reflect.NativeMethodAccessorImpl.invoke0(Native Method)
    at sun.reflect.NativeMethodAccessorImpl.invoke(NativeMethodAccessorImpl.java:62)
    at sun.reflect.DelegatingMethodAccessorImpl.invoke(DelegatingMethodAccessorImpl.java:43)
~ test9(introclassJava.grade_cd2d9b5b_008WhiteboxTest)
[expected:<...udentscore(percent)>[Studenthasfailedthecourse]> but was:<...udentscore(percent)>[]>]
org.junit.ComparisonFailure: expected:<...udentscore(percent)>[Studenthasfailedthecourse]> but was:<...udentscore(percent)>[]>    at org.junit.Assert.assertEquals(Assert.java:115)
    at org.junit.Assert.assertEquals(Assert.java:144)
    at introclassJava.grade_cd2d9b5b_008WhiteboxTest.test9(grade_cd2d9b5b_008WhiteboxTest.java:86)
    at sun.reflect.NativeMethodAccessorImpl.invoke0(Native Method)
    at sun.reflect.NativeMethodAccessorImpl.invoke(NativeMethodAccessorImpl.java:62)
    at sun.reflect.DelegatingMethodAccessorImpl.invoke(DelegatingMethodAccessorImpl.java:43)

16:48:02.292 [pool-2-thread-1] DEBUG fr.inria.lille.repair.nopol.NoPol - statement #13
16:48:02.292 [pool-2-thread-1] DEBUG fr.inria.lille.repair.nopol.NoPol - Analysing SourceLocation introclassJava.grade_cd2d9b5b_008:65 which is executed by 18 tests
-1193998005
16:48:02.330 [pool-2-thread-1] DEBUG fr.inria.lille.repair.nopol.NoPol - statement #14
16:48:02.330 [pool-2-thread-1] DEBUG fr.inria.lille.repair.nopol.NoPol - Analysing SourceLocation introclassJava.grade_cd2d9b5b_008:63 which is executed by 18 tests
-1193998005
16:48:02.367 [pool-2-thread-1] DEBUG fr.inria.lille.repair.nopol.NoPol - looking with class fr.inria.lille.repair.nopol.spoon.smt.ConditionalAdder
org.junit.ComparisonFailure: expected:<...udentscore(percent)>[Studenthasfailedthecourse]> but was:<...udentscore(percent)>[]>
    at org.junit.Assert.assertEquals(Assert.java:115)
    at org.junit.Assert.assertEquals(Assert.java:144)
    at introclassJava.grade_cd2d9b5b_008BlackboxTest.test9(grade_cd2d9b5b_008BlackboxTest.java:86)
    at sun.reflect.NativeMethodAccessorImpl.invoke0(Native Method)
    at sun.reflect.NativeMethodAccessorImpl.invoke(NativeMethodAccessorImpl.java:62)
    at sun.reflect.DelegatingMethodAccessorImpl.invoke(DelegatingMethodAccessorImpl.java:43)
org.junit.ComparisonFailure: expected:<...udentscore(percent)>[Studenthasfailedthecourse]> but was:<...udentscore(percent)>[]>
    at org.junit.Assert.assertEquals(Assert.java:115)
    at org.junit.Assert.assertEquals(Assert.java:144)
    at introclassJava.grade_cd2d9b5b_008WhiteboxTest.test9(grade_cd2d9b5b_008WhiteboxTest.java:86)
    at sun.reflect.NativeMethodAccessorImpl.invoke0(Native Method)
    at sun.reflect.NativeMethodAccessorImpl.invoke(NativeMethodAccessorImpl.java:62)
    at sun.reflect.DelegatingMethodAccessorImpl.invoke(DelegatingMethodAccessorImpl.java:43)
16:48:02.379 [pool-94-thread-1] INFO  xxl.java.junit.TestCasesListener - Tests run finished (9 ms)
<> Total tests run: 18
<> Ignored tests: 0
<> Failed tests: 2
~ test9(introclassJava.grade_cd2d9b5b_008BlackboxTest)
[expected:<...udentscore(percent)>[Studenthasfailedthecourse]> but was:<...udentscore(percent)>[]>]
org.junit.ComparisonFailure: expected:<...udentscore(percent)>[Studenthasfailedthecourse]> but was:<...udentscore(percent)>[]>    at org.junit.Assert.assertEquals(Assert.java:115)
    at org.junit.Assert.assertEquals(Assert.java:144)
    at introclassJava.grade_cd2d9b5b_008BlackboxTest.test9(grade_cd2d9b5b_008BlackboxTest.java:86)
    at sun.reflect.NativeMethodAccessorImpl.invoke0(Native Method)
    at sun.reflect.NativeMethodAccessorImpl.invoke(NativeMethodAccessorImpl.java:62)
    at sun.reflect.DelegatingMethodAccessorImpl.invoke(DelegatingMethodAccessorImpl.java:43)
~ test9(introclassJava.grade_cd2d9b5b_008WhiteboxTest)
[expected:<...udentscore(percent)>[Studenthasfailedthecourse]> but was:<...udentscore(percent)>[]>]
org.junit.ComparisonFailure: expected:<...udentscore(percent)>[Studenthasfailedthecourse]> but was:<...udentscore(percent)>[]>    at org.junit.Assert.assertEquals(Assert.java:115)
    at org.junit.Assert.assertEquals(Assert.java:144)
    at introclassJava.grade_cd2d9b5b_008WhiteboxTest.test9(grade_cd2d9b5b_008WhiteboxTest.java:86)
    at sun.reflect.NativeMethodAccessorImpl.invoke0(Native Method)
    at sun.reflect.NativeMethodAccessorImpl.invoke(NativeMethodAccessorImpl.java:62)
    at sun.reflect.DelegatingMethodAccessorImpl.invoke(DelegatingMethodAccessorImpl.java:43)

16:48:02.445 [pool-2-thread-1] DEBUG fr.inria.lille.repair.nopol.NoPol - statement #15
16:48:02.445 [pool-2-thread-1] DEBUG fr.inria.lille.repair.nopol.NoPol - Analysing SourceLocation introclassJava.grade_cd2d9b5b_008:62 which is executed by 18 tests
-1193998005
16:48:02.481 [pool-2-thread-1] DEBUG fr.inria.lille.repair.nopol.NoPol - statement #16
16:48:02.482 [pool-2-thread-1] DEBUG fr.inria.lille.repair.nopol.NoPol - Analysing SourceLocation introclassJava.grade_cd2d9b5b_008:61 which is executed by 18 tests
-1193998005
16:48:02.519 [pool-2-thread-1] DEBUG fr.inria.lille.repair.nopol.NoPol - statement #17
16:48:02.519 [pool-2-thread-1] DEBUG fr.inria.lille.repair.nopol.NoPol - Analysing SourceLocation introclassJava.grade_cd2d9b5b_008:60 which is executed by 18 tests
-1193998005
16:48:02.555 [pool-2-thread-1] INFO  fr.inria.lille.repair.nopol.NoPol - ----INFORMATION----
16:48:02.561 [pool-2-thread-1] INFO  fr.inria.lille.repair.nopol.NoPol - Nb classes : 6
16:48:02.561 [pool-2-thread-1] INFO  fr.inria.lille.repair.nopol.NoPol - Nb methods : 2
16:48:02.561 [pool-2-thread-1] INFO  fr.inria.lille.repair.nopol.NoPol - Nb Statements Analyzed : 16
16:48:02.561 [pool-2-thread-1] INFO  fr.inria.lille.repair.nopol.NoPol - Nb Statements with Angelic Value Found : 0
16:48:02.561 [pool-2-thread-1] INFO  fr.inria.lille.repair.nopol.NoPol - NoPol Execution time : 6054ms
16:48:02.561 [pool-2-thread-1] INFO  fr.inria.lille.repair.nopol.NoPol - 
NO_ANGELIC_VALUE
Command exited with non-zero status 255
16.36user 1.16system 0:07.20elapsed 243%CPU (0avgtext+0avgdata 621880maxresident)k
46360inputs+5264outputs (3major+211740minor)pagefaults 0swaps


Node: uvb-4.sophia.grid5000.fr



Date: Wed Dec  5 16:48:02 EST 2018

