cd /tmp/Nopol_Bears_smallcreep-cucumber-seeds_442531821-442559338;
export JAVA_TOOL_OPTIONS="-Dfile.encoding=UTF8 -Duser.language=en-US -Duser.country=US -Duser.language=en";
TZ="America/New_York"; export TZ;
export PATH="/usr/lib/jvm/java-1.8.0-openjdk-amd64/bin/:$PATH";
export JAVA_HOME="/usr/lib/jvm/java-1.8.0-openjdk-amd64/bin/";
time java -Xmx4g -Xms1g -cp /home/tdurieux/defects4j4repair/script/../repair_tools/nopol.jar:/usr/lib/jvm/java-1.8.0-openjdk-amd64/bin//../lib/tools.jar fr.inria.lille.repair.Main \
	--mode repair \
	--type pre_then_cond \
	--oracle angelic \
	--synthesis smt \
	--flocal gzoltar \
	--json \
	--solver z3 \
	--solver-path /home/tdurieux/defects4j4repair/script/../libs/z3/build/z3 \
	--complianceLevel 6 \
	--source seeds-core/src/main/java \
	--classpath "seeds-core/target/classes:seeds-core/target/test-classes:/tmp/Nopol_Bears_smallcreep-cucumber-seeds_442531821-442559338/seeds-db/target/classes:/home/tdurieux/.m2/repository/net/bytebuddy/byte-buddy/1.7.4/byte-buddy-1.7.4.jar:/home/tdurieux/.m2/repository/org/apache/maven/maven-project/2.0.4/maven-project-2.0.4.jar:/home/tdurieux/.m2/repository/batik/batik-dom/1.6-1/batik-dom-1.6-1.jar:/home/tdurieux/.m2/repository/commons-validator/commons-validator/1.2.0/commons-validator-1.2.0.jar:/home/tdurieux/.m2/repository/org/hamcrest/hamcrest-library/1.3/hamcrest-library-1.3.jar:/home/tdurieux/.m2/repository/postgresql/postgresql/9.1-901-1.jdbc4/postgresql-9.1-901-1.jdbc4.jar:/home/tdurieux/.m2/repository/javax/validation/validation-api/2.0.0.Final/validation-api-2.0.0.Final.jar:/home/tdurieux/.m2/repository/org/apache/maven/doxia/doxia-site-renderer/1.0/doxia-site-renderer-1.0.jar:/home/tdurieux/.m2/repository/com/github/mkolisnyk/cucumber-report-generator/1.3.5/cucumber-report-generator-1.3.5.jar:/home/tdurieux/.m2/repository/org/apache/commons/commons-lang3/3.6/commons-lang3-3.6.jar:/home/tdurieux/.m2/repository/org/aspectj/aspectjrt/1.8.11/aspectjrt-1.8.11.jar:/home/tdurieux/.m2/repository/org/apache/maven/doxia/doxia-module-apt/1.0/doxia-module-apt-1.0.jar:/home/tdurieux/.m2/repository/commons-lang/commons-lang/2.1/commons-lang-2.1.jar:/home/tdurieux/.m2/repository/commons-collections/commons-collections/3.2/commons-collections-3.2.jar:/home/tdurieux/.m2/repository/org/apache/maven/doxia/doxia-sink-api/1.0-alpha-9/doxia-sink-api-1.0-alpha-9.jar:/home/tdurieux/.m2/repository/batik/batik-css/1.6-1/batik-css-1.6-1.jar:/home/tdurieux/.m2/repository/batik/batik-bridge/1.6-1/batik-bridge-1.6-1.jar:/home/tdurieux/.m2/repository/org/bouncycastle/bctsp-jdk14/1.38/bctsp-jdk14-1.38.jar:/home/tdurieux/.m2/repository/com/jcabi/jcabi-jdbc/0.17.1/jcabi-jdbc-0.17.1.jar:/home/tdurieux/.m2/repository/info/cukes/cucumber-html/0.2.3/cucumber-html-0.2.3.jar:/home/tdurieux/.m2/repository/org/apache/maven/maven-model/2.0.4/maven-model-2.0.4.jar:/home/tdurieux/.m2/repository/org/codehaus/plexus/plexus-container-default/1.0-alpha-9/plexus-container-default-1.0-alpha-9.jar:/home/tdurieux/.m2/repository/batik/batik-transcoder/1.6-1/batik-transcoder-1.6-1.jar:/home/tdurieux/.m2/repository/batik/batik-ext/1.6-1/batik-ext-1.6-1.jar:/home/tdurieux/.m2/repository/org/xhtmlrenderer/flying-saucer-pdf/9.1.7/flying-saucer-pdf-9.1.7.jar:/home/tdurieux/.m2/repository/org/projectlombok/lombok/1.18.2/lombok-1.18.2.jar:/home/tdurieux/.m2/repository/batik/batik-parser/1.6-1/batik-parser-1.6-1.jar:/home/tdurieux/.m2/repository/org/cactoos/cactoos/0.36/cactoos-0.36.jar:/home/tdurieux/.m2/repository/org/apache/maven/doxia/doxia-core/1.0/doxia-core-1.0.jar:/home/tdurieux/.m2/repository/info/cukes/cucumber-java/1.2.5/cucumber-java-1.2.5.jar:/home/tdurieux/.m2/repository/org/javassist/javassist/3.22.0-CR2/javassist-3.22.0-CR2.jar:/home/tdurieux/.m2/repository/org/apache/maven/maven-settings/2.0.4/maven-settings-2.0.4.jar:/home/tdurieux/.m2/repository/org/apache/maven/doxia/doxia-module-xdoc/1.0/doxia-module-xdoc-1.0.jar:/home/tdurieux/.m2/repository/org/apache/maven/doxia/doxia-module-xhtml/1.0/doxia-module-xhtml-1.0.jar:/home/tdurieux/.m2/repository/org/objenesis/objenesis/2.6/objenesis-2.6.jar:/home/tdurieux/.m2/repository/batik/batik-script/1.6-1/batik-script-1.6-1.jar:/home/tdurieux/.m2/repository/com/github/mkolisnyk/cucumber-runner/1.3.5/cucumber-runner-1.3.5.jar:/home/tdurieux/.m2/repository/org/apache/maven/wagon/wagon-provider-api/1.0-alpha-6/wagon-provider-api-1.0-alpha-6.jar:/home/tdurieux/.m2/repository/info/cukes/cucumber-junit/1.2.5/cucumber-junit-1.2.5.jar:/home/tdurieux/.m2/repository/joda-time/joda-time/2.9.9/joda-time-2.9.9.jar:/home/tdurieux/.m2/repository/org/freemarker/freemarker/2.3.26-incubating/freemarker-2.3.26-incubating.jar:/home/tdurieux/.m2/repository/rhino/js/1.5R4.1/js-1.5R4.1.jar:/home/tdurieux/.m2/repository/org/codehaus/plexus/plexus-velocity/1.1.7/plexus-velocity-1.1.7.jar:/home/tdurieux/.m2/repository/info/cukes/gherkin/2.12.2/gherkin-2.12.2.jar:/home/tdurieux/.m2/repository/com/cedarsoftware/json-io/4.9.12/json-io-4.9.12.jar:/home/tdurieux/.m2/repository/classworlds/classworlds/1.1-alpha-2/classworlds-1.1-alpha-2.jar:/home/tdurieux/.m2/repository/org/apache/maven/maven-profile/2.0.4/maven-profile-2.0.4.jar:/home/tdurieux/.m2/repository/nl/jqno/equalsverifier/equalsverifier/3.0/equalsverifier-3.0.jar:/home/tdurieux/.m2/repository/org/apache/maven/maven-artifact-manager/2.0.4/maven-artifact-manager-2.0.4.jar:/home/tdurieux/.m2/repository/com/github/smallcreep/cucumber/seeds-db/0.0.1-SNAPSHOT/seeds-db-0.0.1-SNAPSHOT.jar:/home/tdurieux/.m2/repository/net/bytebuddy/byte-buddy-agent/1.7.4/byte-buddy-agent-1.7.4.jar:/home/tdurieux/.m2/repository/org/slf4j/slf4j-api/1.7.5/slf4j-api-1.7.5.jar:/home/tdurieux/.m2/repository/batik/batik-gvt/1.6-1/batik-gvt-1.6-1.jar:/home/tdurieux/.m2/repository/org/apache/maven/reporting/maven-reporting-impl/2.0.4.3/maven-reporting-impl-2.0.4.3.jar:/home/tdurieux/.m2/repository/batik/batik-svg-dom/1.6-1/batik-svg-dom-1.6-1.jar:/home/tdurieux/.m2/repository/org/beanshell/bsh/2.0b4/bsh-2.0b4.jar:/home/tdurieux/.m2/repository/info/cukes/cucumber-core/1.2.5/cucumber-core-1.2.5.jar:/home/tdurieux/.m2/repository/org/xhtmlrenderer/flying-saucer-core/9.1.7/flying-saucer-core-9.1.7.jar:/home/tdurieux/.m2/repository/com/beust/jcommander/1.48/jcommander-1.48.jar:/home/tdurieux/.m2/repository/org/codehaus/plexus/plexus-utils/3.0.1/plexus-utils-3.0.1.jar:/home/tdurieux/.m2/repository/commons-digester/commons-digester/1.6/commons-digester-1.6.jar:/home/tdurieux/.m2/repository/commons-logging/commons-logging/1.0.4/commons-logging-1.0.4.jar:/home/tdurieux/.m2/repository/info/cukes/cucumber-testng/1.2.5/cucumber-testng-1.2.5.jar:/home/tdurieux/.m2/repository/org/slf4j/slf4j-api/1.7.2/slf4j-api-1.7.2.jar:/home/tdurieux/.m2/repository/com/github/smallcreep/cucumber/seeds-core/0.0.1-SNAPSHOT/seeds-core-0.0.1-SNAPSHOT.jar:/home/tdurieux/.m2/repository/org/hamcrest/hamcrest-core/1.3/hamcrest-core-1.3.jar:/home/tdurieux/.m2/repository/org/apache/maven/doxia/doxia-module-fml/1.0/doxia-module-fml-1.0.jar:/home/tdurieux/.m2/repository/org/apache/maven/maven-plugin-api/2.0/maven-plugin-api-2.0.jar:/home/tdurieux/.m2/repository/com/jcabi/jcabi-aspects/0.22.6/jcabi-aspects-0.22.6.jar:/home/tdurieux/.m2/repository/batik/batik-gui-util/1.6-1/batik-gui-util-1.6-1.jar:/home/tdurieux/.m2/repository/com/lowagie/itext/2.1.7/itext-2.1.7.jar:/home/tdurieux/.m2/repository/org/apache/maven/doxia/doxia-decoration-model/1.0/doxia-decoration-model-1.0.jar:/home/tdurieux/.m2/repository/commons-io/commons-io/2.5/commons-io-2.5.jar:/home/tdurieux/.m2/repository/com/jcabi/jcabi-log/0.17.2/jcabi-log-0.17.2.jar:/home/tdurieux/.m2/repository/org/apache/maven/shared/maven-doxia-tools/1.0.2/maven-doxia-tools-1.0.2.jar:/home/tdurieux/.m2/repository/org/apache/maven/maven-repository-metadata/2.0.4/maven-repository-metadata-2.0.4.jar:/home/tdurieux/.m2/repository/commons-codec/commons-codec/1.10/commons-codec-1.10.jar:/home/tdurieux/.m2/repository/org/apache/velocity/velocity/1.5/velocity-1.5.jar:/home/tdurieux/.m2/repository/junit/junit/4.12/junit-4.12.jar:/home/tdurieux/.m2/repository/com/google/guava/guava/20.0/guava-20.0.jar:/home/tdurieux/.m2/repository/xml-apis/xml-apis/1.4.01/xml-apis-1.4.01.jar:/home/tdurieux/.m2/repository/org/apache/maven/maven-artifact/2.0.4/maven-artifact-2.0.4.jar:/home/tdurieux/.m2/repository/org/codehaus/plexus/plexus-i18n/1.0-beta-7/plexus-i18n-1.0-beta-7.jar:/home/tdurieux/.m2/repository/batik/batik-xml/1.6-1/batik-xml-1.6-1.jar:/home/tdurieux/.m2/repository/oro/oro/2.0.8/oro-2.0.8.jar:/home/tdurieux/.m2/repository/org/mockito/mockito-core/2.10.0/mockito-core-2.10.0.jar:/home/tdurieux/.m2/repository/batik/batik-util/1.6-1/batik-util-1.6-1.jar:/home/tdurieux/.m2/repository/org/testng/testng/6.9.10/testng-6.9.10.jar:/home/tdurieux/.m2/repository/com/jolbox/bonecp/0.8.0.RELEASE/bonecp-0.8.0.RELEASE.jar:/home/tdurieux/.m2/repository/batik/batik-awt-util/1.6-1/batik-awt-util-1.6-1.jar:/home/tdurieux/.m2/repository/com/itextpdf/itextpdf/5.5.11/itextpdf-5.5.11.jar:/home/tdurieux/.m2/repository/org/apache/maven/reporting/maven-reporting-api/2.0.8/maven-reporting-api-2.0.8.jar:/home/tdurieux/.m2/repository/info/cukes/cucumber-jvm-deps/1.0.5/cucumber-jvm-deps-1.0.5.jar:/home/tdurieux/.m2/repository/xerces/xercesImpl/2.5.0/xercesImpl-2.5.0.jar:/home/tdurieux/.m2/repository/com/jcabi/jcabi-jdbc/0.16/jcabi-jdbc-0.16.jar:/home/tdurieux/defects4j4repair/script/../repair_tools/nopol.jar";
	echo "\n\nNode: `hostname`\n";
	echo "\n\nDate: `date`\n";
Picked up JAVA_TOOL_OPTIONS: -Dfile.encoding=UTF8 -Duser.language=en-US -Duser.country=US -Duser.language=en
16:26:08.259 [main] INFO  fr.inria.lille.repair.nopol.NoPol - Source files: [seeds-core/src/main/java]
16:26:08.262 [main] INFO  fr.inria.lille.repair.nopol.NoPol - Classpath: [file:/tmp/Nopol_Bears_smallcreep-cucumber-seeds_442531821-442559338/seeds-core/target/classes/, file:/tmp/Nopol_Bears_smallcreep-cucumber-seeds_442531821-442559338/seeds-core/target/test-classes/, file:/tmp/Nopol_Bears_smallcreep-cucumber-seeds_442531821-442559338/seeds-db/target/classes/, file:/home/tdurieux/.m2/repository/net/bytebuddy/byte-buddy/1.7.4/byte-buddy-1.7.4.jar, file:/home/tdurieux/.m2/repository/org/apache/maven/maven-project/2.0.4/maven-project-2.0.4.jar, file:/home/tdurieux/.m2/repository/batik/batik-dom/1.6-1/batik-dom-1.6-1.jar, file:/home/tdurieux/.m2/repository/commons-validator/commons-validator/1.2.0/commons-validator-1.2.0.jar, file:/home/tdurieux/.m2/repository/org/hamcrest/hamcrest-library/1.3/hamcrest-library-1.3.jar, file:/home/tdurieux/.m2/repository/postgresql/postgresql/9.1-901-1.jdbc4/postgresql-9.1-901-1.jdbc4.jar, file:/home/tdurieux/.m2/repository/javax/validation/validation-api/2.0.0.Final/validation-api-2.0.0.Final.jar, file:/home/tdurieux/.m2/repository/org/apache/maven/doxia/doxia-site-renderer/1.0/doxia-site-renderer-1.0.jar, file:/home/tdurieux/.m2/repository/com/github/mkolisnyk/cucumber-report-generator/1.3.5/cucumber-report-generator-1.3.5.jar, file:/home/tdurieux/.m2/repository/org/apache/commons/commons-lang3/3.6/commons-lang3-3.6.jar, file:/home/tdurieux/.m2/repository/org/aspectj/aspectjrt/1.8.11/aspectjrt-1.8.11.jar, file:/home/tdurieux/.m2/repository/org/apache/maven/doxia/doxia-module-apt/1.0/doxia-module-apt-1.0.jar, file:/home/tdurieux/.m2/repository/commons-lang/commons-lang/2.1/commons-lang-2.1.jar, file:/home/tdurieux/.m2/repository/commons-collections/commons-collections/3.2/commons-collections-3.2.jar, file:/home/tdurieux/.m2/repository/org/apache/maven/doxia/doxia-sink-api/1.0-alpha-9/doxia-sink-api-1.0-alpha-9.jar, file:/home/tdurieux/.m2/repository/batik/batik-css/1.6-1/batik-css-1.6-1.jar, file:/home/tdurieux/.m2/repository/batik/batik-bridge/1.6-1/batik-bridge-1.6-1.jar, file:/home/tdurieux/.m2/repository/org/bouncycastle/bctsp-jdk14/1.38/bctsp-jdk14-1.38.jar, file:/home/tdurieux/.m2/repository/com/jcabi/jcabi-jdbc/0.17.1/jcabi-jdbc-0.17.1.jar, file:/home/tdurieux/.m2/repository/info/cukes/cucumber-html/0.2.3/cucumber-html-0.2.3.jar, file:/home/tdurieux/.m2/repository/org/apache/maven/maven-model/2.0.4/maven-model-2.0.4.jar, file:/home/tdurieux/.m2/repository/org/codehaus/plexus/plexus-container-default/1.0-alpha-9/plexus-container-default-1.0-alpha-9.jar, file:/home/tdurieux/.m2/repository/batik/batik-transcoder/1.6-1/batik-transcoder-1.6-1.jar, file:/home/tdurieux/.m2/repository/batik/batik-ext/1.6-1/batik-ext-1.6-1.jar, file:/home/tdurieux/.m2/repository/org/xhtmlrenderer/flying-saucer-pdf/9.1.7/flying-saucer-pdf-9.1.7.jar, file:/home/tdurieux/.m2/repository/org/projectlombok/lombok/1.18.2/lombok-1.18.2.jar, file:/home/tdurieux/.m2/repository/batik/batik-parser/1.6-1/batik-parser-1.6-1.jar, file:/home/tdurieux/.m2/repository/org/cactoos/cactoos/0.36/cactoos-0.36.jar, file:/home/tdurieux/.m2/repository/org/apache/maven/doxia/doxia-core/1.0/doxia-core-1.0.jar, file:/home/tdurieux/.m2/repository/info/cukes/cucumber-java/1.2.5/cucumber-java-1.2.5.jar, file:/home/tdurieux/.m2/repository/org/javassist/javassist/3.22.0-CR2/javassist-3.22.0-CR2.jar, file:/home/tdurieux/.m2/repository/org/apache/maven/maven-settings/2.0.4/maven-settings-2.0.4.jar, file:/home/tdurieux/.m2/repository/org/apache/maven/doxia/doxia-module-xdoc/1.0/doxia-module-xdoc-1.0.jar, file:/home/tdurieux/.m2/repository/org/apache/maven/doxia/doxia-module-xhtml/1.0/doxia-module-xhtml-1.0.jar, file:/home/tdurieux/.m2/repository/org/objenesis/objenesis/2.6/objenesis-2.6.jar, file:/home/tdurieux/.m2/repository/batik/batik-script/1.6-1/batik-script-1.6-1.jar, file:/home/tdurieux/.m2/repository/com/github/mkolisnyk/cucumber-runner/1.3.5/cucumber-runner-1.3.5.jar, file:/home/tdurieux/.m2/repository/org/apache/maven/wagon/wagon-provider-api/1.0-alpha-6/wagon-provider-api-1.0-alpha-6.jar, file:/home/tdurieux/.m2/repository/info/cukes/cucumber-junit/1.2.5/cucumber-junit-1.2.5.jar, file:/home/tdurieux/.m2/repository/joda-time/joda-time/2.9.9/joda-time-2.9.9.jar, file:/home/tdurieux/.m2/repository/org/freemarker/freemarker/2.3.26-incubating/freemarker-2.3.26-incubating.jar, file:/home/tdurieux/.m2/repository/rhino/js/1.5R4.1/js-1.5R4.1.jar, file:/home/tdurieux/.m2/repository/org/codehaus/plexus/plexus-velocity/1.1.7/plexus-velocity-1.1.7.jar, file:/home/tdurieux/.m2/repository/info/cukes/gherkin/2.12.2/gherkin-2.12.2.jar, file:/home/tdurieux/.m2/repository/com/cedarsoftware/json-io/4.9.12/json-io-4.9.12.jar, file:/home/tdurieux/.m2/repository/classworlds/classworlds/1.1-alpha-2/classworlds-1.1-alpha-2.jar, file:/home/tdurieux/.m2/repository/org/apache/maven/maven-profile/2.0.4/maven-profile-2.0.4.jar, file:/home/tdurieux/.m2/repository/nl/jqno/equalsverifier/equalsverifier/3.0/equalsverifier-3.0.jar, file:/home/tdurieux/.m2/repository/org/apache/maven/maven-artifact-manager/2.0.4/maven-artifact-manager-2.0.4.jar, file:/home/tdurieux/.m2/repository/com/github/smallcreep/cucumber/seeds-db/0.0.1-SNAPSHOT/seeds-db-0.0.1-SNAPSHOT.jar, file:/home/tdurieux/.m2/repository/net/bytebuddy/byte-buddy-agent/1.7.4/byte-buddy-agent-1.7.4.jar, file:/home/tdurieux/.m2/repository/org/slf4j/slf4j-api/1.7.5/slf4j-api-1.7.5.jar, file:/home/tdurieux/.m2/repository/batik/batik-gvt/1.6-1/batik-gvt-1.6-1.jar, file:/home/tdurieux/.m2/repository/org/apache/maven/reporting/maven-reporting-impl/2.0.4.3/maven-reporting-impl-2.0.4.3.jar, file:/home/tdurieux/.m2/repository/batik/batik-svg-dom/1.6-1/batik-svg-dom-1.6-1.jar, file:/home/tdurieux/.m2/repository/org/beanshell/bsh/2.0b4/bsh-2.0b4.jar, file:/home/tdurieux/.m2/repository/info/cukes/cucumber-core/1.2.5/cucumber-core-1.2.5.jar, file:/home/tdurieux/.m2/repository/org/xhtmlrenderer/flying-saucer-core/9.1.7/flying-saucer-core-9.1.7.jar, file:/home/tdurieux/.m2/repository/com/beust/jcommander/1.48/jcommander-1.48.jar, file:/home/tdurieux/.m2/repository/org/codehaus/plexus/plexus-utils/3.0.1/plexus-utils-3.0.1.jar, file:/home/tdurieux/.m2/repository/commons-digester/commons-digester/1.6/commons-digester-1.6.jar, file:/home/tdurieux/.m2/repository/commons-logging/commons-logging/1.0.4/commons-logging-1.0.4.jar, file:/home/tdurieux/.m2/repository/info/cukes/cucumber-testng/1.2.5/cucumber-testng-1.2.5.jar, file:/home/tdurieux/.m2/repository/org/slf4j/slf4j-api/1.7.2/slf4j-api-1.7.2.jar, file:/home/tdurieux/.m2/repository/com/github/smallcreep/cucumber/seeds-core/0.0.1-SNAPSHOT/seeds-core-0.0.1-SNAPSHOT.jar, file:/home/tdurieux/.m2/repository/org/hamcrest/hamcrest-core/1.3/hamcrest-core-1.3.jar, file:/home/tdurieux/.m2/repository/org/apache/maven/doxia/doxia-module-fml/1.0/doxia-module-fml-1.0.jar, file:/home/tdurieux/.m2/repository/org/apache/maven/maven-plugin-api/2.0/maven-plugin-api-2.0.jar, file:/home/tdurieux/.m2/repository/com/jcabi/jcabi-aspects/0.22.6/jcabi-aspects-0.22.6.jar, file:/home/tdurieux/.m2/repository/batik/batik-gui-util/1.6-1/batik-gui-util-1.6-1.jar, file:/home/tdurieux/.m2/repository/com/lowagie/itext/2.1.7/itext-2.1.7.jar, file:/home/tdurieux/.m2/repository/org/apache/maven/doxia/doxia-decoration-model/1.0/doxia-decoration-model-1.0.jar, file:/home/tdurieux/.m2/repository/commons-io/commons-io/2.5/commons-io-2.5.jar, file:/home/tdurieux/.m2/repository/com/jcabi/jcabi-log/0.17.2/jcabi-log-0.17.2.jar, file:/home/tdurieux/.m2/repository/org/apache/maven/shared/maven-doxia-tools/1.0.2/maven-doxia-tools-1.0.2.jar, file:/home/tdurieux/.m2/repository/org/apache/maven/maven-repository-metadata/2.0.4/maven-repository-metadata-2.0.4.jar, file:/home/tdurieux/.m2/repository/commons-codec/commons-codec/1.10/commons-codec-1.10.jar, file:/home/tdurieux/.m2/repository/org/apache/velocity/velocity/1.5/velocity-1.5.jar, file:/home/tdurieux/.m2/repository/junit/junit/4.12/junit-4.12.jar, file:/home/tdurieux/.m2/repository/com/google/guava/guava/20.0/guava-20.0.jar, file:/home/tdurieux/.m2/repository/xml-apis/xml-apis/1.4.01/xml-apis-1.4.01.jar, file:/home/tdurieux/.m2/repository/org/apache/maven/maven-artifact/2.0.4/maven-artifact-2.0.4.jar, file:/home/tdurieux/.m2/repository/org/codehaus/plexus/plexus-i18n/1.0-beta-7/plexus-i18n-1.0-beta-7.jar, file:/home/tdurieux/.m2/repository/batik/batik-xml/1.6-1/batik-xml-1.6-1.jar, file:/home/tdurieux/.m2/repository/oro/oro/2.0.8/oro-2.0.8.jar, file:/home/tdurieux/.m2/repository/org/mockito/mockito-core/2.10.0/mockito-core-2.10.0.jar, file:/home/tdurieux/.m2/repository/batik/batik-util/1.6-1/batik-util-1.6-1.jar, file:/home/tdurieux/.m2/repository/org/testng/testng/6.9.10/testng-6.9.10.jar, file:/home/tdurieux/.m2/repository/com/jolbox/bonecp/0.8.0.RELEASE/bonecp-0.8.0.RELEASE.jar, file:/home/tdurieux/.m2/repository/batik/batik-awt-util/1.6-1/batik-awt-util-1.6-1.jar, file:/home/tdurieux/.m2/repository/com/itextpdf/itextpdf/5.5.11/itextpdf-5.5.11.jar, file:/home/tdurieux/.m2/repository/org/apache/maven/reporting/maven-reporting-api/2.0.8/maven-reporting-api-2.0.8.jar, file:/home/tdurieux/.m2/repository/info/cukes/cucumber-jvm-deps/1.0.5/cucumber-jvm-deps-1.0.5.jar, file:/home/tdurieux/.m2/repository/xerces/xercesImpl/2.5.0/xercesImpl-2.5.0.jar, file:/home/tdurieux/.m2/repository/com/jcabi/jcabi-jdbc/0.16/jcabi-jdbc-0.16.jar, file:/home/tdurieux/defects4j4repair/script/../repair_tools/nopol.jar]
16:26:08.262 [main] INFO  fr.inria.lille.repair.nopol.NoPol - Statement type: PRE_THEN_COND
16:26:08.262 [main] INFO  fr.inria.lille.repair.nopol.NoPol - Args: [com.github.smallcreep.cucumber.seeds.context.CxJoinedTest, com.github.smallcreep.cucumber.seeds.context.CxPropertiesTest, com.github.smallcreep.cucumber.seeds.context.CxSimpleTest, com.github.smallcreep.cucumber.seeds.props.PrMapTest, com.github.smallcreep.cucumber.seeds.scenario.ScSimpleTest, com.github.smallcreep.cucumber.seeds.suit.StDefaultTest, com.github.smallcreep.cucumber.seeds.suit.StEnvelopeTest, com.github.smallcreep.cucumber.seeds.suit.StSimpleTest, com.github.smallcreep.cucumber.seeds.suit.StSmartTest]
16:26:08.264 [main] INFO  fr.inria.lille.repair.nopol.NoPol - Config: Config{synthesisDepth=3, collectStaticMethods=true, collectStaticFields=false, collectLiterals=false, onlyOneSynthesisResult=true, sortExpressions=true, maxLineInvocationPerTest=250, timeoutMethodInvocation=2000, dataCollectionTimeoutInSecondForSynthesis=900, addWeight=0.19478, subWeight=0.04554, mulWeight=0.0102, divWeight=0.00613, andWeight=0.10597, orWeight=0.05708, eqWeight=0.22798, nEqWeight=0.0, lessEqWeight=0.0255, lessWeight=0.0947, methodCallWeight=0.1, fieldAccessWeight=0.08099, constantWeight=0.14232, variableWeight=0.05195, mode=REPAIR, type=PRE_THEN_COND, synthesis=SMT, oracle=ANGELIC, solver=Z3, solverPath='/home/tdurieux/defects4j4repair/script/../libs/z3/build/z3', projectSources=[seeds-core/src/main/java], projectClasspath='[Ljava.net.URL;@66d33a', projectTests=[com.github.smallcreep.cucumber.seeds.context.CxJoinedTest, com.github.smallcreep.cucumber.seeds.context.CxPropertiesTest, com.github.smallcreep.cucumber.seeds.context.CxSimpleTest, com.github.smallcreep.cucumber.seeds.props.PrMapTest, com.github.smallcreep.cucumber.seeds.scenario.ScSimpleTest, com.github.smallcreep.cucumber.seeds.suit.StDefaultTest, com.github.smallcreep.cucumber.seeds.suit.StEnvelopeTest, com.github.smallcreep.cucumber.seeds.suit.StSimpleTest, com.github.smallcreep.cucumber.seeds.suit.StSmartTest], complianceLevel=6, outputFolder=., json=true}
16:26:08.264 [main] INFO  fr.inria.lille.repair.nopol.NoPol - Available processors (cores): 4
16:26:08.270 [main] INFO  fr.inria.lille.repair.nopol.NoPol - Free memory: 961 MB
16:26:08.270 [main] INFO  fr.inria.lille.repair.nopol.NoPol - Maximum memory: 3 GB
16:26:08.270 [main] INFO  fr.inria.lille.repair.nopol.NoPol - Total memory available to JVM: 981 MB
16:26:08.270 [main] INFO  fr.inria.lille.repair.nopol.NoPol - Java version: 1.8.0_181
16:26:08.271 [main] INFO  fr.inria.lille.repair.nopol.NoPol - JAVA_HOME: /usr/lib/jvm/java-1.8.0-openjdk-amd64/bin/
16:26:08.272 [main] INFO  fr.inria.lille.repair.nopol.NoPol - PATH: /usr/lib/jvm/java-1.8.0-openjdk-amd64/bin/:/usr/lib/oar/oardodo:/usr/lib/oar/oardodo:/usr/local/bin:/usr/bin:/bin:/usr/games
16:26:12.056 [pool-2-thread-1] DEBUG fr.inria.lille.repair.nopol.NoPol - statement #1
16:26:12.056 [pool-2-thread-1] DEBUG fr.inria.lille.repair.nopol.NoPol - Analysing SourceLocation org.cactoos.scalar.InheritanceLevel:96 which is executed by 6 tests
16:26:12.057 [pool-2-thread-1] DEBUG fr.inria.lille.repair.nopol.NoPol - cannot spoon SourceLocation org.cactoos.scalar.InheritanceLevel:96
16:26:12.057 [pool-2-thread-1] DEBUG fr.inria.lille.repair.nopol.NoPol - statement #2
16:26:12.057 [pool-2-thread-1] DEBUG fr.inria.lille.repair.nopol.NoPol - Analysing SourceLocation org.cactoos.scalar.InheritanceLevel:92 which is executed by 6 tests
16:26:12.057 [pool-2-thread-1] DEBUG fr.inria.lille.repair.nopol.NoPol - cannot spoon SourceLocation org.cactoos.scalar.InheritanceLevel:92
16:26:12.057 [pool-2-thread-1] DEBUG fr.inria.lille.repair.nopol.NoPol - statement #3
16:26:12.057 [pool-2-thread-1] DEBUG fr.inria.lille.repair.nopol.NoPol - Analysing SourceLocation org.cactoos.scalar.InheritanceLevel:91 which is executed by 6 tests
16:26:12.057 [pool-2-thread-1] DEBUG fr.inria.lille.repair.nopol.NoPol - cannot spoon SourceLocation org.cactoos.scalar.InheritanceLevel:91
16:26:12.058 [pool-2-thread-1] DEBUG fr.inria.lille.repair.nopol.NoPol - statement #4
16:26:12.058 [pool-2-thread-1] DEBUG fr.inria.lille.repair.nopol.NoPol - Analysing SourceLocation org.cactoos.scalar.InheritanceLevel:90 which is executed by 6 tests
16:26:12.058 [pool-2-thread-1] DEBUG fr.inria.lille.repair.nopol.NoPol - cannot spoon SourceLocation org.cactoos.scalar.InheritanceLevel:90
16:26:12.058 [pool-2-thread-1] DEBUG fr.inria.lille.repair.nopol.NoPol - statement #5
16:26:12.058 [pool-2-thread-1] DEBUG fr.inria.lille.repair.nopol.NoPol - Analysing SourceLocation org.cactoos.scalar.InheritanceLevel:89 which is executed by 6 tests
16:26:12.058 [pool-2-thread-1] DEBUG fr.inria.lille.repair.nopol.NoPol - cannot spoon SourceLocation org.cactoos.scalar.InheritanceLevel:89
16:26:12.058 [pool-2-thread-1] DEBUG fr.inria.lille.repair.nopol.NoPol - statement #6
16:26:12.058 [pool-2-thread-1] DEBUG fr.inria.lille.repair.nopol.NoPol - Analysing SourceLocation org.cactoos.scalar.InheritanceLevel:88 which is executed by 6 tests
16:26:12.059 [pool-2-thread-1] DEBUG fr.inria.lille.repair.nopol.NoPol - cannot spoon SourceLocation org.cactoos.scalar.InheritanceLevel:88
16:26:12.059 [pool-2-thread-1] DEBUG fr.inria.lille.repair.nopol.NoPol - statement #7
16:26:12.059 [pool-2-thread-1] DEBUG fr.inria.lille.repair.nopol.NoPol - Analysing SourceLocation org.cactoos.scalar.InheritanceLevel:87 which is executed by 6 tests
16:26:12.059 [pool-2-thread-1] DEBUG fr.inria.lille.repair.nopol.NoPol - cannot spoon SourceLocation org.cactoos.scalar.InheritanceLevel:87
16:26:12.059 [pool-2-thread-1] DEBUG fr.inria.lille.repair.nopol.NoPol - statement #8
16:26:12.059 [pool-2-thread-1] DEBUG fr.inria.lille.repair.nopol.NoPol - Analysing SourceLocation org.cactoos.scalar.InheritanceLevel:86 which is executed by 6 tests
16:26:12.060 [pool-2-thread-1] DEBUG fr.inria.lille.repair.nopol.NoPol - cannot spoon SourceLocation org.cactoos.scalar.InheritanceLevel:86
16:26:12.060 [pool-2-thread-1] DEBUG fr.inria.lille.repair.nopol.NoPol - statement #9
16:26:12.060 [pool-2-thread-1] DEBUG fr.inria.lille.repair.nopol.NoPol - Analysing SourceLocation org.cactoos.scalar.InheritanceLevel:85 which is executed by 6 tests
16:26:12.060 [pool-2-thread-1] DEBUG fr.inria.lille.repair.nopol.NoPol - cannot spoon SourceLocation org.cactoos.scalar.InheritanceLevel:85
16:26:12.060 [pool-2-thread-1] DEBUG fr.inria.lille.repair.nopol.NoPol - statement #10
16:26:12.060 [pool-2-thread-1] DEBUG fr.inria.lille.repair.nopol.NoPol - Analysing SourceLocation org.cactoos.scalar.InheritanceLevel:77 which is executed by 6 tests
16:26:12.060 [pool-2-thread-1] DEBUG fr.inria.lille.repair.nopol.NoPol - cannot spoon SourceLocation org.cactoos.scalar.InheritanceLevel:77
16:26:12.060 [pool-2-thread-1] DEBUG fr.inria.lille.repair.nopol.NoPol - statement #11
16:26:12.061 [pool-2-thread-1] DEBUG fr.inria.lille.repair.nopol.NoPol - Analysing SourceLocation org.cactoos.scalar.InheritanceLevel:75 which is executed by 6 tests
16:26:12.061 [pool-2-thread-1] DEBUG fr.inria.lille.repair.nopol.NoPol - cannot spoon SourceLocation org.cactoos.scalar.InheritanceLevel:75
16:26:12.061 [pool-2-thread-1] DEBUG fr.inria.lille.repair.nopol.NoPol - statement #12
16:26:12.061 [pool-2-thread-1] DEBUG fr.inria.lille.repair.nopol.NoPol - Analysing SourceLocation org.cactoos.scalar.InheritanceLevel:72 which is executed by 6 tests
16:26:12.061 [pool-2-thread-1] DEBUG fr.inria.lille.repair.nopol.NoPol - cannot spoon SourceLocation org.cactoos.scalar.InheritanceLevel:72
16:26:12.061 [pool-2-thread-1] DEBUG fr.inria.lille.repair.nopol.NoPol - statement #13
16:26:12.061 [pool-2-thread-1] DEBUG fr.inria.lille.repair.nopol.NoPol - Analysing SourceLocation org.cactoos.scalar.CheckedScalar:117 which is executed by 6 tests
16:26:12.062 [pool-2-thread-1] DEBUG fr.inria.lille.repair.nopol.NoPol - cannot spoon SourceLocation org.cactoos.scalar.CheckedScalar:117
16:26:12.062 [pool-2-thread-1] DEBUG fr.inria.lille.repair.nopol.NoPol - statement #14
16:26:12.062 [pool-2-thread-1] DEBUG fr.inria.lille.repair.nopol.NoPol - Analysing SourceLocation org.cactoos.scalar.CheckedScalar:115 which is executed by 6 tests
16:26:12.062 [pool-2-thread-1] DEBUG fr.inria.lille.repair.nopol.NoPol - cannot spoon SourceLocation org.cactoos.scalar.CheckedScalar:115
16:26:12.062 [pool-2-thread-1] DEBUG fr.inria.lille.repair.nopol.NoPol - statement #15
16:26:12.062 [pool-2-thread-1] DEBUG fr.inria.lille.repair.nopol.NoPol - Analysing SourceLocation org.cactoos.scalar.CheckedScalar:114 which is executed by 6 tests
16:26:12.062 [pool-2-thread-1] DEBUG fr.inria.lille.repair.nopol.NoPol - cannot spoon SourceLocation org.cactoos.scalar.CheckedScalar:114
16:26:12.062 [pool-2-thread-1] DEBUG fr.inria.lille.repair.nopol.NoPol - statement #16
16:26:12.063 [pool-2-thread-1] DEBUG fr.inria.lille.repair.nopol.NoPol - Analysing SourceLocation org.cactoos.scalar.CheckedScalar:111 which is executed by 6 tests
16:26:12.063 [pool-2-thread-1] DEBUG fr.inria.lille.repair.nopol.NoPol - cannot spoon SourceLocation org.cactoos.scalar.CheckedScalar:111
16:26:12.063 [pool-2-thread-1] DEBUG fr.inria.lille.repair.nopol.NoPol - statement #17
16:26:12.063 [pool-2-thread-1] DEBUG fr.inria.lille.repair.nopol.NoPol - Analysing SourceLocation org.cactoos.scalar.CheckedScalar:109 which is executed by 6 tests
16:26:12.063 [pool-2-thread-1] DEBUG fr.inria.lille.repair.nopol.NoPol - cannot spoon SourceLocation org.cactoos.scalar.CheckedScalar:109
16:26:12.063 [pool-2-thread-1] DEBUG fr.inria.lille.repair.nopol.NoPol - statement #18
16:26:12.063 [pool-2-thread-1] DEBUG fr.inria.lille.repair.nopol.NoPol - Analysing SourceLocation org.cactoos.scalar.CheckedScalar:104 which is executed by 6 tests
16:26:12.064 [pool-2-thread-1] DEBUG fr.inria.lille.repair.nopol.NoPol - cannot spoon SourceLocation org.cactoos.scalar.CheckedScalar:104
16:26:12.064 [pool-2-thread-1] DEBUG fr.inria.lille.repair.nopol.NoPol - statement #19
16:26:12.064 [pool-2-thread-1] DEBUG fr.inria.lille.repair.nopol.NoPol - Analysing SourceLocation org.cactoos.scalar.CheckedScalar:103 which is executed by 6 tests
16:26:12.064 [pool-2-thread-1] DEBUG fr.inria.lille.repair.nopol.NoPol - cannot spoon SourceLocation org.cactoos.scalar.CheckedScalar:103
16:26:12.064 [pool-2-thread-1] DEBUG fr.inria.lille.repair.nopol.NoPol - statement #20
16:26:12.064 [pool-2-thread-1] DEBUG fr.inria.lille.repair.nopol.NoPol - Analysing SourceLocation org.cactoos.scalar.CheckedScalar:102 which is executed by 6 tests
16:26:12.064 [pool-2-thread-1] DEBUG fr.inria.lille.repair.nopol.NoPol - cannot spoon SourceLocation org.cactoos.scalar.CheckedScalar:102
16:26:12.064 [pool-2-thread-1] DEBUG fr.inria.lille.repair.nopol.NoPol - statement #21
16:26:12.065 [pool-2-thread-1] DEBUG fr.inria.lille.repair.nopol.NoPol - Analysing SourceLocation org.cactoos.scalar.CheckedScalar:101 which is executed by 6 tests
16:26:12.065 [pool-2-thread-1] DEBUG fr.inria.lille.repair.nopol.NoPol - cannot spoon SourceLocation org.cactoos.scalar.CheckedScalar:101
16:26:12.065 [pool-2-thread-1] DEBUG fr.inria.lille.repair.nopol.NoPol - statement #22
16:26:12.065 [pool-2-thread-1] DEBUG fr.inria.lille.repair.nopol.NoPol - Analysing SourceLocation org.cactoos.scalar.CheckedScalar:100 which is executed by 6 tests
16:26:12.065 [pool-2-thread-1] DEBUG fr.inria.lille.repair.nopol.NoPol - cannot spoon SourceLocation org.cactoos.scalar.CheckedScalar:100
16:26:12.065 [pool-2-thread-1] DEBUG fr.inria.lille.repair.nopol.NoPol - statement #23
16:26:12.065 [pool-2-thread-1] DEBUG fr.inria.lille.repair.nopol.NoPol - Analysing SourceLocation org.cactoos.scalar.CheckedScalar:85 which is executed by 6 tests
16:26:12.065 [pool-2-thread-1] DEBUG fr.inria.lille.repair.nopol.NoPol - cannot spoon SourceLocation org.cactoos.scalar.CheckedScalar:85
16:26:12.065 [pool-2-thread-1] DEBUG fr.inria.lille.repair.nopol.NoPol - statement #24
16:26:12.066 [pool-2-thread-1] DEBUG fr.inria.lille.repair.nopol.NoPol - Analysing SourceLocation org.cactoos.scalar.CheckedScalar:84 which is executed by 6 tests
16:26:12.066 [pool-2-thread-1] DEBUG fr.inria.lille.repair.nopol.NoPol - cannot spoon SourceLocation org.cactoos.scalar.CheckedScalar:84
16:26:12.066 [pool-2-thread-1] DEBUG fr.inria.lille.repair.nopol.NoPol - statement #25
16:26:12.066 [pool-2-thread-1] DEBUG fr.inria.lille.repair.nopol.NoPol - Analysing SourceLocation org.cactoos.text.FormattedText:168 which is executed by 6 tests
16:26:12.066 [pool-2-thread-1] DEBUG fr.inria.lille.repair.nopol.NoPol - cannot spoon SourceLocation org.cactoos.text.FormattedText:168
16:26:12.066 [pool-2-thread-1] DEBUG fr.inria.lille.repair.nopol.NoPol - statement #26
16:26:12.066 [pool-2-thread-1] DEBUG fr.inria.lille.repair.nopol.NoPol - Analysing SourceLocation org.cactoos.text.FormattedText:167 which is executed by 6 tests
16:26:12.066 [pool-2-thread-1] DEBUG fr.inria.lille.repair.nopol.NoPol - cannot spoon SourceLocation org.cactoos.text.FormattedText:167
16:26:12.066 [pool-2-thread-1] DEBUG fr.inria.lille.repair.nopol.NoPol - statement #27
16:26:12.067 [pool-2-thread-1] DEBUG fr.inria.lille.repair.nopol.NoPol - Analysing SourceLocation org.cactoos.text.FormattedText:165 which is executed by 6 tests
16:26:12.067 [pool-2-thread-1] DEBUG fr.inria.lille.repair.nopol.NoPol - cannot spoon SourceLocation org.cactoos.text.FormattedText:165
16:26:12.067 [pool-2-thread-1] DEBUG fr.inria.lille.repair.nopol.NoPol - statement #28
16:26:12.067 [pool-2-thread-1] DEBUG fr.inria.lille.repair.nopol.NoPol - Analysing SourceLocation org.cactoos.text.FormattedText:164 which is executed by 6 tests
16:26:12.067 [pool-2-thread-1] DEBUG fr.inria.lille.repair.nopol.NoPol - cannot spoon SourceLocation org.cactoos.text.FormattedText:164
16:26:12.067 [pool-2-thread-1] DEBUG fr.inria.lille.repair.nopol.NoPol - statement #29
16:26:12.067 [pool-2-thread-1] DEBUG fr.inria.lille.repair.nopol.NoPol - Analysing SourceLocation org.cactoos.text.FormattedText:163 which is executed by 6 tests
16:26:12.067 [pool-2-thread-1] DEBUG fr.inria.lille.repair.nopol.NoPol - cannot spoon SourceLocation org.cactoos.text.FormattedText:163
16:26:12.067 [pool-2-thread-1] DEBUG fr.inria.lille.repair.nopol.NoPol - statement #30
16:26:12.068 [pool-2-thread-1] DEBUG fr.inria.lille.repair.nopol.NoPol - Analysing SourceLocation org.cactoos.text.FormattedText:162 which is executed by 6 tests
16:26:12.068 [pool-2-thread-1] DEBUG fr.inria.lille.repair.nopol.NoPol - cannot spoon SourceLocation org.cactoos.text.FormattedText:162
16:26:12.068 [pool-2-thread-1] DEBUG fr.inria.lille.repair.nopol.NoPol - statement #31
16:26:12.068 [pool-2-thread-1] DEBUG fr.inria.lille.repair.nopol.NoPol - Analysing SourceLocation org.cactoos.text.FormattedText:161 which is executed by 6 tests
16:26:12.068 [pool-2-thread-1] DEBUG fr.inria.lille.repair.nopol.NoPol - cannot spoon SourceLocation org.cactoos.text.FormattedText:161
16:26:12.068 [pool-2-thread-1] DEBUG fr.inria.lille.repair.nopol.NoPol - statement #32
16:26:12.068 [pool-2-thread-1] DEBUG fr.inria.lille.repair.nopol.NoPol - Analysing SourceLocation org.cactoos.scalar.UncheckedScalar:58 which is executed by 6 tests
16:26:12.068 [pool-2-thread-1] DEBUG fr.inria.lille.repair.nopol.NoPol - cannot spoon SourceLocation org.cactoos.scalar.UncheckedScalar:58
16:26:12.068 [pool-2-thread-1] DEBUG fr.inria.lille.repair.nopol.NoPol - statement #33
16:26:12.069 [pool-2-thread-1] DEBUG fr.inria.lille.repair.nopol.NoPol - Analysing SourceLocation org.cactoos.scalar.UncheckedScalar:57 which is executed by 6 tests
16:26:12.069 [pool-2-thread-1] DEBUG fr.inria.lille.repair.nopol.NoPol - cannot spoon SourceLocation org.cactoos.scalar.UncheckedScalar:57
16:26:12.069 [pool-2-thread-1] DEBUG fr.inria.lille.repair.nopol.NoPol - statement #34
16:26:12.069 [pool-2-thread-1] DEBUG fr.inria.lille.repair.nopol.NoPol - Analysing SourceLocation org.cactoos.scalar.CheckedScalar:76 which is executed by 14 tests
16:26:12.069 [pool-2-thread-1] DEBUG fr.inria.lille.repair.nopol.NoPol - cannot spoon SourceLocation org.cactoos.scalar.CheckedScalar:76
16:26:12.069 [pool-2-thread-1] DEBUG fr.inria.lille.repair.nopol.NoPol - statement #35
16:26:12.069 [pool-2-thread-1] DEBUG fr.inria.lille.repair.nopol.NoPol - Analysing SourceLocation org.cactoos.iterator.IteratorOf:72 which is executed by 14 tests
16:26:12.069 [pool-2-thread-1] DEBUG fr.inria.lille.repair.nopol.NoPol - cannot spoon SourceLocation org.cactoos.iterator.IteratorOf:72
16:26:12.069 [pool-2-thread-1] DEBUG fr.inria.lille.repair.nopol.NoPol - statement #36
16:26:12.070 [pool-2-thread-1] DEBUG fr.inria.lille.repair.nopol.NoPol - Analysing SourceLocation org.cactoos.iterator.IteratorOf:67 which is executed by 14 tests
16:26:12.070 [pool-2-thread-1] DEBUG fr.inria.lille.repair.nopol.NoPol - cannot spoon SourceLocation org.cactoos.iterator.IteratorOf:67
16:26:12.070 [pool-2-thread-1] DEBUG fr.inria.lille.repair.nopol.NoPol - statement #37
16:26:12.070 [pool-2-thread-1] DEBUG fr.inria.lille.repair.nopol.NoPol - Analysing SourceLocation org.cactoos.iterator.IteratorOf:62 which is executed by 14 tests
16:26:12.070 [pool-2-thread-1] DEBUG fr.inria.lille.repair.nopol.NoPol - cannot spoon SourceLocation org.cactoos.iterator.IteratorOf:62
16:26:12.070 [pool-2-thread-1] DEBUG fr.inria.lille.repair.nopol.NoPol - statement #38
16:26:12.070 [pool-2-thread-1] DEBUG fr.inria.lille.repair.nopol.NoPol - Analysing SourceLocation org.cactoos.iterable.IterableEnvelope:59 which is executed by 14 tests
16:26:12.070 [pool-2-thread-1] DEBUG fr.inria.lille.repair.nopol.NoPol - cannot spoon SourceLocation org.cactoos.iterable.IterableEnvelope:59
16:26:12.070 [pool-2-thread-1] DEBUG fr.inria.lille.repair.nopol.NoPol - statement #39
16:26:12.071 [pool-2-thread-1] DEBUG fr.inria.lille.repair.nopol.NoPol - Analysing SourceLocation org.cactoos.iterable.IterableEnvelope:58 which is executed by 14 tests
16:26:12.071 [pool-2-thread-1] DEBUG fr.inria.lille.repair.nopol.NoPol - cannot spoon SourceLocation org.cactoos.iterable.IterableEnvelope:58
16:26:12.071 [pool-2-thread-1] DEBUG fr.inria.lille.repair.nopol.NoPol - statement #40
16:26:12.071 [pool-2-thread-1] DEBUG fr.inria.lille.repair.nopol.NoPol - Analysing SourceLocation org.cactoos.iterator.Immutable:58 which is executed by 14 tests
16:26:12.071 [pool-2-thread-1] DEBUG fr.inria.lille.repair.nopol.NoPol - cannot spoon SourceLocation org.cactoos.iterator.Immutable:58
16:26:12.071 [pool-2-thread-1] DEBUG fr.inria.lille.repair.nopol.NoPol - statement #41
16:26:12.071 [pool-2-thread-1] DEBUG fr.inria.lille.repair.nopol.NoPol - Analysing SourceLocation org.cactoos.iterator.Immutable:53 which is executed by 14 tests
16:26:12.071 [pool-2-thread-1] DEBUG fr.inria.lille.repair.nopol.NoPol - cannot spoon SourceLocation org.cactoos.iterator.Immutable:53
16:26:12.071 [pool-2-thread-1] DEBUG fr.inria.lille.repair.nopol.NoPol - statement #42
16:26:12.072 [pool-2-thread-1] DEBUG fr.inria.lille.repair.nopol.NoPol - Analysing SourceLocation org.cactoos.scalar.UncheckedScalar:56 which is executed by 14 tests
16:26:12.072 [pool-2-thread-1] DEBUG fr.inria.lille.repair.nopol.NoPol - cannot spoon SourceLocation org.cactoos.scalar.UncheckedScalar:56
16:26:12.072 [pool-2-thread-1] DEBUG fr.inria.lille.repair.nopol.NoPol - statement #43
16:26:12.072 [pool-2-thread-1] DEBUG fr.inria.lille.repair.nopol.NoPol - Analysing SourceLocation com.github.smallcreep.cucumber.seeds.suit.StSmart:113 which is executed by 8 tests
-245627959
16:26:12.399 [pool-2-thread-1] INFO  fr.inria.lille.repair.nopol.NoPol - ----INFORMATION----
16:26:12.415 [pool-2-thread-1] INFO  fr.inria.lille.repair.nopol.NoPol - Nb classes : 15
16:26:12.415 [pool-2-thread-1] INFO  fr.inria.lille.repair.nopol.NoPol - Nb methods : 28
16:26:12.416 [pool-2-thread-1] INFO  fr.inria.lille.repair.nopol.NoPol - Nb Statements Analyzed : 0
16:26:12.417 [pool-2-thread-1] INFO  fr.inria.lille.repair.nopol.NoPol - Nb Statements with Angelic Value Found : 0
16:26:12.417 [pool-2-thread-1] INFO  fr.inria.lille.repair.nopol.NoPol - Nb inputs in SMT : 0
16:26:12.419 [pool-2-thread-1] INFO  fr.inria.lille.repair.nopol.NoPol - Nb SMT level: 0
16:26:12.419 [pool-2-thread-1] INFO  fr.inria.lille.repair.nopol.NoPol - Nb variables in SMT : 0
16:26:12.419 [pool-2-thread-1] INFO  fr.inria.lille.repair.nopol.NoPol - NoPol Execution time : 4143ms
16:26:12.419 [pool-2-thread-1] INFO  fr.inria.lille.repair.nopol.NoPol - 
NO_ANGELIC_VALUE
Command exited with non-zero status 255
8.20user 0.82system 0:05.00elapsed 180%CPU (0avgtext+0avgdata 335640maxresident)k
33544inputs+5200outputs (3major+124278minor)pagefaults 0swaps


Node: graphene-93.nancy.grid5000.fr



Date: Wed Dec 26 16:26:12 EST 2018

