cd /tmp/NPEFix_IntroClassJava_median_fcf701e8bed9c75a4cc52a990a577eb0204d7aadf138a4cad08726a847d66e77126f95f06f839ec9224b7e8a887b873fe0d4b6f4311b4e8bd2a36e5028d1feca_002;
export JAVA_TOOL_OPTIONS="-Dfile.encoding=UTF8 -Duser.language=en-US -Duser.country=US -Duser.language=en";
TZ="America/New_York"; export TZ;
export PATH="/usr/lib/jvm/java-1.8.0-openjdk-amd64/bin/:$PATH";
export JAVA_HOME="/usr/lib/jvm/java-1.8.0-openjdk-amd64/bin/";
time java -Xmx4g -Xms1g -cp /home/tdurieux/defects4j4repair/script/../repair_tools/npefix.jar fr.inria.spirals.npefix.main.run.Main \
    --test introclassJava.median_fcf701e8_002BlackboxTest:introclassJava.median_fcf701e8_002WhiteboxTest \
    --iteration 100 \
	--complianceLevel 7 \
	--workingdirectory . \
	--source src/main/java \
	--classpath target/classes:target/test-classes:/home/tdurieux/.m2/repository/junit/junit/4.11/junit-4.11.jar:/home/tdurieux/.m2/repository/org/hamcrest/hamcrest-core/1.3/hamcrest-core-1.3.jar;
	echo "\n\nNode: `hostname`\n";
	echo "\n\nDate: `date`\n";
Picked up JAVA_TOOL_OPTIONS: -Dfile.encoding=UTF8 -Duser.language=en-US -Duser.country=US -Duser.language=en
TernarySplitter  in 4ms
CheckNotNull  in 2ms
ForceNullInit in 19ms
AddImplicitCastChecker --> 0 in 3ms
BeforeDeref --> 25 (failed:0) in 19ms
target--> 37 (failed:0) in 62ms
TryRegister # Try: 0 in 2ms
Assign --> 17 (failed: 0) in 51ms
VarInit --> 4 in 3ms
MethodEncapsulation # Method: 2 in 49ms
ConstructorEncapsulation # Constructor: 10 in 10ms
VariableFor in 2ms
RMI Selector (Host: 127.0.0.1, Port: 10000): KO
introclassJava.median_fcf701e8_002WhiteboxTest#test2
<No Strat> Status: Ok
introclassJava.median_fcf701e8_002WhiteboxTest#test3
<No Strat> Status: Ko
introclassJava.median_fcf701e8_002WhiteboxTest#test4
<No Strat> Status: Ko
introclassJava.median_fcf701e8_002WhiteboxTest#test5
<No Strat> Status: Ok
introclassJava.median_fcf701e8_002WhiteboxTest#test6
<No Strat> Status: Ok
introclassJava.median_fcf701e8_002WhiteboxTest#test1
<No Strat> Status: Ko
introclassJava.median_fcf701e8_002BlackboxTest#test2
<No Strat> Status: Ok
introclassJava.median_fcf701e8_002BlackboxTest#test3
<No Strat> Status: Ok
introclassJava.median_fcf701e8_002BlackboxTest#test4
<No Strat> Status: Ok
introclassJava.median_fcf701e8_002BlackboxTest#test5
<No Strat> Status: Ok
introclassJava.median_fcf701e8_002BlackboxTest#test6
<No Strat> Status: Ok
introclassJava.median_fcf701e8_002BlackboxTest#test7
<No Strat> Status: Ko
introclassJava.median_fcf701e8_002BlackboxTest#test1
<No Strat> Status: Ok
Multirun 13/100 13%
introclassJava.median_fcf701e8_002WhiteboxTest#test3
<No Strat> Status: Ko
introclassJava.median_fcf701e8_002WhiteboxTest#test4
<No Strat> Status: Ko
introclassJava.median_fcf701e8_002WhiteboxTest#test1
<No Strat> Status: Ko
introclassJava.median_fcf701e8_002BlackboxTest#test7
<No Strat> Status: Ko
introclassJava.median_fcf701e8_002WhiteboxTest#test3
<No Strat> Status: Ko
introclassJava.median_fcf701e8_002WhiteboxTest#test4
<No Strat> Status: Ko
introclassJava.median_fcf701e8_002WhiteboxTest#test1
<No Strat> Status: Ko
introclassJava.median_fcf701e8_002BlackboxTest#test7
<No Strat> Status: Ko
introclassJava.median_fcf701e8_002WhiteboxTest#test3
<No Strat> Status: Ko
introclassJava.median_fcf701e8_002WhiteboxTest#test4
<No Strat> Status: Ko
introclassJava.median_fcf701e8_002WhiteboxTest#test1
<No Strat> Status: Ko
introclassJava.median_fcf701e8_002BlackboxTest#test7
<No Strat> Status: Ko
introclassJava.median_fcf701e8_002WhiteboxTest#test3
<No Strat> Status: Ko
introclassJava.median_fcf701e8_002WhiteboxTest#test4
<No Strat> Status: Ko
introclassJava.median_fcf701e8_002WhiteboxTest#test1
<No Strat> Status: Ko
introclassJava.median_fcf701e8_002BlackboxTest#test7
<No Strat> Status: Ko
introclassJava.median_fcf701e8_002WhiteboxTest#test3
<No Strat> Status: Ko
introclassJava.median_fcf701e8_002WhiteboxTest#test4
<No Strat> Status: Ko
introclassJava.median_fcf701e8_002WhiteboxTest#test1
<No Strat> Status: Ko
introclassJava.median_fcf701e8_002BlackboxTest#test7
<No Strat> Status: Ko
introclassJava.median_fcf701e8_002WhiteboxTest#test3
<No Strat> Status: Ko
introclassJava.median_fcf701e8_002WhiteboxTest#test4
<No Strat> Status: Ko
introclassJava.median_fcf701e8_002WhiteboxTest#test1
<No Strat> Status: Ko
introclassJava.median_fcf701e8_002BlackboxTest#test7
<No Strat> Status: Ko
4.54user 0.17system 0:02.68elapsed 175%CPU (0avgtext+0avgdata 206972maxresident)k
21120inputs+216outputs (1major+53207minor)pagefaults 0swaps


Node: graphene-26.nancy.grid5000.fr



Date: Thu Dec  6 03:42:05 EST 2018

