cd /tmp/NPEFix_Bears_awslabs-amazon-kinesis-client_446289265-452166805;
export JAVA_TOOL_OPTIONS="-Dfile.encoding=UTF8 -Duser.language=en-US -Duser.country=US -Duser.language=en";
TZ="America/New_York"; export TZ;
export PATH="/usr/lib/jvm/java-1.8.0-openjdk-amd64/bin/:$PATH";
export JAVA_HOME="/usr/lib/jvm/java-1.8.0-openjdk-amd64/bin/";
time java -Xmx4048m -cp /home/tdurieux/RepairThemAll/script/../repair_tools/npefix.jar fr.inria.spirals.npefix.main.run.Main \
    --test software.amazon.kinesis.retrieval.polling.PrefetchRecordsPublisherTest \
    --iteration 100 \
	--complianceLevel 8 \
	--workingdirectory . \
	--source amazon-kinesis-client/src/main/java \
	--classpath amazon-kinesis-client/target/classes:amazon-kinesis-client/target/test-classes:/tmp/NPEFix_Bears_awslabs-amazon-kinesis-client_446289265-452166805/amazon-kinesis-client-multilang/target/classes:/home/tdurieux/.m2/repository/software/amazon/awssdk/annotations/2.0.6/annotations-2.0.6.jar:/home/tdurieux/.m2/repository/ch/qos/logback/logback-core/1.1.7/logback-core-1.1.7.jar:/home/tdurieux/.m2/repository/software/amazon/awssdk/http-client-spi/2.0.6/http-client-spi-2.0.6.jar:/home/tdurieux/.m2/repository/io/netty/netty-codec/4.1.26.Final/netty-codec-4.1.26.Final.jar:/home/tdurieux/.m2/repository/software/amazon/awssdk/profiles/2.0.6/profiles-2.0.6.jar:/home/tdurieux/.m2/repository/com/typesafe/netty/netty-reactive-streams/2.0.0/netty-reactive-streams-2.0.0.jar:/home/tdurieux/.m2/repository/software/amazon/kinesis/amazon-kinesis-client/2.0.5-SNAPSHOT/amazon-kinesis-client-2.0.5-SNAPSHOT.jar:/home/tdurieux/.m2/repository/software/amazon/awssdk/aws-core/2.0.6/aws-core-2.0.6.jar:/home/tdurieux/.m2/repository/ch/qos/logback/logback-classic/1.1.7/logback-classic-1.1.7.jar:/home/tdurieux/.m2/repository/com/fasterxml/jackson/core/jackson-databind/2.9.6/jackson-databind-2.9.6.jar:/home/tdurieux/.m2/repository/com/google/j2objc/j2objc-annotations/1.1/j2objc-annotations-1.1.jar:/home/tdurieux/.m2/repository/software/amazon/awssdk/utils/2.0.6/utils-2.0.6.jar:/home/tdurieux/.m2/repository/com/google/guava/guava/26.0-jre/guava-26.0-jre.jar:/home/tdurieux/.m2/repository/io/netty/netty-transport-native-epoll/4.1.26.Final/netty-transport-native-epoll-4.1.26.Final-linux-x86_64.jar:/home/tdurieux/.m2/repository/org/checkerframework/checker-qual/2.5.2/checker-qual-2.5.2.jar:/home/tdurieux/.m2/repository/org/apache/commons/commons-lang3/3.7/commons-lang3-3.7.jar:/home/tdurieux/.m2/repository/com/google/code/findbugs/jsr305/3.0.2/jsr305-3.0.2.jar:/home/tdurieux/.m2/repository/com/typesafe/netty/netty-reactive-streams-http/2.0.0/netty-reactive-streams-http-2.0.0.jar:/home/tdurieux/.m2/repository/software/amazon/ion/ion-java/1.2.0/ion-java-1.2.0.jar:/home/tdurieux/.m2/repository/org/projectlombok/lombok/1.16.20/lombok-1.16.20.jar:/home/tdurieux/.m2/repository/org/hamcrest/hamcrest-all/1.3/hamcrest-all-1.3.jar:/home/tdurieux/.m2/repository/software/amazon/flow/1.6/flow-1.6.jar:/home/tdurieux/.m2/repository/org/codehaus/mojo/animal-sniffer-annotations/1.14/animal-sniffer-annotations-1.14.jar:/home/tdurieux/.m2/repository/software/amazon/awssdk/cloudwatch/2.0.6/cloudwatch-2.0.6.jar:/home/tdurieux/.m2/repository/org/apache/httpcomponents/httpclient/4.5.5/httpclient-4.5.5.jar:/home/tdurieux/.m2/repository/org/apache/httpcomponents/httpcore/4.4.10/httpcore-4.4.10.jar:/home/tdurieux/.m2/repository/com/google/errorprone/error_prone_annotations/2.1.3/error_prone_annotations-2.1.3.jar:/home/tdurieux/.m2/repository/io/netty/netty-transport-native-unix-common/4.1.26.Final/netty-transport-native-unix-common-4.1.26.Final.jar:/home/tdurieux/.m2/repository/io/netty/netty-common/4.1.26.Final/netty-common-4.1.26.Final.jar:/home/tdurieux/.m2/repository/org/reactivestreams/reactive-streams/1.0.2/reactive-streams-1.0.2.jar:/home/tdurieux/.m2/repository/io/netty/netty-codec-http/4.1.26.Final/netty-codec-http-4.1.26.Final.jar:/home/tdurieux/.m2/repository/software/amazon/awssdk/dynamodb/2.0.6/dynamodb-2.0.6.jar:/home/tdurieux/.m2/repository/io/netty/netty-handler/4.1.26.Final/netty-handler-4.1.26.Final.jar:/home/tdurieux/.m2/repository/software/amazon/awssdk/kinesis/2.0.6/kinesis-2.0.6.jar:/home/tdurieux/.m2/repository/io/netty/netty-codec-http2/4.1.26.Final/netty-codec-http2-4.1.26.Final.jar:/home/tdurieux/.m2/repository/com/fasterxml/jackson/core/jackson-core/2.9.6/jackson-core-2.9.6.jar:/home/tdurieux/.m2/repository/org/slf4j/slf4j-api/1.7.25/slf4j-api-1.7.25.jar:/home/tdurieux/.m2/repository/software/amazon/awssdk/netty-nio-client/2.0.6/netty-nio-client-2.0.6.jar:/home/tdurieux/.m2/repository/org/hamcrest/hamcrest-core/1.3/hamcrest-core-1.3.jar:/home/tdurieux/.m2/repository/io/netty/netty-buffer/4.1.26.Final/netty-buffer-4.1.26.Final.jar:/home/tdurieux/.m2/repository/commons-codec/commons-codec/1.10/commons-codec-1.10.jar:/home/tdurieux/.m2/repository/junit/junit/4.11/junit-4.11.jar:/home/tdurieux/.m2/repository/com/fasterxml/jackson/core/jackson-annotations/2.9.6/jackson-annotations-2.9.6.jar:/home/tdurieux/.m2/repository/com/google/protobuf/protobuf-java/2.6.1/protobuf-java-2.6.1.jar:/home/tdurieux/.m2/repository/com/fasterxml/jackson/dataformat/jackson-dataformat-cbor/2.9.6/jackson-dataformat-cbor-2.9.6.jar:/home/tdurieux/.m2/repository/io/netty/netty-transport/4.1.26.Final/netty-transport-4.1.26.Final.jar:/home/tdurieux/.m2/repository/io/reactivex/rxjava2/rxjava/2.1.14/rxjava-2.1.14.jar:/home/tdurieux/.m2/repository/software/amazon/awssdk/sdk-core/2.0.6/sdk-core-2.0.6.jar:/home/tdurieux/.m2/repository/software/amazon/awssdk/apache-client/2.0.6/apache-client-2.0.6.jar:/home/tdurieux/.m2/repository/org/mockito/mockito-all/1.10.19/mockito-all-1.10.19.jar:/home/tdurieux/.m2/repository/io/netty/netty-resolver/4.1.26.Final/netty-resolver-4.1.26.Final.jar:/home/tdurieux/.m2/repository/software/amazon/awssdk/auth/2.0.6/auth-2.0.6.jar:/home/tdurieux/.m2/repository/software/amazon/awssdk/regions/2.0.6/regions-2.0.6.jar:/home/tdurieux/.m2/repository/commons-logging/commons-logging/1.2/commons-logging-1.2.jar:/home/tdurieux/.m2/repository/com/fasterxml/jackson/jr/jackson-jr-objects/2.9.6/jackson-jr-objects-2.9.6.jar;
	echo "\n\nNode: `hostname`\n";
	echo "\n\nDate: `date`\n";
Picked up JAVA_TOOL_OPTIONS: -Dfile.encoding=UTF8 -Duser.language=en-US -Duser.country=US -Duser.language=en
Exception in thread "main" spoon.compiler.ModelBuildingException: log cannot be resolved at /tmp/NPEFix_Bears_awslabs-amazon-kinesis-client_446289265-452166805/amazon-kinesis-client/src/main/java/software/amazon/kinesis/leases/dynamodb/DynamoDBLeaseRenewer.java:96
	at spoon.support.compiler.jdt.JDTBasedSpoonCompiler.report(JDTBasedSpoonCompiler.java:581)
	at spoon.support.compiler.jdt.JDTBasedSpoonCompiler.reportProblems(JDTBasedSpoonCompiler.java:562)
	at spoon.support.compiler.jdt.JDTBasedSpoonCompiler.build(JDTBasedSpoonCompiler.java:119)
	at spoon.support.compiler.jdt.JDTBasedSpoonCompiler.build(JDTBasedSpoonCompiler.java:100)
	at spoon.Launcher.buildModel(Launcher.java:709)
	at fr.inria.spirals.npefix.main.all.Launcher.init(Launcher.java:201)
	at fr.inria.spirals.npefix.main.all.Launcher.<init>(Launcher.java:85)
	at fr.inria.spirals.npefix.main.run.Main.run(Main.java:59)
	at fr.inria.spirals.npefix.main.run.Main.main(Main.java:48)
Command exited with non-zero status 1
17.84user 0.65system 0:05.49elapsed 336%CPU (0avgtext+0avgdata 786296maxresident)k
18352inputs+80outputs (1major+202227minor)pagefaults 0swaps


Node: suno-13.sophia.grid5000.fr



Date: Wed Dec 26 12:27:15 EST 2018

