cd /tmp/NPEFix_Bug_dot_jar_Commons-Math_4cc9a49d;
export JAVA_TOOL_OPTIONS="-Dfile.encoding=UTF8 -Duser.language=en-US -Duser.country=US -Duser.language=en";
TZ="America/New_York"; export TZ;
export PATH="/usr/lib/jvm/java-1.8.0-openjdk-amd64/bin/:$PATH";
export JAVA_HOME="/usr/lib/jvm/java-1.8.0-openjdk-amd64/bin/";
time java -Xmx4048m -cp /home/tdurieux/defects4j4repair/script/../repair_tools/npefix.jar fr.inria.spirals.npefix.main.run.Main \
    --test org.apache.commons.math.distribution.PoissonDistributionTest \
    --iteration 100 \
	--complianceLevel 7 \
	--workingdirectory . \
	--source src/main/java \
	--classpath target/classes:target/test-classes:/home/tdurieux/.m2/repository/junit/junit/4.4/junit-4.4.jar;
	echo "\n\nNode: `hostname`\n";
	echo "\n\nDate: `date`\n";
Picked up JAVA_TOOL_OPTIONS: -Dfile.encoding=UTF8 -Duser.language=en-US -Duser.country=US -Duser.language=en
TernarySplitter  in 305ms
throw MathRuntimeException.createIllegalArgumentException(LocalizedFormats.DIMENSIONS_MISMATCH_SIMPLE, (x == null ? 0 : x.length), (y == null ? 0 : y.length))
throw MathRuntimeException.createIllegalArgumentException(LocalizedFormats.DIMENSIONS_MISMATCH_SIMPLE, (x == null ? 0 : x.length), (y == null ? 0 : y.length))
this.point = (point == null) ? null : point.clone()
this.value = (value == null) ? null : value.clone()
this(prototypeStatistics, (prototypeStatistics == null ? null : new SummaryStatistics(prototypeStatistics)))
return !((x == null) ^ (y == null))
return !((x == null) ^ (y == null))
return !((x == null) ^ (y == null))
return !((x == null) ^ (y == null))
this.arguments = new Object[]{ rootCause == null ? "" : rootCause.getMessage() }
this.point = (point == null) ? null : point.clone()
this.arguments = new Object[]{ rootCause == null ? "" : rootCause.getMessage() }
return (first) != null
throw MathRuntimeException.createIllegalArgumentException(LocalizedFormats.INSUFFICIENT_DATA_FOR_T_STATISTIC, (data == null ? 0 : data.length))
throw MathRuntimeException.createIllegalArgumentException(LocalizedFormats.INSUFFICIENT_DATA_FOR_T_STATISTIC, (stat == null ? 0 : stat.getN()))
CheckNotNull  in 791ms
ForceNullInit in 295ms
AddImplicitCastChecker --> 5 in 522ms
BeforeDeref --> 9563 (failed:0) in 2173ms
target--> 12781 (failed:0) in 4205ms
TryRegister # Try: 163 in 467ms
Assign --> 6486 (failed: 0) in 3599ms
VarInit --> 4279 in 1472ms
MethodEncapsulation # Method: 4217 in 3392ms
ConstructorEncapsulation # Constructor: 783 in 1535ms
VariableFor in 750ms
spoon.compiler.ModelBuildingException: The import org.apache.commons.math.exception.ConvergenceException collides with another import statement at /tmp/NPEFix_Bug_dot_jar_Commons-Math_4cc9a49d/NonLinearConjugateGradientOptimizer.java:15
	at spoon.support.compiler.jdt.JDTBasedSpoonCompiler.report(JDTBasedSpoonCompiler.java:581)
	at spoon.support.compiler.jdt.JDTBasedSpoonCompiler.reportProblems(JDTBasedSpoonCompiler.java:562)
	at spoon.support.compiler.jdt.JDTBasedSpoonCompiler.compile(JDTBasedSpoonCompiler.java:157)
	at fr.inria.spirals.npefix.main.all.Launcher.instrument(Launcher.java:109)
	at fr.inria.spirals.npefix.main.run.Main.run(Main.java:61)
	at fr.inria.spirals.npefix.main.run.Main.main(Main.java:48)
Exception in thread "main" spoon.compiler.ModelBuildingException: The import org.apache.commons.math.exception.ConvergenceException collides with another import statement at /tmp/NPEFix_Bug_dot_jar_Commons-Math_4cc9a49d/NonLinearConjugateGradientOptimizer.java:15
	at spoon.support.compiler.jdt.JDTBasedSpoonCompiler.report(JDTBasedSpoonCompiler.java:581)
	at spoon.support.compiler.jdt.JDTBasedSpoonCompiler.reportProblems(JDTBasedSpoonCompiler.java:562)
	at spoon.support.compiler.jdt.JDTBasedSpoonCompiler.compile(JDTBasedSpoonCompiler.java:157)
	at fr.inria.spirals.npefix.main.all.Launcher.instrument(Launcher.java:109)
	at fr.inria.spirals.npefix.main.run.Main.run(Main.java:61)
	at fr.inria.spirals.npefix.main.run.Main.main(Main.java:48)
Command exited with non-zero status 1
177.65user 2.23system 1:16.75elapsed 234%CPU (0avgtext+0avgdata 1937584maxresident)k
18648inputs+35960outputs (1major+520453minor)pagefaults 0swaps


Node: petitprince-15.luxembourg.grid5000.fr



Date: Sat Dec 29 18:25:27 EST 2018

