cd /tmp/NPEFix_IntroClassJava_grade_9c9308d4cdf5bc5dfe6efc2b1a9c9bc9a44fbff73c5367c97e3be37861bbb3ba9ac7ad3ddec74dc66e34fe8f0804e46186819b4e90e8f9a59d1b82d9cf0a6218_007;
export JAVA_TOOL_OPTIONS="-Dfile.encoding=UTF8 -Duser.language=en-US -Duser.country=US -Duser.language=en";
TZ="America/New_York"; export TZ;
export PATH="/usr/lib/jvm/java-1.8.0-openjdk-amd64/bin/:$PATH";
export JAVA_HOME="/usr/lib/jvm/java-1.8.0-openjdk-amd64/bin/";
time java -Xmx4g -Xms1g -cp /home/tdurieux/defects4j4repair/script/../repair_tools/npefix.jar fr.inria.spirals.npefix.main.run.Main \
    --test introclassJava.grade_9c9308d4_007BlackboxTest:introclassJava.grade_9c9308d4_007WhiteboxTest \
    --iteration 100 \
	--complianceLevel 7 \
	--workingdirectory . \
	--source src/main/java \
	--classpath target/classes:target/test-classes:/home/tdurieux/.m2/repository/junit/junit/4.11/junit-4.11.jar:/home/tdurieux/.m2/repository/org/hamcrest/hamcrest-core/1.3/hamcrest-core-1.3.jar;
	echo "\n\nNode: `hostname`\n";
	echo "\n\nDate: `date`\n";
Picked up JAVA_TOOL_OPTIONS: -Dfile.encoding=UTF8 -Duser.language=en-US -Duser.country=US -Duser.language=en
TernarySplitter  in 4ms
CheckNotNull  in 2ms
ForceNullInit in 24ms
AddImplicitCastChecker --> 0 in 5ms
BeforeDeref --> 31 (failed:0) in 20ms
target--> 31 (failed:0) in 65ms
TryRegister # Try: 0 in 2ms
Assign --> 20 (failed: 0) in 54ms
VarInit --> 7 in 5ms
MethodEncapsulation # Method: 2 in 47ms
ConstructorEncapsulation # Constructor: 10 in 11ms
VariableFor in 3ms
RMI Selector (Host: 127.0.0.1, Port: 10000): KO
introclassJava.grade_9c9308d4_007WhiteboxTest#test2
<No Strat> Status: Ko
introclassJava.grade_9c9308d4_007WhiteboxTest#test1
<No Strat> Status: Ko
introclassJava.grade_9c9308d4_007WhiteboxTest#test3
<No Strat> Status: Ko
introclassJava.grade_9c9308d4_007WhiteboxTest#test4
<No Strat> Status: Ko
introclassJava.grade_9c9308d4_007WhiteboxTest#test5
<No Strat> Status: Ko
introclassJava.grade_9c9308d4_007WhiteboxTest#test6
<No Strat> Status: Ko
introclassJava.grade_9c9308d4_007WhiteboxTest#test7
<No Strat> Status: Ko
introclassJava.grade_9c9308d4_007WhiteboxTest#test8
<No Strat> Status: Ko
introclassJava.grade_9c9308d4_007WhiteboxTest#test9
<No Strat> Status: Ko
introclassJava.grade_9c9308d4_007BlackboxTest#test2
<No Strat> Status: Ko
introclassJava.grade_9c9308d4_007BlackboxTest#test1
<No Strat> Status: Ko
introclassJava.grade_9c9308d4_007BlackboxTest#test3
<No Strat> Status: Ko
introclassJava.grade_9c9308d4_007BlackboxTest#test4
<No Strat> Status: Ko
introclassJava.grade_9c9308d4_007BlackboxTest#test5
<No Strat> Status: Ko
introclassJava.grade_9c9308d4_007BlackboxTest#test6
<No Strat> Status: Ko
introclassJava.grade_9c9308d4_007BlackboxTest#test7
<No Strat> Status: Ko
introclassJava.grade_9c9308d4_007BlackboxTest#test8
<No Strat> Status: Ko
introclassJava.grade_9c9308d4_007BlackboxTest#test9
<No Strat> Status: Ko
introclassJava.grade_9c9308d4_007WhiteboxTest#test2
<No Strat> Status: Ko
introclassJava.grade_9c9308d4_007WhiteboxTest#test1
<No Strat> Status: Ko
introclassJava.grade_9c9308d4_007WhiteboxTest#test3
<No Strat> Status: Ko
introclassJava.grade_9c9308d4_007WhiteboxTest#test4
<No Strat> Status: Ko
introclassJava.grade_9c9308d4_007WhiteboxTest#test5
<No Strat> Status: Ko
introclassJava.grade_9c9308d4_007WhiteboxTest#test6
<No Strat> Status: Ko
introclassJava.grade_9c9308d4_007WhiteboxTest#test7
<No Strat> Status: Ko
introclassJava.grade_9c9308d4_007WhiteboxTest#test8
<No Strat> Status: Ko
introclassJava.grade_9c9308d4_007WhiteboxTest#test9
<No Strat> Status: Ko
introclassJava.grade_9c9308d4_007BlackboxTest#test2
<No Strat> Status: Ko
introclassJava.grade_9c9308d4_007BlackboxTest#test1
<No Strat> Status: Ko
introclassJava.grade_9c9308d4_007BlackboxTest#test3
<No Strat> Status: Ko
introclassJava.grade_9c9308d4_007BlackboxTest#test4
<No Strat> Status: Ko
introclassJava.grade_9c9308d4_007BlackboxTest#test5
<No Strat> Status: Ko
introclassJava.grade_9c9308d4_007BlackboxTest#test6
<No Strat> Status: Ko
introclassJava.grade_9c9308d4_007BlackboxTest#test7
<No Strat> Status: Ko
introclassJava.grade_9c9308d4_007BlackboxTest#test8
<No Strat> Status: Ko
introclassJava.grade_9c9308d4_007BlackboxTest#test9
<No Strat> Status: Ko
introclassJava.grade_9c9308d4_007WhiteboxTest#test2
<No Strat> Status: Ko
introclassJava.grade_9c9308d4_007WhiteboxTest#test1
<No Strat> Status: Ko
introclassJava.grade_9c9308d4_007WhiteboxTest#test3
<No Strat> Status: Ko
introclassJava.grade_9c9308d4_007WhiteboxTest#test4
<No Strat> Status: Ko
introclassJava.grade_9c9308d4_007WhiteboxTest#test5
<No Strat> Status: Ko
introclassJava.grade_9c9308d4_007WhiteboxTest#test6
<No Strat> Status: Ko
introclassJava.grade_9c9308d4_007WhiteboxTest#test7
<No Strat> Status: Ko
introclassJava.grade_9c9308d4_007WhiteboxTest#test8
<No Strat> Status: Ko
introclassJava.grade_9c9308d4_007WhiteboxTest#test9
<No Strat> Status: Ko
introclassJava.grade_9c9308d4_007BlackboxTest#test2
<No Strat> Status: Ko
introclassJava.grade_9c9308d4_007BlackboxTest#test1
<No Strat> Status: Ko
introclassJava.grade_9c9308d4_007BlackboxTest#test3
<No Strat> Status: Ko
introclassJava.grade_9c9308d4_007BlackboxTest#test4
<No Strat> Status: Ko
introclassJava.grade_9c9308d4_007BlackboxTest#test5
<No Strat> Status: Ko
introclassJava.grade_9c9308d4_007BlackboxTest#test6
<No Strat> Status: Ko
introclassJava.grade_9c9308d4_007BlackboxTest#test7
<No Strat> Status: Ko
introclassJava.grade_9c9308d4_007BlackboxTest#test8
<No Strat> Status: Ko
introclassJava.grade_9c9308d4_007BlackboxTest#test9
<No Strat> Status: Ko
introclassJava.grade_9c9308d4_007WhiteboxTest#test2
<No Strat> Status: Ko
introclassJava.grade_9c9308d4_007WhiteboxTest#test1
<No Strat> Status: Ko
introclassJava.grade_9c9308d4_007WhiteboxTest#test3
<No Strat> Status: Ko
introclassJava.grade_9c9308d4_007WhiteboxTest#test4
<No Strat> Status: Ko
introclassJava.grade_9c9308d4_007WhiteboxTest#test5
<No Strat> Status: Ko
introclassJava.grade_9c9308d4_007WhiteboxTest#test6
<No Strat> Status: Ko
introclassJava.grade_9c9308d4_007WhiteboxTest#test7
<No Strat> Status: Ko
introclassJava.grade_9c9308d4_007WhiteboxTest#test8
<No Strat> Status: Ko
introclassJava.grade_9c9308d4_007WhiteboxTest#test9
<No Strat> Status: Ko
introclassJava.grade_9c9308d4_007BlackboxTest#test2
<No Strat> Status: Ko
introclassJava.grade_9c9308d4_007BlackboxTest#test1
<No Strat> Status: Ko
introclassJava.grade_9c9308d4_007BlackboxTest#test3
<No Strat> Status: Ko
introclassJava.grade_9c9308d4_007BlackboxTest#test4
<No Strat> Status: Ko
introclassJava.grade_9c9308d4_007BlackboxTest#test5
<No Strat> Status: Ko
introclassJava.grade_9c9308d4_007BlackboxTest#test6
<No Strat> Status: Ko
introclassJava.grade_9c9308d4_007BlackboxTest#test7
<No Strat> Status: Ko
introclassJava.grade_9c9308d4_007BlackboxTest#test8
<No Strat> Status: Ko
introclassJava.grade_9c9308d4_007BlackboxTest#test9
<No Strat> Status: Ko
introclassJava.grade_9c9308d4_007WhiteboxTest#test2
<No Strat> Status: Ko
introclassJava.grade_9c9308d4_007WhiteboxTest#test1
<No Strat> Status: Ko
introclassJava.grade_9c9308d4_007WhiteboxTest#test3
<No Strat> Status: Ko
introclassJava.grade_9c9308d4_007WhiteboxTest#test4
<No Strat> Status: Ko
introclassJava.grade_9c9308d4_007WhiteboxTest#test5
<No Strat> Status: Ko
introclassJava.grade_9c9308d4_007WhiteboxTest#test6
<No Strat> Status: Ko
introclassJava.grade_9c9308d4_007WhiteboxTest#test7
<No Strat> Status: Ko
introclassJava.grade_9c9308d4_007WhiteboxTest#test8
<No Strat> Status: Ko
introclassJava.grade_9c9308d4_007WhiteboxTest#test9
<No Strat> Status: Ko
introclassJava.grade_9c9308d4_007BlackboxTest#test2
<No Strat> Status: Ko
introclassJava.grade_9c9308d4_007BlackboxTest#test1
<No Strat> Status: Ko
introclassJava.grade_9c9308d4_007BlackboxTest#test3
<No Strat> Status: Ko
introclassJava.grade_9c9308d4_007BlackboxTest#test4
<No Strat> Status: Ko
introclassJava.grade_9c9308d4_007BlackboxTest#test5
<No Strat> Status: Ko
introclassJava.grade_9c9308d4_007BlackboxTest#test6
<No Strat> Status: Ko
introclassJava.grade_9c9308d4_007BlackboxTest#test7
<No Strat> Status: Ko
introclassJava.grade_9c9308d4_007BlackboxTest#test8
<No Strat> Status: Ko
introclassJava.grade_9c9308d4_007BlackboxTest#test9
<No Strat> Status: Ko
introclassJava.grade_9c9308d4_007WhiteboxTest#test2
<No Strat> Status: Ko
introclassJava.grade_9c9308d4_007WhiteboxTest#test1
<No Strat> Status: Ko
introclassJava.grade_9c9308d4_007WhiteboxTest#test3
<No Strat> Status: Ko
introclassJava.grade_9c9308d4_007WhiteboxTest#test4
<No Strat> Status: Ko
introclassJava.grade_9c9308d4_007WhiteboxTest#test5
<No Strat> Status: Ko
introclassJava.grade_9c9308d4_007WhiteboxTest#test6
<No Strat> Status: Ko
introclassJava.grade_9c9308d4_007WhiteboxTest#test7
<No Strat> Status: Ko
introclassJava.grade_9c9308d4_007WhiteboxTest#test8
<No Strat> Status: Ko
introclassJava.grade_9c9308d4_007WhiteboxTest#test9
<No Strat> Status: Ko
introclassJava.grade_9c9308d4_007BlackboxTest#test2
<No Strat> Status: Ko
introclassJava.grade_9c9308d4_007BlackboxTest#test1
<No Strat> Status: Ko
introclassJava.grade_9c9308d4_007BlackboxTest#test3
<No Strat> Status: Ko
introclassJava.grade_9c9308d4_007BlackboxTest#test4
<No Strat> Status: Ko
introclassJava.grade_9c9308d4_007BlackboxTest#test5
<No Strat> Status: Ko
introclassJava.grade_9c9308d4_007BlackboxTest#test6
<No Strat> Status: Ko
introclassJava.grade_9c9308d4_007BlackboxTest#test7
<No Strat> Status: Ko
introclassJava.grade_9c9308d4_007BlackboxTest#test8
<No Strat> Status: Ko
introclassJava.grade_9c9308d4_007BlackboxTest#test9
<No Strat> Status: Ko
5.79user 0.18system 0:02.95elapsed 202%CPU (0avgtext+0avgdata 271516maxresident)k
21440inputs+224outputs (1major+80259minor)pagefaults 0swaps


Node: graphene-142.nancy.grid5000.fr



Date: Thu Dec  6 04:08:48 EST 2018

