cd /tmp/NPEFix_IntroClassJava_smallest_90a14c1ac8f56395389fade6f67872a9684e61f83099e634ac675eae04f391f3cc2b6f6ebe966f2488ce7e00a2cabb218f3b1372d4161b3c05d134b1b7f296d2_000;
export JAVA_TOOL_OPTIONS="-Dfile.encoding=UTF8 -Duser.language=en-US -Duser.country=US -Duser.language=en";
TZ="America/New_York"; export TZ;
export PATH="/usr/lib/jvm/java-1.8.0-openjdk-amd64/bin/:$PATH";
export JAVA_HOME="/usr/lib/jvm/java-1.8.0-openjdk-amd64/bin/";
time java -Xmx4g -Xms1g -cp /home/tdurieux/defects4j4repair/script/../repair_tools/npefix.jar fr.inria.spirals.npefix.main.run.Main \
    --test introclassJava.smallest_90a14c1a_000BlackboxTest:introclassJava.smallest_90a14c1a_000WhiteboxTest \
    --iteration 100 \
	--complianceLevel 7 \
	--workingdirectory . \
	--source src/main/java \
	--classpath target/classes:target/test-classes:/home/tdurieux/.m2/repository/junit/junit/4.11/junit-4.11.jar:/home/tdurieux/.m2/repository/org/hamcrest/hamcrest-core/1.3/hamcrest-core-1.3.jar;
	echo "\n\nNode: `hostname`\n";
	echo "\n\nDate: `date`\n";
Picked up JAVA_TOOL_OPTIONS: -Dfile.encoding=UTF8 -Duser.language=en-US -Duser.country=US -Duser.language=en
TernarySplitter  in 3ms
CheckNotNull  in 2ms
ForceNullInit in 32ms
AddImplicitCastChecker --> 0 in 3ms
BeforeDeref --> 43 (failed:0) in 25ms
target--> 43 (failed:0) in 78ms
TryRegister # Try: 0 in 2ms
Assign --> 16 (failed: 0) in 58ms
VarInit --> 5 in 4ms
MethodEncapsulation # Method: 2 in 52ms
ConstructorEncapsulation # Constructor: 10 in 11ms
VariableFor in 3ms
RMI Selector (Host: 127.0.0.1, Port: 10000): KO
introclassJava.smallest_90a14c1a_000WhiteboxTest#test2
<No Strat> Status: Ko
introclassJava.smallest_90a14c1a_000WhiteboxTest#test3
<No Strat> Status: Ko
introclassJava.smallest_90a14c1a_000WhiteboxTest#test4
<No Strat> Status: Ko
introclassJava.smallest_90a14c1a_000WhiteboxTest#test5
<No Strat> Status: Ko
introclassJava.smallest_90a14c1a_000WhiteboxTest#test6
<No Strat> Status: Ko
introclassJava.smallest_90a14c1a_000WhiteboxTest#test7
<No Strat> Status: Ko
introclassJava.smallest_90a14c1a_000WhiteboxTest#test8
<No Strat> Status: Ko
introclassJava.smallest_90a14c1a_000WhiteboxTest#test1
<No Strat> Status: Ko
introclassJava.smallest_90a14c1a_000BlackboxTest#test2
<No Strat> Status: Ko
introclassJava.smallest_90a14c1a_000BlackboxTest#test3
<No Strat> Status: Ko
introclassJava.smallest_90a14c1a_000BlackboxTest#test4
<No Strat> Status: Ko
introclassJava.smallest_90a14c1a_000BlackboxTest#test5
<No Strat> Status: Ko
introclassJava.smallest_90a14c1a_000BlackboxTest#test6
<No Strat> Status: Ko
introclassJava.smallest_90a14c1a_000BlackboxTest#test7
<No Strat> Status: Ko
introclassJava.smallest_90a14c1a_000BlackboxTest#test8
<No Strat> Status: Ko
introclassJava.smallest_90a14c1a_000BlackboxTest#test1
<No Strat> Status: Ok
Multirun 16/100 16%
introclassJava.smallest_90a14c1a_000WhiteboxTest#test2
<No Strat> Status: Ko
introclassJava.smallest_90a14c1a_000WhiteboxTest#test3
<No Strat> Status: Ko
introclassJava.smallest_90a14c1a_000WhiteboxTest#test4
<No Strat> Status: Ko
introclassJava.smallest_90a14c1a_000WhiteboxTest#test5
<No Strat> Status: Ko
introclassJava.smallest_90a14c1a_000WhiteboxTest#test6
<No Strat> Status: Ko
introclassJava.smallest_90a14c1a_000WhiteboxTest#test7
<No Strat> Status: Ko
introclassJava.smallest_90a14c1a_000WhiteboxTest#test8
<No Strat> Status: Ko
introclassJava.smallest_90a14c1a_000WhiteboxTest#test1
<No Strat> Status: Ko
introclassJava.smallest_90a14c1a_000BlackboxTest#test2
<No Strat> Status: Ko
introclassJava.smallest_90a14c1a_000BlackboxTest#test3
<No Strat> Status: Ko
introclassJava.smallest_90a14c1a_000BlackboxTest#test4
<No Strat> Status: Ko
introclassJava.smallest_90a14c1a_000BlackboxTest#test5
<No Strat> Status: Ko
introclassJava.smallest_90a14c1a_000BlackboxTest#test6
<No Strat> Status: Ko
introclassJava.smallest_90a14c1a_000BlackboxTest#test7
<No Strat> Status: Ko
introclassJava.smallest_90a14c1a_000BlackboxTest#test8
<No Strat> Status: Ko
introclassJava.smallest_90a14c1a_000WhiteboxTest#test2
<No Strat> Status: Ko
introclassJava.smallest_90a14c1a_000WhiteboxTest#test3
<No Strat> Status: Ko
introclassJava.smallest_90a14c1a_000WhiteboxTest#test4
<No Strat> Status: Ko
introclassJava.smallest_90a14c1a_000WhiteboxTest#test5
<No Strat> Status: Ko
introclassJava.smallest_90a14c1a_000WhiteboxTest#test6
<No Strat> Status: Ko
introclassJava.smallest_90a14c1a_000WhiteboxTest#test7
<No Strat> Status: Ko
introclassJava.smallest_90a14c1a_000WhiteboxTest#test8
<No Strat> Status: Ko
introclassJava.smallest_90a14c1a_000WhiteboxTest#test1
<No Strat> Status: Ko
introclassJava.smallest_90a14c1a_000BlackboxTest#test2
<No Strat> Status: Ko
introclassJava.smallest_90a14c1a_000BlackboxTest#test3
<No Strat> Status: Ko
introclassJava.smallest_90a14c1a_000BlackboxTest#test4
<No Strat> Status: Ko
introclassJava.smallest_90a14c1a_000BlackboxTest#test5
<No Strat> Status: Ko
introclassJava.smallest_90a14c1a_000BlackboxTest#test6
<No Strat> Status: Ko
introclassJava.smallest_90a14c1a_000BlackboxTest#test7
<No Strat> Status: Ko
introclassJava.smallest_90a14c1a_000BlackboxTest#test8
<No Strat> Status: Ko
introclassJava.smallest_90a14c1a_000WhiteboxTest#test2
<No Strat> Status: Ko
introclassJava.smallest_90a14c1a_000WhiteboxTest#test3
<No Strat> Status: Ko
introclassJava.smallest_90a14c1a_000WhiteboxTest#test4
<No Strat> Status: Ko
introclassJava.smallest_90a14c1a_000WhiteboxTest#test5
<No Strat> Status: Ko
introclassJava.smallest_90a14c1a_000WhiteboxTest#test6
<No Strat> Status: Ko
introclassJava.smallest_90a14c1a_000WhiteboxTest#test7
<No Strat> Status: Ko
introclassJava.smallest_90a14c1a_000WhiteboxTest#test8
<No Strat> Status: Ko
introclassJava.smallest_90a14c1a_000WhiteboxTest#test1
<No Strat> Status: Ko
introclassJava.smallest_90a14c1a_000BlackboxTest#test2
<No Strat> Status: Ko
introclassJava.smallest_90a14c1a_000BlackboxTest#test3
<No Strat> Status: Ko
introclassJava.smallest_90a14c1a_000BlackboxTest#test4
<No Strat> Status: Ko
introclassJava.smallest_90a14c1a_000BlackboxTest#test5
<No Strat> Status: Ko
introclassJava.smallest_90a14c1a_000BlackboxTest#test6
<No Strat> Status: Ko
introclassJava.smallest_90a14c1a_000BlackboxTest#test7
<No Strat> Status: Ko
introclassJava.smallest_90a14c1a_000BlackboxTest#test8
<No Strat> Status: Ko
introclassJava.smallest_90a14c1a_000WhiteboxTest#test2
<No Strat> Status: Ko
introclassJava.smallest_90a14c1a_000WhiteboxTest#test3
<No Strat> Status: Ko
introclassJava.smallest_90a14c1a_000WhiteboxTest#test4
<No Strat> Status: Ko
introclassJava.smallest_90a14c1a_000WhiteboxTest#test5
<No Strat> Status: Ko
introclassJava.smallest_90a14c1a_000WhiteboxTest#test6
<No Strat> Status: Ko
introclassJava.smallest_90a14c1a_000WhiteboxTest#test7
<No Strat> Status: Ko
introclassJava.smallest_90a14c1a_000WhiteboxTest#test8
<No Strat> Status: Ko
introclassJava.smallest_90a14c1a_000WhiteboxTest#test1
<No Strat> Status: Ko
introclassJava.smallest_90a14c1a_000BlackboxTest#test2
<No Strat> Status: Ko
introclassJava.smallest_90a14c1a_000BlackboxTest#test3
<No Strat> Status: Ko
introclassJava.smallest_90a14c1a_000BlackboxTest#test4
<No Strat> Status: Ko
introclassJava.smallest_90a14c1a_000BlackboxTest#test5
<No Strat> Status: Ko
introclassJava.smallest_90a14c1a_000BlackboxTest#test6
<No Strat> Status: Ko
introclassJava.smallest_90a14c1a_000BlackboxTest#test7
<No Strat> Status: Ko
introclassJava.smallest_90a14c1a_000BlackboxTest#test8
<No Strat> Status: Ko
introclassJava.smallest_90a14c1a_000WhiteboxTest#test2
<No Strat> Status: Ko
introclassJava.smallest_90a14c1a_000WhiteboxTest#test3
<No Strat> Status: Ko
introclassJava.smallest_90a14c1a_000WhiteboxTest#test4
<No Strat> Status: Ko
introclassJava.smallest_90a14c1a_000WhiteboxTest#test5
<No Strat> Status: Ko
introclassJava.smallest_90a14c1a_000WhiteboxTest#test6
<No Strat> Status: Ko
introclassJava.smallest_90a14c1a_000WhiteboxTest#test7
<No Strat> Status: Ko
introclassJava.smallest_90a14c1a_000WhiteboxTest#test8
<No Strat> Status: Ko
introclassJava.smallest_90a14c1a_000WhiteboxTest#test1
<No Strat> Status: Ko
introclassJava.smallest_90a14c1a_000BlackboxTest#test2
<No Strat> Status: Ko
introclassJava.smallest_90a14c1a_000BlackboxTest#test3
<No Strat> Status: Ko
introclassJava.smallest_90a14c1a_000BlackboxTest#test4
<No Strat> Status: Ko
introclassJava.smallest_90a14c1a_000BlackboxTest#test5
<No Strat> Status: Ko
introclassJava.smallest_90a14c1a_000BlackboxTest#test6
<No Strat> Status: Ko
introclassJava.smallest_90a14c1a_000BlackboxTest#test7
<No Strat> Status: Ko
introclassJava.smallest_90a14c1a_000BlackboxTest#test8
<No Strat> Status: Ko
introclassJava.smallest_90a14c1a_000WhiteboxTest#test2
<No Strat> Status: Ko
introclassJava.smallest_90a14c1a_000WhiteboxTest#test3
<No Strat> Status: Ko
introclassJava.smallest_90a14c1a_000WhiteboxTest#test4
<No Strat> Status: Ko
introclassJava.smallest_90a14c1a_000WhiteboxTest#test5
<No Strat> Status: Ko
introclassJava.smallest_90a14c1a_000WhiteboxTest#test6
<No Strat> Status: Ko
introclassJava.smallest_90a14c1a_000WhiteboxTest#test7
<No Strat> Status: Ko
introclassJava.smallest_90a14c1a_000WhiteboxTest#test8
<No Strat> Status: Ko
introclassJava.smallest_90a14c1a_000WhiteboxTest#test1
<No Strat> Status: Ko
introclassJava.smallest_90a14c1a_000BlackboxTest#test2
<No Strat> Status: Ko
introclassJava.smallest_90a14c1a_000BlackboxTest#test3
<No Strat> Status: Ko
introclassJava.smallest_90a14c1a_000BlackboxTest#test4
<No Strat> Status: Ko
introclassJava.smallest_90a14c1a_000BlackboxTest#test5
<No Strat> Status: Ko
introclassJava.smallest_90a14c1a_000BlackboxTest#test6
<No Strat> Status: Ko
introclassJava.smallest_90a14c1a_000BlackboxTest#test7
<No Strat> Status: Ko
introclassJava.smallest_90a14c1a_000BlackboxTest#test8
<No Strat> Status: Ko
5.62user 0.22system 0:03.08elapsed 189%CPU (0avgtext+0avgdata 263700maxresident)k
21456inputs+232outputs (1major+74921minor)pagefaults 0swaps


Node: graphene-73.nancy.grid5000.fr



Date: Thu Dec  6 03:54:07 EST 2018

