cd /tmp/NPEFix_Bears_albfernandez-GDS-PMD-Security-Rules_451155169-455669767;
export JAVA_TOOL_OPTIONS="-Dfile.encoding=UTF8 -Duser.language=en-US -Duser.country=US -Duser.language=en";
TZ="America/New_York"; export TZ;
export PATH="/usr/lib/jvm/java-1.8.0-openjdk-amd64/bin/:$PATH";
export JAVA_HOME="/usr/lib/jvm/java-1.8.0-openjdk-amd64/bin/";
time java -Xmx4048m -cp /home/tdurieux/RepairThemAll/script/../repair_tools/npefix.jar fr.inria.spirals.npefix.main.run.Main \
    --test com.gdssecurity.pmd.SanitizersTest \
    --iteration 100 \
	--complianceLevel 8 \
	--workingdirectory . \
	--source src/main/java \
	--classpath target/classes:target/test-classes:/home/tdurieux/.m2/repository/net/sourceforge/pmd/pmd-go/6.9.0/pmd-go-6.9.0.jar:/home/tdurieux/.m2/repository/org/ow2/asm/asm/6.2.1/asm-6.2.1.jar:/home/tdurieux/.m2/repository/xml-apis/xml-apis-ext/1.3.04/xml-apis-ext-1.3.04.jar:/home/tdurieux/.m2/repository/org/apache/tomcat/embed/tomcat-embed-el/8.0.24/tomcat-embed-el-8.0.24.jar:/home/tdurieux/.m2/repository/net/sourceforge/pmd/pmd-php/6.9.0/pmd-php-6.9.0.jar:/home/tdurieux/.m2/repository/net/sourceforge/pmd/pmd-scala/6.9.0/pmd-scala-6.9.0.jar:/home/tdurieux/.m2/repository/net/sourceforge/pmd/pmd-python/6.9.0/pmd-python-6.9.0.jar:/home/tdurieux/.m2/repository/xerces/xercesImpl/2.8.0/xercesImpl-2.8.0.jar:/home/tdurieux/.m2/repository/net/sourceforge/nekohtml/nekohtml/1.9.16/nekohtml-1.9.16.jar:/home/tdurieux/.m2/repository/net/sourceforge/pmd/pmd-xml/6.9.0/pmd-xml-6.9.0.jar:/home/tdurieux/.m2/repository/org/apache/tomcat/tomcat-util-scan/8.0.24/tomcat-util-scan-8.0.24.jar:/home/tdurieux/.m2/repository/org/apache/tomcat/tomcat-servlet-api/8.0.24/tomcat-servlet-api-8.0.24.jar:/home/tdurieux/.m2/repository/org/apache/tomcat/tomcat-annotations-api/8.0.24/tomcat-annotations-api-8.0.24.jar:/home/tdurieux/.m2/repository/org/apache/tomcat/tomcat-util/8.0.24/tomcat-util-8.0.24.jar:/home/tdurieux/.m2/repository/org/apache/tomcat/tomcat-jsp-api/8.0.24/tomcat-jsp-api-8.0.24.jar:/home/tdurieux/.m2/repository/commons-fileupload/commons-fileupload/1.3.1/commons-fileupload-1.3.1.jar:/home/tdurieux/.m2/repository/org/scala-lang/scala-reflect/2.12.4/scala-reflect-2.12.4.jar:/home/tdurieux/.m2/repository/org/apache/xmlgraphics/batik-css/1.8/batik-css-1.8.jar:/home/tdurieux/.m2/repository/org/apache/commons/commons-lang3/3.8.1/commons-lang3-3.8.1.jar:/home/tdurieux/.m2/repository/commons-beanutils/commons-beanutils-core/1.8.3/commons-beanutils-core-1.8.3.jar:/home/tdurieux/.m2/repository/org/owasp/esapi/esapi/2.1.0.1/esapi-2.1.0.1.jar:/home/tdurieux/.m2/repository/net/sourceforge/pmd/pmd-javascript/6.9.0/pmd-javascript-6.9.0.jar:/home/tdurieux/.m2/repository/net/sourceforge/saxon/saxon/9.1.0.8/saxon-9.1.0.8-dom.jar:/home/tdurieux/.m2/repository/net/sourceforge/pmd/pmd-cs/6.9.0/pmd-cs-6.9.0.jar:/home/tdurieux/.m2/repository/org/scala-lang/scala-compiler/2.12.4/scala-compiler-2.12.4.jar:/home/tdurieux/.m2/repository/commons-collections/commons-collections/3.2.2/commons-collections-3.2.2.jar:/home/tdurieux/.m2/repository/net/sourceforge/pmd/pmd-objectivec/6.9.0/pmd-objectivec-6.9.0.jar:/home/tdurieux/.m2/repository/commons-httpclient/commons-httpclient/3.1/commons-httpclient-3.1.jar:/home/tdurieux/.m2/repository/commons-logging/commons-logging/1.1.1/commons-logging-1.1.1.jar:/home/tdurieux/.m2/repository/org/apache/xmlgraphics/batik-util/1.8/batik-util-1.8.jar:/home/tdurieux/.m2/repository/org/eclipse/jdt/core/compiler/ecj/4.4.2/ecj-4.4.2.jar:/home/tdurieux/.m2/repository/net/sourceforge/pmd/pmd-jsp/6.9.0/pmd-jsp-6.9.0.jar:/home/tdurieux/.m2/repository/xml-apis/xml-apis/1.3.03/xml-apis-1.3.03.jar:/home/tdurieux/.m2/repository/org/scala-lang/modules/scala-xml_2.12/1.0.6/scala-xml_2.12-1.0.6.jar:/home/tdurieux/.m2/repository/org/apache/tomcat/tomcat-catalina/8.0.24/tomcat-catalina-8.0.24.jar:/home/tdurieux/.m2/repository/commons-configuration/commons-configuration/1.10/commons-configuration-1.10.jar:/home/tdurieux/.m2/repository/org/owasp/antisamy/antisamy/1.5.3/antisamy-1.5.3.jar:/home/tdurieux/.m2/repository/net/sourceforge/saxon/saxon/9.1.0.8/saxon-9.1.0.8.jar:/home/tdurieux/.m2/repository/net/sourceforge/pmd/pmd-plsql/6.9.0/pmd-plsql-6.9.0.jar:/home/tdurieux/.m2/repository/org/apache/tomcat/tomcat-el-api/8.0.24/tomcat-el-api-8.0.24.jar:/home/tdurieux/.m2/repository/net/sourceforge/pmd/pmd-java/6.9.0/pmd-java-6.9.0.jar:/home/tdurieux/.m2/repository/org/mozilla/rhino/1.7.7.2/rhino-1.7.7.2.jar:/home/tdurieux/.m2/repository/org/owasp/encoder/encoder/1.2.2/encoder-1.2.2.jar:/home/tdurieux/.m2/repository/xom/xom/1.2.5/xom-1.2.5.jar:/home/tdurieux/.m2/repository/xalan/xalan/2.7.0/xalan-2.7.0.jar:/home/tdurieux/.m2/repository/com/beust/jcommander/1.48/jcommander-1.48.jar:/home/tdurieux/.m2/repository/net/sourceforge/pmd/pmd-fortran/6.9.0/pmd-fortran-6.9.0.jar:/home/tdurieux/.m2/repository/org/apache/xmlgraphics/batik-ext/1.8/batik-ext-1.8.jar:/home/tdurieux/.m2/repository/net/sourceforge/pmd/pmd-core/6.9.0/pmd-core-6.9.0.jar:/home/tdurieux/.m2/repository/org/hamcrest/hamcrest-core/1.3/hamcrest-core-1.3.jar:/home/tdurieux/.m2/repository/org/apache/tomcat/embed/tomcat-embed-core/8.0.24/tomcat-embed-core-8.0.24.jar:/home/tdurieux/.m2/repository/net/java/dev/javacc/javacc/5.0/javacc-5.0.jar:/home/tdurieux/.m2/repository/org/scala-lang/scala-library/2.12.4/scala-library-2.12.4.jar:/home/tdurieux/.m2/repository/com/google/code/gson/gson/2.5/gson-2.5.jar:/home/tdurieux/.m2/repository/net/sourceforge/pmd/pmd-matlab/6.9.0/pmd-matlab-6.9.0.jar:/home/tdurieux/.m2/repository/junit/junit/4.12/junit-4.12.jar:/home/tdurieux/.m2/repository/org/apache/tomcat/tomcat-juli/8.0.24/tomcat-juli-8.0.24.jar:/home/tdurieux/.m2/repository/org/apache/tomcat/tomcat-jni/8.0.24/tomcat-jni-8.0.24.jar:/home/tdurieux/.m2/repository/org/apache/tomcat/tomcat-coyote/8.0.24/tomcat-coyote-8.0.24.jar:/home/tdurieux/.m2/repository/commons-lang/commons-lang/2.6/commons-lang-2.6.jar:/home/tdurieux/.m2/repository/net/sourceforge/pmd/pmd-ruby/6.9.0/pmd-ruby-6.9.0.jar:/home/tdurieux/.m2/repository/commons-io/commons-io/2.6/commons-io-2.6.jar:/home/tdurieux/.m2/repository/org/apache/tomcat/embed/tomcat-embed-jasper/8.0.24/tomcat-embed-jasper-8.0.24.jar:/home/tdurieux/.m2/repository/net/sourceforge/pmd/pmd-vm/6.9.0/pmd-vm-6.9.0.jar:/home/tdurieux/.m2/repository/log4j/log4j/1.2.17/log4j-1.2.17.jar:/home/tdurieux/.m2/repository/org/antlr/antlr4-runtime/4.7/antlr4-runtime-4.7.jar:/home/tdurieux/.m2/repository/net/sourceforge/pmd/pmd-cpp/6.9.0/pmd-cpp-6.9.0.jar:/home/tdurieux/.m2/repository/org/hibernate/javax/persistence/hibernate-jpa-2.1-api/1.0.0.Final/hibernate-jpa-2.1-api-1.0.0.Final.jar:/home/tdurieux/.m2/repository/org/beanshell/bsh-core/2.0b4/bsh-core-2.0b4.jar:/home/tdurieux/.m2/repository/org/apache/commons/commons-text/1.2/commons-text-1.2.jar:/home/tdurieux/.m2/repository/org/apache/tomcat/tomcat-api/8.0.24/tomcat-api-8.0.24.jar:/home/tdurieux/.m2/repository/commons-codec/commons-codec/1.2/commons-codec-1.2.jar;
	echo "\n\nNode: `hostname`\n";
	echo "\n\nDate: `date`\n";
Picked up JAVA_TOOL_OPTIONS: -Dfile.encoding=UTF8 -Duser.language=en-US -Duser.country=US -Duser.language=en
TernarySplitter  in 46ms
return arguments != null
return (declaration != null) && (!(declaration.getNode().getParentsOfType(ASTFieldDeclaration.class).isEmpty()))
CheckNotNull  in 242ms
ForceNullInit in 27ms
AddImplicitCastChecker --> 0 in 19ms
BeforeDeref --> 340 (failed:0) in 134ms
target--> 406 (failed:0) in 227ms
TryRegister # Try: 9 in 35ms
Assign --> 232 (failed: 0) in 157ms
VarInit --> 114 in 51ms
MethodEncapsulation # Method: 110 in 607ms
ConstructorEncapsulation # Constructor: 8 in 67ms
VariableFor in 48ms
RMI Selector (Host: 127.0.0.1, Port: 10000): KO
/tmp/NPEFix_Bears_albfernandez-GDS-PMD-Security-Rules_451155169-455669767/src/test/java/resources/cwe931xss/XSSSanitizersParseInt.java:15:	Cross-Site Scripting
Dec 26, 2018 12:27:47 PM net.sourceforge.pmd.RuleSet apply
WARNING: Exception applying rule CrossSiteScripting on file /tmp/NPEFix_Bears_albfernandez-GDS-PMD-Security-Rules_451155169-455669767/src/test/java/resources/cwe931xss/XSSSanitizersESAPI.java, continuing with next rule
java.lang.NullPointerException
	at com.gdssecurity.pmd.rules.dfa.DfaSecurityRule.isField(DfaSecurityRule.java:3592)
	at com.gdssecurity.pmd.rules.dfa.DfaSecurityRule.getVarName(DfaSecurityRule.java:2518)
	at com.gdssecurity.pmd.rules.dfa.DfaSecurityRule.isUsedOverTaintedVariable(DfaSecurityRule.java:2435)
	at com.gdssecurity.pmd.rules.dfa.DfaSecurityRule.isTainted(DfaSecurityRule.java:2334)
	at com.gdssecurity.pmd.rules.dfa.DfaSecurityRule.handleVariableDefinition(DfaSecurityRule.java:2201)
	at com.gdssecurity.pmd.rules.dfa.DfaSecurityRule.handleDataFlowNode(DfaSecurityRule.java:1458)
	at com.gdssecurity.pmd.rules.dfa.DfaSecurityRule.execute(DfaSecurityRule.java:337)
	at net.sourceforge.pmd.lang.dfa.pathfinder.DAAPathFinder.phase1(DAAPathFinder.java:62)
	at net.sourceforge.pmd.lang.dfa.pathfinder.DAAPathFinder.run(DAAPathFinder.java:47)
	at com.gdssecurity.pmd.rules.dfa.DfaSecurityRule.runFinder(DfaSecurityRule.java:988)
	at com.gdssecurity.pmd.rules.dfa.DfaSecurityRule.visit(DfaSecurityRule.java:926)
	at net.sourceforge.pmd.lang.java.ast.ASTMethodDeclaration.jjtAccept(ASTMethodDeclaration.java:33)
	at net.sourceforge.pmd.lang.java.ast.AbstractJavaNode.childrenAccept(AbstractJavaNode.java:60)
	at net.sourceforge.pmd.lang.java.rule.AbstractJavaRule.visit(AbstractJavaRule.java:84)
	at net.sourceforge.pmd.lang.java.rule.AbstractJavaRule.visit(AbstractJavaRule.java:130)
	at net.sourceforge.pmd.lang.java.ast.ASTClassOrInterfaceBodyDeclaration.jjtAccept(ASTClassOrInterfaceBodyDeclaration.java:43)
	at net.sourceforge.pmd.lang.java.ast.AbstractJavaNode.childrenAccept(AbstractJavaNode.java:60)
	at net.sourceforge.pmd.lang.java.rule.AbstractJavaRule.visit(AbstractJavaRule.java:84)
	at net.sourceforge.pmd.lang.java.rule.AbstractJavaRule.visit(AbstractJavaRule.java:125)
	at net.sourceforge.pmd.lang.java.ast.ASTClassOrInterfaceBody.jjtAccept(ASTClassOrInterfaceBody.java:32)
	at net.sourceforge.pmd.lang.java.ast.AbstractJavaNode.childrenAccept(AbstractJavaNode.java:60)
	at net.sourceforge.pmd.lang.java.rule.AbstractJavaRule.visit(AbstractJavaRule.java:84)
	at net.sourceforge.pmd.lang.java.rule.AbstractJavaRule.visit(AbstractJavaRule.java:95)
	at net.sourceforge.pmd.lang.java.ast.ASTClassOrInterfaceDeclaration.jjtAccept(ASTClassOrInterfaceDeclaration.java:55)
	at net.sourceforge.pmd.lang.java.ast.AbstractJavaNode.childrenAccept(AbstractJavaNode.java:60)
	at net.sourceforge.pmd.lang.java.rule.AbstractJavaRule.visit(AbstractJavaRule.java:84)
	at net.sourceforge.pmd.lang.java.rule.AbstractJavaRule.visit(AbstractJavaRule.java:280)
	at net.sourceforge.pmd.lang.java.ast.ASTTypeDeclaration.jjtAccept(ASTTypeDeclaration.java:37)
	at net.sourceforge.pmd.lang.java.ast.AbstractJavaNode.childrenAccept(AbstractJavaNode.java:60)
	at net.sourceforge.pmd.lang.java.rule.AbstractJavaRule.visit(AbstractJavaRule.java:84)
	at net.sourceforge.pmd.lang.java.rule.AbstractJavaRule.visit(AbstractJavaRule.java:255)
	at net.sourceforge.pmd.lang.java.rule.AbstractJavaRule.visitAll(AbstractJavaRule.java:39)
	at net.sourceforge.pmd.lang.java.rule.AbstractJavaRule.apply(AbstractJavaRule.java:27)
	at com.gdssecurity.pmd.rules.BaseSecurityRule.apply(BaseSecurityRule.java:326)
	at net.sourceforge.pmd.RuleSet.apply(RuleSet.java:499)
	at net.sourceforge.pmd.RuleSets.apply(RuleSets.java:143)
	at net.sourceforge.pmd.SourceCodeProcessor.processSource(SourceCodeProcessor.java:184)
	at net.sourceforge.pmd.SourceCodeProcessor.processSourceCode(SourceCodeProcessor.java:96)
	at net.sourceforge.pmd.SourceCodeProcessor.processSourceCode(SourceCodeProcessor.java:51)
	at net.sourceforge.pmd.processor.PmdRunnable.call(PmdRunnable.java:78)
	at net.sourceforge.pmd.processor.PmdRunnable.call(PmdRunnable.java:24)
	at java.util.concurrent.FutureTask.run(FutureTask.java:266)
	at java.util.concurrent.Executors$RunnableAdapter.call(Executors.java:511)
	at java.util.concurrent.FutureTask.run(FutureTask.java:266)
	at java.util.concurrent.ThreadPoolExecutor.runWorker(ThreadPoolExecutor.java:1149)
	at java.util.concurrent.ThreadPoolExecutor$Worker.run(ThreadPoolExecutor.java:624)
	at java.lang.Thread.run(Thread.java:748)

75.49user 2.11system 0:45.26elapsed 171%CPU (0avgtext+0avgdata 1793084maxresident)k
20424inputs+2064outputs (1major+465854minor)pagefaults 0swaps


Node: suno-35.sophia.grid5000.fr



Date: Wed Dec 26 12:28:22 EST 2018

