cd /tmp/Kali_Bears_albfernandez-GDS-PMD-Security-Rules_451155169-455669767;
export JAVA_TOOL_OPTIONS="-Dfile.encoding=UTF8 -Duser.language=en-US -Duser.country=US -Duser.language=en";
TZ="America/New_York"; export TZ;
export PATH="/usr/lib/jvm/java-1.8.0-openjdk-amd64/bin/:$PATH";
export JAVA_HOME="/usr/lib/jvm/java-1.8.0-openjdk-amd64/bin/";
timeout 120m java -Xmx4g -Xms1g -cp /home/tdurieux/defects4j4repair/script/../libs/jmetal.jar:/home/tdurieux/defects4j4repair/script/../repair_tools/arja.jar us.msu.cse.repair.Main \
	Kali \
	-DexternalProjRoot /home/tdurieux/defects4j4repair/script/../libs/arja_external \
	-DsrcJavaDir /tmp/Kali_Bears_albfernandez-GDS-PMD-Security-Rules_451155169-455669767/src/main/java \
	-DbinJavaDir /tmp/Kali_Bears_albfernandez-GDS-PMD-Security-Rules_451155169-455669767/target/classes \
	-DbinTestDir /tmp/Kali_Bears_albfernandez-GDS-PMD-Security-Rules_451155169-455669767/target/test-classes \
	-DdiffFormat true \
	-Dseed 0 \
	-Ddependences /home/tdurieux/.m2/repository/net/sourceforge/pmd/pmd-go/6.9.0/pmd-go-6.9.0.jar:/home/tdurieux/.m2/repository/org/ow2/asm/asm/6.2.1/asm-6.2.1.jar:/home/tdurieux/.m2/repository/xml-apis/xml-apis-ext/1.3.04/xml-apis-ext-1.3.04.jar:/home/tdurieux/.m2/repository/org/apache/tomcat/embed/tomcat-embed-el/8.0.24/tomcat-embed-el-8.0.24.jar:/home/tdurieux/.m2/repository/net/sourceforge/pmd/pmd-php/6.9.0/pmd-php-6.9.0.jar:/home/tdurieux/.m2/repository/net/sourceforge/pmd/pmd-scala/6.9.0/pmd-scala-6.9.0.jar:/home/tdurieux/.m2/repository/net/sourceforge/pmd/pmd-python/6.9.0/pmd-python-6.9.0.jar:/home/tdurieux/.m2/repository/xerces/xercesImpl/2.8.0/xercesImpl-2.8.0.jar:/home/tdurieux/.m2/repository/net/sourceforge/nekohtml/nekohtml/1.9.16/nekohtml-1.9.16.jar:/home/tdurieux/.m2/repository/net/sourceforge/pmd/pmd-xml/6.9.0/pmd-xml-6.9.0.jar:/home/tdurieux/.m2/repository/org/apache/tomcat/tomcat-util-scan/8.0.24/tomcat-util-scan-8.0.24.jar:/home/tdurieux/.m2/repository/org/apache/tomcat/tomcat-servlet-api/8.0.24/tomcat-servlet-api-8.0.24.jar:/home/tdurieux/.m2/repository/org/apache/tomcat/tomcat-annotations-api/8.0.24/tomcat-annotations-api-8.0.24.jar:/home/tdurieux/.m2/repository/org/apache/tomcat/tomcat-util/8.0.24/tomcat-util-8.0.24.jar:/home/tdurieux/.m2/repository/org/apache/tomcat/tomcat-jsp-api/8.0.24/tomcat-jsp-api-8.0.24.jar:/home/tdurieux/.m2/repository/commons-fileupload/commons-fileupload/1.3.1/commons-fileupload-1.3.1.jar:/home/tdurieux/.m2/repository/org/scala-lang/scala-reflect/2.12.4/scala-reflect-2.12.4.jar:/home/tdurieux/.m2/repository/org/apache/xmlgraphics/batik-css/1.8/batik-css-1.8.jar:/home/tdurieux/.m2/repository/org/apache/commons/commons-lang3/3.8.1/commons-lang3-3.8.1.jar:/home/tdurieux/.m2/repository/commons-beanutils/commons-beanutils-core/1.8.3/commons-beanutils-core-1.8.3.jar:/home/tdurieux/.m2/repository/org/owasp/esapi/esapi/2.1.0.1/esapi-2.1.0.1.jar:/home/tdurieux/.m2/repository/net/sourceforge/pmd/pmd-javascript/6.9.0/pmd-javascript-6.9.0.jar:/home/tdurieux/.m2/repository/net/sourceforge/saxon/saxon/9.1.0.8/saxon-9.1.0.8-dom.jar:/home/tdurieux/.m2/repository/net/sourceforge/pmd/pmd-cs/6.9.0/pmd-cs-6.9.0.jar:/home/tdurieux/.m2/repository/org/scala-lang/scala-compiler/2.12.4/scala-compiler-2.12.4.jar:/home/tdurieux/.m2/repository/commons-collections/commons-collections/3.2.2/commons-collections-3.2.2.jar:/home/tdurieux/.m2/repository/net/sourceforge/pmd/pmd-objectivec/6.9.0/pmd-objectivec-6.9.0.jar:/home/tdurieux/.m2/repository/commons-httpclient/commons-httpclient/3.1/commons-httpclient-3.1.jar:/home/tdurieux/.m2/repository/commons-logging/commons-logging/1.1.1/commons-logging-1.1.1.jar:/home/tdurieux/.m2/repository/org/apache/xmlgraphics/batik-util/1.8/batik-util-1.8.jar:/home/tdurieux/.m2/repository/org/eclipse/jdt/core/compiler/ecj/4.4.2/ecj-4.4.2.jar:/home/tdurieux/.m2/repository/net/sourceforge/pmd/pmd-jsp/6.9.0/pmd-jsp-6.9.0.jar:/home/tdurieux/.m2/repository/xml-apis/xml-apis/1.3.03/xml-apis-1.3.03.jar:/home/tdurieux/.m2/repository/org/scala-lang/modules/scala-xml_2.12/1.0.6/scala-xml_2.12-1.0.6.jar:/home/tdurieux/.m2/repository/org/apache/tomcat/tomcat-catalina/8.0.24/tomcat-catalina-8.0.24.jar:/home/tdurieux/.m2/repository/commons-configuration/commons-configuration/1.10/commons-configuration-1.10.jar:/home/tdurieux/.m2/repository/org/owasp/antisamy/antisamy/1.5.3/antisamy-1.5.3.jar:/home/tdurieux/.m2/repository/net/sourceforge/saxon/saxon/9.1.0.8/saxon-9.1.0.8.jar:/home/tdurieux/.m2/repository/net/sourceforge/pmd/pmd-plsql/6.9.0/pmd-plsql-6.9.0.jar:/home/tdurieux/.m2/repository/org/apache/tomcat/tomcat-el-api/8.0.24/tomcat-el-api-8.0.24.jar:/home/tdurieux/.m2/repository/net/sourceforge/pmd/pmd-java/6.9.0/pmd-java-6.9.0.jar:/home/tdurieux/.m2/repository/org/mozilla/rhino/1.7.7.2/rhino-1.7.7.2.jar:/home/tdurieux/.m2/repository/org/owasp/encoder/encoder/1.2.2/encoder-1.2.2.jar:/home/tdurieux/.m2/repository/xom/xom/1.2.5/xom-1.2.5.jar:/home/tdurieux/.m2/repository/xalan/xalan/2.7.0/xalan-2.7.0.jar:/home/tdurieux/.m2/repository/com/beust/jcommander/1.48/jcommander-1.48.jar:/home/tdurieux/.m2/repository/net/sourceforge/pmd/pmd-fortran/6.9.0/pmd-fortran-6.9.0.jar:/home/tdurieux/.m2/repository/org/apache/xmlgraphics/batik-ext/1.8/batik-ext-1.8.jar:/home/tdurieux/.m2/repository/net/sourceforge/pmd/pmd-core/6.9.0/pmd-core-6.9.0.jar:/home/tdurieux/.m2/repository/org/hamcrest/hamcrest-core/1.3/hamcrest-core-1.3.jar:/home/tdurieux/.m2/repository/org/apache/tomcat/embed/tomcat-embed-core/8.0.24/tomcat-embed-core-8.0.24.jar:/home/tdurieux/.m2/repository/net/java/dev/javacc/javacc/5.0/javacc-5.0.jar:/home/tdurieux/.m2/repository/org/scala-lang/scala-library/2.12.4/scala-library-2.12.4.jar:/home/tdurieux/.m2/repository/com/google/code/gson/gson/2.5/gson-2.5.jar:/home/tdurieux/.m2/repository/net/sourceforge/pmd/pmd-matlab/6.9.0/pmd-matlab-6.9.0.jar:/home/tdurieux/.m2/repository/junit/junit/4.12/junit-4.12.jar:/home/tdurieux/.m2/repository/org/apache/tomcat/tomcat-juli/8.0.24/tomcat-juli-8.0.24.jar:/home/tdurieux/.m2/repository/org/apache/tomcat/tomcat-jni/8.0.24/tomcat-jni-8.0.24.jar:/home/tdurieux/.m2/repository/org/apache/tomcat/tomcat-coyote/8.0.24/tomcat-coyote-8.0.24.jar:/home/tdurieux/.m2/repository/commons-lang/commons-lang/2.6/commons-lang-2.6.jar:/home/tdurieux/.m2/repository/net/sourceforge/pmd/pmd-ruby/6.9.0/pmd-ruby-6.9.0.jar:/home/tdurieux/.m2/repository/commons-io/commons-io/2.6/commons-io-2.6.jar:/home/tdurieux/.m2/repository/org/apache/tomcat/embed/tomcat-embed-jasper/8.0.24/tomcat-embed-jasper-8.0.24.jar:/home/tdurieux/.m2/repository/net/sourceforge/pmd/pmd-vm/6.9.0/pmd-vm-6.9.0.jar:/home/tdurieux/.m2/repository/log4j/log4j/1.2.17/log4j-1.2.17.jar:/home/tdurieux/.m2/repository/org/antlr/antlr4-runtime/4.7/antlr4-runtime-4.7.jar:/home/tdurieux/.m2/repository/net/sourceforge/pmd/pmd-cpp/6.9.0/pmd-cpp-6.9.0.jar:/home/tdurieux/.m2/repository/org/hibernate/javax/persistence/hibernate-jpa-2.1-api/1.0.0.Final/hibernate-jpa-2.1-api-1.0.0.Final.jar:/home/tdurieux/.m2/repository/org/beanshell/bsh-core/2.0b4/bsh-core-2.0b4.jar:/home/tdurieux/.m2/repository/org/apache/commons/commons-text/1.2/commons-text-1.2.jar:/home/tdurieux/.m2/repository/org/apache/tomcat/tomcat-api/8.0.24/tomcat-api-8.0.24.jar:/home/tdurieux/.m2/repository/commons-codec/commons-codec/1.2/commons-codec-1.2.jar;
	echo "\n\nNode: `hostname`\n";
	echo "\n\nDate: `date`\n";
Picked up JAVA_TOOL_OPTIONS: -Dfile.encoding=UTF8 -Duser.language=en-US -Duser.country=US -Duser.language=en
Fault localization starts...
Number of positive tests: 25
Number of negative tests: 33
Fault localization is finished!
AST parsing starts...
AST parsing is finished!
Detection of local variables starts...
Detection of local variables is finished!
Detection of fields starts...
Detection of fields is finished!
Detection of methods starts...
Detection of methods is finished!
Ingredient screener starts...
Ingredient screener is finished!
Initialization of manipulations starts...
Initialization of manipulations is finished!
Filtering of the tests starts...
Number of positive tests considered: 0
Filtering of the tests is finished!


Node: graphene-72.nancy.grid5000.fr



Date: Thu Dec 27 05:19:28 EST 2018

