cd /tmp/NPEFix_IntroClassJava_syllables_489253253c866aa61b6b0d95c6072d3912f6b78dfbc01bdb2fbb663aefe33d6d353b1a61bb5fc567c9d6c334994111816edd3d43db47e4ea4a84953198736ff7_007;
export JAVA_TOOL_OPTIONS="-Dfile.encoding=UTF8 -Duser.language=en-US -Duser.country=US -Duser.language=en";
TZ="America/New_York"; export TZ;
export PATH="/usr/lib/jvm/java-1.8.0-openjdk-amd64/bin/:$PATH";
export JAVA_HOME="/usr/lib/jvm/java-1.8.0-openjdk-amd64/bin/";
time java -Xmx4g -Xms1g -cp /home/tdurieux/defects4j4repair/script/../repair_tools/npefix.jar fr.inria.spirals.npefix.main.run.Main \
    --test introclassJava.syllables_48925325_007BlackboxTest:introclassJava.syllables_48925325_007WhiteboxTest \
    --iteration 100 \
	--complianceLevel 7 \
	--workingdirectory . \
	--source src/main/java \
	--classpath target/classes:target/test-classes:/home/tdurieux/.m2/repository/junit/junit/4.11/junit-4.11.jar:/home/tdurieux/.m2/repository/org/hamcrest/hamcrest-core/1.3/hamcrest-core-1.3.jar;
	echo "\n\nNode: `hostname`\n";
	echo "\n\nDate: `date`\n";
Picked up JAVA_TOOL_OPTIONS: -Dfile.encoding=UTF8 -Duser.language=en-US -Duser.country=US -Duser.language=en
TernarySplitter  in 3ms
CheckNotNull  in 9ms
ForceNullInit in 31ms
AddImplicitCastChecker --> 0 in 4ms
BeforeDeref --> 29 (failed:0) in 20ms
target--> 32 (failed:0) in 61ms
TryRegister # Try: 0 in 2ms
Assign --> 14 (failed: 0) in 56ms
VarInit --> 5 in 5ms
MethodEncapsulation # Method: 2 in 49ms
ConstructorEncapsulation # Constructor: 10 in 11ms
VariableFor in 2ms
RMI Selector (Host: 127.0.0.1, Port: 10000): KO
introclassJava.syllables_48925325_007WhiteboxTest#test1
<No Strat> Status: Ko
introclassJava.syllables_48925325_007WhiteboxTest#test7
<No Strat> Status: Ko
introclassJava.syllables_48925325_007WhiteboxTest#test8
<No Strat> Status: Ko
introclassJava.syllables_48925325_007WhiteboxTest#test9
<No Strat> Status: Ko
introclassJava.syllables_48925325_007WhiteboxTest#test10
<No Strat> Status: Ko
introclassJava.syllables_48925325_007WhiteboxTest#test2
<No Strat> Status: Ko
introclassJava.syllables_48925325_007WhiteboxTest#test3
<No Strat> Status: Ko
introclassJava.syllables_48925325_007WhiteboxTest#test4
<No Strat> Status: Ko
introclassJava.syllables_48925325_007WhiteboxTest#test5
<No Strat> Status: Ko
introclassJava.syllables_48925325_007WhiteboxTest#test6
<No Strat> Status: Ko
introclassJava.syllables_48925325_007BlackboxTest#test1
<No Strat> Status: Ko
introclassJava.syllables_48925325_007BlackboxTest#test2
<No Strat> Status: Ko
introclassJava.syllables_48925325_007BlackboxTest#test3
<No Strat> Status: Ko
introclassJava.syllables_48925325_007BlackboxTest#test4
<No Strat> Status: Ko
introclassJava.syllables_48925325_007BlackboxTest#test5
<No Strat> Status: Ko
introclassJava.syllables_48925325_007BlackboxTest#test6
<No Strat> Status: Ko
introclassJava.syllables_48925325_007WhiteboxTest#test1
<No Strat> Status: Ko
introclassJava.syllables_48925325_007WhiteboxTest#test7
<No Strat> Status: Ko
introclassJava.syllables_48925325_007WhiteboxTest#test8
<No Strat> Status: Ko
introclassJava.syllables_48925325_007WhiteboxTest#test9
<No Strat> Status: Ko
introclassJava.syllables_48925325_007WhiteboxTest#test10
<No Strat> Status: Ko
introclassJava.syllables_48925325_007WhiteboxTest#test2
<No Strat> Status: Ko
introclassJava.syllables_48925325_007WhiteboxTest#test3
<No Strat> Status: Ko
introclassJava.syllables_48925325_007WhiteboxTest#test4
<No Strat> Status: Ko
introclassJava.syllables_48925325_007WhiteboxTest#test5
<No Strat> Status: Ko
introclassJava.syllables_48925325_007WhiteboxTest#test6
<No Strat> Status: Ko
introclassJava.syllables_48925325_007BlackboxTest#test1
<No Strat> Status: Ko
introclassJava.syllables_48925325_007BlackboxTest#test2
<No Strat> Status: Ko
introclassJava.syllables_48925325_007BlackboxTest#test3
<No Strat> Status: Ko
introclassJava.syllables_48925325_007BlackboxTest#test4
<No Strat> Status: Ko
introclassJava.syllables_48925325_007BlackboxTest#test5
<No Strat> Status: Ko
introclassJava.syllables_48925325_007BlackboxTest#test6
<No Strat> Status: Ko
introclassJava.syllables_48925325_007WhiteboxTest#test1
<No Strat> Status: Ko
introclassJava.syllables_48925325_007WhiteboxTest#test7
<No Strat> Status: Ko
introclassJava.syllables_48925325_007WhiteboxTest#test8
<No Strat> Status: Ko
introclassJava.syllables_48925325_007WhiteboxTest#test9
<No Strat> Status: Ko
introclassJava.syllables_48925325_007WhiteboxTest#test10
<No Strat> Status: Ko
introclassJava.syllables_48925325_007WhiteboxTest#test2
<No Strat> Status: Ko
introclassJava.syllables_48925325_007WhiteboxTest#test3
<No Strat> Status: Ko
introclassJava.syllables_48925325_007WhiteboxTest#test4
<No Strat> Status: Ko
introclassJava.syllables_48925325_007WhiteboxTest#test5
<No Strat> Status: Ko
introclassJava.syllables_48925325_007WhiteboxTest#test6
<No Strat> Status: Ko
introclassJava.syllables_48925325_007BlackboxTest#test1
<No Strat> Status: Ko
introclassJava.syllables_48925325_007BlackboxTest#test2
<No Strat> Status: Ko
introclassJava.syllables_48925325_007BlackboxTest#test3
<No Strat> Status: Ko
introclassJava.syllables_48925325_007BlackboxTest#test4
<No Strat> Status: Ko
introclassJava.syllables_48925325_007BlackboxTest#test5
<No Strat> Status: Ko
introclassJava.syllables_48925325_007BlackboxTest#test6
<No Strat> Status: Ko
introclassJava.syllables_48925325_007WhiteboxTest#test1
<No Strat> Status: Ko
introclassJava.syllables_48925325_007WhiteboxTest#test7
<No Strat> Status: Ko
introclassJava.syllables_48925325_007WhiteboxTest#test8
<No Strat> Status: Ko
introclassJava.syllables_48925325_007WhiteboxTest#test9
<No Strat> Status: Ko
introclassJava.syllables_48925325_007WhiteboxTest#test10
<No Strat> Status: Ko
introclassJava.syllables_48925325_007WhiteboxTest#test2
<No Strat> Status: Ko
introclassJava.syllables_48925325_007WhiteboxTest#test3
<No Strat> Status: Ko
introclassJava.syllables_48925325_007WhiteboxTest#test4
<No Strat> Status: Ko
introclassJava.syllables_48925325_007WhiteboxTest#test5
<No Strat> Status: Ko
introclassJava.syllables_48925325_007WhiteboxTest#test6
<No Strat> Status: Ko
introclassJava.syllables_48925325_007BlackboxTest#test1
<No Strat> Status: Ko
introclassJava.syllables_48925325_007BlackboxTest#test2
<No Strat> Status: Ko
introclassJava.syllables_48925325_007BlackboxTest#test3
<No Strat> Status: Ko
introclassJava.syllables_48925325_007BlackboxTest#test4
<No Strat> Status: Ko
introclassJava.syllables_48925325_007BlackboxTest#test5
<No Strat> Status: Ko
introclassJava.syllables_48925325_007BlackboxTest#test6
<No Strat> Status: Ko
introclassJava.syllables_48925325_007WhiteboxTest#test1
<No Strat> Status: Ko
introclassJava.syllables_48925325_007WhiteboxTest#test7
<No Strat> Status: Ko
introclassJava.syllables_48925325_007WhiteboxTest#test8
<No Strat> Status: Ko
introclassJava.syllables_48925325_007WhiteboxTest#test9
<No Strat> Status: Ko
introclassJava.syllables_48925325_007WhiteboxTest#test10
<No Strat> Status: Ko
introclassJava.syllables_48925325_007WhiteboxTest#test2
<No Strat> Status: Ko
introclassJava.syllables_48925325_007WhiteboxTest#test3
<No Strat> Status: Ko
introclassJava.syllables_48925325_007WhiteboxTest#test4
<No Strat> Status: Ko
introclassJava.syllables_48925325_007WhiteboxTest#test5
<No Strat> Status: Ko
introclassJava.syllables_48925325_007WhiteboxTest#test6
<No Strat> Status: Ko
introclassJava.syllables_48925325_007BlackboxTest#test1
<No Strat> Status: Ko
introclassJava.syllables_48925325_007BlackboxTest#test2
<No Strat> Status: Ko
introclassJava.syllables_48925325_007BlackboxTest#test3
<No Strat> Status: Ko
introclassJava.syllables_48925325_007BlackboxTest#test4
<No Strat> Status: Ko
introclassJava.syllables_48925325_007BlackboxTest#test5
<No Strat> Status: Ko
introclassJava.syllables_48925325_007BlackboxTest#test6
<No Strat> Status: Ko
introclassJava.syllables_48925325_007WhiteboxTest#test1
<No Strat> Status: Ko
introclassJava.syllables_48925325_007WhiteboxTest#test7
<No Strat> Status: Ko
introclassJava.syllables_48925325_007WhiteboxTest#test8
<No Strat> Status: Ko
introclassJava.syllables_48925325_007WhiteboxTest#test9
<No Strat> Status: Ko
introclassJava.syllables_48925325_007WhiteboxTest#test10
<No Strat> Status: Ko
introclassJava.syllables_48925325_007WhiteboxTest#test2
<No Strat> Status: Ko
introclassJava.syllables_48925325_007WhiteboxTest#test3
<No Strat> Status: Ko
introclassJava.syllables_48925325_007WhiteboxTest#test4
<No Strat> Status: Ko
introclassJava.syllables_48925325_007WhiteboxTest#test5
<No Strat> Status: Ko
introclassJava.syllables_48925325_007WhiteboxTest#test6
<No Strat> Status: Ko
introclassJava.syllables_48925325_007BlackboxTest#test1
<No Strat> Status: Ko
introclassJava.syllables_48925325_007BlackboxTest#test2
<No Strat> Status: Ko
introclassJava.syllables_48925325_007BlackboxTest#test3
<No Strat> Status: Ko
introclassJava.syllables_48925325_007BlackboxTest#test4
<No Strat> Status: Ko
introclassJava.syllables_48925325_007BlackboxTest#test5
<No Strat> Status: Ko
introclassJava.syllables_48925325_007BlackboxTest#test6
<No Strat> Status: Ko
5.34user 0.21system 0:02.92elapsed 189%CPU (0avgtext+0avgdata 258544maxresident)k
21208inputs+224outputs (1major+73657minor)pagefaults 0swaps


Node: graphene-136.nancy.grid5000.fr



Date: Thu Dec  6 04:10:53 EST 2018

