cd /tmp/Nopol_IntroClassJava_digits_295afd8942816e14193424cec0b9802cea194a90b13253b85fd19b6caeada3830c60f1fb2fbbdc67a8f713be54b01a6ea116a7d206800df226d6285ece3a4736_003;
export JAVA_TOOL_OPTIONS="-Dfile.encoding=UTF8 -Duser.language=en-US -Duser.country=US -Duser.language=en";
TZ="America/New_York"; export TZ;
export PATH="/usr/lib/jvm/java-1.8.0-openjdk-amd64/bin/:$PATH";
export JAVA_HOME="/usr/lib/jvm/java-1.8.0-openjdk-amd64/bin/";
time java -Xmx4048m -cp /home/tdurieux/RepairThemAll/script/../repair_tools/nopol.jar:/usr/lib/jvm/java-1.8.0-openjdk-amd64/bin//../lib/tools.jar fr.inria.lille.repair.Main \
	--mode repair \
	--type pre_then_cond \
	--oracle angelic \
	--synthesis smt \
	--flocal gzoltar \
	--json \
	--solver z3 \
	--solver-path /home/tdurieux/RepairThemAll/script/../libs/z3/build/z3 \
	--complianceLevel 7 \
	--source src/main/java \
	--classpath "target/classes:target/test-classes:/home/tdurieux/.m2/repository/junit/junit/4.11/junit-4.11.jar:/home/tdurieux/.m2/repository/org/hamcrest/hamcrest-core/1.3/hamcrest-core-1.3.jar:/home/tdurieux/RepairThemAll/script/../repair_tools/nopol.jar";
	echo "\n\nNode: `hostname`\n";
	echo "\n\nDate: `date`\n";
Picked up JAVA_TOOL_OPTIONS: -Dfile.encoding=UTF8 -Duser.language=en-US -Duser.country=US -Duser.language=en
16:02:11.073 [main] INFO  fr.inria.lille.repair.nopol.NoPol - Source files: [src/main/java]
16:02:11.086 [main] INFO  fr.inria.lille.repair.nopol.NoPol - Classpath: [file:/tmp/Nopol_IntroClassJava_digits_295afd8942816e14193424cec0b9802cea194a90b13253b85fd19b6caeada3830c60f1fb2fbbdc67a8f713be54b01a6ea116a7d206800df226d6285ece3a4736_003/target/classes/, file:/tmp/Nopol_IntroClassJava_digits_295afd8942816e14193424cec0b9802cea194a90b13253b85fd19b6caeada3830c60f1fb2fbbdc67a8f713be54b01a6ea116a7d206800df226d6285ece3a4736_003/target/test-classes/, file:/home/tdurieux/.m2/repository/junit/junit/4.11/junit-4.11.jar, file:/home/tdurieux/.m2/repository/org/hamcrest/hamcrest-core/1.3/hamcrest-core-1.3.jar, file:/home/tdurieux/RepairThemAll/script/../repair_tools/nopol.jar]
16:02:11.086 [main] INFO  fr.inria.lille.repair.nopol.NoPol - Statement type: PRE_THEN_COND
16:02:11.086 [main] INFO  fr.inria.lille.repair.nopol.NoPol - Args: [introclassJava.digits_295afd89_003BlackboxTest, introclassJava.digits_295afd89_003WhiteboxTest]
16:02:11.088 [main] INFO  fr.inria.lille.repair.nopol.NoPol - Config: Config{synthesisDepth=3, collectStaticMethods=true, collectStaticFields=false, collectLiterals=false, onlyOneSynthesisResult=true, sortExpressions=true, maxLineInvocationPerTest=250, timeoutMethodInvocation=2000, dataCollectionTimeoutInSecondForSynthesis=900, addWeight=0.19478, subWeight=0.04554, mulWeight=0.0102, divWeight=0.00613, andWeight=0.10597, orWeight=0.05708, eqWeight=0.22798, nEqWeight=0.0, lessEqWeight=0.0255, lessWeight=0.0947, methodCallWeight=0.1, fieldAccessWeight=0.08099, constantWeight=0.14232, variableWeight=0.05195, mode=REPAIR, type=PRE_THEN_COND, synthesis=SMT, oracle=ANGELIC, solver=Z3, solverPath='/home/tdurieux/RepairThemAll/script/../libs/z3/build/z3', projectSources=[src/main/java], projectClasspath='[Ljava.net.URL;@66d33a', projectTests=[introclassJava.digits_295afd89_003BlackboxTest, introclassJava.digits_295afd89_003WhiteboxTest], complianceLevel=7, outputFolder=., json=true}
16:02:11.088 [main] INFO  fr.inria.lille.repair.nopol.NoPol - Available processors (cores): 8
16:02:11.094 [main] INFO  fr.inria.lille.repair.nopol.NoPol - Free memory: 467 MB
16:02:11.094 [main] INFO  fr.inria.lille.repair.nopol.NoPol - Maximum memory: 3 GB
16:02:11.095 [main] INFO  fr.inria.lille.repair.nopol.NoPol - Total memory available to JVM: 483 MB
16:02:11.095 [main] INFO  fr.inria.lille.repair.nopol.NoPol - Java version: 1.8.0_181
16:02:11.096 [main] INFO  fr.inria.lille.repair.nopol.NoPol - JAVA_HOME: /usr/lib/jvm/java-1.8.0-openjdk-amd64/bin/
16:02:11.096 [main] INFO  fr.inria.lille.repair.nopol.NoPol - PATH: /usr/lib/jvm/java-1.8.0-openjdk-amd64/bin/:/usr/lib/oar/oardodo:/usr/lib/oar/oardodo:/usr/local/bin:/usr/bin:/bin:/usr/games
16:02:14.521 [pool-2-thread-1] DEBUG fr.inria.lille.repair.nopol.NoPol - statement #1
16:02:14.522 [pool-2-thread-1] DEBUG fr.inria.lille.repair.nopol.NoPol - Analysing SourceLocation introclassJava.digits_295afd89_003:73 which is executed by 16 tests
2038662464
16:02:14.846 [pool-2-thread-1] DEBUG fr.inria.lille.repair.nopol.NoPol - looking with class fr.inria.lille.repair.nopol.spoon.smt.ConditionalAdder
org.junit.ComparisonFailure: expected:<Enteraninteger>[678-9]That'sall,haveaniced...> but was:<Enteraninteger>[-6]That'sall,haveaniced...>
    at org.junit.Assert.assertEquals(Assert.java:115)
    at org.junit.Assert.assertEquals(Assert.java:144)
    at introclassJava.digits_295afd89_003BlackboxTest.test2(digits_295afd89_003BlackboxTest.java:23)
    at sun.reflect.NativeMethodAccessorImpl.invoke0(Native Method)
    at sun.reflect.NativeMethodAccessorImpl.invoke(NativeMethodAccessorImpl.java:62)
    at sun.reflect.DelegatingMethodAccessorImpl.invoke(DelegatingMethodAccessorImpl.java:43)
16:02:14.898 [pool-4-thread-1] INFO  xxl.java.junit.TestCasesListener - Tests run finished (24 ms)
<> Total tests run: 6
<> Ignored tests: 0
<> Failed tests: 1
~ test2(introclassJava.digits_295afd89_003BlackboxTest)
[expected:<Enteraninteger>[678-9]That'sall,haveaniced...> but was:<Enteraninteger>[-6]That'sall,haveaniced...>]
org.junit.ComparisonFailure: expected:<Enteraninteger>[678-9]That'sall,haveaniced...> but was:<Enteraninteger>[-6]That'sall,haveaniced...>    at org.junit.Assert.assertEquals(Assert.java:115)
    at org.junit.Assert.assertEquals(Assert.java:144)
    at introclassJava.digits_295afd89_003BlackboxTest.test2(digits_295afd89_003BlackboxTest.java:23)
    at sun.reflect.NativeMethodAccessorImpl.invoke0(Native Method)
    at sun.reflect.NativeMethodAccessorImpl.invoke(NativeMethodAccessorImpl.java:62)
    at sun.reflect.DelegatingMethodAccessorImpl.invoke(DelegatingMethodAccessorImpl.java:43)

org.junit.ComparisonFailure: expected:<Enteraninteger>[678-9]That'sall,haveaniced...> but was:<Enteraninteger>[-6]That'sall,haveaniced...>
    at org.junit.Assert.assertEquals(Assert.java:115)
    at org.junit.Assert.assertEquals(Assert.java:144)
    at introclassJava.digits_295afd89_003BlackboxTest.test2(digits_295afd89_003BlackboxTest.java:23)
    at sun.reflect.NativeMethodAccessorImpl.invoke0(Native Method)
    at sun.reflect.NativeMethodAccessorImpl.invoke(NativeMethodAccessorImpl.java:62)
    at sun.reflect.DelegatingMethodAccessorImpl.invoke(DelegatingMethodAccessorImpl.java:43)
16:02:15.567 [pool-5-thread-1] INFO  f.i.l.c.t.SpecificationTestCasesListener - Tests run finished (7 ms)
<> Total tests run: 1
<> Ignored tests: 0
<> Failed tests: 1
~ test2(introclassJava.digits_295afd89_003BlackboxTest)
[expected:<Enteraninteger>[678-9]That'sall,haveaniced...> but was:<Enteraninteger>[-6]That'sall,haveaniced...>]
org.junit.ComparisonFailure: expected:<Enteraninteger>[678-9]That'sall,haveaniced...> but was:<Enteraninteger>[-6]That'sall,haveaniced...>    at org.junit.Assert.assertEquals(Assert.java:115)
    at org.junit.Assert.assertEquals(Assert.java:144)
    at introclassJava.digits_295afd89_003BlackboxTest.test2(digits_295afd89_003BlackboxTest.java:23)
    at sun.reflect.NativeMethodAccessorImpl.invoke0(Native Method)
    at sun.reflect.NativeMethodAccessorImpl.invoke(NativeMethodAccessorImpl.java:62)
    at sun.reflect.DelegatingMethodAccessorImpl.invoke(DelegatingMethodAccessorImpl.java:43)

org.junit.ComparisonFailure: expected:<Enteraninteger>[678-9]That'sall,haveaniced...> but was:<Enteraninteger>[-6]That'sall,haveaniced...>
    at org.junit.Assert.assertEquals(Assert.java:115)
    at org.junit.Assert.assertEquals(Assert.java:144)
    at introclassJava.digits_295afd89_003BlackboxTest.test2(digits_295afd89_003BlackboxTest.java:23)
    at sun.reflect.NativeMethodAccessorImpl.invoke0(Native Method)
    at sun.reflect.NativeMethodAccessorImpl.invoke(NativeMethodAccessorImpl.java:62)
    at sun.reflect.DelegatingMethodAccessorImpl.invoke(DelegatingMethodAccessorImpl.java:43)
16:02:15.571 [pool-6-thread-1] INFO  f.i.l.c.t.SpecificationTestCasesListener - Tests run finished (2 ms)
<> Total tests run: 1
<> Ignored tests: 0
<> Failed tests: 1
~ test2(introclassJava.digits_295afd89_003BlackboxTest)
[expected:<Enteraninteger>[678-9]That'sall,haveaniced...> but was:<Enteraninteger>[-6]That'sall,haveaniced...>]
org.junit.ComparisonFailure: expected:<Enteraninteger>[678-9]That'sall,haveaniced...> but was:<Enteraninteger>[-6]That'sall,haveaniced...>    at org.junit.Assert.assertEquals(Assert.java:115)
    at org.junit.Assert.assertEquals(Assert.java:144)
    at introclassJava.digits_295afd89_003BlackboxTest.test2(digits_295afd89_003BlackboxTest.java:23)
    at sun.reflect.NativeMethodAccessorImpl.invoke0(Native Method)
    at sun.reflect.NativeMethodAccessorImpl.invoke(NativeMethodAccessorImpl.java:62)
    at sun.reflect.DelegatingMethodAccessorImpl.invoke(DelegatingMethodAccessorImpl.java:43)

16:02:15.572 [pool-3-thread-1] DEBUG tests.output - Failing tests with false: 
[test2(introclassJava.digits_295afd89_003BlackboxTest): expected:<Enteraninteger>[678-9]That'sall,haveaniced...> but was:<Enteraninteger>[-6]That'sall,haveaniced...>]
16:02:15.572 [pool-3-thread-1] DEBUG tests.output - Failing tests with true: 
[test2(introclassJava.digits_295afd89_003BlackboxTest): expected:<Enteraninteger>[678-9]That'sall,haveaniced...> but was:<Enteraninteger>[-6]That'sall,haveaniced...>]
16:02:15.572 [pool-3-thread-1] INFO  f.i.l.r.n.synth.SMTNopolSynthesizer - Not enough specifications: 0. A trivial patch is "true" or "false", please write new tests specifying SourceLocation introclassJava.digits_295afd89_003:73.
16:02:15.572 [pool-2-thread-1] DEBUG fr.inria.lille.repair.nopol.NoPol - statement #2
16:02:15.573 [pool-2-thread-1] DEBUG fr.inria.lille.repair.nopol.NoPol - Analysing SourceLocation introclassJava.digits_295afd89_003:71 which is executed by 16 tests
2038662464
16:02:15.638 [pool-2-thread-1] DEBUG fr.inria.lille.repair.nopol.NoPol - looking with class fr.inria.lille.repair.nopol.spoon.smt.ConditionalAdder
org.junit.ComparisonFailure: expected:<Enteraninteger>[678-9]That'sall,haveaniced...> but was:<Enteraninteger>[-6]That'sall,haveaniced...>
    at org.junit.Assert.assertEquals(Assert.java:115)
    at org.junit.Assert.assertEquals(Assert.java:144)
    at introclassJava.digits_295afd89_003BlackboxTest.test2(digits_295afd89_003BlackboxTest.java:23)
    at sun.reflect.NativeMethodAccessorImpl.invoke0(Native Method)
    at sun.reflect.NativeMethodAccessorImpl.invoke(NativeMethodAccessorImpl.java:62)
    at sun.reflect.DelegatingMethodAccessorImpl.invoke(DelegatingMethodAccessorImpl.java:43)
16:02:15.653 [pool-8-thread-1] INFO  xxl.java.junit.TestCasesListener - Tests run finished (11 ms)
<> Total tests run: 6
<> Ignored tests: 0
<> Failed tests: 1
~ test2(introclassJava.digits_295afd89_003BlackboxTest)
[expected:<Enteraninteger>[678-9]That'sall,haveaniced...> but was:<Enteraninteger>[-6]That'sall,haveaniced...>]
org.junit.ComparisonFailure: expected:<Enteraninteger>[678-9]That'sall,haveaniced...> but was:<Enteraninteger>[-6]That'sall,haveaniced...>    at org.junit.Assert.assertEquals(Assert.java:115)
    at org.junit.Assert.assertEquals(Assert.java:144)
    at introclassJava.digits_295afd89_003BlackboxTest.test2(digits_295afd89_003BlackboxTest.java:23)
    at sun.reflect.NativeMethodAccessorImpl.invoke0(Native Method)
    at sun.reflect.NativeMethodAccessorImpl.invoke(NativeMethodAccessorImpl.java:62)
    at sun.reflect.DelegatingMethodAccessorImpl.invoke(DelegatingMethodAccessorImpl.java:43)

org.junit.ComparisonFailure: expected:<Enteraninteger>[678-9That'sall,haveaniceday!]> but was:<Enteraninteger>[-6]>
    at org.junit.Assert.assertEquals(Assert.java:115)
    at org.junit.Assert.assertEquals(Assert.java:144)
    at introclassJava.digits_295afd89_003BlackboxTest.test2(digits_295afd89_003BlackboxTest.java:23)
    at sun.reflect.NativeMethodAccessorImpl.invoke0(Native Method)
    at sun.reflect.NativeMethodAccessorImpl.invoke(NativeMethodAccessorImpl.java:62)
    at sun.reflect.DelegatingMethodAccessorImpl.invoke(DelegatingMethodAccessorImpl.java:43)
16:02:15.798 [pool-9-thread-1] INFO  f.i.l.c.t.SpecificationTestCasesListener - Tests run finished (4 ms)
<> Total tests run: 1
<> Ignored tests: 0
<> Failed tests: 1
~ test2(introclassJava.digits_295afd89_003BlackboxTest)
[expected:<Enteraninteger>[678-9That'sall,haveaniceday!]> but was:<Enteraninteger>[-6]>]
org.junit.ComparisonFailure: expected:<Enteraninteger>[678-9That'sall,haveaniceday!]> but was:<Enteraninteger>[-6]>    at org.junit.Assert.assertEquals(Assert.java:115)
    at org.junit.Assert.assertEquals(Assert.java:144)
    at introclassJava.digits_295afd89_003BlackboxTest.test2(digits_295afd89_003BlackboxTest.java:23)
    at sun.reflect.NativeMethodAccessorImpl.invoke0(Native Method)
    at sun.reflect.NativeMethodAccessorImpl.invoke(NativeMethodAccessorImpl.java:62)
    at sun.reflect.DelegatingMethodAccessorImpl.invoke(DelegatingMethodAccessorImpl.java:43)

org.junit.ComparisonFailure: expected:<Enteraninteger>[678-9]That'sall,haveaniced...> but was:<Enteraninteger>[-6]That'sall,haveaniced...>
    at org.junit.Assert.assertEquals(Assert.java:115)
    at org.junit.Assert.assertEquals(Assert.java:144)
    at introclassJava.digits_295afd89_003BlackboxTest.test2(digits_295afd89_003BlackboxTest.java:23)
    at sun.reflect.NativeMethodAccessorImpl.invoke0(Native Method)
    at sun.reflect.NativeMethodAccessorImpl.invoke(NativeMethodAccessorImpl.java:62)
    at sun.reflect.DelegatingMethodAccessorImpl.invoke(DelegatingMethodAccessorImpl.java:43)
16:02:15.824 [pool-10-thread-1] INFO  f.i.l.c.t.SpecificationTestCasesListener - Tests run finished (23 ms)
<> Total tests run: 1
<> Ignored tests: 0
<> Failed tests: 1
~ test2(introclassJava.digits_295afd89_003BlackboxTest)
[expected:<Enteraninteger>[678-9]That'sall,haveaniced...> but was:<Enteraninteger>[-6]That'sall,haveaniced...>]
org.junit.ComparisonFailure: expected:<Enteraninteger>[678-9]That'sall,haveaniced...> but was:<Enteraninteger>[-6]That'sall,haveaniced...>    at org.junit.Assert.assertEquals(Assert.java:115)
    at org.junit.Assert.assertEquals(Assert.java:144)
    at introclassJava.digits_295afd89_003BlackboxTest.test2(digits_295afd89_003BlackboxTest.java:23)
    at sun.reflect.NativeMethodAccessorImpl.invoke0(Native Method)
    at sun.reflect.NativeMethodAccessorImpl.invoke(NativeMethodAccessorImpl.java:62)
    at sun.reflect.DelegatingMethodAccessorImpl.invoke(DelegatingMethodAccessorImpl.java:43)

16:02:15.824 [pool-7-thread-1] DEBUG tests.output - Failing tests with false: 
[test2(introclassJava.digits_295afd89_003BlackboxTest): expected:<Enteraninteger>[678-9That'sall,haveaniceday!]> but was:<Enteraninteger>[-6]>]
16:02:15.825 [pool-7-thread-1] DEBUG tests.output - Failing tests with true: 
[test2(introclassJava.digits_295afd89_003BlackboxTest): expected:<Enteraninteger>[678-9]That'sall,haveaniced...> but was:<Enteraninteger>[-6]That'sall,haveaniced...>]
16:02:15.825 [pool-7-thread-1] INFO  f.i.l.r.n.synth.SMTNopolSynthesizer - Not enough specifications: 0. A trivial patch is "true" or "false", please write new tests specifying SourceLocation introclassJava.digits_295afd89_003:71.
16:02:15.825 [pool-2-thread-1] DEBUG fr.inria.lille.repair.nopol.NoPol - statement #3
16:02:15.825 [pool-2-thread-1] DEBUG fr.inria.lille.repair.nopol.NoPol - Analysing SourceLocation introclassJava.digits_295afd89_003:70 which is executed by 16 tests
2038662464
16:02:15.890 [pool-2-thread-1] DEBUG fr.inria.lille.repair.nopol.NoPol - looking with class fr.inria.lille.repair.nopol.spoon.smt.ConditionalAdder
org.junit.ComparisonFailure: expected:<Enteraninteger>[678-9]That'sall,haveaniced...> but was:<Enteraninteger>[-6]That'sall,haveaniced...>
    at org.junit.Assert.assertEquals(Assert.java:115)
    at org.junit.Assert.assertEquals(Assert.java:144)
    at introclassJava.digits_295afd89_003BlackboxTest.test2(digits_295afd89_003BlackboxTest.java:23)
    at sun.reflect.NativeMethodAccessorImpl.invoke0(Native Method)
    at sun.reflect.NativeMethodAccessorImpl.invoke(NativeMethodAccessorImpl.java:62)
    at sun.reflect.DelegatingMethodAccessorImpl.invoke(DelegatingMethodAccessorImpl.java:43)
16:02:15.908 [pool-12-thread-1] INFO  xxl.java.junit.TestCasesListener - Tests run finished (15 ms)
<> Total tests run: 6
<> Ignored tests: 0
<> Failed tests: 1
~ test2(introclassJava.digits_295afd89_003BlackboxTest)
[expected:<Enteraninteger>[678-9]That'sall,haveaniced...> but was:<Enteraninteger>[-6]That'sall,haveaniced...>]
org.junit.ComparisonFailure: expected:<Enteraninteger>[678-9]That'sall,haveaniced...> but was:<Enteraninteger>[-6]That'sall,haveaniced...>    at org.junit.Assert.assertEquals(Assert.java:115)
    at org.junit.Assert.assertEquals(Assert.java:144)
    at introclassJava.digits_295afd89_003BlackboxTest.test2(digits_295afd89_003BlackboxTest.java:23)
    at sun.reflect.NativeMethodAccessorImpl.invoke0(Native Method)
    at sun.reflect.NativeMethodAccessorImpl.invoke(NativeMethodAccessorImpl.java:62)
    at sun.reflect.DelegatingMethodAccessorImpl.invoke(DelegatingMethodAccessorImpl.java:43)

org.junit.ComparisonFailure: expected:<Enteraninteger>[678-9]That'sall,haveaniced...> but was:<Enteraninteger>[]That'sall,haveaniced...>
    at org.junit.Assert.assertEquals(Assert.java:115)
    at org.junit.Assert.assertEquals(Assert.java:144)
    at introclassJava.digits_295afd89_003BlackboxTest.test2(digits_295afd89_003BlackboxTest.java:23)
    at sun.reflect.NativeMethodAccessorImpl.invoke0(Native Method)
    at sun.reflect.NativeMethodAccessorImpl.invoke(NativeMethodAccessorImpl.java:62)
    at sun.reflect.DelegatingMethodAccessorImpl.invoke(DelegatingMethodAccessorImpl.java:43)
16:02:16.041 [pool-13-thread-1] INFO  f.i.l.c.t.SpecificationTestCasesListener - Tests run finished (3 ms)
<> Total tests run: 1
<> Ignored tests: 0
<> Failed tests: 1
~ test2(introclassJava.digits_295afd89_003BlackboxTest)
[expected:<Enteraninteger>[678-9]That'sall,haveaniced...> but was:<Enteraninteger>[]That'sall,haveaniced...>]
org.junit.ComparisonFailure: expected:<Enteraninteger>[678-9]That'sall,haveaniced...> but was:<Enteraninteger>[]That'sall,haveaniced...>    at org.junit.Assert.assertEquals(Assert.java:115)
    at org.junit.Assert.assertEquals(Assert.java:144)
    at introclassJava.digits_295afd89_003BlackboxTest.test2(digits_295afd89_003BlackboxTest.java:23)
    at sun.reflect.NativeMethodAccessorImpl.invoke0(Native Method)
    at sun.reflect.NativeMethodAccessorImpl.invoke(NativeMethodAccessorImpl.java:62)
    at sun.reflect.DelegatingMethodAccessorImpl.invoke(DelegatingMethodAccessorImpl.java:43)

org.junit.ComparisonFailure: expected:<Enteraninteger>[678-9]That'sall,haveaniced...> but was:<Enteraninteger>[-6]That'sall,haveaniced...>
    at org.junit.Assert.assertEquals(Assert.java:115)
    at org.junit.Assert.assertEquals(Assert.java:144)
    at introclassJava.digits_295afd89_003BlackboxTest.test2(digits_295afd89_003BlackboxTest.java:23)
    at sun.reflect.NativeMethodAccessorImpl.invoke0(Native Method)
    at sun.reflect.NativeMethodAccessorImpl.invoke(NativeMethodAccessorImpl.java:62)
    at sun.reflect.DelegatingMethodAccessorImpl.invoke(DelegatingMethodAccessorImpl.java:43)
16:02:16.047 [pool-14-thread-1] INFO  f.i.l.c.t.SpecificationTestCasesListener - Tests run finished (1 ms)
<> Total tests run: 1
<> Ignored tests: 0
<> Failed tests: 1
~ test2(introclassJava.digits_295afd89_003BlackboxTest)
[expected:<Enteraninteger>[678-9]That'sall,haveaniced...> but was:<Enteraninteger>[-6]That'sall,haveaniced...>]
org.junit.ComparisonFailure: expected:<Enteraninteger>[678-9]That'sall,haveaniced...> but was:<Enteraninteger>[-6]That'sall,haveaniced...>    at org.junit.Assert.assertEquals(Assert.java:115)
    at org.junit.Assert.assertEquals(Assert.java:144)
    at introclassJava.digits_295afd89_003BlackboxTest.test2(digits_295afd89_003BlackboxTest.java:23)
    at sun.reflect.NativeMethodAccessorImpl.invoke0(Native Method)
    at sun.reflect.NativeMethodAccessorImpl.invoke(NativeMethodAccessorImpl.java:62)
    at sun.reflect.DelegatingMethodAccessorImpl.invoke(DelegatingMethodAccessorImpl.java:43)

16:02:16.048 [pool-11-thread-1] DEBUG tests.output - Failing tests with false: 
[test2(introclassJava.digits_295afd89_003BlackboxTest): expected:<Enteraninteger>[678-9]That'sall,haveaniced...> but was:<Enteraninteger>[]That'sall,haveaniced...>]
16:02:16.048 [pool-11-thread-1] DEBUG tests.output - Failing tests with true: 
[test2(introclassJava.digits_295afd89_003BlackboxTest): expected:<Enteraninteger>[678-9]That'sall,haveaniced...> but was:<Enteraninteger>[-6]That'sall,haveaniced...>]
16:02:16.048 [pool-11-thread-1] INFO  f.i.l.r.n.synth.SMTNopolSynthesizer - Not enough specifications: 0. A trivial patch is "true" or "false", please write new tests specifying SourceLocation introclassJava.digits_295afd89_003:70.
16:02:16.048 [pool-2-thread-1] DEBUG fr.inria.lille.repair.nopol.NoPol - statement #4
16:02:16.049 [pool-2-thread-1] DEBUG fr.inria.lille.repair.nopol.NoPol - Analysing SourceLocation introclassJava.digits_295afd89_003:69 which is executed by 16 tests
2038662464
16:02:16.109 [pool-2-thread-1] DEBUG fr.inria.lille.repair.nopol.NoPol - looking with class fr.inria.lille.repair.nopol.spoon.smt.ConditionalAdder
org.junit.ComparisonFailure: expected:<Enteraninteger>[678-9]That'sall,haveaniced...> but was:<Enteraninteger>[-6]That'sall,haveaniced...>
    at org.junit.Assert.assertEquals(Assert.java:115)
    at org.junit.Assert.assertEquals(Assert.java:144)
    at introclassJava.digits_295afd89_003BlackboxTest.test2(digits_295afd89_003BlackboxTest.java:23)
    at sun.reflect.NativeMethodAccessorImpl.invoke0(Native Method)
    at sun.reflect.NativeMethodAccessorImpl.invoke(NativeMethodAccessorImpl.java:62)
    at sun.reflect.DelegatingMethodAccessorImpl.invoke(DelegatingMethodAccessorImpl.java:43)
16:02:16.120 [pool-16-thread-1] INFO  xxl.java.junit.TestCasesListener - Tests run finished (7 ms)
<> Total tests run: 6
<> Ignored tests: 0
<> Failed tests: 1
~ test2(introclassJava.digits_295afd89_003BlackboxTest)
[expected:<Enteraninteger>[678-9]That'sall,haveaniced...> but was:<Enteraninteger>[-6]That'sall,haveaniced...>]
org.junit.ComparisonFailure: expected:<Enteraninteger>[678-9]That'sall,haveaniced...> but was:<Enteraninteger>[-6]That'sall,haveaniced...>    at org.junit.Assert.assertEquals(Assert.java:115)
    at org.junit.Assert.assertEquals(Assert.java:144)
    at introclassJava.digits_295afd89_003BlackboxTest.test2(digits_295afd89_003BlackboxTest.java:23)
    at sun.reflect.NativeMethodAccessorImpl.invoke0(Native Method)
    at sun.reflect.NativeMethodAccessorImpl.invoke(NativeMethodAccessorImpl.java:62)
    at sun.reflect.DelegatingMethodAccessorImpl.invoke(DelegatingMethodAccessorImpl.java:43)

org.junit.ComparisonFailure: expected:<Enteraninteger>[678-9]That'sall,haveaniced...> but was:<Enteraninteger>[0]That'sall,haveaniced...>
    at org.junit.Assert.assertEquals(Assert.java:115)
    at org.junit.Assert.assertEquals(Assert.java:144)
    at introclassJava.digits_295afd89_003BlackboxTest.test2(digits_295afd89_003BlackboxTest.java:23)
    at sun.reflect.NativeMethodAccessorImpl.invoke0(Native Method)
    at sun.reflect.NativeMethodAccessorImpl.invoke(NativeMethodAccessorImpl.java:62)
    at sun.reflect.DelegatingMethodAccessorImpl.invoke(DelegatingMethodAccessorImpl.java:43)
16:02:16.243 [pool-17-thread-1] INFO  f.i.l.c.t.SpecificationTestCasesListener - Tests run finished (3 ms)
<> Total tests run: 1
<> Ignored tests: 0
<> Failed tests: 1
~ test2(introclassJava.digits_295afd89_003BlackboxTest)
[expected:<Enteraninteger>[678-9]That'sall,haveaniced...> but was:<Enteraninteger>[0]That'sall,haveaniced...>]
org.junit.ComparisonFailure: expected:<Enteraninteger>[678-9]That'sall,haveaniced...> but was:<Enteraninteger>[0]That'sall,haveaniced...>    at org.junit.Assert.assertEquals(Assert.java:115)
    at org.junit.Assert.assertEquals(Assert.java:144)
    at introclassJava.digits_295afd89_003BlackboxTest.test2(digits_295afd89_003BlackboxTest.java:23)
    at sun.reflect.NativeMethodAccessorImpl.invoke0(Native Method)
    at sun.reflect.NativeMethodAccessorImpl.invoke(NativeMethodAccessorImpl.java:62)
    at sun.reflect.DelegatingMethodAccessorImpl.invoke(DelegatingMethodAccessorImpl.java:43)

org.junit.ComparisonFailure: expected:<Enteraninteger>[678-9]That'sall,haveaniced...> but was:<Enteraninteger>[-6]That'sall,haveaniced...>
    at org.junit.Assert.assertEquals(Assert.java:115)
    at org.junit.Assert.assertEquals(Assert.java:144)
    at introclassJava.digits_295afd89_003BlackboxTest.test2(digits_295afd89_003BlackboxTest.java:23)
    at sun.reflect.NativeMethodAccessorImpl.invoke0(Native Method)
    at sun.reflect.NativeMethodAccessorImpl.invoke(NativeMethodAccessorImpl.java:62)
    at sun.reflect.DelegatingMethodAccessorImpl.invoke(DelegatingMethodAccessorImpl.java:43)
16:02:16.246 [pool-18-thread-1] INFO  f.i.l.c.t.SpecificationTestCasesListener - Tests run finished (1 ms)
<> Total tests run: 1
<> Ignored tests: 0
<> Failed tests: 1
~ test2(introclassJava.digits_295afd89_003BlackboxTest)
[expected:<Enteraninteger>[678-9]That'sall,haveaniced...> but was:<Enteraninteger>[-6]That'sall,haveaniced...>]
org.junit.ComparisonFailure: expected:<Enteraninteger>[678-9]That'sall,haveaniced...> but was:<Enteraninteger>[-6]That'sall,haveaniced...>    at org.junit.Assert.assertEquals(Assert.java:115)
    at org.junit.Assert.assertEquals(Assert.java:144)
    at introclassJava.digits_295afd89_003BlackboxTest.test2(digits_295afd89_003BlackboxTest.java:23)
    at sun.reflect.NativeMethodAccessorImpl.invoke0(Native Method)
    at sun.reflect.NativeMethodAccessorImpl.invoke(NativeMethodAccessorImpl.java:62)
    at sun.reflect.DelegatingMethodAccessorImpl.invoke(DelegatingMethodAccessorImpl.java:43)

16:02:16.246 [pool-15-thread-1] DEBUG tests.output - Failing tests with false: 
[test2(introclassJava.digits_295afd89_003BlackboxTest): expected:<Enteraninteger>[678-9]That'sall,haveaniced...> but was:<Enteraninteger>[0]That'sall,haveaniced...>]
16:02:16.246 [pool-15-thread-1] DEBUG tests.output - Failing tests with true: 
[test2(introclassJava.digits_295afd89_003BlackboxTest): expected:<Enteraninteger>[678-9]That'sall,haveaniced...> but was:<Enteraninteger>[-6]That'sall,haveaniced...>]
16:02:16.246 [pool-15-thread-1] INFO  f.i.l.r.n.synth.SMTNopolSynthesizer - Not enough specifications: 0. A trivial patch is "true" or "false", please write new tests specifying SourceLocation introclassJava.digits_295afd89_003:69.
16:02:16.247 [pool-2-thread-1] DEBUG fr.inria.lille.repair.nopol.NoPol - statement #5
16:02:16.247 [pool-2-thread-1] DEBUG fr.inria.lille.repair.nopol.NoPol - Analysing SourceLocation introclassJava.digits_295afd89_003:64 which is executed by 16 tests
2038662464
16:02:16.310 [pool-2-thread-1] DEBUG fr.inria.lille.repair.nopol.NoPol - looking with class fr.inria.lille.repair.nopol.spoon.smt.ConditionalAdder
org.junit.ComparisonFailure: expected:<Enteraninteger>[678-9]That'sall,haveaniced...> but was:<Enteraninteger>[-6]That'sall,haveaniced...>
    at org.junit.Assert.assertEquals(Assert.java:115)
    at org.junit.Assert.assertEquals(Assert.java:144)
    at introclassJava.digits_295afd89_003BlackboxTest.test2(digits_295afd89_003BlackboxTest.java:23)
    at sun.reflect.NativeMethodAccessorImpl.invoke0(Native Method)
    at sun.reflect.NativeMethodAccessorImpl.invoke(NativeMethodAccessorImpl.java:62)
    at sun.reflect.DelegatingMethodAccessorImpl.invoke(DelegatingMethodAccessorImpl.java:43)
16:02:16.321 [pool-20-thread-1] INFO  xxl.java.junit.TestCasesListener - Tests run finished (8 ms)
<> Total tests run: 6
<> Ignored tests: 0
<> Failed tests: 1
~ test2(introclassJava.digits_295afd89_003BlackboxTest)
[expected:<Enteraninteger>[678-9]That'sall,haveaniced...> but was:<Enteraninteger>[-6]That'sall,haveaniced...>]
org.junit.ComparisonFailure: expected:<Enteraninteger>[678-9]That'sall,haveaniced...> but was:<Enteraninteger>[-6]That'sall,haveaniced...>    at org.junit.Assert.assertEquals(Assert.java:115)
    at org.junit.Assert.assertEquals(Assert.java:144)
    at introclassJava.digits_295afd89_003BlackboxTest.test2(digits_295afd89_003BlackboxTest.java:23)
    at sun.reflect.NativeMethodAccessorImpl.invoke0(Native Method)
    at sun.reflect.NativeMethodAccessorImpl.invoke(NativeMethodAccessorImpl.java:62)
    at sun.reflect.DelegatingMethodAccessorImpl.invoke(DelegatingMethodAccessorImpl.java:43)

org.junit.ComparisonFailure: expected:<Enteraninteger>[678-9]That'sall,haveaniced...> but was:<Enteraninteger>[-6]That'sall,haveaniced...>
    at org.junit.Assert.assertEquals(Assert.java:115)
    at org.junit.Assert.assertEquals(Assert.java:144)
    at introclassJava.digits_295afd89_003BlackboxTest.test2(digits_295afd89_003BlackboxTest.java:23)
    at sun.reflect.NativeMethodAccessorImpl.invoke0(Native Method)
    at sun.reflect.NativeMethodAccessorImpl.invoke(NativeMethodAccessorImpl.java:62)
    at sun.reflect.DelegatingMethodAccessorImpl.invoke(DelegatingMethodAccessorImpl.java:43)
16:02:16.463 [pool-21-thread-1] INFO  f.i.l.c.t.SpecificationTestCasesListener - Tests run finished (3 ms)
<> Total tests run: 1
<> Ignored tests: 0
<> Failed tests: 1
~ test2(introclassJava.digits_295afd89_003BlackboxTest)
[expected:<Enteraninteger>[678-9]That'sall,haveaniced...> but was:<Enteraninteger>[-6]That'sall,haveaniced...>]
org.junit.ComparisonFailure: expected:<Enteraninteger>[678-9]That'sall,haveaniced...> but was:<Enteraninteger>[-6]That'sall,haveaniced...>    at org.junit.Assert.assertEquals(Assert.java:115)
    at org.junit.Assert.assertEquals(Assert.java:144)
    at introclassJava.digits_295afd89_003BlackboxTest.test2(digits_295afd89_003BlackboxTest.java:23)
    at sun.reflect.NativeMethodAccessorImpl.invoke0(Native Method)
    at sun.reflect.NativeMethodAccessorImpl.invoke(NativeMethodAccessorImpl.java:62)
    at sun.reflect.DelegatingMethodAccessorImpl.invoke(DelegatingMethodAccessorImpl.java:43)

org.junit.ComparisonFailure: expected:<Enteraninteger>[678-9]That'sall,haveaniced...> but was:<Enteraninteger>[-6]That'sall,haveaniced...>
    at org.junit.Assert.assertEquals(Assert.java:115)
    at org.junit.Assert.assertEquals(Assert.java:144)
    at introclassJava.digits_295afd89_003BlackboxTest.test2(digits_295afd89_003BlackboxTest.java:23)
    at sun.reflect.NativeMethodAccessorImpl.invoke0(Native Method)
    at sun.reflect.NativeMethodAccessorImpl.invoke(NativeMethodAccessorImpl.java:62)
    at sun.reflect.DelegatingMethodAccessorImpl.invoke(DelegatingMethodAccessorImpl.java:43)
16:02:16.470 [pool-22-thread-1] INFO  f.i.l.c.t.SpecificationTestCasesListener - Tests run finished (2 ms)
<> Total tests run: 1
<> Ignored tests: 0
<> Failed tests: 1
~ test2(introclassJava.digits_295afd89_003BlackboxTest)
[expected:<Enteraninteger>[678-9]That'sall,haveaniced...> but was:<Enteraninteger>[-6]That'sall,haveaniced...>]
org.junit.ComparisonFailure: expected:<Enteraninteger>[678-9]That'sall,haveaniced...> but was:<Enteraninteger>[-6]That'sall,haveaniced...>    at org.junit.Assert.assertEquals(Assert.java:115)
    at org.junit.Assert.assertEquals(Assert.java:144)
    at introclassJava.digits_295afd89_003BlackboxTest.test2(digits_295afd89_003BlackboxTest.java:23)
    at sun.reflect.NativeMethodAccessorImpl.invoke0(Native Method)
    at sun.reflect.NativeMethodAccessorImpl.invoke(NativeMethodAccessorImpl.java:62)
    at sun.reflect.DelegatingMethodAccessorImpl.invoke(DelegatingMethodAccessorImpl.java:43)

16:02:16.470 [pool-19-thread-1] DEBUG tests.output - Failing tests with false: 
[test2(introclassJava.digits_295afd89_003BlackboxTest): expected:<Enteraninteger>[678-9]That'sall,haveaniced...> but was:<Enteraninteger>[-6]That'sall,haveaniced...>]
16:02:16.470 [pool-19-thread-1] DEBUG tests.output - Failing tests with true: 
[test2(introclassJava.digits_295afd89_003BlackboxTest): expected:<Enteraninteger>[678-9]That'sall,haveaniced...> but was:<Enteraninteger>[-6]That'sall,haveaniced...>]
16:02:16.470 [pool-19-thread-1] INFO  f.i.l.r.n.synth.SMTNopolSynthesizer - Not enough specifications: 0. A trivial patch is "true" or "false", please write new tests specifying SourceLocation introclassJava.digits_295afd89_003:64.
16:02:16.471 [pool-2-thread-1] DEBUG fr.inria.lille.repair.nopol.NoPol - statement #6
16:02:16.471 [pool-2-thread-1] DEBUG fr.inria.lille.repair.nopol.NoPol - Analysing SourceLocation introclassJava.digits_295afd89_003:63 which is executed by 16 tests
2038662464
16:02:16.553 [pool-2-thread-1] DEBUG fr.inria.lille.repair.nopol.NoPol - looking with class fr.inria.lille.repair.nopol.spoon.smt.ConditionalAdder
org.junit.ComparisonFailure: expected:<Enteraninteger>[678-9]That'sall,haveaniced...> but was:<Enteraninteger>[-6]That'sall,haveaniced...>
    at org.junit.Assert.assertEquals(Assert.java:115)
    at org.junit.Assert.assertEquals(Assert.java:144)
    at introclassJava.digits_295afd89_003BlackboxTest.test2(digits_295afd89_003BlackboxTest.java:23)
    at sun.reflect.NativeMethodAccessorImpl.invoke0(Native Method)
    at sun.reflect.NativeMethodAccessorImpl.invoke(NativeMethodAccessorImpl.java:62)
    at sun.reflect.DelegatingMethodAccessorImpl.invoke(DelegatingMethodAccessorImpl.java:43)
16:02:16.563 [pool-24-thread-1] INFO  xxl.java.junit.TestCasesListener - Tests run finished (7 ms)
<> Total tests run: 6
<> Ignored tests: 0
<> Failed tests: 1
~ test2(introclassJava.digits_295afd89_003BlackboxTest)
[expected:<Enteraninteger>[678-9]That'sall,haveaniced...> but was:<Enteraninteger>[-6]That'sall,haveaniced...>]
org.junit.ComparisonFailure: expected:<Enteraninteger>[678-9]That'sall,haveaniced...> but was:<Enteraninteger>[-6]That'sall,haveaniced...>    at org.junit.Assert.assertEquals(Assert.java:115)
    at org.junit.Assert.assertEquals(Assert.java:144)
    at introclassJava.digits_295afd89_003BlackboxTest.test2(digits_295afd89_003BlackboxTest.java:23)
    at sun.reflect.NativeMethodAccessorImpl.invoke0(Native Method)
    at sun.reflect.NativeMethodAccessorImpl.invoke(NativeMethodAccessorImpl.java:62)
    at sun.reflect.DelegatingMethodAccessorImpl.invoke(DelegatingMethodAccessorImpl.java:43)

org.junit.ComparisonFailure: expected:<Enteraninteger>[678-9]That'sall,haveaniced...> but was:<Enteraninteger>[0]That'sall,haveaniced...>
    at org.junit.Assert.assertEquals(Assert.java:115)
    at org.junit.Assert.assertEquals(Assert.java:144)
    at introclassJava.digits_295afd89_003BlackboxTest.test2(digits_295afd89_003BlackboxTest.java:23)
    at sun.reflect.NativeMethodAccessorImpl.invoke0(Native Method)
    at sun.reflect.NativeMethodAccessorImpl.invoke(NativeMethodAccessorImpl.java:62)
    at sun.reflect.DelegatingMethodAccessorImpl.invoke(DelegatingMethodAccessorImpl.java:43)
16:02:16.673 [pool-25-thread-1] INFO  f.i.l.c.t.SpecificationTestCasesListener - Tests run finished (3 ms)
<> Total tests run: 1
<> Ignored tests: 0
<> Failed tests: 1
~ test2(introclassJava.digits_295afd89_003BlackboxTest)
[expected:<Enteraninteger>[678-9]That'sall,haveaniced...> but was:<Enteraninteger>[0]That'sall,haveaniced...>]
org.junit.ComparisonFailure: expected:<Enteraninteger>[678-9]That'sall,haveaniced...> but was:<Enteraninteger>[0]That'sall,haveaniced...>    at org.junit.Assert.assertEquals(Assert.java:115)
    at org.junit.Assert.assertEquals(Assert.java:144)
    at introclassJava.digits_295afd89_003BlackboxTest.test2(digits_295afd89_003BlackboxTest.java:23)
    at sun.reflect.NativeMethodAccessorImpl.invoke0(Native Method)
    at sun.reflect.NativeMethodAccessorImpl.invoke(NativeMethodAccessorImpl.java:62)
    at sun.reflect.DelegatingMethodAccessorImpl.invoke(DelegatingMethodAccessorImpl.java:43)

org.junit.ComparisonFailure: expected:<Enteraninteger>[678-9]That'sall,haveaniced...> but was:<Enteraninteger>[-6]That'sall,haveaniced...>
    at org.junit.Assert.assertEquals(Assert.java:115)
    at org.junit.Assert.assertEquals(Assert.java:144)
    at introclassJava.digits_295afd89_003BlackboxTest.test2(digits_295afd89_003BlackboxTest.java:23)
    at sun.reflect.NativeMethodAccessorImpl.invoke0(Native Method)
    at sun.reflect.NativeMethodAccessorImpl.invoke(NativeMethodAccessorImpl.java:62)
    at sun.reflect.DelegatingMethodAccessorImpl.invoke(DelegatingMethodAccessorImpl.java:43)
16:02:16.675 [pool-26-thread-1] INFO  f.i.l.c.t.SpecificationTestCasesListener - Tests run finished (1 ms)
<> Total tests run: 1
<> Ignored tests: 0
<> Failed tests: 1
~ test2(introclassJava.digits_295afd89_003BlackboxTest)
[expected:<Enteraninteger>[678-9]That'sall,haveaniced...> but was:<Enteraninteger>[-6]That'sall,haveaniced...>]
org.junit.ComparisonFailure: expected:<Enteraninteger>[678-9]That'sall,haveaniced...> but was:<Enteraninteger>[-6]That'sall,haveaniced...>    at org.junit.Assert.assertEquals(Assert.java:115)
    at org.junit.Assert.assertEquals(Assert.java:144)
    at introclassJava.digits_295afd89_003BlackboxTest.test2(digits_295afd89_003BlackboxTest.java:23)
    at sun.reflect.NativeMethodAccessorImpl.invoke0(Native Method)
    at sun.reflect.NativeMethodAccessorImpl.invoke(NativeMethodAccessorImpl.java:62)
    at sun.reflect.DelegatingMethodAccessorImpl.invoke(DelegatingMethodAccessorImpl.java:43)

16:02:16.676 [pool-23-thread-1] DEBUG tests.output - Failing tests with false: 
[test2(introclassJava.digits_295afd89_003BlackboxTest): expected:<Enteraninteger>[678-9]That'sall,haveaniced...> but was:<Enteraninteger>[0]That'sall,haveaniced...>]
16:02:16.676 [pool-23-thread-1] DEBUG tests.output - Failing tests with true: 
[test2(introclassJava.digits_295afd89_003BlackboxTest): expected:<Enteraninteger>[678-9]That'sall,haveaniced...> but was:<Enteraninteger>[-6]That'sall,haveaniced...>]
16:02:16.676 [pool-23-thread-1] INFO  f.i.l.r.n.synth.SMTNopolSynthesizer - Not enough specifications: 0. A trivial patch is "true" or "false", please write new tests specifying SourceLocation introclassJava.digits_295afd89_003:63.
16:02:16.676 [pool-2-thread-1] DEBUG fr.inria.lille.repair.nopol.NoPol - statement #7
16:02:16.677 [pool-2-thread-1] DEBUG fr.inria.lille.repair.nopol.NoPol - Analysing SourceLocation introclassJava.digits_295afd89_003:62 which is executed by 16 tests
2038662464
16:02:16.733 [pool-2-thread-1] DEBUG fr.inria.lille.repair.nopol.NoPol - looking with class fr.inria.lille.repair.nopol.spoon.smt.ConditionalAdder
org.junit.ComparisonFailure: expected:<Enteraninteger>[678-9]That'sall,haveaniced...> but was:<Enteraninteger>[-6]That'sall,haveaniced...>
    at org.junit.Assert.assertEquals(Assert.java:115)
    at org.junit.Assert.assertEquals(Assert.java:144)
    at introclassJava.digits_295afd89_003BlackboxTest.test2(digits_295afd89_003BlackboxTest.java:23)
    at sun.reflect.NativeMethodAccessorImpl.invoke0(Native Method)
    at sun.reflect.NativeMethodAccessorImpl.invoke(NativeMethodAccessorImpl.java:62)
    at sun.reflect.DelegatingMethodAccessorImpl.invoke(DelegatingMethodAccessorImpl.java:43)
16:02:16.742 [pool-28-thread-1] INFO  xxl.java.junit.TestCasesListener - Tests run finished (6 ms)
<> Total tests run: 6
<> Ignored tests: 0
<> Failed tests: 1
~ test2(introclassJava.digits_295afd89_003BlackboxTest)
[expected:<Enteraninteger>[678-9]That'sall,haveaniced...> but was:<Enteraninteger>[-6]That'sall,haveaniced...>]
org.junit.ComparisonFailure: expected:<Enteraninteger>[678-9]That'sall,haveaniced...> but was:<Enteraninteger>[-6]That'sall,haveaniced...>    at org.junit.Assert.assertEquals(Assert.java:115)
    at org.junit.Assert.assertEquals(Assert.java:144)
    at introclassJava.digits_295afd89_003BlackboxTest.test2(digits_295afd89_003BlackboxTest.java:23)
    at sun.reflect.NativeMethodAccessorImpl.invoke0(Native Method)
    at sun.reflect.NativeMethodAccessorImpl.invoke(NativeMethodAccessorImpl.java:62)
    at sun.reflect.DelegatingMethodAccessorImpl.invoke(DelegatingMethodAccessorImpl.java:43)

org.junit.ComparisonFailure: expected:<[Enteraninteger>678-9]That'sall,haveaniced...> but was:<[-6]That'sall,haveaniced...>
    at org.junit.Assert.assertEquals(Assert.java:115)
    at org.junit.Assert.assertEquals(Assert.java:144)
    at introclassJava.digits_295afd89_003BlackboxTest.test2(digits_295afd89_003BlackboxTest.java:23)
    at sun.reflect.NativeMethodAccessorImpl.invoke0(Native Method)
    at sun.reflect.NativeMethodAccessorImpl.invoke(NativeMethodAccessorImpl.java:62)
    at sun.reflect.DelegatingMethodAccessorImpl.invoke(DelegatingMethodAccessorImpl.java:43)
16:02:16.849 [pool-29-thread-1] INFO  f.i.l.c.t.SpecificationTestCasesListener - Tests run finished (3 ms)
<> Total tests run: 1
<> Ignored tests: 0
<> Failed tests: 1
~ test2(introclassJava.digits_295afd89_003BlackboxTest)
[expected:<[Enteraninteger>678-9]That'sall,haveaniced...> but was:<[-6]That'sall,haveaniced...>]
org.junit.ComparisonFailure: expected:<[Enteraninteger>678-9]That'sall,haveaniced...> but was:<[-6]That'sall,haveaniced...>    at org.junit.Assert.assertEquals(Assert.java:115)
    at org.junit.Assert.assertEquals(Assert.java:144)
    at introclassJava.digits_295afd89_003BlackboxTest.test2(digits_295afd89_003BlackboxTest.java:23)
    at sun.reflect.NativeMethodAccessorImpl.invoke0(Native Method)
    at sun.reflect.NativeMethodAccessorImpl.invoke(NativeMethodAccessorImpl.java:62)
    at sun.reflect.DelegatingMethodAccessorImpl.invoke(DelegatingMethodAccessorImpl.java:43)

org.junit.ComparisonFailure: expected:<Enteraninteger>[678-9]That'sall,haveaniced...> but was:<Enteraninteger>[-6]That'sall,haveaniced...>
    at org.junit.Assert.assertEquals(Assert.java:115)
    at org.junit.Assert.assertEquals(Assert.java:144)
    at introclassJava.digits_295afd89_003BlackboxTest.test2(digits_295afd89_003BlackboxTest.java:23)
    at sun.reflect.NativeMethodAccessorImpl.invoke0(Native Method)
    at sun.reflect.NativeMethodAccessorImpl.invoke(NativeMethodAccessorImpl.java:62)
    at sun.reflect.DelegatingMethodAccessorImpl.invoke(DelegatingMethodAccessorImpl.java:43)
16:02:16.851 [pool-30-thread-1] INFO  f.i.l.c.t.SpecificationTestCasesListener - Tests run finished (1 ms)
<> Total tests run: 1
<> Ignored tests: 0
<> Failed tests: 1
~ test2(introclassJava.digits_295afd89_003BlackboxTest)
[expected:<Enteraninteger>[678-9]That'sall,haveaniced...> but was:<Enteraninteger>[-6]That'sall,haveaniced...>]
org.junit.ComparisonFailure: expected:<Enteraninteger>[678-9]That'sall,haveaniced...> but was:<Enteraninteger>[-6]That'sall,haveaniced...>    at org.junit.Assert.assertEquals(Assert.java:115)
    at org.junit.Assert.assertEquals(Assert.java:144)
    at introclassJava.digits_295afd89_003BlackboxTest.test2(digits_295afd89_003BlackboxTest.java:23)
    at sun.reflect.NativeMethodAccessorImpl.invoke0(Native Method)
    at sun.reflect.NativeMethodAccessorImpl.invoke(NativeMethodAccessorImpl.java:62)
    at sun.reflect.DelegatingMethodAccessorImpl.invoke(DelegatingMethodAccessorImpl.java:43)

16:02:16.852 [pool-27-thread-1] DEBUG tests.output - Failing tests with false: 
[test2(introclassJava.digits_295afd89_003BlackboxTest): expected:<[Enteraninteger>678-9]That'sall,haveaniced...> but was:<[-6]That'sall,haveaniced...>]
16:02:16.852 [pool-27-thread-1] DEBUG tests.output - Failing tests with true: 
[test2(introclassJava.digits_295afd89_003BlackboxTest): expected:<Enteraninteger>[678-9]That'sall,haveaniced...> but was:<Enteraninteger>[-6]That'sall,haveaniced...>]
16:02:16.852 [pool-27-thread-1] INFO  f.i.l.r.n.synth.SMTNopolSynthesizer - Not enough specifications: 0. A trivial patch is "true" or "false", please write new tests specifying SourceLocation introclassJava.digits_295afd89_003:62.
16:02:16.852 [pool-2-thread-1] DEBUG fr.inria.lille.repair.nopol.NoPol - statement #8
16:02:16.853 [pool-2-thread-1] DEBUG fr.inria.lille.repair.nopol.NoPol - Analysing SourceLocation introclassJava.digits_295afd89_003:61 which is executed by 16 tests
2038662464
16:02:16.908 [pool-2-thread-1] DEBUG fr.inria.lille.repair.nopol.NoPol - statement #9
16:02:16.909 [pool-2-thread-1] DEBUG fr.inria.lille.repair.nopol.NoPol - Analysing SourceLocation introclassJava.digits_295afd89_003:60 which is executed by 16 tests
2038662464
16:02:16.968 [pool-2-thread-1] INFO  fr.inria.lille.repair.nopol.NoPol - ----INFORMATION----
16:02:16.975 [pool-2-thread-1] INFO  fr.inria.lille.repair.nopol.NoPol - Nb classes : 6
16:02:16.975 [pool-2-thread-1] INFO  fr.inria.lille.repair.nopol.NoPol - Nb methods : 2
16:02:16.975 [pool-2-thread-1] INFO  fr.inria.lille.repair.nopol.NoPol - Nb Statements Analyzed : 7
16:02:16.975 [pool-2-thread-1] INFO  fr.inria.lille.repair.nopol.NoPol - Nb Statements with Angelic Value Found : 0
16:02:16.975 [pool-2-thread-1] INFO  fr.inria.lille.repair.nopol.NoPol - Nb inputs in SMT : 0
16:02:16.977 [pool-2-thread-1] INFO  fr.inria.lille.repair.nopol.NoPol - Nb SMT level: 0
16:02:16.978 [pool-2-thread-1] INFO  fr.inria.lille.repair.nopol.NoPol - Nb variables in SMT : 0
16:02:16.978 [pool-2-thread-1] INFO  fr.inria.lille.repair.nopol.NoPol - NoPol Execution time : 5898ms
16:02:16.978 [pool-2-thread-1] INFO  fr.inria.lille.repair.nopol.NoPol - 
NO_ANGELIC_VALUE
Command exited with non-zero status 255
12.80user 0.93system 0:06.98elapsed 196%CPU (0avgtext+0avgdata 379200maxresident)k
46072inputs+5240outputs (3major+132803minor)pagefaults 0swaps


Node: suno-33.sophia.grid5000.fr



Date: Wed Dec  5 16:02:17 EST 2018

