cd /tmp/Nopol_Bears_rkonovalov-jsonignore_442009574-442015798;
export JAVA_TOOL_OPTIONS="-Dfile.encoding=UTF8 -Duser.language=en-US -Duser.country=US -Duser.language=en";
TZ="America/New_York"; export TZ;
export PATH="/usr/lib/jvm/java-1.8.0-openjdk-amd64/bin/:$PATH";
export JAVA_HOME="/usr/lib/jvm/java-1.8.0-openjdk-amd64/bin/";
time java -Xmx4g -Xms1g -cp /home/tdurieux/defects4j4repair/script/../repair_tools/nopol.jar:/usr/lib/jvm/java-1.8.0-openjdk-amd64/bin//../lib/tools.jar fr.inria.lille.repair.Main \
	--mode repair \
	--type pre_then_cond \
	--oracle angelic \
	--synthesis smt \
	--flocal gzoltar \
	--json \
	--solver z3 \
	--solver-path /home/tdurieux/defects4j4repair/script/../libs/z3/build/z3 \
	--complianceLevel 8 \
	--source src/main/java \
	--classpath "target/classes:target/test-classes:/home/tdurieux/.m2/repository/com/fasterxml/jackson/core/jackson-databind/2.9.6/jackson-databind-2.9.6.jar:/home/tdurieux/.m2/repository/org/springframework/spring-core/4.1.9.RELEASE/spring-core-4.1.9.RELEASE.jar:/home/tdurieux/.m2/repository/com/fasterxml/jackson/core/jackson-core/2.9.6/jackson-core-2.9.6.jar:/home/tdurieux/.m2/repository/junit/junit/4.12/junit-4.12.jar:/home/tdurieux/.m2/repository/com/fasterxml/jackson/core/jackson-annotations/2.9.0/jackson-annotations-2.9.0.jar:/home/tdurieux/.m2/repository/org/hamcrest/hamcrest-core/1.3/hamcrest-core-1.3.jar:/home/tdurieux/.m2/repository/commons-logging/commons-logging/1.2/commons-logging-1.2.jar:/home/tdurieux/defects4j4repair/script/../repair_tools/nopol.jar";
	echo "\n\nNode: `hostname`\n";
	echo "\n\nDate: `date`\n";
Picked up JAVA_TOOL_OPTIONS: -Dfile.encoding=UTF8 -Duser.language=en-US -Duser.country=US -Duser.language=en
16:26:40.102 [main] INFO  fr.inria.lille.repair.nopol.NoPol - Source files: [src/main/java]
16:26:40.115 [main] INFO  fr.inria.lille.repair.nopol.NoPol - Classpath: [file:/tmp/Nopol_Bears_rkonovalov-jsonignore_442009574-442015798/target/classes/, file:/tmp/Nopol_Bears_rkonovalov-jsonignore_442009574-442015798/target/test-classes/, file:/home/tdurieux/.m2/repository/com/fasterxml/jackson/core/jackson-databind/2.9.6/jackson-databind-2.9.6.jar, file:/home/tdurieux/.m2/repository/org/springframework/spring-core/4.1.9.RELEASE/spring-core-4.1.9.RELEASE.jar, file:/home/tdurieux/.m2/repository/com/fasterxml/jackson/core/jackson-core/2.9.6/jackson-core-2.9.6.jar, file:/home/tdurieux/.m2/repository/junit/junit/4.12/junit-4.12.jar, file:/home/tdurieux/.m2/repository/com/fasterxml/jackson/core/jackson-annotations/2.9.0/jackson-annotations-2.9.0.jar, file:/home/tdurieux/.m2/repository/org/hamcrest/hamcrest-core/1.3/hamcrest-core-1.3.jar, file:/home/tdurieux/.m2/repository/commons-logging/commons-logging/1.2/commons-logging-1.2.jar, file:/home/tdurieux/defects4j4repair/script/../repair_tools/nopol.jar]
16:26:40.115 [main] INFO  fr.inria.lille.repair.nopol.NoPol - Statement type: PRE_THEN_COND
16:26:40.116 [main] INFO  fr.inria.lille.repair.nopol.NoPol - Args: [com.json.ignore.JsonIgnoreFieldsTest]
16:26:40.117 [main] INFO  fr.inria.lille.repair.nopol.NoPol - Config: Config{synthesisDepth=3, collectStaticMethods=true, collectStaticFields=false, collectLiterals=false, onlyOneSynthesisResult=true, sortExpressions=true, maxLineInvocationPerTest=250, timeoutMethodInvocation=2000, dataCollectionTimeoutInSecondForSynthesis=900, addWeight=0.19478, subWeight=0.04554, mulWeight=0.0102, divWeight=0.00613, andWeight=0.10597, orWeight=0.05708, eqWeight=0.22798, nEqWeight=0.0, lessEqWeight=0.0255, lessWeight=0.0947, methodCallWeight=0.1, fieldAccessWeight=0.08099, constantWeight=0.14232, variableWeight=0.05195, mode=REPAIR, type=PRE_THEN_COND, synthesis=SMT, oracle=ANGELIC, solver=Z3, solverPath='/home/tdurieux/defects4j4repair/script/../libs/z3/build/z3', projectSources=[src/main/java], projectClasspath='[Ljava.net.URL;@66d33a', projectTests=[com.json.ignore.JsonIgnoreFieldsTest], complianceLevel=8, outputFolder=., json=true}
16:26:40.118 [main] INFO  fr.inria.lille.repair.nopol.NoPol - Available processors (cores): 4
16:26:40.123 [main] INFO  fr.inria.lille.repair.nopol.NoPol - Free memory: 955 MB
16:26:40.124 [main] INFO  fr.inria.lille.repair.nopol.NoPol - Maximum memory: 3 GB
16:26:40.124 [main] INFO  fr.inria.lille.repair.nopol.NoPol - Total memory available to JVM: 981 MB
16:26:40.124 [main] INFO  fr.inria.lille.repair.nopol.NoPol - Java version: 1.8.0_181
16:26:40.125 [main] INFO  fr.inria.lille.repair.nopol.NoPol - JAVA_HOME: /usr/lib/jvm/java-1.8.0-openjdk-amd64/bin/
16:26:40.125 [main] INFO  fr.inria.lille.repair.nopol.NoPol - PATH: /usr/lib/jvm/java-1.8.0-openjdk-amd64/bin/:/usr/lib/oar/oardodo:/usr/lib/oar/oardodo:/usr/local/bin:/usr/bin:/bin:/usr/games
16:26:43.769 [pool-2-thread-1] DEBUG fr.inria.lille.repair.nopol.NoPol - OOPS, no statement at all, no test results
16:26:43.769 [pool-2-thread-1] INFO  fr.inria.lille.repair.nopol.NoPol - ----INFORMATION----
16:26:43.785 [pool-2-thread-1] INFO  fr.inria.lille.repair.nopol.NoPol - Nb classes : 3
16:26:43.785 [pool-2-thread-1] INFO  fr.inria.lille.repair.nopol.NoPol - Nb methods : 10
16:26:43.786 [pool-2-thread-1] INFO  fr.inria.lille.repair.nopol.NoPol - Nb Statements Analyzed : 0
16:26:43.787 [pool-2-thread-1] INFO  fr.inria.lille.repair.nopol.NoPol - Nb Statements with Angelic Value Found : 0
16:26:43.787 [pool-2-thread-1] INFO  fr.inria.lille.repair.nopol.NoPol - Nb inputs in SMT : 0
16:26:43.789 [pool-2-thread-1] INFO  fr.inria.lille.repair.nopol.NoPol - Nb SMT level: 0
16:26:43.789 [pool-2-thread-1] INFO  fr.inria.lille.repair.nopol.NoPol - Nb variables in SMT : 0
16:26:43.789 [pool-2-thread-1] INFO  fr.inria.lille.repair.nopol.NoPol - NoPol Execution time : 3670ms
16:26:43.789 [pool-2-thread-1] INFO  fr.inria.lille.repair.nopol.NoPol - 
NO_ANGELIC_VALUE
Command exited with non-zero status 255
7.06user 0.84system 0:04.60elapsed 171%CPU (0avgtext+0avgdata 326164maxresident)k
37960inputs+5104outputs (3major+124661minor)pagefaults 0swaps


Node: graphene-9.nancy.grid5000.fr



Date: Wed Dec 26 16:26:44 EST 2018

