cd /tmp/NPEFix_Bug_dot_jar_Jackrabbit-Oak_0be7e8f0;
export JAVA_TOOL_OPTIONS="-Dfile.encoding=UTF8 -Duser.language=en-US -Duser.country=US -Duser.language=en";
TZ="America/New_York"; export TZ;
export PATH="/usr/lib/jvm/java-1.8.0-openjdk-amd64/bin/:$PATH";
export JAVA_HOME="/usr/lib/jvm/java-1.8.0-openjdk-amd64/bin/";
time java -Xmx4048m -cp /home/tdurieux/defects4j4repair/script/../repair_tools/npefix.jar fr.inria.spirals.npefix.main.run.Main \
    --test org.apache.jackrabbit.oak.core.RootImplTest \
    --iteration 100 \
	--complianceLevel 7 \
	--workingdirectory . \
	--source oak-core/src/main/java \
	--classpath oak-core/target/classes:oak-core/target/test-classes:/tmp/NPEFix_Bug_dot_jar_Jackrabbit-Oak_0be7e8f0/oak-commons/target/classes:/tmp/NPEFix_Bug_dot_jar_Jackrabbit-Oak_0be7e8f0/oak-mk/target/classes:/tmp/NPEFix_Bug_dot_jar_Jackrabbit-Oak_0be7e8f0/oak-it/mk/target/classes:/tmp/NPEFix_Bug_dot_jar_Jackrabbit-Oak_0be7e8f0/oak-jcr/target/classes:/tmp/NPEFix_Bug_dot_jar_Jackrabbit-Oak_0be7e8f0/oak-sling/target/classes:/tmp/NPEFix_Bug_dot_jar_Jackrabbit-Oak_0be7e8f0/oak-run/target/classes:/tmp/NPEFix_Bug_dot_jar_Jackrabbit-Oak_0be7e8f0/oak-it/jcr/target/classes:/tmp/NPEFix_Bug_dot_jar_Jackrabbit-Oak_0be7e8f0/oak-it/osgi/target/classes:/tmp/NPEFix_Bug_dot_jar_Jackrabbit-Oak_0be7e8f0/oak-bench/target/classes:/home/tdurieux/.m2/repository/ch/qos/logback/logback-core/1.0.1/logback-core-1.0.1.jar:/home/tdurieux/.m2/repository/org/ops4j/base/ops4j-base-net/1.3.0/ops4j-base-net-1.3.0.jar:/home/tdurieux/.m2/repository/org/osgi/org.osgi.core/4.2.0/org.osgi.core-4.2.0.jar:/home/tdurieux/.m2/repository/org/sonatype/aether/aether-spi/1.11/aether-spi-1.11.jar:/home/tdurieux/.m2/repository/org/ops4j/pax/swissbox/pax-swissbox-optional-jcl/1.5.0/pax-swissbox-optional-jcl-1.5.0.jar:/home/tdurieux/.m2/repository/org/slf4j/jcl-over-slf4j/1.6.4/jcl-over-slf4j-1.6.4.jar:/home/tdurieux/.m2/repository/org/slf4j/slf4j-api/1.6.4/slf4j-api-1.6.4.jar:/home/tdurieux/.m2/repository/concurrent/concurrent/1.3.4/concurrent-1.3.4.jar:/home/tdurieux/.m2/repository/org/mongodb/mongo-java-driver/2.7.1/mongo-java-driver-2.7.1.jar:/home/tdurieux/.m2/repository/com/google/guava/guava/r09/guava-r09.jar:/home/tdurieux/.m2/repository/org/apache/xbean/xbean-reflect/3.4/xbean-reflect-3.4.jar:/home/tdurieux/.m2/repository/org/ops4j/base/ops4j-base-io/1.3.0/ops4j-base-io-1.3.0.jar:/home/tdurieux/.m2/repository/org/apache/jackrabbit/jackrabbit-webdav/2.6-SNAPSHOT/jackrabbit-webdav-2.6-SNAPSHOT.jar:/home/tdurieux/.m2/repository/org/eclipse/jetty/jetty-io/8.1.2.v20120308/jetty-io-8.1.2.v20120308.jar:/home/tdurieux/.m2/repository/org/ops4j/pax/url/pax-url-aether/1.3.3/pax-url-aether-1.3.3.jar:/home/tdurieux/.m2/repository/org/ops4j/base/ops4j-base-lang/1.3.0/ops4j-base-lang-1.3.0.jar:/home/tdurieux/.m2/repository/org/eclipse/jetty/orbit/javax.servlet/3.0.0.v201112011016/javax.servlet-3.0.0.v201112011016.jar:/home/tdurieux/.m2/repository/org/apache/maven/maven-model/3.0.3/maven-model-3.0.3.jar:/home/tdurieux/.m2/repository/com/googlecode/json-simple/json-simple/1.1/json-simple-1.1.jar:/home/tdurieux/.m2/repository/org/ops4j/pax/swissbox/pax-swissbox-lifecycle/1.5.0/pax-swissbox-lifecycle-1.5.0.jar:/home/tdurieux/.m2/repository/org/apache/maven/maven-model-builder/3.0.3/maven-model-builder-3.0.3.jar:/home/tdurieux/.m2/repository/org/ops4j/base/ops4j-base-util-property/1.3.0/ops4j-base-util-property-1.3.0.jar:/home/tdurieux/.m2/repository/org/eclipse/jetty/jetty-server/8.1.2.v20120308/jetty-server-8.1.2.v20120308.jar:/home/tdurieux/.m2/repository/org/apache/jackrabbit/jackrabbit-jcr-tests/2.6-SNAPSHOT/jackrabbit-jcr-tests-2.6-SNAPSHOT.jar:/home/tdurieux/.m2/repository/org/apache/maven/maven-aether-provider/3.0.3/maven-aether-provider-3.0.3.jar:/home/tdurieux/.m2/repository/org/apache/jackrabbit/jackrabbit-spi-commons/2.6-SNAPSHOT/jackrabbit-spi-commons-2.6-SNAPSHOT.jar:/home/tdurieux/.m2/repository/org/apache/felix/org.apache.felix.framework/4.0.1/org.apache.felix.framework-4.0.1.jar:/home/tdurieux/.m2/repository/org/sonatype/aether/aether-impl/1.11/aether-impl-1.11.jar:/home/tdurieux/.m2/repository/com/sleepycat/je/4.0.92/je-4.0.92.jar:/home/tdurieux/.m2/repository/org/eclipse/jetty/jetty-util/8.1.2.v20120308/jetty-util-8.1.2.v20120308.jar:/home/tdurieux/.m2/repository/org/ops4j/base/ops4j-base-monitors/1.3.0/ops4j-base-monitors-1.3.0.jar:/home/tdurieux/.m2/repository/org/ops4j/base/ops4j-base-spi/1.3.0/ops4j-base-spi-1.3.0.jar:/home/tdurieux/.m2/repository/org/ops4j/pax/url/pax-url-classpath/1.4.0.RC1/pax-url-classpath-1.4.0.RC1.jar:/home/tdurieux/.m2/repository/org/sonatype/aether/aether-util/1.11/aether-util-1.11.jar:/home/tdurieux/.m2/repository/org/eclipse/jetty/jetty-servlet/8.1.2.v20120308/jetty-servlet-8.1.2.v20120308.jar:/home/tdurieux/.m2/repository/commons-httpclient/commons-httpclient/3.1/commons-httpclient-3.1.jar:/home/tdurieux/.m2/repository/org/ops4j/base/ops4j-base-exec/1.3.0/ops4j-base-exec-1.3.0.jar:/home/tdurieux/.m2/repository/org/ops4j/pax/tinybundles/tinybundles/1.0.0/tinybundles-1.0.0.jar:/home/tdurieux/.m2/repository/org/ops4j/pax/swissbox/pax-swissbox-core/1.5.0/pax-swissbox-core-1.5.0.jar:/home/tdurieux/.m2/repository/org/ops4j/pax/url/pax-url-commons/1.4.0.RC1/pax-url-commons-1.4.0.RC1.jar:/home/tdurieux/.m2/repository/org/codehaus/plexus/plexus-classworlds/2.4/plexus-classworlds-2.4.jar:/home/tdurieux/.m2/repository/org/osgi/org.osgi.compendium/4.2.0/org.osgi.compendium-4.2.0.jar:/home/tdurieux/.m2/repository/commons-io/commons-io/1.4/commons-io-1.4.jar:/home/tdurieux/.m2/repository/org/apache/sling/org.apache.sling.jcr.api/2.1.0/org.apache.sling.jcr.api-2.1.0.jar:/home/tdurieux/.m2/repository/org/codehaus/plexus/plexus-interpolation/1.14/plexus-interpolation-1.14.jar:/home/tdurieux/.m2/repository/org/apache/maven/wagon/wagon-http-lightweight/1.0-beta-7/wagon-http-lightweight-1.0-beta-7.jar:/home/tdurieux/.m2/repository/org/apache/maven/wagon/wagon-file/1.0-beta-7/wagon-file-1.0-beta-7.jar:/home/tdurieux/.m2/repository/org/eclipse/jetty/jetty-security/8.1.2.v20120308/jetty-security-8.1.2.v20120308.jar:/home/tdurieux/.m2/repository/org/eclipse/jetty/jetty-continuation/8.1.2.v20120308/jetty-continuation-8.1.2.v20120308.jar:/home/tdurieux/.m2/repository/org/apache/maven/wagon/wagon-http-shared/1.0-beta-7/wagon-http-shared-1.0-beta-7.jar:/home/tdurieux/.m2/repository/org/apache/jackrabbit/oak-core/0.3-SNAPSHOT/oak-core-0.3-SNAPSHOT.jar:/home/tdurieux/.m2/repository/org/ops4j/pax/exam/pax-exam-junit4/2.4.0.RC1/pax-exam-junit4-2.4.0.RC1.jar:/home/tdurieux/.m2/repository/org/ops4j/pax/url/pax-url-link/1.4.0.RC1/pax-url-link-1.4.0.RC1.jar:/home/tdurieux/.m2/repository/org/apache/maven/maven-repository-metadata/3.0.3/maven-repository-metadata-3.0.3.jar:/home/tdurieux/.m2/repository/com/google/collections/google-collections/1.0/google-collections-1.0.jar:/home/tdurieux/.m2/repository/org/ops4j/pax/swissbox/pax-swissbox-framework/1.5.0/pax-swissbox-framework-1.5.0.jar:/home/tdurieux/.m2/repository/ch/qos/logback/logback-classic/1.0.1/logback-classic-1.0.1.jar:/home/tdurieux/.m2/repository/commons-logging/commons-logging/1.0.4/commons-logging-1.0.4.jar:/home/tdurieux/.m2/repository/org/sonatype/aether/aether-connector-wagon/1.11/aether-connector-wagon-1.11.jar:/home/tdurieux/.m2/repository/asm/asm/3.0/asm-3.0.jar:/home/tdurieux/.m2/repository/org/ops4j/pax/exam/pax-exam-container-native/2.4.0.RC1/pax-exam-container-native-2.4.0.RC1.jar:/home/tdurieux/.m2/repository/org/sonatype/aether/aether-api/1.11/aether-api-1.11.jar:/home/tdurieux/.m2/repository/biz/aQute/bndlib/1.50.0/bndlib-1.50.0.jar:/home/tdurieux/.m2/repository/org/codehaus/plexus/plexus-utils/2.0.5/plexus-utils-2.0.5.jar:/home/tdurieux/.m2/repository/commons-fileupload/commons-fileupload/1.2.1/commons-fileupload-1.2.1.jar:/home/tdurieux/.m2/repository/org/slf4j/slf4j-simple/1.6.1/slf4j-simple-1.6.1.jar:/home/tdurieux/.m2/repository/org/hamcrest/hamcrest-core/1.1/hamcrest-core-1.1.jar:/home/tdurieux/.m2/repository/org/ops4j/pax/swissbox/pax-swissbox-property/1.5.0/pax-swissbox-property-1.5.0.jar:/home/tdurieux/.m2/repository/org/ops4j/pax/exam/pax-exam-spi/2.4.0.RC1/pax-exam-spi-2.4.0.RC1.jar:/home/tdurieux/.m2/repository/javax/jcr/jcr/2.0/jcr-2.0.jar:/home/tdurieux/.m2/repository/org/apache/jackrabbit/oak-it-mk/0.3-SNAPSHOT/oak-it-mk-0.3-SNAPSHOT.jar:/home/tdurieux/.m2/repository/org/apache/tika/tika-core/1.0/tika-core-1.0.jar:/home/tdurieux/.m2/repository/org/codehaus/plexus/plexus-component-annotations/1.5.5/plexus-component-annotations-1.5.5.jar:/home/tdurieux/.m2/repository/org/eclipse/jetty/jetty-http/8.1.2.v20120308/jetty-http-8.1.2.v20120308.jar:/home/tdurieux/.m2/repository/junit/junit/4.10/junit-4.10.jar:/home/tdurieux/.m2/repository/org/apache/jackrabbit/oak-commons/0.3-SNAPSHOT/oak-commons-0.3-SNAPSHOT.jar:/home/tdurieux/.m2/repository/org/apache/geronimo/specs/geronimo-atinject_1.0_spec/1.0/geronimo-atinject_1.0_spec-1.0.jar:/home/tdurieux/.m2/repository/org/apache/jackrabbit/jackrabbit-jcr-commons/2.6-SNAPSHOT/jackrabbit-jcr-commons-2.6-SNAPSHOT.jar:/home/tdurieux/.m2/repository/org/ops4j/pax/exam/pax-exam/2.4.0.RC1/pax-exam-2.4.0.RC1.jar:/home/tdurieux/.m2/repository/org/ops4j/base/ops4j-base-store/1.3.0/ops4j-base-store-1.3.0.jar:/home/tdurieux/.m2/repository/org/apache/felix/org.apache.felix.scr.annotations/1.6.0/org.apache.felix.scr.annotations-1.6.0.jar:/home/tdurieux/.m2/repository/org/apache/maven/wagon/wagon-provider-api/1.0-beta-7/wagon-provider-api-1.0-beta-7.jar:/home/tdurieux/.m2/repository/org/apache/jackrabbit/oak-jcr/0.3-SNAPSHOT/oak-jcr-0.3-SNAPSHOT.jar:/home/tdurieux/.m2/repository/org/ops4j/pax/exam/pax-exam-link-assembly/2.4.0.RC1/pax-exam-link-assembly-2.4.0.RC1.jar:/home/tdurieux/.m2/repository/org/apache/jackrabbit/jackrabbit-api/2.6-SNAPSHOT/jackrabbit-api-2.6-SNAPSHOT.jar:/home/tdurieux/.m2/repository/commons-codec/commons-codec/1.2/commons-codec-1.2.jar:/home/tdurieux/.m2/repository/org/apache/jackrabbit/oak-mk/0.3-SNAPSHOT/oak-mk-0.3-SNAPSHOT.jar:/home/tdurieux/.m2/repository/org/apache/jackrabbit/jackrabbit-jcr-server/2.6-SNAPSHOT/jackrabbit-jcr-server-2.6-SNAPSHOT.jar:/home/tdurieux/.m2/repository/org/apache/jackrabbit/jackrabbit-spi/2.6-SNAPSHOT/jackrabbit-spi-2.6-SNAPSHOT.jar:/home/tdurieux/.m2/repository/com/h2database/h2/1.3.158/h2-1.3.158.jar:/home/tdurieux/.m2/repository/org/codehaus/plexus/plexus-container-default/1.5.4/plexus-container-default-1.5.4.jar:/home/tdurieux/.m2/repository/commons-collections/commons-collections/3.2.1/commons-collections-3.2.1.jar;
	echo "\n\nNode: `hostname`\n";
	echo "\n\nDate: `date`\n";
Picked up JAVA_TOOL_OPTIONS: -Dfile.encoding=UTF8 -Duser.language=en-US -Duser.country=US -Duser.language=en
TernarySplitter  in 133ms
return v != null
return target != null
return (v2 != null) && (v1.equals(v2))
return child != null
return (getNodeState().getProperty(name)) != null
return (getNodeState().getChildNode(name)) != null
return (value) != null
return (current) != null
return (destParent != null) && (source.move(destParent, destName))
return (destParent != null) && (sourceNode.copy(destParent, destName))
return ((propertyValuePairs) != null) && ((NodeImpl.search(propertyName, propertyValuePairs)) >= 0)
return (value) == null
return (getNodeState().getChildNode(name)) != null
return (getNodeState().getProperty(name)) != null
return ((("(" + ((left) == null ? "" : (left) + " ")) + (operator)) + ((right) == null ? "" : " " + (right))) + ")"
return ((("(" + ((left) == null ? "" : (left) + " ")) + (operator)) + ((right) == null ? "" : " " + (right))) + ")"
return (((first) == null ? "" : (firstIncluding ? "[" : "(") + (first)) + "..") + ((last) == null ? "" : (last) + (lastIncluding ? "]" : ")"))
return (((first) == null ? "" : (firstIncluding ? "[" : "(") + (first)) + "..") + ((last) == null ? "" : (last) + (lastIncluding ? "]" : ")"))
CheckNotNull  in 576ms
ForceNullInit in 62ms
AddImplicitCastChecker --> 2 in 134ms
BeforeDeref --> 2940 (failed:0) in 859ms
target--> 3485 (failed:0) in 3236ms
TryRegister # Try: 38 in 111ms
Assign --> 1605 (failed: 0) in 1142ms
VarInit --> 537 in 266ms
MethodEncapsulation # Method: 1372 in 1168ms
ConstructorEncapsulation # Constructor: 120 in 313ms
VariableFor in 217ms
spoon.compiler.ModelBuildingException: The local variable sc may not have been initialized at /tmp/NPEFix_Bug_dot_jar_Jackrabbit-Oak_0be7e8f0/ContentSessionImpl.java:90
	at spoon.support.compiler.jdt.JDTBasedSpoonCompiler.report(JDTBasedSpoonCompiler.java:581)
	at spoon.support.compiler.jdt.JDTBasedSpoonCompiler.reportProblems(JDTBasedSpoonCompiler.java:562)
	at spoon.support.compiler.jdt.JDTBasedSpoonCompiler.compile(JDTBasedSpoonCompiler.java:157)
	at fr.inria.spirals.npefix.main.all.Launcher.instrument(Launcher.java:109)
	at fr.inria.spirals.npefix.main.run.Main.run(Main.java:61)
	at fr.inria.spirals.npefix.main.run.Main.main(Main.java:48)
Exception in thread "main" spoon.compiler.ModelBuildingException: The local variable sc may not have been initialized at /tmp/NPEFix_Bug_dot_jar_Jackrabbit-Oak_0be7e8f0/ContentSessionImpl.java:90
	at spoon.support.compiler.jdt.JDTBasedSpoonCompiler.report(JDTBasedSpoonCompiler.java:581)
	at spoon.support.compiler.jdt.JDTBasedSpoonCompiler.reportProblems(JDTBasedSpoonCompiler.java:562)
	at spoon.support.compiler.jdt.JDTBasedSpoonCompiler.compile(JDTBasedSpoonCompiler.java:157)
	at fr.inria.spirals.npefix.main.all.Launcher.instrument(Launcher.java:109)
	at fr.inria.spirals.npefix.main.run.Main.run(Main.java:61)
	at fr.inria.spirals.npefix.main.run.Main.main(Main.java:48)
Command exited with non-zero status 1
97.17user 1.76system 0:41.22elapsed 239%CPU (0avgtext+0avgdata 1728344maxresident)k
18312inputs+10424outputs (1major+472510minor)pagefaults 0swaps


Node: petitprince-10.luxembourg.grid5000.fr



Date: Sat Dec 29 22:07:25 EST 2018

