cd /tmp/Kali_QuixBugs_SQRT_;
export JAVA_TOOL_OPTIONS=-Dfile.encoding=UTF8;
TZ="America/New_York"; export TZ;
export PATH="/usr/lib/jvm/java-1.8.0-openjdk-amd64/bin/:$PATH";
export JAVA_HOME="/usr/lib/jvm/java-1.8.0-openjdk-amd64/bin/";
time java -Xmx4048m -cp /home/tdurieux/defects4j4repair/script/../libs/jmetal.jar:/home/tdurieux/defects4j4repair/script/../repair_tools/arja.jar us.msu.cse.repair.Main \
	Kali \
	-DexternalProjRoot /home/tdurieux/defects4j4repair/script/../libs/arja_external \
	-DsrcJavaDir /tmp/Kali_QuixBugs_SQRT_/src/main/java \
	-DbinJavaDir /tmp/Kali_QuixBugs_SQRT_/target/classes \
	-DbinTestDir /tmp/Kali_QuixBugs_SQRT_/target/test-classes \
	-Ddependences /home/tdurieux/.m2/repository/junit/junit/4.11/junit-4.11.jar:/home/tdurieux/.m2/repository/org/hamcrest/hamcrest-core/1.3/hamcrest-core-1.3.jar;
	echo "\n\nNode: `hostname`\n";
	echo "\n\nDate: `date`\n";
Picked up JAVA_TOOL_OPTIONS: -Dfile.encoding=UTF8
Fault localization starts...
Number of positive tests: 1
Number of negative tests: 6
Fault localization is finished!
AST parsing starts...
AST parsing is finished!
Detection of local variables starts...
Detection of local variables is finished!
Detection of fields starts...
Detection of fields is finished!
Detection of methods starts...
Detection of methods is finished!
Ingredient screener starts...
Ingredient screener is finished!
Initialization of manipulations starts...
Initialization of manipulations is finished!
Filtering of the tests starts...
Number of positive tests considered: 1
Filtering of the tests is finished!
140.88user 0.91system 0:45.72elapsed 310%CPU (0avgtext+0avgdata 302812maxresident)k
27280inputs+5968outputs (10major+142412minor)pagefaults 0swaps


Node: grimoire-8.nancy.grid5000.fr



Date: Tue Nov 27 15:50:17 EST 2018

