cd /tmp/NPEFix_IntroClassJava_grade_d6364e6e98a5c96387950d5b3e6206ba9d57628ab2ad0f2cd05ea7af3b818ed03e514157fe4c64e264a0ac9df0840028e0c5a8fd3d096f5ab93bffba61f23812_007;
export JAVA_TOOL_OPTIONS="-Dfile.encoding=UTF8 -Duser.language=en-US -Duser.country=US -Duser.language=en";
TZ="America/New_York"; export TZ;
export PATH="/usr/lib/jvm/java-1.8.0-openjdk-amd64/bin/:$PATH";
export JAVA_HOME="/usr/lib/jvm/java-1.8.0-openjdk-amd64/bin/";
time java -Xmx4g -Xms1g -cp /home/tdurieux/defects4j4repair/script/../repair_tools/npefix.jar fr.inria.spirals.npefix.main.run.Main \
    --test introclassJava.grade_d6364e6e_007BlackboxTest:introclassJava.grade_d6364e6e_007WhiteboxTest \
    --iteration 100 \
	--complianceLevel 7 \
	--workingdirectory . \
	--source src/main/java \
	--classpath target/classes:target/test-classes:/home/tdurieux/.m2/repository/junit/junit/4.11/junit-4.11.jar:/home/tdurieux/.m2/repository/org/hamcrest/hamcrest-core/1.3/hamcrest-core-1.3.jar;
	echo "\n\nNode: `hostname`\n";
	echo "\n\nDate: `date`\n";
Picked up JAVA_TOOL_OPTIONS: -Dfile.encoding=UTF8 -Duser.language=en-US -Duser.country=US -Duser.language=en
TernarySplitter  in 4ms
CheckNotNull  in 2ms
ForceNullInit in 27ms
AddImplicitCastChecker --> 0 in 5ms
BeforeDeref --> 27 (failed:0) in 19ms
target--> 27 (failed:0) in 51ms
TryRegister # Try: 0 in 2ms
Assign --> 20 (failed: 0) in 50ms
VarInit --> 6 in 4ms
MethodEncapsulation # Method: 2 in 47ms
ConstructorEncapsulation # Constructor: 10 in 11ms
VariableFor in 2ms
RMI Selector (Host: 127.0.0.1, Port: 10000): KO
introclassJava.grade_d6364e6e_007BlackboxTest#test1
<No Strat> Status: Ok
introclassJava.grade_d6364e6e_007BlackboxTest#test2
<No Strat> Status: Ok
introclassJava.grade_d6364e6e_007BlackboxTest#test3
<No Strat> Status: Ok
introclassJava.grade_d6364e6e_007BlackboxTest#test4
<No Strat> Status: Ok
introclassJava.grade_d6364e6e_007BlackboxTest#test5
<No Strat> Status: Ok
introclassJava.grade_d6364e6e_007BlackboxTest#test6
<No Strat> Status: Ok
introclassJava.grade_d6364e6e_007BlackboxTest#test7
<No Strat> Status: Ko
introclassJava.grade_d6364e6e_007BlackboxTest#test8
<No Strat> Status: Ko
introclassJava.grade_d6364e6e_007BlackboxTest#test9
<No Strat> Status: Ok
introclassJava.grade_d6364e6e_007WhiteboxTest#test1
<No Strat> Status: Ok
introclassJava.grade_d6364e6e_007WhiteboxTest#test2
<No Strat> Status: Ok
introclassJava.grade_d6364e6e_007WhiteboxTest#test3
<No Strat> Status: Ok
introclassJava.grade_d6364e6e_007WhiteboxTest#test4
<No Strat> Status: Ok
introclassJava.grade_d6364e6e_007WhiteboxTest#test5
<No Strat> Status: Ok
introclassJava.grade_d6364e6e_007WhiteboxTest#test6
<No Strat> Status: Ok
introclassJava.grade_d6364e6e_007WhiteboxTest#test7
<No Strat> Status: Ko
introclassJava.grade_d6364e6e_007WhiteboxTest#test8
<No Strat> Status: Ko
introclassJava.grade_d6364e6e_007WhiteboxTest#test9
<No Strat> Status: Ok
Multirun 18/100 18%
introclassJava.grade_d6364e6e_007BlackboxTest#test7
<No Strat> Status: Ko
introclassJava.grade_d6364e6e_007BlackboxTest#test8
<No Strat> Status: Ko
introclassJava.grade_d6364e6e_007WhiteboxTest#test7
<No Strat> Status: Ko
introclassJava.grade_d6364e6e_007WhiteboxTest#test8
<No Strat> Status: Ko
introclassJava.grade_d6364e6e_007BlackboxTest#test7
<No Strat> Status: Ko
introclassJava.grade_d6364e6e_007BlackboxTest#test8
<No Strat> Status: Ko
introclassJava.grade_d6364e6e_007WhiteboxTest#test7
<No Strat> Status: Ko
introclassJava.grade_d6364e6e_007WhiteboxTest#test8
<No Strat> Status: Ko
introclassJava.grade_d6364e6e_007BlackboxTest#test7
<No Strat> Status: Ko
introclassJava.grade_d6364e6e_007BlackboxTest#test8
<No Strat> Status: Ko
introclassJava.grade_d6364e6e_007WhiteboxTest#test7
<No Strat> Status: Ko
introclassJava.grade_d6364e6e_007WhiteboxTest#test8
<No Strat> Status: Ko
introclassJava.grade_d6364e6e_007BlackboxTest#test7
<No Strat> Status: Ko
introclassJava.grade_d6364e6e_007BlackboxTest#test8
<No Strat> Status: Ko
introclassJava.grade_d6364e6e_007WhiteboxTest#test7
<No Strat> Status: Ko
introclassJava.grade_d6364e6e_007WhiteboxTest#test8
<No Strat> Status: Ko
introclassJava.grade_d6364e6e_007BlackboxTest#test7
<No Strat> Status: Ko
introclassJava.grade_d6364e6e_007BlackboxTest#test8
<No Strat> Status: Ko
introclassJava.grade_d6364e6e_007WhiteboxTest#test7
<No Strat> Status: Ko
introclassJava.grade_d6364e6e_007WhiteboxTest#test8
<No Strat> Status: Ko
introclassJava.grade_d6364e6e_007BlackboxTest#test7
<No Strat> Status: Ko
introclassJava.grade_d6364e6e_007BlackboxTest#test8
<No Strat> Status: Ko
introclassJava.grade_d6364e6e_007WhiteboxTest#test7
<No Strat> Status: Ko
introclassJava.grade_d6364e6e_007WhiteboxTest#test8
<No Strat> Status: Ko
4.77user 0.20system 0:02.70elapsed 184%CPU (0avgtext+0avgdata 209624maxresident)k
21440inputs+216outputs (1major+52592minor)pagefaults 0swaps


Node: graphene-116.nancy.grid5000.fr



Date: Thu Dec  6 04:04:53 EST 2018

