cd /tmp/DynaMoth_IntroClassJava_grade_317aa7055d3b7337ab43b73863692d1288ca246c473f9fd176bc737a7c3e1e08c37a15603cfb7bfc86f7bc2dcc239967b79b605aec11f86ae3ab90dc140b540f_000;
export JAVA_TOOL_OPTIONS="-Dfile.encoding=UTF8 -Duser.language=en-US -Duser.country=US -Duser.language=en";
TZ="America/New_York"; export TZ;
export PATH="/usr/lib/jvm/java-1.8.0-openjdk-amd64/bin/:$PATH";
export JAVA_HOME="/usr/lib/jvm/java-1.8.0-openjdk-amd64/bin/";
time java -Xmx4048m -cp /home/tdurieux/RepairThemAll/script/../repair_tools/nopol.jar:/usr/lib/jvm/java-1.8.0-openjdk-amd64/bin//../lib/tools.jar fr.inria.lille.repair.Main \
	--mode repair \
	--type pre_then_cond \
	--oracle angelic \
	--synthesis dynamoth \
	--flocal gzoltar \
	--json \
	--solver z3 \
	--solver-path /home/tdurieux/RepairThemAll/script/../libs/z3/build/z3 \
	--complianceLevel 7 \
	--source src/main/java \
	--classpath "target/classes:target/test-classes:/home/tdurieux/.m2/repository/junit/junit/4.11/junit-4.11.jar:/home/tdurieux/.m2/repository/org/hamcrest/hamcrest-core/1.3/hamcrest-core-1.3.jar:/home/tdurieux/RepairThemAll/script/../repair_tools/nopol.jar";
	echo "\n\nNode: `hostname`\n";
	echo "\n\nDate: `date`\n";
Picked up JAVA_TOOL_OPTIONS: -Dfile.encoding=UTF8 -Duser.language=en-US -Duser.country=US -Duser.language=en
16:31:11.578 [main] INFO  fr.inria.lille.repair.nopol.NoPol - Source files: [src/main/java]
16:31:11.591 [main] INFO  fr.inria.lille.repair.nopol.NoPol - Classpath: [file:/tmp/DynaMoth_IntroClassJava_grade_317aa7055d3b7337ab43b73863692d1288ca246c473f9fd176bc737a7c3e1e08c37a15603cfb7bfc86f7bc2dcc239967b79b605aec11f86ae3ab90dc140b540f_000/target/classes/, file:/tmp/DynaMoth_IntroClassJava_grade_317aa7055d3b7337ab43b73863692d1288ca246c473f9fd176bc737a7c3e1e08c37a15603cfb7bfc86f7bc2dcc239967b79b605aec11f86ae3ab90dc140b540f_000/target/test-classes/, file:/home/tdurieux/.m2/repository/junit/junit/4.11/junit-4.11.jar, file:/home/tdurieux/.m2/repository/org/hamcrest/hamcrest-core/1.3/hamcrest-core-1.3.jar, file:/home/tdurieux/RepairThemAll/script/../repair_tools/nopol.jar]
16:31:11.592 [main] INFO  fr.inria.lille.repair.nopol.NoPol - Statement type: PRE_THEN_COND
16:31:11.592 [main] INFO  fr.inria.lille.repair.nopol.NoPol - Args: [introclassJava.grade_317aa705_000BlackboxTest, introclassJava.grade_317aa705_000WhiteboxTest]
16:31:11.593 [main] INFO  fr.inria.lille.repair.nopol.NoPol - Config: Config{synthesisDepth=3, collectStaticMethods=true, collectStaticFields=false, collectLiterals=false, onlyOneSynthesisResult=true, sortExpressions=true, maxLineInvocationPerTest=250, timeoutMethodInvocation=2000, dataCollectionTimeoutInSecondForSynthesis=900, addWeight=0.19478, subWeight=0.04554, mulWeight=0.0102, divWeight=0.00613, andWeight=0.10597, orWeight=0.05708, eqWeight=0.22798, nEqWeight=0.0, lessEqWeight=0.0255, lessWeight=0.0947, methodCallWeight=0.1, fieldAccessWeight=0.08099, constantWeight=0.14232, variableWeight=0.05195, mode=REPAIR, type=PRE_THEN_COND, synthesis=DYNAMOTH, oracle=ANGELIC, solver=Z3, solverPath='/home/tdurieux/RepairThemAll/script/../libs/z3/build/z3', projectSources=[src/main/java], projectClasspath='[Ljava.net.URL;@2ff4f00f', projectTests=[introclassJava.grade_317aa705_000BlackboxTest, introclassJava.grade_317aa705_000WhiteboxTest], complianceLevel=7, outputFolder=., json=true}
16:31:11.594 [main] INFO  fr.inria.lille.repair.nopol.NoPol - Available processors (cores): 24
16:31:11.600 [main] INFO  fr.inria.lille.repair.nopol.NoPol - Free memory: 1 GB
16:31:11.600 [main] INFO  fr.inria.lille.repair.nopol.NoPol - Maximum memory: 3 GB
16:31:11.600 [main] INFO  fr.inria.lille.repair.nopol.NoPol - Total memory available to JVM: 1 GB
16:31:11.600 [main] INFO  fr.inria.lille.repair.nopol.NoPol - Java version: 1.8.0_181
16:31:11.601 [main] INFO  fr.inria.lille.repair.nopol.NoPol - JAVA_HOME: /usr/lib/jvm/java-1.8.0-openjdk-amd64/bin/
16:31:11.601 [main] INFO  fr.inria.lille.repair.nopol.NoPol - PATH: /usr/lib/jvm/java-1.8.0-openjdk-amd64/bin/:/usr/lib/oar/oardodo:/usr/lib/oar/oardodo:/usr/local/bin:/usr/bin:/bin:/usr/games
16:31:14.465 [pool-2-thread-1] DEBUG fr.inria.lille.repair.nopol.NoPol - statement #1
16:31:14.466 [pool-2-thread-1] DEBUG fr.inria.lille.repair.nopol.NoPol - Analysing SourceLocation introclassJava.grade_317aa705_000:86 which is executed by 2 tests
-199686723
16:31:14.708 [pool-2-thread-1] DEBUG fr.inria.lille.repair.nopol.NoPol - looking with class fr.inria.lille.repair.nopol.spoon.smt.ConditionalAdder
org.junit.ComparisonFailure: expected:<...(percent)>Studenthas[failedthecours]e> but was:<...(percent)>Studenthas[anFgrad]e>
    at org.junit.Assert.assertEquals(Assert.java:115)
    at org.junit.Assert.assertEquals(Assert.java:144)
    at introclassJava.grade_317aa705_000BlackboxTest.test9(grade_317aa705_000BlackboxTest.java:86)
    at sun.reflect.NativeMethodAccessorImpl.invoke0(Native Method)
    at sun.reflect.NativeMethodAccessorImpl.invoke(NativeMethodAccessorImpl.java:62)
    at sun.reflect.DelegatingMethodAccessorImpl.invoke(DelegatingMethodAccessorImpl.java:43)
org.junit.ComparisonFailure: expected:<...(percent)>Studenthas[failedthecours]e> but was:<...(percent)>Studenthas[anFgrad]e>
    at org.junit.Assert.assertEquals(Assert.java:115)
    at org.junit.Assert.assertEquals(Assert.java:144)
    at introclassJava.grade_317aa705_000WhiteboxTest.test9(grade_317aa705_000WhiteboxTest.java:86)
    at sun.reflect.NativeMethodAccessorImpl.invoke0(Native Method)
    at sun.reflect.NativeMethodAccessorImpl.invoke(NativeMethodAccessorImpl.java:62)
    at sun.reflect.DelegatingMethodAccessorImpl.invoke(DelegatingMethodAccessorImpl.java:43)
16:31:14.776 [pool-4-thread-1] INFO  xxl.java.junit.TestCasesListener - Tests run finished (45 ms)
<> Total tests run: 18
<> Ignored tests: 0
<> Failed tests: 2
~ test9(introclassJava.grade_317aa705_000BlackboxTest)
[expected:<...(percent)>Studenthas[failedthecours]e> but was:<...(percent)>Studenthas[anFgrad]e>]
org.junit.ComparisonFailure: expected:<...(percent)>Studenthas[failedthecours]e> but was:<...(percent)>Studenthas[anFgrad]e>    at org.junit.Assert.assertEquals(Assert.java:115)
    at org.junit.Assert.assertEquals(Assert.java:144)
    at introclassJava.grade_317aa705_000BlackboxTest.test9(grade_317aa705_000BlackboxTest.java:86)
    at sun.reflect.NativeMethodAccessorImpl.invoke0(Native Method)
    at sun.reflect.NativeMethodAccessorImpl.invoke(NativeMethodAccessorImpl.java:62)
    at sun.reflect.DelegatingMethodAccessorImpl.invoke(DelegatingMethodAccessorImpl.java:43)
~ test9(introclassJava.grade_317aa705_000WhiteboxTest)
[expected:<...(percent)>Studenthas[failedthecours]e> but was:<...(percent)>Studenthas[anFgrad]e>]
org.junit.ComparisonFailure: expected:<...(percent)>Studenthas[failedthecours]e> but was:<...(percent)>Studenthas[anFgrad]e>    at org.junit.Assert.assertEquals(Assert.java:115)
    at org.junit.Assert.assertEquals(Assert.java:144)
    at introclassJava.grade_317aa705_000WhiteboxTest.test9(grade_317aa705_000WhiteboxTest.java:86)
    at sun.reflect.NativeMethodAccessorImpl.invoke0(Native Method)
    at sun.reflect.NativeMethodAccessorImpl.invoke(NativeMethodAccessorImpl.java:62)
    at sun.reflect.DelegatingMethodAccessorImpl.invoke(DelegatingMethodAccessorImpl.java:43)

16:31:15.279 [pool-2-thread-1] DEBUG fr.inria.lille.repair.nopol.NoPol - statement #2
16:31:15.279 [pool-2-thread-1] DEBUG fr.inria.lille.repair.nopol.NoPol - Analysing SourceLocation introclassJava.grade_317aa705_000:90 which is executed by 18 tests
-199686723
16:31:15.335 [pool-2-thread-1] DEBUG fr.inria.lille.repair.nopol.NoPol - looking with class fr.inria.lille.repair.nopol.spoon.smt.ConditionalAdder
org.junit.ComparisonFailure: expected:<...(percent)>Studenthas[failedthecours]e> but was:<...(percent)>Studenthas[anFgrad]e>
    at org.junit.Assert.assertEquals(Assert.java:115)
    at org.junit.Assert.assertEquals(Assert.java:144)
    at introclassJava.grade_317aa705_000BlackboxTest.test9(grade_317aa705_000BlackboxTest.java:86)
    at sun.reflect.NativeMethodAccessorImpl.invoke0(Native Method)
    at sun.reflect.NativeMethodAccessorImpl.invoke(NativeMethodAccessorImpl.java:62)
    at sun.reflect.DelegatingMethodAccessorImpl.invoke(DelegatingMethodAccessorImpl.java:43)
org.junit.ComparisonFailure: expected:<...(percent)>Studenthas[failedthecours]e> but was:<...(percent)>Studenthas[anFgrad]e>
    at org.junit.Assert.assertEquals(Assert.java:115)
    at org.junit.Assert.assertEquals(Assert.java:144)
    at introclassJava.grade_317aa705_000WhiteboxTest.test9(grade_317aa705_000WhiteboxTest.java:86)
    at sun.reflect.NativeMethodAccessorImpl.invoke0(Native Method)
    at sun.reflect.NativeMethodAccessorImpl.invoke(NativeMethodAccessorImpl.java:62)
    at sun.reflect.DelegatingMethodAccessorImpl.invoke(DelegatingMethodAccessorImpl.java:43)
16:31:15.363 [pool-10-thread-1] INFO  xxl.java.junit.TestCasesListener - Tests run finished (22 ms)
<> Total tests run: 18
<> Ignored tests: 0
<> Failed tests: 2
~ test9(introclassJava.grade_317aa705_000BlackboxTest)
[expected:<...(percent)>Studenthas[failedthecours]e> but was:<...(percent)>Studenthas[anFgrad]e>]
org.junit.ComparisonFailure: expected:<...(percent)>Studenthas[failedthecours]e> but was:<...(percent)>Studenthas[anFgrad]e>    at org.junit.Assert.assertEquals(Assert.java:115)
    at org.junit.Assert.assertEquals(Assert.java:144)
    at introclassJava.grade_317aa705_000BlackboxTest.test9(grade_317aa705_000BlackboxTest.java:86)
    at sun.reflect.NativeMethodAccessorImpl.invoke0(Native Method)
    at sun.reflect.NativeMethodAccessorImpl.invoke(NativeMethodAccessorImpl.java:62)
    at sun.reflect.DelegatingMethodAccessorImpl.invoke(DelegatingMethodAccessorImpl.java:43)
~ test9(introclassJava.grade_317aa705_000WhiteboxTest)
[expected:<...(percent)>Studenthas[failedthecours]e> but was:<...(percent)>Studenthas[anFgrad]e>]
org.junit.ComparisonFailure: expected:<...(percent)>Studenthas[failedthecours]e> but was:<...(percent)>Studenthas[anFgrad]e>    at org.junit.Assert.assertEquals(Assert.java:115)
    at org.junit.Assert.assertEquals(Assert.java:144)
    at introclassJava.grade_317aa705_000WhiteboxTest.test9(grade_317aa705_000WhiteboxTest.java:86)
    at sun.reflect.NativeMethodAccessorImpl.invoke0(Native Method)
    at sun.reflect.NativeMethodAccessorImpl.invoke(NativeMethodAccessorImpl.java:62)
    at sun.reflect.DelegatingMethodAccessorImpl.invoke(DelegatingMethodAccessorImpl.java:43)

16:31:15.495 [pool-2-thread-1] DEBUG fr.inria.lille.repair.nopol.NoPol - statement #3
16:31:15.495 [pool-2-thread-1] DEBUG fr.inria.lille.repair.nopol.NoPol - Analysing SourceLocation introclassJava.grade_317aa705_000:88 which is executed by 18 tests
-199686723
16:31:15.551 [pool-2-thread-1] DEBUG fr.inria.lille.repair.nopol.NoPol - looking with class fr.inria.lille.repair.nopol.spoon.smt.ConditionalAdder
org.junit.ComparisonFailure: expected:<...(percent)>Studenthas[failedthecours]e> but was:<...(percent)>Studenthas[anFgrad]e>
    at org.junit.Assert.assertEquals(Assert.java:115)
    at org.junit.Assert.assertEquals(Assert.java:144)
    at introclassJava.grade_317aa705_000BlackboxTest.test9(grade_317aa705_000BlackboxTest.java:86)
    at sun.reflect.NativeMethodAccessorImpl.invoke0(Native Method)
    at sun.reflect.NativeMethodAccessorImpl.invoke(NativeMethodAccessorImpl.java:62)
    at sun.reflect.DelegatingMethodAccessorImpl.invoke(DelegatingMethodAccessorImpl.java:43)
org.junit.ComparisonFailure: expected:<...(percent)>Studenthas[failedthecours]e> but was:<...(percent)>Studenthas[anFgrad]e>
    at org.junit.Assert.assertEquals(Assert.java:115)
    at org.junit.Assert.assertEquals(Assert.java:144)
    at introclassJava.grade_317aa705_000WhiteboxTest.test9(grade_317aa705_000WhiteboxTest.java:86)
    at sun.reflect.NativeMethodAccessorImpl.invoke0(Native Method)
    at sun.reflect.NativeMethodAccessorImpl.invoke(NativeMethodAccessorImpl.java:62)
    at sun.reflect.DelegatingMethodAccessorImpl.invoke(DelegatingMethodAccessorImpl.java:43)
16:31:15.570 [pool-16-thread-1] INFO  xxl.java.junit.TestCasesListener - Tests run finished (15 ms)
<> Total tests run: 18
<> Ignored tests: 0
<> Failed tests: 2
~ test9(introclassJava.grade_317aa705_000BlackboxTest)
[expected:<...(percent)>Studenthas[failedthecours]e> but was:<...(percent)>Studenthas[anFgrad]e>]
org.junit.ComparisonFailure: expected:<...(percent)>Studenthas[failedthecours]e> but was:<...(percent)>Studenthas[anFgrad]e>    at org.junit.Assert.assertEquals(Assert.java:115)
    at org.junit.Assert.assertEquals(Assert.java:144)
    at introclassJava.grade_317aa705_000BlackboxTest.test9(grade_317aa705_000BlackboxTest.java:86)
    at sun.reflect.NativeMethodAccessorImpl.invoke0(Native Method)
    at sun.reflect.NativeMethodAccessorImpl.invoke(NativeMethodAccessorImpl.java:62)
    at sun.reflect.DelegatingMethodAccessorImpl.invoke(DelegatingMethodAccessorImpl.java:43)
~ test9(introclassJava.grade_317aa705_000WhiteboxTest)
[expected:<...(percent)>Studenthas[failedthecours]e> but was:<...(percent)>Studenthas[anFgrad]e>]
org.junit.ComparisonFailure: expected:<...(percent)>Studenthas[failedthecours]e> but was:<...(percent)>Studenthas[anFgrad]e>    at org.junit.Assert.assertEquals(Assert.java:115)
    at org.junit.Assert.assertEquals(Assert.java:144)
    at introclassJava.grade_317aa705_000WhiteboxTest.test9(grade_317aa705_000WhiteboxTest.java:86)
    at sun.reflect.NativeMethodAccessorImpl.invoke0(Native Method)
    at sun.reflect.NativeMethodAccessorImpl.invoke(NativeMethodAccessorImpl.java:62)
    at sun.reflect.DelegatingMethodAccessorImpl.invoke(DelegatingMethodAccessorImpl.java:43)

16:31:15.694 [pool-2-thread-1] DEBUG fr.inria.lille.repair.nopol.NoPol - statement #4
16:31:15.694 [pool-2-thread-1] DEBUG fr.inria.lille.repair.nopol.NoPol - Analysing SourceLocation introclassJava.grade_317aa705_000:85 which is executed by 18 tests
-199686723
16:31:15.773 [pool-2-thread-1] DEBUG fr.inria.lille.repair.nopol.NoPol - looking with class fr.inria.lille.repair.nopol.spoon.smt.ConditionalAdder
org.junit.ComparisonFailure: expected:<...(percent)>Studenthas[failedthecours]e> but was:<...(percent)>Studenthas[anFgrad]e>
    at org.junit.Assert.assertEquals(Assert.java:115)
    at org.junit.Assert.assertEquals(Assert.java:144)
    at introclassJava.grade_317aa705_000BlackboxTest.test9(grade_317aa705_000BlackboxTest.java:86)
    at sun.reflect.NativeMethodAccessorImpl.invoke0(Native Method)
    at sun.reflect.NativeMethodAccessorImpl.invoke(NativeMethodAccessorImpl.java:62)
    at sun.reflect.DelegatingMethodAccessorImpl.invoke(DelegatingMethodAccessorImpl.java:43)
org.junit.ComparisonFailure: expected:<...(percent)>Studenthas[failedthecours]e> but was:<...(percent)>Studenthas[anFgrad]e>
    at org.junit.Assert.assertEquals(Assert.java:115)
    at org.junit.Assert.assertEquals(Assert.java:144)
    at introclassJava.grade_317aa705_000WhiteboxTest.test9(grade_317aa705_000WhiteboxTest.java:86)
    at sun.reflect.NativeMethodAccessorImpl.invoke0(Native Method)
    at sun.reflect.NativeMethodAccessorImpl.invoke(NativeMethodAccessorImpl.java:62)
    at sun.reflect.DelegatingMethodAccessorImpl.invoke(DelegatingMethodAccessorImpl.java:43)
16:31:15.800 [pool-22-thread-1] INFO  xxl.java.junit.TestCasesListener - Tests run finished (23 ms)
<> Total tests run: 18
<> Ignored tests: 0
<> Failed tests: 2
~ test9(introclassJava.grade_317aa705_000BlackboxTest)
[expected:<...(percent)>Studenthas[failedthecours]e> but was:<...(percent)>Studenthas[anFgrad]e>]
org.junit.ComparisonFailure: expected:<...(percent)>Studenthas[failedthecours]e> but was:<...(percent)>Studenthas[anFgrad]e>    at org.junit.Assert.assertEquals(Assert.java:115)
    at org.junit.Assert.assertEquals(Assert.java:144)
    at introclassJava.grade_317aa705_000BlackboxTest.test9(grade_317aa705_000BlackboxTest.java:86)
    at sun.reflect.NativeMethodAccessorImpl.invoke0(Native Method)
    at sun.reflect.NativeMethodAccessorImpl.invoke(NativeMethodAccessorImpl.java:62)
    at sun.reflect.DelegatingMethodAccessorImpl.invoke(DelegatingMethodAccessorImpl.java:43)
~ test9(introclassJava.grade_317aa705_000WhiteboxTest)
[expected:<...(percent)>Studenthas[failedthecours]e> but was:<...(percent)>Studenthas[anFgrad]e>]
org.junit.ComparisonFailure: expected:<...(percent)>Studenthas[failedthecours]e> but was:<...(percent)>Studenthas[anFgrad]e>    at org.junit.Assert.assertEquals(Assert.java:115)
    at org.junit.Assert.assertEquals(Assert.java:144)
    at introclassJava.grade_317aa705_000WhiteboxTest.test9(grade_317aa705_000WhiteboxTest.java:86)
    at sun.reflect.NativeMethodAccessorImpl.invoke0(Native Method)
    at sun.reflect.NativeMethodAccessorImpl.invoke(NativeMethodAccessorImpl.java:62)
    at sun.reflect.DelegatingMethodAccessorImpl.invoke(DelegatingMethodAccessorImpl.java:43)

16:31:15.917 [pool-2-thread-1] DEBUG fr.inria.lille.repair.nopol.NoPol - looking with class fr.inria.lille.repair.nopol.spoon.smt.ConditionalReplacer
org.junit.ComparisonFailure: expected:<...(percent)>Studenthas[failedthecours]e> but was:<...(percent)>Studenthas[anFgrad]e>
    at org.junit.Assert.assertEquals(Assert.java:115)
    at org.junit.Assert.assertEquals(Assert.java:144)
    at introclassJava.grade_317aa705_000BlackboxTest.test9(grade_317aa705_000BlackboxTest.java:86)
    at sun.reflect.NativeMethodAccessorImpl.invoke0(Native Method)
    at sun.reflect.NativeMethodAccessorImpl.invoke(NativeMethodAccessorImpl.java:62)
    at sun.reflect.DelegatingMethodAccessorImpl.invoke(DelegatingMethodAccessorImpl.java:43)
org.junit.ComparisonFailure: expected:<...(percent)>Studenthas[failedthecours]e> but was:<...(percent)>Studenthas[anFgrad]e>
    at org.junit.Assert.assertEquals(Assert.java:115)
    at org.junit.Assert.assertEquals(Assert.java:144)
    at introclassJava.grade_317aa705_000WhiteboxTest.test9(grade_317aa705_000WhiteboxTest.java:86)
    at sun.reflect.NativeMethodAccessorImpl.invoke0(Native Method)
    at sun.reflect.NativeMethodAccessorImpl.invoke(NativeMethodAccessorImpl.java:62)
    at sun.reflect.DelegatingMethodAccessorImpl.invoke(DelegatingMethodAccessorImpl.java:43)
16:31:15.931 [pool-28-thread-1] INFO  xxl.java.junit.TestCasesListener - Tests run finished (11 ms)
<> Total tests run: 18
<> Ignored tests: 0
<> Failed tests: 2
~ test9(introclassJava.grade_317aa705_000BlackboxTest)
[expected:<...(percent)>Studenthas[failedthecours]e> but was:<...(percent)>Studenthas[anFgrad]e>]
org.junit.ComparisonFailure: expected:<...(percent)>Studenthas[failedthecours]e> but was:<...(percent)>Studenthas[anFgrad]e>    at org.junit.Assert.assertEquals(Assert.java:115)
    at org.junit.Assert.assertEquals(Assert.java:144)
    at introclassJava.grade_317aa705_000BlackboxTest.test9(grade_317aa705_000BlackboxTest.java:86)
    at sun.reflect.NativeMethodAccessorImpl.invoke0(Native Method)
    at sun.reflect.NativeMethodAccessorImpl.invoke(NativeMethodAccessorImpl.java:62)
    at sun.reflect.DelegatingMethodAccessorImpl.invoke(DelegatingMethodAccessorImpl.java:43)
~ test9(introclassJava.grade_317aa705_000WhiteboxTest)
[expected:<...(percent)>Studenthas[failedthecours]e> but was:<...(percent)>Studenthas[anFgrad]e>]
org.junit.ComparisonFailure: expected:<...(percent)>Studenthas[failedthecours]e> but was:<...(percent)>Studenthas[anFgrad]e>    at org.junit.Assert.assertEquals(Assert.java:115)
    at org.junit.Assert.assertEquals(Assert.java:144)
    at introclassJava.grade_317aa705_000WhiteboxTest.test9(grade_317aa705_000WhiteboxTest.java:86)
    at sun.reflect.NativeMethodAccessorImpl.invoke0(Native Method)
    at sun.reflect.NativeMethodAccessorImpl.invoke(NativeMethodAccessorImpl.java:62)
    at sun.reflect.DelegatingMethodAccessorImpl.invoke(DelegatingMethodAccessorImpl.java:43)

16:31:16.018 [pool-2-thread-1] DEBUG fr.inria.lille.repair.nopol.NoPol - statement #5
16:31:16.018 [pool-2-thread-1] DEBUG fr.inria.lille.repair.nopol.NoPol - Analysing SourceLocation introclassJava.grade_317aa705_000:82 which is executed by 18 tests
-199686723
16:31:16.060 [pool-2-thread-1] DEBUG fr.inria.lille.repair.nopol.NoPol - looking with class fr.inria.lille.repair.nopol.spoon.smt.ConditionalAdder
org.junit.ComparisonFailure: expected:<...(percent)>Studenthas[failedthecours]e> but was:<...(percent)>Studenthas[anFgrad]e>
    at org.junit.Assert.assertEquals(Assert.java:115)
    at org.junit.Assert.assertEquals(Assert.java:144)
    at introclassJava.grade_317aa705_000BlackboxTest.test9(grade_317aa705_000BlackboxTest.java:86)
    at sun.reflect.NativeMethodAccessorImpl.invoke0(Native Method)
    at sun.reflect.NativeMethodAccessorImpl.invoke(NativeMethodAccessorImpl.java:62)
    at sun.reflect.DelegatingMethodAccessorImpl.invoke(DelegatingMethodAccessorImpl.java:43)
org.junit.ComparisonFailure: expected:<...(percent)>Studenthas[failedthecours]e> but was:<...(percent)>Studenthas[anFgrad]e>
    at org.junit.Assert.assertEquals(Assert.java:115)
    at org.junit.Assert.assertEquals(Assert.java:144)
    at introclassJava.grade_317aa705_000WhiteboxTest.test9(grade_317aa705_000WhiteboxTest.java:86)
    at sun.reflect.NativeMethodAccessorImpl.invoke0(Native Method)
    at sun.reflect.NativeMethodAccessorImpl.invoke(NativeMethodAccessorImpl.java:62)
    at sun.reflect.DelegatingMethodAccessorImpl.invoke(DelegatingMethodAccessorImpl.java:43)
16:31:16.075 [pool-34-thread-1] INFO  xxl.java.junit.TestCasesListener - Tests run finished (11 ms)
<> Total tests run: 18
<> Ignored tests: 0
<> Failed tests: 2
~ test9(introclassJava.grade_317aa705_000BlackboxTest)
[expected:<...(percent)>Studenthas[failedthecours]e> but was:<...(percent)>Studenthas[anFgrad]e>]
org.junit.ComparisonFailure: expected:<...(percent)>Studenthas[failedthecours]e> but was:<...(percent)>Studenthas[anFgrad]e>    at org.junit.Assert.assertEquals(Assert.java:115)
    at org.junit.Assert.assertEquals(Assert.java:144)
    at introclassJava.grade_317aa705_000BlackboxTest.test9(grade_317aa705_000BlackboxTest.java:86)
    at sun.reflect.NativeMethodAccessorImpl.invoke0(Native Method)
    at sun.reflect.NativeMethodAccessorImpl.invoke(NativeMethodAccessorImpl.java:62)
    at sun.reflect.DelegatingMethodAccessorImpl.invoke(DelegatingMethodAccessorImpl.java:43)
~ test9(introclassJava.grade_317aa705_000WhiteboxTest)
[expected:<...(percent)>Studenthas[failedthecours]e> but was:<...(percent)>Studenthas[anFgrad]e>]
org.junit.ComparisonFailure: expected:<...(percent)>Studenthas[failedthecours]e> but was:<...(percent)>Studenthas[anFgrad]e>    at org.junit.Assert.assertEquals(Assert.java:115)
    at org.junit.Assert.assertEquals(Assert.java:144)
    at introclassJava.grade_317aa705_000WhiteboxTest.test9(grade_317aa705_000WhiteboxTest.java:86)
    at sun.reflect.NativeMethodAccessorImpl.invoke0(Native Method)
    at sun.reflect.NativeMethodAccessorImpl.invoke(NativeMethodAccessorImpl.java:62)
    at sun.reflect.DelegatingMethodAccessorImpl.invoke(DelegatingMethodAccessorImpl.java:43)

16:31:16.189 [pool-2-thread-1] DEBUG fr.inria.lille.repair.nopol.NoPol - looking with class fr.inria.lille.repair.nopol.spoon.smt.ConditionalReplacer
org.junit.ComparisonFailure: expected:<...(percent)>Studenthas[failedthecours]e> but was:<...(percent)>Studenthas[anFgrad]e>
    at org.junit.Assert.assertEquals(Assert.java:115)
    at org.junit.Assert.assertEquals(Assert.java:144)
    at introclassJava.grade_317aa705_000BlackboxTest.test9(grade_317aa705_000BlackboxTest.java:86)
    at sun.reflect.NativeMethodAccessorImpl.invoke0(Native Method)
    at sun.reflect.NativeMethodAccessorImpl.invoke(NativeMethodAccessorImpl.java:62)
    at sun.reflect.DelegatingMethodAccessorImpl.invoke(DelegatingMethodAccessorImpl.java:43)
org.junit.ComparisonFailure: expected:<...(percent)>Studenthas[failedthecours]e> but was:<...(percent)>Studenthas[anFgrad]e>
    at org.junit.Assert.assertEquals(Assert.java:115)
    at org.junit.Assert.assertEquals(Assert.java:144)
    at introclassJava.grade_317aa705_000WhiteboxTest.test9(grade_317aa705_000WhiteboxTest.java:86)
    at sun.reflect.NativeMethodAccessorImpl.invoke0(Native Method)
    at sun.reflect.NativeMethodAccessorImpl.invoke(NativeMethodAccessorImpl.java:62)
    at sun.reflect.DelegatingMethodAccessorImpl.invoke(DelegatingMethodAccessorImpl.java:43)
16:31:16.203 [pool-40-thread-1] INFO  xxl.java.junit.TestCasesListener - Tests run finished (11 ms)
<> Total tests run: 18
<> Ignored tests: 0
<> Failed tests: 2
~ test9(introclassJava.grade_317aa705_000BlackboxTest)
[expected:<...(percent)>Studenthas[failedthecours]e> but was:<...(percent)>Studenthas[anFgrad]e>]
org.junit.ComparisonFailure: expected:<...(percent)>Studenthas[failedthecours]e> but was:<...(percent)>Studenthas[anFgrad]e>    at org.junit.Assert.assertEquals(Assert.java:115)
    at org.junit.Assert.assertEquals(Assert.java:144)
    at introclassJava.grade_317aa705_000BlackboxTest.test9(grade_317aa705_000BlackboxTest.java:86)
    at sun.reflect.NativeMethodAccessorImpl.invoke0(Native Method)
    at sun.reflect.NativeMethodAccessorImpl.invoke(NativeMethodAccessorImpl.java:62)
    at sun.reflect.DelegatingMethodAccessorImpl.invoke(DelegatingMethodAccessorImpl.java:43)
~ test9(introclassJava.grade_317aa705_000WhiteboxTest)
[expected:<...(percent)>Studenthas[failedthecours]e> but was:<...(percent)>Studenthas[anFgrad]e>]
org.junit.ComparisonFailure: expected:<...(percent)>Studenthas[failedthecours]e> but was:<...(percent)>Studenthas[anFgrad]e>    at org.junit.Assert.assertEquals(Assert.java:115)
    at org.junit.Assert.assertEquals(Assert.java:144)
    at introclassJava.grade_317aa705_000WhiteboxTest.test9(grade_317aa705_000WhiteboxTest.java:86)
    at sun.reflect.NativeMethodAccessorImpl.invoke0(Native Method)
    at sun.reflect.NativeMethodAccessorImpl.invoke(NativeMethodAccessorImpl.java:62)
    at sun.reflect.DelegatingMethodAccessorImpl.invoke(DelegatingMethodAccessorImpl.java:43)

16:31:16.289 [pool-2-thread-1] DEBUG fr.inria.lille.repair.nopol.NoPol - statement #6
16:31:16.289 [pool-2-thread-1] DEBUG fr.inria.lille.repair.nopol.NoPol - Analysing SourceLocation introclassJava.grade_317aa705_000:79 which is executed by 18 tests
-199686723
16:31:16.331 [pool-2-thread-1] DEBUG fr.inria.lille.repair.nopol.NoPol - looking with class fr.inria.lille.repair.nopol.spoon.smt.ConditionalAdder
org.junit.ComparisonFailure: expected:<...(percent)>Studenthas[failedthecours]e> but was:<...(percent)>Studenthas[anFgrad]e>
    at org.junit.Assert.assertEquals(Assert.java:115)
    at org.junit.Assert.assertEquals(Assert.java:144)
    at introclassJava.grade_317aa705_000BlackboxTest.test9(grade_317aa705_000BlackboxTest.java:86)
    at sun.reflect.NativeMethodAccessorImpl.invoke0(Native Method)
    at sun.reflect.NativeMethodAccessorImpl.invoke(NativeMethodAccessorImpl.java:62)
    at sun.reflect.DelegatingMethodAccessorImpl.invoke(DelegatingMethodAccessorImpl.java:43)
org.junit.ComparisonFailure: expected:<...(percent)>Studenthas[failedthecours]e> but was:<...(percent)>Studenthas[anFgrad]e>
    at org.junit.Assert.assertEquals(Assert.java:115)
    at org.junit.Assert.assertEquals(Assert.java:144)
    at introclassJava.grade_317aa705_000WhiteboxTest.test9(grade_317aa705_000WhiteboxTest.java:86)
    at sun.reflect.NativeMethodAccessorImpl.invoke0(Native Method)
    at sun.reflect.NativeMethodAccessorImpl.invoke(NativeMethodAccessorImpl.java:62)
    at sun.reflect.DelegatingMethodAccessorImpl.invoke(DelegatingMethodAccessorImpl.java:43)
16:31:16.346 [pool-46-thread-1] INFO  xxl.java.junit.TestCasesListener - Tests run finished (10 ms)
<> Total tests run: 18
<> Ignored tests: 0
<> Failed tests: 2
~ test9(introclassJava.grade_317aa705_000BlackboxTest)
[expected:<...(percent)>Studenthas[failedthecours]e> but was:<...(percent)>Studenthas[anFgrad]e>]
org.junit.ComparisonFailure: expected:<...(percent)>Studenthas[failedthecours]e> but was:<...(percent)>Studenthas[anFgrad]e>    at org.junit.Assert.assertEquals(Assert.java:115)
    at org.junit.Assert.assertEquals(Assert.java:144)
    at introclassJava.grade_317aa705_000BlackboxTest.test9(grade_317aa705_000BlackboxTest.java:86)
    at sun.reflect.NativeMethodAccessorImpl.invoke0(Native Method)
    at sun.reflect.NativeMethodAccessorImpl.invoke(NativeMethodAccessorImpl.java:62)
    at sun.reflect.DelegatingMethodAccessorImpl.invoke(DelegatingMethodAccessorImpl.java:43)
~ test9(introclassJava.grade_317aa705_000WhiteboxTest)
[expected:<...(percent)>Studenthas[failedthecours]e> but was:<...(percent)>Studenthas[anFgrad]e>]
org.junit.ComparisonFailure: expected:<...(percent)>Studenthas[failedthecours]e> but was:<...(percent)>Studenthas[anFgrad]e>    at org.junit.Assert.assertEquals(Assert.java:115)
    at org.junit.Assert.assertEquals(Assert.java:144)
    at introclassJava.grade_317aa705_000WhiteboxTest.test9(grade_317aa705_000WhiteboxTest.java:86)
    at sun.reflect.NativeMethodAccessorImpl.invoke0(Native Method)
    at sun.reflect.NativeMethodAccessorImpl.invoke(NativeMethodAccessorImpl.java:62)
    at sun.reflect.DelegatingMethodAccessorImpl.invoke(DelegatingMethodAccessorImpl.java:43)

16:31:16.434 [pool-2-thread-1] DEBUG fr.inria.lille.repair.nopol.NoPol - looking with class fr.inria.lille.repair.nopol.spoon.smt.ConditionalReplacer
org.junit.ComparisonFailure: expected:<...(percent)>Studenthas[failedthecours]e> but was:<...(percent)>Studenthas[anFgrad]e>
    at org.junit.Assert.assertEquals(Assert.java:115)
    at org.junit.Assert.assertEquals(Assert.java:144)
    at introclassJava.grade_317aa705_000BlackboxTest.test9(grade_317aa705_000BlackboxTest.java:86)
    at sun.reflect.NativeMethodAccessorImpl.invoke0(Native Method)
    at sun.reflect.NativeMethodAccessorImpl.invoke(NativeMethodAccessorImpl.java:62)
    at sun.reflect.DelegatingMethodAccessorImpl.invoke(DelegatingMethodAccessorImpl.java:43)
org.junit.ComparisonFailure: expected:<...(percent)>Studenthas[failedthecours]e> but was:<...(percent)>Studenthas[anFgrad]e>
    at org.junit.Assert.assertEquals(Assert.java:115)
    at org.junit.Assert.assertEquals(Assert.java:144)
    at introclassJava.grade_317aa705_000WhiteboxTest.test9(grade_317aa705_000WhiteboxTest.java:86)
    at sun.reflect.NativeMethodAccessorImpl.invoke0(Native Method)
    at sun.reflect.NativeMethodAccessorImpl.invoke(NativeMethodAccessorImpl.java:62)
    at sun.reflect.DelegatingMethodAccessorImpl.invoke(DelegatingMethodAccessorImpl.java:43)
16:31:16.447 [pool-52-thread-1] INFO  xxl.java.junit.TestCasesListener - Tests run finished (11 ms)
<> Total tests run: 18
<> Ignored tests: 0
<> Failed tests: 2
~ test9(introclassJava.grade_317aa705_000BlackboxTest)
[expected:<...(percent)>Studenthas[failedthecours]e> but was:<...(percent)>Studenthas[anFgrad]e>]
org.junit.ComparisonFailure: expected:<...(percent)>Studenthas[failedthecours]e> but was:<...(percent)>Studenthas[anFgrad]e>    at org.junit.Assert.assertEquals(Assert.java:115)
    at org.junit.Assert.assertEquals(Assert.java:144)
    at introclassJava.grade_317aa705_000BlackboxTest.test9(grade_317aa705_000BlackboxTest.java:86)
    at sun.reflect.NativeMethodAccessorImpl.invoke0(Native Method)
    at sun.reflect.NativeMethodAccessorImpl.invoke(NativeMethodAccessorImpl.java:62)
    at sun.reflect.DelegatingMethodAccessorImpl.invoke(DelegatingMethodAccessorImpl.java:43)
~ test9(introclassJava.grade_317aa705_000WhiteboxTest)
[expected:<...(percent)>Studenthas[failedthecours]e> but was:<...(percent)>Studenthas[anFgrad]e>]
org.junit.ComparisonFailure: expected:<...(percent)>Studenthas[failedthecours]e> but was:<...(percent)>Studenthas[anFgrad]e>    at org.junit.Assert.assertEquals(Assert.java:115)
    at org.junit.Assert.assertEquals(Assert.java:144)
    at introclassJava.grade_317aa705_000WhiteboxTest.test9(grade_317aa705_000WhiteboxTest.java:86)
    at sun.reflect.NativeMethodAccessorImpl.invoke0(Native Method)
    at sun.reflect.NativeMethodAccessorImpl.invoke(NativeMethodAccessorImpl.java:62)
    at sun.reflect.DelegatingMethodAccessorImpl.invoke(DelegatingMethodAccessorImpl.java:43)

16:31:16.526 [pool-2-thread-1] DEBUG fr.inria.lille.repair.nopol.NoPol - statement #7
16:31:16.526 [pool-2-thread-1] DEBUG fr.inria.lille.repair.nopol.NoPol - Analysing SourceLocation introclassJava.grade_317aa705_000:76 which is executed by 18 tests
-199686723
16:31:16.575 [pool-2-thread-1] DEBUG fr.inria.lille.repair.nopol.NoPol - looking with class fr.inria.lille.repair.nopol.spoon.smt.ConditionalAdder
org.junit.ComparisonFailure: expected:<...(percent)>Studenthas[failedthecours]e> but was:<...(percent)>Studenthas[anFgrad]e>
    at org.junit.Assert.assertEquals(Assert.java:115)
    at org.junit.Assert.assertEquals(Assert.java:144)
    at introclassJava.grade_317aa705_000BlackboxTest.test9(grade_317aa705_000BlackboxTest.java:86)
    at sun.reflect.NativeMethodAccessorImpl.invoke0(Native Method)
    at sun.reflect.NativeMethodAccessorImpl.invoke(NativeMethodAccessorImpl.java:62)
    at sun.reflect.DelegatingMethodAccessorImpl.invoke(DelegatingMethodAccessorImpl.java:43)
org.junit.ComparisonFailure: expected:<...(percent)>Studenthas[failedthecours]e> but was:<...(percent)>Studenthas[anFgrad]e>
    at org.junit.Assert.assertEquals(Assert.java:115)
    at org.junit.Assert.assertEquals(Assert.java:144)
    at introclassJava.grade_317aa705_000WhiteboxTest.test9(grade_317aa705_000WhiteboxTest.java:86)
    at sun.reflect.NativeMethodAccessorImpl.invoke0(Native Method)
    at sun.reflect.NativeMethodAccessorImpl.invoke(NativeMethodAccessorImpl.java:62)
    at sun.reflect.DelegatingMethodAccessorImpl.invoke(DelegatingMethodAccessorImpl.java:43)
16:31:16.601 [pool-58-thread-1] INFO  xxl.java.junit.TestCasesListener - Tests run finished (22 ms)
<> Total tests run: 18
<> Ignored tests: 0
<> Failed tests: 2
~ test9(introclassJava.grade_317aa705_000BlackboxTest)
[expected:<...(percent)>Studenthas[failedthecours]e> but was:<...(percent)>Studenthas[anFgrad]e>]
org.junit.ComparisonFailure: expected:<...(percent)>Studenthas[failedthecours]e> but was:<...(percent)>Studenthas[anFgrad]e>    at org.junit.Assert.assertEquals(Assert.java:115)
    at org.junit.Assert.assertEquals(Assert.java:144)
    at introclassJava.grade_317aa705_000BlackboxTest.test9(grade_317aa705_000BlackboxTest.java:86)
    at sun.reflect.NativeMethodAccessorImpl.invoke0(Native Method)
    at sun.reflect.NativeMethodAccessorImpl.invoke(NativeMethodAccessorImpl.java:62)
    at sun.reflect.DelegatingMethodAccessorImpl.invoke(DelegatingMethodAccessorImpl.java:43)
~ test9(introclassJava.grade_317aa705_000WhiteboxTest)
[expected:<...(percent)>Studenthas[failedthecours]e> but was:<...(percent)>Studenthas[anFgrad]e>]
org.junit.ComparisonFailure: expected:<...(percent)>Studenthas[failedthecours]e> but was:<...(percent)>Studenthas[anFgrad]e>    at org.junit.Assert.assertEquals(Assert.java:115)
    at org.junit.Assert.assertEquals(Assert.java:144)
    at introclassJava.grade_317aa705_000WhiteboxTest.test9(grade_317aa705_000WhiteboxTest.java:86)
    at sun.reflect.NativeMethodAccessorImpl.invoke0(Native Method)
    at sun.reflect.NativeMethodAccessorImpl.invoke(NativeMethodAccessorImpl.java:62)
    at sun.reflect.DelegatingMethodAccessorImpl.invoke(DelegatingMethodAccessorImpl.java:43)

16:31:16.677 [pool-2-thread-1] DEBUG fr.inria.lille.repair.nopol.NoPol - looking with class fr.inria.lille.repair.nopol.spoon.smt.ConditionalReplacer
org.junit.ComparisonFailure: expected:<...(percent)>Studenthas[failedthecours]e> but was:<...(percent)>Studenthas[anFgrad]e>
    at org.junit.Assert.assertEquals(Assert.java:115)
    at org.junit.Assert.assertEquals(Assert.java:144)
    at introclassJava.grade_317aa705_000BlackboxTest.test9(grade_317aa705_000BlackboxTest.java:86)
    at sun.reflect.NativeMethodAccessorImpl.invoke0(Native Method)
    at sun.reflect.NativeMethodAccessorImpl.invoke(NativeMethodAccessorImpl.java:62)
    at sun.reflect.DelegatingMethodAccessorImpl.invoke(DelegatingMethodAccessorImpl.java:43)
org.junit.ComparisonFailure: expected:<...(percent)>Studenthas[failedthecours]e> but was:<...(percent)>Studenthas[anFgrad]e>
    at org.junit.Assert.assertEquals(Assert.java:115)
    at org.junit.Assert.assertEquals(Assert.java:144)
    at introclassJava.grade_317aa705_000WhiteboxTest.test9(grade_317aa705_000WhiteboxTest.java:86)
    at sun.reflect.NativeMethodAccessorImpl.invoke0(Native Method)
    at sun.reflect.NativeMethodAccessorImpl.invoke(NativeMethodAccessorImpl.java:62)
    at sun.reflect.DelegatingMethodAccessorImpl.invoke(DelegatingMethodAccessorImpl.java:43)
16:31:16.690 [pool-64-thread-1] INFO  xxl.java.junit.TestCasesListener - Tests run finished (11 ms)
<> Total tests run: 18
<> Ignored tests: 0
<> Failed tests: 2
~ test9(introclassJava.grade_317aa705_000BlackboxTest)
[expected:<...(percent)>Studenthas[failedthecours]e> but was:<...(percent)>Studenthas[anFgrad]e>]
org.junit.ComparisonFailure: expected:<...(percent)>Studenthas[failedthecours]e> but was:<...(percent)>Studenthas[anFgrad]e>    at org.junit.Assert.assertEquals(Assert.java:115)
    at org.junit.Assert.assertEquals(Assert.java:144)
    at introclassJava.grade_317aa705_000BlackboxTest.test9(grade_317aa705_000BlackboxTest.java:86)
    at sun.reflect.NativeMethodAccessorImpl.invoke0(Native Method)
    at sun.reflect.NativeMethodAccessorImpl.invoke(NativeMethodAccessorImpl.java:62)
    at sun.reflect.DelegatingMethodAccessorImpl.invoke(DelegatingMethodAccessorImpl.java:43)
~ test9(introclassJava.grade_317aa705_000WhiteboxTest)
[expected:<...(percent)>Studenthas[failedthecours]e> but was:<...(percent)>Studenthas[anFgrad]e>]
org.junit.ComparisonFailure: expected:<...(percent)>Studenthas[failedthecours]e> but was:<...(percent)>Studenthas[anFgrad]e>    at org.junit.Assert.assertEquals(Assert.java:115)
    at org.junit.Assert.assertEquals(Assert.java:144)
    at introclassJava.grade_317aa705_000WhiteboxTest.test9(grade_317aa705_000WhiteboxTest.java:86)
    at sun.reflect.NativeMethodAccessorImpl.invoke0(Native Method)
    at sun.reflect.NativeMethodAccessorImpl.invoke(NativeMethodAccessorImpl.java:62)
    at sun.reflect.DelegatingMethodAccessorImpl.invoke(DelegatingMethodAccessorImpl.java:43)

16:31:16.762 [pool-2-thread-1] DEBUG fr.inria.lille.repair.nopol.NoPol - statement #8
16:31:16.762 [pool-2-thread-1] DEBUG fr.inria.lille.repair.nopol.NoPol - Analysing SourceLocation introclassJava.grade_317aa705_000:73 which is executed by 18 tests
-199686723
16:31:16.801 [pool-2-thread-1] DEBUG fr.inria.lille.repair.nopol.NoPol - looking with class fr.inria.lille.repair.nopol.spoon.smt.ConditionalAdder
org.junit.ComparisonFailure: expected:<...(percent)>Studenthas[failedthecours]e> but was:<...(percent)>Studenthas[anFgrad]e>
    at org.junit.Assert.assertEquals(Assert.java:115)
    at org.junit.Assert.assertEquals(Assert.java:144)
    at introclassJava.grade_317aa705_000BlackboxTest.test9(grade_317aa705_000BlackboxTest.java:86)
    at sun.reflect.NativeMethodAccessorImpl.invoke0(Native Method)
    at sun.reflect.NativeMethodAccessorImpl.invoke(NativeMethodAccessorImpl.java:62)
    at sun.reflect.DelegatingMethodAccessorImpl.invoke(DelegatingMethodAccessorImpl.java:43)
org.junit.ComparisonFailure: expected:<...(percent)>Studenthas[failedthecours]e> but was:<...(percent)>Studenthas[anFgrad]e>
    at org.junit.Assert.assertEquals(Assert.java:115)
    at org.junit.Assert.assertEquals(Assert.java:144)
    at introclassJava.grade_317aa705_000WhiteboxTest.test9(grade_317aa705_000WhiteboxTest.java:86)
    at sun.reflect.NativeMethodAccessorImpl.invoke0(Native Method)
    at sun.reflect.NativeMethodAccessorImpl.invoke(NativeMethodAccessorImpl.java:62)
    at sun.reflect.DelegatingMethodAccessorImpl.invoke(DelegatingMethodAccessorImpl.java:43)
16:31:16.813 [pool-70-thread-1] INFO  xxl.java.junit.TestCasesListener - Tests run finished (9 ms)
<> Total tests run: 18
<> Ignored tests: 0
<> Failed tests: 2
~ test9(introclassJava.grade_317aa705_000BlackboxTest)
[expected:<...(percent)>Studenthas[failedthecours]e> but was:<...(percent)>Studenthas[anFgrad]e>]
org.junit.ComparisonFailure: expected:<...(percent)>Studenthas[failedthecours]e> but was:<...(percent)>Studenthas[anFgrad]e>    at org.junit.Assert.assertEquals(Assert.java:115)
    at org.junit.Assert.assertEquals(Assert.java:144)
    at introclassJava.grade_317aa705_000BlackboxTest.test9(grade_317aa705_000BlackboxTest.java:86)
    at sun.reflect.NativeMethodAccessorImpl.invoke0(Native Method)
    at sun.reflect.NativeMethodAccessorImpl.invoke(NativeMethodAccessorImpl.java:62)
    at sun.reflect.DelegatingMethodAccessorImpl.invoke(DelegatingMethodAccessorImpl.java:43)
~ test9(introclassJava.grade_317aa705_000WhiteboxTest)
[expected:<...(percent)>Studenthas[failedthecours]e> but was:<...(percent)>Studenthas[anFgrad]e>]
org.junit.ComparisonFailure: expected:<...(percent)>Studenthas[failedthecours]e> but was:<...(percent)>Studenthas[anFgrad]e>    at org.junit.Assert.assertEquals(Assert.java:115)
    at org.junit.Assert.assertEquals(Assert.java:144)
    at introclassJava.grade_317aa705_000WhiteboxTest.test9(grade_317aa705_000WhiteboxTest.java:86)
    at sun.reflect.NativeMethodAccessorImpl.invoke0(Native Method)
    at sun.reflect.NativeMethodAccessorImpl.invoke(NativeMethodAccessorImpl.java:62)
    at sun.reflect.DelegatingMethodAccessorImpl.invoke(DelegatingMethodAccessorImpl.java:43)

16:31:16.884 [pool-2-thread-1] DEBUG fr.inria.lille.repair.nopol.NoPol - looking with class fr.inria.lille.repair.nopol.spoon.smt.ConditionalReplacer
org.junit.ComparisonFailure: expected:<...(percent)>Studenthas[failedthecours]e> but was:<...(percent)>Studenthas[anFgrad]e>
    at org.junit.Assert.assertEquals(Assert.java:115)
    at org.junit.Assert.assertEquals(Assert.java:144)
    at introclassJava.grade_317aa705_000BlackboxTest.test9(grade_317aa705_000BlackboxTest.java:86)
    at sun.reflect.NativeMethodAccessorImpl.invoke0(Native Method)
    at sun.reflect.NativeMethodAccessorImpl.invoke(NativeMethodAccessorImpl.java:62)
    at sun.reflect.DelegatingMethodAccessorImpl.invoke(DelegatingMethodAccessorImpl.java:43)
org.junit.ComparisonFailure: expected:<...(percent)>Studenthas[failedthecours]e> but was:<...(percent)>Studenthas[anFgrad]e>
    at org.junit.Assert.assertEquals(Assert.java:115)
    at org.junit.Assert.assertEquals(Assert.java:144)
    at introclassJava.grade_317aa705_000WhiteboxTest.test9(grade_317aa705_000WhiteboxTest.java:86)
    at sun.reflect.NativeMethodAccessorImpl.invoke0(Native Method)
    at sun.reflect.NativeMethodAccessorImpl.invoke(NativeMethodAccessorImpl.java:62)
    at sun.reflect.DelegatingMethodAccessorImpl.invoke(DelegatingMethodAccessorImpl.java:43)
16:31:16.895 [pool-76-thread-1] INFO  xxl.java.junit.TestCasesListener - Tests run finished (9 ms)
<> Total tests run: 18
<> Ignored tests: 0
<> Failed tests: 2
~ test9(introclassJava.grade_317aa705_000BlackboxTest)
[expected:<...(percent)>Studenthas[failedthecours]e> but was:<...(percent)>Studenthas[anFgrad]e>]
org.junit.ComparisonFailure: expected:<...(percent)>Studenthas[failedthecours]e> but was:<...(percent)>Studenthas[anFgrad]e>    at org.junit.Assert.assertEquals(Assert.java:115)
    at org.junit.Assert.assertEquals(Assert.java:144)
    at introclassJava.grade_317aa705_000BlackboxTest.test9(grade_317aa705_000BlackboxTest.java:86)
    at sun.reflect.NativeMethodAccessorImpl.invoke0(Native Method)
    at sun.reflect.NativeMethodAccessorImpl.invoke(NativeMethodAccessorImpl.java:62)
    at sun.reflect.DelegatingMethodAccessorImpl.invoke(DelegatingMethodAccessorImpl.java:43)
~ test9(introclassJava.grade_317aa705_000WhiteboxTest)
[expected:<...(percent)>Studenthas[failedthecours]e> but was:<...(percent)>Studenthas[anFgrad]e>]
org.junit.ComparisonFailure: expected:<...(percent)>Studenthas[failedthecours]e> but was:<...(percent)>Studenthas[anFgrad]e>    at org.junit.Assert.assertEquals(Assert.java:115)
    at org.junit.Assert.assertEquals(Assert.java:144)
    at introclassJava.grade_317aa705_000WhiteboxTest.test9(grade_317aa705_000WhiteboxTest.java:86)
    at sun.reflect.NativeMethodAccessorImpl.invoke0(Native Method)
    at sun.reflect.NativeMethodAccessorImpl.invoke(NativeMethodAccessorImpl.java:62)
    at sun.reflect.DelegatingMethodAccessorImpl.invoke(DelegatingMethodAccessorImpl.java:43)

16:31:16.972 [pool-2-thread-1] DEBUG fr.inria.lille.repair.nopol.NoPol - statement #9
16:31:16.973 [pool-2-thread-1] DEBUG fr.inria.lille.repair.nopol.NoPol - Analysing SourceLocation introclassJava.grade_317aa705_000:72 which is executed by 18 tests
-199686723
16:31:17.011 [pool-2-thread-1] DEBUG fr.inria.lille.repair.nopol.NoPol - looking with class fr.inria.lille.repair.nopol.spoon.smt.ConditionalAdder
org.junit.ComparisonFailure: expected:<...(percent)>Studenthas[failedthecours]e> but was:<...(percent)>Studenthas[anFgrad]e>
    at org.junit.Assert.assertEquals(Assert.java:115)
    at org.junit.Assert.assertEquals(Assert.java:144)
    at introclassJava.grade_317aa705_000BlackboxTest.test9(grade_317aa705_000BlackboxTest.java:86)
    at sun.reflect.NativeMethodAccessorImpl.invoke0(Native Method)
    at sun.reflect.NativeMethodAccessorImpl.invoke(NativeMethodAccessorImpl.java:62)
    at sun.reflect.DelegatingMethodAccessorImpl.invoke(DelegatingMethodAccessorImpl.java:43)
org.junit.ComparisonFailure: expected:<...(percent)>Studenthas[failedthecours]e> but was:<...(percent)>Studenthas[anFgrad]e>
    at org.junit.Assert.assertEquals(Assert.java:115)
    at org.junit.Assert.assertEquals(Assert.java:144)
    at introclassJava.grade_317aa705_000WhiteboxTest.test9(grade_317aa705_000WhiteboxTest.java:86)
    at sun.reflect.NativeMethodAccessorImpl.invoke0(Native Method)
    at sun.reflect.NativeMethodAccessorImpl.invoke(NativeMethodAccessorImpl.java:62)
    at sun.reflect.DelegatingMethodAccessorImpl.invoke(DelegatingMethodAccessorImpl.java:43)
16:31:17.023 [pool-82-thread-1] INFO  xxl.java.junit.TestCasesListener - Tests run finished (10 ms)
<> Total tests run: 18
<> Ignored tests: 0
<> Failed tests: 2
~ test9(introclassJava.grade_317aa705_000BlackboxTest)
[expected:<...(percent)>Studenthas[failedthecours]e> but was:<...(percent)>Studenthas[anFgrad]e>]
org.junit.ComparisonFailure: expected:<...(percent)>Studenthas[failedthecours]e> but was:<...(percent)>Studenthas[anFgrad]e>    at org.junit.Assert.assertEquals(Assert.java:115)
    at org.junit.Assert.assertEquals(Assert.java:144)
    at introclassJava.grade_317aa705_000BlackboxTest.test9(grade_317aa705_000BlackboxTest.java:86)
    at sun.reflect.NativeMethodAccessorImpl.invoke0(Native Method)
    at sun.reflect.NativeMethodAccessorImpl.invoke(NativeMethodAccessorImpl.java:62)
    at sun.reflect.DelegatingMethodAccessorImpl.invoke(DelegatingMethodAccessorImpl.java:43)
~ test9(introclassJava.grade_317aa705_000WhiteboxTest)
[expected:<...(percent)>Studenthas[failedthecours]e> but was:<...(percent)>Studenthas[anFgrad]e>]
org.junit.ComparisonFailure: expected:<...(percent)>Studenthas[failedthecours]e> but was:<...(percent)>Studenthas[anFgrad]e>    at org.junit.Assert.assertEquals(Assert.java:115)
    at org.junit.Assert.assertEquals(Assert.java:144)
    at introclassJava.grade_317aa705_000WhiteboxTest.test9(grade_317aa705_000WhiteboxTest.java:86)
    at sun.reflect.NativeMethodAccessorImpl.invoke0(Native Method)
    at sun.reflect.NativeMethodAccessorImpl.invoke(NativeMethodAccessorImpl.java:62)
    at sun.reflect.DelegatingMethodAccessorImpl.invoke(DelegatingMethodAccessorImpl.java:43)

16:31:17.095 [pool-2-thread-1] DEBUG fr.inria.lille.repair.nopol.NoPol - statement #10
16:31:17.095 [pool-2-thread-1] DEBUG fr.inria.lille.repair.nopol.NoPol - Analysing SourceLocation introclassJava.grade_317aa705_000:71 which is executed by 18 tests
-199686723
16:31:17.133 [pool-2-thread-1] DEBUG fr.inria.lille.repair.nopol.NoPol - statement #11
16:31:17.133 [pool-2-thread-1] DEBUG fr.inria.lille.repair.nopol.NoPol - Analysing SourceLocation introclassJava.grade_317aa705_000:70 which is executed by 18 tests
-199686723
16:31:17.176 [pool-2-thread-1] DEBUG fr.inria.lille.repair.nopol.NoPol - looking with class fr.inria.lille.repair.nopol.spoon.smt.ConditionalAdder
org.junit.ComparisonFailure: expected:<...(percent)>Studenthas[failedthecours]e> but was:<...(percent)>Studenthas[anFgrad]e>
    at org.junit.Assert.assertEquals(Assert.java:115)
    at org.junit.Assert.assertEquals(Assert.java:144)
    at introclassJava.grade_317aa705_000BlackboxTest.test9(grade_317aa705_000BlackboxTest.java:86)
    at sun.reflect.NativeMethodAccessorImpl.invoke0(Native Method)
    at sun.reflect.NativeMethodAccessorImpl.invoke(NativeMethodAccessorImpl.java:62)
    at sun.reflect.DelegatingMethodAccessorImpl.invoke(DelegatingMethodAccessorImpl.java:43)
org.junit.ComparisonFailure: expected:<...(percent)>Studenthas[failedthecours]e> but was:<...(percent)>Studenthas[anFgrad]e>
    at org.junit.Assert.assertEquals(Assert.java:115)
    at org.junit.Assert.assertEquals(Assert.java:144)
    at introclassJava.grade_317aa705_000WhiteboxTest.test9(grade_317aa705_000WhiteboxTest.java:86)
    at sun.reflect.NativeMethodAccessorImpl.invoke0(Native Method)
    at sun.reflect.NativeMethodAccessorImpl.invoke(NativeMethodAccessorImpl.java:62)
    at sun.reflect.DelegatingMethodAccessorImpl.invoke(DelegatingMethodAccessorImpl.java:43)
16:31:17.189 [pool-88-thread-1] INFO  xxl.java.junit.TestCasesListener - Tests run finished (10 ms)
<> Total tests run: 18
<> Ignored tests: 0
<> Failed tests: 2
~ test9(introclassJava.grade_317aa705_000BlackboxTest)
[expected:<...(percent)>Studenthas[failedthecours]e> but was:<...(percent)>Studenthas[anFgrad]e>]
org.junit.ComparisonFailure: expected:<...(percent)>Studenthas[failedthecours]e> but was:<...(percent)>Studenthas[anFgrad]e>    at org.junit.Assert.assertEquals(Assert.java:115)
    at org.junit.Assert.assertEquals(Assert.java:144)
    at introclassJava.grade_317aa705_000BlackboxTest.test9(grade_317aa705_000BlackboxTest.java:86)
    at sun.reflect.NativeMethodAccessorImpl.invoke0(Native Method)
    at sun.reflect.NativeMethodAccessorImpl.invoke(NativeMethodAccessorImpl.java:62)
    at sun.reflect.DelegatingMethodAccessorImpl.invoke(DelegatingMethodAccessorImpl.java:43)
~ test9(introclassJava.grade_317aa705_000WhiteboxTest)
[expected:<...(percent)>Studenthas[failedthecours]e> but was:<...(percent)>Studenthas[anFgrad]e>]
org.junit.ComparisonFailure: expected:<...(percent)>Studenthas[failedthecours]e> but was:<...(percent)>Studenthas[anFgrad]e>    at org.junit.Assert.assertEquals(Assert.java:115)
    at org.junit.Assert.assertEquals(Assert.java:144)
    at introclassJava.grade_317aa705_000WhiteboxTest.test9(grade_317aa705_000WhiteboxTest.java:86)
    at sun.reflect.NativeMethodAccessorImpl.invoke0(Native Method)
    at sun.reflect.NativeMethodAccessorImpl.invoke(NativeMethodAccessorImpl.java:62)
    at sun.reflect.DelegatingMethodAccessorImpl.invoke(DelegatingMethodAccessorImpl.java:43)

16:31:17.283 [pool-2-thread-1] DEBUG fr.inria.lille.repair.nopol.NoPol - statement #12
16:31:17.283 [pool-2-thread-1] DEBUG fr.inria.lille.repair.nopol.NoPol - Analysing SourceLocation introclassJava.grade_317aa705_000:69 which is executed by 18 tests
-199686723
16:31:17.319 [pool-2-thread-1] DEBUG fr.inria.lille.repair.nopol.NoPol - looking with class fr.inria.lille.repair.nopol.spoon.smt.ConditionalAdder
org.junit.ComparisonFailure: expected:<...(percent)>Studenthas[failedthecours]e> but was:<...(percent)>Studenthas[anFgrad]e>
    at org.junit.Assert.assertEquals(Assert.java:115)
    at org.junit.Assert.assertEquals(Assert.java:144)
    at introclassJava.grade_317aa705_000BlackboxTest.test9(grade_317aa705_000BlackboxTest.java:86)
    at sun.reflect.NativeMethodAccessorImpl.invoke0(Native Method)
    at sun.reflect.NativeMethodAccessorImpl.invoke(NativeMethodAccessorImpl.java:62)
    at sun.reflect.DelegatingMethodAccessorImpl.invoke(DelegatingMethodAccessorImpl.java:43)
org.junit.ComparisonFailure: expected:<...(percent)>Studenthas[failedthecours]e> but was:<...(percent)>Studenthas[anFgrad]e>
    at org.junit.Assert.assertEquals(Assert.java:115)
    at org.junit.Assert.assertEquals(Assert.java:144)
    at introclassJava.grade_317aa705_000WhiteboxTest.test9(grade_317aa705_000WhiteboxTest.java:86)
    at sun.reflect.NativeMethodAccessorImpl.invoke0(Native Method)
    at sun.reflect.NativeMethodAccessorImpl.invoke(NativeMethodAccessorImpl.java:62)
    at sun.reflect.DelegatingMethodAccessorImpl.invoke(DelegatingMethodAccessorImpl.java:43)
16:31:17.331 [pool-94-thread-1] INFO  xxl.java.junit.TestCasesListener - Tests run finished (9 ms)
<> Total tests run: 18
<> Ignored tests: 0
<> Failed tests: 2
~ test9(introclassJava.grade_317aa705_000BlackboxTest)
[expected:<...(percent)>Studenthas[failedthecours]e> but was:<...(percent)>Studenthas[anFgrad]e>]
org.junit.ComparisonFailure: expected:<...(percent)>Studenthas[failedthecours]e> but was:<...(percent)>Studenthas[anFgrad]e>    at org.junit.Assert.assertEquals(Assert.java:115)
    at org.junit.Assert.assertEquals(Assert.java:144)
    at introclassJava.grade_317aa705_000BlackboxTest.test9(grade_317aa705_000BlackboxTest.java:86)
    at sun.reflect.NativeMethodAccessorImpl.invoke0(Native Method)
    at sun.reflect.NativeMethodAccessorImpl.invoke(NativeMethodAccessorImpl.java:62)
    at sun.reflect.DelegatingMethodAccessorImpl.invoke(DelegatingMethodAccessorImpl.java:43)
~ test9(introclassJava.grade_317aa705_000WhiteboxTest)
[expected:<...(percent)>Studenthas[failedthecours]e> but was:<...(percent)>Studenthas[anFgrad]e>]
org.junit.ComparisonFailure: expected:<...(percent)>Studenthas[failedthecours]e> but was:<...(percent)>Studenthas[anFgrad]e>    at org.junit.Assert.assertEquals(Assert.java:115)
    at org.junit.Assert.assertEquals(Assert.java:144)
    at introclassJava.grade_317aa705_000WhiteboxTest.test9(grade_317aa705_000WhiteboxTest.java:86)
    at sun.reflect.NativeMethodAccessorImpl.invoke0(Native Method)
    at sun.reflect.NativeMethodAccessorImpl.invoke(NativeMethodAccessorImpl.java:62)
    at sun.reflect.DelegatingMethodAccessorImpl.invoke(DelegatingMethodAccessorImpl.java:43)

16:31:17.398 [pool-2-thread-1] DEBUG fr.inria.lille.repair.nopol.NoPol - statement #13
16:31:17.398 [pool-2-thread-1] DEBUG fr.inria.lille.repair.nopol.NoPol - Analysing SourceLocation introclassJava.grade_317aa705_000:68 which is executed by 18 tests
-199686723
16:31:17.434 [pool-2-thread-1] DEBUG fr.inria.lille.repair.nopol.NoPol - looking with class fr.inria.lille.repair.nopol.spoon.smt.ConditionalAdder
org.junit.ComparisonFailure: expected:<...(percent)>Studenthas[failedthecours]e> but was:<...(percent)>Studenthas[anFgrad]e>
    at org.junit.Assert.assertEquals(Assert.java:115)
    at org.junit.Assert.assertEquals(Assert.java:144)
    at introclassJava.grade_317aa705_000BlackboxTest.test9(grade_317aa705_000BlackboxTest.java:86)
    at sun.reflect.NativeMethodAccessorImpl.invoke0(Native Method)
    at sun.reflect.NativeMethodAccessorImpl.invoke(NativeMethodAccessorImpl.java:62)
    at sun.reflect.DelegatingMethodAccessorImpl.invoke(DelegatingMethodAccessorImpl.java:43)
org.junit.ComparisonFailure: expected:<...(percent)>Studenthas[failedthecours]e> but was:<...(percent)>Studenthas[anFgrad]e>
    at org.junit.Assert.assertEquals(Assert.java:115)
    at org.junit.Assert.assertEquals(Assert.java:144)
    at introclassJava.grade_317aa705_000WhiteboxTest.test9(grade_317aa705_000WhiteboxTest.java:86)
    at sun.reflect.NativeMethodAccessorImpl.invoke0(Native Method)
    at sun.reflect.NativeMethodAccessorImpl.invoke(NativeMethodAccessorImpl.java:62)
    at sun.reflect.DelegatingMethodAccessorImpl.invoke(DelegatingMethodAccessorImpl.java:43)
16:31:17.445 [pool-100-thread-1] INFO  xxl.java.junit.TestCasesListener - Tests run finished (8 ms)
<> Total tests run: 18
<> Ignored tests: 0
<> Failed tests: 2
~ test9(introclassJava.grade_317aa705_000BlackboxTest)
[expected:<...(percent)>Studenthas[failedthecours]e> but was:<...(percent)>Studenthas[anFgrad]e>]
org.junit.ComparisonFailure: expected:<...(percent)>Studenthas[failedthecours]e> but was:<...(percent)>Studenthas[anFgrad]e>    at org.junit.Assert.assertEquals(Assert.java:115)
    at org.junit.Assert.assertEquals(Assert.java:144)
    at introclassJava.grade_317aa705_000BlackboxTest.test9(grade_317aa705_000BlackboxTest.java:86)
    at sun.reflect.NativeMethodAccessorImpl.invoke0(Native Method)
    at sun.reflect.NativeMethodAccessorImpl.invoke(NativeMethodAccessorImpl.java:62)
    at sun.reflect.DelegatingMethodAccessorImpl.invoke(DelegatingMethodAccessorImpl.java:43)
~ test9(introclassJava.grade_317aa705_000WhiteboxTest)
[expected:<...(percent)>Studenthas[failedthecours]e> but was:<...(percent)>Studenthas[anFgrad]e>]
org.junit.ComparisonFailure: expected:<...(percent)>Studenthas[failedthecours]e> but was:<...(percent)>Studenthas[anFgrad]e>    at org.junit.Assert.assertEquals(Assert.java:115)
    at org.junit.Assert.assertEquals(Assert.java:144)
    at introclassJava.grade_317aa705_000WhiteboxTest.test9(grade_317aa705_000WhiteboxTest.java:86)
    at sun.reflect.NativeMethodAccessorImpl.invoke0(Native Method)
    at sun.reflect.NativeMethodAccessorImpl.invoke(NativeMethodAccessorImpl.java:62)
    at sun.reflect.DelegatingMethodAccessorImpl.invoke(DelegatingMethodAccessorImpl.java:43)

16:31:17.511 [pool-2-thread-1] DEBUG fr.inria.lille.repair.nopol.NoPol - statement #14
16:31:17.511 [pool-2-thread-1] DEBUG fr.inria.lille.repair.nopol.NoPol - Analysing SourceLocation introclassJava.grade_317aa705_000:67 which is executed by 18 tests
-199686723
16:31:17.550 [pool-2-thread-1] DEBUG fr.inria.lille.repair.nopol.NoPol - looking with class fr.inria.lille.repair.nopol.spoon.smt.ConditionalAdder
org.junit.ComparisonFailure: expected:<...(percent)>Studenthas[failedthecours]e> but was:<...(percent)>Studenthas[anFgrad]e>
    at org.junit.Assert.assertEquals(Assert.java:115)
    at org.junit.Assert.assertEquals(Assert.java:144)
    at introclassJava.grade_317aa705_000BlackboxTest.test9(grade_317aa705_000BlackboxTest.java:86)
    at sun.reflect.NativeMethodAccessorImpl.invoke0(Native Method)
    at sun.reflect.NativeMethodAccessorImpl.invoke(NativeMethodAccessorImpl.java:62)
    at sun.reflect.DelegatingMethodAccessorImpl.invoke(DelegatingMethodAccessorImpl.java:43)
org.junit.ComparisonFailure: expected:<...(percent)>Studenthas[failedthecours]e> but was:<...(percent)>Studenthas[anFgrad]e>
    at org.junit.Assert.assertEquals(Assert.java:115)
    at org.junit.Assert.assertEquals(Assert.java:144)
    at introclassJava.grade_317aa705_000WhiteboxTest.test9(grade_317aa705_000WhiteboxTest.java:86)
    at sun.reflect.NativeMethodAccessorImpl.invoke0(Native Method)
    at sun.reflect.NativeMethodAccessorImpl.invoke(NativeMethodAccessorImpl.java:62)
    at sun.reflect.DelegatingMethodAccessorImpl.invoke(DelegatingMethodAccessorImpl.java:43)
16:31:17.562 [pool-106-thread-1] INFO  xxl.java.junit.TestCasesListener - Tests run finished (10 ms)
<> Total tests run: 18
<> Ignored tests: 0
<> Failed tests: 2
~ test9(introclassJava.grade_317aa705_000BlackboxTest)
[expected:<...(percent)>Studenthas[failedthecours]e> but was:<...(percent)>Studenthas[anFgrad]e>]
org.junit.ComparisonFailure: expected:<...(percent)>Studenthas[failedthecours]e> but was:<...(percent)>Studenthas[anFgrad]e>    at org.junit.Assert.assertEquals(Assert.java:115)
    at org.junit.Assert.assertEquals(Assert.java:144)
    at introclassJava.grade_317aa705_000BlackboxTest.test9(grade_317aa705_000BlackboxTest.java:86)
    at sun.reflect.NativeMethodAccessorImpl.invoke0(Native Method)
    at sun.reflect.NativeMethodAccessorImpl.invoke(NativeMethodAccessorImpl.java:62)
    at sun.reflect.DelegatingMethodAccessorImpl.invoke(DelegatingMethodAccessorImpl.java:43)
~ test9(introclassJava.grade_317aa705_000WhiteboxTest)
[expected:<...(percent)>Studenthas[failedthecours]e> but was:<...(percent)>Studenthas[anFgrad]e>]
org.junit.ComparisonFailure: expected:<...(percent)>Studenthas[failedthecours]e> but was:<...(percent)>Studenthas[anFgrad]e>    at org.junit.Assert.assertEquals(Assert.java:115)
    at org.junit.Assert.assertEquals(Assert.java:144)
    at introclassJava.grade_317aa705_000WhiteboxTest.test9(grade_317aa705_000WhiteboxTest.java:86)
    at sun.reflect.NativeMethodAccessorImpl.invoke0(Native Method)
    at sun.reflect.NativeMethodAccessorImpl.invoke(NativeMethodAccessorImpl.java:62)
    at sun.reflect.DelegatingMethodAccessorImpl.invoke(DelegatingMethodAccessorImpl.java:43)

16:31:17.628 [pool-2-thread-1] DEBUG fr.inria.lille.repair.nopol.NoPol - statement #15
16:31:17.628 [pool-2-thread-1] DEBUG fr.inria.lille.repair.nopol.NoPol - Analysing SourceLocation introclassJava.grade_317aa705_000:66 which is executed by 18 tests
-199686723
16:31:17.664 [pool-2-thread-1] DEBUG fr.inria.lille.repair.nopol.NoPol - looking with class fr.inria.lille.repair.nopol.spoon.smt.ConditionalAdder
org.junit.ComparisonFailure: expected:<...(percent)>Studenthas[failedthecours]e> but was:<...(percent)>Studenthas[anFgrad]e>
    at org.junit.Assert.assertEquals(Assert.java:115)
    at org.junit.Assert.assertEquals(Assert.java:144)
    at introclassJava.grade_317aa705_000BlackboxTest.test9(grade_317aa705_000BlackboxTest.java:86)
    at sun.reflect.NativeMethodAccessorImpl.invoke0(Native Method)
    at sun.reflect.NativeMethodAccessorImpl.invoke(NativeMethodAccessorImpl.java:62)
    at sun.reflect.DelegatingMethodAccessorImpl.invoke(DelegatingMethodAccessorImpl.java:43)
org.junit.ComparisonFailure: expected:<...(percent)>Studenthas[failedthecours]e> but was:<...(percent)>Studenthas[anFgrad]e>
    at org.junit.Assert.assertEquals(Assert.java:115)
    at org.junit.Assert.assertEquals(Assert.java:144)
    at introclassJava.grade_317aa705_000WhiteboxTest.test9(grade_317aa705_000WhiteboxTest.java:86)
    at sun.reflect.NativeMethodAccessorImpl.invoke0(Native Method)
    at sun.reflect.NativeMethodAccessorImpl.invoke(NativeMethodAccessorImpl.java:62)
    at sun.reflect.DelegatingMethodAccessorImpl.invoke(DelegatingMethodAccessorImpl.java:43)
16:31:17.677 [pool-112-thread-1] INFO  xxl.java.junit.TestCasesListener - Tests run finished (10 ms)
<> Total tests run: 18
<> Ignored tests: 0
<> Failed tests: 2
~ test9(introclassJava.grade_317aa705_000BlackboxTest)
[expected:<...(percent)>Studenthas[failedthecours]e> but was:<...(percent)>Studenthas[anFgrad]e>]
org.junit.ComparisonFailure: expected:<...(percent)>Studenthas[failedthecours]e> but was:<...(percent)>Studenthas[anFgrad]e>    at org.junit.Assert.assertEquals(Assert.java:115)
    at org.junit.Assert.assertEquals(Assert.java:144)
    at introclassJava.grade_317aa705_000BlackboxTest.test9(grade_317aa705_000BlackboxTest.java:86)
    at sun.reflect.NativeMethodAccessorImpl.invoke0(Native Method)
    at sun.reflect.NativeMethodAccessorImpl.invoke(NativeMethodAccessorImpl.java:62)
    at sun.reflect.DelegatingMethodAccessorImpl.invoke(DelegatingMethodAccessorImpl.java:43)
~ test9(introclassJava.grade_317aa705_000WhiteboxTest)
[expected:<...(percent)>Studenthas[failedthecours]e> but was:<...(percent)>Studenthas[anFgrad]e>]
org.junit.ComparisonFailure: expected:<...(percent)>Studenthas[failedthecours]e> but was:<...(percent)>Studenthas[anFgrad]e>    at org.junit.Assert.assertEquals(Assert.java:115)
    at org.junit.Assert.assertEquals(Assert.java:144)
    at introclassJava.grade_317aa705_000WhiteboxTest.test9(grade_317aa705_000WhiteboxTest.java:86)
    at sun.reflect.NativeMethodAccessorImpl.invoke0(Native Method)
    at sun.reflect.NativeMethodAccessorImpl.invoke(NativeMethodAccessorImpl.java:62)
    at sun.reflect.DelegatingMethodAccessorImpl.invoke(DelegatingMethodAccessorImpl.java:43)

16:31:17.741 [pool-2-thread-1] DEBUG fr.inria.lille.repair.nopol.NoPol - statement #16
16:31:17.741 [pool-2-thread-1] DEBUG fr.inria.lille.repair.nopol.NoPol - Analysing SourceLocation introclassJava.grade_317aa705_000:65 which is executed by 18 tests
-199686723
16:31:17.778 [pool-2-thread-1] DEBUG fr.inria.lille.repair.nopol.NoPol - statement #17
16:31:17.778 [pool-2-thread-1] DEBUG fr.inria.lille.repair.nopol.NoPol - Analysing SourceLocation introclassJava.grade_317aa705_000:63 which is executed by 18 tests
-199686723
16:31:17.814 [pool-2-thread-1] DEBUG fr.inria.lille.repair.nopol.NoPol - looking with class fr.inria.lille.repair.nopol.spoon.smt.ConditionalAdder
org.junit.ComparisonFailure: expected:<...(percent)>Studenthas[failedthecours]e> but was:<...(percent)>Studenthas[anFgrad]e>
    at org.junit.Assert.assertEquals(Assert.java:115)
    at org.junit.Assert.assertEquals(Assert.java:144)
    at introclassJava.grade_317aa705_000BlackboxTest.test9(grade_317aa705_000BlackboxTest.java:86)
    at sun.reflect.NativeMethodAccessorImpl.invoke0(Native Method)
    at sun.reflect.NativeMethodAccessorImpl.invoke(NativeMethodAccessorImpl.java:62)
    at sun.reflect.DelegatingMethodAccessorImpl.invoke(DelegatingMethodAccessorImpl.java:43)
org.junit.ComparisonFailure: expected:<...(percent)>Studenthas[failedthecours]e> but was:<...(percent)>Studenthas[anFgrad]e>
    at org.junit.Assert.assertEquals(Assert.java:115)
    at org.junit.Assert.assertEquals(Assert.java:144)
    at introclassJava.grade_317aa705_000WhiteboxTest.test9(grade_317aa705_000WhiteboxTest.java:86)
    at sun.reflect.NativeMethodAccessorImpl.invoke0(Native Method)
    at sun.reflect.NativeMethodAccessorImpl.invoke(NativeMethodAccessorImpl.java:62)
    at sun.reflect.DelegatingMethodAccessorImpl.invoke(DelegatingMethodAccessorImpl.java:43)
16:31:17.826 [pool-118-thread-1] INFO  xxl.java.junit.TestCasesListener - Tests run finished (9 ms)
<> Total tests run: 18
<> Ignored tests: 0
<> Failed tests: 2
~ test9(introclassJava.grade_317aa705_000BlackboxTest)
[expected:<...(percent)>Studenthas[failedthecours]e> but was:<...(percent)>Studenthas[anFgrad]e>]
org.junit.ComparisonFailure: expected:<...(percent)>Studenthas[failedthecours]e> but was:<...(percent)>Studenthas[anFgrad]e>    at org.junit.Assert.assertEquals(Assert.java:115)
    at org.junit.Assert.assertEquals(Assert.java:144)
    at introclassJava.grade_317aa705_000BlackboxTest.test9(grade_317aa705_000BlackboxTest.java:86)
    at sun.reflect.NativeMethodAccessorImpl.invoke0(Native Method)
    at sun.reflect.NativeMethodAccessorImpl.invoke(NativeMethodAccessorImpl.java:62)
    at sun.reflect.DelegatingMethodAccessorImpl.invoke(DelegatingMethodAccessorImpl.java:43)
~ test9(introclassJava.grade_317aa705_000WhiteboxTest)
[expected:<...(percent)>Studenthas[failedthecours]e> but was:<...(percent)>Studenthas[anFgrad]e>]
org.junit.ComparisonFailure: expected:<...(percent)>Studenthas[failedthecours]e> but was:<...(percent)>Studenthas[anFgrad]e>    at org.junit.Assert.assertEquals(Assert.java:115)
    at org.junit.Assert.assertEquals(Assert.java:144)
    at introclassJava.grade_317aa705_000WhiteboxTest.test9(grade_317aa705_000WhiteboxTest.java:86)
    at sun.reflect.NativeMethodAccessorImpl.invoke0(Native Method)
    at sun.reflect.NativeMethodAccessorImpl.invoke(NativeMethodAccessorImpl.java:62)
    at sun.reflect.DelegatingMethodAccessorImpl.invoke(DelegatingMethodAccessorImpl.java:43)

16:31:17.906 [pool-2-thread-1] DEBUG fr.inria.lille.repair.nopol.NoPol - statement #18
16:31:17.907 [pool-2-thread-1] DEBUG fr.inria.lille.repair.nopol.NoPol - Analysing SourceLocation introclassJava.grade_317aa705_000:62 which is executed by 18 tests
-199686723
16:31:17.951 [pool-2-thread-1] DEBUG fr.inria.lille.repair.nopol.NoPol - statement #19
16:31:17.951 [pool-2-thread-1] DEBUG fr.inria.lille.repair.nopol.NoPol - Analysing SourceLocation introclassJava.grade_317aa705_000:61 which is executed by 18 tests
-199686723
16:31:17.996 [pool-2-thread-1] DEBUG fr.inria.lille.repair.nopol.NoPol - statement #20
16:31:17.996 [pool-2-thread-1] DEBUG fr.inria.lille.repair.nopol.NoPol - Analysing SourceLocation introclassJava.grade_317aa705_000:60 which is executed by 18 tests
-199686723
16:31:18.040 [pool-2-thread-1] INFO  fr.inria.lille.repair.nopol.NoPol - ----INFORMATION----
16:31:18.046 [pool-2-thread-1] INFO  fr.inria.lille.repair.nopol.NoPol - Nb classes : 6
16:31:18.046 [pool-2-thread-1] INFO  fr.inria.lille.repair.nopol.NoPol - Nb methods : 2
16:31:18.046 [pool-2-thread-1] INFO  fr.inria.lille.repair.nopol.NoPol - Nb Statements Analyzed : 20
16:31:18.047 [pool-2-thread-1] INFO  fr.inria.lille.repair.nopol.NoPol - Nb Statements with Angelic Value Found : 0
16:31:18.047 [pool-2-thread-1] INFO  fr.inria.lille.repair.nopol.NoPol - NoPol Execution time : 6465ms
16:31:18.047 [pool-2-thread-1] INFO  fr.inria.lille.repair.nopol.NoPol - 
NO_ANGELIC_VALUE
Command exited with non-zero status 255
16.61user 1.22system 0:07.60elapsed 234%CPU (0avgtext+0avgdata 717660maxresident)k
46064inputs+5304outputs (3major+225569minor)pagefaults 0swaps


Node: uvb-33.sophia.grid5000.fr



Date: Wed Dec  5 16:31:18 EST 2018

