cd /tmp/Cardumen_Bug_dot_jar_Accumulo_28294266;
export JAVA_TOOL_OPTIONS="-Dfile.encoding=UTF8 -Duser.language=en-US -Duser.country=US -Duser.language=en";
TZ="America/New_York"; export TZ;
export PATH="/usr/lib/jvm/java-1.8.0-openjdk-amd64/bin/:$PATH";
export JAVA_HOME="/usr/lib/jvm/java-1.8.0-openjdk-amd64/bin/";
time java -Xmx4048m -cp /home/tdurieux/RepairThemAll/script/../libs/jtestex7.jar:/home/tdurieux/RepairThemAll/script/../repair_tools/astor.jar fr.inria.main.evolution.AstorMain \
	-mode cardumen \
	-location . \
	-id Accumulo-28294266 \
	-failing org.apache.accumulo.cloudtrace.instrument.TracerTest \
	-jvm4testexecution /home/tdurieux/openjdk-1.7.0/bin/ \
	-jvm4evosuitetestexecution /home/tdurieux/openjdk-1.7.0/bin/ \
	-maxgen 1000000 \
	-maxtime 120 \
	-stopfirst true \
	-seed 0 \
	-scope local \
	-population 1 \
	-javacompliancelevel 7 \
	-srcjavafolder src/trace/src/main/java \
	-srctestfolder src/trace/src/test/java \
	-binjavafolder src/trace/target/classes \
	-bintestfolder src/trace/target/test-classes \
	-parameters x:x:maxCombinationVariableLimit:true:maxVarCombination:1000 \
	-dependencies /tmp/Cardumen_Bug_dot_jar_Accumulo_28294266/src/start/target/classes:/tmp/Cardumen_Bug_dot_jar_Accumulo_28294266/src/core/target/classes:/tmp/Cardumen_Bug_dot_jar_Accumulo_28294266/src/server/target/classes:/tmp/Cardumen_Bug_dot_jar_Accumulo_28294266/src/examples/simple/target/classes:/tmp/Cardumen_Bug_dot_jar_Accumulo_28294266/src/minicluster/target/classes:/tmp/Cardumen_Bug_dot_jar_Accumulo_28294266/src/proxy/target/classes:/home/tdurieux/.m2/repository/net/java/dev/jets3t/jets3t/0.7.1/jets3t-0.7.1.jar:/home/tdurieux/.m2/repository/net/sf/kosmosfs/kfs/0.3/kfs-0.3.jar:/home/tdurieux/.m2/repository/xmlenc/xmlenc/0.52/xmlenc-0.52.jar:/home/tdurieux/.m2/repository/org/mortbay/jetty/servlet-api-2.5/6.1.14/servlet-api-2.5-6.1.14.jar:/home/tdurieux/.m2/repository/org/apache/httpcomponents/httpcore/4.0.1/httpcore-4.0.1.jar:/home/tdurieux/.m2/repository/org/mortbay/jetty/jetty-util/6.1.26/jetty-util-6.1.26.jar:/home/tdurieux/.m2/repository/hsqldb/hsqldb/1.8.0.10/hsqldb-1.8.0.10.jar:/home/tdurieux/.m2/repository/org/apache/accumulo/cloudtrace/1.4.5-SNAPSHOT/cloudtrace-1.4.5-SNAPSHOT.jar:/home/tdurieux/.m2/repository/commons-configuration/commons-configuration/1.5/commons-configuration-1.5.jar:/home/tdurieux/.m2/repository/org/apache/accumulo/examples-simple/1.4.5-SNAPSHOT/examples-simple-1.4.5-SNAPSHOT.jar:/home/tdurieux/.m2/repository/tomcat/jasper-compiler/5.5.12/jasper-compiler-5.5.12.jar:/home/tdurieux/.m2/repository/org/apache/commons/commons-jci-core/1.0/commons-jci-core-1.0.jar:/home/tdurieux/.m2/repository/commons-collections/commons-collections/3.2/commons-collections-3.2.jar:/home/tdurieux/.m2/repository/jline/jline/0.9.94/jline-0.9.94.jar:/home/tdurieux/.m2/repository/commons-io/commons-io/2.1/commons-io-2.1.jar:/home/tdurieux/.m2/repository/org/apache/httpcomponents/httpclient/4.0.1/httpclient-4.0.1.jar:/home/tdurieux/.m2/repository/commons-el/commons-el/1.0/commons-el-1.0.jar:/home/tdurieux/.m2/repository/commons-logging/commons-logging-api/1.0.4/commons-logging-api-1.0.4.jar:/home/tdurieux/.m2/repository/cglib/cglib-nodep/2.2.2/cglib-nodep-2.2.2.jar:/home/tdurieux/.m2/repository/org/easymock/easymock/3.1/easymock-3.1.jar:/home/tdurieux/.m2/repository/log4j/log4j/1.2.16/log4j-1.2.16.jar:/home/tdurieux/.m2/repository/commons-httpclient/commons-httpclient/3.0.1/commons-httpclient-3.0.1.jar:/home/tdurieux/.m2/repository/tomcat/jasper-runtime/5.5.12/jasper-runtime-5.5.12.jar:/home/tdurieux/.m2/repository/org/apache/commons/commons-jci-fam/1.0/commons-jci-fam-1.0.jar:/home/tdurieux/.m2/repository/com/google/guava/guava/14.0.1/guava-14.0.1.jar:/home/tdurieux/.m2/repository/org/eclipse/jdt/core/3.1.1/core-3.1.1.jar:/home/tdurieux/.m2/repository/javax/servlet/servlet-api/2.4/servlet-api-2.4.jar:/home/tdurieux/.m2/repository/org/apache/accumulo/accumulo-core/1.4.5-SNAPSHOT/accumulo-core-1.4.5-SNAPSHOT.jar:/home/tdurieux/.m2/repository/org/apache/accumulo/accumulo-server/1.4.5-SNAPSHOT/accumulo-server-1.4.5-SNAPSHOT.jar:/home/tdurieux/.m2/repository/org/apache/accumulo/accumulo-minicluster/1.4.5-SNAPSHOT/accumulo-minicluster-1.4.5-SNAPSHOT.jar:/home/tdurieux/.m2/repository/org/objenesis/objenesis/1.2/objenesis-1.2.jar:/home/tdurieux/.m2/repository/ant/ant/1.6.5/ant-1.6.5.jar:/home/tdurieux/.m2/repository/org/slf4j/slf4j-api/1.4.3/slf4j-api-1.4.3.jar:/home/tdurieux/.m2/repository/org/apache/zookeeper/zookeeper/3.3.1/zookeeper-3.3.1.jar:/home/tdurieux/.m2/repository/commons-cli/commons-cli/1.2/commons-cli-1.2.jar:/home/tdurieux/.m2/repository/org/mortbay/jetty/jsp-2.1/6.1.14/jsp-2.1-6.1.14.jar:/home/tdurieux/.m2/repository/org/mortbay/jetty/jetty/6.1.26/jetty-6.1.26.jar:/home/tdurieux/.m2/repository/commons-logging/commons-logging/1.0.4/commons-logging-1.0.4.jar:/home/tdurieux/.m2/repository/org/apache/accumulo/accumulo-start/1.4.5-SNAPSHOT/accumulo-start-1.4.5-SNAPSHOT.jar:/home/tdurieux/.m2/repository/org/mortbay/jetty/jsp-api-2.1/6.1.14/jsp-api-2.1-6.1.14.jar:/home/tdurieux/.m2/repository/org/hamcrest/hamcrest-core/1.3/hamcrest-core-1.3.jar:/home/tdurieux/.m2/repository/org/mortbay/jetty/servlet-api/2.5-20081211/servlet-api-2.5-20081211.jar:/home/tdurieux/.m2/repository/org/apache/hadoop/hadoop-core/0.20.203.0/hadoop-core-0.20.203.0.jar:/home/tdurieux/.m2/repository/commons-net/commons-net/1.4.1/commons-net-1.4.1.jar:/home/tdurieux/.m2/repository/junit/junit/4.11/junit-4.11.jar:/home/tdurieux/.m2/repository/commons-digester/commons-digester/1.8/commons-digester-1.8.jar:/home/tdurieux/.m2/repository/org/slf4j/slf4j-log4j12/1.4.3/slf4j-log4j12-1.4.3.jar:/home/tdurieux/.m2/repository/oro/oro/2.0.8/oro-2.0.8.jar:/home/tdurieux/.m2/repository/commons-lang/commons-lang/2.4/commons-lang-2.4.jar:/home/tdurieux/.m2/repository/org/apache/thrift/libthrift/0.6.1/libthrift-0.6.1.jar:/home/tdurieux/.m2/repository/commons-codec/commons-codec/1.3/commons-codec-1.3.jar:/home/tdurieux/.m2/repository/commons-beanutils/commons-beanutils-core/1.7.0/commons-beanutils-core-1.7.0.jar:/home/tdurieux/.m2/repository/org/apache/commons/commons-math/2.1/commons-math-2.1.jar:/home/tdurieux/.m2/repository/commons-beanutils/commons-beanutils/1.7.0/commons-beanutils-1.7.0.jar;
	echo "\n\nNode: `hostname`\n";
	echo "\n\nDate: `date`\n";
Picked up JAVA_TOOL_OPTIONS: -Dfile.encoding=UTF8 -Duser.language=en-US -Duser.country=US -Duser.language=en
[INFO ] fr.inria.astor.core.setup.ProjectConfiguration.getVersionJDK(ProjectConfiguration.java:282) - Version of the JVM used: 1.7.0-u80-unofficial
[INFO ] fr.inria.main.AbstractMain.processArguments(AbstractMain.java:370) - Java version of the JDK used to run tests: 1.7.0-u80-unofficial
[INFO ] fr.inria.main.AbstractMain.processArguments(AbstractMain.java:371) - The compliance of the JVM is:  7
[INFO ] fr.inria.main.AbstractMain.processArguments(AbstractMain.java:645) - command line arguments: [-mode  cardumen  -location  .  -id  Accumulo-28294266  -failing  org.apache.accumulo.cloudtrace.instrument.TracerTest  -jvm4testexecution  /home/tdurieux/openjdk-1.7.0/bin/  -jvm4evosuitetestexecution  /home/tdurieux/openjdk-1.7.0/bin/  -maxgen  1000000  -maxtime  120  -stopfirst  true  -seed  0  -scope  local  -population  1  -javacompliancelevel  7  -srcjavafolder  src/trace/src/main/java  -srctestfolder  src/trace/src/test/java  -binjavafolder  src/trace/target/classes  -bintestfolder  src/trace/target/test-classes  -parameters  x:x:maxCombinationVariableLimit:true:maxVarCombination:1000  -dependencies  /tmp/Cardumen_Bug_dot_jar_Accumulo_28294266/src/start/target/classes:/tmp/Cardumen_Bug_dot_jar_Accumulo_28294266/src/core/target/classes:/tmp/Cardumen_Bug_dot_jar_Accumulo_28294266/src/server/target/classes:/tmp/Cardumen_Bug_dot_jar_Accumulo_28294266/src/examples/simple/target/classes:/tmp/Cardumen_Bug_dot_jar_Accumulo_28294266/src/minicluster/target/classes:/tmp/Cardumen_Bug_dot_jar_Accumulo_28294266/src/proxy/target/classes:/home/tdurieux/.m2/repository/net/java/dev/jets3t/jets3t/0.7.1/jets3t-0.7.1.jar:/home/tdurieux/.m2/repository/net/sf/kosmosfs/kfs/0.3/kfs-0.3.jar:/home/tdurieux/.m2/repository/xmlenc/xmlenc/0.52/xmlenc-0.52.jar:/home/tdurieux/.m2/repository/org/mortbay/jetty/servlet-api-2.5/6.1.14/servlet-api-2.5-6.1.14.jar:/home/tdurieux/.m2/repository/org/apache/httpcomponents/httpcore/4.0.1/httpcore-4.0.1.jar:/home/tdurieux/.m2/repository/org/mortbay/jetty/jetty-util/6.1.26/jetty-util-6.1.26.jar:/home/tdurieux/.m2/repository/hsqldb/hsqldb/1.8.0.10/hsqldb-1.8.0.10.jar:/home/tdurieux/.m2/repository/org/apache/accumulo/cloudtrace/1.4.5-SNAPSHOT/cloudtrace-1.4.5-SNAPSHOT.jar:/home/tdurieux/.m2/repository/commons-configuration/commons-configuration/1.5/commons-configuration-1.5.jar:/home/tdurieux/.m2/repository/org/apache/accumulo/examples-simple/1.4.5-SNAPSHOT/examples-simple-1.4.5-SNAPSHOT.jar:/home/tdurieux/.m2/repository/tomcat/jasper-compiler/5.5.12/jasper-compiler-5.5.12.jar:/home/tdurieux/.m2/repository/org/apache/commons/commons-jci-core/1.0/commons-jci-core-1.0.jar:/home/tdurieux/.m2/repository/commons-collections/commons-collections/3.2/commons-collections-3.2.jar:/home/tdurieux/.m2/repository/jline/jline/0.9.94/jline-0.9.94.jar:/home/tdurieux/.m2/repository/commons-io/commons-io/2.1/commons-io-2.1.jar:/home/tdurieux/.m2/repository/org/apache/httpcomponents/httpclient/4.0.1/httpclient-4.0.1.jar:/home/tdurieux/.m2/repository/commons-el/commons-el/1.0/commons-el-1.0.jar:/home/tdurieux/.m2/repository/commons-logging/commons-logging-api/1.0.4/commons-logging-api-1.0.4.jar:/home/tdurieux/.m2/repository/cglib/cglib-nodep/2.2.2/cglib-nodep-2.2.2.jar:/home/tdurieux/.m2/repository/org/easymock/easymock/3.1/easymock-3.1.jar:/home/tdurieux/.m2/repository/log4j/log4j/1.2.16/log4j-1.2.16.jar:/home/tdurieux/.m2/repository/commons-httpclient/commons-httpclient/3.0.1/commons-httpclient-3.0.1.jar:/home/tdurieux/.m2/repository/tomcat/jasper-runtime/5.5.12/jasper-runtime-5.5.12.jar:/home/tdurieux/.m2/repository/org/apache/commons/commons-jci-fam/1.0/commons-jci-fam-1.0.jar:/home/tdurieux/.m2/repository/com/google/guava/guava/14.0.1/guava-14.0.1.jar:/home/tdurieux/.m2/repository/org/eclipse/jdt/core/3.1.1/core-3.1.1.jar:/home/tdurieux/.m2/repository/javax/servlet/servlet-api/2.4/servlet-api-2.4.jar:/home/tdurieux/.m2/repository/org/apache/accumulo/accumulo-core/1.4.5-SNAPSHOT/accumulo-core-1.4.5-SNAPSHOT.jar:/home/tdurieux/.m2/repository/org/apache/accumulo/accumulo-server/1.4.5-SNAPSHOT/accumulo-server-1.4.5-SNAPSHOT.jar:/home/tdurieux/.m2/repository/org/apache/accumulo/accumulo-minicluster/1.4.5-SNAPSHOT/accumulo-minicluster-1.4.5-SNAPSHOT.jar:/home/tdurieux/.m2/repository/org/objenesis/objenesis/1.2/objenesis-1.2.jar:/home/tdurieux/.m2/repository/ant/ant/1.6.5/ant-1.6.5.jar:/home/tdurieux/.m2/repository/org/slf4j/slf4j-api/1.4.3/slf4j-api-1.4.3.jar:/home/tdurieux/.m2/repository/org/apache/zookeeper/zookeeper/3.3.1/zookeeper-3.3.1.jar:/home/tdurieux/.m2/repository/commons-cli/commons-cli/1.2/commons-cli-1.2.jar:/home/tdurieux/.m2/repository/org/mortbay/jetty/jsp-2.1/6.1.14/jsp-2.1-6.1.14.jar:/home/tdurieux/.m2/repository/org/mortbay/jetty/jetty/6.1.26/jetty-6.1.26.jar:/home/tdurieux/.m2/repository/commons-logging/commons-logging/1.0.4/commons-logging-1.0.4.jar:/home/tdurieux/.m2/repository/org/apache/accumulo/accumulo-start/1.4.5-SNAPSHOT/accumulo-start-1.4.5-SNAPSHOT.jar:/home/tdurieux/.m2/repository/org/mortbay/jetty/jsp-api-2.1/6.1.14/jsp-api-2.1-6.1.14.jar:/home/tdurieux/.m2/repository/org/hamcrest/hamcrest-core/1.3/hamcrest-core-1.3.jar:/home/tdurieux/.m2/repository/org/mortbay/jetty/servlet-api/2.5-20081211/servlet-api-2.5-20081211.jar:/home/tdurieux/.m2/repository/org/apache/hadoop/hadoop-core/0.20.203.0/hadoop-core-0.20.203.0.jar:/home/tdurieux/.m2/repository/commons-net/commons-net/1.4.1/commons-net-1.4.1.jar:/home/tdurieux/.m2/repository/junit/junit/4.11/junit-4.11.jar:/home/tdurieux/.m2/repository/commons-digester/commons-digester/1.8/commons-digester-1.8.jar:/home/tdurieux/.m2/repository/org/slf4j/slf4j-log4j12/1.4.3/slf4j-log4j12-1.4.3.jar:/home/tdurieux/.m2/repository/oro/oro/2.0.8/oro-2.0.8.jar:/home/tdurieux/.m2/repository/commons-lang/commons-lang/2.4/commons-lang-2.4.jar:/home/tdurieux/.m2/repository/org/apache/thrift/libthrift/0.6.1/libthrift-0.6.1.jar:/home/tdurieux/.m2/repository/commons-codec/commons-codec/1.3/commons-codec-1.3.jar:/home/tdurieux/.m2/repository/commons-beanutils/commons-beanutils-core/1.7.0/commons-beanutils-core-1.7.0.jar:/home/tdurieux/.m2/repository/org/apache/commons/commons-math/2.1/commons-math-2.1.jar:/home/tdurieux/.m2/repository/commons-beanutils/commons-beanutils/1.7.0/commons-beanutils-1.7.0.jar]
[INFO ] fr.inria.main.evolution.AstorMain.execute(AstorMain.java:216) - Running Astor on a JDK at /usr/lib/jvm/java-8-openjdk-amd64/jre
[INFO ] fr.inria.main.AbstractMain.determineSourceFolders(AbstractMain.java:849) - Source folders: [/tmp/Cardumen_Bug_dot_jar_Accumulo_28294266/./src/trace/src/main/java]
[INFO ] fr.inria.main.AbstractMain.determineSourceFolders(AbstractMain.java:868) - Source Test folders: [/tmp/Cardumen_Bug_dot_jar_Accumulo_28294266/./src/trace/src/test/java]
[INFO ] fr.inria.astor.core.faultlocalization.gzoltar.GZoltarFaultLocalization.calculateSuspicious(GZoltarFaultLocalization.java:75) - -Executing Gzoltar classpath: /tmp/Cardumen_Bug_dot_jar_Accumulo_28294266/./output_astor/AstorMain-Accumulo-28294266//bin//default from 3 classes with test cases
[INFO ] fr.inria.astor.core.faultlocalization.gzoltar.GZoltarFaultLocalization.searchSuspicious(GZoltarFaultLocalization.java:149) - Gzoltar fault localization: min susp value parameter: 0.1
[INFO ] fr.inria.astor.core.faultlocalization.gzoltar.GZoltarFaultLocalization.searchSuspicious(GZoltarFaultLocalization.java:169) - -gz-Adding classpath: [/home/tdurieux/.m2/repository/net/java/dev/jets3t/jets3t/0.7.1/jets3t-0.7.1.jar, /home/tdurieux/.m2/repository/net/sf/kosmosfs/kfs/0.3/kfs-0.3.jar, /home/tdurieux/.m2/repository/xmlenc/xmlenc/0.52/xmlenc-0.52.jar, /home/tdurieux/.m2/repository/org/mortbay/jetty/servlet-api-2.5/6.1.14/servlet-api-2.5-6.1.14.jar, /home/tdurieux/.m2/repository/org/apache/httpcomponents/httpcore/4.0.1/httpcore-4.0.1.jar, /tmp/Cardumen_Bug_dot_jar_Accumulo_28294266/src/core/target/classes/, /home/tdurieux/.m2/repository/org/mortbay/jetty/jetty-util/6.1.26/jetty-util-6.1.26.jar, /home/tdurieux/.m2/repository/hsqldb/hsqldb/1.8.0.10/hsqldb-1.8.0.10.jar, /home/tdurieux/.m2/repository/org/apache/accumulo/cloudtrace/1.4.5-SNAPSHOT/cloudtrace-1.4.5-SNAPSHOT.jar, /home/tdurieux/.m2/repository/commons-configuration/commons-configuration/1.5/commons-configuration-1.5.jar, /home/tdurieux/.m2/repository/org/apache/accumulo/examples-simple/1.4.5-SNAPSHOT/examples-simple-1.4.5-SNAPSHOT.jar, /home/tdurieux/.m2/repository/tomcat/jasper-compiler/5.5.12/jasper-compiler-5.5.12.jar, /home/tdurieux/.m2/repository/org/apache/commons/commons-jci-core/1.0/commons-jci-core-1.0.jar, /home/tdurieux/.m2/repository/commons-collections/commons-collections/3.2/commons-collections-3.2.jar, /home/tdurieux/.m2/repository/jline/jline/0.9.94/jline-0.9.94.jar, /home/tdurieux/.m2/repository/commons-io/commons-io/2.1/commons-io-2.1.jar, /home/tdurieux/.m2/repository/org/apache/httpcomponents/httpclient/4.0.1/httpclient-4.0.1.jar, /home/tdurieux/.m2/repository/commons-el/commons-el/1.0/commons-el-1.0.jar, /home/tdurieux/.m2/repository/commons-logging/commons-logging-api/1.0.4/commons-logging-api-1.0.4.jar, /home/tdurieux/.m2/repository/cglib/cglib-nodep/2.2.2/cglib-nodep-2.2.2.jar, /home/tdurieux/.m2/repository/org/easymock/easymock/3.1/easymock-3.1.jar, /home/tdurieux/.m2/repository/log4j/log4j/1.2.16/log4j-1.2.16.jar, /home/tdurieux/.m2/repository/commons-httpclient/commons-httpclient/3.0.1/commons-httpclient-3.0.1.jar, /home/tdurieux/.m2/repository/tomcat/jasper-runtime/5.5.12/jasper-runtime-5.5.12.jar, /home/tdurieux/.m2/repository/org/apache/commons/commons-jci-fam/1.0/commons-jci-fam-1.0.jar, /home/tdurieux/.m2/repository/com/google/guava/guava/14.0.1/guava-14.0.1.jar, /home/tdurieux/.m2/repository/org/eclipse/jdt/core/3.1.1/core-3.1.1.jar, /tmp/Cardumen_Bug_dot_jar_Accumulo_28294266/./output_astor/AstorMain-Accumulo-28294266//bin//default, /home/tdurieux/.m2/repository/javax/servlet/servlet-api/2.4/servlet-api-2.4.jar, /home/tdurieux/.m2/repository/org/apache/accumulo/accumulo-core/1.4.5-SNAPSHOT/accumulo-core-1.4.5-SNAPSHOT.jar, /home/tdurieux/.m2/repository/org/apache/accumulo/accumulo-server/1.4.5-SNAPSHOT/accumulo-server-1.4.5-SNAPSHOT.jar, /home/tdurieux/.m2/repository/org/apache/accumulo/accumulo-minicluster/1.4.5-SNAPSHOT/accumulo-minicluster-1.4.5-SNAPSHOT.jar, /home/tdurieux/.m2/repository/org/objenesis/objenesis/1.2/objenesis-1.2.jar, /home/tdurieux/.m2/repository/ant/ant/1.6.5/ant-1.6.5.jar, /home/tdurieux/.m2/repository/org/slf4j/slf4j-api/1.4.3/slf4j-api-1.4.3.jar, /home/tdurieux/.m2/repository/org/apache/zookeeper/zookeeper/3.3.1/zookeeper-3.3.1.jar, /home/tdurieux/.m2/repository/commons-cli/commons-cli/1.2/commons-cli-1.2.jar, /tmp/Cardumen_Bug_dot_jar_Accumulo_28294266/src/proxy/target/classes/, /tmp/Cardumen_Bug_dot_jar_Accumulo_28294266/src/examples/simple/target/classes/, /home/tdurieux/.m2/repository/org/mortbay/jetty/jsp-2.1/6.1.14/jsp-2.1-6.1.14.jar, /home/tdurieux/.m2/repository/org/mortbay/jetty/jetty/6.1.26/jetty-6.1.26.jar, /home/tdurieux/.m2/repository/commons-logging/commons-logging/1.0.4/commons-logging-1.0.4.jar, /home/tdurieux/.m2/repository/org/apache/accumulo/accumulo-start/1.4.5-SNAPSHOT/accumulo-start-1.4.5-SNAPSHOT.jar, /home/tdurieux/.m2/repository/org/mortbay/jetty/jsp-api-2.1/6.1.14/jsp-api-2.1-6.1.14.jar, /home/tdurieux/.m2/repository/org/hamcrest/hamcrest-core/1.3/hamcrest-core-1.3.jar, /home/tdurieux/.m2/repository/org/mortbay/jetty/servlet-api/2.5-20081211/servlet-api-2.5-20081211.jar, /home/tdurieux/.m2/repository/org/apache/hadoop/hadoop-core/0.20.203.0/hadoop-core-0.20.203.0.jar, /tmp/Cardumen_Bug_dot_jar_Accumulo_28294266/src/start/target/classes/, /home/tdurieux/.m2/repository/commons-net/commons-net/1.4.1/commons-net-1.4.1.jar, /home/tdurieux/.m2/repository/junit/junit/4.11/junit-4.11.jar, /home/tdurieux/.m2/repository/commons-digester/commons-digester/1.8/commons-digester-1.8.jar, /home/tdurieux/.m2/repository/org/slf4j/slf4j-log4j12/1.4.3/slf4j-log4j12-1.4.3.jar, /home/tdurieux/.m2/repository/oro/oro/2.0.8/oro-2.0.8.jar, /tmp/Cardumen_Bug_dot_jar_Accumulo_28294266/src/minicluster/target/classes/, /home/tdurieux/.m2/repository/commons-lang/commons-lang/2.4/commons-lang-2.4.jar, /home/tdurieux/.m2/repository/org/apache/thrift/libthrift/0.6.1/libthrift-0.6.1.jar, /tmp/Cardumen_Bug_dot_jar_Accumulo_28294266/src/server/target/classes/, /home/tdurieux/.m2/repository/commons-codec/commons-codec/1.3/commons-codec-1.3.jar, /home/tdurieux/.m2/repository/commons-beanutils/commons-beanutils-core/1.7.0/commons-beanutils-core-1.7.0.jar, /home/tdurieux/.m2/repository/org/apache/commons/commons-math/2.1/commons-math-2.1.jar, /home/tdurieux/.m2/repository/commons-beanutils/commons-beanutils/1.7.0/commons-beanutils-1.7.0.jar]
[INFO ] fr.inria.astor.core.faultlocalization.gzoltar.GZoltarFaultLocalization.searchSuspicious(GZoltarFaultLocalization.java:206) - Test failt: org.apache.accumulo.cloudtrace.instrument.TracerTest#testTracedException
[INFO ] fr.inria.astor.core.faultlocalization.gzoltar.GZoltarFaultLocalization.searchSuspicious(GZoltarFaultLocalization.java:206) - Test failt: org.apache.accumulo.cloudtrace.instrument.TracerTest#testUntracedException
[INFO ] fr.inria.astor.core.faultlocalization.gzoltar.GZoltarFaultLocalization.searchSuspicious(GZoltarFaultLocalization.java:218) - Gzoltar Test Result Total:6, fails: 2, GZoltar suspicious 1935, with positive susp 47
[INFO ] fr.inria.astor.core.faultlocalization.gzoltar.GZoltarFaultLocalization.searchSuspicious(GZoltarFaultLocalization.java:226) - nr test results 6
[INFO ] fr.inria.astor.core.faultlocalization.gzoltar.GZoltarFaultLocalization.searchSuspicious(GZoltarFaultLocalization.java:271) - Gzoltar found: 47 with susp > 0.1, we consider: 47
[INFO ] fr.inria.astor.core.solutionsearch.AstorCoreEngine.initPopulation(AstorCoreEngine.java:689) - 
---- Creating spoon model
[INFO ] fr.inria.astor.core.solutionsearch.AstorCoreEngine.initModel(AstorCoreEngine.java:781) - Creating model,  Code location from working folder: /tmp/Cardumen_Bug_dot_jar_Accumulo_28294266/./src/trace/src/main/java
[INFO ] fr.inria.astor.core.manipulation.MutationSupporter.buildModel(MutationSupporter.java:65) - building model: /tmp/Cardumen_Bug_dot_jar_Accumulo_28294266/./src/trace/src/main/java, compliance level: 7
[INFO ] fr.inria.astor.core.manipulation.MutationSupporter.buildModel(MutationSupporter.java:78) - Classpath for building SpoonModel [/tmp/Cardumen_Bug_dot_jar_Accumulo_28294266/src/start/target/classes/, /tmp/Cardumen_Bug_dot_jar_Accumulo_28294266/src/core/target/classes/, /tmp/Cardumen_Bug_dot_jar_Accumulo_28294266/src/server/target/classes/, /tmp/Cardumen_Bug_dot_jar_Accumulo_28294266/src/examples/simple/target/classes/, /tmp/Cardumen_Bug_dot_jar_Accumulo_28294266/src/minicluster/target/classes/, /tmp/Cardumen_Bug_dot_jar_Accumulo_28294266/src/proxy/target/classes/, /home/tdurieux/.m2/repository/net/java/dev/jets3t/jets3t/0.7.1/jets3t-0.7.1.jar, /home/tdurieux/.m2/repository/net/sf/kosmosfs/kfs/0.3/kfs-0.3.jar, /home/tdurieux/.m2/repository/xmlenc/xmlenc/0.52/xmlenc-0.52.jar, /home/tdurieux/.m2/repository/org/mortbay/jetty/servlet-api-2.5/6.1.14/servlet-api-2.5-6.1.14.jar, /home/tdurieux/.m2/repository/org/apache/httpcomponents/httpcore/4.0.1/httpcore-4.0.1.jar, /home/tdurieux/.m2/repository/org/mortbay/jetty/jetty-util/6.1.26/jetty-util-6.1.26.jar, /home/tdurieux/.m2/repository/hsqldb/hsqldb/1.8.0.10/hsqldb-1.8.0.10.jar, /home/tdurieux/.m2/repository/org/apache/accumulo/cloudtrace/1.4.5-SNAPSHOT/cloudtrace-1.4.5-SNAPSHOT.jar, /home/tdurieux/.m2/repository/commons-configuration/commons-configuration/1.5/commons-configuration-1.5.jar, /home/tdurieux/.m2/repository/org/apache/accumulo/examples-simple/1.4.5-SNAPSHOT/examples-simple-1.4.5-SNAPSHOT.jar, /home/tdurieux/.m2/repository/tomcat/jasper-compiler/5.5.12/jasper-compiler-5.5.12.jar, /home/tdurieux/.m2/repository/org/apache/commons/commons-jci-core/1.0/commons-jci-core-1.0.jar, /home/tdurieux/.m2/repository/commons-collections/commons-collections/3.2/commons-collections-3.2.jar, /home/tdurieux/.m2/repository/jline/jline/0.9.94/jline-0.9.94.jar, /home/tdurieux/.m2/repository/commons-io/commons-io/2.1/commons-io-2.1.jar, /home/tdurieux/.m2/repository/org/apache/httpcomponents/httpclient/4.0.1/httpclient-4.0.1.jar, /home/tdurieux/.m2/repository/commons-el/commons-el/1.0/commons-el-1.0.jar, /home/tdurieux/.m2/repository/commons-logging/commons-logging-api/1.0.4/commons-logging-api-1.0.4.jar, /home/tdurieux/.m2/repository/cglib/cglib-nodep/2.2.2/cglib-nodep-2.2.2.jar, /home/tdurieux/.m2/repository/org/easymock/easymock/3.1/easymock-3.1.jar, /home/tdurieux/.m2/repository/log4j/log4j/1.2.16/log4j-1.2.16.jar, /home/tdurieux/.m2/repository/commons-httpclient/commons-httpclient/3.0.1/commons-httpclient-3.0.1.jar, /home/tdurieux/.m2/repository/tomcat/jasper-runtime/5.5.12/jasper-runtime-5.5.12.jar, /home/tdurieux/.m2/repository/org/apache/commons/commons-jci-fam/1.0/commons-jci-fam-1.0.jar, /home/tdurieux/.m2/repository/com/google/guava/guava/14.0.1/guava-14.0.1.jar, /home/tdurieux/.m2/repository/org/eclipse/jdt/core/3.1.1/core-3.1.1.jar, /home/tdurieux/.m2/repository/javax/servlet/servlet-api/2.4/servlet-api-2.4.jar, /home/tdurieux/.m2/repository/org/apache/accumulo/accumulo-core/1.4.5-SNAPSHOT/accumulo-core-1.4.5-SNAPSHOT.jar, /home/tdurieux/.m2/repository/org/apache/accumulo/accumulo-server/1.4.5-SNAPSHOT/accumulo-server-1.4.5-SNAPSHOT.jar, /home/tdurieux/.m2/repository/org/apache/accumulo/accumulo-minicluster/1.4.5-SNAPSHOT/accumulo-minicluster-1.4.5-SNAPSHOT.jar, /home/tdurieux/.m2/repository/org/objenesis/objenesis/1.2/objenesis-1.2.jar, /home/tdurieux/.m2/repository/ant/ant/1.6.5/ant-1.6.5.jar, /home/tdurieux/.m2/repository/org/slf4j/slf4j-api/1.4.3/slf4j-api-1.4.3.jar, /home/tdurieux/.m2/repository/org/apache/zookeeper/zookeeper/3.3.1/zookeeper-3.3.1.jar, /home/tdurieux/.m2/repository/commons-cli/commons-cli/1.2/commons-cli-1.2.jar, /home/tdurieux/.m2/repository/org/mortbay/jetty/jsp-2.1/6.1.14/jsp-2.1-6.1.14.jar, /home/tdurieux/.m2/repository/org/mortbay/jetty/jetty/6.1.26/jetty-6.1.26.jar, /home/tdurieux/.m2/repository/commons-logging/commons-logging/1.0.4/commons-logging-1.0.4.jar, /home/tdurieux/.m2/repository/org/apache/accumulo/accumulo-start/1.4.5-SNAPSHOT/accumulo-start-1.4.5-SNAPSHOT.jar, /home/tdurieux/.m2/repository/org/mortbay/jetty/jsp-api-2.1/6.1.14/jsp-api-2.1-6.1.14.jar, /home/tdurieux/.m2/repository/org/hamcrest/hamcrest-core/1.3/hamcrest-core-1.3.jar, /home/tdurieux/.m2/repository/org/mortbay/jetty/servlet-api/2.5-20081211/servlet-api-2.5-20081211.jar, /home/tdurieux/.m2/repository/org/apache/hadoop/hadoop-core/0.20.203.0/hadoop-core-0.20.203.0.jar, /home/tdurieux/.m2/repository/commons-net/commons-net/1.4.1/commons-net-1.4.1.jar, /home/tdurieux/.m2/repository/junit/junit/4.11/junit-4.11.jar, /home/tdurieux/.m2/repository/commons-digester/commons-digester/1.8/commons-digester-1.8.jar, /home/tdurieux/.m2/repository/org/slf4j/slf4j-log4j12/1.4.3/slf4j-log4j12-1.4.3.jar, /home/tdurieux/.m2/repository/oro/oro/2.0.8/oro-2.0.8.jar, /home/tdurieux/.m2/repository/commons-lang/commons-lang/2.4/commons-lang-2.4.jar, /home/tdurieux/.m2/repository/org/apache/thrift/libthrift/0.6.1/libthrift-0.6.1.jar, /home/tdurieux/.m2/repository/commons-codec/commons-codec/1.3/commons-codec-1.3.jar, /home/tdurieux/.m2/repository/commons-beanutils/commons-beanutils-core/1.7.0/commons-beanutils-core-1.7.0.jar, /home/tdurieux/.m2/repository/org/apache/commons/commons-math/2.1/commons-math-2.1.jar, /home/tdurieux/.m2/repository/commons-beanutils/commons-beanutils/1.7.0/commons-beanutils-1.7.0.jar]
[INFO ] fr.inria.astor.core.solutionsearch.AstorCoreEngine.initPopulation(AstorCoreEngine.java:693) - 
---- Initial suspicious size: 47
[INFO ] fr.inria.astor.core.solutionsearch.population.ProgramVariantFactory.createModificationPoints(ProgramVariantFactory.java:215) -  Not ctClass for suspicious code Candidate [className=org.apache.thrift.meta_data.FieldMetaData, methodName=org.apache.thrift.meta_data.FieldMetaData{addStructMetaDataMap(Ljava/lang/Class;Ljava/util/Map;)V 0.0, lineNumber=49, susp=0.5]
[INFO ] fr.inria.astor.core.solutionsearch.population.ProgramVariantFactory.createModificationPoints(ProgramVariantFactory.java:215) -  Not ctClass for suspicious code Candidate [className=org.apache.thrift.meta_data.FieldMetaData, methodName=org.apache.thrift.meta_data.FieldMetaData{addStructMetaDataMap(Ljava/lang/Class;Ljava/util/Map;)V 0.0, lineNumber=50, susp=0.5]
[INFO ] fr.inria.astor.core.solutionsearch.population.ProgramVariantFactory.createProgramInstance(ProgramVariantFactory.java:127) - Total suspicious from FL: 47,  40
[INFO ] fr.inria.astor.core.solutionsearch.population.ProgramVariantFactory.createProgramInstance(ProgramVariantFactory.java:136) - Total ModPoint created: 40
[INFO ] fr.inria.astor.core.solutionsearch.population.ProgramVariantFactory.createInitialPopulation(ProgramVariantFactory.java:82) - Creating program variant #1, [Variant id: 1, #gens: 40, #ops: 0, parent:-]
[INFO ] fr.inria.astor.core.solutionsearch.spaces.ingredients.scopes.ExpressionTypeIngredientSpace.defineSpace(ExpressionTypeIngredientSpace.java:121) - Ingredient search space info : number keys 79 , number values 236 
[INFO ] fr.inria.astor.core.setup.ConfigurationProperties.print(ConfigurationProperties.java:66) - ----------------------------
[INFO ] fr.inria.astor.core.setup.ConfigurationProperties.print(ConfigurationProperties.java:67) - ---Configuration properties:---Execution values
[INFO ] fr.inria.astor.core.setup.ConfigurationProperties.print(ConfigurationProperties.java:69) - p:lastJUnitVersion= ./examples/libs/junit-4.11.jar
[INFO ] fr.inria.astor.core.setup.ConfigurationProperties.print(ConfigurationProperties.java:69) - p:alternativecompliancelevel= 4
[INFO ] fr.inria.astor.core.setup.ConfigurationProperties.print(ConfigurationProperties.java:69) - p:ignoredTestCases= 
[INFO ] fr.inria.astor.core.setup.ConfigurationProperties.print(ConfigurationProperties.java:69) - p:workingDirectory= /tmp/Cardumen_Bug_dot_jar_Accumulo_28294266/./output_astor
[INFO ] fr.inria.astor.core.setup.ConfigurationProperties.print(ConfigurationProperties.java:69) - p:manipulatesuper= false
[INFO ] fr.inria.astor.core.setup.ConfigurationProperties.print(ConfigurationProperties.java:69) - p:validation= process
[INFO ] fr.inria.astor.core.setup.ConfigurationProperties.print(ConfigurationProperties.java:69) - p:jvm4testexecution= /home/tdurieux/openjdk-1.7.0/bin/
[INFO ] fr.inria.astor.core.setup.ConfigurationProperties.print(ConfigurationProperties.java:69) - p:operatorspace= r-expression
[INFO ] fr.inria.astor.core.setup.ConfigurationProperties.print(ConfigurationProperties.java:69) - p:disablelog= false
[INFO ] fr.inria.astor.core.setup.ConfigurationProperties.print(ConfigurationProperties.java:69) - p:binjavafolder= src/trace/target/classes
[INFO ] fr.inria.astor.core.setup.ConfigurationProperties.print(ConfigurationProperties.java:69) - p:synthesis_depth= 3
[INFO ] fr.inria.astor.core.setup.ConfigurationProperties.print(ConfigurationProperties.java:69) - p:gzoltartestpackagetoexclude= junit.framework
[INFO ] fr.inria.astor.core.setup.ConfigurationProperties.print(ConfigurationProperties.java:69) - p:skipfitnessinitialpopulation= false
[INFO ] fr.inria.astor.core.setup.ConfigurationProperties.print(ConfigurationProperties.java:69) - p:evosuiteresultfolder= evosuite
[INFO ] fr.inria.astor.core.setup.ConfigurationProperties.print(ConfigurationProperties.java:69) - p:flthreshold= 0.1
[INFO ] fr.inria.astor.core.setup.ConfigurationProperties.print(ConfigurationProperties.java:69) - p:regressionforfaultlocalization= true
[INFO ] fr.inria.astor.core.setup.ConfigurationProperties.print(ConfigurationProperties.java:69) - p:collectonlyusedmethod= false
[INFO ] fr.inria.astor.core.setup.ConfigurationProperties.print(ConfigurationProperties.java:69) - p:preservelinenumbers= true
[INFO ] fr.inria.astor.core.setup.ConfigurationProperties.print(ConfigurationProperties.java:69) - p:tmax2= 4302
[INFO ] fr.inria.astor.core.setup.ConfigurationProperties.print(ConfigurationProperties.java:69) - p:ingredienttransformstrategy= name-probability-based
[INFO ] fr.inria.astor.core.setup.ConfigurationProperties.print(ConfigurationProperties.java:69) - p:tmax1= 10000
[INFO ] fr.inria.astor.core.setup.ConfigurationProperties.print(ConfigurationProperties.java:69) - p:probagenmutation= false
[INFO ] fr.inria.astor.core.setup.ConfigurationProperties.print(ConfigurationProperties.java:69) - p:nomodificationconvergence= 100
[INFO ] fr.inria.astor.core.setup.ConfigurationProperties.print(ConfigurationProperties.java:69) - p:diff_type= relative
[INFO ] fr.inria.astor.core.setup.ConfigurationProperties.print(ConfigurationProperties.java:69) - p:targetelementprocessor= expression
[INFO ] fr.inria.astor.core.setup.ConfigurationProperties.print(ConfigurationProperties.java:69) - p:srctestfolder= src/trace/src/test/java
[INFO ] fr.inria.astor.core.setup.ConfigurationProperties.print(ConfigurationProperties.java:69) - p:forceExecuteRegression= false
[INFO ] fr.inria.astor.core.setup.ConfigurationProperties.print(ConfigurationProperties.java:69) - p:clusteringfilename= clustering.csv
[INFO ] fr.inria.astor.core.setup.ConfigurationProperties.print(ConfigurationProperties.java:69) - p:failing= org.apache.accumulo.cloudtrace.instrument.TracerTest
[INFO ] fr.inria.astor.core.setup.ConfigurationProperties.print(ConfigurationProperties.java:69) - p:logtestexecution= false
[INFO ] fr.inria.astor.core.setup.ConfigurationProperties.print(ConfigurationProperties.java:69) - p:evo_buggy_class= true
[INFO ] fr.inria.astor.core.setup.ConfigurationProperties.print(ConfigurationProperties.java:69) - p:numberExecutions= 1
[INFO ] fr.inria.astor.core.setup.ConfigurationProperties.print(ConfigurationProperties.java:69) - p:maxnumbersolutions= 1000000
[INFO ] fr.inria.astor.core.setup.ConfigurationProperties.print(ConfigurationProperties.java:69) - p:evo_affected_by_op= true
[INFO ] fr.inria.astor.core.setup.ConfigurationProperties.print(ConfigurationProperties.java:69) - p:population= 1
[INFO ] fr.inria.astor.core.setup.ConfigurationProperties.print(ConfigurationProperties.java:69) - p:considerzerovaluesusp= false
[INFO ] fr.inria.astor.core.setup.ConfigurationProperties.print(ConfigurationProperties.java:69) - p:maxCombinationVariableLimit= true
[INFO ] fr.inria.astor.core.setup.ConfigurationProperties.print(ConfigurationProperties.java:69) - p:loglevel= INFO
[INFO ] fr.inria.astor.core.setup.ConfigurationProperties.print(ConfigurationProperties.java:69) - p:savesolution= true
[INFO ] fr.inria.astor.core.setup.ConfigurationProperties.print(ConfigurationProperties.java:69) - p:javacompliancelevel= 7
[INFO ] fr.inria.astor.core.setup.ConfigurationProperties.print(ConfigurationProperties.java:69) - p:x= x
[INFO ] fr.inria.astor.core.setup.ConfigurationProperties.print(ConfigurationProperties.java:69) - p:uniqueoptogen= false
[INFO ] fr.inria.astor.core.setup.ConfigurationProperties.print(ConfigurationProperties.java:69) - p:gzoltarpackagetonotinstrument= junit.framework
[INFO ] fr.inria.astor.core.setup.ConfigurationProperties.print(ConfigurationProperties.java:69) - p:projectIdentifier= Accumulo-28294266
[INFO ] fr.inria.astor.core.setup.ConfigurationProperties.print(ConfigurationProperties.java:69) - p:modificationpointnavigation= weight
[INFO ] fr.inria.astor.core.setup.ConfigurationProperties.print(ConfigurationProperties.java:69) - p:stopfirst= true
[INFO ] fr.inria.astor.core.setup.ConfigurationProperties.print(ConfigurationProperties.java:69) - p:multipointmodification= false
[INFO ] fr.inria.astor.core.setup.ConfigurationProperties.print(ConfigurationProperties.java:69) - p:elementsToMutate= 10
[INFO ] fr.inria.astor.core.setup.ConfigurationProperties.print(ConfigurationProperties.java:69) - p:jsonoutputname= astor_output
[INFO ] fr.inria.astor.core.setup.ConfigurationProperties.print(ConfigurationProperties.java:69) - p:evoDSE= false
[INFO ] fr.inria.astor.core.setup.ConfigurationProperties.print(ConfigurationProperties.java:69) - p:bintestfolder= src/trace/target/test-classes
[INFO ] fr.inria.astor.core.setup.ConfigurationProperties.print(ConfigurationProperties.java:69) - p:testbystep= false
[INFO ] fr.inria.astor.core.setup.ConfigurationProperties.print(ConfigurationProperties.java:69) - p:version-location= ./math-version/
[INFO ] fr.inria.astor.core.setup.ConfigurationProperties.print(ConfigurationProperties.java:69) - p:reintroduce= PARENTS:ORIGINAL
[INFO ] fr.inria.astor.core.setup.ConfigurationProperties.print(ConfigurationProperties.java:69) - p:executorjar= ./lib/jtestex7.jar
[INFO ] fr.inria.astor.core.setup.ConfigurationProperties.print(ConfigurationProperties.java:69) - p:maxGeneration= 1000000
[INFO ] fr.inria.astor.core.setup.ConfigurationProperties.print(ConfigurationProperties.java:69) - p:max_synthesis_step= 10000
[INFO ] fr.inria.astor.core.setup.ConfigurationProperties.print(ConfigurationProperties.java:69) - p:maxVarCombination= 1000
[INFO ] fr.inria.astor.core.setup.ConfigurationProperties.print(ConfigurationProperties.java:69) - p:maxtime= 120
[INFO ] fr.inria.astor.core.setup.ConfigurationProperties.print(ConfigurationProperties.java:69) - p:evosuitejar= ./lib/evosuite-master-1.0.4-SNAPSHOT.jar
[INFO ] fr.inria.astor.core.setup.ConfigurationProperties.print(ConfigurationProperties.java:69) - p:jvmversion= 1.7.0-u80-unofficial
[INFO ] fr.inria.astor.core.setup.ConfigurationProperties.print(ConfigurationProperties.java:69) - p:commandTrunk= 50000
[INFO ] fr.inria.astor.core.setup.ConfigurationProperties.print(ConfigurationProperties.java:69) - p:faultlocalization= gzoltar
[INFO ] fr.inria.astor.core.setup.ConfigurationProperties.print(ConfigurationProperties.java:69) - p:resetmodel= true
[INFO ] fr.inria.astor.core.setup.ConfigurationProperties.print(ConfigurationProperties.java:69) - p:maxsuspcandidates= 1000
[INFO ] fr.inria.astor.core.setup.ConfigurationProperties.print(ConfigurationProperties.java:69) - p:mode= cardumen
[INFO ] fr.inria.astor.core.setup.ConfigurationProperties.print(ConfigurationProperties.java:69) - p:learningdir= 
[INFO ] fr.inria.astor.core.setup.ConfigurationProperties.print(ConfigurationProperties.java:69) - p:jvm4evosuitetestexecution= /home/tdurieux/openjdk-1.7.0/bin/
[INFO ] fr.inria.astor.core.setup.ConfigurationProperties.print(ConfigurationProperties.java:69) - p:filterfaultlocalization= true
[INFO ] fr.inria.astor.core.setup.ConfigurationProperties.print(ConfigurationProperties.java:69) - p:mutationrate= 1 
[INFO ] fr.inria.astor.core.setup.ConfigurationProperties.print(ConfigurationProperties.java:69) - p:pathToMVNRepository= 
[INFO ] fr.inria.astor.core.setup.ConfigurationProperties.print(ConfigurationProperties.java:69) - p:resourcesfolder= /src/main/resources:/src/test/resources:
[INFO ] fr.inria.astor.core.setup.ConfigurationProperties.print(ConfigurationProperties.java:69) - p:timezone= America/Los_Angeles
[INFO ] fr.inria.astor.core.setup.ConfigurationProperties.print(ConfigurationProperties.java:69) - p:runjava7code= false
[INFO ] fr.inria.astor.core.setup.ConfigurationProperties.print(ConfigurationProperties.java:69) - p:evoRunOnBuggyClass= true
[INFO ] fr.inria.astor.core.setup.ConfigurationProperties.print(ConfigurationProperties.java:69) - p:compiler= fr.inria.astor.core.manipulation.bytecode.compiler.SpoonClassCompiler
[INFO ] fr.inria.astor.core.setup.ConfigurationProperties.print(ConfigurationProperties.java:69) - p:limitbysuspicious= true
[INFO ] fr.inria.astor.core.setup.ConfigurationProperties.print(ConfigurationProperties.java:69) - p:logsattemps= true
[INFO ] fr.inria.astor.core.setup.ConfigurationProperties.print(ConfigurationProperties.java:69) - p:dependenciespath= /tmp/Cardumen_Bug_dot_jar_Accumulo_28294266/src/start/target/classes:/tmp/Cardumen_Bug_dot_jar_Accumulo_28294266/src/core/target/classes:/tmp/Cardumen_Bug_dot_jar_Accumulo_28294266/src/server/target/classes:/tmp/Cardumen_Bug_dot_jar_Accumulo_28294266/src/examples/simple/target/classes:/tmp/Cardumen_Bug_dot_jar_Accumulo_28294266/src/minicluster/target/classes:/tmp/Cardumen_Bug_dot_jar_Accumulo_28294266/src/proxy/target/classes:/home/tdurieux/.m2/repository/net/java/dev/jets3t/jets3t/0.7.1/jets3t-0.7.1.jar:/home/tdurieux/.m2/repository/net/sf/kosmosfs/kfs/0.3/kfs-0.3.jar:/home/tdurieux/.m2/repository/xmlenc/xmlenc/0.52/xmlenc-0.52.jar:/home/tdurieux/.m2/repository/org/mortbay/jetty/servlet-api-2.5/6.1.14/servlet-api-2.5-6.1.14.jar:/home/tdurieux/.m2/repository/org/apache/httpcomponents/httpcore/4.0.1/httpcore-4.0.1.jar:/home/tdurieux/.m2/repository/org/mortbay/jetty/jetty-util/6.1.26/jetty-util-6.1.26.jar:/home/tdurieux/.m2/repository/hsqldb/hsqldb/1.8.0.10/hsqldb-1.8.0.10.jar:/home/tdurieux/.m2/repository/org/apache/accumulo/cloudtrace/1.4.5-SNAPSHOT/cloudtrace-1.4.5-SNAPSHOT.jar:/home/tdurieux/.m2/repository/commons-configuration/commons-configuration/1.5/commons-configuration-1.5.jar:/home/tdurieux/.m2/repository/org/apache/accumulo/examples-simple/1.4.5-SNAPSHOT/examples-simple-1.4.5-SNAPSHOT.jar:/home/tdurieux/.m2/repository/tomcat/jasper-compiler/5.5.12/jasper-compiler-5.5.12.jar:/home/tdurieux/.m2/repository/org/apache/commons/commons-jci-core/1.0/commons-jci-core-1.0.jar:/home/tdurieux/.m2/repository/commons-collections/commons-collections/3.2/commons-collections-3.2.jar:/home/tdurieux/.m2/repository/jline/jline/0.9.94/jline-0.9.94.jar:/home/tdurieux/.m2/repository/commons-io/commons-io/2.1/commons-io-2.1.jar:/home/tdurieux/.m2/repository/org/apache/httpcomponents/httpclient/4.0.1/httpclient-4.0.1.jar:/home/tdurieux/.m2/repository/commons-el/commons-el/1.0/commons-el-1.0.jar:/home/tdurieux/.m2/repository/commons-logging/commons-logging-api/1.0.4/commons-logging-api-1.0.4.jar:/home/tdurieux/.m2/repository/cglib/cglib-nodep/2.2.2/cglib-nodep-2.2.2.jar:/home/tdurieux/.m2/repository/org/easymock/easymock/3.1/easymock-3.1.jar:/home/tdurieux/.m2/repository/log4j/log4j/1.2.16/log4j-1.2.16.jar:/home/tdurieux/.m2/repository/commons-httpclient/commons-httpclient/3.0.1/commons-httpclient-3.0.1.jar:/home/tdurieux/.m2/repository/tomcat/jasper-runtime/5.5.12/jasper-runtime-5.5.12.jar:/home/tdurieux/.m2/repository/org/apache/commons/commons-jci-fam/1.0/commons-jci-fam-1.0.jar:/home/tdurieux/.m2/repository/com/google/guava/guava/14.0.1/guava-14.0.1.jar:/home/tdurieux/.m2/repository/org/eclipse/jdt/core/3.1.1/core-3.1.1.jar:/home/tdurieux/.m2/repository/javax/servlet/servlet-api/2.4/servlet-api-2.4.jar:/home/tdurieux/.m2/repository/org/apache/accumulo/accumulo-core/1.4.5-SNAPSHOT/accumulo-core-1.4.5-SNAPSHOT.jar:/home/tdurieux/.m2/repository/org/apache/accumulo/accumulo-server/1.4.5-SNAPSHOT/accumulo-server-1.4.5-SNAPSHOT.jar:/home/tdurieux/.m2/repository/org/apache/accumulo/accumulo-minicluster/1.4.5-SNAPSHOT/accumulo-minicluster-1.4.5-SNAPSHOT.jar:/home/tdurieux/.m2/repository/org/objenesis/objenesis/1.2/objenesis-1.2.jar:/home/tdurieux/.m2/repository/ant/ant/1.6.5/ant-1.6.5.jar:/home/tdurieux/.m2/repository/org/slf4j/slf4j-api/1.4.3/slf4j-api-1.4.3.jar:/home/tdurieux/.m2/repository/org/apache/zookeeper/zookeeper/3.3.1/zookeeper-3.3.1.jar:/home/tdurieux/.m2/repository/commons-cli/commons-cli/1.2/commons-cli-1.2.jar:/home/tdurieux/.m2/repository/org/mortbay/jetty/jsp-2.1/6.1.14/jsp-2.1-6.1.14.jar:/home/tdurieux/.m2/repository/org/mortbay/jetty/jetty/6.1.26/jetty-6.1.26.jar:/home/tdurieux/.m2/repository/commons-logging/commons-logging/1.0.4/commons-logging-1.0.4.jar:/home/tdurieux/.m2/repository/org/apache/accumulo/accumulo-start/1.4.5-SNAPSHOT/accumulo-start-1.4.5-SNAPSHOT.jar:/home/tdurieux/.m2/repository/org/mortbay/jetty/jsp-api-2.1/6.1.14/jsp-api-2.1-6.1.14.jar:/home/tdurieux/.m2/repository/org/hamcrest/hamcrest-core/1.3/hamcrest-core-1.3.jar:/home/tdurieux/.m2/repository/org/mortbay/jetty/servlet-api/2.5-20081211/servlet-api-2.5-20081211.jar:/home/tdurieux/.m2/repository/org/apache/hadoop/hadoop-core/0.20.203.0/hadoop-core-0.20.203.0.jar:/home/tdurieux/.m2/repository/commons-net/commons-net/1.4.1/commons-net-1.4.1.jar:/home/tdurieux/.m2/repository/junit/junit/4.11/junit-4.11.jar:/home/tdurieux/.m2/repository/commons-digester/commons-digester/1.8/commons-digester-1.8.jar:/home/tdurieux/.m2/repository/org/slf4j/slf4j-log4j12/1.4.3/slf4j-log4j12-1.4.3.jar:/home/tdurieux/.m2/repository/oro/oro/2.0.8/oro-2.0.8.jar:/home/tdurieux/.m2/repository/commons-lang/commons-lang/2.4/commons-lang-2.4.jar:/home/tdurieux/.m2/repository/org/apache/thrift/libthrift/0.6.1/libthrift-0.6.1.jar:/home/tdurieux/.m2/repository/commons-codec/commons-codec/1.3/commons-codec-1.3.jar:/home/tdurieux/.m2/repository/commons-beanutils/commons-beanutils-core/1.7.0/commons-beanutils-core-1.7.0.jar:/home/tdurieux/.m2/repository/org/apache/commons/commons-math/2.1/commons-math-2.1.jar:/home/tdurieux/.m2/repository/commons-beanutils/commons-beanutils/1.7.0/commons-beanutils-1.7.0.jar
[INFO ] fr.inria.astor.core.setup.ConfigurationProperties.print(ConfigurationProperties.java:69) - p:logpatternlayout= [%-5p] %l - %m%n
[INFO ] fr.inria.astor.core.setup.ConfigurationProperties.print(ConfigurationProperties.java:69) - p:packageToInstrument= 
[INFO ] fr.inria.astor.core.setup.ConfigurationProperties.print(ConfigurationProperties.java:69) - p:skipfaultlocalization= false
[INFO ] fr.inria.astor.core.setup.ConfigurationProperties.print(ConfigurationProperties.java:69) - p:scope= local
[INFO ] fr.inria.astor.core.setup.ConfigurationProperties.print(ConfigurationProperties.java:69) - p:transformingredient= false
[INFO ] fr.inria.astor.core.setup.ConfigurationProperties.print(ConfigurationProperties.java:69) - p:fitnessfunction= fr.inria.astor.core.solutionsearch.population.TestCaseFitnessFunction
[INFO ] fr.inria.astor.core.setup.ConfigurationProperties.print(ConfigurationProperties.java:69) - p:maxnumvariablesperingredient= 10
[INFO ] fr.inria.astor.core.setup.ConfigurationProperties.print(ConfigurationProperties.java:69) - p:parsesourcefromoriginal= true
[INFO ] fr.inria.astor.core.setup.ConfigurationProperties.print(ConfigurationProperties.java:69) - p:pvariantfoldername= variant-
[INFO ] fr.inria.astor.core.setup.ConfigurationProperties.print(ConfigurationProperties.java:69) - p:savespoonmodelondisk= false
[INFO ] fr.inria.astor.core.setup.ConfigurationProperties.print(ConfigurationProperties.java:69) - p:srcjavafolder= src/trace/src/main/java
[INFO ] fr.inria.astor.core.setup.ConfigurationProperties.print(ConfigurationProperties.java:69) - p:populationcontroller= fr.inria.astor.core.solutionsearch.population.TestCaseBasedFitnessPopulationController
[INFO ] fr.inria.astor.core.setup.ConfigurationProperties.print(ConfigurationProperties.java:69) - p:ignoreflakyinfl= false
[INFO ] fr.inria.astor.core.setup.ConfigurationProperties.print(ConfigurationProperties.java:69) - p:cleantemplates= true
[INFO ] fr.inria.astor.core.setup.ConfigurationProperties.print(ConfigurationProperties.java:69) - p:applyCrossover= false
[INFO ] fr.inria.astor.core.setup.ConfigurationProperties.print(ConfigurationProperties.java:69) - p:maxmodificationpoints= 1000
[INFO ] fr.inria.astor.core.setup.ConfigurationProperties.print(ConfigurationProperties.java:69) - p:duplicateingredientsinspace= false
[INFO ] fr.inria.astor.core.setup.ConfigurationProperties.print(ConfigurationProperties.java:69) - p:saveall= false
[INFO ] fr.inria.astor.core.setup.ConfigurationProperties.print(ConfigurationProperties.java:69) - p:seed= 0
[INFO ] fr.inria.astor.core.setup.ConfigurationProperties.print(ConfigurationProperties.java:69) - p:savecompletepatched= true
[INFO ] fr.inria.astor.core.setup.ConfigurationProperties.print(ConfigurationProperties.java:69) - p:resetoperations= false
[INFO ] fr.inria.astor.core.setup.ConfigurationProperties.print(ConfigurationProperties.java:69) - p:processoutputinfile= false
[INFO ] fr.inria.astor.core.setup.ConfigurationProperties.print(ConfigurationProperties.java:69) - p:location= .
[INFO ] fr.inria.astor.core.setup.ConfigurationProperties.print(ConfigurationProperties.java:69) - p:probabilistictransformation= true
[INFO ] fr.inria.astor.core.setup.ConfigurationProperties.print(ConfigurationProperties.java:69) - p:overridemaxtime= true
[INFO ] fr.inria.astor.core.setup.ConfigurationProperties.print(ConfigurationProperties.java:69) - p:ingredientstrategy= name-probability-based
[INFO ] fr.inria.astor.core.setup.ConfigurationProperties.print(ConfigurationProperties.java:69) - p:allpoints= false
[INFO ] fr.inria.astor.core.setup.ConfigurationProperties.print(ConfigurationProperties.java:69) - p:bugId= 280
[INFO ] fr.inria.astor.core.setup.ConfigurationProperties.print(ConfigurationProperties.java:69) - p:evosuitetimeout= 120
[INFO ] fr.inria.astor.core.setup.ConfigurationProperties.print(ConfigurationProperties.java:69) - p:nrPlaceholders= 1
[INFO ] fr.inria.astor.core.setup.ConfigurationProperties.print(ConfigurationProperties.java:69) - p:forcesubprocesskilling= true
[INFO ] fr.inria.astor.core.setup.ConfigurationProperties.print(ConfigurationProperties.java:71) - ----------------------------
[INFO ] fr.inria.astor.core.solutionsearch.EvolutionarySearchEngine.startEvolution(EvolutionarySearchEngine.java:40) - 
----Starting Solution Search
[INFO ] fr.inria.astor.core.validation.processbased.LaucherJUnitProcess.killProcess(LaucherJUnitProcess.java:171) - The Process that runs JUnit test cases did not terminate within waitTime of 10 seconds
[INFO ] fr.inria.astor.core.validation.processbased.LaucherJUnitProcess.killProcess(LaucherJUnitProcess.java:173) - Killed the Process that runs JUnit test cases 7220
[INFO ] fr.inria.astor.core.validation.processbased.LaucherJUnitProcess.killProcess(LaucherJUnitProcess.java:171) - The Process that runs JUnit test cases did not terminate within waitTime of 10 seconds
[INFO ] fr.inria.astor.core.validation.processbased.LaucherJUnitProcess.killProcess(LaucherJUnitProcess.java:173) - Killed the Process that runs JUnit test cases 9329
[INFO ] fr.inria.astor.core.validation.processbased.LaucherJUnitProcess.killProcess(LaucherJUnitProcess.java:171) - The Process that runs JUnit test cases did not terminate within waitTime of 10 seconds
[INFO ] fr.inria.astor.core.validation.processbased.LaucherJUnitProcess.killProcess(LaucherJUnitProcess.java:173) - Killed the Process that runs JUnit test cases 10629
[INFO ] fr.inria.astor.core.validation.processbased.LaucherJUnitProcess.killProcess(LaucherJUnitProcess.java:171) - The Process that runs JUnit test cases did not terminate within waitTime of 10 seconds
[INFO ] fr.inria.astor.core.validation.processbased.LaucherJUnitProcess.killProcess(LaucherJUnitProcess.java:173) - Killed the Process that runs JUnit test cases 10728
[ERROR] fr.inria.astor.core.solutionsearch.EvolutionarySearchEngine.startEvolution(EvolutionarySearchEngine.java:92) - Stopping main loop at 392 generation
[INFO ] fr.inria.astor.core.solutionsearch.AstorCoreEngine.atEnd(AstorCoreEngine.java:168) - Time Repair Loop (s): 304.517
[INFO ] fr.inria.astor.core.solutionsearch.AstorCoreEngine.atEnd(AstorCoreEngine.java:170) - generationsexecuted: 392
[INFO ] fr.inria.astor.core.solutionsearch.AstorCoreEngine.printFinalStatus(AstorCoreEngine.java:234) - 
----SUMMARY_EXECUTION---
[INFO ] fr.inria.astor.core.ingredientbased.IngredientBasedEvolutionaryRepairApproachImpl.printFinalStatus(IngredientBasedEvolutionaryRepairApproachImpl.java:123) - Total mod points: 40
[INFO ] fr.inria.astor.core.solutionsearch.spaces.ingredients.scopes.ExpressionTypeIngredientSpace.toJSON(ExpressionTypeIngredientSpace.java:233) - Storing ing JSON at /tmp/Cardumen_Bug_dot_jar_Accumulo_28294266/./output_astor/AstorMain-Accumulo-28294266//src/ingredients.json
[INFO ] fr.inria.astor.core.stats.IngredientStats.toJSON(IngredientStats.java:253) - Storing ing JSON at /tmp/Cardumen_Bug_dot_jar_Accumulo_28294266/./output_astor/AstorMain-Accumulo-28294266//ingredientSpaceSize.json
[INFO ] fr.inria.astor.core.stats.IngredientStats.toJSON(IngredientStats.java:254) - ingredientSpaceSize:{"allAttempts":320,"space":[{"a":15,"v":2},{"a":4,"v":28},{"a":8,"v":9},{"a":26,"v":2},{"a":23,"v":2},{"a":11,"v":1},{"a":16,"v":1},{"a":18,"v":1},{"a":3,"v":34},{"a":7,"v":16},{"a":12,"v":2},{"a":2,"v":45},{"a":9,"v":8},{"a":21,"v":2},{"a":6,"v":25},{"a":1,"v":111},{"a":14,"v":1},{"a":25,"v":1},{"a":10,"v":1},{"a":5,"v":28}]}
[INFO ] fr.inria.astor.core.stats.IngredientStats.toJSON(IngredientStats.java:253) - Storing ing JSON at /tmp/Cardumen_Bug_dot_jar_Accumulo_28294266/./output_astor/AstorMain-Accumulo-28294266//combinationsTemplatesingredientSpaceSize.json
[INFO ] fr.inria.astor.core.stats.IngredientStats.toJSON(IngredientStats.java:254) - combinationsTemplatesingredientSpaceSize:{"allAttempts":875,"space":[{"a":15,"v":4},{"a":8,"v":4},{"a":23,"v":4},{"a":16,"v":4},{"a":7,"v":4},{"a":22,"v":4},{"a":9,"v":4},{"a":21,"v":4},{"a":6,"v":4},{"a":1,"v":522},{"a":14,"v":4},{"a":24,"v":4},{"a":4,"v":11},{"a":19,"v":4},{"a":11,"v":4},{"a":18,"v":4},{"a":3,"v":35},{"a":12,"v":4},{"a":17,"v":4},{"a":2,"v":75},{"a":13,"v":4},{"a":20,"v":4},{"a":25,"v":8},{"a":10,"v":4},{"a":5,"v":26},{"a":0,"v":122}]}
[INFO ] fr.inria.astor.core.solutionsearch.AstorCoreEngine.atEnd(AstorCoreEngine.java:184) - 
 --SOLUTIONS DESCRIPTION--


Astor Output:

General stats:
EXECUTION_IDENTIFIER=Accumulo-28294266
TOTAL_TIME=304.517
NR_GENERATIONS=392
NR_RIGHT_COMPILATIONS=280
NR_FAILLING_COMPILATIONS=12
NR_ERRONEOUS_VARIANCES=null
NR_FAILING_VALIDATION_PROCESS=null
OUTPUT_STATUS=CONVERGED

Patch stats:

[INFO ] fr.inria.astor.core.output.PatchJSONStandarOutput.produceOutput(PatchJSONStandarOutput.java:103) - Storing ing JSON at /tmp/Cardumen_Bug_dot_jar_Accumulo_28294266/./output_astor/AstorMain-Accumulo-28294266//astor_output.json
[INFO ] fr.inria.astor.core.output.PatchJSONStandarOutput.produceOutput(PatchJSONStandarOutput.java:104) - astor_output:
{"general":{"NR_RIGHT_COMPILATIONS":280,"NR_ERRONEOUS_VARIANCES":null,"EXECUTION_IDENTIFIER":"Accumulo-28294266","OUTPUT_STATUS":"CONVERGED","NR_FAILLING_COMPILATIONS":12,"NR_GENERATIONS":392,"TOTAL_TIME":304.517,"NR_FAILING_VALIDATION_PROCESS":null},"patches":[]}
[INFO ] fr.inria.main.evolution.AstorMain.run(AstorMain.java:200) - Time Total(s): 315.44
277.88user 18.84system 5:16.55elapsed 93%CPU (0avgtext+0avgdata 1153588maxresident)k
93296inputs+53968outputs (30major+3879946minor)pagefaults 0swaps


Node: uvb-42.sophia.grid5000.fr



Date: Wed Jan  2 17:44:16 EST 2019

