cd /tmp/NPEFix_IntroClassJava_median_2c1556672751734adf9a561fbf88767c32224fca14a81e9d9c719f18d0b21765038acc16ecd8377f74d4f43e8c844538161d869605e3516cf797d0a6a59f1f8e_000;
export JAVA_TOOL_OPTIONS="-Dfile.encoding=UTF8 -Duser.language=en-US -Duser.country=US -Duser.language=en";
TZ="America/New_York"; export TZ;
export PATH="/usr/lib/jvm/java-1.8.0-openjdk-amd64/bin/:$PATH";
export JAVA_HOME="/usr/lib/jvm/java-1.8.0-openjdk-amd64/bin/";
time java -Xmx4g -Xms1g -cp /home/tdurieux/defects4j4repair/script/../repair_tools/npefix.jar fr.inria.spirals.npefix.main.run.Main \
    --test introclassJava.median_2c155667_000BlackboxTest:introclassJava.median_2c155667_000WhiteboxTest \
    --iteration 100 \
	--complianceLevel 7 \
	--workingdirectory . \
	--source src/main/java \
	--classpath target/classes:target/test-classes:/home/tdurieux/.m2/repository/junit/junit/4.11/junit-4.11.jar:/home/tdurieux/.m2/repository/org/hamcrest/hamcrest-core/1.3/hamcrest-core-1.3.jar;
	echo "\n\nNode: `hostname`\n";
	echo "\n\nDate: `date`\n";
Picked up JAVA_TOOL_OPTIONS: -Dfile.encoding=UTF8 -Duser.language=en-US -Duser.country=US -Duser.language=en
TernarySplitter  in 3ms
CheckNotNull  in 16ms
ForceNullInit in 23ms
AddImplicitCastChecker --> 0 in 5ms
BeforeDeref --> 52 (failed:0) in 29ms
target--> 52 (failed:0) in 98ms
TryRegister # Try: 0 in 3ms
Assign --> 14 (failed: 0) in 52ms
VarInit --> 4 in 4ms
MethodEncapsulation # Method: 2 in 50ms
ConstructorEncapsulation # Constructor: 10 in 11ms
VariableFor in 2ms
RMI Selector (Host: 127.0.0.1, Port: 10000): KO
introclassJava.median_2c155667_000WhiteboxTest#test1
<No Strat> Status: Ok
introclassJava.median_2c155667_000WhiteboxTest#test2
<No Strat> Status: Ok
introclassJava.median_2c155667_000WhiteboxTest#test3
<No Strat> Status: Ok
introclassJava.median_2c155667_000WhiteboxTest#test4
<No Strat> Status: Ko
introclassJava.median_2c155667_000WhiteboxTest#test5
<No Strat> Status: Ko
introclassJava.median_2c155667_000WhiteboxTest#test6
<No Strat> Status: Ok
introclassJava.median_2c155667_000BlackboxTest#test1
<No Strat> Status: Ok
introclassJava.median_2c155667_000BlackboxTest#test2
<No Strat> Status: Ko
introclassJava.median_2c155667_000BlackboxTest#test3
<No Strat> Status: Ok
introclassJava.median_2c155667_000BlackboxTest#test4
<No Strat> Status: Ko
introclassJava.median_2c155667_000BlackboxTest#test5
<No Strat> Status: Ok
introclassJava.median_2c155667_000BlackboxTest#test6
<No Strat> Status: Ko
introclassJava.median_2c155667_000BlackboxTest#test7
<No Strat> Status: Ok
Multirun 13/100 13%
introclassJava.median_2c155667_000WhiteboxTest#test4
<No Strat> Status: Ko
introclassJava.median_2c155667_000WhiteboxTest#test5
<No Strat> Status: Ko
introclassJava.median_2c155667_000BlackboxTest#test2
<No Strat> Status: Ko
introclassJava.median_2c155667_000BlackboxTest#test4
<No Strat> Status: Ko
introclassJava.median_2c155667_000BlackboxTest#test6
<No Strat> Status: Ko
introclassJava.median_2c155667_000WhiteboxTest#test4
<No Strat> Status: Ko
introclassJava.median_2c155667_000WhiteboxTest#test5
<No Strat> Status: Ko
introclassJava.median_2c155667_000BlackboxTest#test2
<No Strat> Status: Ko
introclassJava.median_2c155667_000BlackboxTest#test4
<No Strat> Status: Ko
introclassJava.median_2c155667_000BlackboxTest#test6
<No Strat> Status: Ko
introclassJava.median_2c155667_000WhiteboxTest#test4
<No Strat> Status: Ko
introclassJava.median_2c155667_000WhiteboxTest#test5
<No Strat> Status: Ko
introclassJava.median_2c155667_000BlackboxTest#test2
<No Strat> Status: Ko
introclassJava.median_2c155667_000BlackboxTest#test4
<No Strat> Status: Ko
introclassJava.median_2c155667_000BlackboxTest#test6
<No Strat> Status: Ko
introclassJava.median_2c155667_000WhiteboxTest#test4
<No Strat> Status: Ko
introclassJava.median_2c155667_000WhiteboxTest#test5
<No Strat> Status: Ko
introclassJava.median_2c155667_000BlackboxTest#test2
<No Strat> Status: Ko
introclassJava.median_2c155667_000BlackboxTest#test4
<No Strat> Status: Ko
introclassJava.median_2c155667_000BlackboxTest#test6
<No Strat> Status: Ko
introclassJava.median_2c155667_000WhiteboxTest#test4
<No Strat> Status: Ko
introclassJava.median_2c155667_000WhiteboxTest#test5
<No Strat> Status: Ko
introclassJava.median_2c155667_000BlackboxTest#test2
<No Strat> Status: Ko
introclassJava.median_2c155667_000BlackboxTest#test4
<No Strat> Status: Ko
introclassJava.median_2c155667_000BlackboxTest#test6
<No Strat> Status: Ko
introclassJava.median_2c155667_000WhiteboxTest#test4
<No Strat> Status: Ko
introclassJava.median_2c155667_000WhiteboxTest#test5
<No Strat> Status: Ko
introclassJava.median_2c155667_000BlackboxTest#test2
<No Strat> Status: Ko
introclassJava.median_2c155667_000BlackboxTest#test4
<No Strat> Status: Ko
introclassJava.median_2c155667_000BlackboxTest#test6
<No Strat> Status: Ko
4.93user 0.18system 0:02.93elapsed 174%CPU (0avgtext+0avgdata 219356maxresident)k
21216inputs+240outputs (1major+57832minor)pagefaults 0swaps


Node: graphene-62.nancy.grid5000.fr



Date: Thu Dec  6 03:41:59 EST 2018

