cd /tmp/NPEFix_IntroClassJava_checksum_e9c74e27a17310a52842f7099c3e5c126298e1a08f2b841169cd5f155e6f2970d14d0314da1f6314ed970de1d20be306a60f0ce341d1c4d01300cc6efad7ab9b_000;
export JAVA_TOOL_OPTIONS="-Dfile.encoding=UTF8 -Duser.language=en-US -Duser.country=US -Duser.language=en";
TZ="America/New_York"; export TZ;
export PATH="/usr/lib/jvm/java-1.8.0-openjdk-amd64/bin/:$PATH";
export JAVA_HOME="/usr/lib/jvm/java-1.8.0-openjdk-amd64/bin/";
time java -Xmx4g -Xms1g -cp /home/tdurieux/defects4j4repair/script/../repair_tools/npefix.jar fr.inria.spirals.npefix.main.run.Main \
    --test introclassJava.checksum_e9c74e27_000BlackboxTest:introclassJava.checksum_e9c74e27_000WhiteboxTest \
    --iteration 100 \
	--complianceLevel 7 \
	--workingdirectory . \
	--source src/main/java \
	--classpath target/classes:target/test-classes:/home/tdurieux/.m2/repository/junit/junit/4.11/junit-4.11.jar:/home/tdurieux/.m2/repository/org/hamcrest/hamcrest-core/1.3/hamcrest-core-1.3.jar;
	echo "\n\nNode: `hostname`\n";
	echo "\n\nDate: `date`\n";
Picked up JAVA_TOOL_OPTIONS: -Dfile.encoding=UTF8 -Duser.language=en-US -Duser.country=US -Duser.language=en
TernarySplitter  in 3ms
CheckNotNull  in 17ms
ForceNullInit in 23ms
AddImplicitCastChecker --> 0 in 4ms
BeforeDeref --> 22 (failed:0) in 16ms
target--> 24 (failed:0) in 44ms
TryRegister # Try: 1 in 5ms
Assign --> 18 (failed: 0) in 43ms
VarInit --> 5 in 3ms
MethodEncapsulation # Method: 2 in 41ms
ConstructorEncapsulation # Constructor: 10 in 12ms
VariableFor in 2ms
RMI Selector (Host: 127.0.0.1, Port: 10000): KO
introclassJava.checksum_e9c74e27_000WhiteboxTest#test2
	1 Strat1A introclassJava.checksum_e9c74e27_000:72 Used output
Status: Ko
introclassJava.checksum_e9c74e27_000WhiteboxTest#test3
	1 Strat1A introclassJava.checksum_e9c74e27_000:72 Used output
Status: Ko
introclassJava.checksum_e9c74e27_000WhiteboxTest#test4
	1 Strat1A introclassJava.checksum_e9c74e27_000:72 Used output
Status: Ko
introclassJava.checksum_e9c74e27_000WhiteboxTest#test5
	1 Strat1A introclassJava.checksum_e9c74e27_000:72 Used output
Status: Ko
introclassJava.checksum_e9c74e27_000WhiteboxTest#test6
	1 Strat1A introclassJava.checksum_e9c74e27_000:72 Used output
Status: Ko
introclassJava.checksum_e9c74e27_000WhiteboxTest#test10
	1 Strat1A introclassJava.checksum_e9c74e27_000:72 Used output
Status: Ko
introclassJava.checksum_e9c74e27_000WhiteboxTest#test7
	1 Strat1A introclassJava.checksum_e9c74e27_000:72 Used output
Status: Ko
introclassJava.checksum_e9c74e27_000WhiteboxTest#test8
	1 Strat1A introclassJava.checksum_e9c74e27_000:72 Used output
Status: Ko
introclassJava.checksum_e9c74e27_000WhiteboxTest#test9
	1 Strat1A introclassJava.checksum_e9c74e27_000:72 Used output
Status: Ko
introclassJava.checksum_e9c74e27_000WhiteboxTest#test1
	1 Strat1A introclassJava.checksum_e9c74e27_000:72 Used output
Status: Ko
introclassJava.checksum_e9c74e27_000BlackboxTest#test2
	1 Strat1A introclassJava.checksum_e9c74e27_000:72 Used output
Status: Ko
introclassJava.checksum_e9c74e27_000BlackboxTest#test3
	1 Strat1A introclassJava.checksum_e9c74e27_000:72 Used output
Status: Ko
introclassJava.checksum_e9c74e27_000BlackboxTest#test4
	1 Strat1A introclassJava.checksum_e9c74e27_000:72 Used output
Status: Ko
introclassJava.checksum_e9c74e27_000BlackboxTest#test5
	1 Strat1A introclassJava.checksum_e9c74e27_000:72 Used output
Status: Ko
introclassJava.checksum_e9c74e27_000BlackboxTest#test6
	1 Strat1A introclassJava.checksum_e9c74e27_000:72 Used output
Status: Ko
introclassJava.checksum_e9c74e27_000BlackboxTest#test1
	1 Strat1A introclassJava.checksum_e9c74e27_000:72 Used output
Status: Ko
Multirun 16/100 16%
introclassJava.checksum_e9c74e27_000WhiteboxTest#test2
	1 Strat1A introclassJava.checksum_e9c74e27_000:72 Used this.output
Status: Ko
introclassJava.checksum_e9c74e27_000WhiteboxTest#test3
	1 Strat1A introclassJava.checksum_e9c74e27_000:72 Used this.output
Status: Ko
introclassJava.checksum_e9c74e27_000WhiteboxTest#test4
	1 Strat1A introclassJava.checksum_e9c74e27_000:72 Used this.output
Status: Ko
introclassJava.checksum_e9c74e27_000WhiteboxTest#test5
	1 Strat1A introclassJava.checksum_e9c74e27_000:72 Used this.output
Status: Ko
introclassJava.checksum_e9c74e27_000WhiteboxTest#test6
	1 Strat1A introclassJava.checksum_e9c74e27_000:72 Used this.output
Status: Ko
introclassJava.checksum_e9c74e27_000WhiteboxTest#test10
	1 Strat1A introclassJava.checksum_e9c74e27_000:72 Used this.output
Status: Ko
introclassJava.checksum_e9c74e27_000WhiteboxTest#test7
	1 Strat1A introclassJava.checksum_e9c74e27_000:72 Used this.output
Status: Ko
introclassJava.checksum_e9c74e27_000WhiteboxTest#test8
	1 Strat1A introclassJava.checksum_e9c74e27_000:72 Used this.output
Status: Ko
introclassJava.checksum_e9c74e27_000WhiteboxTest#test9
	1 Strat1A introclassJava.checksum_e9c74e27_000:72 Used this.output
Status: Ko
introclassJava.checksum_e9c74e27_000WhiteboxTest#test1
	1 Strat1A introclassJava.checksum_e9c74e27_000:72 Used this.output
Status: Ko
introclassJava.checksum_e9c74e27_000BlackboxTest#test2
	1 Strat1A introclassJava.checksum_e9c74e27_000:72 Used this.output
Status: Ko
introclassJava.checksum_e9c74e27_000BlackboxTest#test3
	1 Strat1A introclassJava.checksum_e9c74e27_000:72 Used this.output
Status: Ko
introclassJava.checksum_e9c74e27_000BlackboxTest#test4
	1 Strat1A introclassJava.checksum_e9c74e27_000:72 Used this.output
Status: Ko
introclassJava.checksum_e9c74e27_000BlackboxTest#test5
	1 Strat1A introclassJava.checksum_e9c74e27_000:72 Used this.output
Status: Ko
introclassJava.checksum_e9c74e27_000BlackboxTest#test6
	1 Strat1A introclassJava.checksum_e9c74e27_000:72 Used this.output
Status: Ko
introclassJava.checksum_e9c74e27_000BlackboxTest#test1
	1 Strat1A introclassJava.checksum_e9c74e27_000:72 Used this.output
Status: Ko
Multirun 32/100 32%
introclassJava.checksum_e9c74e27_000WhiteboxTest#test2
	1 Strat1A introclassJava.checksum_e9c74e27_000:72 Used this.output
Status: Ko
introclassJava.checksum_e9c74e27_000WhiteboxTest#test3
	1 Strat1B introclassJava.checksum_e9c74e27_000:72 Used output
Status: Ko
introclassJava.checksum_e9c74e27_000WhiteboxTest#test4
	1 Strat1B introclassJava.checksum_e9c74e27_000:72 Used output
Status: Ko
introclassJava.checksum_e9c74e27_000WhiteboxTest#test5
	1 Strat1B introclassJava.checksum_e9c74e27_000:72 Used output
Status: Ko
introclassJava.checksum_e9c74e27_000WhiteboxTest#test6
	1 Strat1A introclassJava.checksum_e9c74e27_000:72 Used this.output
Status: Ko
introclassJava.checksum_e9c74e27_000WhiteboxTest#test10
	1 Strat1A introclassJava.checksum_e9c74e27_000:72 Used this.output
Status: Ko
introclassJava.checksum_e9c74e27_000WhiteboxTest#test7
	1 Strat1B introclassJava.checksum_e9c74e27_000:72 Used output
Status: Ko
introclassJava.checksum_e9c74e27_000WhiteboxTest#test8
	1 Strat1A introclassJava.checksum_e9c74e27_000:72 Used this.output
Status: Ko
introclassJava.checksum_e9c74e27_000WhiteboxTest#test9
	1 Strat1B introclassJava.checksum_e9c74e27_000:72 Used output
Status: Ko
introclassJava.checksum_e9c74e27_000WhiteboxTest#test1
	1 Strat1B introclassJava.checksum_e9c74e27_000:72 Used output
Status: Ko
introclassJava.checksum_e9c74e27_000BlackboxTest#test2
	1 Strat1B introclassJava.checksum_e9c74e27_000:72 Used output
Status: Ko
introclassJava.checksum_e9c74e27_000BlackboxTest#test3
	1 Strat1B introclassJava.checksum_e9c74e27_000:72 Used output
Status: Ko
introclassJava.checksum_e9c74e27_000BlackboxTest#test4
	1 Strat1B introclassJava.checksum_e9c74e27_000:72 Used output
Status: Ko
introclassJava.checksum_e9c74e27_000BlackboxTest#test5
	1 Strat1B introclassJava.checksum_e9c74e27_000:72 Used output
Status: Ko
introclassJava.checksum_e9c74e27_000BlackboxTest#test6
	1 Strat1A introclassJava.checksum_e9c74e27_000:72 Used this.output
Status: Ko
introclassJava.checksum_e9c74e27_000BlackboxTest#test1
	1 Strat1B introclassJava.checksum_e9c74e27_000:72 Used output
Status: Ko
Multirun 48/100 48%
introclassJava.checksum_e9c74e27_000WhiteboxTest#test2
	1 Strat1B introclassJava.checksum_e9c74e27_000:72 Used output
Status: Ko
introclassJava.checksum_e9c74e27_000WhiteboxTest#test3
	1 Strat1B introclassJava.checksum_e9c74e27_000:72 Used this.output
Status: Ko
introclassJava.checksum_e9c74e27_000WhiteboxTest#test4
	1 Strat1B introclassJava.checksum_e9c74e27_000:72 Used this.output
Status: Ko
introclassJava.checksum_e9c74e27_000WhiteboxTest#test5
	1 Strat1B introclassJava.checksum_e9c74e27_000:72 Used this.output
Status: Ko
introclassJava.checksum_e9c74e27_000WhiteboxTest#test6
	1 Strat1B introclassJava.checksum_e9c74e27_000:72 Used output
Status: Ko
introclassJava.checksum_e9c74e27_000WhiteboxTest#test10
	1 Strat1B introclassJava.checksum_e9c74e27_000:72 Used output
Status: Ko
introclassJava.checksum_e9c74e27_000WhiteboxTest#test7
	1 Strat1B introclassJava.checksum_e9c74e27_000:72 Used this.output
Status: Ko
introclassJava.checksum_e9c74e27_000WhiteboxTest#test8
	1 Strat1B introclassJava.checksum_e9c74e27_000:72 Used output
Status: Ko
introclassJava.checksum_e9c74e27_000WhiteboxTest#test9
	1 Strat1B introclassJava.checksum_e9c74e27_000:72 Used this.output
Status: Ko
introclassJava.checksum_e9c74e27_000WhiteboxTest#test1
	1 Strat1A introclassJava.checksum_e9c74e27_000:72 Used this.output
Status: Ko
introclassJava.checksum_e9c74e27_000BlackboxTest#test2
	1 Strat1B introclassJava.checksum_e9c74e27_000:72 Used this.output
Status: Ko
introclassJava.checksum_e9c74e27_000BlackboxTest#test3
	1 Strat1B introclassJava.checksum_e9c74e27_000:72 Used this.output
Status: Ko
introclassJava.checksum_e9c74e27_000BlackboxTest#test4
	1 Strat1B introclassJava.checksum_e9c74e27_000:72 Used this.output
Status: Ko
introclassJava.checksum_e9c74e27_000BlackboxTest#test5
	1 Strat1B introclassJava.checksum_e9c74e27_000:72 Used this.output
Status: Ko
introclassJava.checksum_e9c74e27_000BlackboxTest#test6
	1 Strat1A introclassJava.checksum_e9c74e27_000:72 Used this.output
Status: Ko
introclassJava.checksum_e9c74e27_000BlackboxTest#test1
	1 Strat1A introclassJava.checksum_e9c74e27_000:72 Used this.output
Status: Ko
Multirun 64/100 64%
introclassJava.checksum_e9c74e27_000WhiteboxTest#test2
	1 Strat1B introclassJava.checksum_e9c74e27_000:72 Used this.output
Status: Ko
introclassJava.checksum_e9c74e27_000WhiteboxTest#test3
	1 Strat2A introclassJava.checksum_e9c74e27_000:72 Used java.lang.String()
Status: Ko
introclassJava.checksum_e9c74e27_000WhiteboxTest#test4
	1 Strat2A introclassJava.checksum_e9c74e27_000:72 Used java.lang.String()
Status: Ko
introclassJava.checksum_e9c74e27_000WhiteboxTest#test5
	1 Strat2A introclassJava.checksum_e9c74e27_000:72 Used java.lang.String()
Status: Ko
introclassJava.checksum_e9c74e27_000WhiteboxTest#test6
	1 Strat1B introclassJava.checksum_e9c74e27_000:72 Used this.output
Status: Ko
introclassJava.checksum_e9c74e27_000WhiteboxTest#test10
	1 Strat1B introclassJava.checksum_e9c74e27_000:72 Used this.output
Status: Ko
introclassJava.checksum_e9c74e27_000WhiteboxTest#test7
	1 Strat2A introclassJava.checksum_e9c74e27_000:72 Used java.lang.String()
Status: Ko
introclassJava.checksum_e9c74e27_000WhiteboxTest#test8
	1 Strat1B introclassJava.checksum_e9c74e27_000:72 Used this.output
Status: Ko
introclassJava.checksum_e9c74e27_000WhiteboxTest#test9
	1 Strat2A introclassJava.checksum_e9c74e27_000:72 Used java.lang.String()
Status: Ko
introclassJava.checksum_e9c74e27_000WhiteboxTest#test1
	1 Strat1A introclassJava.checksum_e9c74e27_000:72 Used this.output
Status: Ko
introclassJava.checksum_e9c74e27_000BlackboxTest#test2
	1 Strat2A introclassJava.checksum_e9c74e27_000:72 Used java.lang.String()
Status: Ko
introclassJava.checksum_e9c74e27_000BlackboxTest#test3
	1 Strat2A introclassJava.checksum_e9c74e27_000:72 Used java.lang.String()
Status: Ko
introclassJava.checksum_e9c74e27_000BlackboxTest#test4
	1 Strat2A introclassJava.checksum_e9c74e27_000:72 Used java.lang.String()
Status: Ko
introclassJava.checksum_e9c74e27_000BlackboxTest#test5
	1 Strat2A introclassJava.checksum_e9c74e27_000:72 Used java.lang.String()
Status: Ko
introclassJava.checksum_e9c74e27_000BlackboxTest#test6
	1 Strat1B introclassJava.checksum_e9c74e27_000:72 Used output
Status: Ko
introclassJava.checksum_e9c74e27_000BlackboxTest#test1
	1 Strat1B introclassJava.checksum_e9c74e27_000:72 Used this.output
Status: Ko
Multirun 80/100 80%
introclassJava.checksum_e9c74e27_000WhiteboxTest#test2
	1 Strat2A introclassJava.checksum_e9c74e27_000:72 Used java.lang.String()
Status: Ko
introclassJava.checksum_e9c74e27_000WhiteboxTest#test3
	1 Strat2B introclassJava.checksum_e9c74e27_000:72 Used java.lang.String()
Status: Ko
introclassJava.checksum_e9c74e27_000WhiteboxTest#test4
	1 Strat2B introclassJava.checksum_e9c74e27_000:72 Used java.lang.String()
Status: Ko
introclassJava.checksum_e9c74e27_000WhiteboxTest#test5
	1 Strat2B introclassJava.checksum_e9c74e27_000:72 Used java.lang.String()
Status: Ko
introclassJava.checksum_e9c74e27_000WhiteboxTest#test6
	1 Strat2A introclassJava.checksum_e9c74e27_000:72 Used java.lang.String()
Status: Ko
introclassJava.checksum_e9c74e27_000WhiteboxTest#test10
	1 Strat2A introclassJava.checksum_e9c74e27_000:72 Used java.lang.String()
Status: Ko
introclassJava.checksum_e9c74e27_000WhiteboxTest#test7
	1 Strat2B introclassJava.checksum_e9c74e27_000:72 Used java.lang.String()
Status: Ko
introclassJava.checksum_e9c74e27_000WhiteboxTest#test8
	1 Strat2A introclassJava.checksum_e9c74e27_000:72 Used java.lang.String()
Status: Ko
introclassJava.checksum_e9c74e27_000WhiteboxTest#test9
	1 Strat2B introclassJava.checksum_e9c74e27_000:72 Used java.lang.String()
Status: Ko
introclassJava.checksum_e9c74e27_000WhiteboxTest#test1
	1 Strat1B introclassJava.checksum_e9c74e27_000:72 Used this.output
Status: Ko
introclassJava.checksum_e9c74e27_000BlackboxTest#test2
	1 Strat2B introclassJava.checksum_e9c74e27_000:72 Used java.lang.String()
Status: Ko
introclassJava.checksum_e9c74e27_000BlackboxTest#test3
	1 Strat2B introclassJava.checksum_e9c74e27_000:72 Used java.lang.String()
Status: Ko
introclassJava.checksum_e9c74e27_000BlackboxTest#test4
	1 Strat2B introclassJava.checksum_e9c74e27_000:72 Used java.lang.String()
Status: Ko
introclassJava.checksum_e9c74e27_000BlackboxTest#test5
	1 Strat2B introclassJava.checksum_e9c74e27_000:72 Used java.lang.String()
Status: Ko
introclassJava.checksum_e9c74e27_000BlackboxTest#test6
	1 Strat1B introclassJava.checksum_e9c74e27_000:72 Used this.output
Status: Ko
introclassJava.checksum_e9c74e27_000BlackboxTest#test1
	1 Strat1A introclassJava.checksum_e9c74e27_000:72 Used this.output
Status: Ko
Multirun 96/100 96%
introclassJava.checksum_e9c74e27_000WhiteboxTest#test2
	1 Strat2B introclassJava.checksum_e9c74e27_000:72 Used java.lang.String()
Status: Ko
introclassJava.checksum_e9c74e27_000WhiteboxTest#test3
	1 Strat3 introclassJava.checksum_e9c74e27_000:72 Used false
Status: Ko
introclassJava.checksum_e9c74e27_000WhiteboxTest#test4
	1 Strat3 introclassJava.checksum_e9c74e27_000:72 Used false
Status: Ko
introclassJava.checksum_e9c74e27_000WhiteboxTest#test5
	1 Strat3 introclassJava.checksum_e9c74e27_000:72 Used false
Status: Ko
introclassJava.checksum_e9c74e27_000WhiteboxTest#test6
	1 Strat2B introclassJava.checksum_e9c74e27_000:72 Used java.lang.String()
Status: Ko
introclassJava.checksum_e9c74e27_000WhiteboxTest#test10
	1 Strat2B introclassJava.checksum_e9c74e27_000:72 Used java.lang.String()
Status: Ko
introclassJava.checksum_e9c74e27_000WhiteboxTest#test7
	1 Strat3 introclassJava.checksum_e9c74e27_000:72 Used false
Status: Ko
introclassJava.checksum_e9c74e27_000WhiteboxTest#test8
	1 Strat2B introclassJava.checksum_e9c74e27_000:72 Used java.lang.String()
Status: Ko
introclassJava.checksum_e9c74e27_000WhiteboxTest#test9
	1 Strat3 introclassJava.checksum_e9c74e27_000:72 Used false
Status: Ko
introclassJava.checksum_e9c74e27_000WhiteboxTest#test1
	1 Strat1A introclassJava.checksum_e9c74e27_000:72 Used this.output
Status: Ko
introclassJava.checksum_e9c74e27_000BlackboxTest#test2
	1 Strat3 introclassJava.checksum_e9c74e27_000:72 Used false
Status: Ko
introclassJava.checksum_e9c74e27_000BlackboxTest#test3
	1 Strat3 introclassJava.checksum_e9c74e27_000:72 Used false
Status: Ko
introclassJava.checksum_e9c74e27_000BlackboxTest#test4
	1 Strat3 introclassJava.checksum_e9c74e27_000:72 Used false
Status: Ko
introclassJava.checksum_e9c74e27_000BlackboxTest#test5
	1 Strat3 introclassJava.checksum_e9c74e27_000:72 Used false
Status: Ko
introclassJava.checksum_e9c74e27_000BlackboxTest#test6
	1 Strat2A introclassJava.checksum_e9c74e27_000:72 Used java.lang.String()
Status: Ko
introclassJava.checksum_e9c74e27_000BlackboxTest#test1
	1 Strat2A introclassJava.checksum_e9c74e27_000:72 Used java.lang.String()
Status: Ko
Multirun 100/100 100%
36.79user 0.32system 0:30.32elapsed 122%CPU (0avgtext+0avgdata 431668maxresident)k
21480inputs+688outputs (1major+111674minor)pagefaults 0swaps


Node: graphene-70.nancy.grid5000.fr



Date: Thu Dec  6 03:42:34 EST 2018

