cd /tmp/GenProg_Bug_dot_jar_Accumulo_db4a291f;
export JAVA_TOOL_OPTIONS="-Dfile.encoding=UTF8 -Duser.language=en-US -Duser.country=US -Duser.language=en";
TZ="America/New_York"; export TZ;
export PATH="/home/tdurieux/openjdk-1.7.0/bin/:$PATH";
export JAVA_HOME="/home/tdurieux/openjdk-1.7.0/bin/";
timeout 120m java -Xmx4048m -cp /home/tdurieux/RepairThemAll/script/../libs/jmetal.jar:/home/tdurieux/RepairThemAll/script/../repair_tools/arja.jar us.msu.cse.repair.Main \
	GenProg \
	-DexternalProjRoot /home/tdurieux/RepairThemAll/script/../libs/arja_external \
	-DsrcJavaDir /tmp/GenProg_Bug_dot_jar_Accumulo_db4a291f/src/examples/wikisearch/ingest/src/main/java \
	-DbinJavaDir /tmp/GenProg_Bug_dot_jar_Accumulo_db4a291f/src/examples/wikisearch/ingest/target/classes \
	-DbinTestDir  \
	-DdiffFormat true \
	-Dseed 0 \
	-Ddependences /tmp/GenProg_Bug_dot_jar_Accumulo_db4a291f/src/trace/target/classes:/tmp/GenProg_Bug_dot_jar_Accumulo_db4a291f/src/start/target/classes:/tmp/GenProg_Bug_dot_jar_Accumulo_db4a291f/src/core/target/classes:/tmp/GenProg_Bug_dot_jar_Accumulo_db4a291f/src/server/target/classes:/tmp/GenProg_Bug_dot_jar_Accumulo_db4a291f/src/examples/simple/target/classes:/home/tdurieux/.m2/repository/net/java/dev/jets3t/jets3t/0.7.1/jets3t-0.7.1.jar:/home/tdurieux/.m2/repository/net/sf/kosmosfs/kfs/0.3/kfs-0.3.jar:/home/tdurieux/.m2/repository/xmlenc/xmlenc/0.52/xmlenc-0.52.jar:/home/tdurieux/.m2/repository/org/mortbay/jetty/servlet-api-2.5/6.1.14/servlet-api-2.5-6.1.14.jar:/home/tdurieux/.m2/repository/org/apache/httpcomponents/httpcore/4.0.1/httpcore-4.0.1.jar:/home/tdurieux/.m2/repository/hsqldb/hsqldb/1.8.0.10/hsqldb-1.8.0.10.jar:/home/tdurieux/.m2/repository/com/googlecode/minlog/1.2/minlog-1.2.jar:/home/tdurieux/.m2/repository/asm/asm/3.2/asm-3.2.jar:/home/tdurieux/.m2/repository/commons-configuration/commons-configuration/1.5/commons-configuration-1.5.jar:/home/tdurieux/.m2/repository/tomcat/jasper-compiler/5.5.12/jasper-compiler-5.5.12.jar:/home/tdurieux/.m2/repository/org/apache/commons/commons-jci-core/1.0/commons-jci-core-1.0.jar:/home/tdurieux/.m2/repository/commons-collections/commons-collections/3.2/commons-collections-3.2.jar:/home/tdurieux/.m2/repository/jline/jline/0.9.94/jline-0.9.94.jar:/home/tdurieux/.m2/repository/javaee/javaee-api/5/javaee-api-5.jar:/home/tdurieux/.m2/repository/junit/junit/4.4/junit-4.4.jar:/home/tdurieux/.m2/repository/org/apache/httpcomponents/httpclient/4.0.1/httpclient-4.0.1.jar:/home/tdurieux/.m2/repository/asm/asm/3.1/asm-3.1.jar:/home/tdurieux/.m2/repository/commons-el/commons-el/1.0/commons-el-1.0.jar:/home/tdurieux/.m2/repository/org/apache/lucene/lucene-analyzers/3.0.2/lucene-analyzers-3.0.2.jar:/home/tdurieux/.m2/repository/commons-logging/commons-logging-api/1.0.4/commons-logging-api-1.0.4.jar:/home/tdurieux/.m2/repository/org/apache/hadoop/zookeeper/3.3.1/zookeeper-3.3.1.jar:/home/tdurieux/.m2/repository/xml-apis/xml-apis/1.0.b2/xml-apis-1.0.b2.jar:/home/tdurieux/.m2/repository/org/apache/commons/commons-jexl/2.0.1/commons-jexl-2.0.1.jar:/home/tdurieux/.m2/repository/log4j/log4j/1.2.16/log4j-1.2.16.jar:/home/tdurieux/.m2/repository/com/sun/jersey/jersey-server/1.11/jersey-server-1.11.jar:/home/tdurieux/.m2/repository/commons-httpclient/commons-httpclient/3.0.1/commons-httpclient-3.0.1.jar:/home/tdurieux/.m2/repository/tomcat/jasper-runtime/5.5.12/jasper-runtime-5.5.12.jar:/home/tdurieux/.m2/repository/org/apache/commons/commons-jci-fam/1.0/commons-jci-fam-1.0.jar:/home/tdurieux/.m2/repository/org/eclipse/jdt/core/3.1.1/core-3.1.1.jar:/home/tdurieux/.m2/repository/javax/servlet/servlet-api/2.4/servlet-api-2.4.jar:/home/tdurieux/.m2/repository/commons-io/commons-io/1.4/commons-io-1.4.jar:/home/tdurieux/.m2/repository/ant/ant/1.6.5/ant-1.6.5.jar:/home/tdurieux/.m2/repository/org/slf4j/slf4j-api/1.4.3/slf4j-api-1.4.3.jar:/home/tdurieux/.m2/repository/org/apache/hadoop/hadoop-core/0.20.2/hadoop-core-0.20.2.jar:/home/tdurieux/.m2/repository/com/google/collections/google-collections/1.0/google-collections-1.0.jar:/home/tdurieux/.m2/repository/commons-cli/commons-cli/1.2/commons-cli-1.2.jar:/home/tdurieux/.m2/repository/org/apache/accumulo/cloudtrace/1.5.0-incubating-SNAPSHOT/cloudtrace-1.5.0-incubating-SNAPSHOT.jar:/home/tdurieux/.m2/repository/org/mortbay/jetty/jsp-2.1/6.1.14/jsp-2.1-6.1.14.jar:/home/tdurieux/.m2/repository/org/mortbay/jetty/jetty/6.1.26/jetty-6.1.26.jar:/home/tdurieux/.m2/repository/org/apache/lucene/lucene-core/3.0.2/lucene-core-3.0.2.jar:/home/tdurieux/.m2/repository/commons-logging/commons-logging/1.0.4/commons-logging-1.0.4.jar:/home/tdurieux/.m2/repository/org/apache/lucene/lucene-wikipedia/3.0.2/lucene-wikipedia-3.0.2.jar:/home/tdurieux/.m2/repository/org/mortbay/jetty/jsp-api-2.1/6.1.14/jsp-api-2.1-6.1.14.jar:/home/tdurieux/.m2/repository/org/apache/lucene/lucene-highlighter/3.0.2/lucene-highlighter-3.0.2.jar:/home/tdurieux/.m2/repository/org/apache/accumulo/wikisearch-ingest/1.5.0-incubating-SNAPSHOT/wikisearch-ingest-1.5.0-incubating-SNAPSHOT.jar:/home/tdurieux/.m2/repository/org/mortbay/jetty/servlet-api/2.5-20081211/servlet-api-2.5-20081211.jar:/home/tdurieux/.m2/repository/org/mortbay/jetty/jetty-util/6.1.14/jetty-util-6.1.14.jar:/home/tdurieux/.m2/repository/com/googlecode/kryo/1.04/kryo-1.04.jar:/home/tdurieux/.m2/repository/com/sun/jersey/jersey-core/1.11/jersey-core-1.11.jar:/home/tdurieux/.m2/repository/org/apache/accumulo/accumulo-server/1.5.0-incubating-SNAPSHOT/accumulo-server-1.5.0-incubating-SNAPSHOT.jar:/home/tdurieux/.m2/repository/commons-net/commons-net/1.4.1/commons-net-1.4.1.jar:/home/tdurieux/.m2/repository/commons-digester/commons-digester/1.8/commons-digester-1.8.jar:/home/tdurieux/.m2/repository/org/apache/lucene/lucene-benchmark/3.0.2/lucene-benchmark-3.0.2.jar:/home/tdurieux/.m2/repository/commons-digester/commons-digester/1.7/commons-digester-1.7.jar:/home/tdurieux/.m2/repository/org/slf4j/slf4j-log4j12/1.4.3/slf4j-log4j12-1.4.3.jar:/home/tdurieux/.m2/repository/oro/oro/2.0.8/oro-2.0.8.jar:/home/tdurieux/.m2/repository/commons-lang/commons-lang/2.4/commons-lang-2.4.jar:/home/tdurieux/.m2/repository/org/apache/thrift/libthrift/0.6.1/libthrift-0.6.1.jar:/home/tdurieux/.m2/repository/org/apache/accumulo/accumulo-core/1.5.0-incubating-SNAPSHOT/accumulo-core-1.5.0-incubating-SNAPSHOT.jar:/home/tdurieux/.m2/repository/org/apache/lucene/lucene-demos/3.0.2/lucene-demos-3.0.2.jar:/home/tdurieux/.m2/repository/com/googlecode/reflectasm/1.01/reflectasm-1.01.jar:/home/tdurieux/.m2/repository/org/apache/accumulo/accumulo-start/1.5.0-incubating-SNAPSHOT/accumulo-start-1.5.0-incubating-SNAPSHOT.jar:/home/tdurieux/.m2/repository/commons-codec/commons-codec/1.3/commons-codec-1.3.jar:/home/tdurieux/.m2/repository/commons-beanutils/commons-beanutils-core/1.7.0/commons-beanutils-core-1.7.0.jar:/home/tdurieux/.m2/repository/org/apache/lucene/lucene-memory/3.0.2/lucene-memory-3.0.2.jar:/home/tdurieux/.m2/repository/commons-beanutils/commons-beanutils/1.7.0/commons-beanutils-1.7.0.jar:/home/tdurieux/.m2/repository/javax/javaee-web-api/6.0/javaee-web-api-6.0.jar:/home/tdurieux/.m2/repository/commons-codec/commons-codec/1.5/commons-codec-1.5.jar:/home/tdurieux/.m2/repository/org/apache/accumulo/examples-simple/1.5.0-incubating-SNAPSHOT/examples-simple-1.5.0-incubating-SNAPSHOT.jar:/home/tdurieux/.m2/repository/com/google/protobuf/protobuf-java/2.3.0/protobuf-java-2.3.0.jar;
	echo "\n\nNode: `hostname`\n";
	echo "\n\nDate: `date`\n";
Picked up JAVA_TOOL_OPTIONS: -Dfile.encoding=UTF8 -Duser.language=en-US -Duser.country=US -Duser.language=en
Exception in thread "main" java.lang.IllegalArgumentException: Parameter 'directory' is not a directory
	at org.apache.commons.io.FileUtils.validateListFilesParameters(FileUtils.java:545)
	at org.apache.commons.io.FileUtils.listFiles(FileUtils.java:521)
	at us.msu.cse.repair.core.util.ClassFinder.scanTestDir(ClassFinder.java:75)
	at us.msu.cse.repair.core.util.ClassFinder.<init>(ClassFinder.java:48)
	at us.msu.cse.repair.core.AbstractRepairProblem.invokeClassFinder(AbstractRepairProblem.java:284)
	at us.msu.cse.repair.core.AbstractRepairProblem.invokeModules(AbstractRepairProblem.java:268)
	at us.msu.cse.repair.core.AbstractRepairProblem.<init>(AbstractRepairProblem.java:244)
	at us.msu.cse.repair.ec.problems.GenProgProblem.<init>(GenProgProblem.java:33)
	at us.msu.cse.repair.GenProgMain.main(GenProgMain.java:38)
	at us.msu.cse.repair.Main.main(Main.java:10)


Node: suno-24.sophia.grid5000.fr



Date: Sun Dec 30 05:08:17 EST 2018

