cd /tmp/NPEFix_IntroClassJava_digits_3214e9b00d4375825f24621cd10fc694ef14afa5a94ce0db9dac20877a21ea2d4b3594007d52464e0cea55e5ed3bb188712a67d8d002c1f28917057057120605_003;
export JAVA_TOOL_OPTIONS="-Dfile.encoding=UTF8 -Duser.language=en-US -Duser.country=US -Duser.language=en";
TZ="America/New_York"; export TZ;
export PATH="/usr/lib/jvm/java-1.8.0-openjdk-amd64/bin/:$PATH";
export JAVA_HOME="/usr/lib/jvm/java-1.8.0-openjdk-amd64/bin/";
time java -Xmx4g -Xms1g -cp /home/tdurieux/defects4j4repair/script/../repair_tools/npefix.jar fr.inria.spirals.npefix.main.run.Main \
    --test introclassJava.digits_3214e9b0_003BlackboxTest:introclassJava.digits_3214e9b0_003WhiteboxTest \
    --iteration 100 \
	--complianceLevel 7 \
	--workingdirectory . \
	--source src/main/java \
	--classpath target/classes:target/test-classes:/home/tdurieux/.m2/repository/junit/junit/4.11/junit-4.11.jar:/home/tdurieux/.m2/repository/org/hamcrest/hamcrest-core/1.3/hamcrest-core-1.3.jar;
	echo "\n\nNode: `hostname`\n";
	echo "\n\nDate: `date`\n";
Picked up JAVA_TOOL_OPTIONS: -Dfile.encoding=UTF8 -Duser.language=en-US -Duser.country=US -Duser.language=en
TernarySplitter  in 2ms
CheckNotNull  in 6ms
ForceNullInit in 27ms
AddImplicitCastChecker --> 0 in 4ms
BeforeDeref --> 18 (failed:0) in 14ms
target--> 19 (failed:0) in 39ms
TryRegister # Try: 0 in 2ms
Assign --> 15 (failed: 0) in 42ms
VarInit --> 3 in 3ms
MethodEncapsulation # Method: 2 in 45ms
ConstructorEncapsulation # Constructor: 10 in 11ms
VariableFor in 1ms
RMI Selector (Host: 127.0.0.1, Port: 10000): KO
introclassJava.digits_3214e9b0_003WhiteboxTest#test10
<No Strat> Status: Ok
introclassJava.digits_3214e9b0_003WhiteboxTest#test7
<No Strat> Status: Ok
introclassJava.digits_3214e9b0_003WhiteboxTest#test8
<No Strat> Status: Ok
introclassJava.digits_3214e9b0_003WhiteboxTest#test9
<No Strat> Status: Ok
introclassJava.digits_3214e9b0_003WhiteboxTest#test2
<No Strat> Status: Ok
introclassJava.digits_3214e9b0_003WhiteboxTest#test3
<No Strat> Status: Ok
introclassJava.digits_3214e9b0_003WhiteboxTest#test4
<No Strat> Status: Ok
introclassJava.digits_3214e9b0_003WhiteboxTest#test5
<No Strat> Status: Ok
introclassJava.digits_3214e9b0_003WhiteboxTest#test6
<No Strat> Status: Ok
introclassJava.digits_3214e9b0_003WhiteboxTest#test1
<No Strat> Status: Ko
introclassJava.digits_3214e9b0_003BlackboxTest#test2
<No Strat> Status: Ok
introclassJava.digits_3214e9b0_003BlackboxTest#test3
<No Strat> Status: Ok
introclassJava.digits_3214e9b0_003BlackboxTest#test4
<No Strat> Status: Ok
introclassJava.digits_3214e9b0_003BlackboxTest#test5
<No Strat> Status: Ok
introclassJava.digits_3214e9b0_003BlackboxTest#test6
<No Strat> Status: Ok
introclassJava.digits_3214e9b0_003BlackboxTest#test1
<No Strat> Status: Ok
Multirun 16/100 16%
introclassJava.digits_3214e9b0_003WhiteboxTest#test1
<No Strat> Status: Ko
introclassJava.digits_3214e9b0_003WhiteboxTest#test1
<No Strat> Status: Ko
introclassJava.digits_3214e9b0_003WhiteboxTest#test1
<No Strat> Status: Ko
introclassJava.digits_3214e9b0_003WhiteboxTest#test1
<No Strat> Status: Ko
introclassJava.digits_3214e9b0_003WhiteboxTest#test1
<No Strat> Status: Ko
introclassJava.digits_3214e9b0_003WhiteboxTest#test1
<No Strat> Status: Ko
4.30user 0.14system 0:02.53elapsed 175%CPU (0avgtext+0avgdata 199392maxresident)k
21128inputs+200outputs (1major+50702minor)pagefaults 0swaps


Node: graphene-11.nancy.grid5000.fr



Date: Thu Dec  6 03:54:04 EST 2018

