cd /tmp/NPEFix_IntroClassJava_digits_6e464f2b5ba1d5ad3d4fc366e7d7712b424aabd8b41ca36257115a16416d202feb27397a413d04944c9ac76976fa8ff8ae646144855e08791ebf9593d1caaaca_000;
export JAVA_TOOL_OPTIONS="-Dfile.encoding=UTF8 -Duser.language=en-US -Duser.country=US -Duser.language=en";
TZ="America/New_York"; export TZ;
export PATH="/usr/lib/jvm/java-1.8.0-openjdk-amd64/bin/:$PATH";
export JAVA_HOME="/usr/lib/jvm/java-1.8.0-openjdk-amd64/bin/";
time java -Xmx4g -Xms1g -cp /home/tdurieux/defects4j4repair/script/../repair_tools/npefix.jar fr.inria.spirals.npefix.main.run.Main \
    --test introclassJava.digits_6e464f2b_000BlackboxTest:introclassJava.digits_6e464f2b_000WhiteboxTest \
    --iteration 100 \
	--complianceLevel 7 \
	--workingdirectory . \
	--source src/main/java \
	--classpath target/classes:target/test-classes:/home/tdurieux/.m2/repository/junit/junit/4.11/junit-4.11.jar:/home/tdurieux/.m2/repository/org/hamcrest/hamcrest-core/1.3/hamcrest-core-1.3.jar;
	echo "\n\nNode: `hostname`\n";
	echo "\n\nDate: `date`\n";
Picked up JAVA_TOOL_OPTIONS: -Dfile.encoding=UTF8 -Duser.language=en-US -Duser.country=US -Duser.language=en
TernarySplitter  in 4ms
CheckNotNull  in 1ms
ForceNullInit in 20ms
AddImplicitCastChecker --> 0 in 3ms
BeforeDeref --> 25 (failed:0) in 18ms
target--> 27 (failed:0) in 51ms
TryRegister # Try: 0 in 2ms
Assign --> 20 (failed: 0) in 54ms
VarInit --> 4 in 4ms
MethodEncapsulation # Method: 2 in 47ms
ConstructorEncapsulation # Constructor: 10 in 11ms
VariableFor in 2ms
RMI Selector (Host: 127.0.0.1, Port: 10000): KO
introclassJava.digits_6e464f2b_000BlackboxTest#test1
<No Strat> Status: Ok
introclassJava.digits_6e464f2b_000BlackboxTest#test2
<No Strat> Status: Ok
introclassJava.digits_6e464f2b_000BlackboxTest#test3
<No Strat> Status: Ok
introclassJava.digits_6e464f2b_000BlackboxTest#test4
<No Strat> Status: Ok
introclassJava.digits_6e464f2b_000BlackboxTest#test5
<No Strat> Status: Ok
introclassJava.digits_6e464f2b_000BlackboxTest#test6
<No Strat> Status: Ok
introclassJava.digits_6e464f2b_000WhiteboxTest#test10
<No Strat> Status: Ok
introclassJava.digits_6e464f2b_000WhiteboxTest#test1
<No Strat> Status: Ko
introclassJava.digits_6e464f2b_000WhiteboxTest#test2
<No Strat> Status: Ok
introclassJava.digits_6e464f2b_000WhiteboxTest#test3
<No Strat> Status: Ok
introclassJava.digits_6e464f2b_000WhiteboxTest#test4
<No Strat> Status: Ok
introclassJava.digits_6e464f2b_000WhiteboxTest#test5
<No Strat> Status: Ok
introclassJava.digits_6e464f2b_000WhiteboxTest#test6
<No Strat> Status: Ok
introclassJava.digits_6e464f2b_000WhiteboxTest#test7
<No Strat> Status: Ok
introclassJava.digits_6e464f2b_000WhiteboxTest#test8
<No Strat> Status: Ok
introclassJava.digits_6e464f2b_000WhiteboxTest#test9
<No Strat> Status: Ok
Multirun 16/100 16%
introclassJava.digits_6e464f2b_000WhiteboxTest#test1
<No Strat> Status: Ko
introclassJava.digits_6e464f2b_000WhiteboxTest#test1
<No Strat> Status: Ko
introclassJava.digits_6e464f2b_000WhiteboxTest#test1
<No Strat> Status: Ko
introclassJava.digits_6e464f2b_000WhiteboxTest#test1
<No Strat> Status: Ko
introclassJava.digits_6e464f2b_000WhiteboxTest#test1
<No Strat> Status: Ko
introclassJava.digits_6e464f2b_000WhiteboxTest#test1
<No Strat> Status: Ko
4.83user 0.18system 0:02.89elapsed 173%CPU (0avgtext+0avgdata 236416maxresident)k
21120inputs+200outputs (1major+65305minor)pagefaults 0swaps


Node: graphene-137.nancy.grid5000.fr



Date: Thu Dec  6 03:59:28 EST 2018

