cd /tmp/NPEFix_Bug_dot_jar_Maven_8cb04253;
export JAVA_TOOL_OPTIONS="-Dfile.encoding=UTF8 -Duser.language=en-US -Duser.country=US -Duser.language=en";
TZ="America/New_York"; export TZ;
export PATH="/usr/lib/jvm/java-1.8.0-openjdk-amd64/bin/:$PATH";
export JAVA_HOME="/usr/lib/jvm/java-1.8.0-openjdk-amd64/bin/";
time java -Xmx4048m -cp /home/tdurieux/defects4j4repair/script/../repair_tools/npefix.jar fr.inria.spirals.npefix.main.run.Main \
    --test org.apache.maven.model.profile.activation.JdkVersionProfileActivatorTest \
    --iteration 100 \
	--complianceLevel 7 \
	--workingdirectory . \
	--source maven-model-builder/src/main/java \
	--classpath maven-model-builder/target/classes:maven-model-builder/target/test-classes:/tmp/NPEFix_Bug_dot_jar_Maven_8cb04253/maven-model/target/classes:/tmp/NPEFix_Bug_dot_jar_Maven_8cb04253/maven-artifact/target/classes:/tmp/NPEFix_Bug_dot_jar_Maven_8cb04253/maven-plugin-api/target/classes:/tmp/NPEFix_Bug_dot_jar_Maven_8cb04253/maven-builder-support/target/classes:/tmp/NPEFix_Bug_dot_jar_Maven_8cb04253/maven-settings/target/classes:/tmp/NPEFix_Bug_dot_jar_Maven_8cb04253/maven-settings-builder/target/classes:/tmp/NPEFix_Bug_dot_jar_Maven_8cb04253/maven-repository-metadata/target/classes:/tmp/NPEFix_Bug_dot_jar_Maven_8cb04253/maven-resolver-provider/target/classes:/tmp/NPEFix_Bug_dot_jar_Maven_8cb04253/maven-core/target/classes:/tmp/NPEFix_Bug_dot_jar_Maven_8cb04253/maven-slf4j-provider/target/classes:/tmp/NPEFix_Bug_dot_jar_Maven_8cb04253/maven-embedder/target/classes:/tmp/NPEFix_Bug_dot_jar_Maven_8cb04253/maven-compat/target/classes:/home/tdurieux/.m2/repository/javax/inject/javax.inject/1/javax.inject-1.jar:/home/tdurieux/.m2/repository/javax/annotation/jsr250-api/1.0/jsr250-api-1.0.jar:/home/tdurieux/.m2/repository/org/apache/maven/resolver/maven-resolver-transport-wagon/1.1.0/maven-resolver-transport-wagon-1.1.0.jar:/home/tdurieux/.m2/repository/org/apache/maven/resolver/maven-resolver-api/1.1.0/maven-resolver-api-1.1.0.jar:/home/tdurieux/.m2/repository/org/apache/maven/maven-plugin-api/3.5.3-SNAPSHOT/maven-plugin-api-3.5.3-SNAPSHOT.jar:/home/tdurieux/.m2/repository/xmlunit/xmlunit/1.6/xmlunit-1.6.jar:/home/tdurieux/.m2/repository/org/objenesis/objenesis/2.1/objenesis-2.1.jar:/home/tdurieux/.m2/repository/org/eclipse/sisu/org.eclipse.sisu.inject/0.3.3/org.eclipse.sisu.inject-0.3.3.jar:/home/tdurieux/.m2/repository/org/apache/commons/commons-lang3/3.5/commons-lang3-3.5.jar:/home/tdurieux/.m2/repository/commons-cli/commons-cli/1.4/commons-cli-1.4.jar:/home/tdurieux/.m2/repository/org/apache/maven/resolver/maven-resolver-impl/1.1.0/maven-resolver-impl-1.1.0.jar:/home/tdurieux/.m2/repository/org/codehaus/plexus/plexus-classworlds/2.5.2/plexus-classworlds-2.5.2.jar:/home/tdurieux/.m2/repository/org/apache/maven/maven-settings/3.5.3-SNAPSHOT/maven-settings-3.5.3-SNAPSHOT.jar:/home/tdurieux/.m2/repository/org/apache/maven/maven-settings-builder/3.5.3-SNAPSHOT/maven-settings-builder-3.5.3-SNAPSHOT.jar:/home/tdurieux/.m2/repository/org/apache/maven/resolver/maven-resolver-util/1.1.0/maven-resolver-util-1.1.0.jar:/home/tdurieux/.m2/repository/org/codehaus/plexus/plexus-utils/3.1.0/plexus-utils-3.1.0.jar:/home/tdurieux/.m2/repository/org/eclipse/sisu/org.eclipse.sisu.plexus/0.3.3/org.eclipse.sisu.plexus-0.3.3.jar:/home/tdurieux/.m2/repository/org/apache/maven/wagon/wagon-provider-api/2.12/wagon-provider-api-2.12.jar:/home/tdurieux/.m2/repository/org/apache/maven/maven-resolver-provider/3.5.3-SNAPSHOT/maven-resolver-provider-3.5.3-SNAPSHOT.jar:/home/tdurieux/.m2/repository/org/apache/maven/wagon/wagon-file/2.12/wagon-file-2.12.jar:/home/tdurieux/.m2/repository/org/apache/maven/maven-compat/3.5.3-SNAPSHOT/maven-compat-3.5.3-SNAPSHOT.jar:/home/tdurieux/.m2/repository/org/codehaus/plexus/plexus-interpolation/1.24/plexus-interpolation-1.24.jar:/home/tdurieux/.m2/repository/org/sonatype/plexus/plexus-cipher/1.7/plexus-cipher-1.7.jar:/home/tdurieux/.m2/repository/org/apache/maven/maven-embedder/3.5.3-SNAPSHOT/maven-embedder-3.5.3-SNAPSHOT.jar:/home/tdurieux/.m2/repository/org/mockito/mockito-core/1.10.19/mockito-core-1.10.19.jar:/home/tdurieux/.m2/repository/ch/qos/logback/logback-core/1.2.1/logback-core-1.2.1.jar:/home/tdurieux/.m2/repository/org/apache/maven/maven-core/3.5.3-SNAPSHOT/maven-core-3.5.3-SNAPSHOT.jar:/home/tdurieux/.m2/repository/org/apache/maven/shared/maven-shared-utils/3.1.0/maven-shared-utils-3.1.0.jar:/home/tdurieux/.m2/repository/org/apache/maven/maven-repository-metadata/3.5.3-SNAPSHOT/maven-repository-metadata-3.5.3-SNAPSHOT.jar:/home/tdurieux/.m2/repository/org/apache/maven/resolver/maven-resolver-spi/1.1.0/maven-resolver-spi-1.1.0.jar:/home/tdurieux/.m2/repository/org/codehaus/plexus/plexus-component-annotations/1.7.1/plexus-component-annotations-1.7.1.jar:/home/tdurieux/.m2/repository/aopalliance/aopalliance/1.0/aopalliance-1.0.jar:/home/tdurieux/.m2/repository/org/apache/maven/maven-model/3.5.3-SNAPSHOT/maven-model-3.5.3-SNAPSHOT.jar:/home/tdurieux/.m2/repository/commons-jxpath/commons-jxpath/1.3/commons-jxpath-1.3.jar:/home/tdurieux/.m2/repository/org/apache/maven/maven-model-builder/3.5.3-SNAPSHOT/maven-model-builder-3.5.3-SNAPSHOT.jar:/home/tdurieux/.m2/repository/org/sonatype/plexus/plexus-sec-dispatcher/1.4/plexus-sec-dispatcher-1.4.jar:/home/tdurieux/.m2/repository/ch/qos/logback/logback-classic/1.2.1/logback-classic-1.2.1.jar:/home/tdurieux/.m2/repository/org/apache/maven/maven-builder-support/3.5.3-SNAPSHOT/maven-builder-support-3.5.3-SNAPSHOT.jar:/home/tdurieux/.m2/repository/com/google/inject/guice/4.0/guice-4.0-no_aop.jar:/home/tdurieux/.m2/repository/org/slf4j/slf4j-api/1.7.25/slf4j-api-1.7.25.jar:/home/tdurieux/.m2/repository/org/fusesource/jansi/jansi/1.16/jansi-1.16.jar:/home/tdurieux/.m2/repository/org/hamcrest/hamcrest-core/1.3/hamcrest-core-1.3.jar:/home/tdurieux/.m2/repository/org/slf4j/jcl-over-slf4j/1.7.25/jcl-over-slf4j-1.7.25.jar:/home/tdurieux/.m2/repository/org/apache/maven/maven-artifact/3.5.3-SNAPSHOT/maven-artifact-3.5.3-SNAPSHOT.jar:/home/tdurieux/.m2/repository/org/hamcrest/hamcrest-core/1.1/hamcrest-core-1.1.jar:/home/tdurieux/.m2/repository/commons-io/commons-io/2.5/commons-io-2.5.jar:/home/tdurieux/.m2/repository/junit/junit/4.12/junit-4.12.jar:/home/tdurieux/.m2/repository/com/google/guava/guava/20.0/guava-20.0.jar:/home/tdurieux/.m2/repository/org/apache/maven/maven-slf4j-provider/3.5.3-SNAPSHOT/maven-slf4j-provider-3.5.3-SNAPSHOT.jar:/home/tdurieux/.m2/repository/org/apache/maven/wagon/wagon-http/2.12/wagon-http-2.12-shaded.jar:/home/tdurieux/.m2/repository/org/slf4j/slf4j-simple/1.7.25/slf4j-simple-1.7.25.jar:/home/tdurieux/.m2/repository/org/apache/maven/resolver/maven-resolver-connector-basic/1.1.0/maven-resolver-connector-basic-1.1.0.jar:/home/tdurieux/.m2/repository/javax/enterprise/cdi-api/1.0/cdi-api-1.0.jar;
	echo "\n\nNode: `hostname`\n";
	echo "\n\nDate: `date`\n";
Picked up JAVA_TOOL_OPTIONS: -Dfile.encoding=UTF8 -Duser.language=en-US -Duser.country=US -Duser.language=en
TernarySplitter  in 57ms
return (value != null) && (value.contains("${"))
return (value != null) && (value.contains("${project."))
return ((((os.getArch()) != null) || ((os.getFamily()) != null)) || ((os.getName()) != null)) || ((os.getVersion()) != null)
return ((((os.getArch()) != null) || ((os.getFamily()) != null)) || ((os.getName()) != null)) || ((os.getVersion()) != null)
return ((((os.getArch()) != null) || ((os.getFamily()) != null)) || ((os.getName()) != null)) || ((os.getVersion()) != null)
return ((((os.getArch()) != null) || ((os.getFamily()) != null)) || ((os.getName()) != null)) || ((os.getVersion()) != null)
return (activation != null) && (activation.isActiveByDefault())
Model model = ((data.getModel()) != null) ? data.getModel().clone() : null
return data != null ? data.clone() : null
return (value == null) || (Boolean.parseBoolean(value.toString()))
return (((message != null) && ((groupId == null) || (message.contains(groupId)))) && ((artifactId == null) || (message.contains(artifactId)))) && ((version == null) || (message.contains(version)))
return (((message != null) && ((groupId == null) || (message.contains(groupId)))) && ((artifactId == null) || (message.contains(artifactId)))) && ((version == null) || (message.contains(version)))
return (((message != null) && ((groupId == null) || (message.contains(groupId)))) && ((artifactId == null) || (message.contains(artifactId)))) && ((version == null) || (message.contains(version)))
return (((message != null) && ((groupId == null) || (message.contains(groupId)))) && ((artifactId == null) || (message.contains(artifactId)))) && ((version == null) || (message.contains(version)))
this(time, (properties != null ? properties.getProperty(MavenBuildTimestamp.BUILD_TIMESTAMP_FORMAT_PROPERTY) : null))
CheckNotNull  in 471ms
ForceNullInit in 59ms
AddImplicitCastChecker --> 0 in 68ms
currentData.setGroupId(((npe_invocation_var24.getGroupId()) == null ? parentData.getGroupId() : currentData.getRawModel().getGroupId()))-->currentData.getRawModel().getGroupId()
java.lang.IndexOutOfBoundsException: Index: -1, Size: 9
	at java.util.ArrayList.rangeCheckForAdd(ArrayList.java:665)
	at java.util.ArrayList.add(ArrayList.java:477)
	at spoon.support.reflect.code.CtStatementImpl$InsertType$1.insertFromFirstStatement(CtStatementImpl.java:185)
	at spoon.support.reflect.code.CtStatementImpl$InsertVisitor.visitCtBlock(CtStatementImpl.java:102)
	at spoon.support.reflect.code.CtBlockImpl.accept(CtBlockImpl.java:48)
	at spoon.reflect.visitor.CtInheritanceScanner.scan(CtInheritanceScanner.java:173)
	at spoon.support.reflect.code.CtStatementImpl.insertBefore(CtStatementImpl.java:84)
	at spoon.support.reflect.code.CtStatementImpl.insertBefore(CtStatementImpl.java:66)
	at spoon.support.reflect.code.CtInvocationImpl.insertBefore(CtInvocationImpl.java:108)
	at fr.inria.spirals.npefix.transformer.processors.BeforeDerefAdder.extractInvocations(BeforeDerefAdder.java:378)
	at fr.inria.spirals.npefix.transformer.processors.BeforeDerefAdder.process(BeforeDerefAdder.java:184)
	at fr.inria.spirals.npefix.transformer.processors.BeforeDerefAdder.process(BeforeDerefAdder.java:60)
	at spoon.support.visitor.ProcessingVisitor.scan(ProcessingVisitor.java:81)
	at spoon.reflect.visitor.CtScanner.scan(CtScanner.java:157)
	at spoon.reflect.visitor.CtScanner.scan(CtScanner.java:141)
	at spoon.reflect.visitor.CtScanner.visitCtInvocation(CtScanner.java:496)
	at spoon.support.reflect.code.CtInvocationImpl.accept(CtInvocationImpl.java:56)
	at spoon.reflect.visitor.CtScanner.scan(CtScanner.java:165)
	at spoon.support.visitor.ProcessingVisitor.scan(ProcessingVisitor.java:77)
	at spoon.reflect.visitor.CtScanner.scan(CtScanner.java:157)
	at spoon.reflect.visitor.CtScanner.scan(CtScanner.java:141)
	at spoon.reflect.visitor.CtScanner.visitCtBlock(CtScanner.java:291)
	at spoon.support.reflect.code.CtBlockImpl.accept(CtBlockImpl.java:48)
	at spoon.reflect.visitor.CtScanner.scan(CtScanner.java:165)
	at spoon.support.visitor.ProcessingVisitor.scan(ProcessingVisitor.java:77)
	at spoon.reflect.visitor.CtScanner.scan(CtScanner.java:157)
	at spoon.reflect.visitor.CtScanner.visitCtIf(CtScanner.java:475)
	at spoon.support.reflect.code.CtIfImpl.accept(CtIfImpl.java:46)
	at spoon.reflect.visitor.CtScanner.scan(CtScanner.java:165)
	at spoon.support.visitor.ProcessingVisitor.scan(ProcessingVisitor.java:77)
	at spoon.reflect.visitor.CtScanner.scan(CtScanner.java:157)
	at spoon.reflect.visitor.CtScanner.scan(CtScanner.java:141)
	at spoon.reflect.visitor.CtScanner.visitCtBlock(CtScanner.java:291)
	at spoon.support.reflect.code.CtBlockImpl.accept(CtBlockImpl.java:48)
	at spoon.reflect.visitor.CtScanner.scan(CtScanner.java:165)
	at spoon.support.visitor.ProcessingVisitor.scan(ProcessingVisitor.java:77)
	at spoon.reflect.visitor.CtScanner.scan(CtScanner.java:157)
	at spoon.reflect.visitor.CtScanner.visitCtIf(CtScanner.java:474)
	at spoon.support.reflect.code.CtIfImpl.accept(CtIfImpl.java:46)
	at spoon.reflect.visitor.CtScanner.scan(CtScanner.java:165)
	at spoon.support.visitor.ProcessingVisitor.scan(ProcessingVisitor.java:77)
	at spoon.reflect.visitor.CtScanner.scan(CtScanner.java:157)
	at spoon.reflect.visitor.CtScanner.scan(CtScanner.java:141)
	at spoon.reflect.visitor.CtScanner.visitCtBlock(CtScanner.java:291)
	at spoon.support.reflect.code.CtBlockImpl.accept(CtBlockImpl.java:48)
	at spoon.reflect.visitor.CtScanner.scan(CtScanner.java:165)
	at spoon.support.visitor.ProcessingVisitor.scan(ProcessingVisitor.java:77)
	at spoon.reflect.visitor.CtScanner.scan(CtScanner.java:157)
	at spoon.reflect.visitor.CtScanner.visitCtIf(CtScanner.java:475)
	at spoon.support.reflect.code.CtIfImpl.accept(CtIfImpl.java:46)
	at spoon.reflect.visitor.CtScanner.scan(CtScanner.java:165)
	at spoon.support.visitor.ProcessingVisitor.scan(ProcessingVisitor.java:77)
	at spoon.reflect.visitor.CtScanner.scan(CtScanner.java:157)
	at spoon.reflect.visitor.CtScanner.scan(CtScanner.java:141)
	at spoon.reflect.visitor.CtScanner.visitCtBlock(CtScanner.java:291)
	at spoon.support.reflect.code.CtBlockImpl.accept(CtBlockImpl.java:48)
	at spoon.reflect.visitor.CtScanner.scan(CtScanner.java:165)
	at spoon.support.visitor.ProcessingVisitor.scan(ProcessingVisitor.java:77)
	at spoon.reflect.visitor.CtScanner.scan(CtScanner.java:157)
	at spoon.reflect.visitor.CtScanner.visitCtFor(CtScanner.java:455)
	at spoon.support.reflect.code.CtForImpl.accept(CtForImpl.java:50)
	at spoon.reflect.visitor.CtScanner.scan(CtScanner.java:165)
	at spoon.support.visitor.ProcessingVisitor.scan(ProcessingVisitor.java:77)
	at spoon.reflect.visitor.CtScanner.scan(CtScanner.java:157)
	at spoon.reflect.visitor.CtScanner.scan(CtScanner.java:141)
	at spoon.reflect.visitor.CtScanner.visitCtBlock(CtScanner.java:291)
	at spoon.support.reflect.code.CtBlockImpl.accept(CtBlockImpl.java:48)
	at spoon.reflect.visitor.CtScanner.scan(CtScanner.java:165)
	at spoon.support.visitor.ProcessingVisitor.scan(ProcessingVisitor.java:77)
	at spoon.reflect.visitor.CtScanner.scan(CtScanner.java:157)
	at spoon.reflect.visitor.CtScanner.visitCtMethod(CtScanner.java:549)
	at spoon.support.reflect.declaration.CtMethodImpl.accept(CtMethodImpl.java:70)
	at spoon.reflect.visitor.CtScanner.scan(CtScanner.java:165)
	at spoon.support.visitor.ProcessingVisitor.scan(ProcessingVisitor.java:77)
	at spoon.reflect.visitor.CtScanner.scan(CtScanner.java:157)
	at spoon.reflect.visitor.CtScanner.scan(CtScanner.java:141)
	at spoon.reflect.visitor.CtScanner.visitCtClass(CtScanner.java:327)
	at spoon.support.reflect.declaration.CtClassImpl.accept(CtClassImpl.java:68)
	at spoon.reflect.visitor.CtScanner.scan(CtScanner.java:165)
	at spoon.support.visitor.ProcessingVisitor.scan(ProcessingVisitor.java:77)
	at spoon.support.QueueProcessingManager.process(QueueProcessingManager.java:119)
	at fr.inria.spirals.npefix.main.all.Launcher.instrument(Launcher.java:105)
	at fr.inria.spirals.npefix.main.run.Main.run(Main.java:61)
	at fr.inria.spirals.npefix.main.run.Main.main(Main.java:48)
currentData.setVersion(((npe_invocation_var25.getVersion()) == null ? parentData.getVersion() : currentData.getRawModel().getVersion()))-->currentData.getRawModel().getVersion()
java.lang.IndexOutOfBoundsException: Index: -1, Size: 10
	at java.util.ArrayList.rangeCheckForAdd(ArrayList.java:665)
	at java.util.ArrayList.add(ArrayList.java:477)
	at spoon.support.reflect.code.CtStatementImpl$InsertType$1.insertFromFirstStatement(CtStatementImpl.java:185)
	at spoon.support.reflect.code.CtStatementImpl$InsertVisitor.visitCtBlock(CtStatementImpl.java:102)
	at spoon.support.reflect.code.CtBlockImpl.accept(CtBlockImpl.java:48)
	at spoon.reflect.visitor.CtInheritanceScanner.scan(CtInheritanceScanner.java:173)
	at spoon.support.reflect.code.CtStatementImpl.insertBefore(CtStatementImpl.java:84)
	at spoon.support.reflect.code.CtStatementImpl.insertBefore(CtStatementImpl.java:66)
	at spoon.support.reflect.code.CtInvocationImpl.insertBefore(CtInvocationImpl.java:108)
	at fr.inria.spirals.npefix.transformer.processors.BeforeDerefAdder.extractInvocations(BeforeDerefAdder.java:378)
	at fr.inria.spirals.npefix.transformer.processors.BeforeDerefAdder.process(BeforeDerefAdder.java:184)
	at fr.inria.spirals.npefix.transformer.processors.BeforeDerefAdder.process(BeforeDerefAdder.java:60)
	at spoon.support.visitor.ProcessingVisitor.scan(ProcessingVisitor.java:81)
	at spoon.reflect.visitor.CtScanner.scan(CtScanner.java:157)
	at spoon.reflect.visitor.CtScanner.scan(CtScanner.java:141)
	at spoon.reflect.visitor.CtScanner.visitCtInvocation(CtScanner.java:496)
	at spoon.support.reflect.code.CtInvocationImpl.accept(CtInvocationImpl.java:56)
	at spoon.reflect.visitor.CtScanner.scan(CtScanner.java:165)
	at spoon.support.visitor.ProcessingVisitor.scan(ProcessingVisitor.java:77)
	at spoon.reflect.visitor.CtScanner.scan(CtScanner.java:157)
	at spoon.reflect.visitor.CtScanner.scan(CtScanner.java:141)
	at spoon.reflect.visitor.CtScanner.visitCtBlock(CtScanner.java:291)
	at spoon.support.reflect.code.CtBlockImpl.accept(CtBlockImpl.java:48)
	at spoon.reflect.visitor.CtScanner.scan(CtScanner.java:165)
	at spoon.support.visitor.ProcessingVisitor.scan(ProcessingVisitor.java:77)
	at spoon.reflect.visitor.CtScanner.scan(CtScanner.java:157)
	at spoon.reflect.visitor.CtScanner.visitCtIf(CtScanner.java:475)
	at spoon.support.reflect.code.CtIfImpl.accept(CtIfImpl.java:46)
	at spoon.reflect.visitor.CtScanner.scan(CtScanner.java:165)
	at spoon.support.visitor.ProcessingVisitor.scan(ProcessingVisitor.java:77)
	at spoon.reflect.visitor.CtScanner.scan(CtScanner.java:157)
	at spoon.reflect.visitor.CtScanner.scan(CtScanner.java:141)
	at spoon.reflect.visitor.CtScanner.visitCtBlock(CtScanner.java:291)
	at spoon.support.reflect.code.CtBlockImpl.accept(CtBlockImpl.java:48)
	at spoon.reflect.visitor.CtScanner.scan(CtScanner.java:165)
	at spoon.support.visitor.ProcessingVisitor.scan(ProcessingVisitor.java:77)
	at spoon.reflect.visitor.CtScanner.scan(CtScanner.java:157)
	at spoon.reflect.visitor.CtScanner.visitCtIf(CtScanner.java:474)
	at spoon.support.reflect.code.CtIfImpl.accept(CtIfImpl.java:46)
	at spoon.reflect.visitor.CtScanner.scan(CtScanner.java:165)
	at spoon.support.visitor.ProcessingVisitor.scan(ProcessingVisitor.java:77)
	at spoon.reflect.visitor.CtScanner.scan(CtScanner.java:157)
	at spoon.reflect.visitor.CtScanner.scan(CtScanner.java:141)
	at spoon.reflect.visitor.CtScanner.visitCtBlock(CtScanner.java:291)
	at spoon.support.reflect.code.CtBlockImpl.accept(CtBlockImpl.java:48)
	at spoon.reflect.visitor.CtScanner.scan(CtScanner.java:165)
	at spoon.support.visitor.ProcessingVisitor.scan(ProcessingVisitor.java:77)
	at spoon.reflect.visitor.CtScanner.scan(CtScanner.java:157)
	at spoon.reflect.visitor.CtScanner.visitCtIf(CtScanner.java:475)
	at spoon.support.reflect.code.CtIfImpl.accept(CtIfImpl.java:46)
	at spoon.reflect.visitor.CtScanner.scan(CtScanner.java:165)
	at spoon.support.visitor.ProcessingVisitor.scan(ProcessingVisitor.java:77)
	at spoon.reflect.visitor.CtScanner.scan(CtScanner.java:157)
	at spoon.reflect.visitor.CtScanner.scan(CtScanner.java:141)
	at spoon.reflect.visitor.CtScanner.visitCtBlock(CtScanner.java:291)
	at spoon.support.reflect.code.CtBlockImpl.accept(CtBlockImpl.java:48)
	at spoon.reflect.visitor.CtScanner.scan(CtScanner.java:165)
	at spoon.support.visitor.ProcessingVisitor.scan(ProcessingVisitor.java:77)
	at spoon.reflect.visitor.CtScanner.scan(CtScanner.java:157)
	at spoon.reflect.visitor.CtScanner.visitCtFor(CtScanner.java:455)
	at spoon.support.reflect.code.CtForImpl.accept(CtForImpl.java:50)
	at spoon.reflect.visitor.CtScanner.scan(CtScanner.java:165)
	at spoon.support.visitor.ProcessingVisitor.scan(ProcessingVisitor.java:77)
	at spoon.reflect.visitor.CtScanner.scan(CtScanner.java:157)
	at spoon.reflect.visitor.CtScanner.scan(CtScanner.java:141)
	at spoon.reflect.visitor.CtScanner.visitCtBlock(CtScanner.java:291)
	at spoon.support.reflect.code.CtBlockImpl.accept(CtBlockImpl.java:48)
	at spoon.reflect.visitor.CtScanner.scan(CtScanner.java:165)
	at spoon.support.visitor.ProcessingVisitor.scan(ProcessingVisitor.java:77)
	at spoon.reflect.visitor.CtScanner.scan(CtScanner.java:157)
	at spoon.reflect.visitor.CtScanner.visitCtMethod(CtScanner.java:549)
	at spoon.support.reflect.declaration.CtMethodImpl.accept(CtMethodImpl.java:70)
	at spoon.reflect.visitor.CtScanner.scan(CtScanner.java:165)
	at spoon.support.visitor.ProcessingVisitor.scan(ProcessingVisitor.java:77)
	at spoon.reflect.visitor.CtScanner.scan(CtScanner.java:157)
	at spoon.reflect.visitor.CtScanner.scan(CtScanner.java:141)
	at spoon.reflect.visitor.CtScanner.visitCtClass(CtScanner.java:327)
	at spoon.support.reflect.declaration.CtClassImpl.accept(CtClassImpl.java:68)
	at spoon.reflect.visitor.CtScanner.scan(CtScanner.java:165)
	at spoon.support.visitor.ProcessingVisitor.scan(ProcessingVisitor.java:77)
	at spoon.support.QueueProcessingManager.process(QueueProcessingManager.java:119)
	at fr.inria.spirals.npefix.main.all.Launcher.instrument(Launcher.java:105)
	at fr.inria.spirals.npefix.main.run.Main.run(Main.java:61)
	at fr.inria.spirals.npefix.main.run.Main.main(Main.java:48)
BeforeDeref --> 1505 (failed:2) in 434ms
target--> 1697 (failed:0) in 631ms
TryRegister # Try: 27 in 66ms
Assign --> 557 (failed: 0) in 452ms
VarInit --> 232 in 434ms
MethodEncapsulation # Method: 575 in 542ms
ConstructorEncapsulation # Constructor: 42 in 161ms
VariableFor in 105ms
RMI Selector (Host: 127.0.0.1, Port: 10000): KO
org.apache.maven.model.profile.activation.JdkVersionProfileActivatorTest#testNullSafe
<No Strat> Status: Ko
org.apache.maven.model.profile.activation.JdkVersionProfileActivatorTest#testPrefix
<No Strat> Status: Ko
org.apache.maven.model.profile.activation.JdkVersionProfileActivatorTest#testVersionRangeInclusiveLowerBound
<No Strat> Status: Ko
org.apache.maven.model.profile.activation.JdkVersionProfileActivatorTest#testVersionRangeInclusiveBounds
<No Strat> Status: Ko
org.apache.maven.model.profile.activation.JdkVersionProfileActivatorTest#testVersionRangeExclusiveUpperBound
<No Strat> Status: Ko
org.apache.maven.model.profile.activation.JdkVersionProfileActivatorTest#testVersionRangeExclusiveBounds
<No Strat> Status: Ko
org.apache.maven.model.profile.activation.JdkVersionProfileActivatorTest#testPrefixNegated
<No Strat> Status: Ko
org.apache.maven.model.profile.activation.JdkVersionProfileActivatorTest#testNullSafe
<No Strat> Status: Ko
org.apache.maven.model.profile.activation.JdkVersionProfileActivatorTest#testPrefix
<No Strat> Status: Ko
org.apache.maven.model.profile.activation.JdkVersionProfileActivatorTest#testVersionRangeInclusiveLowerBound
<No Strat> Status: Ko
org.apache.maven.model.profile.activation.JdkVersionProfileActivatorTest#testVersionRangeInclusiveBounds
<No Strat> Status: Ko
org.apache.maven.model.profile.activation.JdkVersionProfileActivatorTest#testVersionRangeExclusiveUpperBound
<No Strat> Status: Ko
org.apache.maven.model.profile.activation.JdkVersionProfileActivatorTest#testVersionRangeExclusiveBounds
<No Strat> Status: Ko
org.apache.maven.model.profile.activation.JdkVersionProfileActivatorTest#testPrefixNegated
<No Strat> Status: Ko
org.apache.maven.model.profile.activation.JdkVersionProfileActivatorTest#testNullSafe
<No Strat> Status: Ko
org.apache.maven.model.profile.activation.JdkVersionProfileActivatorTest#testPrefix
<No Strat> Status: Ko
org.apache.maven.model.profile.activation.JdkVersionProfileActivatorTest#testVersionRangeInclusiveLowerBound
<No Strat> Status: Ko
org.apache.maven.model.profile.activation.JdkVersionProfileActivatorTest#testVersionRangeInclusiveBounds
<No Strat> Status: Ko
org.apache.maven.model.profile.activation.JdkVersionProfileActivatorTest#testVersionRangeExclusiveUpperBound
<No Strat> Status: Ko
org.apache.maven.model.profile.activation.JdkVersionProfileActivatorTest#testVersionRangeExclusiveBounds
<No Strat> Status: Ko
org.apache.maven.model.profile.activation.JdkVersionProfileActivatorTest#testPrefixNegated
<No Strat> Status: Ko
org.apache.maven.model.profile.activation.JdkVersionProfileActivatorTest#testNullSafe
<No Strat> Status: Ko
org.apache.maven.model.profile.activation.JdkVersionProfileActivatorTest#testPrefix
<No Strat> Status: Ko
org.apache.maven.model.profile.activation.JdkVersionProfileActivatorTest#testVersionRangeInclusiveLowerBound
<No Strat> Status: Ko
org.apache.maven.model.profile.activation.JdkVersionProfileActivatorTest#testVersionRangeInclusiveBounds
<No Strat> Status: Ko
org.apache.maven.model.profile.activation.JdkVersionProfileActivatorTest#testVersionRangeExclusiveUpperBound
<No Strat> Status: Ko
org.apache.maven.model.profile.activation.JdkVersionProfileActivatorTest#testVersionRangeExclusiveBounds
<No Strat> Status: Ko
org.apache.maven.model.profile.activation.JdkVersionProfileActivatorTest#testPrefixNegated
<No Strat> Status: Ko
org.apache.maven.model.profile.activation.JdkVersionProfileActivatorTest#testNullSafe
<No Strat> Status: Ko
org.apache.maven.model.profile.activation.JdkVersionProfileActivatorTest#testPrefix
<No Strat> Status: Ko
org.apache.maven.model.profile.activation.JdkVersionProfileActivatorTest#testVersionRangeInclusiveLowerBound
<No Strat> Status: Ko
org.apache.maven.model.profile.activation.JdkVersionProfileActivatorTest#testVersionRangeInclusiveBounds
<No Strat> Status: Ko
org.apache.maven.model.profile.activation.JdkVersionProfileActivatorTest#testVersionRangeExclusiveUpperBound
<No Strat> Status: Ko
org.apache.maven.model.profile.activation.JdkVersionProfileActivatorTest#testVersionRangeExclusiveBounds
<No Strat> Status: Ko
org.apache.maven.model.profile.activation.JdkVersionProfileActivatorTest#testPrefixNegated
<No Strat> Status: Ko
org.apache.maven.model.profile.activation.JdkVersionProfileActivatorTest#testNullSafe
<No Strat> Status: Ko
org.apache.maven.model.profile.activation.JdkVersionProfileActivatorTest#testPrefix
<No Strat> Status: Ko
org.apache.maven.model.profile.activation.JdkVersionProfileActivatorTest#testVersionRangeInclusiveLowerBound
<No Strat> Status: Ko
org.apache.maven.model.profile.activation.JdkVersionProfileActivatorTest#testVersionRangeInclusiveBounds
<No Strat> Status: Ko
org.apache.maven.model.profile.activation.JdkVersionProfileActivatorTest#testVersionRangeExclusiveUpperBound
<No Strat> Status: Ko
org.apache.maven.model.profile.activation.JdkVersionProfileActivatorTest#testVersionRangeExclusiveBounds
<No Strat> Status: Ko
org.apache.maven.model.profile.activation.JdkVersionProfileActivatorTest#testPrefixNegated
<No Strat> Status: Ko
75.90user 1.79system 0:17.94elapsed 433%CPU (0avgtext+0avgdata 1501232maxresident)k
26144inputs+5336outputs (25major+389707minor)pagefaults 0swaps


Node: petitprince-14.luxembourg.grid5000.fr



Date: Sat Dec 29 05:08:59 EST 2018

