debconf: unable to initialize frontend: Dialog
debconf: (Dialog frontend will not work on a dumb terminal, an emacs shell buffer, or without a controlling terminal.)
debconf: falling back to frontend: Readline
debconf: unable to initialize frontend: Readline
debconf: (This frontend requires a controlling tty.)
debconf: falling back to frontend: Teletype
dpkg-preconfigure: unable to re-open stdin: 
Traceback (most recent call last):
  File "/home/tdurieux/defects4j4repair/script/core/runner/local/LocalRunner.py", line 41, in run
    task.run()
  File "/home/tdurieux/defects4j4repair/script/core/runner/RepairTask.py", line 30, in run
    return self.tool.repair(self)
  File "/home/tdurieux/defects4j4repair/script/core/repair_tools/Arja.py", line 45, in repair
    classpath = bug.classpath()
  File "/home/tdurieux/defects4j4repair/script/core/Bug.py", line 59, in classpath
    return self.benchmark.classpath(self)
  File "/home/tdurieux/defects4j4repair/script/core/benchmarks/BugDotJar.py", line 166, in classpath
    failing_module = self.failing_module(bug)
  File "/home/tdurieux/defects4j4repair/script/core/benchmarks/BugDotJar.py", line 104, in failing_module
    path_failing_test = failing_tests[0].replace(".", "/") + ".java"
IndexError: list index out of range
