cd /tmp/jMutRepair_IntroClassJava_digits_0cea42f9680f35f5a84c724c396d4d588b65c303453f9585562f2e2af8db74f5096a83a70b17c5126538222b111a0795a34e9fb6db95d62d771d01592abe3ff6_000;
export JAVA_TOOL_OPTIONS="-Dfile.encoding=UTF8 -Duser.language=en-US -Duser.country=US -Duser.language=en";
TZ="America/New_York"; export TZ;
export PATH="/usr/lib/jvm/java-1.8.0-openjdk-amd64/bin/:$PATH";
export JAVA_HOME="/usr/lib/jvm/java-1.8.0-openjdk-amd64/bin/";
time java -Xmx4g -Xms1g -cp /home/tdurieux/defects4j4repair/script/../libs/jtestex7.jar:/home/tdurieux/defects4j4repair/script/../repair_tools/astor.jar fr.inria.main.evolution.AstorMain \
	-mode jMutRepair \
	-location . \
	-id digits-0cea42f9680f35f5a84c724c396d4d588b65c303453f9585562f2e2af8db74f5096a83a70b17c5126538222b111a0795a34e9fb6db95d62d771d01592abe3ff6_000 \
	-failing introclassJava.digits_0cea42f9_000BlackboxTest:introclassJava.digits_0cea42f9_000WhiteboxTest \
	-jvm4testexecution /home/tdurieux/openjdk-1.7.0/bin/ \
	-jvm4evosuitetestexecution /home/tdurieux/openjdk-1.7.0/bin/ \
	-maxgen 1000000 \
	-maxtime 120 \
	-stopfirst true \
	-seed 0 \
	-scope local \
	-population 1 \
	-javacompliancelevel 7 \
	-srcjavafolder src/main/java \
	-srctestfolder src/test/java \
	-binjavafolder target/classes \
	-bintestfolder target/test-classes \
	-parameters x:x \
	-dependencies /home/tdurieux/.m2/repository/junit/junit/4.11/junit-4.11.jar:/home/tdurieux/.m2/repository/org/hamcrest/hamcrest-core/1.3/hamcrest-core-1.3.jar;
	echo "\n\nNode: `hostname`\n";
	echo "\n\nDate: `date`\n";
Picked up JAVA_TOOL_OPTIONS: -Dfile.encoding=UTF8 -Duser.language=en-US -Duser.country=US -Duser.language=en
2018-12-07 22:54:27,744 INFO main - command line arguments: [-mode  jMutRepair  -location  .  -id  digits-0cea42f9680f35f5a84c724c396d4d588b65c303453f9585562f2e2af8db74f5096a83a70b17c5126538222b111a0795a34e9fb6db95d62d771d01592abe3ff6_000  -failing  introclassJava.digits_0cea42f9_000BlackboxTest:introclassJava.digits_0cea42f9_000WhiteboxTest  -jvm4testexecution  /home/tdurieux/openjdk-1.7.0/bin/  -jvm4evosuitetestexecution  /home/tdurieux/openjdk-1.7.0/bin/  -maxgen  1000000  -maxtime  120  -stopfirst  true  -seed  0  -scope  local  -population  1  -javacompliancelevel  7  -srcjavafolder  src/main/java  -srctestfolder  src/test/java  -binjavafolder  target/classes  -bintestfolder  target/test-classes  -parameters  x:x  -dependencies  /home/tdurieux/.m2/repository/junit/junit/4.11/junit-4.11.jar:/home/tdurieux/.m2/repository/org/hamcrest/hamcrest-core/1.3/hamcrest-core-1.3.jar]
2018-12-07 22:54:27,746 INFO fr.inria.main.evolution.AstorMain - Running Astor on a JDK at /usr/lib/jvm/java-8-openjdk-amd64/jre
[INFO ] fr.inria.main.AbstractMain.determineSourceFolders(AbstractMain.java:842) - Source folders: [/tmp/jMutRepair_IntroClassJava_digits_0cea42f9680f35f5a84c724c396d4d588b65c303453f9585562f2e2af8db74f5096a83a70b17c5126538222b111a0795a34e9fb6db95d62d771d01592abe3ff6_000/./src/main/java]
[INFO ] fr.inria.main.AbstractMain.determineSourceFolders(AbstractMain.java:861) - Source Test folders: [/tmp/jMutRepair_IntroClassJava_digits_0cea42f9680f35f5a84c724c396d4d588b65c303453f9585562f2e2af8db74f5096a83a70b17c5126538222b111a0795a34e9fb6db95d62d771d01592abe3ff6_000/./src/test/java]
[INFO ] fr.inria.astor.core.faultlocalization.gzoltar.GZoltarFaultLocalization.calculateSuspicious(GZoltarFaultLocalization.java:75) - -Executing Gzoltar classpath: /tmp/jMutRepair_IntroClassJava_digits_0cea42f9680f35f5a84c724c396d4d588b65c303453f9585562f2e2af8db74f5096a83a70b17c5126538222b111a0795a34e9fb6db95d62d771d01592abe3ff6_000/./output_astor/AstorMain-digits-0cea42f9680f35f5a84c724c396d4d588b65c303453f9585562f2e2af8db74f5096a83a70b17c5126538222b111a0795a34e9fb6db95d62d771d01592abe3ff6_000//bin//default from 2 classes with test cases
[INFO ] fr.inria.astor.core.faultlocalization.gzoltar.GZoltarFaultLocalization.searchSuspicious(GZoltarFaultLocalization.java:149) - Gzoltar fault localization: min susp value parameter: 0.1
[INFO ] fr.inria.astor.core.faultlocalization.gzoltar.GZoltarFaultLocalization.searchSuspicious(GZoltarFaultLocalization.java:169) - -gz-Adding classpath: [/tmp/jMutRepair_IntroClassJava_digits_0cea42f9680f35f5a84c724c396d4d588b65c303453f9585562f2e2af8db74f5096a83a70b17c5126538222b111a0795a34e9fb6db95d62d771d01592abe3ff6_000/./output_astor/AstorMain-digits-0cea42f9680f35f5a84c724c396d4d588b65c303453f9585562f2e2af8db74f5096a83a70b17c5126538222b111a0795a34e9fb6db95d62d771d01592abe3ff6_000//bin//default, /home/tdurieux/.m2/repository/junit/junit/4.11/junit-4.11.jar, /home/tdurieux/.m2/repository/org/hamcrest/hamcrest-core/1.3/hamcrest-core-1.3.jar]
[INFO ] fr.inria.astor.core.faultlocalization.gzoltar.GZoltarFaultLocalization.searchSuspicious(GZoltarFaultLocalization.java:206) - Test failt: introclassJava.digits_0cea42f9_000WhiteboxTest#test1
[INFO ] fr.inria.astor.core.faultlocalization.gzoltar.GZoltarFaultLocalization.searchSuspicious(GZoltarFaultLocalization.java:206) - Test failt: introclassJava.digits_0cea42f9_000BlackboxTest#test2
[INFO ] fr.inria.astor.core.faultlocalization.gzoltar.GZoltarFaultLocalization.searchSuspicious(GZoltarFaultLocalization.java:218) - Gzoltar Test Result Total:16, fails: 2, GZoltar suspicious 8, with positive susp 8
[INFO ] fr.inria.astor.core.faultlocalization.gzoltar.GZoltarFaultLocalization.searchSuspicious(GZoltarFaultLocalization.java:226) - nr test results 16
[INFO ] fr.inria.astor.core.faultlocalization.gzoltar.GZoltarFaultLocalization.searchSuspicious(GZoltarFaultLocalization.java:271) - Gzoltar found: 8 with susp > 0.1, we consider: 8
[INFO ] fr.inria.astor.core.solutionsearch.AstorCoreEngine.initPopulation(AstorCoreEngine.java:689) - 
---- Creating spoon model
[INFO ] fr.inria.astor.core.solutionsearch.AstorCoreEngine.initModel(AstorCoreEngine.java:781) - Creating model,  Code location from working folder: /tmp/jMutRepair_IntroClassJava_digits_0cea42f9680f35f5a84c724c396d4d588b65c303453f9585562f2e2af8db74f5096a83a70b17c5126538222b111a0795a34e9fb6db95d62d771d01592abe3ff6_000/./output_astor/AstorMain-digits-0cea42f9680f35f5a84c724c396d4d588b65c303453f9585562f2e2af8db74f5096a83a70b17c5126538222b111a0795a34e9fb6db95d62d771d01592abe3ff6_000//src//default
[INFO ] fr.inria.astor.core.manipulation.MutationSupporter.buildModel(MutationSupporter.java:65) - building model: /tmp/jMutRepair_IntroClassJava_digits_0cea42f9680f35f5a84c724c396d4d588b65c303453f9585562f2e2af8db74f5096a83a70b17c5126538222b111a0795a34e9fb6db95d62d771d01592abe3ff6_000/./output_astor/AstorMain-digits-0cea42f9680f35f5a84c724c396d4d588b65c303453f9585562f2e2af8db74f5096a83a70b17c5126538222b111a0795a34e9fb6db95d62d771d01592abe3ff6_000//src//default, compliance level: 7
[INFO ] fr.inria.astor.core.manipulation.MutationSupporter.buildModel(MutationSupporter.java:78) - Classpath for building SpoonModel [/home/tdurieux/.m2/repository/junit/junit/4.11/junit-4.11.jar, /home/tdurieux/.m2/repository/org/hamcrest/hamcrest-core/1.3/hamcrest-core-1.3.jar]
[INFO ] fr.inria.astor.core.solutionsearch.AstorCoreEngine.initPopulation(AstorCoreEngine.java:693) - 
---- Initial suspicious size: 8
[INFO ] fr.inria.astor.core.solutionsearch.population.ProgramVariantFactory.createProgramInstance(ProgramVariantFactory.java:127) - Total suspicious from FL: 8,  0
[INFO ] fr.inria.astor.core.solutionsearch.population.ProgramVariantFactory.createProgramInstance(ProgramVariantFactory.java:136) - Total ModPoint created: 0
[INFO ] fr.inria.astor.core.solutionsearch.population.ProgramVariantFactory.createInitialPopulation(ProgramVariantFactory.java:82) - Creating program variant #1, [Variant id: 1, #gens: 0, #ops: 0, parent:-]
Exception in thread "main" java.lang.IllegalStateException: Variant without any modification point. It must have at least one.
	at fr.inria.astor.core.solutionsearch.AstorCoreEngine.initializePopulation(AstorCoreEngine.java:826)
	at fr.inria.astor.core.solutionsearch.AstorCoreEngine.initPopulation(AstorCoreEngine.java:694)
	at fr.inria.main.evolution.AstorMain.createEngine(AstorMain.java:127)
	at fr.inria.main.evolution.AstorMain.run(AstorMain.java:179)
	at fr.inria.main.evolution.AstorMain.execute(AstorMain.java:236)
	at fr.inria.main.evolution.AstorMain.main(AstorMain.java:210)
Command exited with non-zero status 1
5.86user 0.64system 0:04.96elapsed 131%CPU (0avgtext+0avgdata 338560maxresident)k
72624inputs+5248outputs (28major+105578minor)pagefaults 0swaps


Node: graphene-29.nancy.grid5000.fr



Date: Fri Dec  7 22:54:31 EST 2018

