cd /tmp/NPEFix_Bears_traccar-traccar_188473748-188474474;
export JAVA_TOOL_OPTIONS="-Dfile.encoding=UTF8 -Duser.language=en-US -Duser.country=US -Duser.language=en";
TZ="America/New_York"; export TZ;
export PATH="/usr/lib/jvm/java-1.8.0-openjdk-amd64/bin/:$PATH";
export JAVA_HOME="/usr/lib/jvm/java-1.8.0-openjdk-amd64/bin/";
time java -Xmx4g -Xms1g -cp /home/tdurieux/defects4j4repair/script/../repair_tools/npefix.jar fr.inria.spirals.npefix.main.run.Main \
    --test org.traccar.protocol.GoSafeProtocolDecoderTest \
    --iteration 100 \
	--complianceLevel 8 \
	--workingdirectory . \
	--source src \
	--classpath target/classes:target/test-classes:/home/tdurieux/.m2/repository/io/netty/netty/3.10.6.Final/netty-3.10.6.Final.jar:/home/tdurieux/.m2/repository/org/postgresql/postgresql/9.4.1212.jre7/postgresql-9.4.1212.jre7.jar:/home/tdurieux/.m2/repository/com/ning/async-http-client/1.9.40/async-http-client-1.9.40.jar:/home/tdurieux/.m2/repository/com/fasterxml/jackson/jaxrs/jackson-jaxrs-json-provider/2.5.4/jackson-jaxrs-json-provider-2.5.4.jar:/home/tdurieux/.m2/repository/org/eclipse/jetty/jetty-io/9.2.19.v20160908/jetty-io-9.2.19.v20160908.jar:/home/tdurieux/.m2/repository/javax/annotation/javax.annotation-api/1.2/javax.annotation-api-1.2.jar:/home/tdurieux/.m2/repository/org/apache/commons/commons-collections4/4.0/commons-collections4-4.0.jar:/home/tdurieux/.m2/repository/org/yaml/snakeyaml/1.17/snakeyaml-1.17.jar:/home/tdurieux/.m2/repository/org/slf4j/jcl-over-slf4j/1.7.12/jcl-over-slf4j-1.7.12.jar:/home/tdurieux/.m2/repository/stax/stax-api/1.0.1/stax-api-1.0.1.jar:/home/tdurieux/.m2/repository/org/glassfish/jersey/bundles/repackaged/jersey-guava/2.24/jersey-guava-2.24.jar:/home/tdurieux/.m2/repository/org/apache/poi/poi/3.14/poi-3.14.jar:/home/tdurieux/.m2/repository/org/glassfish/jersey/containers/jersey-container-servlet/2.24/jersey-container-servlet-2.24.jar:/home/tdurieux/.m2/repository/org/osgi/org.osgi.core/4.3.1/org.osgi.core-4.3.1.jar:/home/tdurieux/.m2/repository/org/apache/commons/commons-lang3/3.3.2/commons-lang3-3.3.2.jar:/home/tdurieux/.m2/repository/org/apache/commons/commons-jexl/2.1.1/commons-jexl-2.1.1.jar:/home/tdurieux/.m2/repository/org/glassfish/jersey/containers/jersey-container-servlet-core/2.24/jersey-container-servlet-core-2.24.jar:/home/tdurieux/.m2/repository/org/eclipse/jetty/websocket/websocket-common/9.2.19.v20160908/websocket-common-9.2.19.v20160908.jar:/home/tdurieux/.m2/repository/org/glassfish/jersey/core/jersey-client/2.24/jersey-client-2.24.jar:/home/tdurieux/.m2/repository/org/javassist/javassist/3.20.0-GA/javassist-3.20.0-GA.jar:/home/tdurieux/.m2/repository/commons-beanutils/commons-beanutils/1.9.2/commons-beanutils-1.9.2.jar:/home/tdurieux/.m2/repository/org/glassfish/jersey/core/jersey-server/2.24/jersey-server-2.24.jar:/home/tdurieux/.m2/repository/com/fasterxml/jackson/jaxrs/jackson-jaxrs-base/2.5.4/jackson-jaxrs-base-2.5.4.jar:/home/tdurieux/.m2/repository/org/eclipse/jetty/jetty-xml/9.2.19.v20160908/jetty-xml-9.2.19.v20160908.jar:/home/tdurieux/.m2/repository/com/fasterxml/jackson/module/jackson-module-jaxb-annotations/2.5.4/jackson-module-jaxb-annotations-2.5.4.jar:/home/tdurieux/.m2/repository/org/eclipse/jetty/websocket/websocket-api/9.2.19.v20160908/websocket-api-9.2.19.v20160908.jar:/home/tdurieux/.m2/repository/org/eclipse/jetty/jetty-http/9.2.19.v20160908/jetty-http-9.2.19.v20160908.jar:/home/tdurieux/.m2/repository/org/glassfish/jersey/media/jersey-media-json-jackson/2.24/jersey-media-json-jackson-2.24.jar:/home/tdurieux/.m2/repository/org/glassfish/javax.json/1.0.4/javax.json-1.0.4.jar:/home/tdurieux/.m2/repository/org/eclipse/jetty/jetty-util/9.2.19.v20160908/jetty-util-9.2.19.v20160908.jar:/home/tdurieux/.m2/repository/mysql/mysql-connector-java/5.1.40/mysql-connector-java-5.1.40.jar:/home/tdurieux/.m2/repository/com/microsoft/sqlserver/mssql-jdbc/6.1.0.jre7/mssql-jdbc-6.1.0.jre7.jar:/home/tdurieux/.m2/repository/org/glassfish/hk2/hk2-api/2.5.0-b05/hk2-api-2.5.0-b05.jar:/home/tdurieux/.m2/repository/org/liquibase/liquibase-core/3.5.3/liquibase-core-3.5.3.jar:/home/tdurieux/.m2/repository/javax/activation/activation/1.1/activation-1.1.jar:/home/tdurieux/.m2/repository/joda-time/joda-time/2.9.6/joda-time-2.9.6.jar:/home/tdurieux/.m2/repository/org/eclipse/jetty/jetty-security/9.2.19.v20160908/jetty-security-9.2.19.v20160908.jar:/home/tdurieux/.m2/repository/com/fasterxml/jackson/core/jackson-core/2.5.4/jackson-core-2.5.4.jar:/home/tdurieux/.m2/repository/commons-logging/commons-logging/1.1.1/commons-logging-1.1.1.jar:/home/tdurieux/.m2/repository/org/glassfish/jersey/media/jersey-media-jaxb/2.24/jersey-media-jaxb-2.24.jar:/home/tdurieux/.m2/repository/com/h2database/h2/1.4.193/h2-1.4.193.jar:/home/tdurieux/.m2/repository/org/apache/poi/poi-ooxml-schemas/3.14/poi-ooxml-schemas-3.14.jar:/home/tdurieux/.m2/repository/org/glassfish/hk2/external/javax.inject/2.5.0-b05/javax.inject-2.5.0-b05.jar:/home/tdurieux/.m2/repository/ch/qos/logback/logback-core/1.1.3/logback-core-1.1.3.jar:/home/tdurieux/.m2/repository/org/apache/xmlbeans/xmlbeans/2.6.0/xmlbeans-2.6.0.jar:/home/tdurieux/.m2/repository/com/fasterxml/jackson/core/jackson-databind/2.5.4/jackson-databind-2.5.4.jar:/home/tdurieux/.m2/repository/org/eclipse/jetty/jetty-server/9.2.19.v20160908/jetty-server-9.2.19.v20160908.jar:/home/tdurieux/.m2/repository/javax/ws/rs/javax.ws.rs-api/2.0.1/javax.ws.rs-api-2.0.1.jar:/home/tdurieux/.m2/repository/org/eclipse/jetty/jetty-jndi/9.2.19.v20160908/jetty-jndi-9.2.19.v20160908.jar:/home/tdurieux/.m2/repository/org/glassfish/hk2/external/aopalliance-repackaged/2.5.0-b05/aopalliance-repackaged-2.5.0-b05.jar:/home/tdurieux/.m2/repository/org/jxls/jxls/2.3.0/jxls-2.3.0.jar:/home/tdurieux/.m2/repository/com/zaxxer/HikariCP-java7/2.4.9/HikariCP-java7-2.4.9.jar:/home/tdurieux/.m2/repository/org/codehaus/groovy/groovy-all/2.3.2/groovy-all-2.3.2.jar:/home/tdurieux/.m2/repository/javax/servlet/javax.servlet-api/3.1.0/javax.servlet-api-3.1.0.jar:/home/tdurieux/.m2/repository/org/jxls/jxls-poi/1.0.11/jxls-poi-1.0.11.jar:/home/tdurieux/.m2/repository/org/glassfish/hk2/osgi-resource-locator/1.0.1/osgi-resource-locator-1.0.1.jar:/home/tdurieux/.m2/repository/org/hamcrest/hamcrest-core/1.3/hamcrest-core-1.3.jar:/home/tdurieux/.m2/repository/org/eclipse/jetty/websocket/websocket-client/9.2.19.v20160908/websocket-client-9.2.19.v20160908.jar:/home/tdurieux/.m2/repository/org/eclipse/jetty/websocket/websocket-servlet/9.2.19.v20160908/websocket-servlet-9.2.19.v20160908.jar:/home/tdurieux/.m2/repository/org/slf4j/slf4j-api/1.7.21/slf4j-api-1.7.21.jar:/home/tdurieux/.m2/repository/org/glassfish/jersey/core/jersey-common/2.24/jersey-common-2.24.jar:/home/tdurieux/.m2/repository/org/mnode/ical4j/ical4j/2.0.0/ical4j-2.0.0.jar:/home/tdurieux/.m2/repository/org/glassfish/hk2/hk2-locator/2.5.0-b05/hk2-locator-2.5.0-b05.jar:/home/tdurieux/.m2/repository/com/github/virtuald/curvesapi/1.03/curvesapi-1.03.jar:/home/tdurieux/.m2/repository/org/eclipse/jetty/websocket/websocket-server/9.2.19.v20160908/websocket-server-9.2.19.v20160908.jar:/home/tdurieux/.m2/repository/org/apache/velocity/velocity/1.7/velocity-1.7.jar:/home/tdurieux/.m2/repository/commons-codec/commons-codec/1.9/commons-codec-1.9.jar:/home/tdurieux/.m2/repository/junit/junit/4.12/junit-4.12.jar:/home/tdurieux/.m2/repository/javax/validation/validation-api/1.1.0.Final/validation-api-1.1.0.Final.jar:/home/tdurieux/.m2/repository/org/slf4j/slf4j-simple/1.7.21/slf4j-simple-1.7.21.jar:/home/tdurieux/.m2/repository/org/glassfish/hk2/hk2-utils/2.5.0-b05/hk2-utils-2.5.0-b05.jar:/home/tdurieux/.m2/repository/org/eclipse/jetty/jetty-servlet/9.2.19.v20160908/jetty-servlet-9.2.19.v20160908.jar:/home/tdurieux/.m2/repository/org/eclipse/jetty/jetty-webapp/9.2.19.v20160908/jetty-webapp-9.2.19.v20160908.jar:/home/tdurieux/.m2/repository/javax/mail/mail/1.4.7/mail-1.4.7.jar:/home/tdurieux/.m2/repository/commons-lang/commons-lang/2.4/commons-lang-2.4.jar:/home/tdurieux/.m2/repository/log4j/log4j/1.2.17/log4j-1.2.17.jar:/home/tdurieux/.m2/repository/com/fasterxml/jackson/core/jackson-annotations/2.5.4/jackson-annotations-2.5.4.jar:/home/tdurieux/.m2/repository/org/apache/poi/poi-ooxml/3.14/poi-ooxml-3.14.jar:/home/tdurieux/.m2/repository/org/glassfish/jersey/ext/jersey-entity-filtering/2.24/jersey-entity-filtering-2.24.jar:/home/tdurieux/.m2/repository/biz/aQute/bnd/bndlib/2.3.0/bndlib-2.3.0.jar:/home/tdurieux/.m2/repository/commons-collections/commons-collections/3.2.1/commons-collections-3.2.1.jar;
	echo "\n\nNode: `hostname`\n";
	echo "\n\nDate: `date`\n";
Picked up JAVA_TOOL_OPTIONS: -Dfile.encoding=UTF8 -Duser.language=en-US -Duser.country=US -Duser.language=en
TernarySplitter  in 108ms
return (lastPosition == null) || ((position.getFixTime().compareTo(lastPosition.getFixTime())) >= 0)
return ((filterApproximate) && (approximate != null)) && approximate
return (properties.containsKey(key)) || (((defaultProperties) != null) && (defaultProperties.containsKey(key)))
CheckNotNull  in 532ms
ForceNullInit in 76ms
AddImplicitCastChecker --> 7 in 229ms
if ((value.charAt(0)) == 'W') {
    longitude = -longitude;
}-->(value.charAt(0))
java.lang.NullPointerException
	at fr.inria.spirals.npefix.transformer.processors.BeforeDerefAdder.process(BeforeDerefAdder.java:175)
	at fr.inria.spirals.npefix.transformer.processors.BeforeDerefAdder.process(BeforeDerefAdder.java:60)
	at spoon.support.visitor.ProcessingVisitor.scan(ProcessingVisitor.java:81)
	at spoon.reflect.visitor.CtScanner.scan(CtScanner.java:157)
	at spoon.reflect.visitor.CtScanner.visitCtBinaryOperator(CtScanner.java:282)
	at spoon.support.reflect.code.CtBinaryOperatorImpl.accept(CtBinaryOperatorImpl.java:44)
	at spoon.reflect.visitor.CtScanner.scan(CtScanner.java:165)
	at spoon.support.visitor.ProcessingVisitor.scan(ProcessingVisitor.java:77)
	at spoon.reflect.visitor.CtScanner.scan(CtScanner.java:157)
	at spoon.reflect.visitor.CtScanner.visitCtIf(CtScanner.java:473)
	at spoon.support.reflect.code.CtIfImpl.accept(CtIfImpl.java:46)
	at spoon.reflect.visitor.CtScanner.scan(CtScanner.java:165)
	at spoon.support.visitor.ProcessingVisitor.scan(ProcessingVisitor.java:77)
	at spoon.reflect.visitor.CtScanner.scan(CtScanner.java:157)
	at spoon.reflect.visitor.CtScanner.scan(CtScanner.java:141)
	at spoon.reflect.visitor.CtScanner.visitCtCase(CtScanner.java:307)
	at spoon.support.reflect.code.CtCaseImpl.accept(CtCaseImpl.java:49)
	at spoon.reflect.visitor.CtScanner.scan(CtScanner.java:165)
	at spoon.support.visitor.ProcessingVisitor.scan(ProcessingVisitor.java:77)
	at spoon.reflect.visitor.CtScanner.scan(CtScanner.java:157)
	at spoon.reflect.visitor.CtScanner.scan(CtScanner.java:141)
	at spoon.reflect.visitor.CtScanner.visitCtSwitch(CtScanner.java:687)
	at spoon.support.reflect.code.CtSwitchImpl.accept(CtSwitchImpl.java:45)
	at spoon.reflect.visitor.CtScanner.scan(CtScanner.java:165)
	at spoon.support.visitor.ProcessingVisitor.scan(ProcessingVisitor.java:77)
	at spoon.reflect.visitor.CtScanner.scan(CtScanner.java:157)
	at spoon.reflect.visitor.CtScanner.scan(CtScanner.java:141)
	at spoon.reflect.visitor.CtScanner.visitCtBlock(CtScanner.java:291)
	at spoon.support.reflect.code.CtBlockImpl.accept(CtBlockImpl.java:48)
	at spoon.reflect.visitor.CtScanner.scan(CtScanner.java:165)
	at spoon.support.visitor.ProcessingVisitor.scan(ProcessingVisitor.java:77)
	at spoon.reflect.visitor.CtScanner.scan(CtScanner.java:157)
	at spoon.reflect.visitor.CtScanner.visitCtFor(CtScanner.java:455)
	at spoon.support.reflect.code.CtForImpl.accept(CtForImpl.java:50)
	at spoon.reflect.visitor.CtScanner.scan(CtScanner.java:165)
	at spoon.support.visitor.ProcessingVisitor.scan(ProcessingVisitor.java:77)
	at spoon.reflect.visitor.CtScanner.scan(CtScanner.java:157)
	at spoon.reflect.visitor.CtScanner.scan(CtScanner.java:141)
	at spoon.reflect.visitor.CtScanner.visitCtBlock(CtScanner.java:291)
	at spoon.support.reflect.code.CtBlockImpl.accept(CtBlockImpl.java:48)
	at spoon.reflect.visitor.CtScanner.scan(CtScanner.java:165)
	at spoon.support.visitor.ProcessingVisitor.scan(ProcessingVisitor.java:77)
	at spoon.reflect.visitor.CtScanner.scan(CtScanner.java:157)
	at spoon.reflect.visitor.CtScanner.visitCtMethod(CtScanner.java:549)
	at spoon.support.reflect.declaration.CtMethodImpl.accept(CtMethodImpl.java:70)
	at spoon.reflect.visitor.CtScanner.scan(CtScanner.java:165)
	at spoon.support.visitor.ProcessingVisitor.scan(ProcessingVisitor.java:77)
	at spoon.reflect.visitor.CtScanner.scan(CtScanner.java:157)
	at spoon.reflect.visitor.CtScanner.scan(CtScanner.java:141)
	at spoon.reflect.visitor.CtScanner.visitCtClass(CtScanner.java:327)
	at spoon.support.reflect.declaration.CtClassImpl.accept(CtClassImpl.java:68)
	at spoon.reflect.visitor.CtScanner.scan(CtScanner.java:165)
	at spoon.support.visitor.ProcessingVisitor.scan(ProcessingVisitor.java:77)
	at spoon.support.QueueProcessingManager.process(QueueProcessingManager.java:119)
	at fr.inria.spirals.npefix.main.all.Launcher.instrument(Launcher.java:105)
	at fr.inria.spirals.npefix.main.run.Main.run(Main.java:61)
	at fr.inria.spirals.npefix.main.run.Main.main(Main.java:48)
if ((value.charAt(0)) == 'S') {
    latitude = -latitude;
}-->(value.charAt(0))
java.lang.NullPointerException
	at fr.inria.spirals.npefix.transformer.processors.BeforeDerefAdder.process(BeforeDerefAdder.java:175)
	at fr.inria.spirals.npefix.transformer.processors.BeforeDerefAdder.process(BeforeDerefAdder.java:60)
	at spoon.support.visitor.ProcessingVisitor.scan(ProcessingVisitor.java:81)
	at spoon.reflect.visitor.CtScanner.scan(CtScanner.java:157)
	at spoon.reflect.visitor.CtScanner.visitCtBinaryOperator(CtScanner.java:282)
	at spoon.support.reflect.code.CtBinaryOperatorImpl.accept(CtBinaryOperatorImpl.java:44)
	at spoon.reflect.visitor.CtScanner.scan(CtScanner.java:165)
	at spoon.support.visitor.ProcessingVisitor.scan(ProcessingVisitor.java:77)
	at spoon.reflect.visitor.CtScanner.scan(CtScanner.java:157)
	at spoon.reflect.visitor.CtScanner.visitCtIf(CtScanner.java:473)
	at spoon.support.reflect.code.CtIfImpl.accept(CtIfImpl.java:46)
	at spoon.reflect.visitor.CtScanner.scan(CtScanner.java:165)
	at spoon.support.visitor.ProcessingVisitor.scan(ProcessingVisitor.java:77)
	at spoon.reflect.visitor.CtScanner.scan(CtScanner.java:157)
	at spoon.reflect.visitor.CtScanner.scan(CtScanner.java:141)
	at spoon.reflect.visitor.CtScanner.visitCtCase(CtScanner.java:307)
	at spoon.support.reflect.code.CtCaseImpl.accept(CtCaseImpl.java:49)
	at spoon.reflect.visitor.CtScanner.scan(CtScanner.java:165)
	at spoon.support.visitor.ProcessingVisitor.scan(ProcessingVisitor.java:77)
	at spoon.reflect.visitor.CtScanner.scan(CtScanner.java:157)
	at spoon.reflect.visitor.CtScanner.scan(CtScanner.java:141)
	at spoon.reflect.visitor.CtScanner.visitCtSwitch(CtScanner.java:687)
	at spoon.support.reflect.code.CtSwitchImpl.accept(CtSwitchImpl.java:45)
	at spoon.reflect.visitor.CtScanner.scan(CtScanner.java:165)
	at spoon.support.visitor.ProcessingVisitor.scan(ProcessingVisitor.java:77)
	at spoon.reflect.visitor.CtScanner.scan(CtScanner.java:157)
	at spoon.reflect.visitor.CtScanner.scan(CtScanner.java:141)
	at spoon.reflect.visitor.CtScanner.visitCtBlock(CtScanner.java:291)
	at spoon.support.reflect.code.CtBlockImpl.accept(CtBlockImpl.java:48)
	at spoon.reflect.visitor.CtScanner.scan(CtScanner.java:165)
	at spoon.support.visitor.ProcessingVisitor.scan(ProcessingVisitor.java:77)
	at spoon.reflect.visitor.CtScanner.scan(CtScanner.java:157)
	at spoon.reflect.visitor.CtScanner.visitCtFor(CtScanner.java:455)
	at spoon.support.reflect.code.CtForImpl.accept(CtForImpl.java:50)
	at spoon.reflect.visitor.CtScanner.scan(CtScanner.java:165)
	at spoon.support.visitor.ProcessingVisitor.scan(ProcessingVisitor.java:77)
	at spoon.reflect.visitor.CtScanner.scan(CtScanner.java:157)
	at spoon.reflect.visitor.CtScanner.scan(CtScanner.java:141)
	at spoon.reflect.visitor.CtScanner.visitCtBlock(CtScanner.java:291)
	at spoon.support.reflect.code.CtBlockImpl.accept(CtBlockImpl.java:48)
	at spoon.reflect.visitor.CtScanner.scan(CtScanner.java:165)
	at spoon.support.visitor.ProcessingVisitor.scan(ProcessingVisitor.java:77)
	at spoon.reflect.visitor.CtScanner.scan(CtScanner.java:157)
	at spoon.reflect.visitor.CtScanner.visitCtMethod(CtScanner.java:549)
	at spoon.support.reflect.declaration.CtMethodImpl.accept(CtMethodImpl.java:70)
	at spoon.reflect.visitor.CtScanner.scan(CtScanner.java:165)
	at spoon.support.visitor.ProcessingVisitor.scan(ProcessingVisitor.java:77)
	at spoon.reflect.visitor.CtScanner.scan(CtScanner.java:157)
	at spoon.reflect.visitor.CtScanner.scan(CtScanner.java:141)
	at spoon.reflect.visitor.CtScanner.visitCtClass(CtScanner.java:327)
	at spoon.support.reflect.declaration.CtClassImpl.accept(CtClassImpl.java:68)
	at spoon.reflect.visitor.CtScanner.scan(CtScanner.java:165)
	at spoon.support.visitor.ProcessingVisitor.scan(ProcessingVisitor.java:77)
	at spoon.support.QueueProcessingManager.process(QueueProcessingManager.java:119)
	at fr.inria.spirals.npefix.main.all.Launcher.instrument(Launcher.java:105)
	at fr.inria.spirals.npefix.main.run.Main.run(Main.java:61)
	at fr.inria.spirals.npefix.main.run.Main.main(Main.java:48)
BeforeDeref --> 11950 (failed:2) in 1521ms
target--> 15132 (failed:0) in 5144ms
TryRegister # Try: 108 in 256ms
Assign --> 2101 (failed: 0) in 1050ms
VarInit --> 984 in 398ms
MethodEncapsulation # Method: 1661 in 1141ms
ConstructorEncapsulation # Constructor: 378 in 445ms
VariableFor in 383ms
spoon.compiler.ModelBuildingException: The import org.traccar.Context collides with another import statement at /tmp/NPEFix_Bears_traccar-traccar_188473748-188474474/SecurityRequestFilter.java:22
	at spoon.support.compiler.jdt.JDTBasedSpoonCompiler.report(JDTBasedSpoonCompiler.java:581)
	at spoon.support.compiler.jdt.JDTBasedSpoonCompiler.reportProblems(JDTBasedSpoonCompiler.java:562)
	at spoon.support.compiler.jdt.JDTBasedSpoonCompiler.compile(JDTBasedSpoonCompiler.java:157)
	at fr.inria.spirals.npefix.main.all.Launcher.instrument(Launcher.java:109)
	at fr.inria.spirals.npefix.main.run.Main.run(Main.java:61)
	at fr.inria.spirals.npefix.main.run.Main.main(Main.java:48)
Exception in thread "main" spoon.compiler.ModelBuildingException: The import org.traccar.Context collides with another import statement at /tmp/NPEFix_Bears_traccar-traccar_188473748-188474474/SecurityRequestFilter.java:22
	at spoon.support.compiler.jdt.JDTBasedSpoonCompiler.report(JDTBasedSpoonCompiler.java:581)
	at spoon.support.compiler.jdt.JDTBasedSpoonCompiler.reportProblems(JDTBasedSpoonCompiler.java:562)
	at spoon.support.compiler.jdt.JDTBasedSpoonCompiler.compile(JDTBasedSpoonCompiler.java:157)
	at fr.inria.spirals.npefix.main.all.Launcher.instrument(Launcher.java:109)
	at fr.inria.spirals.npefix.main.run.Main.run(Main.java:61)
	at fr.inria.spirals.npefix.main.run.Main.main(Main.java:48)
Command exited with non-zero status 1
96.87user 1.62system 0:31.06elapsed 317%CPU (0avgtext+0avgdata 1931180maxresident)k
23792inputs+25968outputs (4major+513582minor)pagefaults 0swaps


Node: grimoire-6.nancy.grid5000.fr



Date: Thu Dec 27 02:34:05 EST 2018

