cd /tmp/NPEFix_IntroClassJava_median_af81ffd4bc47e4f84cbf87051d82d15af14833eaba6c57ae82fc503a67eb939f3e6552182124605c38a77a6774f41fac2cc95082320ba5e29d303277c098c4ae_004;
export JAVA_TOOL_OPTIONS="-Dfile.encoding=UTF8 -Duser.language=en-US -Duser.country=US -Duser.language=en";
TZ="America/New_York"; export TZ;
export PATH="/usr/lib/jvm/java-1.8.0-openjdk-amd64/bin/:$PATH";
export JAVA_HOME="/usr/lib/jvm/java-1.8.0-openjdk-amd64/bin/";
time java -Xmx4g -Xms1g -cp /home/tdurieux/defects4j4repair/script/../repair_tools/npefix.jar fr.inria.spirals.npefix.main.run.Main \
    --test introclassJava.median_af81ffd4_004BlackboxTest:introclassJava.median_af81ffd4_004WhiteboxTest \
    --iteration 100 \
	--complianceLevel 7 \
	--workingdirectory . \
	--source src/main/java \
	--classpath target/classes:target/test-classes:/home/tdurieux/.m2/repository/junit/junit/4.11/junit-4.11.jar:/home/tdurieux/.m2/repository/org/hamcrest/hamcrest-core/1.3/hamcrest-core-1.3.jar;
	echo "\n\nNode: `hostname`\n";
	echo "\n\nDate: `date`\n";
Picked up JAVA_TOOL_OPTIONS: -Dfile.encoding=UTF8 -Duser.language=en-US -Duser.country=US -Duser.language=en
TernarySplitter  in 3ms
CheckNotNull  in 1ms
ForceNullInit in 32ms
AddImplicitCastChecker --> 0 in 5ms
BeforeDeref --> 41 (failed:0) in 23ms
target--> 41 (failed:0) in 76ms
TryRegister # Try: 0 in 2ms
Assign --> 18 (failed: 0) in 61ms
VarInit --> 8 in 5ms
MethodEncapsulation # Method: 2 in 50ms
ConstructorEncapsulation # Constructor: 10 in 12ms
VariableFor in 2ms
RMI Selector (Host: 127.0.0.1, Port: 10000): KO
introclassJava.median_af81ffd4_004WhiteboxTest#test1
<No Strat> Status: Ko
introclassJava.median_af81ffd4_004WhiteboxTest#test2
<No Strat> Status: Ok
introclassJava.median_af81ffd4_004WhiteboxTest#test3
<No Strat> Status: Ko
introclassJava.median_af81ffd4_004WhiteboxTest#test4
<No Strat> Status: Ko
introclassJava.median_af81ffd4_004WhiteboxTest#test5
<No Strat> Status: Ok
introclassJava.median_af81ffd4_004WhiteboxTest#test6
<No Strat> Status: Ok
introclassJava.median_af81ffd4_004BlackboxTest#test1
<No Strat> Status: Ok
introclassJava.median_af81ffd4_004BlackboxTest#test2
<No Strat> Status: Ok
introclassJava.median_af81ffd4_004BlackboxTest#test3
<No Strat> Status: Ok
introclassJava.median_af81ffd4_004BlackboxTest#test4
<No Strat> Status: Ok
introclassJava.median_af81ffd4_004BlackboxTest#test5
<No Strat> Status: Ok
introclassJava.median_af81ffd4_004BlackboxTest#test6
<No Strat> Status: Ok
introclassJava.median_af81ffd4_004BlackboxTest#test7
<No Strat> Status: Ko
Multirun 13/100 13%
introclassJava.median_af81ffd4_004WhiteboxTest#test1
<No Strat> Status: Ko
introclassJava.median_af81ffd4_004WhiteboxTest#test3
<No Strat> Status: Ko
introclassJava.median_af81ffd4_004WhiteboxTest#test4
<No Strat> Status: Ko
introclassJava.median_af81ffd4_004BlackboxTest#test7
<No Strat> Status: Ko
introclassJava.median_af81ffd4_004WhiteboxTest#test1
<No Strat> Status: Ko
introclassJava.median_af81ffd4_004WhiteboxTest#test3
<No Strat> Status: Ko
introclassJava.median_af81ffd4_004WhiteboxTest#test4
<No Strat> Status: Ko
introclassJava.median_af81ffd4_004BlackboxTest#test7
<No Strat> Status: Ko
introclassJava.median_af81ffd4_004WhiteboxTest#test1
<No Strat> Status: Ko
introclassJava.median_af81ffd4_004WhiteboxTest#test3
<No Strat> Status: Ko
introclassJava.median_af81ffd4_004WhiteboxTest#test4
<No Strat> Status: Ko
introclassJava.median_af81ffd4_004BlackboxTest#test7
<No Strat> Status: Ko
introclassJava.median_af81ffd4_004WhiteboxTest#test1
<No Strat> Status: Ko
introclassJava.median_af81ffd4_004WhiteboxTest#test3
<No Strat> Status: Ko
introclassJava.median_af81ffd4_004WhiteboxTest#test4
<No Strat> Status: Ko
introclassJava.median_af81ffd4_004BlackboxTest#test7
<No Strat> Status: Ko
introclassJava.median_af81ffd4_004WhiteboxTest#test1
<No Strat> Status: Ko
introclassJava.median_af81ffd4_004WhiteboxTest#test3
<No Strat> Status: Ko
introclassJava.median_af81ffd4_004WhiteboxTest#test4
<No Strat> Status: Ko
introclassJava.median_af81ffd4_004BlackboxTest#test7
<No Strat> Status: Ko
introclassJava.median_af81ffd4_004WhiteboxTest#test1
<No Strat> Status: Ko
introclassJava.median_af81ffd4_004WhiteboxTest#test3
<No Strat> Status: Ko
introclassJava.median_af81ffd4_004WhiteboxTest#test4
<No Strat> Status: Ko
introclassJava.median_af81ffd4_004BlackboxTest#test7
<No Strat> Status: Ko
5.25user 0.18system 0:02.72elapsed 199%CPU (0avgtext+0avgdata 234516maxresident)k
21456inputs+224outputs (1major+65065minor)pagefaults 0swaps


Node: graphene-22.nancy.grid5000.fr



Date: Thu Dec  6 03:42:08 EST 2018

