cd /tmp/NPEFix_IntroClassJava_median_68eb0bb00bcd06020ba4e5c5afbce504f5e7af9618c274197da7d50f668649a59f3eb961a718f5f67cc8731f9f5e2df46e511d083b2b5e785e9377c8f94e6ea5_000;
export JAVA_TOOL_OPTIONS="-Dfile.encoding=UTF8 -Duser.language=en-US -Duser.country=US -Duser.language=en";
TZ="America/New_York"; export TZ;
export PATH="/usr/lib/jvm/java-1.8.0-openjdk-amd64/bin/:$PATH";
export JAVA_HOME="/usr/lib/jvm/java-1.8.0-openjdk-amd64/bin/";
time java -Xmx4g -Xms1g -cp /home/tdurieux/defects4j4repair/script/../repair_tools/npefix.jar fr.inria.spirals.npefix.main.run.Main \
    --test introclassJava.median_68eb0bb0_000BlackboxTest:introclassJava.median_68eb0bb0_000WhiteboxTest \
    --iteration 100 \
	--complianceLevel 7 \
	--workingdirectory . \
	--source src/main/java \
	--classpath target/classes:target/test-classes:/home/tdurieux/.m2/repository/junit/junit/4.11/junit-4.11.jar:/home/tdurieux/.m2/repository/org/hamcrest/hamcrest-core/1.3/hamcrest-core-1.3.jar;
	echo "\n\nNode: `hostname`\n";
	echo "\n\nDate: `date`\n";
Picked up JAVA_TOOL_OPTIONS: -Dfile.encoding=UTF8 -Duser.language=en-US -Duser.country=US -Duser.language=en
TernarySplitter  in 4ms
CheckNotNull  in 1ms
ForceNullInit in 22ms
AddImplicitCastChecker --> 0 in 3ms
BeforeDeref --> 24 (failed:0) in 18ms
target--> 24 (failed:0) in 49ms
TryRegister # Try: 0 in 2ms
Assign --> 14 (failed: 0) in 50ms
VarInit --> 4 in 4ms
MethodEncapsulation # Method: 2 in 45ms
ConstructorEncapsulation # Constructor: 10 in 11ms
VariableFor in 2ms
RMI Selector (Host: 127.0.0.1, Port: 10000): KO
introclassJava.median_68eb0bb0_000WhiteboxTest#test2
<No Strat> Status: Ko
introclassJava.median_68eb0bb0_000WhiteboxTest#test3
<No Strat> Status: Ko
introclassJava.median_68eb0bb0_000WhiteboxTest#test4
<No Strat> Status: Ko
introclassJava.median_68eb0bb0_000WhiteboxTest#test5
<No Strat> Status: Ko
introclassJava.median_68eb0bb0_000WhiteboxTest#test6
<No Strat> Status: Ko
introclassJava.median_68eb0bb0_000WhiteboxTest#test1
<No Strat> Status: Ko
introclassJava.median_68eb0bb0_000BlackboxTest#test2
<No Strat> Status: Ko
introclassJava.median_68eb0bb0_000BlackboxTest#test3
<No Strat> Status: Ko
introclassJava.median_68eb0bb0_000BlackboxTest#test4
<No Strat> Status: Ko
introclassJava.median_68eb0bb0_000BlackboxTest#test5
<No Strat> Status: Ko
introclassJava.median_68eb0bb0_000BlackboxTest#test6
<No Strat> Status: Ko
introclassJava.median_68eb0bb0_000BlackboxTest#test7
<No Strat> Status: Ko
introclassJava.median_68eb0bb0_000BlackboxTest#test1
<No Strat> Status: Ko
introclassJava.median_68eb0bb0_000WhiteboxTest#test2
<No Strat> Status: Ko
introclassJava.median_68eb0bb0_000WhiteboxTest#test3
<No Strat> Status: Ko
introclassJava.median_68eb0bb0_000WhiteboxTest#test4
<No Strat> Status: Ko
introclassJava.median_68eb0bb0_000WhiteboxTest#test5
<No Strat> Status: Ko
introclassJava.median_68eb0bb0_000WhiteboxTest#test6
<No Strat> Status: Ko
introclassJava.median_68eb0bb0_000WhiteboxTest#test1
<No Strat> Status: Ko
introclassJava.median_68eb0bb0_000BlackboxTest#test2
<No Strat> Status: Ko
introclassJava.median_68eb0bb0_000BlackboxTest#test3
<No Strat> Status: Ko
introclassJava.median_68eb0bb0_000BlackboxTest#test4
<No Strat> Status: Ko
introclassJava.median_68eb0bb0_000BlackboxTest#test5
<No Strat> Status: Ko
introclassJava.median_68eb0bb0_000BlackboxTest#test6
<No Strat> Status: Ko
introclassJava.median_68eb0bb0_000BlackboxTest#test7
<No Strat> Status: Ko
introclassJava.median_68eb0bb0_000BlackboxTest#test1
<No Strat> Status: Ko
introclassJava.median_68eb0bb0_000WhiteboxTest#test2
<No Strat> Status: Ko
introclassJava.median_68eb0bb0_000WhiteboxTest#test3
<No Strat> Status: Ko
introclassJava.median_68eb0bb0_000WhiteboxTest#test4
<No Strat> Status: Ko
introclassJava.median_68eb0bb0_000WhiteboxTest#test5
<No Strat> Status: Ko
introclassJava.median_68eb0bb0_000WhiteboxTest#test6
<No Strat> Status: Ko
introclassJava.median_68eb0bb0_000WhiteboxTest#test1
<No Strat> Status: Ko
introclassJava.median_68eb0bb0_000BlackboxTest#test2
<No Strat> Status: Ko
introclassJava.median_68eb0bb0_000BlackboxTest#test3
<No Strat> Status: Ko
introclassJava.median_68eb0bb0_000BlackboxTest#test4
<No Strat> Status: Ko
introclassJava.median_68eb0bb0_000BlackboxTest#test5
<No Strat> Status: Ko
introclassJava.median_68eb0bb0_000BlackboxTest#test6
<No Strat> Status: Ko
introclassJava.median_68eb0bb0_000BlackboxTest#test7
<No Strat> Status: Ko
introclassJava.median_68eb0bb0_000BlackboxTest#test1
<No Strat> Status: Ko
introclassJava.median_68eb0bb0_000WhiteboxTest#test2
<No Strat> Status: Ko
introclassJava.median_68eb0bb0_000WhiteboxTest#test3
<No Strat> Status: Ko
introclassJava.median_68eb0bb0_000WhiteboxTest#test4
<No Strat> Status: Ko
introclassJava.median_68eb0bb0_000WhiteboxTest#test5
<No Strat> Status: Ko
introclassJava.median_68eb0bb0_000WhiteboxTest#test6
<No Strat> Status: Ko
introclassJava.median_68eb0bb0_000WhiteboxTest#test1
<No Strat> Status: Ko
introclassJava.median_68eb0bb0_000BlackboxTest#test2
<No Strat> Status: Ko
introclassJava.median_68eb0bb0_000BlackboxTest#test3
<No Strat> Status: Ko
introclassJava.median_68eb0bb0_000BlackboxTest#test4
<No Strat> Status: Ko
introclassJava.median_68eb0bb0_000BlackboxTest#test5
<No Strat> Status: Ko
introclassJava.median_68eb0bb0_000BlackboxTest#test6
<No Strat> Status: Ko
introclassJava.median_68eb0bb0_000BlackboxTest#test7
<No Strat> Status: Ko
introclassJava.median_68eb0bb0_000BlackboxTest#test1
<No Strat> Status: Ko
introclassJava.median_68eb0bb0_000WhiteboxTest#test2
<No Strat> Status: Ko
introclassJava.median_68eb0bb0_000WhiteboxTest#test3
<No Strat> Status: Ko
introclassJava.median_68eb0bb0_000WhiteboxTest#test4
<No Strat> Status: Ko
introclassJava.median_68eb0bb0_000WhiteboxTest#test5
<No Strat> Status: Ko
introclassJava.median_68eb0bb0_000WhiteboxTest#test6
<No Strat> Status: Ko
introclassJava.median_68eb0bb0_000WhiteboxTest#test1
<No Strat> Status: Ko
introclassJava.median_68eb0bb0_000BlackboxTest#test2
<No Strat> Status: Ko
introclassJava.median_68eb0bb0_000BlackboxTest#test3
<No Strat> Status: Ko
introclassJava.median_68eb0bb0_000BlackboxTest#test4
<No Strat> Status: Ko
introclassJava.median_68eb0bb0_000BlackboxTest#test5
<No Strat> Status: Ko
introclassJava.median_68eb0bb0_000BlackboxTest#test6
<No Strat> Status: Ko
introclassJava.median_68eb0bb0_000BlackboxTest#test7
<No Strat> Status: Ko
introclassJava.median_68eb0bb0_000BlackboxTest#test1
<No Strat> Status: Ko
introclassJava.median_68eb0bb0_000WhiteboxTest#test2
<No Strat> Status: Ko
introclassJava.median_68eb0bb0_000WhiteboxTest#test3
<No Strat> Status: Ko
introclassJava.median_68eb0bb0_000WhiteboxTest#test4
<No Strat> Status: Ko
introclassJava.median_68eb0bb0_000WhiteboxTest#test5
<No Strat> Status: Ko
introclassJava.median_68eb0bb0_000WhiteboxTest#test6
<No Strat> Status: Ko
introclassJava.median_68eb0bb0_000WhiteboxTest#test1
<No Strat> Status: Ko
introclassJava.median_68eb0bb0_000BlackboxTest#test2
<No Strat> Status: Ko
introclassJava.median_68eb0bb0_000BlackboxTest#test3
<No Strat> Status: Ko
introclassJava.median_68eb0bb0_000BlackboxTest#test4
<No Strat> Status: Ko
introclassJava.median_68eb0bb0_000BlackboxTest#test5
<No Strat> Status: Ko
introclassJava.median_68eb0bb0_000BlackboxTest#test6
<No Strat> Status: Ko
introclassJava.median_68eb0bb0_000BlackboxTest#test7
<No Strat> Status: Ko
introclassJava.median_68eb0bb0_000BlackboxTest#test1
<No Strat> Status: Ko
4.75user 0.19system 0:02.78elapsed 177%CPU (0avgtext+0avgdata 215208maxresident)k
20872inputs+208outputs (1major+56064minor)pagefaults 0swaps


Node: graphene-110.nancy.grid5000.fr



Date: Thu Dec  6 03:42:01 EST 2018

