cd /tmp/DynaMoth_IntroClassJava_digits_d120480a6e4bd3c4aa2ca882cf7c0aaa499d56c9c236aba6bea7aa935843da56c1ce494b71da9e2c2fd6016b05c84164bbd70867801caf480497fa51a3b78cb1_001;
export JAVA_TOOL_OPTIONS="-Dfile.encoding=UTF8 -Duser.language=en-US -Duser.country=US -Duser.language=en";
TZ="America/New_York"; export TZ;
export PATH="/usr/lib/jvm/java-1.8.0-openjdk-amd64/bin/:$PATH";
export JAVA_HOME="/usr/lib/jvm/java-1.8.0-openjdk-amd64/bin/";
time java -Xmx4048m -cp /home/tdurieux/RepairThemAll/script/../repair_tools/nopol.jar:/usr/lib/jvm/java-1.8.0-openjdk-amd64/bin//../lib/tools.jar fr.inria.lille.repair.Main \
	--mode repair \
	--type pre_then_cond \
	--oracle angelic \
	--synthesis dynamoth \
	--flocal gzoltar \
	--json \
	--solver z3 \
	--solver-path /home/tdurieux/RepairThemAll/script/../libs/z3/build/z3 \
	--complianceLevel 7 \
	--source src/main/java \
	--classpath "target/classes:target/test-classes:/home/tdurieux/.m2/repository/junit/junit/4.11/junit-4.11.jar:/home/tdurieux/.m2/repository/org/hamcrest/hamcrest-core/1.3/hamcrest-core-1.3.jar:/home/tdurieux/RepairThemAll/script/../repair_tools/nopol.jar";
	echo "\n\nNode: `hostname`\n";
	echo "\n\nDate: `date`\n";
Picked up JAVA_TOOL_OPTIONS: -Dfile.encoding=UTF8 -Duser.language=en-US -Duser.country=US -Duser.language=en
17:10:45.000 [main] INFO  fr.inria.lille.repair.nopol.NoPol - Source files: [src/main/java]
17:10:45.008 [main] INFO  fr.inria.lille.repair.nopol.NoPol - Classpath: [file:/tmp/DynaMoth_IntroClassJava_digits_d120480a6e4bd3c4aa2ca882cf7c0aaa499d56c9c236aba6bea7aa935843da56c1ce494b71da9e2c2fd6016b05c84164bbd70867801caf480497fa51a3b78cb1_001/target/classes/, file:/tmp/DynaMoth_IntroClassJava_digits_d120480a6e4bd3c4aa2ca882cf7c0aaa499d56c9c236aba6bea7aa935843da56c1ce494b71da9e2c2fd6016b05c84164bbd70867801caf480497fa51a3b78cb1_001/target/test-classes/, file:/home/tdurieux/.m2/repository/junit/junit/4.11/junit-4.11.jar, file:/home/tdurieux/.m2/repository/org/hamcrest/hamcrest-core/1.3/hamcrest-core-1.3.jar, file:/home/tdurieux/RepairThemAll/script/../repair_tools/nopol.jar]
17:10:45.008 [main] INFO  fr.inria.lille.repair.nopol.NoPol - Statement type: PRE_THEN_COND
17:10:45.008 [main] INFO  fr.inria.lille.repair.nopol.NoPol - Args: [introclassJava.digits_d120480a_001BlackboxTest, introclassJava.digits_d120480a_001WhiteboxTest]
17:10:45.010 [main] INFO  fr.inria.lille.repair.nopol.NoPol - Config: Config{synthesisDepth=3, collectStaticMethods=true, collectStaticFields=false, collectLiterals=false, onlyOneSynthesisResult=true, sortExpressions=true, maxLineInvocationPerTest=250, timeoutMethodInvocation=2000, dataCollectionTimeoutInSecondForSynthesis=900, addWeight=0.19478, subWeight=0.04554, mulWeight=0.0102, divWeight=0.00613, andWeight=0.10597, orWeight=0.05708, eqWeight=0.22798, nEqWeight=0.0, lessEqWeight=0.0255, lessWeight=0.0947, methodCallWeight=0.1, fieldAccessWeight=0.08099, constantWeight=0.14232, variableWeight=0.05195, mode=REPAIR, type=PRE_THEN_COND, synthesis=DYNAMOTH, oracle=ANGELIC, solver=Z3, solverPath='/home/tdurieux/RepairThemAll/script/../libs/z3/build/z3', projectSources=[src/main/java], projectClasspath='[Ljava.net.URL;@2ff4f00f', projectTests=[introclassJava.digits_d120480a_001BlackboxTest, introclassJava.digits_d120480a_001WhiteboxTest], complianceLevel=7, outputFolder=., json=true}
17:10:45.010 [main] INFO  fr.inria.lille.repair.nopol.NoPol - Available processors (cores): 8
17:10:45.016 [main] INFO  fr.inria.lille.repair.nopol.NoPol - Free memory: 467 MB
17:10:45.017 [main] INFO  fr.inria.lille.repair.nopol.NoPol - Maximum memory: 3 GB
17:10:45.017 [main] INFO  fr.inria.lille.repair.nopol.NoPol - Total memory available to JVM: 483 MB
17:10:45.017 [main] INFO  fr.inria.lille.repair.nopol.NoPol - Java version: 1.8.0_181
17:10:45.018 [main] INFO  fr.inria.lille.repair.nopol.NoPol - JAVA_HOME: /usr/lib/jvm/java-1.8.0-openjdk-amd64/bin/
17:10:45.018 [main] INFO  fr.inria.lille.repair.nopol.NoPol - PATH: /usr/lib/jvm/java-1.8.0-openjdk-amd64/bin/:/usr/lib/oar/oardodo:/usr/lib/oar/oardodo:/usr/local/bin:/usr/bin:/bin:/usr/games
17:10:48.434 [pool-2-thread-1] DEBUG fr.inria.lille.repair.nopol.NoPol - statement #1
17:10:48.435 [pool-2-thread-1] DEBUG fr.inria.lille.repair.nopol.NoPol - Analysing SourceLocation introclassJava.digits_d120480a_001:75 which is executed by 16 tests
-1474650708
17:10:48.727 [pool-2-thread-1] DEBUG fr.inria.lille.repair.nopol.NoPol - looking with class fr.inria.lille.repair.nopol.spoon.smt.ConditionalAdder
org.junit.ComparisonFailure: expected:<Enteraninteger>[0]That'sall,haveaniced...> but was:<Enteraninteger>[]That'sall,haveaniced...>
    at org.junit.Assert.assertEquals(Assert.java:115)
    at org.junit.Assert.assertEquals(Assert.java:144)
    at introclassJava.digits_d120480a_001WhiteboxTest.test1(digits_d120480a_001WhiteboxTest.java:13)
    at sun.reflect.NativeMethodAccessorImpl.invoke0(Native Method)
    at sun.reflect.NativeMethodAccessorImpl.invoke(NativeMethodAccessorImpl.java:62)
    at sun.reflect.DelegatingMethodAccessorImpl.invoke(DelegatingMethodAccessorImpl.java:43)
17:10:48.789 [pool-4-thread-1] INFO  xxl.java.junit.TestCasesListener - Tests run finished (32 ms)
<> Total tests run: 10
<> Ignored tests: 0
<> Failed tests: 1
~ test1(introclassJava.digits_d120480a_001WhiteboxTest)
[expected:<Enteraninteger>[0]That'sall,haveaniced...> but was:<Enteraninteger>[]That'sall,haveaniced...>]
org.junit.ComparisonFailure: expected:<Enteraninteger>[0]That'sall,haveaniced...> but was:<Enteraninteger>[]That'sall,haveaniced...>    at org.junit.Assert.assertEquals(Assert.java:115)
    at org.junit.Assert.assertEquals(Assert.java:144)
    at introclassJava.digits_d120480a_001WhiteboxTest.test1(digits_d120480a_001WhiteboxTest.java:13)
    at sun.reflect.NativeMethodAccessorImpl.invoke0(Native Method)
    at sun.reflect.NativeMethodAccessorImpl.invoke(NativeMethodAccessorImpl.java:62)
    at sun.reflect.DelegatingMethodAccessorImpl.invoke(DelegatingMethodAccessorImpl.java:43)

17:10:49.367 [pool-2-thread-1] DEBUG fr.inria.lille.repair.nopol.NoPol - statement #2
17:10:49.367 [pool-2-thread-1] DEBUG fr.inria.lille.repair.nopol.NoPol - Analysing SourceLocation introclassJava.digits_d120480a_001:73 which is executed by 16 tests
-1474650708
17:10:49.431 [pool-2-thread-1] DEBUG fr.inria.lille.repair.nopol.NoPol - looking with class fr.inria.lille.repair.nopol.spoon.smt.ConditionalAdder
org.junit.ComparisonFailure: expected:<Enteraninteger>[0]That'sall,haveaniced...> but was:<Enteraninteger>[]That'sall,haveaniced...>
    at org.junit.Assert.assertEquals(Assert.java:115)
    at org.junit.Assert.assertEquals(Assert.java:144)
    at introclassJava.digits_d120480a_001WhiteboxTest.test1(digits_d120480a_001WhiteboxTest.java:13)
    at sun.reflect.NativeMethodAccessorImpl.invoke0(Native Method)
    at sun.reflect.NativeMethodAccessorImpl.invoke(NativeMethodAccessorImpl.java:62)
    at sun.reflect.DelegatingMethodAccessorImpl.invoke(DelegatingMethodAccessorImpl.java:43)
17:10:49.451 [pool-8-thread-1] INFO  xxl.java.junit.TestCasesListener - Tests run finished (15 ms)
<> Total tests run: 10
<> Ignored tests: 0
<> Failed tests: 1
~ test1(introclassJava.digits_d120480a_001WhiteboxTest)
[expected:<Enteraninteger>[0]That'sall,haveaniced...> but was:<Enteraninteger>[]That'sall,haveaniced...>]
org.junit.ComparisonFailure: expected:<Enteraninteger>[0]That'sall,haveaniced...> but was:<Enteraninteger>[]That'sall,haveaniced...>    at org.junit.Assert.assertEquals(Assert.java:115)
    at org.junit.Assert.assertEquals(Assert.java:144)
    at introclassJava.digits_d120480a_001WhiteboxTest.test1(digits_d120480a_001WhiteboxTest.java:13)
    at sun.reflect.NativeMethodAccessorImpl.invoke0(Native Method)
    at sun.reflect.NativeMethodAccessorImpl.invoke(NativeMethodAccessorImpl.java:62)
    at sun.reflect.DelegatingMethodAccessorImpl.invoke(DelegatingMethodAccessorImpl.java:43)

17:10:49.601 [pool-2-thread-1] DEBUG fr.inria.lille.repair.nopol.NoPol - statement #3
17:10:49.601 [pool-2-thread-1] DEBUG fr.inria.lille.repair.nopol.NoPol - Analysing SourceLocation introclassJava.digits_d120480a_001:64 which is executed by 16 tests
-1474650708
17:10:49.666 [pool-2-thread-1] DEBUG fr.inria.lille.repair.nopol.NoPol - looking with class fr.inria.lille.repair.nopol.spoon.smt.ConditionalAdder
org.junit.ComparisonFailure: expected:<Enteraninteger>[0]That'sall,haveaniced...> but was:<Enteraninteger>[]That'sall,haveaniced...>
    at org.junit.Assert.assertEquals(Assert.java:115)
    at org.junit.Assert.assertEquals(Assert.java:144)
    at introclassJava.digits_d120480a_001WhiteboxTest.test1(digits_d120480a_001WhiteboxTest.java:13)
    at sun.reflect.NativeMethodAccessorImpl.invoke0(Native Method)
    at sun.reflect.NativeMethodAccessorImpl.invoke(NativeMethodAccessorImpl.java:62)
    at sun.reflect.DelegatingMethodAccessorImpl.invoke(DelegatingMethodAccessorImpl.java:43)
17:10:49.683 [pool-12-thread-1] INFO  xxl.java.junit.TestCasesListener - Tests run finished (13 ms)
<> Total tests run: 10
<> Ignored tests: 0
<> Failed tests: 1
~ test1(introclassJava.digits_d120480a_001WhiteboxTest)
[expected:<Enteraninteger>[0]That'sall,haveaniced...> but was:<Enteraninteger>[]That'sall,haveaniced...>]
org.junit.ComparisonFailure: expected:<Enteraninteger>[0]That'sall,haveaniced...> but was:<Enteraninteger>[]That'sall,haveaniced...>    at org.junit.Assert.assertEquals(Assert.java:115)
    at org.junit.Assert.assertEquals(Assert.java:144)
    at introclassJava.digits_d120480a_001WhiteboxTest.test1(digits_d120480a_001WhiteboxTest.java:13)
    at sun.reflect.NativeMethodAccessorImpl.invoke0(Native Method)
    at sun.reflect.NativeMethodAccessorImpl.invoke(NativeMethodAccessorImpl.java:62)
    at sun.reflect.DelegatingMethodAccessorImpl.invoke(DelegatingMethodAccessorImpl.java:43)

17:10:49.812 [pool-2-thread-1] DEBUG fr.inria.lille.repair.nopol.NoPol - statement #4
17:10:49.812 [pool-2-thread-1] DEBUG fr.inria.lille.repair.nopol.NoPol - Analysing SourceLocation introclassJava.digits_d120480a_001:63 which is executed by 16 tests
-1474650708
17:10:49.872 [pool-2-thread-1] DEBUG fr.inria.lille.repair.nopol.NoPol - looking with class fr.inria.lille.repair.nopol.spoon.smt.ConditionalAdder
org.junit.ComparisonFailure: expected:<Enteraninteger>[0]That'sall,haveaniced...> but was:<Enteraninteger>[]That'sall,haveaniced...>
    at org.junit.Assert.assertEquals(Assert.java:115)
    at org.junit.Assert.assertEquals(Assert.java:144)
    at introclassJava.digits_d120480a_001WhiteboxTest.test1(digits_d120480a_001WhiteboxTest.java:13)
    at sun.reflect.NativeMethodAccessorImpl.invoke0(Native Method)
    at sun.reflect.NativeMethodAccessorImpl.invoke(NativeMethodAccessorImpl.java:62)
    at sun.reflect.DelegatingMethodAccessorImpl.invoke(DelegatingMethodAccessorImpl.java:43)
17:10:49.886 [pool-16-thread-1] INFO  xxl.java.junit.TestCasesListener - Tests run finished (10 ms)
<> Total tests run: 10
<> Ignored tests: 0
<> Failed tests: 1
~ test1(introclassJava.digits_d120480a_001WhiteboxTest)
[expected:<Enteraninteger>[0]That'sall,haveaniced...> but was:<Enteraninteger>[]That'sall,haveaniced...>]
org.junit.ComparisonFailure: expected:<Enteraninteger>[0]That'sall,haveaniced...> but was:<Enteraninteger>[]That'sall,haveaniced...>    at org.junit.Assert.assertEquals(Assert.java:115)
    at org.junit.Assert.assertEquals(Assert.java:144)
    at introclassJava.digits_d120480a_001WhiteboxTest.test1(digits_d120480a_001WhiteboxTest.java:13)
    at sun.reflect.NativeMethodAccessorImpl.invoke0(Native Method)
    at sun.reflect.NativeMethodAccessorImpl.invoke(NativeMethodAccessorImpl.java:62)
    at sun.reflect.DelegatingMethodAccessorImpl.invoke(DelegatingMethodAccessorImpl.java:43)

17:10:49.998 [pool-2-thread-1] DEBUG fr.inria.lille.repair.nopol.NoPol - statement #5
17:10:49.999 [pool-2-thread-1] DEBUG fr.inria.lille.repair.nopol.NoPol - Analysing SourceLocation introclassJava.digits_d120480a_001:62 which is executed by 16 tests
-1474650708
17:10:50.064 [pool-2-thread-1] DEBUG fr.inria.lille.repair.nopol.NoPol - looking with class fr.inria.lille.repair.nopol.spoon.smt.ConditionalAdder
org.junit.ComparisonFailure: expected:<Enteraninteger>[0]That'sall,haveaniced...> but was:<Enteraninteger>[]That'sall,haveaniced...>
    at org.junit.Assert.assertEquals(Assert.java:115)
    at org.junit.Assert.assertEquals(Assert.java:144)
    at introclassJava.digits_d120480a_001WhiteboxTest.test1(digits_d120480a_001WhiteboxTest.java:13)
    at sun.reflect.NativeMethodAccessorImpl.invoke0(Native Method)
    at sun.reflect.NativeMethodAccessorImpl.invoke(NativeMethodAccessorImpl.java:62)
    at sun.reflect.DelegatingMethodAccessorImpl.invoke(DelegatingMethodAccessorImpl.java:43)
17:10:50.078 [pool-20-thread-1] INFO  xxl.java.junit.TestCasesListener - Tests run finished (10 ms)
<> Total tests run: 10
<> Ignored tests: 0
<> Failed tests: 1
~ test1(introclassJava.digits_d120480a_001WhiteboxTest)
[expected:<Enteraninteger>[0]That'sall,haveaniced...> but was:<Enteraninteger>[]That'sall,haveaniced...>]
org.junit.ComparisonFailure: expected:<Enteraninteger>[0]That'sall,haveaniced...> but was:<Enteraninteger>[]That'sall,haveaniced...>    at org.junit.Assert.assertEquals(Assert.java:115)
    at org.junit.Assert.assertEquals(Assert.java:144)
    at introclassJava.digits_d120480a_001WhiteboxTest.test1(digits_d120480a_001WhiteboxTest.java:13)
    at sun.reflect.NativeMethodAccessorImpl.invoke0(Native Method)
    at sun.reflect.NativeMethodAccessorImpl.invoke(NativeMethodAccessorImpl.java:62)
    at sun.reflect.DelegatingMethodAccessorImpl.invoke(DelegatingMethodAccessorImpl.java:43)

17:10:50.189 [pool-2-thread-1] DEBUG fr.inria.lille.repair.nopol.NoPol - statement #6
17:10:50.189 [pool-2-thread-1] DEBUG fr.inria.lille.repair.nopol.NoPol - Analysing SourceLocation introclassJava.digits_d120480a_001:61 which is executed by 16 tests
-1474650708
17:10:50.246 [pool-2-thread-1] DEBUG fr.inria.lille.repair.nopol.NoPol - looking with class fr.inria.lille.repair.nopol.spoon.smt.ConditionalAdder
org.junit.ComparisonFailure: expected:<Enteraninteger>[0]That'sall,haveaniced...> but was:<Enteraninteger>[]That'sall,haveaniced...>
    at org.junit.Assert.assertEquals(Assert.java:115)
    at org.junit.Assert.assertEquals(Assert.java:144)
    at introclassJava.digits_d120480a_001WhiteboxTest.test1(digits_d120480a_001WhiteboxTest.java:13)
    at sun.reflect.NativeMethodAccessorImpl.invoke0(Native Method)
    at sun.reflect.NativeMethodAccessorImpl.invoke(NativeMethodAccessorImpl.java:62)
    at sun.reflect.DelegatingMethodAccessorImpl.invoke(DelegatingMethodAccessorImpl.java:43)
17:10:50.259 [pool-24-thread-1] INFO  xxl.java.junit.TestCasesListener - Tests run finished (8 ms)
<> Total tests run: 10
<> Ignored tests: 0
<> Failed tests: 1
~ test1(introclassJava.digits_d120480a_001WhiteboxTest)
[expected:<Enteraninteger>[0]That'sall,haveaniced...> but was:<Enteraninteger>[]That'sall,haveaniced...>]
org.junit.ComparisonFailure: expected:<Enteraninteger>[0]That'sall,haveaniced...> but was:<Enteraninteger>[]That'sall,haveaniced...>    at org.junit.Assert.assertEquals(Assert.java:115)
    at org.junit.Assert.assertEquals(Assert.java:144)
    at introclassJava.digits_d120480a_001WhiteboxTest.test1(digits_d120480a_001WhiteboxTest.java:13)
    at sun.reflect.NativeMethodAccessorImpl.invoke0(Native Method)
    at sun.reflect.NativeMethodAccessorImpl.invoke(NativeMethodAccessorImpl.java:62)
    at sun.reflect.DelegatingMethodAccessorImpl.invoke(DelegatingMethodAccessorImpl.java:43)

17:10:50.362 [pool-2-thread-1] DEBUG fr.inria.lille.repair.nopol.NoPol - statement #7
17:10:50.362 [pool-2-thread-1] DEBUG fr.inria.lille.repair.nopol.NoPol - Analysing SourceLocation introclassJava.digits_d120480a_001:60 which is executed by 16 tests
-1474650708
17:10:50.417 [pool-2-thread-1] INFO  fr.inria.lille.repair.nopol.NoPol - ----INFORMATION----
17:10:50.424 [pool-2-thread-1] INFO  fr.inria.lille.repair.nopol.NoPol - Nb classes : 6
17:10:50.425 [pool-2-thread-1] INFO  fr.inria.lille.repair.nopol.NoPol - Nb methods : 2
17:10:50.425 [pool-2-thread-1] INFO  fr.inria.lille.repair.nopol.NoPol - Nb Statements Analyzed : 6
17:10:50.425 [pool-2-thread-1] INFO  fr.inria.lille.repair.nopol.NoPol - Nb Statements with Angelic Value Found : 0
17:10:50.425 [pool-2-thread-1] INFO  fr.inria.lille.repair.nopol.NoPol - NoPol Execution time : 5420ms
17:10:50.426 [pool-2-thread-1] INFO  fr.inria.lille.repair.nopol.NoPol - 
NO_ANGELIC_VALUE
Command exited with non-zero status 255
11.73user 1.00system 0:06.59elapsed 193%CPU (0avgtext+0avgdata 317424maxresident)k
45760inputs+5144outputs (3major+115216minor)pagefaults 0swaps


Node: suno-23.sophia.grid5000.fr



Date: Wed Dec  5 17:10:50 EST 2018

