cd /tmp/NPEFix_IntroClassJava_digits_08c7ea4ac39aa6a5ab206393bb4412de9d2c365ecdda9c1b391be963c1811014ed23d2722d7433b8e8a95305eee314d39da4950f31e01f9147f90af91a5c433a_001;
export JAVA_TOOL_OPTIONS="-Dfile.encoding=UTF8 -Duser.language=en-US -Duser.country=US -Duser.language=en";
TZ="America/New_York"; export TZ;
export PATH="/usr/lib/jvm/java-1.8.0-openjdk-amd64/bin/:$PATH";
export JAVA_HOME="/usr/lib/jvm/java-1.8.0-openjdk-amd64/bin/";
time java -Xmx4g -Xms1g -cp /home/tdurieux/defects4j4repair/script/../repair_tools/npefix.jar fr.inria.spirals.npefix.main.run.Main \
    --test introclassJava.digits_08c7ea4a_001BlackboxTest:introclassJava.digits_08c7ea4a_001WhiteboxTest \
    --iteration 100 \
	--complianceLevel 7 \
	--workingdirectory . \
	--source src/main/java \
	--classpath target/classes:target/test-classes:/home/tdurieux/.m2/repository/junit/junit/4.11/junit-4.11.jar:/home/tdurieux/.m2/repository/org/hamcrest/hamcrest-core/1.3/hamcrest-core-1.3.jar;
	echo "\n\nNode: `hostname`\n";
	echo "\n\nDate: `date`\n";
Picked up JAVA_TOOL_OPTIONS: -Dfile.encoding=UTF8 -Duser.language=en-US -Duser.country=US -Duser.language=en
TernarySplitter  in 4ms
CheckNotNull  in 3ms
ForceNullInit in 23ms
AddImplicitCastChecker --> 0 in 5ms
BeforeDeref --> 84 (failed:0) in 38ms
target--> 85 (failed:0) in 104ms
TryRegister # Try: 0 in 4ms
Assign --> 44 (failed: 0) in 108ms
VarInit --> 14 in 7ms
MethodEncapsulation # Method: 2 in 63ms
ConstructorEncapsulation # Constructor: 10 in 11ms
VariableFor in 4ms
RMI Selector (Host: 127.0.0.1, Port: 10000): KO
introclassJava.digits_08c7ea4a_001WhiteboxTest#test1
<No Strat> Status: Ok
introclassJava.digits_08c7ea4a_001WhiteboxTest#test10
<No Strat> Status: Ok
introclassJava.digits_08c7ea4a_001WhiteboxTest#test2
<No Strat> Status: Ok
introclassJava.digits_08c7ea4a_001WhiteboxTest#test3
<No Strat> Status: Ok
introclassJava.digits_08c7ea4a_001WhiteboxTest#test4
<No Strat> Status: Ok
introclassJava.digits_08c7ea4a_001WhiteboxTest#test5
<No Strat> Status: Ok
introclassJava.digits_08c7ea4a_001WhiteboxTest#test6
<No Strat> Status: Ok
introclassJava.digits_08c7ea4a_001WhiteboxTest#test7
<No Strat> Status: Ok
introclassJava.digits_08c7ea4a_001WhiteboxTest#test8
<No Strat> Status: Ok
introclassJava.digits_08c7ea4a_001WhiteboxTest#test9
<No Strat> Status: Ok
introclassJava.digits_08c7ea4a_001BlackboxTest#test1
<No Strat> Status: Ok
introclassJava.digits_08c7ea4a_001BlackboxTest#test2
<No Strat> Status: Ko
introclassJava.digits_08c7ea4a_001BlackboxTest#test3
<No Strat> Status: Ok
introclassJava.digits_08c7ea4a_001BlackboxTest#test4
<No Strat> Status: Ok
introclassJava.digits_08c7ea4a_001BlackboxTest#test5
<No Strat> Status: Ok
introclassJava.digits_08c7ea4a_001BlackboxTest#test6
<No Strat> Status: Ok
Multirun 16/100 16%
introclassJava.digits_08c7ea4a_001BlackboxTest#test2
<No Strat> Status: Ko
introclassJava.digits_08c7ea4a_001BlackboxTest#test2
<No Strat> Status: Ko
introclassJava.digits_08c7ea4a_001BlackboxTest#test2
<No Strat> Status: Ko
introclassJava.digits_08c7ea4a_001BlackboxTest#test2
<No Strat> Status: Ko
introclassJava.digits_08c7ea4a_001BlackboxTest#test2
<No Strat> Status: Ko
introclassJava.digits_08c7ea4a_001BlackboxTest#test2
<No Strat> Status: Ko
5.82user 0.18system 0:03.29elapsed 182%CPU (0avgtext+0avgdata 254396maxresident)k
21120inputs+256outputs (1major+64629minor)pagefaults 0swaps


Node: graphene-138.nancy.grid5000.fr



Date: Thu Dec  6 03:59:26 EST 2018

