cd /tmp/NPEFix_Bug_dot_jar_Accumulo_72fd6bec;
export JAVA_TOOL_OPTIONS="-Dfile.encoding=UTF8 -Duser.language=en-US -Duser.country=US -Duser.language=en";
TZ="America/New_York"; export TZ;
export PATH="/usr/lib/jvm/java-1.8.0-openjdk-amd64/bin/:$PATH";
export JAVA_HOME="/usr/lib/jvm/java-1.8.0-openjdk-amd64/bin/";
time java -Xmx4048m -cp /home/tdurieux/defects4j4repair/script/../repair_tools/npefix.jar fr.inria.spirals.npefix.main.run.Main \
    --test org.apache.accumulo.minicluster.MiniAccumuloClusterTest \
    --iteration 100 \
	--complianceLevel 7 \
	--workingdirectory . \
	--source minicluster/src/main/java \
	--classpath minicluster/target/classes:minicluster/target/test-classes:/tmp/NPEFix_Bug_dot_jar_Accumulo_72fd6bec/trace/target/classes:/tmp/NPEFix_Bug_dot_jar_Accumulo_72fd6bec/fate/target/classes:/tmp/NPEFix_Bug_dot_jar_Accumulo_72fd6bec/start/target/classes:/tmp/NPEFix_Bug_dot_jar_Accumulo_72fd6bec/core/target/classes:/tmp/NPEFix_Bug_dot_jar_Accumulo_72fd6bec/server/target/classes:/tmp/NPEFix_Bug_dot_jar_Accumulo_72fd6bec/examples/simple/target/classes:/tmp/NPEFix_Bug_dot_jar_Accumulo_72fd6bec/test/target/classes:/tmp/NPEFix_Bug_dot_jar_Accumulo_72fd6bec/proxy/target/classes:/home/tdurieux/.m2/repository/org/powermock/powermock-api-support/1.5/powermock-api-support-1.5.jar:/home/tdurieux/.m2/repository/org/apache/accumulo/accumulo-examples-simple/1.5.3-SNAPSHOT/accumulo-examples-simple-1.5.3-SNAPSHOT.jar:/home/tdurieux/.m2/repository/com/sun/jersey/jersey-server/1.0/jersey-server-1.0.jar:/home/tdurieux/.m2/repository/xmlenc/xmlenc/0.52/xmlenc-0.52.jar:/home/tdurieux/.m2/repository/org/apache/accumulo/accumulo-proxy/1.5.3-SNAPSHOT/accumulo-proxy-1.5.3-SNAPSHOT.jar:/home/tdurieux/.m2/repository/hsqldb/hsqldb/1.8.0.10/hsqldb-1.8.0.10.jar:/home/tdurieux/.m2/repository/org/mortbay/jetty/jetty-util/6.1.26/jetty-util-6.1.26.jar:/home/tdurieux/.m2/repository/stax/stax-api/1.0.1/stax-api-1.0.1.jar:/home/tdurieux/.m2/repository/regexp/regexp/1.3/regexp-1.3.jar:/home/tdurieux/.m2/repository/org/codehaus/jettison/jettison/1.1/jettison-1.1.jar:/home/tdurieux/.m2/repository/org/apache/accumulo/accumulo-fate/1.5.3-SNAPSHOT/accumulo-fate-1.5.3-SNAPSHOT.jar:/home/tdurieux/.m2/repository/jline/jline/1.0/jline-1.0.jar:/home/tdurieux/.m2/repository/com/sun/xml/bind/jaxb-impl/2.2.3-1/jaxb-impl-2.2.3-1.jar:/home/tdurieux/.m2/repository/org/apache/commons/commons-vfs2/2.0/commons-vfs2-2.0.jar:/home/tdurieux/.m2/repository/com/sun/jersey/jersey-json/1.8/jersey-json-1.8.jar:/home/tdurieux/.m2/repository/com/sun/jersey/jersey-server/1.8/jersey-server-1.8.jar:/home/tdurieux/.m2/repository/org/apache/accumulo/accumulo-server/1.5.3-SNAPSHOT/accumulo-server-1.5.3-SNAPSHOT.jar:/home/tdurieux/.m2/repository/com/google/code/gson/gson/2.2.2/gson-2.2.2.jar:/home/tdurieux/.m2/repository/javax/servlet/servlet-api/2.5/servlet-api-2.5.jar:/home/tdurieux/.m2/repository/commons-io/commons-io/2.1/commons-io-2.1.jar:/home/tdurieux/.m2/repository/org/codehaus/jackson/jackson-xc/1.7.1/jackson-xc-1.7.1.jar:/home/tdurieux/.m2/repository/org/apache/accumulo/accumulo-core/1.5.3-SNAPSHOT/accumulo-core-1.5.3-SNAPSHOT.jar:/home/tdurieux/.m2/repository/org/apache/ftpserver/ftpserver-deprecated/1.0.0-M2/ftpserver-deprecated-1.0.0-M2.jar:/home/tdurieux/.m2/repository/org/apache/accumulo/accumulo-minicluster/1.5.3-SNAPSHOT/accumulo-minicluster-1.5.3-SNAPSHOT.jar:/home/tdurieux/.m2/repository/asm/asm/3.1/asm-3.1.jar:/home/tdurieux/.m2/repository/commons-el/commons-el/1.0/commons-el-1.0.jar:/home/tdurieux/.m2/repository/com/beust/jcommander/1.30/jcommander-1.30.jar:/home/tdurieux/.m2/repository/org/powermock/powermock-module-junit4/1.5/powermock-module-junit4-1.5.jar:/home/tdurieux/.m2/repository/cglib/cglib-nodep/2.2.2/cglib-nodep-2.2.2.jar:/home/tdurieux/.m2/repository/org/easymock/easymock/3.1/easymock-3.1.jar:/home/tdurieux/.m2/repository/javax/activation/activation/1.1/activation-1.1.jar:/home/tdurieux/.m2/repository/org/codehaus/jackson/jackson-jaxrs/1.7.1/jackson-jaxrs-1.7.1.jar:/home/tdurieux/.m2/repository/org/powermock/powermock-api-easymock/1.5/powermock-api-easymock-1.5.jar:/home/tdurieux/.m2/repository/log4j/log4j/1.2.16/log4j-1.2.16.jar:/home/tdurieux/.m2/repository/org/apache/accumulo/accumulo-test/1.5.3-SNAPSHOT/accumulo-test-1.5.3-SNAPSHOT.jar:/home/tdurieux/.m2/repository/commons-httpclient/commons-httpclient/3.0.1/commons-httpclient-3.0.1.jar:/home/tdurieux/.m2/repository/com/google/guava/guava/14.0.1/guava-14.0.1.jar:/home/tdurieux/.m2/repository/commons-logging/commons-logging/1.1.1/commons-logging-1.1.1.jar:/home/tdurieux/.m2/repository/org/apache/maven/scm/maven-scm-api/1.4/maven-scm-api-1.4.jar:/home/tdurieux/.m2/repository/org/apache/zookeeper/zookeeper/3.3.6/zookeeper-3.3.6.jar:/home/tdurieux/.m2/repository/org/objenesis/objenesis/1.2/objenesis-1.2.jar:/home/tdurieux/.m2/repository/commons-beanutils/commons-beanutils-core/1.8.0/commons-beanutils-core-1.8.0.jar:/home/tdurieux/.m2/repository/javax/ws/rs/jsr311-api/1.1.1/jsr311-api-1.1.1.jar:/home/tdurieux/.m2/repository/org/slf4j/slf4j-api/1.4.3/slf4j-api-1.4.3.jar:/home/tdurieux/.m2/repository/commons-cli/commons-cli/1.2/commons-cli-1.2.jar:/home/tdurieux/.m2/repository/org/apache/thrift/libthrift/0.9.0/libthrift-0.9.0.jar:/home/tdurieux/.m2/repository/org/javassist/javassist/3.17.1-GA/javassist-3.17.1-GA.jar:/home/tdurieux/.m2/repository/org/apache/hadoop/hadoop-core/1.2.1/hadoop-core-1.2.1.jar:/home/tdurieux/.m2/repository/org/mortbay/jetty/jetty/6.1.26/jetty-6.1.26.jar:/home/tdurieux/.m2/repository/org/apache/hadoop/hadoop-client/1.2.1/hadoop-client-1.2.1.jar:/home/tdurieux/.m2/repository/org/apache/ftpserver/ftplet-api/1.0.0/ftplet-api-1.0.0.jar:/home/tdurieux/.m2/repository/org/apache/maven/scm/maven-scm-provider-svnexe/1.4/maven-scm-provider-svnexe-1.4.jar:/home/tdurieux/.m2/repository/org/hamcrest/hamcrest-core/1.3/hamcrest-core-1.3.jar:/home/tdurieux/.m2/repository/org/mortbay/jetty/servlet-api/2.5-20081211/servlet-api-2.5-20081211.jar:/home/tdurieux/.m2/repository/org/powermock/powermock-reflect/1.5/powermock-reflect-1.5.jar:/home/tdurieux/.m2/repository/org/apache/accumulo/accumulo-trace/1.5.3-SNAPSHOT/accumulo-trace-1.5.3-SNAPSHOT.jar:/home/tdurieux/.m2/repository/org/apache/hadoop/hadoop-tools/1.2.1/hadoop-tools-1.2.1.jar:/home/tdurieux/.m2/repository/org/apache/mina/mina-core/2.0.0-M5/mina-core-2.0.0-M5.jar:/home/tdurieux/.m2/repository/org/apache/ftpserver/ftpserver-core/1.0.0/ftpserver-core-1.0.0.jar:/home/tdurieux/.m2/repository/com/sun/jersey/jersey-core/1.8/jersey-core-1.8.jar:/home/tdurieux/.m2/repository/javax/xml/stream/stax-api/1.0-2/stax-api-1.0-2.jar:/home/tdurieux/.m2/repository/commons-net/commons-net/1.4.1/commons-net-1.4.1.jar:/home/tdurieux/.m2/repository/junit/junit/4.11/junit-4.11.jar:/home/tdurieux/.m2/repository/commons-configuration/commons-configuration/1.6/commons-configuration-1.6.jar:/home/tdurieux/.m2/repository/org/powermock/powermock-core/1.5/powermock-core-1.5.jar:/home/tdurieux/.m2/repository/org/codehaus/jackson/jackson-core-asl/1.7.1/jackson-core-asl-1.7.1.jar:/home/tdurieux/.m2/repository/org/apache/hadoop/hadoop-test/1.2.1/hadoop-test-1.2.1.jar:/home/tdurieux/.m2/repository/commons-digester/commons-digester/1.8/commons-digester-1.8.jar:/home/tdurieux/.m2/repository/org/codehaus/jackson/jackson-mapper-asl/1.8.8/jackson-mapper-asl-1.8.8.jar:/home/tdurieux/.m2/repository/org/apache/hadoop/hadoop-minicluster/1.2.1/hadoop-minicluster-1.2.1.jar:/home/tdurieux/.m2/repository/org/apache/accumulo/accumulo-start/1.5.3-SNAPSHOT/accumulo-start-1.5.3-SNAPSHOT.jar:/home/tdurieux/.m2/repository/org/slf4j/slf4j-log4j12/1.4.3/slf4j-log4j12-1.4.3.jar:/home/tdurieux/.m2/repository/oro/oro/2.0.8/oro-2.0.8.jar:/home/tdurieux/.m2/repository/commons-lang/commons-lang/2.4/commons-lang-2.4.jar:/home/tdurieux/.m2/repository/org/codehaus/plexus/plexus-utils/1.5.6/plexus-utils-1.5.6.jar:/home/tdurieux/.m2/repository/javax/xml/bind/jaxb-api/2.2.2/jaxb-api-2.2.2.jar:/home/tdurieux/.m2/repository/org/apache/maven/scm/maven-scm-provider-svn-commons/1.4/maven-scm-provider-svn-commons-1.4.jar:/home/tdurieux/.m2/repository/commons-codec/commons-codec/1.4/commons-codec-1.4.jar:/home/tdurieux/.m2/repository/org/apache/commons/commons-math/2.1/commons-math-2.1.jar:/home/tdurieux/.m2/repository/org/powermock/powermock-module-junit4-common/1.5/powermock-module-junit4-common-1.5.jar:/home/tdurieux/.m2/repository/commons-beanutils/commons-beanutils/1.7.0/commons-beanutils-1.7.0.jar:/home/tdurieux/.m2/repository/commons-collections/commons-collections/3.2.1/commons-collections-3.2.1.jar;
	echo "\n\nNode: `hostname`\n";
	echo "\n\nDate: `date`\n";
Picked up JAVA_TOOL_OPTIONS: -Dfile.encoding=UTF8 -Duser.language=en-US -Duser.country=US -Duser.language=en
TernarySplitter  in 8ms
CheckNotNull  in 73ms
ForceNullInit in 9ms
AddImplicitCastChecker --> 1 in 16ms
BeforeDeref --> 108 (failed:0) in 106ms
target--> 118 (failed:0) in 323ms
TryRegister # Try: 7 in 10ms
Assign --> 36 (failed: 0) in 72ms
VarInit --> 11 in 92ms
MethodEncapsulation # Method: 22 in 107ms
ConstructorEncapsulation # Constructor: 4 in 66ms
VariableFor in 10ms
RMI Selector (Host: 127.0.0.1, Port: 10000): KO
38.33user 1.89system 0:13.20elapsed 304%CPU (0avgtext+0avgdata 906264maxresident)k
20096inputs+3344outputs (2major+370089minor)pagefaults 0swaps


Node: petitprince-7.luxembourg.grid5000.fr



Date: Sat Dec 29 11:49:15 EST 2018

