cd /tmp/DynaMoth_Bears_jgrapht-jgrapht_443997242-444189432;
export JAVA_TOOL_OPTIONS="-Dfile.encoding=UTF8 -Duser.language=en-US -Duser.country=US -Duser.language=en";
TZ="America/New_York"; export TZ;
export PATH="/usr/lib/jvm/java-1.8.0-openjdk-amd64/bin/:$PATH";
export JAVA_HOME="/usr/lib/jvm/java-1.8.0-openjdk-amd64/bin/";
time java -Xmx4g -Xms1g -cp /home/tdurieux/defects4j4repair/script/../repair_tools/nopol.jar:/usr/lib/jvm/java-1.8.0-openjdk-amd64/bin//../lib/tools.jar fr.inria.lille.repair.Main \
	--mode repair \
	--type pre_then_cond \
	--oracle angelic \
	--synthesis dynamoth \
	--flocal gzoltar \
	--json \
	--solver z3 \
	--solver-path /home/tdurieux/defects4j4repair/script/../libs/z3/build/z3 \
	--complianceLevel 8 \
	--source jgrapht-core/src/main/java \
	--classpath "jgrapht-core/target/classes:jgrapht-core/target/test-classes:/tmp/DynaMoth_Bears_jgrapht-jgrapht_443997242-444189432/jgrapht-io/target/classes:/tmp/DynaMoth_Bears_jgrapht-jgrapht_443997242-444189432/jgrapht-opt/target/classes:/tmp/DynaMoth_Bears_jgrapht-jgrapht_443997242-444189432/jgrapht-ext/target/classes:/tmp/DynaMoth_Bears_jgrapht-jgrapht_443997242-444189432/jgrapht-guava/target/classes:/tmp/DynaMoth_Bears_jgrapht-jgrapht_443997242-444189432/jgrapht-demo/target/classes:/tmp/DynaMoth_Bears_jgrapht-jgrapht_443997242-444189432/jgrapht-bundle/target/classes:/home/tdurieux/.m2/repository/org/jheaps/jheaps/0.9/jheaps-0.9.jar:/home/tdurieux/.m2/repository/org/jgrapht/jgrapht-core/1.2.1-SNAPSHOT/jgrapht-core-1.2.1-SNAPSHOT-tests.jar:/home/tdurieux/.m2/repository/org/apache/commons/commons-text/1.5/commons-text-1.5.jar:/home/tdurieux/.m2/repository/org/jgrapht/jgrapht-io/1.2.1-SNAPSHOT/jgrapht-io-1.2.1-SNAPSHOT.jar:/home/tdurieux/.m2/repository/org/hamcrest/hamcrest-library/1.3/hamcrest-library-1.3.jar:/home/tdurieux/.m2/repository/commons-io/commons-io/2.4/commons-io-2.4.jar:/home/tdurieux/.m2/repository/org/apache/commons/commons-math3/3.2/commons-math3-3.2.jar:/home/tdurieux/.m2/repository/org/jgrapht/jgrapht-opt/1.2.1-SNAPSHOT/jgrapht-opt-1.2.1-SNAPSHOT.jar:/home/tdurieux/.m2/repository/com/google/guava/guava/26.0-jre/guava-26.0-jre.jar:/home/tdurieux/.m2/repository/org/jgrapht/jgrapht-bundle/1.2.1-SNAPSHOT/jgrapht-bundle-1.2.1-SNAPSHOT.jar:/home/tdurieux/.m2/repository/org/jgrapht/jgrapht-ext/1.2.1-SNAPSHOT/jgrapht-ext-1.2.1-SNAPSHOT.jar:/home/tdurieux/.m2/repository/com/googlecode/junit-toolbox/junit-toolbox/2.4/junit-toolbox-2.4.jar:/home/tdurieux/.m2/repository/org/hamcrest/hamcrest-core/1.3/hamcrest-core-1.3.jar:/home/tdurieux/.m2/repository/org/antlr/antlr4-runtime/4.7.1/antlr4-runtime-4.7.1.jar:/home/tdurieux/.m2/repository/org/jgrapht/jgrapht-demo/1.2.1-SNAPSHOT/jgrapht-demo-1.2.1-SNAPSHOT.jar:/home/tdurieux/.m2/repository/org/apache/commons/commons-lang3/3.8.1/commons-lang3-3.8.1.jar:/home/tdurieux/.m2/repository/junit/junit/4.12/junit-4.12.jar:/home/tdurieux/.m2/repository/org/jgrapht/jgrapht-core/1.2.1-SNAPSHOT/jgrapht-core-1.2.1-SNAPSHOT.jar:/home/tdurieux/.m2/repository/org/objenesis/objenesis/1.0/objenesis-1.0.jar:/home/tdurieux/.m2/repository/org/openjdk/jmh/jmh-core/1.21/jmh-core-1.21.jar:/home/tdurieux/.m2/repository/org/openjdk/jmh/jmh-generator-annprocess/1.21/jmh-generator-annprocess-1.21.jar:/home/tdurieux/.m2/repository/org/jgrapht/jgrapht-guava/1.2.1-SNAPSHOT/jgrapht-guava-1.2.1-SNAPSHOT.jar:/home/tdurieux/.m2/repository/it/unimi/dsi/fastutil/8.2.2/fastutil-8.2.2.jar:/home/tdurieux/.m2/repository/org/tinyjee/jgraphx/jgraphx/3.4.1.3/jgraphx-3.4.1.3.jar:/home/tdurieux/.m2/repository/net/sf/jopt-simple/jopt-simple/4.6/jopt-simple-4.6.jar:/home/tdurieux/.m2/repository/org/mockito/mockito-core/1.9.5/mockito-core-1.9.5.jar:/home/tdurieux/.m2/repository/org/xmlunit/xmlunit-core/2.6.2/xmlunit-core-2.6.2.jar:/home/tdurieux/defects4j4repair/script/../repair_tools/nopol.jar";
	echo "\n\nNode: `hostname`\n";
	echo "\n\nDate: `date`\n";
Picked up JAVA_TOOL_OPTIONS: -Dfile.encoding=UTF8 -Duser.language=en-US -Duser.country=US -Duser.language=en
java.lang.RuntimeException: java.util.concurrent.ExecutionException: java.lang.NullPointerException
	at fr.inria.lille.repair.common.finder.TestClassesFinder.findIn(TestClassesFinder.java:62)
	at fr.inria.lille.repair.common.finder.TestClassesFinder.findIn(TestClassesFinder.java:75)
	at fr.inria.lille.repair.common.config.NopolContext.<init>(NopolContext.java:136)
	at fr.inria.lille.repair.common.config.NopolContext.<init>(NopolContext.java:128)
	at fr.inria.lille.repair.Main.parseArguments(Main.java:163)
	at fr.inria.lille.repair.Main.main(Main.java:66)
Caused by: java.util.concurrent.ExecutionException: java.lang.NullPointerException
	at java.util.concurrent.FutureTask.report(FutureTask.java:122)
	at java.util.concurrent.FutureTask.get(FutureTask.java:192)
	at fr.inria.lille.repair.common.finder.TestClassesFinder.findIn(TestClassesFinder.java:57)
	... 5 more
Caused by: java.lang.NullPointerException
	at sun.reflect.annotation.AnnotationParser.parseArray(AnnotationParser.java:532)
	at sun.reflect.annotation.AnnotationParser.parseMemberValue(AnnotationParser.java:355)
	at sun.reflect.annotation.AnnotationParser.parseAnnotation2(AnnotationParser.java:286)
	at sun.reflect.annotation.AnnotationParser.parseAnnotations2(AnnotationParser.java:120)
	at sun.reflect.annotation.AnnotationParser.parseAnnotations(AnnotationParser.java:72)
	at java.lang.Class.createAnnotationData(Class.java:3521)
	at java.lang.Class.annotationData(Class.java:3510)
	at java.lang.Class.getAnnotation(Class.java:3415)
	at java.lang.reflect.AnnotatedElement.isAnnotationPresent(AnnotatedElement.java:258)
	at java.lang.Class.isAnnotationPresent(Class.java:3425)
	at sacha.finder.filters.impl.TestFilter.acceptRunWithClass(TestFilter.java:75)
	at sacha.finder.filters.impl.TestFilter.acceptClass(TestFilter.java:61)
	at sacha.finder.processor.Processor.process(Processor.java:59)
	at fr.inria.lille.repair.common.finder.TestClassFinderRunner.call(TestClassFinderRunner.java:27)
	at fr.inria.lille.repair.common.finder.TestClassFinderRunner.call(TestClassFinderRunner.java:19)
	at java.util.concurrent.FutureTask.run(FutureTask.java:266)
	at java.util.concurrent.ThreadPoolExecutor.runWorker(ThreadPoolExecutor.java:1149)
	at java.util.concurrent.ThreadPoolExecutor$Worker.run(ThreadPoolExecutor.java:624)
	at java.lang.Thread.run(Thread.java:748)

Usage: java -jar nopol.jar
                          [(-m|--mode) <repair|ranking>] (-e|--type) <condition|precondition|pre_then_cond|loop|arithmetic> [(-o|--oracle) <angelic|symbolic>] [(-y|--synthesis) <smt|dynamoth>] [(-l|--solver) <z3|cvc4>] [(-p|--solver-path) <solverPath>] (-s|--source) source1:source2:...:sourceN  (-c|--classpath) <classpath> [(-t|--test) test1:test2:...:testN ] [--complianceLevel <complianceLevel>] [--maxTime <maxTime>] [--maxTimeType <maxTimeType>] [(-z|--flocal) < cocospoon|dumb|gzoltar>] [--output <outputFolder>] [--json[:<outputJson>]]

  [(-m|--mode) <repair|ranking>]
        Define the mode of execution. (default: repair)

  (-e|--type) <condition|precondition|pre_then_cond|loop|arithmetic>
        The repair type (example fixing only conditions, or adding
        precondition). REQUIRED OPTION (default: condition)

  [(-o|--oracle) <angelic|symbolic>]
        Define the oracle (only used with repair mode). (default: angelic)

  [(-y|--synthesis) <smt|dynamoth>]
        Define the patch synthesis. (default: smt)

  [(-l|--solver) <z3|cvc4>]
        Define the solver (only used with smt synthesis). (default: z3)

  [(-p|--solver-path) <solverPath>]
        Define the solver binary path (only used with smt synthesis).

  (-s|--source) source1:source2:...:sourceN 
        Define the path to the source code of the project.

  (-c|--classpath) <classpath>
        Define the classpath of the project.

  [(-t|--test) test1:test2:...:testN ]
        Define the tests of the project (both failing and passing),
        fully-qualified, separated with ':' (even if the classpath contains
        other tests, only those are considered.

  [--complianceLevel <complianceLevel>]
        The compliance level of the project. (default: 7)

  [--maxTime <maxTime>]
        The maximum time execution in minute for the whole execution of
        Nopol.(default: 10)

  [--maxTimeType <maxTimeType>]
        The maximum time execution in minute for one type of patch. (default: 5)

  [(-z|--flocal) < cocospoon|dumb|gzoltar>]
        Define the fault localizer to be used. (default: gzoltar)

  [--output <outputFolder>]
        Define the location where the patches will be saved. (default: .)

  [--json[:<outputJson>]]
        Output a json file in the current working directory.

Command exited with non-zero status 255
0.69user 0.03system 0:00.45elapsed 159%CPU (0avgtext+0avgdata 60164maxresident)k
6112inputs+88outputs (1major+10929minor)pagefaults 0swaps


Node: graphene-11.nancy.grid5000.fr



Date: Thu Dec 27 06:25:30 EST 2018

