cd /tmp/jGenProg_IntroClassJava_smallest_95362737dcd262ddd67b0fe1381c25f1e6b885860b4e51efb6f57223dceb77b4c6c7d855e3fe891c10cd51b48c9b052cf2c74f181a28d3020d77a4a2d6e4db18_009;
export JAVA_TOOL_OPTIONS="-Dfile.encoding=UTF8 -Duser.language=en-US -Duser.country=US -Duser.language=en";
TZ="America/New_York"; export TZ;
export PATH="/usr/lib/jvm/java-1.8.0-openjdk-amd64/bin/:$PATH";
export JAVA_HOME="/usr/lib/jvm/java-1.8.0-openjdk-amd64/bin/";
time java -Xmx4g -Xms1g -cp /home/tdurieux/defects4j4repair/script/../libs/jtestex7.jar:/home/tdurieux/defects4j4repair/script/../repair_tools/astor.jar fr.inria.main.evolution.AstorMain \
	-mode jgenprog \
	-location . \
	-id smallest-95362737dcd262ddd67b0fe1381c25f1e6b885860b4e51efb6f57223dceb77b4c6c7d855e3fe891c10cd51b48c9b052cf2c74f181a28d3020d77a4a2d6e4db18_009 \
	-failing introclassJava.smallest_95362737_009BlackboxTest:introclassJava.smallest_95362737_009WhiteboxTest \
	-jvm4testexecution /home/tdurieux/openjdk-1.7.0/bin/ \
	-jvm4evosuitetestexecution /home/tdurieux/openjdk-1.7.0/bin/ \
	-maxgen 1000000 \
	-maxtime 120 \
	-stopfirst true \
	-seed 0 \
	-scope local \
	-population 1 \
	-javacompliancelevel 7 \
	-srcjavafolder src/main/java \
	-srctestfolder src/test/java \
	-binjavafolder target/classes \
	-bintestfolder target/test-classes \
	-parameters x:x \
	-dependencies /home/tdurieux/.m2/repository/junit/junit/4.11/junit-4.11.jar:/home/tdurieux/.m2/repository/org/hamcrest/hamcrest-core/1.3/hamcrest-core-1.3.jar;
	echo "\n\nNode: `hostname`\n";
	echo "\n\nDate: `date`\n";
Picked up JAVA_TOOL_OPTIONS: -Dfile.encoding=UTF8 -Duser.language=en-US -Duser.country=US -Duser.language=en
2018-12-06 18:50:35,228 INFO main - command line arguments: [-mode  jgenprog  -location  .  -id  smallest-95362737dcd262ddd67b0fe1381c25f1e6b885860b4e51efb6f57223dceb77b4c6c7d855e3fe891c10cd51b48c9b052cf2c74f181a28d3020d77a4a2d6e4db18_009  -failing  introclassJava.smallest_95362737_009BlackboxTest:introclassJava.smallest_95362737_009WhiteboxTest  -jvm4testexecution  /home/tdurieux/openjdk-1.7.0/bin/  -jvm4evosuitetestexecution  /home/tdurieux/openjdk-1.7.0/bin/  -maxgen  1000000  -maxtime  120  -stopfirst  true  -seed  0  -scope  local  -population  1  -javacompliancelevel  7  -srcjavafolder  src/main/java  -srctestfolder  src/test/java  -binjavafolder  target/classes  -bintestfolder  target/test-classes  -parameters  x:x  -dependencies  /home/tdurieux/.m2/repository/junit/junit/4.11/junit-4.11.jar:/home/tdurieux/.m2/repository/org/hamcrest/hamcrest-core/1.3/hamcrest-core-1.3.jar]
2018-12-06 18:50:35,246 INFO fr.inria.main.evolution.AstorMain - Running Astor on a JDK at /usr/lib/jvm/java-8-openjdk-amd64/jre
[INFO ] fr.inria.main.AbstractMain.determineSourceFolders(AbstractMain.java:842) - Source folders: [/tmp/jGenProg_IntroClassJava_smallest_95362737dcd262ddd67b0fe1381c25f1e6b885860b4e51efb6f57223dceb77b4c6c7d855e3fe891c10cd51b48c9b052cf2c74f181a28d3020d77a4a2d6e4db18_009/./src/main/java]
[INFO ] fr.inria.main.AbstractMain.determineSourceFolders(AbstractMain.java:861) - Source Test folders: [/tmp/jGenProg_IntroClassJava_smallest_95362737dcd262ddd67b0fe1381c25f1e6b885860b4e51efb6f57223dceb77b4c6c7d855e3fe891c10cd51b48c9b052cf2c74f181a28d3020d77a4a2d6e4db18_009/./src/test/java]
[INFO ] fr.inria.astor.core.faultlocalization.gzoltar.GZoltarFaultLocalization.calculateSuspicious(GZoltarFaultLocalization.java:75) - -Executing Gzoltar classpath: /tmp/jGenProg_IntroClassJava_smallest_95362737dcd262ddd67b0fe1381c25f1e6b885860b4e51efb6f57223dceb77b4c6c7d855e3fe891c10cd51b48c9b052cf2c74f181a28d3020d77a4a2d6e4db18_009/./output_astor/AstorMain-smallest-95362737dcd262ddd67b0fe1381c25f1e6b885860b4e51efb6f57223dceb77b4c6c7d855e3fe891c10cd51b48c9b052cf2c74f181a28d3020d77a4a2d6e4db18_009//bin//default from 2 classes with test cases
[INFO ] fr.inria.astor.core.faultlocalization.gzoltar.GZoltarFaultLocalization.searchSuspicious(GZoltarFaultLocalization.java:149) - Gzoltar fault localization: min susp value parameter: 0.1
[INFO ] fr.inria.astor.core.faultlocalization.gzoltar.GZoltarFaultLocalization.searchSuspicious(GZoltarFaultLocalization.java:169) - -gz-Adding classpath: [/home/tdurieux/.m2/repository/junit/junit/4.11/junit-4.11.jar, /tmp/jGenProg_IntroClassJava_smallest_95362737dcd262ddd67b0fe1381c25f1e6b885860b4e51efb6f57223dceb77b4c6c7d855e3fe891c10cd51b48c9b052cf2c74f181a28d3020d77a4a2d6e4db18_009/./output_astor/AstorMain-smallest-95362737dcd262ddd67b0fe1381c25f1e6b885860b4e51efb6f57223dceb77b4c6c7d855e3fe891c10cd51b48c9b052cf2c74f181a28d3020d77a4a2d6e4db18_009//bin//default, /home/tdurieux/.m2/repository/org/hamcrest/hamcrest-core/1.3/hamcrest-core-1.3.jar]
[INFO ] fr.inria.astor.core.faultlocalization.gzoltar.GZoltarFaultLocalization.searchSuspicious(GZoltarFaultLocalization.java:206) - Test failt: introclassJava.smallest_95362737_009WhiteboxTest#test1
[INFO ] fr.inria.astor.core.faultlocalization.gzoltar.GZoltarFaultLocalization.searchSuspicious(GZoltarFaultLocalization.java:206) - Test failt: introclassJava.smallest_95362737_009WhiteboxTest#test2
[INFO ] fr.inria.astor.core.faultlocalization.gzoltar.GZoltarFaultLocalization.searchSuspicious(GZoltarFaultLocalization.java:206) - Test failt: introclassJava.smallest_95362737_009WhiteboxTest#test3
[INFO ] fr.inria.astor.core.faultlocalization.gzoltar.GZoltarFaultLocalization.searchSuspicious(GZoltarFaultLocalization.java:206) - Test failt: introclassJava.smallest_95362737_009WhiteboxTest#test4
[INFO ] fr.inria.astor.core.faultlocalization.gzoltar.GZoltarFaultLocalization.searchSuspicious(GZoltarFaultLocalization.java:206) - Test failt: introclassJava.smallest_95362737_009WhiteboxTest#test5
[INFO ] fr.inria.astor.core.faultlocalization.gzoltar.GZoltarFaultLocalization.searchSuspicious(GZoltarFaultLocalization.java:206) - Test failt: introclassJava.smallest_95362737_009WhiteboxTest#test6
[INFO ] fr.inria.astor.core.faultlocalization.gzoltar.GZoltarFaultLocalization.searchSuspicious(GZoltarFaultLocalization.java:206) - Test failt: introclassJava.smallest_95362737_009WhiteboxTest#test7
[INFO ] fr.inria.astor.core.faultlocalization.gzoltar.GZoltarFaultLocalization.searchSuspicious(GZoltarFaultLocalization.java:206) - Test failt: introclassJava.smallest_95362737_009WhiteboxTest#test8
[INFO ] fr.inria.astor.core.faultlocalization.gzoltar.GZoltarFaultLocalization.searchSuspicious(GZoltarFaultLocalization.java:206) - Test failt: introclassJava.smallest_95362737_009BlackboxTest#test1
[INFO ] fr.inria.astor.core.faultlocalization.gzoltar.GZoltarFaultLocalization.searchSuspicious(GZoltarFaultLocalization.java:206) - Test failt: introclassJava.smallest_95362737_009BlackboxTest#test2
[INFO ] fr.inria.astor.core.faultlocalization.gzoltar.GZoltarFaultLocalization.searchSuspicious(GZoltarFaultLocalization.java:206) - Test failt: introclassJava.smallest_95362737_009BlackboxTest#test3
[INFO ] fr.inria.astor.core.faultlocalization.gzoltar.GZoltarFaultLocalization.searchSuspicious(GZoltarFaultLocalization.java:206) - Test failt: introclassJava.smallest_95362737_009BlackboxTest#test4
[INFO ] fr.inria.astor.core.faultlocalization.gzoltar.GZoltarFaultLocalization.searchSuspicious(GZoltarFaultLocalization.java:206) - Test failt: introclassJava.smallest_95362737_009BlackboxTest#test5
[INFO ] fr.inria.astor.core.faultlocalization.gzoltar.GZoltarFaultLocalization.searchSuspicious(GZoltarFaultLocalization.java:206) - Test failt: introclassJava.smallest_95362737_009BlackboxTest#test6
[INFO ] fr.inria.astor.core.faultlocalization.gzoltar.GZoltarFaultLocalization.searchSuspicious(GZoltarFaultLocalization.java:206) - Test failt: introclassJava.smallest_95362737_009BlackboxTest#test7
[INFO ] fr.inria.astor.core.faultlocalization.gzoltar.GZoltarFaultLocalization.searchSuspicious(GZoltarFaultLocalization.java:206) - Test failt: introclassJava.smallest_95362737_009BlackboxTest#test8
[INFO ] fr.inria.astor.core.faultlocalization.gzoltar.GZoltarFaultLocalization.searchSuspicious(GZoltarFaultLocalization.java:218) - Gzoltar Test Result Total:16, fails: 16, GZoltar suspicious 21, with positive susp 21
[INFO ] fr.inria.astor.core.faultlocalization.gzoltar.GZoltarFaultLocalization.searchSuspicious(GZoltarFaultLocalization.java:226) - nr test results 16
[INFO ] fr.inria.astor.core.faultlocalization.gzoltar.GZoltarFaultLocalization.searchSuspicious(GZoltarFaultLocalization.java:271) - Gzoltar found: 21 with susp > 0.1, we consider: 21
[INFO ] fr.inria.astor.core.solutionsearch.AstorCoreEngine.initPopulation(AstorCoreEngine.java:689) - 
---- Creating spoon model
[INFO ] fr.inria.astor.core.solutionsearch.AstorCoreEngine.initModel(AstorCoreEngine.java:781) - Creating model,  Code location from working folder: /tmp/jGenProg_IntroClassJava_smallest_95362737dcd262ddd67b0fe1381c25f1e6b885860b4e51efb6f57223dceb77b4c6c7d855e3fe891c10cd51b48c9b052cf2c74f181a28d3020d77a4a2d6e4db18_009/./output_astor/AstorMain-smallest-95362737dcd262ddd67b0fe1381c25f1e6b885860b4e51efb6f57223dceb77b4c6c7d855e3fe891c10cd51b48c9b052cf2c74f181a28d3020d77a4a2d6e4db18_009//src//default
[INFO ] fr.inria.astor.core.manipulation.MutationSupporter.buildModel(MutationSupporter.java:65) - building model: /tmp/jGenProg_IntroClassJava_smallest_95362737dcd262ddd67b0fe1381c25f1e6b885860b4e51efb6f57223dceb77b4c6c7d855e3fe891c10cd51b48c9b052cf2c74f181a28d3020d77a4a2d6e4db18_009/./output_astor/AstorMain-smallest-95362737dcd262ddd67b0fe1381c25f1e6b885860b4e51efb6f57223dceb77b4c6c7d855e3fe891c10cd51b48c9b052cf2c74f181a28d3020d77a4a2d6e4db18_009//src//default, compliance level: 7
[INFO ] fr.inria.astor.core.manipulation.MutationSupporter.buildModel(MutationSupporter.java:78) - Classpath for building SpoonModel [/home/tdurieux/.m2/repository/junit/junit/4.11/junit-4.11.jar, /home/tdurieux/.m2/repository/org/hamcrest/hamcrest-core/1.3/hamcrest-core-1.3.jar]
[INFO ] fr.inria.astor.core.solutionsearch.AstorCoreEngine.initPopulation(AstorCoreEngine.java:693) - 
---- Initial suspicious size: 21
[INFO ] fr.inria.astor.core.solutionsearch.population.ProgramVariantFactory.createProgramInstance(ProgramVariantFactory.java:127) - Total suspicious from FL: 21,  23
[INFO ] fr.inria.astor.core.solutionsearch.population.ProgramVariantFactory.createProgramInstance(ProgramVariantFactory.java:136) - Total ModPoint created: 23
[INFO ] fr.inria.astor.core.solutionsearch.population.ProgramVariantFactory.createInitialPopulation(ProgramVariantFactory.java:82) - Creating program variant #1, [Variant id: 1, #gens: 23, #ops: 0, parent:-]
[INFO ] fr.inria.astor.core.setup.ConfigurationProperties.print(ConfigurationProperties.java:66) - ----------------------------
[INFO ] fr.inria.astor.core.setup.ConfigurationProperties.print(ConfigurationProperties.java:67) - ---Configuration properties:---Execution values
[INFO ] fr.inria.astor.core.setup.ConfigurationProperties.print(ConfigurationProperties.java:69) - p:lastJUnitVersion= ./examples/libs/junit-4.11.jar
[INFO ] fr.inria.astor.core.setup.ConfigurationProperties.print(ConfigurationProperties.java:69) - p:alternativecompliancelevel= 4
[INFO ] fr.inria.astor.core.setup.ConfigurationProperties.print(ConfigurationProperties.java:69) - p:ignoredTestCases= 
[INFO ] fr.inria.astor.core.setup.ConfigurationProperties.print(ConfigurationProperties.java:69) - p:workingDirectory= /tmp/jGenProg_IntroClassJava_smallest_95362737dcd262ddd67b0fe1381c25f1e6b885860b4e51efb6f57223dceb77b4c6c7d855e3fe891c10cd51b48c9b052cf2c74f181a28d3020d77a4a2d6e4db18_009/./output_astor
[INFO ] fr.inria.astor.core.setup.ConfigurationProperties.print(ConfigurationProperties.java:69) - p:manipulatesuper= false
[INFO ] fr.inria.astor.core.setup.ConfigurationProperties.print(ConfigurationProperties.java:69) - p:validation= process
[INFO ] fr.inria.astor.core.setup.ConfigurationProperties.print(ConfigurationProperties.java:69) - p:jvm4testexecution= /home/tdurieux/openjdk-1.7.0/bin/
[INFO ] fr.inria.astor.core.setup.ConfigurationProperties.print(ConfigurationProperties.java:69) - p:operatorspace= irr-statements
[INFO ] fr.inria.astor.core.setup.ConfigurationProperties.print(ConfigurationProperties.java:69) - p:disablelog= false
[INFO ] fr.inria.astor.core.setup.ConfigurationProperties.print(ConfigurationProperties.java:69) - p:binjavafolder= target/classes
[INFO ] fr.inria.astor.core.setup.ConfigurationProperties.print(ConfigurationProperties.java:69) - p:synthesis_depth= 3
[INFO ] fr.inria.astor.core.setup.ConfigurationProperties.print(ConfigurationProperties.java:69) - p:gzoltartestpackagetoexclude= junit.framework
[INFO ] fr.inria.astor.core.setup.ConfigurationProperties.print(ConfigurationProperties.java:69) - p:skipfitnessinitialpopulation= false
[INFO ] fr.inria.astor.core.setup.ConfigurationProperties.print(ConfigurationProperties.java:69) - p:evosuiteresultfolder= evosuite
[INFO ] fr.inria.astor.core.setup.ConfigurationProperties.print(ConfigurationProperties.java:69) - p:flthreshold= 0.1
[INFO ] fr.inria.astor.core.setup.ConfigurationProperties.print(ConfigurationProperties.java:69) - p:regressionforfaultlocalization= true
[INFO ] fr.inria.astor.core.setup.ConfigurationProperties.print(ConfigurationProperties.java:69) - p:collectonlyusedmethod= false
[INFO ] fr.inria.astor.core.setup.ConfigurationProperties.print(ConfigurationProperties.java:69) - p:preservelinenumbers= true
[INFO ] fr.inria.astor.core.setup.ConfigurationProperties.print(ConfigurationProperties.java:69) - p:tmax2= 864
[INFO ] fr.inria.astor.core.setup.ConfigurationProperties.print(ConfigurationProperties.java:69) - p:tmax1= 10000
[INFO ] fr.inria.astor.core.setup.ConfigurationProperties.print(ConfigurationProperties.java:69) - p:probagenmutation= false
[INFO ] fr.inria.astor.core.setup.ConfigurationProperties.print(ConfigurationProperties.java:69) - p:nomodificationconvergence= 100
[INFO ] fr.inria.astor.core.setup.ConfigurationProperties.print(ConfigurationProperties.java:69) - p:targetelementprocessor= statements
[INFO ] fr.inria.astor.core.setup.ConfigurationProperties.print(ConfigurationProperties.java:69) - p:srctestfolder= src/test/java
[INFO ] fr.inria.astor.core.setup.ConfigurationProperties.print(ConfigurationProperties.java:69) - p:forceExecuteRegression= false
[INFO ] fr.inria.astor.core.setup.ConfigurationProperties.print(ConfigurationProperties.java:69) - p:clusteringfilename= clustering.csv
[INFO ] fr.inria.astor.core.setup.ConfigurationProperties.print(ConfigurationProperties.java:69) - p:failing= introclassJava.smallest_95362737_009BlackboxTest:introclassJava.smallest_95362737_009WhiteboxTest
[INFO ] fr.inria.astor.core.setup.ConfigurationProperties.print(ConfigurationProperties.java:69) - p:logtestexecution= false
[INFO ] fr.inria.astor.core.setup.ConfigurationProperties.print(ConfigurationProperties.java:69) - p:evo_buggy_class= true
[INFO ] fr.inria.astor.core.setup.ConfigurationProperties.print(ConfigurationProperties.java:69) - p:numberExecutions= 1
[INFO ] fr.inria.astor.core.setup.ConfigurationProperties.print(ConfigurationProperties.java:69) - p:maxnumbersolutions= 1000000
[INFO ] fr.inria.astor.core.setup.ConfigurationProperties.print(ConfigurationProperties.java:69) - p:evo_affected_by_op= true
[INFO ] fr.inria.astor.core.setup.ConfigurationProperties.print(ConfigurationProperties.java:69) - p:population= 1
[INFO ] fr.inria.astor.core.setup.ConfigurationProperties.print(ConfigurationProperties.java:69) - p:considerzerovaluesusp= false
[INFO ] fr.inria.astor.core.setup.ConfigurationProperties.print(ConfigurationProperties.java:69) - p:maxCombinationVariableLimit= false
[INFO ] fr.inria.astor.core.setup.ConfigurationProperties.print(ConfigurationProperties.java:69) - p:loglevel= INFO
[INFO ] fr.inria.astor.core.setup.ConfigurationProperties.print(ConfigurationProperties.java:69) - p:savesolution= true
[INFO ] fr.inria.astor.core.setup.ConfigurationProperties.print(ConfigurationProperties.java:69) - p:javacompliancelevel= 7
[INFO ] fr.inria.astor.core.setup.ConfigurationProperties.print(ConfigurationProperties.java:69) - p:x= x
[INFO ] fr.inria.astor.core.setup.ConfigurationProperties.print(ConfigurationProperties.java:69) - p:uniqueoptogen= false
[INFO ] fr.inria.astor.core.setup.ConfigurationProperties.print(ConfigurationProperties.java:69) - p:gzoltarpackagetonotinstrument= junit.framework
[INFO ] fr.inria.astor.core.setup.ConfigurationProperties.print(ConfigurationProperties.java:69) - p:projectIdentifier= smallest-95362737dcd262ddd67b0fe1381c25f1e6b885860b4e51efb6f57223dceb77b4c6c7d855e3fe891c10cd51b48c9b052cf2c74f181a28d3020d77a4a2d6e4db18_009
[INFO ] fr.inria.astor.core.setup.ConfigurationProperties.print(ConfigurationProperties.java:69) - p:modificationpointnavigation= weight
[INFO ] fr.inria.astor.core.setup.ConfigurationProperties.print(ConfigurationProperties.java:69) - p:stopfirst= true
[INFO ] fr.inria.astor.core.setup.ConfigurationProperties.print(ConfigurationProperties.java:69) - p:multipointmodification= false
[INFO ] fr.inria.astor.core.setup.ConfigurationProperties.print(ConfigurationProperties.java:69) - p:elementsToMutate= 10
[INFO ] fr.inria.astor.core.setup.ConfigurationProperties.print(ConfigurationProperties.java:69) - p:jsonoutputname= astor_output
[INFO ] fr.inria.astor.core.setup.ConfigurationProperties.print(ConfigurationProperties.java:69) - p:evoDSE= false
[INFO ] fr.inria.astor.core.setup.ConfigurationProperties.print(ConfigurationProperties.java:69) - p:bintestfolder= target/test-classes
[INFO ] fr.inria.astor.core.setup.ConfigurationProperties.print(ConfigurationProperties.java:69) - p:testbystep= false
[INFO ] fr.inria.astor.core.setup.ConfigurationProperties.print(ConfigurationProperties.java:69) - p:version-location= ./math-version/
[INFO ] fr.inria.astor.core.setup.ConfigurationProperties.print(ConfigurationProperties.java:69) - p:reintroduce= PARENTS:ORIGINAL
[INFO ] fr.inria.astor.core.setup.ConfigurationProperties.print(ConfigurationProperties.java:69) - p:executorjar= ./lib/jtestex7.jar
[INFO ] fr.inria.astor.core.setup.ConfigurationProperties.print(ConfigurationProperties.java:69) - p:maxGeneration= 1000000
[INFO ] fr.inria.astor.core.setup.ConfigurationProperties.print(ConfigurationProperties.java:69) - p:max_synthesis_step= 10000
[INFO ] fr.inria.astor.core.setup.ConfigurationProperties.print(ConfigurationProperties.java:69) - p:maxVarCombination= 1000
[INFO ] fr.inria.astor.core.setup.ConfigurationProperties.print(ConfigurationProperties.java:69) - p:maxtime= 120
[INFO ] fr.inria.astor.core.setup.ConfigurationProperties.print(ConfigurationProperties.java:69) - p:evosuitejar= ./lib/evosuite-master-1.0.4-SNAPSHOT.jar
[INFO ] fr.inria.astor.core.setup.ConfigurationProperties.print(ConfigurationProperties.java:69) - p:jvmversion= 1.7.0-u80-unofficial
[INFO ] fr.inria.astor.core.setup.ConfigurationProperties.print(ConfigurationProperties.java:69) - p:commandTrunk= 50000
[INFO ] fr.inria.astor.core.setup.ConfigurationProperties.print(ConfigurationProperties.java:69) - p:faultlocalization= gzoltar
[INFO ] fr.inria.astor.core.setup.ConfigurationProperties.print(ConfigurationProperties.java:69) - p:resetmodel= true
[INFO ] fr.inria.astor.core.setup.ConfigurationProperties.print(ConfigurationProperties.java:69) - p:maxsuspcandidates= 1000
[INFO ] fr.inria.astor.core.setup.ConfigurationProperties.print(ConfigurationProperties.java:69) - p:mode= jgenprog
[INFO ] fr.inria.astor.core.setup.ConfigurationProperties.print(ConfigurationProperties.java:69) - p:learningdir= 
[INFO ] fr.inria.astor.core.setup.ConfigurationProperties.print(ConfigurationProperties.java:69) - p:jvm4evosuitetestexecution= /home/tdurieux/openjdk-1.7.0/bin/
[INFO ] fr.inria.astor.core.setup.ConfigurationProperties.print(ConfigurationProperties.java:69) - p:filterfaultlocalization= true
[INFO ] fr.inria.astor.core.setup.ConfigurationProperties.print(ConfigurationProperties.java:69) - p:mutationrate= 1 
[INFO ] fr.inria.astor.core.setup.ConfigurationProperties.print(ConfigurationProperties.java:69) - p:pathToMVNRepository= 
[INFO ] fr.inria.astor.core.setup.ConfigurationProperties.print(ConfigurationProperties.java:69) - p:resourcesfolder= /src/main/resources:/src/test/resources:
[INFO ] fr.inria.astor.core.setup.ConfigurationProperties.print(ConfigurationProperties.java:69) - p:runjava7code= false
[INFO ] fr.inria.astor.core.setup.ConfigurationProperties.print(ConfigurationProperties.java:69) - p:timezone= America/Los_Angeles
[INFO ] fr.inria.astor.core.setup.ConfigurationProperties.print(ConfigurationProperties.java:69) - p:evoRunOnBuggyClass= true
[INFO ] fr.inria.astor.core.setup.ConfigurationProperties.print(ConfigurationProperties.java:69) - p:compiler= fr.inria.astor.core.manipulation.bytecode.compiler.SpoonClassCompiler
[INFO ] fr.inria.astor.core.setup.ConfigurationProperties.print(ConfigurationProperties.java:69) - p:limitbysuspicious= true
[INFO ] fr.inria.astor.core.setup.ConfigurationProperties.print(ConfigurationProperties.java:69) - p:logsattemps= true
[INFO ] fr.inria.astor.core.setup.ConfigurationProperties.print(ConfigurationProperties.java:69) - p:dependenciespath= /home/tdurieux/.m2/repository/junit/junit/4.11/junit-4.11.jar:/home/tdurieux/.m2/repository/org/hamcrest/hamcrest-core/1.3/hamcrest-core-1.3.jar
[INFO ] fr.inria.astor.core.setup.ConfigurationProperties.print(ConfigurationProperties.java:69) - p:logpatternlayout= [%-5p] %l - %m%n
[INFO ] fr.inria.astor.core.setup.ConfigurationProperties.print(ConfigurationProperties.java:69) - p:packageToInstrument= 
[INFO ] fr.inria.astor.core.setup.ConfigurationProperties.print(ConfigurationProperties.java:69) - p:skipfaultlocalization= false
[INFO ] fr.inria.astor.core.setup.ConfigurationProperties.print(ConfigurationProperties.java:69) - p:scope= local
[INFO ] fr.inria.astor.core.setup.ConfigurationProperties.print(ConfigurationProperties.java:69) - p:transformingredient= false
[INFO ] fr.inria.astor.core.setup.ConfigurationProperties.print(ConfigurationProperties.java:69) - p:fitnessfunction= fr.inria.astor.core.solutionsearch.population.TestCaseFitnessFunction
[INFO ] fr.inria.astor.core.setup.ConfigurationProperties.print(ConfigurationProperties.java:69) - p:maxnumvariablesperingredient= 10
[INFO ] fr.inria.astor.core.setup.ConfigurationProperties.print(ConfigurationProperties.java:69) - p:parsesourcefromoriginal= false
[INFO ] fr.inria.astor.core.setup.ConfigurationProperties.print(ConfigurationProperties.java:69) - p:pvariantfoldername= variant-
[INFO ] fr.inria.astor.core.setup.ConfigurationProperties.print(ConfigurationProperties.java:69) - p:savespoonmodelondisk= false
[INFO ] fr.inria.astor.core.setup.ConfigurationProperties.print(ConfigurationProperties.java:69) - p:srcjavafolder= src/main/java
[INFO ] fr.inria.astor.core.setup.ConfigurationProperties.print(ConfigurationProperties.java:69) - p:populationcontroller= fr.inria.astor.core.solutionsearch.population.TestCaseBasedFitnessPopulationController
[INFO ] fr.inria.astor.core.setup.ConfigurationProperties.print(ConfigurationProperties.java:69) - p:ignoreflakyinfl= false
[INFO ] fr.inria.astor.core.setup.ConfigurationProperties.print(ConfigurationProperties.java:69) - p:cleantemplates= true
[INFO ] fr.inria.astor.core.setup.ConfigurationProperties.print(ConfigurationProperties.java:69) - p:applyCrossover= false
[INFO ] fr.inria.astor.core.setup.ConfigurationProperties.print(ConfigurationProperties.java:69) - p:maxmodificationpoints= 1000
[INFO ] fr.inria.astor.core.setup.ConfigurationProperties.print(ConfigurationProperties.java:69) - p:duplicateingredientsinspace= false
[INFO ] fr.inria.astor.core.setup.ConfigurationProperties.print(ConfigurationProperties.java:69) - p:saveall= false
[INFO ] fr.inria.astor.core.setup.ConfigurationProperties.print(ConfigurationProperties.java:69) - p:seed= 0
[INFO ] fr.inria.astor.core.setup.ConfigurationProperties.print(ConfigurationProperties.java:69) - p:savecompletepatched= true
[INFO ] fr.inria.astor.core.setup.ConfigurationProperties.print(ConfigurationProperties.java:69) - p:resetoperations= false
[INFO ] fr.inria.astor.core.setup.ConfigurationProperties.print(ConfigurationProperties.java:69) - p:processoutputinfile= false
[INFO ] fr.inria.astor.core.setup.ConfigurationProperties.print(ConfigurationProperties.java:69) - p:location= .
[INFO ] fr.inria.astor.core.setup.ConfigurationProperties.print(ConfigurationProperties.java:69) - p:probabilistictransformation= true
[INFO ] fr.inria.astor.core.setup.ConfigurationProperties.print(ConfigurationProperties.java:69) - p:overridemaxtime= true
[INFO ] fr.inria.astor.core.setup.ConfigurationProperties.print(ConfigurationProperties.java:69) - p:allpoints= false
[INFO ] fr.inria.astor.core.setup.ConfigurationProperties.print(ConfigurationProperties.java:69) - p:bugId= 280
[INFO ] fr.inria.astor.core.setup.ConfigurationProperties.print(ConfigurationProperties.java:69) - p:evosuitetimeout= 120
[INFO ] fr.inria.astor.core.setup.ConfigurationProperties.print(ConfigurationProperties.java:69) - p:nrPlaceholders= 1
[INFO ] fr.inria.astor.core.setup.ConfigurationProperties.print(ConfigurationProperties.java:69) - p:forcesubprocesskilling= true
[INFO ] fr.inria.astor.core.setup.ConfigurationProperties.print(ConfigurationProperties.java:71) - ----------------------------
[INFO ] fr.inria.astor.core.solutionsearch.EvolutionarySearchEngine.startEvolution(EvolutionarySearchEngine.java:40) - 
----Starting Solution Search
[ERROR] fr.inria.astor.core.solutionsearch.AstorCoreEngine.validateReversedOriginalVariant(AstorCoreEngine.java:346) - Error variant :32 the model was not the same from the original after this generation
[ERROR] fr.inria.astor.core.solutionsearch.AstorCoreEngine.validateReversedOriginalVariant(AstorCoreEngine.java:364) - Undo Error: diff: 
/var/lib/oar/.batch_job_bashrc: line 5: /home/tdurieux/.bashrc: No such file or directory
--- introclassJava.smallest_95362737_009
+++ introclassJava.smallest_95362737_009
@@ -17,7 +17,7 @@
 	public void exec() throws java.lang.Exception {
 		introclassJava.IntObj a = new introclassJava.IntObj(); 		introclassJava.IntObj b = new introclassJava.IntObj(); 		introclassJava.IntObj c = new introclassJava.IntObj(); 		introclassJava.IntObj d = 
 		new introclassJava.IntObj();
-		output += 
+		this.output += 
 		java.lang.String.format("Please enter 4 numbers seperated by spaces > ");
 		a.value = scanner.nextInt();
 		b.value = scanner.nextInt();
@@ -26,25 +26,25 @@
 		if ((a.value) > (b.value)) {
 			if ((b.value) > (c.value)) {
 				if ((c.value) > (d.value)) {
-					output += java.lang.String.format("%d is the smallest\n", d.value);
+					this.output += java.lang.String.format("%d is the smallest\n", d.value);
 				}else {
-					output += java.lang.String.format("%d is the smallest\n", c.value);
+					this.output += java.lang.String.format("%d is the smallest\n", c.value);
 				}
 			}else 				if ((b.value) > (d.value)) {
-					output += java.lang.String.format("%d is the smallest\n", d.value);
+					this.output += java.lang.String.format("%d is the smallest\n", d.value);
 				}else {
-					output += java.lang.String.format("%d is the smallesst\n", b.value);
+					this.output += java.lang.String.format("%d is the smallesst\n", b.value);
 				}
 		}else 			if ((a.value) > (c.value)) {
 				if ((c.value) > (d.value)) {
-					output += java.lang.String.format("%d is the smallest\n", d.value);
+					this.output += java.lang.String.format("%d is the smallest\n", d.value);
 				}else {
-					output += java.lang.String.format("%d is the smallest\n", c.value);
+					this.output += java.lang.String.format("%d is the smallest\n", c.value);
 				}
 			}else 				if ((a.value) > (d.value)) {
-					output += java.lang.String.format("%d is the smallest\n", d.value);
+					this.output += java.lang.String.format("%d is the smallest\n", d.value);
 				}else {
-					output += java.lang.String.format("%d is the smallest\n", a.value);
+					this.output += java.lang.String.format("%d is the smallest\n", a.value);
 				}
 		if (true)
 			return;

[ERROR] fr.inria.astor.core.solutionsearch.AstorCoreEngine.validateReversedOriginalVariant(AstorCoreEngine.java:346) - Error variant :278 the model was not the same from the original after this generation
[ERROR] fr.inria.astor.core.solutionsearch.AstorCoreEngine.validateReversedOriginalVariant(AstorCoreEngine.java:364) - Undo Error: diff: 
/var/lib/oar/.batch_job_bashrc: line 5: /home/tdurieux/.bashrc: No such file or directory
--- introclassJava.smallest_95362737_009
+++ introclassJava.smallest_95362737_009
@@ -47,6 +47,6 @@
 					this.output += java.lang.String.format("%d is the smallest\n", a.value);
 				}
 		if (true)
-			return;
+		{ 			return;}
 	}
 }
\ No newline at end of file

[ERROR] fr.inria.astor.core.solutionsearch.AstorCoreEngine.validateReversedOriginalVariant(AstorCoreEngine.java:346) - Error variant :554 the model was not the same from the original after this generation
[ERROR] fr.inria.astor.core.solutionsearch.AstorCoreEngine.validateReversedOriginalVariant(AstorCoreEngine.java:364) - Undo Error: diff: 
/var/lib/oar/.batch_job_bashrc: line 5: /home/tdurieux/.bashrc: No such file or directory
--- introclassJava.smallest_95362737_009
+++ introclassJava.smallest_95362737_009
@@ -35,7 +35,7 @@
 				}else {
 					this.output += java.lang.String.format("%d is the smallesst\n", b.value);
 				}
-		}else 			if ((a.value) > (c.value)) {
+		}else { 			if ((a.value) > (c.value)) {
 				if ((c.value) > (d.value)) {
 					this.output += java.lang.String.format("%d is the smallest\n", d.value);
 				}else {
@@ -45,7 +45,7 @@
 					this.output += java.lang.String.format("%d is the smallest\n", d.value);
 				}else {
 					this.output += java.lang.String.format("%d is the smallest\n", a.value);
-				}
+				}}
 		if (true) 
 		{ 			return;}
 	}

[ERROR] fr.inria.astor.core.solutionsearch.AstorCoreEngine.validateReversedOriginalVariant(AstorCoreEngine.java:346) - Error variant :982 the model was not the same from the original after this generation
[ERROR] fr.inria.astor.core.solutionsearch.AstorCoreEngine.validateReversedOriginalVariant(AstorCoreEngine.java:364) - Undo Error: diff: 
/var/lib/oar/.batch_job_bashrc: line 5: /home/tdurieux/.bashrc: No such file or directory
--- introclassJava.smallest_95362737_009
+++ introclassJava.smallest_95362737_009
@@ -30,11 +30,11 @@
 				}else {
 					this.output += java.lang.String.format("%d is the smallest\n", c.value);
 				}
-			}else 				if ((b.value) > (d.value)) {
+			}else { 				if ((b.value) > (d.value)) {
 					this.output += java.lang.String.format("%d is the smallest\n", d.value);
 				}else {
 					this.output += java.lang.String.format("%d is the smallesst\n", b.value);
-				}
+				}}
 		}else { 			if ((a.value) > (c.value)) {
 				if ((c.value) > (d.value)) {
 					this.output += java.lang.String.format("%d is the smallest\n", d.value);

[ERROR] fr.inria.astor.core.solutionsearch.AstorCoreEngine.validateReversedOriginalVariant(AstorCoreEngine.java:346) - Error variant :1178 the model was not the same from the original after this generation
[ERROR] fr.inria.astor.core.solutionsearch.AstorCoreEngine.validateReversedOriginalVariant(AstorCoreEngine.java:364) - Undo Error: diff: 
/var/lib/oar/.batch_job_bashrc: line 5: /home/tdurieux/.bashrc: No such file or directory
--- introclassJava.smallest_95362737_009
+++ introclassJava.smallest_95362737_009
@@ -41,11 +41,11 @@
 				}else {
 					this.output += java.lang.String.format("%d is the smallest\n", c.value);
 				}
-			}else 				if ((a.value) > (d.value)) {
+			}else { 				if ((a.value) > (d.value)) {
 					this.output += java.lang.String.format("%d is the smallest\n", d.value);
 				}else {
 					this.output += java.lang.String.format("%d is the smallest\n", a.value);
-				}}
+				}}}
 		if (true) 
 		{ 			return;}
 	}

[INFO ] fr.inria.astor.core.solutionsearch.AstorCoreEngine.belowMaxTime(AstorCoreEngine.java:265) - 
 No more time for operating
[INFO ] fr.inria.astor.core.solutionsearch.AstorCoreEngine.atEnd(AstorCoreEngine.java:168) - Time Repair Loop (s): 7200.716
[INFO ] fr.inria.astor.core.solutionsearch.AstorCoreEngine.atEnd(AstorCoreEngine.java:170) - generationsexecuted: 43877
[INFO ] fr.inria.astor.core.solutionsearch.AstorCoreEngine.printFinalStatus(AstorCoreEngine.java:234) - 
----SUMMARY_EXECUTION---
[INFO ] fr.inria.astor.core.solutionsearch.AstorCoreEngine.atEnd(AstorCoreEngine.java:184) - 
 --SOLUTIONS DESCRIPTION--


Astor Output:

General stats:
EXECUTION_IDENTIFIER=smallest-95362737dcd262ddd67b0fe1381c25f1e6b885860b4e51efb6f57223dceb77b4c6c7d855e3fe891c10cd51b48c9b052cf2c74f181a28d3020d77a4a2d6e4db18_009
TOTAL_TIME=7200.716
NR_GENERATIONS=43877
NR_RIGHT_COMPILATIONS=30358
NR_FAILLING_COMPILATIONS=13519
NR_ERRONEOUS_VARIANCES=null
NR_FAILING_VALIDATION_PROCESS=null
OUTPUT_STATUS=TIME_OUT

Patch stats:

[INFO ] fr.inria.astor.core.output.PatchJSONStandarOutput.produceOutput(PatchJSONStandarOutput.java:103) - Storing ing JSON at /tmp/jGenProg_IntroClassJava_smallest_95362737dcd262ddd67b0fe1381c25f1e6b885860b4e51efb6f57223dceb77b4c6c7d855e3fe891c10cd51b48c9b052cf2c74f181a28d3020d77a4a2d6e4db18_009/./output_astor/AstorMain-smallest-95362737dcd262ddd67b0fe1381c25f1e6b885860b4e51efb6f57223dceb77b4c6c7d855e3fe891c10cd51b48c9b052cf2c74f181a28d3020d77a4a2d6e4db18_009//astor_output.json
[INFO ] fr.inria.astor.core.output.PatchJSONStandarOutput.produceOutput(PatchJSONStandarOutput.java:104) - astor_output:
{"general":{"NR_RIGHT_COMPILATIONS":30358,"NR_ERRONEOUS_VARIANCES":null,"EXECUTION_IDENTIFIER":"smallest-95362737dcd262ddd67b0fe1381c25f1e6b885860b4e51efb6f57223dceb77b4c6c7d855e3fe891c10cd51b48c9b052cf2c74f181a28d3020d77a4a2d6e4db18_009","OUTPUT_STATUS":"TIME_OUT","NR_FAILLING_COMPILATIONS":13519,"NR_GENERATIONS":43877,"TOTAL_TIME":7200.716,"NR_FAILING_VALIDATION_PROCESS":null},"patches":[]}
[INFO ] fr.inria.main.evolution.AstorMain.run(AstorMain.java:200) - Time Total(s): 7203.912
21332.33user 830.63system 2:00:04elapsed 307%CPU (0avgtext+0avgdata 4578756maxresident)k
81144inputs+2274592outputs (30major+212588555minor)pagefaults 0swaps


Node: grisou-41.nancy.grid5000.fr



Date: Thu Dec  6 20:50:39 EST 2018

