cd /tmp/jKali_Bug_dot_jar_Commons-Math_faf99727;
export JAVA_TOOL_OPTIONS="-Dfile.encoding=UTF8 -Duser.language=en-US -Duser.country=US -Duser.language=en";
TZ="America/New_York"; export TZ;
export PATH="/usr/lib/jvm/java-1.8.0-openjdk-amd64/bin/:$PATH";
export JAVA_HOME="/usr/lib/jvm/java-1.8.0-openjdk-amd64/bin/";
time java -Xmx4g -Xms1g -cp /home/tdurieux/defects4j4repair/script/../libs/jtestex7.jar:/home/tdurieux/defects4j4repair/script/../repair_tools/astor.jar fr.inria.main.evolution.AstorMain \
	-mode jkali \
	-location . \
	-id Commons-Math-faf99727 \
	-failing org.apache.commons.math3.geometry.enclosing.WelzlEncloser2DTest \
	-jvm4testexecution /home/tdurieux/openjdk-1.7.0/bin/ \
	-jvm4evosuitetestexecution /home/tdurieux/openjdk-1.7.0/bin/ \
	-maxgen 1000000 \
	-maxtime 120 \
	-stopfirst true \
	-seed 0 \
	-scope local \
	-population 1 \
	-javacompliancelevel 7 \
	-srcjavafolder src/main/java \
	-srctestfolder src/test/java \
	-binjavafolder target/classes \
	-bintestfolder target/test-classes \
	-parameters x:x \
	-dependencies /home/tdurieux/.m2/repository/junit/junit/4.11/junit-4.11.jar:/home/tdurieux/.m2/repository/org/hamcrest/hamcrest-core/1.3/hamcrest-core-1.3.jar;
	echo "\n\nNode: `hostname`\n";
	echo "\n\nDate: `date`\n";
Picked up JAVA_TOOL_OPTIONS: -Dfile.encoding=UTF8 -Duser.language=en-US -Duser.country=US -Duser.language=en
2018-12-30 15:42:38,047 INFO main - command line arguments: [-mode  jkali  -location  .  -id  Commons-Math-faf99727  -failing  org.apache.commons.math3.geometry.enclosing.WelzlEncloser2DTest  -jvm4testexecution  /home/tdurieux/openjdk-1.7.0/bin/  -jvm4evosuitetestexecution  /home/tdurieux/openjdk-1.7.0/bin/  -maxgen  1000000  -maxtime  120  -stopfirst  true  -seed  0  -scope  local  -population  1  -javacompliancelevel  7  -srcjavafolder  src/main/java  -srctestfolder  src/test/java  -binjavafolder  target/classes  -bintestfolder  target/test-classes  -parameters  x:x  -dependencies  /home/tdurieux/.m2/repository/junit/junit/4.11/junit-4.11.jar:/home/tdurieux/.m2/repository/org/hamcrest/hamcrest-core/1.3/hamcrest-core-1.3.jar]
2018-12-30 15:42:38,061 INFO fr.inria.main.evolution.AstorMain - Running Astor on a JDK at /usr/lib/jvm/java-8-openjdk-amd64/jre
[INFO ] fr.inria.main.AbstractMain.determineSourceFolders(AbstractMain.java:842) - Source folders: [/tmp/jKali_Bug_dot_jar_Commons-Math_faf99727/./src/main/java]
[INFO ] fr.inria.main.AbstractMain.determineSourceFolders(AbstractMain.java:861) - Source Test folders: [/tmp/jKali_Bug_dot_jar_Commons-Math_faf99727/./src/test/java]
[INFO ] fr.inria.astor.core.faultlocalization.gzoltar.GZoltarFaultLocalization.calculateSuspicious(GZoltarFaultLocalization.java:75) - -Executing Gzoltar classpath: /tmp/jKali_Bug_dot_jar_Commons-Math_faf99727/./output_astor/AstorMain-Commons-Math-faf99727//bin//default from 455 classes with test cases
[INFO ] fr.inria.astor.core.faultlocalization.gzoltar.GZoltarFaultLocalization.searchSuspicious(GZoltarFaultLocalization.java:149) - Gzoltar fault localization: min susp value parameter: 0.1
[INFO ] fr.inria.astor.core.faultlocalization.gzoltar.GZoltarFaultLocalization.searchSuspicious(GZoltarFaultLocalization.java:169) - -gz-Adding classpath: [/tmp/jKali_Bug_dot_jar_Commons-Math_faf99727/./output_astor/AstorMain-Commons-Math-faf99727//bin//default, /home/tdurieux/.m2/repository/junit/junit/4.11/junit-4.11.jar, /home/tdurieux/.m2/repository/org/hamcrest/hamcrest-core/1.3/hamcrest-core-1.3.jar]
[INFO ] fr.inria.astor.core.faultlocalization.gzoltar.GZoltarFaultLocalization.searchSuspicious(GZoltarFaultLocalization.java:206) - Test failt: org.apache.commons.math3.util.FastMathTest#checkMissingFastMathClasses
[INFO ] fr.inria.astor.core.faultlocalization.gzoltar.GZoltarFaultLocalization.searchSuspicious(GZoltarFaultLocalization.java:206) - Test failt: org.apache.commons.math3.geometry.enclosing.WelzlEncloser2DTest#testReducingBall1
[INFO ] fr.inria.astor.core.faultlocalization.gzoltar.GZoltarFaultLocalization.searchSuspicious(GZoltarFaultLocalization.java:206) - Test failt: org.apache.commons.math3.geometry.enclosing.WelzlEncloser2DTest#testLargeSamples
[INFO ] fr.inria.astor.core.faultlocalization.gzoltar.GZoltarFaultLocalization.searchSuspicious(GZoltarFaultLocalization.java:206) - Test failt: org.apache.commons.math3.ml.neuralnet.NetworkTest#testIterationOrder
[INFO ] fr.inria.astor.core.faultlocalization.gzoltar.GZoltarFaultLocalization.searchSuspicious(GZoltarFaultLocalization.java:218) - Gzoltar Test Result Total:5641, fails: 4, GZoltar suspicious 39761, with positive susp 337
[INFO ] fr.inria.astor.core.faultlocalization.gzoltar.GZoltarFaultLocalization.searchSuspicious(GZoltarFaultLocalization.java:226) - nr test results 5641
[INFO ] fr.inria.astor.core.faultlocalization.gzoltar.GZoltarFaultLocalization.searchSuspicious(GZoltarFaultLocalization.java:271) - Gzoltar found: 179 with susp > 0.1, we consider: 179
[INFO ] fr.inria.astor.core.solutionsearch.AstorCoreEngine.initPopulation(AstorCoreEngine.java:689) - 
---- Creating spoon model
[INFO ] fr.inria.astor.core.solutionsearch.AstorCoreEngine.initModel(AstorCoreEngine.java:781) - Creating model,  Code location from working folder: /tmp/jKali_Bug_dot_jar_Commons-Math_faf99727/./output_astor/AstorMain-Commons-Math-faf99727//src//default
[INFO ] fr.inria.astor.core.manipulation.MutationSupporter.buildModel(MutationSupporter.java:65) - building model: /tmp/jKali_Bug_dot_jar_Commons-Math_faf99727/./output_astor/AstorMain-Commons-Math-faf99727//src//default, compliance level: 7
[INFO ] fr.inria.astor.core.manipulation.MutationSupporter.buildModel(MutationSupporter.java:78) - Classpath for building SpoonModel [/home/tdurieux/.m2/repository/junit/junit/4.11/junit-4.11.jar, /home/tdurieux/.m2/repository/org/hamcrest/hamcrest-core/1.3/hamcrest-core-1.3.jar]
[INFO ] fr.inria.astor.core.solutionsearch.AstorCoreEngine.initPopulation(AstorCoreEngine.java:693) - 
---- Initial suspicious size: 176
[INFO ] fr.inria.astor.core.solutionsearch.population.ProgramVariantFactory.createProgramInstance(ProgramVariantFactory.java:127) - Total suspicious from FL: 176,  158
[INFO ] fr.inria.astor.core.solutionsearch.population.ProgramVariantFactory.createProgramInstance(ProgramVariantFactory.java:136) - Total ModPoint created: 158
[INFO ] fr.inria.astor.core.solutionsearch.population.ProgramVariantFactory.createInitialPopulation(ProgramVariantFactory.java:82) - Creating program variant #1, [Variant id: 1, #gens: 158, #ops: 0, parent:-]
[INFO ] fr.inria.astor.core.setup.ConfigurationProperties.print(ConfigurationProperties.java:66) - ----------------------------
[INFO ] fr.inria.astor.core.setup.ConfigurationProperties.print(ConfigurationProperties.java:67) - ---Configuration properties:---Execution values
[INFO ] fr.inria.astor.core.setup.ConfigurationProperties.print(ConfigurationProperties.java:69) - p:lastJUnitVersion= ./examples/libs/junit-4.11.jar
[INFO ] fr.inria.astor.core.setup.ConfigurationProperties.print(ConfigurationProperties.java:69) - p:alternativecompliancelevel= 4
[INFO ] fr.inria.astor.core.setup.ConfigurationProperties.print(ConfigurationProperties.java:69) - p:ignoredTestCases= 
[INFO ] fr.inria.astor.core.setup.ConfigurationProperties.print(ConfigurationProperties.java:69) - p:workingDirectory= /tmp/jKali_Bug_dot_jar_Commons-Math_faf99727/./output_astor
[INFO ] fr.inria.astor.core.setup.ConfigurationProperties.print(ConfigurationProperties.java:69) - p:manipulatesuper= false
[INFO ] fr.inria.astor.core.setup.ConfigurationProperties.print(ConfigurationProperties.java:69) - p:validation= process
[INFO ] fr.inria.astor.core.setup.ConfigurationProperties.print(ConfigurationProperties.java:69) - p:jvm4testexecution= /home/tdurieux/openjdk-1.7.0/bin/
[INFO ] fr.inria.astor.core.setup.ConfigurationProperties.print(ConfigurationProperties.java:69) - p:operatorspace= suppression
[INFO ] fr.inria.astor.core.setup.ConfigurationProperties.print(ConfigurationProperties.java:69) - p:disablelog= false
[INFO ] fr.inria.astor.core.setup.ConfigurationProperties.print(ConfigurationProperties.java:69) - p:binjavafolder= target/classes
[INFO ] fr.inria.astor.core.setup.ConfigurationProperties.print(ConfigurationProperties.java:69) - p:synthesis_depth= 3
[INFO ] fr.inria.astor.core.setup.ConfigurationProperties.print(ConfigurationProperties.java:69) - p:gzoltartestpackagetoexclude= junit.framework
[INFO ] fr.inria.astor.core.setup.ConfigurationProperties.print(ConfigurationProperties.java:69) - p:skipfitnessinitialpopulation= false
[INFO ] fr.inria.astor.core.setup.ConfigurationProperties.print(ConfigurationProperties.java:69) - p:evosuiteresultfolder= evosuite
[INFO ] fr.inria.astor.core.setup.ConfigurationProperties.print(ConfigurationProperties.java:69) - p:flthreshold= 0.1
[INFO ] fr.inria.astor.core.setup.ConfigurationProperties.print(ConfigurationProperties.java:69) - p:regressionforfaultlocalization= true
[INFO ] fr.inria.astor.core.setup.ConfigurationProperties.print(ConfigurationProperties.java:69) - p:collectonlyusedmethod= false
[INFO ] fr.inria.astor.core.setup.ConfigurationProperties.print(ConfigurationProperties.java:69) - p:preservelinenumbers= true
[INFO ] fr.inria.astor.core.setup.ConfigurationProperties.print(ConfigurationProperties.java:69) - p:tmax2= 447228
[INFO ] fr.inria.astor.core.setup.ConfigurationProperties.print(ConfigurationProperties.java:69) - p:tmax1= 10000
[INFO ] fr.inria.astor.core.setup.ConfigurationProperties.print(ConfigurationProperties.java:69) - p:probagenmutation= false
[INFO ] fr.inria.astor.core.setup.ConfigurationProperties.print(ConfigurationProperties.java:69) - p:nomodificationconvergence= 100
[INFO ] fr.inria.astor.core.setup.ConfigurationProperties.print(ConfigurationProperties.java:69) - p:targetelementprocessor= statements
[INFO ] fr.inria.astor.core.setup.ConfigurationProperties.print(ConfigurationProperties.java:69) - p:srctestfolder= src/test/java
[INFO ] fr.inria.astor.core.setup.ConfigurationProperties.print(ConfigurationProperties.java:69) - p:forceExecuteRegression= false
[INFO ] fr.inria.astor.core.setup.ConfigurationProperties.print(ConfigurationProperties.java:69) - p:clusteringfilename= clustering.csv
[INFO ] fr.inria.astor.core.setup.ConfigurationProperties.print(ConfigurationProperties.java:69) - p:failing= org.apache.commons.math3.geometry.enclosing.WelzlEncloser2DTest
[INFO ] fr.inria.astor.core.setup.ConfigurationProperties.print(ConfigurationProperties.java:69) - p:logtestexecution= false
[INFO ] fr.inria.astor.core.setup.ConfigurationProperties.print(ConfigurationProperties.java:69) - p:evo_buggy_class= true
[INFO ] fr.inria.astor.core.setup.ConfigurationProperties.print(ConfigurationProperties.java:69) - p:numberExecutions= 1
[INFO ] fr.inria.astor.core.setup.ConfigurationProperties.print(ConfigurationProperties.java:69) - p:maxnumbersolutions= 1000000
[INFO ] fr.inria.astor.core.setup.ConfigurationProperties.print(ConfigurationProperties.java:69) - p:evo_affected_by_op= true
[INFO ] fr.inria.astor.core.setup.ConfigurationProperties.print(ConfigurationProperties.java:69) - p:population= 1
[INFO ] fr.inria.astor.core.setup.ConfigurationProperties.print(ConfigurationProperties.java:69) - p:considerzerovaluesusp= false
[INFO ] fr.inria.astor.core.setup.ConfigurationProperties.print(ConfigurationProperties.java:69) - p:maxCombinationVariableLimit= false
[INFO ] fr.inria.astor.core.setup.ConfigurationProperties.print(ConfigurationProperties.java:69) - p:loglevel= INFO
[INFO ] fr.inria.astor.core.setup.ConfigurationProperties.print(ConfigurationProperties.java:69) - p:savesolution= true
[INFO ] fr.inria.astor.core.setup.ConfigurationProperties.print(ConfigurationProperties.java:69) - p:javacompliancelevel= 7
[INFO ] fr.inria.astor.core.setup.ConfigurationProperties.print(ConfigurationProperties.java:69) - p:x= x
[INFO ] fr.inria.astor.core.setup.ConfigurationProperties.print(ConfigurationProperties.java:69) - p:uniqueoptogen= false
[INFO ] fr.inria.astor.core.setup.ConfigurationProperties.print(ConfigurationProperties.java:69) - p:gzoltarpackagetonotinstrument= junit.framework
[INFO ] fr.inria.astor.core.setup.ConfigurationProperties.print(ConfigurationProperties.java:69) - p:projectIdentifier= Commons-Math-faf99727
[INFO ] fr.inria.astor.core.setup.ConfigurationProperties.print(ConfigurationProperties.java:69) - p:modificationpointnavigation= weight
[INFO ] fr.inria.astor.core.setup.ConfigurationProperties.print(ConfigurationProperties.java:69) - p:stopfirst= true
[INFO ] fr.inria.astor.core.setup.ConfigurationProperties.print(ConfigurationProperties.java:69) - p:multipointmodification= false
[INFO ] fr.inria.astor.core.setup.ConfigurationProperties.print(ConfigurationProperties.java:69) - p:elementsToMutate= 10
[INFO ] fr.inria.astor.core.setup.ConfigurationProperties.print(ConfigurationProperties.java:69) - p:jsonoutputname= astor_output
[INFO ] fr.inria.astor.core.setup.ConfigurationProperties.print(ConfigurationProperties.java:69) - p:evoDSE= false
[INFO ] fr.inria.astor.core.setup.ConfigurationProperties.print(ConfigurationProperties.java:69) - p:bintestfolder= target/test-classes
[INFO ] fr.inria.astor.core.setup.ConfigurationProperties.print(ConfigurationProperties.java:69) - p:testbystep= false
[INFO ] fr.inria.astor.core.setup.ConfigurationProperties.print(ConfigurationProperties.java:69) - p:version-location= ./math-version/
[INFO ] fr.inria.astor.core.setup.ConfigurationProperties.print(ConfigurationProperties.java:69) - p:reintroduce= PARENTS:ORIGINAL
[INFO ] fr.inria.astor.core.setup.ConfigurationProperties.print(ConfigurationProperties.java:69) - p:executorjar= ./lib/jtestex7.jar
[INFO ] fr.inria.astor.core.setup.ConfigurationProperties.print(ConfigurationProperties.java:69) - p:maxGeneration= 1000000
[INFO ] fr.inria.astor.core.setup.ConfigurationProperties.print(ConfigurationProperties.java:69) - p:max_synthesis_step= 10000
[INFO ] fr.inria.astor.core.setup.ConfigurationProperties.print(ConfigurationProperties.java:69) - p:maxVarCombination= 1000
[INFO ] fr.inria.astor.core.setup.ConfigurationProperties.print(ConfigurationProperties.java:69) - p:maxtime= 120
[INFO ] fr.inria.astor.core.setup.ConfigurationProperties.print(ConfigurationProperties.java:69) - p:evosuitejar= ./lib/evosuite-master-1.0.4-SNAPSHOT.jar
[INFO ] fr.inria.astor.core.setup.ConfigurationProperties.print(ConfigurationProperties.java:69) - p:jvmversion= 1.7.0-u80-unofficial
[INFO ] fr.inria.astor.core.setup.ConfigurationProperties.print(ConfigurationProperties.java:69) - p:commandTrunk= 50000
[INFO ] fr.inria.astor.core.setup.ConfigurationProperties.print(ConfigurationProperties.java:69) - p:faultlocalization= gzoltar
[INFO ] fr.inria.astor.core.setup.ConfigurationProperties.print(ConfigurationProperties.java:69) - p:resetmodel= true
[INFO ] fr.inria.astor.core.setup.ConfigurationProperties.print(ConfigurationProperties.java:69) - p:maxsuspcandidates= 1000
[INFO ] fr.inria.astor.core.setup.ConfigurationProperties.print(ConfigurationProperties.java:69) - p:mode= jkali
[INFO ] fr.inria.astor.core.setup.ConfigurationProperties.print(ConfigurationProperties.java:69) - p:learningdir= 
[INFO ] fr.inria.astor.core.setup.ConfigurationProperties.print(ConfigurationProperties.java:69) - p:jvm4evosuitetestexecution= /home/tdurieux/openjdk-1.7.0/bin/
[INFO ] fr.inria.astor.core.setup.ConfigurationProperties.print(ConfigurationProperties.java:69) - p:filterfaultlocalization= true
[INFO ] fr.inria.astor.core.setup.ConfigurationProperties.print(ConfigurationProperties.java:69) - p:mutationrate= 1 
[INFO ] fr.inria.astor.core.setup.ConfigurationProperties.print(ConfigurationProperties.java:69) - p:pathToMVNRepository= 
[INFO ] fr.inria.astor.core.setup.ConfigurationProperties.print(ConfigurationProperties.java:69) - p:resourcesfolder= /src/main/resources:/src/test/resources:
[INFO ] fr.inria.astor.core.setup.ConfigurationProperties.print(ConfigurationProperties.java:69) - p:runjava7code= false
[INFO ] fr.inria.astor.core.setup.ConfigurationProperties.print(ConfigurationProperties.java:69) - p:timezone= America/Los_Angeles
[INFO ] fr.inria.astor.core.setup.ConfigurationProperties.print(ConfigurationProperties.java:69) - p:evoRunOnBuggyClass= true
[INFO ] fr.inria.astor.core.setup.ConfigurationProperties.print(ConfigurationProperties.java:69) - p:compiler= fr.inria.astor.core.manipulation.bytecode.compiler.SpoonClassCompiler
[INFO ] fr.inria.astor.core.setup.ConfigurationProperties.print(ConfigurationProperties.java:69) - p:limitbysuspicious= true
[INFO ] fr.inria.astor.core.setup.ConfigurationProperties.print(ConfigurationProperties.java:69) - p:logsattemps= true
[INFO ] fr.inria.astor.core.setup.ConfigurationProperties.print(ConfigurationProperties.java:69) - p:dependenciespath= /home/tdurieux/.m2/repository/junit/junit/4.11/junit-4.11.jar:/home/tdurieux/.m2/repository/org/hamcrest/hamcrest-core/1.3/hamcrest-core-1.3.jar
[INFO ] fr.inria.astor.core.setup.ConfigurationProperties.print(ConfigurationProperties.java:69) - p:logpatternlayout= [%-5p] %l - %m%n
[INFO ] fr.inria.astor.core.setup.ConfigurationProperties.print(ConfigurationProperties.java:69) - p:packageToInstrument= 
[INFO ] fr.inria.astor.core.setup.ConfigurationProperties.print(ConfigurationProperties.java:69) - p:skipfaultlocalization= false
[INFO ] fr.inria.astor.core.setup.ConfigurationProperties.print(ConfigurationProperties.java:69) - p:scope= local
[INFO ] fr.inria.astor.core.setup.ConfigurationProperties.print(ConfigurationProperties.java:69) - p:transformingredient= false
[INFO ] fr.inria.astor.core.setup.ConfigurationProperties.print(ConfigurationProperties.java:69) - p:fitnessfunction= fr.inria.astor.core.solutionsearch.population.TestCaseFitnessFunction
[INFO ] fr.inria.astor.core.setup.ConfigurationProperties.print(ConfigurationProperties.java:69) - p:maxnumvariablesperingredient= 10
[INFO ] fr.inria.astor.core.setup.ConfigurationProperties.print(ConfigurationProperties.java:69) - p:parsesourcefromoriginal= false
[INFO ] fr.inria.astor.core.setup.ConfigurationProperties.print(ConfigurationProperties.java:69) - p:pvariantfoldername= variant-
[INFO ] fr.inria.astor.core.setup.ConfigurationProperties.print(ConfigurationProperties.java:69) - p:savespoonmodelondisk= false
[INFO ] fr.inria.astor.core.setup.ConfigurationProperties.print(ConfigurationProperties.java:69) - p:srcjavafolder= src/main/java
[INFO ] fr.inria.astor.core.setup.ConfigurationProperties.print(ConfigurationProperties.java:69) - p:populationcontroller= fr.inria.astor.core.solutionsearch.population.TestCaseBasedFitnessPopulationController
[INFO ] fr.inria.astor.core.setup.ConfigurationProperties.print(ConfigurationProperties.java:69) - p:ignoreflakyinfl= false
[INFO ] fr.inria.astor.core.setup.ConfigurationProperties.print(ConfigurationProperties.java:69) - p:cleantemplates= true
[INFO ] fr.inria.astor.core.setup.ConfigurationProperties.print(ConfigurationProperties.java:69) - p:applyCrossover= false
[INFO ] fr.inria.astor.core.setup.ConfigurationProperties.print(ConfigurationProperties.java:69) - p:maxmodificationpoints= 1000
[INFO ] fr.inria.astor.core.setup.ConfigurationProperties.print(ConfigurationProperties.java:69) - p:duplicateingredientsinspace= false
[INFO ] fr.inria.astor.core.setup.ConfigurationProperties.print(ConfigurationProperties.java:69) - p:saveall= false
[INFO ] fr.inria.astor.core.setup.ConfigurationProperties.print(ConfigurationProperties.java:69) - p:seed= 0
[INFO ] fr.inria.astor.core.setup.ConfigurationProperties.print(ConfigurationProperties.java:69) - p:savecompletepatched= true
[INFO ] fr.inria.astor.core.setup.ConfigurationProperties.print(ConfigurationProperties.java:69) - p:resetoperations= false
[INFO ] fr.inria.astor.core.setup.ConfigurationProperties.print(ConfigurationProperties.java:69) - p:processoutputinfile= false
[INFO ] fr.inria.astor.core.setup.ConfigurationProperties.print(ConfigurationProperties.java:69) - p:location= .
[INFO ] fr.inria.astor.core.setup.ConfigurationProperties.print(ConfigurationProperties.java:69) - p:probabilistictransformation= true
[INFO ] fr.inria.astor.core.setup.ConfigurationProperties.print(ConfigurationProperties.java:69) - p:overridemaxtime= true
[INFO ] fr.inria.astor.core.setup.ConfigurationProperties.print(ConfigurationProperties.java:69) - p:allpoints= false
[INFO ] fr.inria.astor.core.setup.ConfigurationProperties.print(ConfigurationProperties.java:69) - p:bugId= 280
[INFO ] fr.inria.astor.core.setup.ConfigurationProperties.print(ConfigurationProperties.java:69) - p:evosuitetimeout= 120
[INFO ] fr.inria.astor.core.setup.ConfigurationProperties.print(ConfigurationProperties.java:69) - p:nrPlaceholders= 1
[INFO ] fr.inria.astor.core.setup.ConfigurationProperties.print(ConfigurationProperties.java:69) - p:forcesubprocesskilling= true
[INFO ] fr.inria.astor.core.setup.ConfigurationProperties.print(ConfigurationProperties.java:71) - ----------------------------
[INFO ] fr.inria.astor.core.solutionsearch.ExhaustiveSearchEngine.startEvolution(ExhaustiveSearchEngine.java:59) - mod_point MP=org.apache.commons.math3.geometry.enclosing.WelzlEncloser line: 109, pointed element: CtThrowImpl
[INFO ] fr.inria.astor.core.solutionsearch.ExhaustiveSearchEngine.startEvolution(ExhaustiveSearchEngine.java:60) - -->op: OP_INSTANCE:
RemoveOp:(spoon.support.reflect.code.CtThrowImpl) `throw new org.apache.commons.math3.exception.MathInternalError() ` -topatch--> `-` (null) 
[INFO ] fr.inria.astor.core.solutionsearch.AstorCoreEngine.processCreatedVariant(AstorCoreEngine.java:436) - -Found Solution, child variant #2
[INFO ] fr.inria.astor.core.solutionsearch.AstorCoreEngine.atEnd(AstorCoreEngine.java:168) - Time Repair Loop (s): 227.68
[INFO ] fr.inria.astor.core.solutionsearch.AstorCoreEngine.atEnd(AstorCoreEngine.java:170) - generationsexecuted: 1
[INFO ] fr.inria.astor.core.solutionsearch.AstorCoreEngine.printFinalStatus(AstorCoreEngine.java:234) - 
----SUMMARY_EXECUTION---
[INFO ] fr.inria.astor.core.solutionsearch.AstorCoreEngine.atEnd(AstorCoreEngine.java:184) - 
 --SOLUTIONS DESCRIPTION--

 ----
ProgramVariant 2
 
time(sec)= 0
operation: RemoveOp
location= org.apache.commons.math3.geometry.enclosing.WelzlEncloser
line= 109
lineSuspiciousness= 0.707
lineSuspiciousness= 0
original statement= throw new org.apache.commons.math3.exception.MathInternalError()
buggy kind= CtThrowImpl|CtBlockImpl
fixed statement= 
generation= 1
ingredientScope= -
validation=|true|0|5641|[]|
diffpatch=/var/lib/oar/.batch_job_bashrc: line 5: /home/tdurieux/.bashrc: No such file or directory
--- org/apache/commons/math3/geometry/enclosing/WelzlEncloser.java
+++ org/apache/commons/math3/geometry/enclosing/WelzlEncloser.java
@@ -36,7 +36,6 @@
 			org.apache.commons.math3.geometry.enclosing.EnclosingBall<S, P> savedBall = ball;
 			ball = moveToFrontBall(extreme, support);
 			if ((ball.getRadius()) < (savedBall.getRadius())) {
-				throw new org.apache.commons.math3.exception.MathInternalError();
 			}
 			extreme.add(0, farthest);
 			extreme.subList(ball.getSupportSize(), extreme.size()).clear();


diffpatchoriginal=/var/lib/oar/.batch_job_bashrc: line 5: /home/tdurieux/.bashrc: No such file or directory
--- org/apache/commons/math3/geometry/enclosing/WelzlEncloser.java
+++ org/apache/commons/math3/geometry/enclosing/WelzlEncloser.java
@@ -106,7 +106,7 @@
 			ball = moveToFrontBall(extreme, support);
 			if ((ball.getRadius()) < (savedBall.getRadius())) {
 
-				throw new org.apache.commons.math3.exception.MathInternalError();
+
 			}
 
 



Astor Output:

General stats:
EXECUTION_IDENTIFIER=Commons-Math-faf99727
TOTAL_TIME=227.68
NR_GENERATIONS=null
NR_RIGHT_COMPILATIONS=1
NR_FAILLING_COMPILATIONS=null
NR_ERRONEOUS_VARIANCES=null
NR_FAILING_VALIDATION_PROCESS=null
OUTPUT_STATUS=STOP_BY_PATCH_FOUND

Patch stats:

Patch 1
VARIANT_ID=2
TIME=0
VALIDATION=|true|0|5641|[]|
GENERATION=1
FOLDER_SOLUTION_CODE=/tmp/jKali_Bug_dot_jar_Commons-Math_faf99727/./output_astor/AstorMain-Commons-Math-faf99727//bin//variant-2
--Patch Hunk #1
OPERATOR=RemoveOp

LOCATION=org.apache.commons.math3.geometry.enclosing.WelzlEncloser

PATH=/tmp/jKali_Bug_dot_jar_Commons-Math_faf99727/output_astor/AstorMain-Commons-Math-faf99727/src/default/org/apache/commons/math3/geometry/enclosing/WelzlEncloser.java

MODIFIED_FILE_PATH=/tmp/jKali_Bug_dot_jar_Commons-Math_faf99727/./output_astor/AstorMain-Commons-Math-faf99727//src//variant-2_f/org/apache/commons/math3/geometry/enclosing/WelzlEncloser.java

LINE=109

SUSPICIOUNESS=0.707

MP_RANKING=0

ORIGINAL_CODE=throw new org.apache.commons.math3.exception.MathInternalError()

BUGGY_CODE_TYPE=CtThrowImpl|CtBlockImpl

PATCH_HUNK_CODE=null

PATCH_HUNK_TYPE=null

INGREDIENT_SCOPE=null

INGREDIENT_PARENT=null

PATCH_DIFF_ORIG=/var/lib/oar/.batch_job_bashrc: line 5: /home/tdurieux/.bashrc: No such file or directory
--- org/apache/commons/math3/geometry/enclosing/WelzlEncloser.java
+++ org/apache/commons/math3/geometry/enclosing/WelzlEncloser.java
@@ -106,7 +106,7 @@
 			ball = moveToFrontBall(extreme, support);
 			if ((ball.getRadius()) < (savedBall.getRadius())) {
 
-				throw new org.apache.commons.math3.exception.MathInternalError();
+
 			}
 
 



[INFO ] fr.inria.astor.core.output.PatchJSONStandarOutput.produceOutput(PatchJSONStandarOutput.java:103) - Storing ing JSON at /tmp/jKali_Bug_dot_jar_Commons-Math_faf99727/./output_astor/AstorMain-Commons-Math-faf99727//astor_output.json
[INFO ] fr.inria.astor.core.output.PatchJSONStandarOutput.produceOutput(PatchJSONStandarOutput.java:104) - astor_output:
{"general":{"NR_RIGHT_COMPILATIONS":1,"NR_ERRONEOUS_VARIANCES":null,"EXECUTION_IDENTIFIER":"Commons-Math-faf99727","OUTPUT_STATUS":"STOP_BY_PATCH_FOUND","NR_FAILLING_COMPILATIONS":null,"NR_GENERATIONS":null,"TOTAL_TIME":227.68,"NR_FAILING_VALIDATION_PROCESS":null},"patches":[{"VARIANT_ID":"2","VALIDATION":"|true|0|5641|[]|","patchhunks":[{"LOCATION":"org.apache.commons.math3.geometry.enclosing.WelzlEncloser","PATH":"\\\/tmp\\\/jKali_Bug_dot_jar_Commons-Math_faf99727\\\/output_astor\\\/AstorMain-Commons-Math-faf99727\\\/src\\\/default\\\/org\\\/apache\\\/commons\\\/math3\\\/geometry\\\/enclosing\\\/WelzlEncloser.java","ORIGINAL_CODE":"throw new org.apache.commons.math3.exception.MathInternalError()","BUGGY_CODE_TYPE":"CtThrowImpl|CtBlockImpl","OPERATOR":"RemoveOp","MODIFIED_FILE_PATH":"\\\/tmp\\\/jKali_Bug_dot_jar_Commons-Math_faf99727\\\/.\\\/output_astor\\\/AstorMain-Commons-Math-faf99727\\\/\\\/src\\\/\\\/variant-2_f\\\/org\\\/apache\\\/commons\\\/math3\\\/geometry\\\/enclosing\\\/WelzlEncloser.java","LINE":"109","SUSPICIOUNESS":"0.707","MP_RANKING":"0"}],"TIME":"0","GENERATION":"1","FOLDER_SOLUTION_CODE":"\\\/tmp\\\/jKali_Bug_dot_jar_Commons-Math_faf99727\\\/.\\\/output_astor\\\/AstorMain-Commons-Math-faf99727\\\/\\\/bin\\\/\\\/variant-2","PATCH_DIFF_ORIG":"\\\/var\\\/lib\\\/oar\\\/.batch_job_bashrc: line 5: \\\/home\\\/tdurieux\\\/.bashrc: No such file or directory\\n--- org\\\/apache\\\/commons\\\/math3\\\/geometry\\\/enclosing\\\/WelzlEncloser.java\\n+++ org\\\/apache\\\/commons\\\/math3\\\/geometry\\\/enclosing\\\/WelzlEncloser.java\\n@@ -106,7 +106,7 @@\\n \\t\\t\\tball = moveToFrontBall(extreme, support);\\n \\t\\t\\tif ((ball.getRadius()) < (savedBall.getRadius())) {\\n \\n-\\t\\t\\t\\tthrow new org.apache.commons.math3.exception.MathInternalError();\\n+\\n \\t\\t\\t}\\n \\n \\n\\n"}]}
[INFO ] fr.inria.main.evolution.AstorMain.run(AstorMain.java:200) - Time Total(s): 726.466
1044.76user 7.06system 12:07.19elapsed 144%CPU (0avgtext+0avgdata 1380396maxresident)k
87384inputs+64112outputs (31major+1443994minor)pagefaults 0swaps


Node: grisou-45.nancy.grid5000.fr



Date: Sun Dec 30 15:54:44 EST 2018

