cd /tmp/jKali_Bug_dot_jar_Maven_4e955c05;
export JAVA_TOOL_OPTIONS="-Dfile.encoding=UTF8 -Duser.language=en-US -Duser.country=US -Duser.language=en";
TZ="America/New_York"; export TZ;
export PATH="/usr/lib/jvm/java-1.8.0-openjdk-amd64/bin/:$PATH";
export JAVA_HOME="/usr/lib/jvm/java-1.8.0-openjdk-amd64/bin/";
time java -Xmx4g -Xms1g -cp /home/tdurieux/defects4j4repair/script/../libs/jtestex7.jar:/home/tdurieux/defects4j4repair/script/../repair_tools/astor.jar fr.inria.main.evolution.AstorMain \
	-mode jkali \
	-location . \
	-id Maven-4e955c05 \
	-failing org.apache.maven.profiles.DefaultProfileManagerTest \
	-jvm4testexecution /home/tdurieux/openjdk-1.7.0/bin/ \
	-jvm4evosuitetestexecution /home/tdurieux/openjdk-1.7.0/bin/ \
	-maxgen 1000000 \
	-maxtime 120 \
	-stopfirst true \
	-seed 0 \
	-scope local \
	-population 1 \
	-javacompliancelevel 7 \
	-srcjavafolder  \
	-srctestfolder  \
	-binjavafolder  \
	-bintestfolder  \
	-parameters x:x \
	-dependencies /tmp/jKali_Bug_dot_jar_Maven_4e955c05/maven-model/target/classes:/tmp/jKali_Bug_dot_jar_Maven_4e955c05/maven-artifact/target/classes:/tmp/jKali_Bug_dot_jar_Maven_4e955c05/maven-plugin-api/target/classes:/tmp/jKali_Bug_dot_jar_Maven_4e955c05/maven-builder-support/target/classes:/tmp/jKali_Bug_dot_jar_Maven_4e955c05/maven-model-builder/target/classes:/tmp/jKali_Bug_dot_jar_Maven_4e955c05/maven-settings/target/classes:/tmp/jKali_Bug_dot_jar_Maven_4e955c05/maven-settings-builder/target/classes:/tmp/jKali_Bug_dot_jar_Maven_4e955c05/maven-repository-metadata/target/classes:/tmp/jKali_Bug_dot_jar_Maven_4e955c05/maven-resolver-provider/target/classes:/tmp/jKali_Bug_dot_jar_Maven_4e955c05/maven-core/target/classes:/tmp/jKali_Bug_dot_jar_Maven_4e955c05/maven-slf4j-provider/target/classes:/tmp/jKali_Bug_dot_jar_Maven_4e955c05/maven-embedder/target/classes:/tmp/jKali_Bug_dot_jar_Maven_4e955c05/maven-compat/target/classes:/home/tdurieux/.m2/repository/javax/inject/javax.inject/1/javax.inject-1.jar:/home/tdurieux/.m2/repository/javax/annotation/jsr250-api/1.0/jsr250-api-1.0.jar:/home/tdurieux/.m2/repository/org/apache/maven/resolver/maven-resolver-transport-wagon/1.1.0/maven-resolver-transport-wagon-1.1.0.jar:/home/tdurieux/.m2/repository/org/apache/maven/resolver/maven-resolver-api/1.1.0/maven-resolver-api-1.1.0.jar:/home/tdurieux/.m2/repository/org/apache/maven/maven-plugin-api/3.5.3-SNAPSHOT/maven-plugin-api-3.5.3-SNAPSHOT.jar:/home/tdurieux/.m2/repository/xmlunit/xmlunit/1.6/xmlunit-1.6.jar:/home/tdurieux/.m2/repository/org/objenesis/objenesis/2.1/objenesis-2.1.jar:/home/tdurieux/.m2/repository/org/eclipse/sisu/org.eclipse.sisu.inject/0.3.3/org.eclipse.sisu.inject-0.3.3.jar:/home/tdurieux/.m2/repository/org/apache/commons/commons-lang3/3.5/commons-lang3-3.5.jar:/home/tdurieux/.m2/repository/commons-cli/commons-cli/1.4/commons-cli-1.4.jar:/home/tdurieux/.m2/repository/org/apache/maven/resolver/maven-resolver-impl/1.1.0/maven-resolver-impl-1.1.0.jar:/home/tdurieux/.m2/repository/org/codehaus/plexus/plexus-classworlds/2.5.2/plexus-classworlds-2.5.2.jar:/home/tdurieux/.m2/repository/org/apache/maven/maven-settings/3.5.3-SNAPSHOT/maven-settings-3.5.3-SNAPSHOT.jar:/home/tdurieux/.m2/repository/org/apache/maven/maven-settings-builder/3.5.3-SNAPSHOT/maven-settings-builder-3.5.3-SNAPSHOT.jar:/home/tdurieux/.m2/repository/org/apache/maven/resolver/maven-resolver-util/1.1.0/maven-resolver-util-1.1.0.jar:/home/tdurieux/.m2/repository/org/codehaus/plexus/plexus-utils/3.1.0/plexus-utils-3.1.0.jar:/home/tdurieux/.m2/repository/org/eclipse/sisu/org.eclipse.sisu.plexus/0.3.3/org.eclipse.sisu.plexus-0.3.3.jar:/home/tdurieux/.m2/repository/org/apache/maven/wagon/wagon-provider-api/2.12/wagon-provider-api-2.12.jar:/home/tdurieux/.m2/repository/org/apache/maven/maven-resolver-provider/3.5.3-SNAPSHOT/maven-resolver-provider-3.5.3-SNAPSHOT.jar:/home/tdurieux/.m2/repository/org/apache/maven/wagon/wagon-file/2.12/wagon-file-2.12.jar:/home/tdurieux/.m2/repository/org/apache/maven/maven-compat/3.5.3-SNAPSHOT/maven-compat-3.5.3-SNAPSHOT.jar:/home/tdurieux/.m2/repository/org/codehaus/plexus/plexus-interpolation/1.24/plexus-interpolation-1.24.jar:/home/tdurieux/.m2/repository/org/sonatype/plexus/plexus-cipher/1.7/plexus-cipher-1.7.jar:/home/tdurieux/.m2/repository/org/apache/maven/maven-embedder/3.5.3-SNAPSHOT/maven-embedder-3.5.3-SNAPSHOT.jar:/home/tdurieux/.m2/repository/org/mockito/mockito-core/1.10.19/mockito-core-1.10.19.jar:/home/tdurieux/.m2/repository/ch/qos/logback/logback-core/1.2.1/logback-core-1.2.1.jar:/home/tdurieux/.m2/repository/org/apache/maven/maven-core/3.5.3-SNAPSHOT/maven-core-3.5.3-SNAPSHOT.jar:/home/tdurieux/.m2/repository/org/apache/maven/shared/maven-shared-utils/3.1.0/maven-shared-utils-3.1.0.jar:/home/tdurieux/.m2/repository/org/apache/maven/maven-repository-metadata/3.5.3-SNAPSHOT/maven-repository-metadata-3.5.3-SNAPSHOT.jar:/home/tdurieux/.m2/repository/org/apache/maven/resolver/maven-resolver-spi/1.1.0/maven-resolver-spi-1.1.0.jar:/home/tdurieux/.m2/repository/org/codehaus/plexus/plexus-component-annotations/1.7.1/plexus-component-annotations-1.7.1.jar:/home/tdurieux/.m2/repository/aopalliance/aopalliance/1.0/aopalliance-1.0.jar:/home/tdurieux/.m2/repository/org/apache/maven/maven-model/3.5.3-SNAPSHOT/maven-model-3.5.3-SNAPSHOT.jar:/home/tdurieux/.m2/repository/commons-jxpath/commons-jxpath/1.3/commons-jxpath-1.3.jar:/home/tdurieux/.m2/repository/org/apache/maven/maven-model-builder/3.5.3-SNAPSHOT/maven-model-builder-3.5.3-SNAPSHOT.jar:/home/tdurieux/.m2/repository/org/sonatype/plexus/plexus-sec-dispatcher/1.4/plexus-sec-dispatcher-1.4.jar:/home/tdurieux/.m2/repository/ch/qos/logback/logback-classic/1.2.1/logback-classic-1.2.1.jar:/home/tdurieux/.m2/repository/org/apache/maven/maven-builder-support/3.5.3-SNAPSHOT/maven-builder-support-3.5.3-SNAPSHOT.jar:/home/tdurieux/.m2/repository/com/google/inject/guice/4.0/guice-4.0-no_aop.jar:/home/tdurieux/.m2/repository/org/slf4j/slf4j-api/1.7.25/slf4j-api-1.7.25.jar:/home/tdurieux/.m2/repository/org/fusesource/jansi/jansi/1.16/jansi-1.16.jar:/home/tdurieux/.m2/repository/org/hamcrest/hamcrest-core/1.3/hamcrest-core-1.3.jar:/home/tdurieux/.m2/repository/org/slf4j/jcl-over-slf4j/1.7.25/jcl-over-slf4j-1.7.25.jar:/home/tdurieux/.m2/repository/org/apache/maven/maven-artifact/3.5.3-SNAPSHOT/maven-artifact-3.5.3-SNAPSHOT.jar:/home/tdurieux/.m2/repository/org/hamcrest/hamcrest-core/1.1/hamcrest-core-1.1.jar:/home/tdurieux/.m2/repository/commons-io/commons-io/2.5/commons-io-2.5.jar:/home/tdurieux/.m2/repository/junit/junit/4.12/junit-4.12.jar:/home/tdurieux/.m2/repository/com/google/guava/guava/20.0/guava-20.0.jar:/home/tdurieux/.m2/repository/org/apache/maven/maven-slf4j-provider/3.5.3-SNAPSHOT/maven-slf4j-provider-3.5.3-SNAPSHOT.jar:/home/tdurieux/.m2/repository/org/apache/maven/wagon/wagon-http/2.12/wagon-http-2.12-shaded.jar:/home/tdurieux/.m2/repository/org/slf4j/slf4j-simple/1.7.25/slf4j-simple-1.7.25.jar:/home/tdurieux/.m2/repository/org/apache/maven/resolver/maven-resolver-connector-basic/1.1.0/maven-resolver-connector-basic-1.1.0.jar:/home/tdurieux/.m2/repository/javax/enterprise/cdi-api/1.0/cdi-api-1.0.jar;
	echo "\n\nNode: `hostname`\n";
	echo "\n\nDate: `date`\n";
Picked up JAVA_TOOL_OPTIONS: -Dfile.encoding=UTF8 -Duser.language=en-US -Duser.country=US -Duser.language=en
Exception in thread "main" org.apache.commons.cli.MissingArgumentException: Missing argument for option: srcjavafolder
	at org.apache.commons.cli.Parser.processArgs(Parser.java:343)
	at org.apache.commons.cli.Parser.processOption(Parser.java:393)
	at org.apache.commons.cli.Parser.parse(Parser.java:199)
	at org.apache.commons.cli.Parser.parse(Parser.java:85)
	at fr.inria.main.AbstractMain.processArguments(AbstractMain.java:322)
	at fr.inria.main.evolution.AstorMain.execute(AstorMain.java:214)
	at fr.inria.main.evolution.AstorMain.main(AstorMain.java:210)
Command exited with non-zero status 1
0.25user 0.04system 0:00.37elapsed 80%CPU (0avgtext+0avgdata 38328maxresident)k
6640inputs+72outputs (1major+5553minor)pagefaults 0swaps


Node: graphene-102.nancy.grid5000.fr



Date: Sun Dec 30 14:40:27 EST 2018

