cd /tmp/Arja_Bears_dhis2-dhis2-core_365246679-365386294;
export JAVA_TOOL_OPTIONS="-Dfile.encoding=UTF8 -Duser.language=en-US -Duser.country=US -Duser.language=en";
TZ="America/New_York"; export TZ;
export PATH="/usr/lib/jvm/java-1.8.0-openjdk-amd64/bin/:$PATH";
export JAVA_HOME="/usr/lib/jvm/java-1.8.0-openjdk-amd64/bin/";
timeout 120m java -Xmx4048m -cp /home/tdurieux/defects4j4repair/script/../libs/jmetal.jar:/home/tdurieux/defects4j4repair/script/../repair_tools/arja.jar us.msu.cse.repair.Main \
	Arja \
	-DexternalProjRoot /home/tdurieux/defects4j4repair/script/../libs/arja_external \
	-DsrcJavaDir /tmp/Arja_Bears_dhis2-dhis2-core_365246679-365386294/dhis-2/dhis-api/src/main:/tmp/Arja_Bears_dhis2-dhis2-core_365246679-365386294/dhis-2/dhis-support/dhis-support-hibernate/src/main:/tmp/Arja_Bears_dhis2-dhis2-core_365246679-365386294/dhis-2/dhis-support/dhis-support-external/src/main:/tmp/Arja_Bears_dhis2-dhis2-core_365246679-365386294/dhis-2/dhis-support/dhis-support-jdbc/src/main:/tmp/Arja_Bears_dhis2-dhis2-core_365246679-365386294/dhis-2/dhis-support/dhis-support-system/src/main:/tmp/Arja_Bears_dhis2-dhis2-core_365246679-365386294/dhis-2/dhis-support/dhis-support-test/src/main:/tmp/Arja_Bears_dhis2-dhis2-core_365246679-365386294/dhis-2/dhis-support/dhis-support-commons/src/main:/tmp/Arja_Bears_dhis2-dhis2-core_365246679-365386294/dhis-2/dhis-web/dhis-web-commons/src/main:/tmp/Arja_Bears_dhis2-dhis2-core_365246679-365386294/dhis-2/dhis-web/dhis-web-importexport/src/main:/tmp/Arja_Bears_dhis2-dhis2-core_365246679-365386294/dhis-2/dhis-web/dhis-web-api-mobile/src/main:/tmp/Arja_Bears_dhis2-dhis2-core_365246679-365386294/dhis-2/dhis-web/dhis-web-messaging/src/main:/tmp/Arja_Bears_dhis2-dhis2-core_365246679-365386294/dhis-2/dhis-web/dhis-web-reporting/src/main:/tmp/Arja_Bears_dhis2-dhis2-core_365246679-365386294/dhis-2/dhis-web/dhis-web-validationrule/src/main:/tmp/Arja_Bears_dhis2-dhis2-core_365246679-365386294/dhis-2/dhis-web/dhis-web-maintenance/dhis-web-maintenance-dataadmin/src/main:/tmp/Arja_Bears_dhis2-dhis2-core_365246679-365386294/dhis-2/dhis-web/dhis-web-maintenance/dhis-web-maintenance-user/src/main:/tmp/Arja_Bears_dhis2-dhis2-core_365246679-365386294/dhis-2/dhis-web/dhis-web-maintenance/dhis-web-maintenance-mobile/src/main:/tmp/Arja_Bears_dhis2-dhis2-core_365246679-365386294/dhis-2/dhis-web/dhis-web-apps/src/main:/tmp/Arja_Bears_dhis2-dhis2-core_365246679-365386294/dhis-2/dhis-web/dhis-web-api/src/main:/tmp/Arja_Bears_dhis2-dhis2-core_365246679-365386294/dhis-2/dhis-web/dhis-web-api-test/src/main:/tmp/Arja_Bears_dhis2-dhis2-core_365246679-365386294/dhis-2/dhis-web/dhis-web-commons-resources/src/main:/tmp/Arja_Bears_dhis2-dhis2-core_365246679-365386294/dhis-2/dhis-web/dhis-web-light/src/main:/tmp/Arja_Bears_dhis2-dhis2-core_365246679-365386294/dhis-2/dhis-web/dhis-web-uaa/src/main:/tmp/Arja_Bears_dhis2-dhis2-core_365246679-365386294/dhis-2/dhis-web/dhis-web-dataentry/src/main:/tmp/Arja_Bears_dhis2-dhis2-core_365246679-365386294/dhis-2/dhis-web/dhis-web-portal/src/main:/tmp/Arja_Bears_dhis2-dhis2-core_365246679-365386294/dhis-2/dhis-services/dhis-service-mobile/src/main:/tmp/Arja_Bears_dhis2-dhis2-core_365246679-365386294/dhis-2/dhis-services/dhis-service-core/src/main:/tmp/Arja_Bears_dhis2-dhis2-core_365246679-365386294/dhis-2/dhis-services/dhis-service-administration/src/main:/tmp/Arja_Bears_dhis2-dhis2-core_365246679-365386294/dhis-2/dhis-services/dhis-service-dxf2/src/main:/tmp/Arja_Bears_dhis2-dhis2-core_365246679-365386294/dhis-2/dhis-services/dhis-service-reporting/src/main:/tmp/Arja_Bears_dhis2-dhis2-core_365246679-365386294/dhis-2/dhis-services/dhis-service-analytics/src/main \
	-DbinJavaDir  \
	-DbinTestDir  \
	-DdiffFormat true \
	-Dseed 0 \
	-Ddependences /home/tdurieux/.m2/repository/commons-io/commons-io/2.5/commons-io-2.5.jar:/home/tdurieux/.m2/repository/org/apache/commons/commons-collections4/4.1/commons-collections4-4.1.jar:/home/tdurieux/.m2/repository/commons-beanutils/commons-beanutils/1.9.3/commons-beanutils-1.9.3.jar:/home/tdurieux/.m2/repository/commons-collections/commons-collections/3.2.2/commons-collections-3.2.2.jar:/home/tdurieux/.m2/repository/commons-logging/commons-logging/1.2/commons-logging-1.2.jar:/home/tdurieux/.m2/repository/org/eclipse/jdt/core/compiler/ecj/4.3.1/ecj-4.3.1.jar:/home/tdurieux/.m2/repository/commons-lang/commons-lang/2.6/commons-lang-2.6.jar:/home/tdurieux/.m2/repository/javax/inject/javax.inject/1/javax.inject-1.jar:/home/tdurieux/.m2/repository/stax/stax-api/1.0.1/stax-api-1.0.1.jar:/home/tdurieux/.m2/repository/javax/xml/stream/stax-api/1.0-2/stax-api-1.0-2.jar:/home/tdurieux/.m2/repository/jakarta-regexp/jakarta-regexp/1.4/jakarta-regexp-1.4.jar:/home/tdurieux/.m2/repository/com/google/zxing/core/3.2.1/core-3.2.1.jar:/home/tdurieux/.m2/repository/org/codehaus/woodstox/stax2-api/3.1.4/stax2-api-3.1.4.jar:/home/tdurieux/.m2/repository/org/springframework/spring-jdbc/4.3.14.RELEASE/spring-jdbc-4.3.14.RELEASE.jar:/home/tdurieux/.m2/repository/org/springframework/spring-beans/4.3.14.RELEASE/spring-beans-4.3.14.RELEASE.jar:/home/tdurieux/.m2/repository/org/springframework/spring-core/4.3.14.RELEASE/spring-core-4.3.14.RELEASE.jar:/home/tdurieux/.m2/repository/org/springframework/spring-tx/4.3.14.RELEASE/spring-tx-4.3.14.RELEASE.jar:/home/tdurieux/.m2/repository/org/springframework/spring-context/4.3.14.RELEASE/spring-context-4.3.14.RELEASE.jar:/home/tdurieux/.m2/repository/org/springframework/spring-aop/4.3.14.RELEASE/spring-aop-4.3.14.RELEASE.jar:/home/tdurieux/.m2/repository/org/springframework/spring-expression/4.3.14.RELEASE/spring-expression-4.3.14.RELEASE.jar:/home/tdurieux/.m2/repository/com/google/guava/guava/19.0/guava-19.0.jar:/home/tdurieux/.m2/repository/joda-time/joda-time/2.9.7/joda-time-2.9.7.jar:/home/tdurieux/.m2/repository/org/javassist/javassist/3.20.0-GA/javassist-3.20.0-GA.jar:/home/tdurieux/.m2/repository/org/hibernate/hibernate-validator/4.3.2.Final/hibernate-validator-4.3.2.Final.jar:/home/tdurieux/.m2/repository/javax/validation/validation-api/1.0.0.GA/validation-api-1.0.0.GA.jar:/home/tdurieux/.m2/repository/org/jboss/logging/jboss-logging/3.3.0.Final/jboss-logging-3.3.0.Final.jar:/home/tdurieux/.m2/repository/commons-pool/commons-pool/1.5.4/commons-pool-1.5.4.jar:/home/tdurieux/.m2/repository/junit/junit/4.12/junit-4.12.jar:/home/tdurieux/.m2/repository/org/hamcrest/hamcrest-core/1.3/hamcrest-core-1.3.jar:/home/tdurieux/.m2/repository/org/apache/commons/commons-jexl/2.1.1/commons-jexl-2.1.1.jar:/home/tdurieux/.m2/repository/com/google/code/findbugs/jsr305/3.0.1/jsr305-3.0.1.jar:/home/tdurieux/.m2/repository/org/slf4j/slf4j-api/1.7.5/slf4j-api-1.7.5.jar:/home/tdurieux/.m2/repository/commons-cli/commons-cli/1.4/commons-cli-1.4.jar;
	echo "\n\nNode: `hostname`\n";
	echo "\n\nDate: `date`\n";
Picked up JAVA_TOOL_OPTIONS: -Dfile.encoding=UTF8 -Duser.language=en-US -Duser.country=US -Duser.language=en
[seed, diffFormat, dependences, binJavaDir, binTestDir, srcJavaDir, externalProjRoot]
[diffFormat, dependences, binJavaDir, binTestDir, srcJavaDir, externalProjRoot]
Exception in thread "main" java.lang.IllegalArgumentException: Parameter 'directory' is not a directory
	at org.apache.commons.io.FileUtils.validateListFilesParameters(FileUtils.java:545)
	at org.apache.commons.io.FileUtils.listFiles(FileUtils.java:521)
	at us.msu.cse.repair.core.util.ClassFinder.scanTestDir(ClassFinder.java:75)
	at us.msu.cse.repair.core.util.ClassFinder.<init>(ClassFinder.java:48)
	at us.msu.cse.repair.core.AbstractRepairProblem.invokeClassFinder(AbstractRepairProblem.java:284)
	at us.msu.cse.repair.core.AbstractRepairProblem.invokeModules(AbstractRepairProblem.java:268)
	at us.msu.cse.repair.core.AbstractRepairProblem.<init>(AbstractRepairProblem.java:244)
	at us.msu.cse.repair.ec.problems.ArjaProblem.<init>(ArjaProblem.java:44)
	at us.msu.cse.repair.ArjaMain.main(ArjaMain.java:40)
	at us.msu.cse.repair.Main.main(Main.java:8)


Node: granduc-12.luxembourg.grid5000.fr



Date: Sun Dec  2 19:37:12 EST 2018

