cd /tmp/NPEFix_IntroClassJava_digits_295afd8942816e14193424cec0b9802cea194a90b13253b85fd19b6caeada3830c60f1fb2fbbdc67a8f713be54b01a6ea116a7d206800df226d6285ece3a4736_003;
export JAVA_TOOL_OPTIONS="-Dfile.encoding=UTF8 -Duser.language=en-US -Duser.country=US -Duser.language=en";
TZ="America/New_York"; export TZ;
export PATH="/usr/lib/jvm/java-1.8.0-openjdk-amd64/bin/:$PATH";
export JAVA_HOME="/usr/lib/jvm/java-1.8.0-openjdk-amd64/bin/";
time java -Xmx4g -Xms1g -cp /home/tdurieux/defects4j4repair/script/../repair_tools/npefix.jar fr.inria.spirals.npefix.main.run.Main \
    --test introclassJava.digits_295afd89_003BlackboxTest:introclassJava.digits_295afd89_003WhiteboxTest \
    --iteration 100 \
	--complianceLevel 7 \
	--workingdirectory . \
	--source src/main/java \
	--classpath target/classes:target/test-classes:/home/tdurieux/.m2/repository/junit/junit/4.11/junit-4.11.jar:/home/tdurieux/.m2/repository/org/hamcrest/hamcrest-core/1.3/hamcrest-core-1.3.jar;
	echo "\n\nNode: `hostname`\n";
	echo "\n\nDate: `date`\n";
Picked up JAVA_TOOL_OPTIONS: -Dfile.encoding=UTF8 -Duser.language=en-US -Duser.country=US -Duser.language=en
TernarySplitter  in 2ms
CheckNotNull  in 1ms
ForceNullInit in 28ms
AddImplicitCastChecker --> 0 in 3ms
BeforeDeref --> 17 (failed:0) in 14ms
target--> 18 (failed:0) in 39ms
TryRegister # Try: 0 in 2ms
Assign --> 15 (failed: 0) in 109ms
VarInit --> 3 in 3ms
MethodEncapsulation # Method: 2 in 46ms
ConstructorEncapsulation # Constructor: 10 in 12ms
VariableFor in 1ms
RMI Selector (Host: 127.0.0.1, Port: 10000): KO
introclassJava.digits_295afd89_003WhiteboxTest#test2
<No Strat> Status: Ok
introclassJava.digits_295afd89_003WhiteboxTest#test3
<No Strat> Status: Ok
introclassJava.digits_295afd89_003WhiteboxTest#test4
<No Strat> Status: Ok
introclassJava.digits_295afd89_003WhiteboxTest#test5
<No Strat> Status: Ok
introclassJava.digits_295afd89_003WhiteboxTest#test6
<No Strat> Status: Ok
introclassJava.digits_295afd89_003WhiteboxTest#test10
<No Strat> Status: Ok
introclassJava.digits_295afd89_003WhiteboxTest#test7
<No Strat> Status: Ok
introclassJava.digits_295afd89_003WhiteboxTest#test8
<No Strat> Status: Ok
introclassJava.digits_295afd89_003WhiteboxTest#test9
<No Strat> Status: Ok
introclassJava.digits_295afd89_003WhiteboxTest#test1
<No Strat> Status: Ok
introclassJava.digits_295afd89_003BlackboxTest#test2
<No Strat> Status: Ko
introclassJava.digits_295afd89_003BlackboxTest#test3
<No Strat> Status: Ok
introclassJava.digits_295afd89_003BlackboxTest#test4
<No Strat> Status: Ok
introclassJava.digits_295afd89_003BlackboxTest#test5
<No Strat> Status: Ok
introclassJava.digits_295afd89_003BlackboxTest#test6
<No Strat> Status: Ok
introclassJava.digits_295afd89_003BlackboxTest#test1
<No Strat> Status: Ok
Multirun 16/100 16%
introclassJava.digits_295afd89_003BlackboxTest#test2
<No Strat> Status: Ko
introclassJava.digits_295afd89_003BlackboxTest#test2
<No Strat> Status: Ko
introclassJava.digits_295afd89_003BlackboxTest#test2
<No Strat> Status: Ko
introclassJava.digits_295afd89_003BlackboxTest#test2
<No Strat> Status: Ko
introclassJava.digits_295afd89_003BlackboxTest#test2
<No Strat> Status: Ko
introclassJava.digits_295afd89_003BlackboxTest#test2
<No Strat> Status: Ko
3.95user 0.15system 0:02.86elapsed 143%CPU (0avgtext+0avgdata 200624maxresident)k
21120inputs+200outputs (1major+49337minor)pagefaults 0swaps


Node: graphene-129.nancy.grid5000.fr



Date: Thu Dec  6 03:59:36 EST 2018

