cd /tmp/DynaMoth_IntroClassJava_median_6e464f2b5ba1d5ad3d4fc366e7d7712b424aabd8b41ca36257115a16416d202feb27397a413d04944c9ac76976fa8ff8ae646144855e08791ebf9593d1caaaca_003;
export JAVA_TOOL_OPTIONS="-Dfile.encoding=UTF8 -Duser.language=en-US -Duser.country=US -Duser.language=en";
TZ="America/New_York"; export TZ;
export PATH="/usr/lib/jvm/java-1.8.0-openjdk-amd64/bin/:$PATH";
export JAVA_HOME="/usr/lib/jvm/java-1.8.0-openjdk-amd64/bin/";
time java -Xmx4048m -cp /home/tdurieux/RepairThemAll/script/../repair_tools/nopol.jar:/usr/lib/jvm/java-1.8.0-openjdk-amd64/bin//../lib/tools.jar fr.inria.lille.repair.Main \
	--mode repair \
	--type pre_then_cond \
	--oracle angelic \
	--synthesis dynamoth \
	--flocal gzoltar \
	--json \
	--solver z3 \
	--solver-path /home/tdurieux/RepairThemAll/script/../libs/z3/build/z3 \
	--complianceLevel 7 \
	--source src/main/java \
	--classpath "target/classes:target/test-classes:/home/tdurieux/.m2/repository/junit/junit/4.11/junit-4.11.jar:/home/tdurieux/.m2/repository/org/hamcrest/hamcrest-core/1.3/hamcrest-core-1.3.jar:/home/tdurieux/RepairThemAll/script/../repair_tools/nopol.jar";
	echo "\n\nNode: `hostname`\n";
	echo "\n\nDate: `date`\n";
Picked up JAVA_TOOL_OPTIONS: -Dfile.encoding=UTF8 -Duser.language=en-US -Duser.country=US -Duser.language=en
16:55:27.334 [main] INFO  fr.inria.lille.repair.nopol.NoPol - Source files: [src/main/java]
16:55:27.581 [main] INFO  fr.inria.lille.repair.nopol.NoPol - Classpath: [file:/tmp/DynaMoth_IntroClassJava_median_6e464f2b5ba1d5ad3d4fc366e7d7712b424aabd8b41ca36257115a16416d202feb27397a413d04944c9ac76976fa8ff8ae646144855e08791ebf9593d1caaaca_003/target/classes/, file:/tmp/DynaMoth_IntroClassJava_median_6e464f2b5ba1d5ad3d4fc366e7d7712b424aabd8b41ca36257115a16416d202feb27397a413d04944c9ac76976fa8ff8ae646144855e08791ebf9593d1caaaca_003/target/test-classes/, file:/home/tdurieux/.m2/repository/junit/junit/4.11/junit-4.11.jar, file:/home/tdurieux/.m2/repository/org/hamcrest/hamcrest-core/1.3/hamcrest-core-1.3.jar, file:/home/tdurieux/RepairThemAll/script/../repair_tools/nopol.jar]
16:55:27.581 [main] INFO  fr.inria.lille.repair.nopol.NoPol - Statement type: PRE_THEN_COND
16:55:27.581 [main] INFO  fr.inria.lille.repair.nopol.NoPol - Args: [introclassJava.median_6e464f2b_003BlackboxTest, introclassJava.median_6e464f2b_003WhiteboxTest]
16:55:27.583 [main] INFO  fr.inria.lille.repair.nopol.NoPol - Config: Config{synthesisDepth=3, collectStaticMethods=true, collectStaticFields=false, collectLiterals=false, onlyOneSynthesisResult=true, sortExpressions=true, maxLineInvocationPerTest=250, timeoutMethodInvocation=2000, dataCollectionTimeoutInSecondForSynthesis=900, addWeight=0.19478, subWeight=0.04554, mulWeight=0.0102, divWeight=0.00613, andWeight=0.10597, orWeight=0.05708, eqWeight=0.22798, nEqWeight=0.0, lessEqWeight=0.0255, lessWeight=0.0947, methodCallWeight=0.1, fieldAccessWeight=0.08099, constantWeight=0.14232, variableWeight=0.05195, mode=REPAIR, type=PRE_THEN_COND, synthesis=DYNAMOTH, oracle=ANGELIC, solver=Z3, solverPath='/home/tdurieux/RepairThemAll/script/../libs/z3/build/z3', projectSources=[src/main/java], projectClasspath='[Ljava.net.URL;@2ff4f00f', projectTests=[introclassJava.median_6e464f2b_003BlackboxTest, introclassJava.median_6e464f2b_003WhiteboxTest], complianceLevel=7, outputFolder=., json=true}
16:55:27.584 [main] INFO  fr.inria.lille.repair.nopol.NoPol - Available processors (cores): 24
16:55:27.591 [main] INFO  fr.inria.lille.repair.nopol.NoPol - Free memory: 1 GB
16:55:27.592 [main] INFO  fr.inria.lille.repair.nopol.NoPol - Maximum memory: 3 GB
16:55:27.592 [main] INFO  fr.inria.lille.repair.nopol.NoPol - Total memory available to JVM: 1 GB
16:55:27.592 [main] INFO  fr.inria.lille.repair.nopol.NoPol - Java version: 1.8.0_181
16:55:27.593 [main] INFO  fr.inria.lille.repair.nopol.NoPol - JAVA_HOME: /usr/lib/jvm/java-1.8.0-openjdk-amd64/bin/
16:55:27.593 [main] INFO  fr.inria.lille.repair.nopol.NoPol - PATH: /usr/lib/jvm/java-1.8.0-openjdk-amd64/bin/:/usr/lib/oar/oardodo:/usr/lib/oar/oardodo:/usr/local/bin:/usr/bin:/bin:/usr/games
16:55:30.725 [pool-2-thread-1] DEBUG fr.inria.lille.repair.nopol.NoPol - statement #1
16:55:30.725 [pool-2-thread-1] DEBUG fr.inria.lille.repair.nopol.NoPol - Analysing SourceLocation introclassJava.median_6e464f2b_003:73 which is executed by 8 tests
-1916691747
16:55:31.050 [pool-2-thread-1] DEBUG fr.inria.lille.repair.nopol.NoPol - looking with class fr.inria.lille.repair.nopol.spoon.smt.ConditionalAdder
org.junit.ComparisonFailure: expected:<...rsseparatedbyspaces>[0]isthemedian> but was:<...rsseparatedbyspaces>[1]isthemedian>
    at org.junit.Assert.assertEquals(Assert.java:115)
    at org.junit.Assert.assertEquals(Assert.java:144)
    at introclassJava.median_6e464f2b_003WhiteboxTest.test3(median_6e464f2b_003WhiteboxTest.java:32)
    at sun.reflect.NativeMethodAccessorImpl.invoke0(Native Method)
    at sun.reflect.NativeMethodAccessorImpl.invoke(NativeMethodAccessorImpl.java:62)
    at sun.reflect.DelegatingMethodAccessorImpl.invoke(DelegatingMethodAccessorImpl.java:43)
16:55:31.093 [pool-4-thread-1] INFO  xxl.java.junit.TestCasesListener - Tests run finished (19 ms)
<> Total tests run: 6
<> Ignored tests: 0
<> Failed tests: 1
~ test3(introclassJava.median_6e464f2b_003WhiteboxTest)
[expected:<...rsseparatedbyspaces>[0]isthemedian> but was:<...rsseparatedbyspaces>[1]isthemedian>]
org.junit.ComparisonFailure: expected:<...rsseparatedbyspaces>[0]isthemedian> but was:<...rsseparatedbyspaces>[1]isthemedian>    at org.junit.Assert.assertEquals(Assert.java:115)
    at org.junit.Assert.assertEquals(Assert.java:144)
    at introclassJava.median_6e464f2b_003WhiteboxTest.test3(median_6e464f2b_003WhiteboxTest.java:32)
    at sun.reflect.NativeMethodAccessorImpl.invoke0(Native Method)
    at sun.reflect.NativeMethodAccessorImpl.invoke(NativeMethodAccessorImpl.java:62)
    at sun.reflect.DelegatingMethodAccessorImpl.invoke(DelegatingMethodAccessorImpl.java:43)

16:55:31.540 [pool-2-thread-1] DEBUG fr.inria.lille.repair.nopol.NoPol - statement #2
16:55:31.540 [pool-2-thread-1] DEBUG fr.inria.lille.repair.nopol.NoPol - Analysing SourceLocation introclassJava.median_6e464f2b_003:69 which is executed by 11 tests
-1916691747
16:55:31.597 [pool-2-thread-1] DEBUG fr.inria.lille.repair.nopol.NoPol - looking with class fr.inria.lille.repair.nopol.spoon.smt.ConditionalAdder
org.junit.ComparisonFailure: expected:<...rsseparatedbyspaces>[0]isthemedian> but was:<...rsseparatedbyspaces>[1]isthemedian>
    at org.junit.Assert.assertEquals(Assert.java:115)
    at org.junit.Assert.assertEquals(Assert.java:144)
    at introclassJava.median_6e464f2b_003WhiteboxTest.test3(median_6e464f2b_003WhiteboxTest.java:32)
    at sun.reflect.NativeMethodAccessorImpl.invoke0(Native Method)
    at sun.reflect.NativeMethodAccessorImpl.invoke(NativeMethodAccessorImpl.java:62)
    at sun.reflect.DelegatingMethodAccessorImpl.invoke(DelegatingMethodAccessorImpl.java:43)
16:55:31.608 [pool-8-thread-1] INFO  xxl.java.junit.TestCasesListener - Tests run finished (8 ms)
<> Total tests run: 6
<> Ignored tests: 0
<> Failed tests: 1
~ test3(introclassJava.median_6e464f2b_003WhiteboxTest)
[expected:<...rsseparatedbyspaces>[0]isthemedian> but was:<...rsseparatedbyspaces>[1]isthemedian>]
org.junit.ComparisonFailure: expected:<...rsseparatedbyspaces>[0]isthemedian> but was:<...rsseparatedbyspaces>[1]isthemedian>    at org.junit.Assert.assertEquals(Assert.java:115)
    at org.junit.Assert.assertEquals(Assert.java:144)
    at introclassJava.median_6e464f2b_003WhiteboxTest.test3(median_6e464f2b_003WhiteboxTest.java:32)
    at sun.reflect.NativeMethodAccessorImpl.invoke0(Native Method)
    at sun.reflect.NativeMethodAccessorImpl.invoke(NativeMethodAccessorImpl.java:62)
    at sun.reflect.DelegatingMethodAccessorImpl.invoke(DelegatingMethodAccessorImpl.java:43)

16:55:31.728 [pool-2-thread-1] DEBUG fr.inria.lille.repair.nopol.NoPol - looking with class fr.inria.lille.repair.nopol.spoon.smt.ConditionalReplacer
org.junit.ComparisonFailure: expected:<...rsseparatedbyspaces>[0]isthemedian> but was:<...rsseparatedbyspaces>[1]isthemedian>
    at org.junit.Assert.assertEquals(Assert.java:115)
    at org.junit.Assert.assertEquals(Assert.java:144)
    at introclassJava.median_6e464f2b_003WhiteboxTest.test3(median_6e464f2b_003WhiteboxTest.java:32)
    at sun.reflect.NativeMethodAccessorImpl.invoke0(Native Method)
    at sun.reflect.NativeMethodAccessorImpl.invoke(NativeMethodAccessorImpl.java:62)
    at sun.reflect.DelegatingMethodAccessorImpl.invoke(DelegatingMethodAccessorImpl.java:43)
16:55:31.739 [pool-12-thread-1] INFO  xxl.java.junit.TestCasesListener - Tests run finished (9 ms)
<> Total tests run: 6
<> Ignored tests: 0
<> Failed tests: 1
~ test3(introclassJava.median_6e464f2b_003WhiteboxTest)
[expected:<...rsseparatedbyspaces>[0]isthemedian> but was:<...rsseparatedbyspaces>[1]isthemedian>]
org.junit.ComparisonFailure: expected:<...rsseparatedbyspaces>[0]isthemedian> but was:<...rsseparatedbyspaces>[1]isthemedian>    at org.junit.Assert.assertEquals(Assert.java:115)
    at org.junit.Assert.assertEquals(Assert.java:144)
    at introclassJava.median_6e464f2b_003WhiteboxTest.test3(median_6e464f2b_003WhiteboxTest.java:32)
    at sun.reflect.NativeMethodAccessorImpl.invoke0(Native Method)
    at sun.reflect.NativeMethodAccessorImpl.invoke(NativeMethodAccessorImpl.java:62)
    at sun.reflect.DelegatingMethodAccessorImpl.invoke(DelegatingMethodAccessorImpl.java:43)

16:55:31.889 [pool-11-thread-1] DEBUG f.i.l.r.n.s.d.DynamothSynthesizer - Ignore the test introclassJava.median_6e464f2b_003BlackboxTest#test7
16:55:31.895 [pool-11-thread-1] DEBUG f.i.l.r.n.s.d.DynamothSynthesizer - Ignore the test introclassJava.median_6e464f2b_003WhiteboxTest#test1
java -cp /tmp/DynaMoth_IntroClassJava_median_6e464f2b5ba1d5ad3d4fc366e7d7712b424aabd8b41ca36257115a16416d202feb27397a413d04944c9ac76976fa8ff8ae646144855e08791ebf9593d1caaaca_003/target/classes:/tmp/DynaMoth_IntroClassJava_median_6e464f2b5ba1d5ad3d4fc366e7d7712b424aabd8b41ca36257115a16416d202feb27397a413d04944c9ac76976fa8ff8ae646144855e08791ebf9593d1caaaca_003/target/test-classes:/home/tdurieux/.m2/repository/junit/junit/4.11/junit-4.11.jar:/home/tdurieux/.m2/repository/org/hamcrest/hamcrest-core/1.3/hamcrest-core-1.3.jar:/home/tdurieux/RepairThemAll/script/../repair_tools/nopol.jar:/home/tdurieux/RepairThemAll/repair_tools/nopol.jar:/usr/lib/jvm/java-8-openjdk-amd64/lib/tools.jar: fr.inria.lille.repair.MethodTestRunner introclassJava.median_6e464f2b_003BlackboxTest#test5 introclassJava.median_6e464f2b_003BlackboxTest#test6 introclassJava.median_6e464f2b_003WhiteboxTest#test5 introclassJava.median_6e464f2b_003WhiteboxTest#test6 introclassJava.median_6e464f2b_003WhiteboxTest#test3 introclassJava.median_6e464f2b_003WhiteboxTest#test4 introclassJava.median_6e464f2b_003WhiteboxTest#test2 introclassJava.median_6e464f2b_003BlackboxTest#test1 introclassJava.median_6e464f2b_003BlackboxTest#test2 
16:55:32.218 [pool-11-thread-1] DEBUG f.i.l.r.s.DynamothCodeGenesisImpl - ClassPrepareEvent
16:55:32.297 [pool-11-thread-1] DEBUG f.i.l.r.s.c.spoon.ClassCollector - [class] introclassJava.IntObj
16:55:32.300 [pool-11-thread-1] DEBUG f.i.l.r.s.c.spoon.ClassCollector - [class] introclassJava.median_6e464f2b_003
16:55:32.350 [pool-11-thread-1] DEBUG f.i.l.r.s.c.spoon.ClassCollector - [class] java.lang.String
16:55:32.378 [pool-11-thread-1] DEBUG f.i.l.r.s.c.spoon.ClassCollector - [class] java.util.Scanner
16:55:32.432 [pool-11-thread-1] DEBUG f.i.l.r.s.DynamothCodeGenesisImpl - BreakpointEvent
16:55:32.436 [pool-11-thread-1] INFO  f.i.l.r.s.DynamothCodeGenesisImpl - [test] introclassJava.median_6e464f2b_003BlackboxTest#test5 iteration 0
16:55:32.442 [pool-11-thread-1] DEBUG f.i.l.r.s.c.SpoonElementsCollector - [data] b=instance of introclassJava.IntObj(id=461)
16:55:32.442 [pool-11-thread-1] DEBUG f.i.l.r.s.c.SpoonElementsCollector - [data] a=instance of introclassJava.IntObj(id=462)
16:55:32.443 [pool-11-thread-1] DEBUG f.i.l.r.s.c.SpoonElementsCollector - [data] c=instance of introclassJava.IntObj(id=463)
16:55:32.445 [pool-11-thread-1] DEBUG f.i.l.r.s.c.DynamothDataCollector - Collect Level 1
16:55:32.445 [pool-11-thread-1] DEBUG f.i.l.r.s.c.DynamothDataCollector - [data] this=instance of introclassJava.median_6e464f2b_003(id=459)
16:55:32.445 [pool-11-thread-1] DEBUG f.i.l.r.s.c.DynamothDataCollector - [data] a
16:55:32.446 [pool-11-thread-1] DEBUG f.i.l.r.s.c.DynamothDataCollector - [data] b
16:55:32.446 [pool-11-thread-1] DEBUG f.i.l.r.s.c.DynamothDataCollector - [data] c
16:55:32.459 [pool-11-thread-1] DEBUG f.i.l.r.s.c.DynamothDataCollector - [data] this.scanner
16:55:32.459 [pool-11-thread-1] DEBUG f.i.l.r.s.c.DynamothDataCollector - [data] this.output
16:55:32.470 [pool-11-thread-1] DEBUG f.i.l.r.s.DynamothCodeGenesisImpl - BreakpointEvent
16:55:32.471 [pool-11-thread-1] INFO  f.i.l.r.s.DynamothCodeGenesisImpl - [test] introclassJava.median_6e464f2b_003BlackboxTest#test6 iteration 0
16:55:32.472 [pool-11-thread-1] DEBUG f.i.l.r.s.c.SpoonElementsCollector - [data] b=instance of introclassJava.IntObj(id=481)
16:55:32.473 [pool-11-thread-1] DEBUG f.i.l.r.s.c.SpoonElementsCollector - [data] a=instance of introclassJava.IntObj(id=482)
16:55:32.474 [pool-11-thread-1] DEBUG f.i.l.r.s.c.SpoonElementsCollector - [data] c=instance of introclassJava.IntObj(id=483)
16:55:32.474 [pool-11-thread-1] DEBUG f.i.l.r.s.c.DynamothDataCollector - Collect Level 1
16:55:32.474 [pool-11-thread-1] DEBUG f.i.l.r.s.c.DynamothDataCollector - [data] this=instance of introclassJava.median_6e464f2b_003(id=479)
16:55:32.474 [pool-11-thread-1] DEBUG f.i.l.r.s.c.DynamothDataCollector - [data] a
16:55:32.475 [pool-11-thread-1] DEBUG f.i.l.r.s.c.DynamothDataCollector - [data] b
16:55:32.475 [pool-11-thread-1] DEBUG f.i.l.r.s.c.DynamothDataCollector - [data] c
16:55:32.478 [pool-11-thread-1] DEBUG f.i.l.r.s.c.DynamothDataCollector - [data] this.scanner
16:55:32.479 [pool-11-thread-1] DEBUG f.i.l.r.s.c.DynamothDataCollector - [data] this.output
16:55:32.485 [pool-11-thread-1] DEBUG f.i.l.r.s.DynamothCodeGenesisImpl - BreakpointEvent
16:55:32.487 [pool-11-thread-1] INFO  f.i.l.r.s.DynamothCodeGenesisImpl - [test] introclassJava.median_6e464f2b_003WhiteboxTest#test5 iteration 0
16:55:32.488 [pool-11-thread-1] DEBUG f.i.l.r.s.c.SpoonElementsCollector - [data] b=instance of introclassJava.IntObj(id=491)
16:55:32.488 [pool-11-thread-1] DEBUG f.i.l.r.s.c.SpoonElementsCollector - [data] a=instance of introclassJava.IntObj(id=492)
16:55:32.489 [pool-11-thread-1] DEBUG f.i.l.r.s.c.SpoonElementsCollector - [data] c=instance of introclassJava.IntObj(id=493)
16:55:32.489 [pool-11-thread-1] DEBUG f.i.l.r.s.c.DynamothDataCollector - Collect Level 1
16:55:32.489 [pool-11-thread-1] DEBUG f.i.l.r.s.c.DynamothDataCollector - [data] this=instance of introclassJava.median_6e464f2b_003(id=489)
16:55:32.489 [pool-11-thread-1] DEBUG f.i.l.r.s.c.DynamothDataCollector - [data] a
16:55:32.489 [pool-11-thread-1] DEBUG f.i.l.r.s.c.DynamothDataCollector - [data] b
16:55:32.490 [pool-11-thread-1] DEBUG f.i.l.r.s.c.DynamothDataCollector - [data] c
16:55:32.492 [pool-11-thread-1] DEBUG f.i.l.r.s.c.DynamothDataCollector - [data] this.scanner
16:55:32.493 [pool-11-thread-1] DEBUG f.i.l.r.s.c.DynamothDataCollector - [data] this.output
16:55:32.497 [pool-11-thread-1] DEBUG f.i.l.r.s.DynamothCodeGenesisImpl - BreakpointEvent
16:55:32.498 [pool-11-thread-1] INFO  f.i.l.r.s.DynamothCodeGenesisImpl - [test] introclassJava.median_6e464f2b_003WhiteboxTest#test6 iteration 0
16:55:32.499 [pool-11-thread-1] DEBUG f.i.l.r.s.c.SpoonElementsCollector - [data] b=instance of introclassJava.IntObj(id=499)
16:55:32.500 [pool-11-thread-1] DEBUG f.i.l.r.s.c.SpoonElementsCollector - [data] a=instance of introclassJava.IntObj(id=500)
16:55:32.500 [pool-11-thread-1] DEBUG f.i.l.r.s.c.SpoonElementsCollector - [data] c=instance of introclassJava.IntObj(id=501)
16:55:32.500 [pool-11-thread-1] DEBUG f.i.l.r.s.c.DynamothDataCollector - Collect Level 1
16:55:32.501 [pool-11-thread-1] DEBUG f.i.l.r.s.c.DynamothDataCollector - [data] this=instance of introclassJava.median_6e464f2b_003(id=497)
16:55:32.501 [pool-11-thread-1] DEBUG f.i.l.r.s.c.DynamothDataCollector - [data] a
16:55:32.501 [pool-11-thread-1] DEBUG f.i.l.r.s.c.DynamothDataCollector - [data] b
16:55:32.501 [pool-11-thread-1] DEBUG f.i.l.r.s.c.DynamothDataCollector - [data] c
16:55:32.504 [pool-11-thread-1] DEBUG f.i.l.r.s.c.DynamothDataCollector - [data] this.scanner
16:55:32.504 [pool-11-thread-1] DEBUG f.i.l.r.s.c.DynamothDataCollector - [data] this.output
16:55:32.509 [pool-11-thread-1] DEBUG f.i.l.r.s.DynamothCodeGenesisImpl - BreakpointEvent
16:55:32.510 [pool-11-thread-1] INFO  f.i.l.r.s.DynamothCodeGenesisImpl - [test] introclassJava.median_6e464f2b_003WhiteboxTest#test3 iteration 0
16:55:32.511 [pool-11-thread-1] DEBUG f.i.l.r.s.c.SpoonElementsCollector - [data] b=instance of introclassJava.IntObj(id=507)
16:55:32.511 [pool-11-thread-1] DEBUG f.i.l.r.s.c.SpoonElementsCollector - [data] a=instance of introclassJava.IntObj(id=508)
16:55:32.512 [pool-11-thread-1] DEBUG f.i.l.r.s.c.SpoonElementsCollector - [data] c=instance of introclassJava.IntObj(id=509)
16:55:32.512 [pool-11-thread-1] DEBUG f.i.l.r.s.c.DynamothDataCollector - Collect Level 1
16:55:32.512 [pool-11-thread-1] DEBUG f.i.l.r.s.c.DynamothDataCollector - [data] this=instance of introclassJava.median_6e464f2b_003(id=505)
16:55:32.512 [pool-11-thread-1] DEBUG f.i.l.r.s.c.DynamothDataCollector - [data] a
16:55:32.512 [pool-11-thread-1] DEBUG f.i.l.r.s.c.DynamothDataCollector - [data] b
16:55:32.513 [pool-11-thread-1] DEBUG f.i.l.r.s.c.DynamothDataCollector - [data] c
16:55:32.515 [pool-11-thread-1] DEBUG f.i.l.r.s.c.DynamothDataCollector - [data] this.scanner
16:55:32.515 [pool-11-thread-1] DEBUG f.i.l.r.s.c.DynamothDataCollector - [data] this.output
16:55:32.525 [pool-11-thread-1] DEBUG f.i.l.r.s.DynamothCodeGenesisImpl - BreakpointEvent
16:55:32.525 [pool-11-thread-1] INFO  f.i.l.r.s.DynamothCodeGenesisImpl - [test] introclassJava.median_6e464f2b_003WhiteboxTest#test4 iteration 0
16:55:32.526 [pool-11-thread-1] DEBUG f.i.l.r.s.c.SpoonElementsCollector - [data] b=instance of introclassJava.IntObj(id=528)
16:55:32.527 [pool-11-thread-1] DEBUG f.i.l.r.s.c.SpoonElementsCollector - [data] a=instance of introclassJava.IntObj(id=529)
16:55:32.527 [pool-11-thread-1] DEBUG f.i.l.r.s.c.SpoonElementsCollector - [data] c=instance of introclassJava.IntObj(id=530)
16:55:32.527 [pool-11-thread-1] DEBUG f.i.l.r.s.c.DynamothDataCollector - Collect Level 1
16:55:32.527 [pool-11-thread-1] DEBUG f.i.l.r.s.c.DynamothDataCollector - [data] this=instance of introclassJava.median_6e464f2b_003(id=526)
16:55:32.528 [pool-11-thread-1] DEBUG f.i.l.r.s.c.DynamothDataCollector - [data] a
16:55:32.528 [pool-11-thread-1] DEBUG f.i.l.r.s.c.DynamothDataCollector - [data] b
16:55:32.528 [pool-11-thread-1] DEBUG f.i.l.r.s.c.DynamothDataCollector - [data] c
16:55:32.530 [pool-11-thread-1] DEBUG f.i.l.r.s.c.DynamothDataCollector - [data] this.scanner
16:55:32.531 [pool-11-thread-1] DEBUG f.i.l.r.s.c.DynamothDataCollector - [data] this.output
16:55:32.535 [pool-11-thread-1] DEBUG f.i.l.r.s.DynamothCodeGenesisImpl - BreakpointEvent
16:55:32.536 [pool-11-thread-1] INFO  f.i.l.r.s.DynamothCodeGenesisImpl - [test] introclassJava.median_6e464f2b_003WhiteboxTest#test2 iteration 0
16:55:32.537 [pool-11-thread-1] DEBUG f.i.l.r.s.c.SpoonElementsCollector - [data] b=instance of introclassJava.IntObj(id=536)
16:55:32.537 [pool-11-thread-1] DEBUG f.i.l.r.s.c.SpoonElementsCollector - [data] a=instance of introclassJava.IntObj(id=537)
16:55:32.538 [pool-11-thread-1] DEBUG f.i.l.r.s.c.SpoonElementsCollector - [data] c=instance of introclassJava.IntObj(id=538)
16:55:32.538 [pool-11-thread-1] DEBUG f.i.l.r.s.c.DynamothDataCollector - Collect Level 1
16:55:32.538 [pool-11-thread-1] DEBUG f.i.l.r.s.c.DynamothDataCollector - [data] this=instance of introclassJava.median_6e464f2b_003(id=534)
16:55:32.538 [pool-11-thread-1] DEBUG f.i.l.r.s.c.DynamothDataCollector - [data] a
16:55:32.539 [pool-11-thread-1] DEBUG f.i.l.r.s.c.DynamothDataCollector - [data] b
16:55:32.539 [pool-11-thread-1] DEBUG f.i.l.r.s.c.DynamothDataCollector - [data] c
16:55:32.541 [pool-11-thread-1] DEBUG f.i.l.r.s.c.DynamothDataCollector - [data] this.scanner
16:55:32.541 [pool-11-thread-1] DEBUG f.i.l.r.s.c.DynamothDataCollector - [data] this.output
16:55:32.546 [pool-11-thread-1] DEBUG f.i.l.r.s.DynamothCodeGenesisImpl - BreakpointEvent
16:55:32.547 [pool-11-thread-1] INFO  f.i.l.r.s.DynamothCodeGenesisImpl - [test] introclassJava.median_6e464f2b_003BlackboxTest#test1 iteration 0
16:55:32.548 [pool-11-thread-1] DEBUG f.i.l.r.s.c.SpoonElementsCollector - [data] b=instance of introclassJava.IntObj(id=544)
16:55:32.548 [pool-11-thread-1] DEBUG f.i.l.r.s.c.SpoonElementsCollector - [data] a=instance of introclassJava.IntObj(id=545)
16:55:32.548 [pool-11-thread-1] DEBUG f.i.l.r.s.c.SpoonElementsCollector - [data] c=instance of introclassJava.IntObj(id=546)
16:55:32.549 [pool-11-thread-1] DEBUG f.i.l.r.s.c.DynamothDataCollector - Collect Level 1
16:55:32.549 [pool-11-thread-1] DEBUG f.i.l.r.s.c.DynamothDataCollector - [data] this=instance of introclassJava.median_6e464f2b_003(id=542)
16:55:32.549 [pool-11-thread-1] DEBUG f.i.l.r.s.c.DynamothDataCollector - [data] a
16:55:32.549 [pool-11-thread-1] DEBUG f.i.l.r.s.c.DynamothDataCollector - [data] b
16:55:32.549 [pool-11-thread-1] DEBUG f.i.l.r.s.c.DynamothDataCollector - [data] c
16:55:32.552 [pool-11-thread-1] DEBUG f.i.l.r.s.c.DynamothDataCollector - [data] this.scanner
16:55:32.552 [pool-11-thread-1] DEBUG f.i.l.r.s.c.DynamothDataCollector - [data] this.output
16:55:32.556 [pool-11-thread-1] DEBUG f.i.l.r.s.DynamothCodeGenesisImpl - BreakpointEvent
16:55:32.557 [pool-11-thread-1] INFO  f.i.l.r.s.DynamothCodeGenesisImpl - [test] introclassJava.median_6e464f2b_003BlackboxTest#test2 iteration 0
16:55:32.558 [pool-11-thread-1] DEBUG f.i.l.r.s.c.SpoonElementsCollector - [data] b=instance of introclassJava.IntObj(id=552)
16:55:32.559 [pool-11-thread-1] DEBUG f.i.l.r.s.c.SpoonElementsCollector - [data] a=instance of introclassJava.IntObj(id=553)
16:55:32.559 [pool-11-thread-1] DEBUG f.i.l.r.s.c.SpoonElementsCollector - [data] c=instance of introclassJava.IntObj(id=554)
16:55:32.559 [pool-11-thread-1] DEBUG f.i.l.r.s.c.DynamothDataCollector - Collect Level 1
16:55:32.559 [pool-11-thread-1] DEBUG f.i.l.r.s.c.DynamothDataCollector - [data] this=instance of introclassJava.median_6e464f2b_003(id=550)
16:55:32.560 [pool-11-thread-1] DEBUG f.i.l.r.s.c.DynamothDataCollector - [data] a
16:55:32.560 [pool-11-thread-1] DEBUG f.i.l.r.s.c.DynamothDataCollector - [data] b
16:55:32.560 [pool-11-thread-1] DEBUG f.i.l.r.s.c.DynamothDataCollector - [data] c
16:55:32.562 [pool-11-thread-1] DEBUG f.i.l.r.s.c.DynamothDataCollector - [data] this.scanner
16:55:32.563 [pool-11-thread-1] DEBUG f.i.l.r.s.c.DynamothDataCollector - [data] this.output
16:55:32.565 [pool-11-thread-1] DEBUG f.i.l.r.s.DynamothCodeGenesisImpl - Exit


========= Info ==========
Nb constants             3
Nb method invocations    0
Nb field access          2
Nb variables             5
Total                    10
Nb evaluated expressions 1
Init Execution time      492 ms
Collect Execution time   158 ms
Combine Execution time   18.0 ms
Nb Combination par sec   56 combinations/sec
Total Execution time     668 ms
Nb line execution        9
Nb results               1

Results:
1. (((b.value) > (a.value)) && ((b.value) < (c.value))) || (((b.value) < (a.value)) && ((b.value) > (c.value)))


========================
         Stat
========================
Operators: 
AND 4
GT 4
LT 4
OR 2
Methods: 
format(java.lang.String,java.lang.Object[]) 4
nextInt() 3
Variable: 
value 44
a 8
output 8
b 8
c 6
scanner 6

 & 3 & 0 & 2 & 5 & 10 & 1 & 670 ms & 9 &
16:55:32.586 [pool-11-thread-1] INFO  f.i.l.repair.nopol.patch.TestPatch - Applying patch: introclassJava.median_6e464f2b_003:69: CONDITIONAL (((b.value) > (a.value)) && ((b.value) < (c.value))) || (((b.value) < (a.value)) && ((b.value) > (c.value)))
16:55:32.689 [pool-11-thread-1] INFO  f.i.l.repair.nopol.patch.TestPatch - Running test suite to check the patch "(((b.value) > (a.value)) && ((b.value) < (c.value))) || (((b.value) < (a.value)) && ((b.value) > (c.value)))" is working
16:55:32.706 [pool-11-thread-1] INFO  f.i.l.repair.nopol.patch.TestPatch - Failing tests [test3(introclassJava.median_6e464f2b_003WhiteboxTest): expected:<...rsseparatedbyspaces>[0]isthemedian> but was:<...rsseparatedbyspaces>[1]isthemedian>]
16:55:32.706 [pool-11-thread-1] DEBUG fr.inria.lille.repair.nopol.NoPol - Could not find a valid patch in SourceLocation introclassJava.median_6e464f2b_003:69
16:55:32.706 [pool-2-thread-1] DEBUG fr.inria.lille.repair.nopol.NoPol - statement #3
16:55:32.707 [pool-2-thread-1] DEBUG fr.inria.lille.repair.nopol.NoPol - Analysing SourceLocation introclassJava.median_6e464f2b_003:76 which is executed by 13 tests
-1916691747
16:55:32.763 [pool-2-thread-1] DEBUG fr.inria.lille.repair.nopol.NoPol - looking with class fr.inria.lille.repair.nopol.spoon.smt.ConditionalAdder
org.junit.ComparisonFailure: expected:<...rsseparatedbyspaces>[0]isthemedian> but was:<...rsseparatedbyspaces>[1]isthemedian>
    at org.junit.Assert.assertEquals(Assert.java:115)
    at org.junit.Assert.assertEquals(Assert.java:144)
    at introclassJava.median_6e464f2b_003WhiteboxTest.test3(median_6e464f2b_003WhiteboxTest.java:32)
    at sun.reflect.NativeMethodAccessorImpl.invoke0(Native Method)
    at sun.reflect.NativeMethodAccessorImpl.invoke(NativeMethodAccessorImpl.java:62)
    at sun.reflect.DelegatingMethodAccessorImpl.invoke(DelegatingMethodAccessorImpl.java:43)
16:55:32.770 [pool-48-thread-1] INFO  xxl.java.junit.TestCasesListener - Tests run finished (5 ms)
<> Total tests run: 6
<> Ignored tests: 0
<> Failed tests: 1
~ test3(introclassJava.median_6e464f2b_003WhiteboxTest)
[expected:<...rsseparatedbyspaces>[0]isthemedian> but was:<...rsseparatedbyspaces>[1]isthemedian>]
org.junit.ComparisonFailure: expected:<...rsseparatedbyspaces>[0]isthemedian> but was:<...rsseparatedbyspaces>[1]isthemedian>    at org.junit.Assert.assertEquals(Assert.java:115)
    at org.junit.Assert.assertEquals(Assert.java:144)
    at introclassJava.median_6e464f2b_003WhiteboxTest.test3(median_6e464f2b_003WhiteboxTest.java:32)
    at sun.reflect.NativeMethodAccessorImpl.invoke0(Native Method)
    at sun.reflect.NativeMethodAccessorImpl.invoke(NativeMethodAccessorImpl.java:62)
    at sun.reflect.DelegatingMethodAccessorImpl.invoke(DelegatingMethodAccessorImpl.java:43)

16:55:32.865 [pool-2-thread-1] DEBUG fr.inria.lille.repair.nopol.NoPol - statement #4
16:55:32.865 [pool-2-thread-1] DEBUG fr.inria.lille.repair.nopol.NoPol - Analysing SourceLocation introclassJava.median_6e464f2b_003:66 which is executed by 13 tests
-1916691747
16:55:32.919 [pool-2-thread-1] DEBUG fr.inria.lille.repair.nopol.NoPol - looking with class fr.inria.lille.repair.nopol.spoon.smt.ConditionalAdder
org.junit.ComparisonFailure: expected:<...rsseparatedbyspaces>[0]isthemedian> but was:<...rsseparatedbyspaces>[1]isthemedian>
    at org.junit.Assert.assertEquals(Assert.java:115)
    at org.junit.Assert.assertEquals(Assert.java:144)
    at introclassJava.median_6e464f2b_003WhiteboxTest.test3(median_6e464f2b_003WhiteboxTest.java:32)
    at sun.reflect.NativeMethodAccessorImpl.invoke0(Native Method)
    at sun.reflect.NativeMethodAccessorImpl.invoke(NativeMethodAccessorImpl.java:62)
    at sun.reflect.DelegatingMethodAccessorImpl.invoke(DelegatingMethodAccessorImpl.java:43)
16:55:32.926 [pool-52-thread-1] INFO  xxl.java.junit.TestCasesListener - Tests run finished (5 ms)
<> Total tests run: 6
<> Ignored tests: 0
<> Failed tests: 1
~ test3(introclassJava.median_6e464f2b_003WhiteboxTest)
[expected:<...rsseparatedbyspaces>[0]isthemedian> but was:<...rsseparatedbyspaces>[1]isthemedian>]
org.junit.ComparisonFailure: expected:<...rsseparatedbyspaces>[0]isthemedian> but was:<...rsseparatedbyspaces>[1]isthemedian>    at org.junit.Assert.assertEquals(Assert.java:115)
    at org.junit.Assert.assertEquals(Assert.java:144)
    at introclassJava.median_6e464f2b_003WhiteboxTest.test3(median_6e464f2b_003WhiteboxTest.java:32)
    at sun.reflect.NativeMethodAccessorImpl.invoke0(Native Method)
    at sun.reflect.NativeMethodAccessorImpl.invoke(NativeMethodAccessorImpl.java:62)
    at sun.reflect.DelegatingMethodAccessorImpl.invoke(DelegatingMethodAccessorImpl.java:43)

16:55:33.022 [pool-2-thread-1] DEBUG fr.inria.lille.repair.nopol.NoPol - looking with class fr.inria.lille.repair.nopol.spoon.smt.ConditionalReplacer
org.junit.ComparisonFailure: expected:<...rsseparatedbyspaces>[0]isthemedian> but was:<...rsseparatedbyspaces>[1]isthemedian>
    at org.junit.Assert.assertEquals(Assert.java:115)
    at org.junit.Assert.assertEquals(Assert.java:144)
    at introclassJava.median_6e464f2b_003WhiteboxTest.test3(median_6e464f2b_003WhiteboxTest.java:32)
    at sun.reflect.NativeMethodAccessorImpl.invoke0(Native Method)
    at sun.reflect.NativeMethodAccessorImpl.invoke(NativeMethodAccessorImpl.java:62)
    at sun.reflect.DelegatingMethodAccessorImpl.invoke(DelegatingMethodAccessorImpl.java:43)
16:55:33.029 [pool-56-thread-1] INFO  xxl.java.junit.TestCasesListener - Tests run finished (4 ms)
<> Total tests run: 6
<> Ignored tests: 0
<> Failed tests: 1
~ test3(introclassJava.median_6e464f2b_003WhiteboxTest)
[expected:<...rsseparatedbyspaces>[0]isthemedian> but was:<...rsseparatedbyspaces>[1]isthemedian>]
org.junit.ComparisonFailure: expected:<...rsseparatedbyspaces>[0]isthemedian> but was:<...rsseparatedbyspaces>[1]isthemedian>    at org.junit.Assert.assertEquals(Assert.java:115)
    at org.junit.Assert.assertEquals(Assert.java:144)
    at introclassJava.median_6e464f2b_003WhiteboxTest.test3(median_6e464f2b_003WhiteboxTest.java:32)
    at sun.reflect.NativeMethodAccessorImpl.invoke0(Native Method)
    at sun.reflect.NativeMethodAccessorImpl.invoke(NativeMethodAccessorImpl.java:62)
    at sun.reflect.DelegatingMethodAccessorImpl.invoke(DelegatingMethodAccessorImpl.java:43)

16:55:33.181 [pool-55-thread-1] DEBUG f.i.l.r.n.s.d.DynamothSynthesizer - Ignore the test introclassJava.median_6e464f2b_003BlackboxTest#test7
16:55:33.184 [pool-55-thread-1] DEBUG f.i.l.r.n.s.d.DynamothSynthesizer - Ignore the test introclassJava.median_6e464f2b_003WhiteboxTest#test4
16:55:33.185 [pool-55-thread-1] DEBUG f.i.l.r.n.s.d.DynamothSynthesizer - Ignore the test introclassJava.median_6e464f2b_003WhiteboxTest#test1
java -cp /tmp/DynaMoth_IntroClassJava_median_6e464f2b5ba1d5ad3d4fc366e7d7712b424aabd8b41ca36257115a16416d202feb27397a413d04944c9ac76976fa8ff8ae646144855e08791ebf9593d1caaaca_003/target/classes:/tmp/DynaMoth_IntroClassJava_median_6e464f2b5ba1d5ad3d4fc366e7d7712b424aabd8b41ca36257115a16416d202feb27397a413d04944c9ac76976fa8ff8ae646144855e08791ebf9593d1caaaca_003/target/test-classes:/home/tdurieux/.m2/repository/junit/junit/4.11/junit-4.11.jar:/home/tdurieux/.m2/repository/org/hamcrest/hamcrest-core/1.3/hamcrest-core-1.3.jar:/home/tdurieux/RepairThemAll/script/../repair_tools/nopol.jar:/home/tdurieux/RepairThemAll/repair_tools/nopol.jar:/usr/lib/jvm/java-8-openjdk-amd64/lib/tools.jar: fr.inria.lille.repair.MethodTestRunner introclassJava.median_6e464f2b_003BlackboxTest#test3 introclassJava.median_6e464f2b_003BlackboxTest#test4 introclassJava.median_6e464f2b_003BlackboxTest#test5 introclassJava.median_6e464f2b_003BlackboxTest#test6 introclassJava.median_6e464f2b_003WhiteboxTest#test5 introclassJava.median_6e464f2b_003WhiteboxTest#test6 introclassJava.median_6e464f2b_003WhiteboxTest#test3 introclassJava.median_6e464f2b_003WhiteboxTest#test2 introclassJava.median_6e464f2b_003BlackboxTest#test1 introclassJava.median_6e464f2b_003BlackboxTest#test2 
16:55:33.358 [pool-55-thread-1] DEBUG f.i.l.r.s.DynamothCodeGenesisImpl - ClassPrepareEvent
16:55:33.361 [pool-55-thread-1] DEBUG f.i.l.r.s.c.spoon.ClassCollector - [class] introclassJava.IntObj
16:55:33.362 [pool-55-thread-1] DEBUG f.i.l.r.s.c.spoon.ClassCollector - [class] introclassJava.median_6e464f2b_003
16:55:33.362 [pool-55-thread-1] DEBUG f.i.l.r.s.c.spoon.ClassCollector - [class] java.lang.String
16:55:33.364 [pool-55-thread-1] DEBUG f.i.l.r.s.c.spoon.ClassCollector - [class] java.util.Scanner
16:55:33.401 [pool-55-thread-1] DEBUG f.i.l.r.s.DynamothCodeGenesisImpl - BreakpointEvent
16:55:33.403 [pool-55-thread-1] INFO  f.i.l.r.s.DynamothCodeGenesisImpl - [test] introclassJava.median_6e464f2b_003BlackboxTest#test3 iteration 0
16:55:33.404 [pool-55-thread-1] DEBUG f.i.l.r.s.c.SpoonElementsCollector - [data] a=instance of introclassJava.IntObj(id=461)
16:55:33.404 [pool-55-thread-1] DEBUG f.i.l.r.s.c.SpoonElementsCollector - [data] b=instance of introclassJava.IntObj(id=462)
16:55:33.405 [pool-55-thread-1] DEBUG f.i.l.r.s.c.SpoonElementsCollector - [data] c=instance of introclassJava.IntObj(id=463)
16:55:33.405 [pool-55-thread-1] DEBUG f.i.l.r.s.c.DynamothDataCollector - Collect Level 1
16:55:33.405 [pool-55-thread-1] DEBUG f.i.l.r.s.c.DynamothDataCollector - [data] this=instance of introclassJava.median_6e464f2b_003(id=459)
16:55:33.405 [pool-55-thread-1] DEBUG f.i.l.r.s.c.DynamothDataCollector - [data] a
16:55:33.405 [pool-55-thread-1] DEBUG f.i.l.r.s.c.DynamothDataCollector - [data] b
16:55:33.405 [pool-55-thread-1] DEBUG f.i.l.r.s.c.DynamothDataCollector - [data] c
16:55:33.411 [pool-55-thread-1] DEBUG f.i.l.r.s.c.DynamothDataCollector - [data] this.scanner
16:55:33.411 [pool-55-thread-1] DEBUG f.i.l.r.s.c.DynamothDataCollector - [data] this.output
16:55:33.421 [pool-55-thread-1] DEBUG f.i.l.r.s.DynamothCodeGenesisImpl - BreakpointEvent
16:55:33.422 [pool-55-thread-1] INFO  f.i.l.r.s.DynamothCodeGenesisImpl - [test] introclassJava.median_6e464f2b_003BlackboxTest#test4 iteration 0
16:55:33.423 [pool-55-thread-1] DEBUG f.i.l.r.s.c.SpoonElementsCollector - [data] a=instance of introclassJava.IntObj(id=481)
16:55:33.423 [pool-55-thread-1] DEBUG f.i.l.r.s.c.SpoonElementsCollector - [data] b=instance of introclassJava.IntObj(id=482)
16:55:33.424 [pool-55-thread-1] DEBUG f.i.l.r.s.c.SpoonElementsCollector - [data] c=instance of introclassJava.IntObj(id=483)
16:55:33.424 [pool-55-thread-1] DEBUG f.i.l.r.s.c.DynamothDataCollector - Collect Level 1
16:55:33.424 [pool-55-thread-1] DEBUG f.i.l.r.s.c.DynamothDataCollector - [data] this=instance of introclassJava.median_6e464f2b_003(id=479)
16:55:33.424 [pool-55-thread-1] DEBUG f.i.l.r.s.c.DynamothDataCollector - [data] a
16:55:33.425 [pool-55-thread-1] DEBUG f.i.l.r.s.c.DynamothDataCollector - [data] b
16:55:33.425 [pool-55-thread-1] DEBUG f.i.l.r.s.c.DynamothDataCollector - [data] c
16:55:33.427 [pool-55-thread-1] DEBUG f.i.l.r.s.c.DynamothDataCollector - [data] this.scanner
16:55:33.427 [pool-55-thread-1] DEBUG f.i.l.r.s.c.DynamothDataCollector - [data] this.output
16:55:33.433 [pool-55-thread-1] DEBUG f.i.l.r.s.DynamothCodeGenesisImpl - BreakpointEvent
16:55:33.434 [pool-55-thread-1] INFO  f.i.l.r.s.DynamothCodeGenesisImpl - [test] introclassJava.median_6e464f2b_003BlackboxTest#test5 iteration 0
16:55:33.435 [pool-55-thread-1] DEBUG f.i.l.r.s.c.SpoonElementsCollector - [data] a=instance of introclassJava.IntObj(id=489)
16:55:33.435 [pool-55-thread-1] DEBUG f.i.l.r.s.c.SpoonElementsCollector - [data] b=instance of introclassJava.IntObj(id=490)
16:55:33.436 [pool-55-thread-1] DEBUG f.i.l.r.s.c.SpoonElementsCollector - [data] c=instance of introclassJava.IntObj(id=491)
16:55:33.436 [pool-55-thread-1] DEBUG f.i.l.r.s.c.DynamothDataCollector - Collect Level 1
16:55:33.436 [pool-55-thread-1] DEBUG f.i.l.r.s.c.DynamothDataCollector - [data] this=instance of introclassJava.median_6e464f2b_003(id=487)
16:55:33.436 [pool-55-thread-1] DEBUG f.i.l.r.s.c.DynamothDataCollector - [data] a
16:55:33.437 [pool-55-thread-1] DEBUG f.i.l.r.s.c.DynamothDataCollector - [data] b
16:55:33.437 [pool-55-thread-1] DEBUG f.i.l.r.s.c.DynamothDataCollector - [data] c
16:55:33.439 [pool-55-thread-1] DEBUG f.i.l.r.s.c.DynamothDataCollector - [data] this.scanner
16:55:33.440 [pool-55-thread-1] DEBUG f.i.l.r.s.c.DynamothDataCollector - [data] this.output
16:55:33.445 [pool-55-thread-1] DEBUG f.i.l.r.s.DynamothCodeGenesisImpl - BreakpointEvent
16:55:33.446 [pool-55-thread-1] INFO  f.i.l.r.s.DynamothCodeGenesisImpl - [test] introclassJava.median_6e464f2b_003BlackboxTest#test6 iteration 0
16:55:33.446 [pool-55-thread-1] DEBUG f.i.l.r.s.c.SpoonElementsCollector - [data] a=instance of introclassJava.IntObj(id=497)
16:55:33.447 [pool-55-thread-1] DEBUG f.i.l.r.s.c.SpoonElementsCollector - [data] b=instance of introclassJava.IntObj(id=498)
16:55:33.447 [pool-55-thread-1] DEBUG f.i.l.r.s.c.SpoonElementsCollector - [data] c=instance of introclassJava.IntObj(id=499)
16:55:33.447 [pool-55-thread-1] DEBUG f.i.l.r.s.c.DynamothDataCollector - Collect Level 1
16:55:33.447 [pool-55-thread-1] DEBUG f.i.l.r.s.c.DynamothDataCollector - [data] this=instance of introclassJava.median_6e464f2b_003(id=495)
16:55:33.448 [pool-55-thread-1] DEBUG f.i.l.r.s.c.DynamothDataCollector - [data] a
16:55:33.448 [pool-55-thread-1] DEBUG f.i.l.r.s.c.DynamothDataCollector - [data] b
16:55:33.448 [pool-55-thread-1] DEBUG f.i.l.r.s.c.DynamothDataCollector - [data] c
16:55:33.450 [pool-55-thread-1] DEBUG f.i.l.r.s.c.DynamothDataCollector - [data] this.scanner
16:55:33.450 [pool-55-thread-1] DEBUG f.i.l.r.s.c.DynamothDataCollector - [data] this.output
16:55:33.456 [pool-55-thread-1] DEBUG f.i.l.r.s.DynamothCodeGenesisImpl - BreakpointEvent
16:55:33.457 [pool-55-thread-1] INFO  f.i.l.r.s.DynamothCodeGenesisImpl - [test] introclassJava.median_6e464f2b_003WhiteboxTest#test5 iteration 0
16:55:33.458 [pool-55-thread-1] DEBUG f.i.l.r.s.c.SpoonElementsCollector - [data] a=instance of introclassJava.IntObj(id=507)
16:55:33.459 [pool-55-thread-1] DEBUG f.i.l.r.s.c.SpoonElementsCollector - [data] b=instance of introclassJava.IntObj(id=508)
16:55:33.459 [pool-55-thread-1] DEBUG f.i.l.r.s.c.SpoonElementsCollector - [data] c=instance of introclassJava.IntObj(id=509)
16:55:33.459 [pool-55-thread-1] DEBUG f.i.l.r.s.c.DynamothDataCollector - Collect Level 1
16:55:33.459 [pool-55-thread-1] DEBUG f.i.l.r.s.c.DynamothDataCollector - [data] this=instance of introclassJava.median_6e464f2b_003(id=505)
16:55:33.460 [pool-55-thread-1] DEBUG f.i.l.r.s.c.DynamothDataCollector - [data] a
16:55:33.460 [pool-55-thread-1] DEBUG f.i.l.r.s.c.DynamothDataCollector - [data] b
16:55:33.460 [pool-55-thread-1] DEBUG f.i.l.r.s.c.DynamothDataCollector - [data] c
16:55:33.462 [pool-55-thread-1] DEBUG f.i.l.r.s.c.DynamothDataCollector - [data] this.scanner
16:55:33.463 [pool-55-thread-1] DEBUG f.i.l.r.s.c.DynamothDataCollector - [data] this.output
16:55:33.468 [pool-55-thread-1] DEBUG f.i.l.r.s.DynamothCodeGenesisImpl - BreakpointEvent
16:55:33.469 [pool-55-thread-1] INFO  f.i.l.r.s.DynamothCodeGenesisImpl - [test] introclassJava.median_6e464f2b_003WhiteboxTest#test6 iteration 0
16:55:33.470 [pool-55-thread-1] DEBUG f.i.l.r.s.c.SpoonElementsCollector - [data] a=instance of introclassJava.IntObj(id=515)
16:55:33.470 [pool-55-thread-1] DEBUG f.i.l.r.s.c.SpoonElementsCollector - [data] b=instance of introclassJava.IntObj(id=516)
16:55:33.470 [pool-55-thread-1] DEBUG f.i.l.r.s.c.SpoonElementsCollector - [data] c=instance of introclassJava.IntObj(id=517)
16:55:33.471 [pool-55-thread-1] DEBUG f.i.l.r.s.c.DynamothDataCollector - Collect Level 1
16:55:33.471 [pool-55-thread-1] DEBUG f.i.l.r.s.c.DynamothDataCollector - [data] this=instance of introclassJava.median_6e464f2b_003(id=513)
16:55:33.471 [pool-55-thread-1] DEBUG f.i.l.r.s.c.DynamothDataCollector - [data] a
16:55:33.471 [pool-55-thread-1] DEBUG f.i.l.r.s.c.DynamothDataCollector - [data] b
16:55:33.471 [pool-55-thread-1] DEBUG f.i.l.r.s.c.DynamothDataCollector - [data] c
16:55:33.474 [pool-55-thread-1] DEBUG f.i.l.r.s.c.DynamothDataCollector - [data] this.scanner
16:55:33.474 [pool-55-thread-1] DEBUG f.i.l.r.s.c.DynamothDataCollector - [data] this.output
16:55:33.478 [pool-55-thread-1] DEBUG f.i.l.r.s.DynamothCodeGenesisImpl - BreakpointEvent
16:55:33.479 [pool-55-thread-1] INFO  f.i.l.r.s.DynamothCodeGenesisImpl - [test] introclassJava.median_6e464f2b_003WhiteboxTest#test3 iteration 0
16:55:33.480 [pool-55-thread-1] DEBUG f.i.l.r.s.c.SpoonElementsCollector - [data] a=instance of introclassJava.IntObj(id=523)
16:55:33.481 [pool-55-thread-1] DEBUG f.i.l.r.s.c.SpoonElementsCollector - [data] b=instance of introclassJava.IntObj(id=524)
16:55:33.481 [pool-55-thread-1] DEBUG f.i.l.r.s.c.SpoonElementsCollector - [data] c=instance of introclassJava.IntObj(id=525)
16:55:33.481 [pool-55-thread-1] DEBUG f.i.l.r.s.c.DynamothDataCollector - Collect Level 1
16:55:33.481 [pool-55-thread-1] DEBUG f.i.l.r.s.c.DynamothDataCollector - [data] this=instance of introclassJava.median_6e464f2b_003(id=521)
16:55:33.481 [pool-55-thread-1] DEBUG f.i.l.r.s.c.DynamothDataCollector - [data] a
16:55:33.482 [pool-55-thread-1] DEBUG f.i.l.r.s.c.DynamothDataCollector - [data] b
16:55:33.482 [pool-55-thread-1] DEBUG f.i.l.r.s.c.DynamothDataCollector - [data] c
16:55:33.484 [pool-55-thread-1] DEBUG f.i.l.r.s.c.DynamothDataCollector - [data] this.scanner
16:55:33.484 [pool-55-thread-1] DEBUG f.i.l.r.s.c.DynamothDataCollector - [data] this.output
16:55:33.494 [pool-55-thread-1] DEBUG f.i.l.r.s.DynamothCodeGenesisImpl - BreakpointEvent
16:55:33.495 [pool-55-thread-1] INFO  f.i.l.r.s.DynamothCodeGenesisImpl - [test] introclassJava.median_6e464f2b_003WhiteboxTest#test2 iteration 0
16:55:33.496 [pool-55-thread-1] DEBUG f.i.l.r.s.c.SpoonElementsCollector - [data] a=instance of introclassJava.IntObj(id=544)
16:55:33.496 [pool-55-thread-1] DEBUG f.i.l.r.s.c.SpoonElementsCollector - [data] b=instance of introclassJava.IntObj(id=545)
16:55:33.497 [pool-55-thread-1] DEBUG f.i.l.r.s.c.SpoonElementsCollector - [data] c=instance of introclassJava.IntObj(id=546)
16:55:33.497 [pool-55-thread-1] DEBUG f.i.l.r.s.c.DynamothDataCollector - Collect Level 1
16:55:33.497 [pool-55-thread-1] DEBUG f.i.l.r.s.c.DynamothDataCollector - [data] this=instance of introclassJava.median_6e464f2b_003(id=542)
16:55:33.497 [pool-55-thread-1] DEBUG f.i.l.r.s.c.DynamothDataCollector - [data] a
16:55:33.497 [pool-55-thread-1] DEBUG f.i.l.r.s.c.DynamothDataCollector - [data] b
16:55:33.497 [pool-55-thread-1] DEBUG f.i.l.r.s.c.DynamothDataCollector - [data] c
16:55:33.500 [pool-55-thread-1] DEBUG f.i.l.r.s.c.DynamothDataCollector - [data] this.scanner
16:55:33.500 [pool-55-thread-1] DEBUG f.i.l.r.s.c.DynamothDataCollector - [data] this.output
16:55:33.505 [pool-55-thread-1] DEBUG f.i.l.r.s.DynamothCodeGenesisImpl - BreakpointEvent
16:55:33.506 [pool-55-thread-1] INFO  f.i.l.r.s.DynamothCodeGenesisImpl - [test] introclassJava.median_6e464f2b_003BlackboxTest#test1 iteration 0
16:55:33.507 [pool-55-thread-1] DEBUG f.i.l.r.s.c.SpoonElementsCollector - [data] a=instance of introclassJava.IntObj(id=552)
16:55:33.507 [pool-55-thread-1] DEBUG f.i.l.r.s.c.SpoonElementsCollector - [data] b=instance of introclassJava.IntObj(id=553)
16:55:33.508 [pool-55-thread-1] DEBUG f.i.l.r.s.c.SpoonElementsCollector - [data] c=instance of introclassJava.IntObj(id=554)
16:55:33.508 [pool-55-thread-1] DEBUG f.i.l.r.s.c.DynamothDataCollector - Collect Level 1
16:55:33.508 [pool-55-thread-1] DEBUG f.i.l.r.s.c.DynamothDataCollector - [data] this=instance of introclassJava.median_6e464f2b_003(id=550)
16:55:33.508 [pool-55-thread-1] DEBUG f.i.l.r.s.c.DynamothDataCollector - [data] a
16:55:33.508 [pool-55-thread-1] DEBUG f.i.l.r.s.c.DynamothDataCollector - [data] b
16:55:33.509 [pool-55-thread-1] DEBUG f.i.l.r.s.c.DynamothDataCollector - [data] c
16:55:33.511 [pool-55-thread-1] DEBUG f.i.l.r.s.c.DynamothDataCollector - [data] this.scanner
16:55:33.511 [pool-55-thread-1] DEBUG f.i.l.r.s.c.DynamothDataCollector - [data] this.output
16:55:33.516 [pool-55-thread-1] DEBUG f.i.l.r.s.DynamothCodeGenesisImpl - BreakpointEvent
16:55:33.517 [pool-55-thread-1] INFO  f.i.l.r.s.DynamothCodeGenesisImpl - [test] introclassJava.median_6e464f2b_003BlackboxTest#test2 iteration 0
16:55:33.518 [pool-55-thread-1] DEBUG f.i.l.r.s.c.SpoonElementsCollector - [data] a=instance of introclassJava.IntObj(id=560)
16:55:33.518 [pool-55-thread-1] DEBUG f.i.l.r.s.c.SpoonElementsCollector - [data] b=instance of introclassJava.IntObj(id=561)
16:55:33.518 [pool-55-thread-1] DEBUG f.i.l.r.s.c.SpoonElementsCollector - [data] c=instance of introclassJava.IntObj(id=562)
16:55:33.518 [pool-55-thread-1] DEBUG f.i.l.r.s.c.DynamothDataCollector - Collect Level 1
16:55:33.518 [pool-55-thread-1] DEBUG f.i.l.r.s.c.DynamothDataCollector - [data] this=instance of introclassJava.median_6e464f2b_003(id=558)
16:55:33.519 [pool-55-thread-1] DEBUG f.i.l.r.s.c.DynamothDataCollector - [data] a
16:55:33.519 [pool-55-thread-1] DEBUG f.i.l.r.s.c.DynamothDataCollector - [data] b
16:55:33.519 [pool-55-thread-1] DEBUG f.i.l.r.s.c.DynamothDataCollector - [data] c
16:55:33.521 [pool-55-thread-1] DEBUG f.i.l.r.s.c.DynamothDataCollector - [data] this.scanner
16:55:33.522 [pool-55-thread-1] DEBUG f.i.l.r.s.c.DynamothDataCollector - [data] this.output
16:55:33.525 [pool-55-thread-1] DEBUG f.i.l.r.s.DynamothCodeGenesisImpl - Exit


========= Info ==========
Nb constants             3
Nb method invocations    0
Nb field access          2
Nb variables             5
Total                    10
Nb evaluated expressions 1
Init Execution time      188 ms
Collect Execution time   148 ms
Combine Execution time   1.0 ms
Nb Combination par sec   1000 combinations/sec
Total Execution time     337 ms
Nb line execution        10
Nb results               1

Results:
1. (((a.value) > (b.value)) && ((a.value) < (c.value))) || (((a.value) < (b.value)) && ((a.value) > (c.value)))


========================
         Stat
========================
Operators: 
AND 4
GT 4
LT 4
OR 2
Methods: 
format(java.lang.String,java.lang.Object[]) 4
nextInt() 3
Variable: 
value 44
a 8
output 8
b 8
c 6
scanner 6

 & 3 & 0 & 2 & 5 & 10 & 1 & 337 ms & 10 &
16:55:33.526 [pool-55-thread-1] INFO  f.i.l.repair.nopol.patch.TestPatch - Applying patch: introclassJava.median_6e464f2b_003:66: CONDITIONAL (((a.value) > (b.value)) && ((a.value) < (c.value))) || (((a.value) < (b.value)) && ((a.value) > (c.value)))
16:55:33.602 [pool-55-thread-1] INFO  f.i.l.repair.nopol.patch.TestPatch - Running test suite to check the patch "(((a.value) > (b.value)) && ((a.value) < (c.value))) || (((a.value) < (b.value)) && ((a.value) > (c.value)))" is working
16:55:33.617 [pool-55-thread-1] INFO  f.i.l.repair.nopol.patch.TestPatch - Failing tests [test3(introclassJava.median_6e464f2b_003WhiteboxTest): expected:<...rsseparatedbyspaces>[0]isthemedian> but was:<...rsseparatedbyspaces>[1]isthemedian>]
16:55:33.617 [pool-55-thread-1] DEBUG fr.inria.lille.repair.nopol.NoPol - Could not find a valid patch in SourceLocation introclassJava.median_6e464f2b_003:66
16:55:33.617 [pool-2-thread-1] DEBUG fr.inria.lille.repair.nopol.NoPol - statement #5
16:55:33.617 [pool-2-thread-1] DEBUG fr.inria.lille.repair.nopol.NoPol - Analysing SourceLocation introclassJava.median_6e464f2b_003:65 which is executed by 13 tests
-1916691747
16:55:33.666 [pool-2-thread-1] DEBUG fr.inria.lille.repair.nopol.NoPol - looking with class fr.inria.lille.repair.nopol.spoon.smt.ConditionalAdder
org.junit.ComparisonFailure: expected:<...rsseparatedbyspaces>[0]isthemedian> but was:<...rsseparatedbyspaces>[1]isthemedian>
    at org.junit.Assert.assertEquals(Assert.java:115)
    at org.junit.Assert.assertEquals(Assert.java:144)
    at introclassJava.median_6e464f2b_003WhiteboxTest.test3(median_6e464f2b_003WhiteboxTest.java:32)
    at sun.reflect.NativeMethodAccessorImpl.invoke0(Native Method)
    at sun.reflect.NativeMethodAccessorImpl.invoke(NativeMethodAccessorImpl.java:62)
    at sun.reflect.DelegatingMethodAccessorImpl.invoke(DelegatingMethodAccessorImpl.java:43)
16:55:33.673 [pool-98-thread-1] INFO  xxl.java.junit.TestCasesListener - Tests run finished (5 ms)
<> Total tests run: 6
<> Ignored tests: 0
<> Failed tests: 1
~ test3(introclassJava.median_6e464f2b_003WhiteboxTest)
[expected:<...rsseparatedbyspaces>[0]isthemedian> but was:<...rsseparatedbyspaces>[1]isthemedian>]
org.junit.ComparisonFailure: expected:<...rsseparatedbyspaces>[0]isthemedian> but was:<...rsseparatedbyspaces>[1]isthemedian>    at org.junit.Assert.assertEquals(Assert.java:115)
    at org.junit.Assert.assertEquals(Assert.java:144)
    at introclassJava.median_6e464f2b_003WhiteboxTest.test3(median_6e464f2b_003WhiteboxTest.java:32)
    at sun.reflect.NativeMethodAccessorImpl.invoke0(Native Method)
    at sun.reflect.NativeMethodAccessorImpl.invoke(NativeMethodAccessorImpl.java:62)
    at sun.reflect.DelegatingMethodAccessorImpl.invoke(DelegatingMethodAccessorImpl.java:43)

16:55:33.757 [pool-97-thread-1] DEBUG f.i.l.r.n.s.d.DynamothSynthesizer - Ignore the test introclassJava.median_6e464f2b_003BlackboxTest#test4
16:55:33.759 [pool-97-thread-1] DEBUG f.i.l.r.n.s.d.DynamothSynthesizer - Ignore the test introclassJava.median_6e464f2b_003BlackboxTest#test6
16:55:33.762 [pool-97-thread-1] DEBUG f.i.l.r.n.s.d.DynamothSynthesizer - Ignore the test introclassJava.median_6e464f2b_003WhiteboxTest#test4
16:55:33.763 [pool-97-thread-1] DEBUG f.i.l.r.n.s.d.DynamothSynthesizer - Ignore the test introclassJava.median_6e464f2b_003WhiteboxTest#test1
java -cp /tmp/DynaMoth_IntroClassJava_median_6e464f2b5ba1d5ad3d4fc366e7d7712b424aabd8b41ca36257115a16416d202feb27397a413d04944c9ac76976fa8ff8ae646144855e08791ebf9593d1caaaca_003/target/classes:/tmp/DynaMoth_IntroClassJava_median_6e464f2b5ba1d5ad3d4fc366e7d7712b424aabd8b41ca36257115a16416d202feb27397a413d04944c9ac76976fa8ff8ae646144855e08791ebf9593d1caaaca_003/target/test-classes:/home/tdurieux/.m2/repository/junit/junit/4.11/junit-4.11.jar:/home/tdurieux/.m2/repository/org/hamcrest/hamcrest-core/1.3/hamcrest-core-1.3.jar:/home/tdurieux/RepairThemAll/script/../repair_tools/nopol.jar:/home/tdurieux/RepairThemAll/repair_tools/nopol.jar:/usr/lib/jvm/java-8-openjdk-amd64/lib/tools.jar: fr.inria.lille.repair.MethodTestRunner introclassJava.median_6e464f2b_003BlackboxTest#test3 introclassJava.median_6e464f2b_003BlackboxTest#test5 introclassJava.median_6e464f2b_003BlackboxTest#test7 introclassJava.median_6e464f2b_003WhiteboxTest#test5 introclassJava.median_6e464f2b_003WhiteboxTest#test6 introclassJava.median_6e464f2b_003WhiteboxTest#test3 introclassJava.median_6e464f2b_003WhiteboxTest#test2 introclassJava.median_6e464f2b_003BlackboxTest#test1 introclassJava.median_6e464f2b_003BlackboxTest#test2 
16:55:33.935 [pool-97-thread-1] DEBUG f.i.l.r.s.DynamothCodeGenesisImpl - ClassPrepareEvent
16:55:33.938 [pool-97-thread-1] DEBUG f.i.l.r.s.c.spoon.ClassCollector - [class] introclassJava.IntObj
16:55:33.939 [pool-97-thread-1] DEBUG f.i.l.r.s.c.spoon.ClassCollector - [class] introclassJava.median_6e464f2b_003
16:55:33.939 [pool-97-thread-1] DEBUG f.i.l.r.s.c.spoon.ClassCollector - [class] java.lang.String
16:55:33.941 [pool-97-thread-1] DEBUG f.i.l.r.s.c.spoon.ClassCollector - [class] java.util.Scanner
16:55:33.976 [pool-97-thread-1] DEBUG f.i.l.r.s.DynamothCodeGenesisImpl - BreakpointEvent
16:55:33.977 [pool-97-thread-1] INFO  f.i.l.r.s.DynamothCodeGenesisImpl - [test] introclassJava.median_6e464f2b_003BlackboxTest#test3 iteration 0
16:55:33.977 [pool-97-thread-1] DEBUG f.i.l.r.s.c.SpoonElementsCollector - [data] c=instance of introclassJava.IntObj(id=461)
16:55:33.978 [pool-97-thread-1] DEBUG f.i.l.r.s.c.DynamothDataCollector - Collect Level 1
16:55:33.978 [pool-97-thread-1] DEBUG f.i.l.r.s.c.DynamothDataCollector - [data] this=instance of introclassJava.median_6e464f2b_003(id=459)
16:55:33.978 [pool-97-thread-1] DEBUG f.i.l.r.s.c.DynamothDataCollector - [data] a
16:55:33.978 [pool-97-thread-1] DEBUG f.i.l.r.s.c.DynamothDataCollector - [data] b
16:55:33.978 [pool-97-thread-1] DEBUG f.i.l.r.s.c.DynamothDataCollector - [data] c
16:55:33.983 [pool-97-thread-1] DEBUG f.i.l.r.s.c.DynamothDataCollector - [data] this.scanner
16:55:33.983 [pool-97-thread-1] DEBUG f.i.l.r.s.c.DynamothDataCollector - [data] this.output
16:55:33.993 [pool-97-thread-1] DEBUG f.i.l.r.s.DynamothCodeGenesisImpl - BreakpointEvent
16:55:33.994 [pool-97-thread-1] INFO  f.i.l.r.s.DynamothCodeGenesisImpl - [test] introclassJava.median_6e464f2b_003BlackboxTest#test5 iteration 0
16:55:33.994 [pool-97-thread-1] DEBUG f.i.l.r.s.c.SpoonElementsCollector - [data] c=instance of introclassJava.IntObj(id=481)
16:55:33.995 [pool-97-thread-1] DEBUG f.i.l.r.s.c.DynamothDataCollector - Collect Level 1
16:55:33.995 [pool-97-thread-1] DEBUG f.i.l.r.s.c.DynamothDataCollector - [data] this=instance of introclassJava.median_6e464f2b_003(id=479)
16:55:33.995 [pool-97-thread-1] DEBUG f.i.l.r.s.c.DynamothDataCollector - [data] a
16:55:33.995 [pool-97-thread-1] DEBUG f.i.l.r.s.c.DynamothDataCollector - [data] b
16:55:33.996 [pool-97-thread-1] DEBUG f.i.l.r.s.c.DynamothDataCollector - [data] c
16:55:33.998 [pool-97-thread-1] DEBUG f.i.l.r.s.c.DynamothDataCollector - [data] this.scanner
16:55:33.998 [pool-97-thread-1] DEBUG f.i.l.r.s.c.DynamothDataCollector - [data] this.output
16:55:34.003 [pool-97-thread-1] DEBUG f.i.l.r.s.DynamothCodeGenesisImpl - BreakpointEvent
16:55:34.004 [pool-97-thread-1] INFO  f.i.l.r.s.DynamothCodeGenesisImpl - [test] introclassJava.median_6e464f2b_003BlackboxTest#test7 iteration 0
16:55:34.004 [pool-97-thread-1] DEBUG f.i.l.r.s.c.SpoonElementsCollector - [data] c=instance of introclassJava.IntObj(id=489)
16:55:34.005 [pool-97-thread-1] DEBUG f.i.l.r.s.c.DynamothDataCollector - Collect Level 1
16:55:34.005 [pool-97-thread-1] DEBUG f.i.l.r.s.c.DynamothDataCollector - [data] this=instance of introclassJava.median_6e464f2b_003(id=487)
16:55:34.005 [pool-97-thread-1] DEBUG f.i.l.r.s.c.DynamothDataCollector - [data] a
16:55:34.005 [pool-97-thread-1] DEBUG f.i.l.r.s.c.DynamothDataCollector - [data] b
16:55:34.005 [pool-97-thread-1] DEBUG f.i.l.r.s.c.DynamothDataCollector - [data] c
16:55:34.007 [pool-97-thread-1] DEBUG f.i.l.r.s.c.DynamothDataCollector - [data] this.scanner
16:55:34.007 [pool-97-thread-1] DEBUG f.i.l.r.s.c.DynamothDataCollector - [data] this.output
16:55:34.013 [pool-97-thread-1] DEBUG f.i.l.r.s.DynamothCodeGenesisImpl - BreakpointEvent
16:55:34.014 [pool-97-thread-1] INFO  f.i.l.r.s.DynamothCodeGenesisImpl - [test] introclassJava.median_6e464f2b_003WhiteboxTest#test5 iteration 0
16:55:34.014 [pool-97-thread-1] DEBUG f.i.l.r.s.c.SpoonElementsCollector - [data] c=instance of introclassJava.IntObj(id=499)
16:55:34.015 [pool-97-thread-1] DEBUG f.i.l.r.s.c.DynamothDataCollector - Collect Level 1
16:55:34.015 [pool-97-thread-1] DEBUG f.i.l.r.s.c.DynamothDataCollector - [data] this=instance of introclassJava.median_6e464f2b_003(id=497)
16:55:34.015 [pool-97-thread-1] DEBUG f.i.l.r.s.c.DynamothDataCollector - [data] a
16:55:34.015 [pool-97-thread-1] DEBUG f.i.l.r.s.c.DynamothDataCollector - [data] b
16:55:34.015 [pool-97-thread-1] DEBUG f.i.l.r.s.c.DynamothDataCollector - [data] c
16:55:34.017 [pool-97-thread-1] DEBUG f.i.l.r.s.c.DynamothDataCollector - [data] this.scanner
16:55:34.017 [pool-97-thread-1] DEBUG f.i.l.r.s.c.DynamothDataCollector - [data] this.output
16:55:34.022 [pool-97-thread-1] DEBUG f.i.l.r.s.DynamothCodeGenesisImpl - BreakpointEvent
16:55:34.023 [pool-97-thread-1] INFO  f.i.l.r.s.DynamothCodeGenesisImpl - [test] introclassJava.median_6e464f2b_003WhiteboxTest#test6 iteration 0
16:55:34.023 [pool-97-thread-1] DEBUG f.i.l.r.s.c.SpoonElementsCollector - [data] c=instance of introclassJava.IntObj(id=507)
16:55:34.023 [pool-97-thread-1] DEBUG f.i.l.r.s.c.DynamothDataCollector - Collect Level 1
16:55:34.023 [pool-97-thread-1] DEBUG f.i.l.r.s.c.DynamothDataCollector - [data] this=instance of introclassJava.median_6e464f2b_003(id=505)
16:55:34.024 [pool-97-thread-1] DEBUG f.i.l.r.s.c.DynamothDataCollector - [data] a
16:55:34.024 [pool-97-thread-1] DEBUG f.i.l.r.s.c.DynamothDataCollector - [data] b
16:55:34.024 [pool-97-thread-1] DEBUG f.i.l.r.s.c.DynamothDataCollector - [data] c
16:55:34.026 [pool-97-thread-1] DEBUG f.i.l.r.s.c.DynamothDataCollector - [data] this.scanner
16:55:34.026 [pool-97-thread-1] DEBUG f.i.l.r.s.c.DynamothDataCollector - [data] this.output
16:55:34.031 [pool-97-thread-1] DEBUG f.i.l.r.s.DynamothCodeGenesisImpl - BreakpointEvent
16:55:34.032 [pool-97-thread-1] INFO  f.i.l.r.s.DynamothCodeGenesisImpl - [test] introclassJava.median_6e464f2b_003WhiteboxTest#test3 iteration 0
16:55:34.032 [pool-97-thread-1] DEBUG f.i.l.r.s.c.SpoonElementsCollector - [data] c=instance of introclassJava.IntObj(id=515)
16:55:34.033 [pool-97-thread-1] DEBUG f.i.l.r.s.c.DynamothDataCollector - Collect Level 1
16:55:34.033 [pool-97-thread-1] DEBUG f.i.l.r.s.c.DynamothDataCollector - [data] this=instance of introclassJava.median_6e464f2b_003(id=513)
16:55:34.033 [pool-97-thread-1] DEBUG f.i.l.r.s.c.DynamothDataCollector - [data] a
16:55:34.033 [pool-97-thread-1] DEBUG f.i.l.r.s.c.DynamothDataCollector - [data] b
16:55:34.033 [pool-97-thread-1] DEBUG f.i.l.r.s.c.DynamothDataCollector - [data] c
16:55:34.035 [pool-97-thread-1] DEBUG f.i.l.r.s.c.DynamothDataCollector - [data] this.scanner
16:55:34.035 [pool-97-thread-1] DEBUG f.i.l.r.s.c.DynamothDataCollector - [data] this.output
16:55:34.044 [pool-97-thread-1] DEBUG f.i.l.r.s.DynamothCodeGenesisImpl - BreakpointEvent
16:55:34.045 [pool-97-thread-1] INFO  f.i.l.r.s.DynamothCodeGenesisImpl - [test] introclassJava.median_6e464f2b_003WhiteboxTest#test2 iteration 0
16:55:34.045 [pool-97-thread-1] DEBUG f.i.l.r.s.c.SpoonElementsCollector - [data] c=instance of introclassJava.IntObj(id=536)
16:55:34.046 [pool-97-thread-1] DEBUG f.i.l.r.s.c.DynamothDataCollector - Collect Level 1
16:55:34.046 [pool-97-thread-1] DEBUG f.i.l.r.s.c.DynamothDataCollector - [data] this=instance of introclassJava.median_6e464f2b_003(id=534)
16:55:34.046 [pool-97-thread-1] DEBUG f.i.l.r.s.c.DynamothDataCollector - [data] a
16:55:34.046 [pool-97-thread-1] DEBUG f.i.l.r.s.c.DynamothDataCollector - [data] b
16:55:34.046 [pool-97-thread-1] DEBUG f.i.l.r.s.c.DynamothDataCollector - [data] c
16:55:34.048 [pool-97-thread-1] DEBUG f.i.l.r.s.c.DynamothDataCollector - [data] this.scanner
16:55:34.049 [pool-97-thread-1] DEBUG f.i.l.r.s.c.DynamothDataCollector - [data] this.output
16:55:34.053 [pool-97-thread-1] DEBUG f.i.l.r.s.DynamothCodeGenesisImpl - BreakpointEvent
16:55:34.054 [pool-97-thread-1] INFO  f.i.l.r.s.DynamothCodeGenesisImpl - [test] introclassJava.median_6e464f2b_003BlackboxTest#test1 iteration 0
16:55:34.055 [pool-97-thread-1] DEBUG f.i.l.r.s.c.SpoonElementsCollector - [data] c=instance of introclassJava.IntObj(id=544)
16:55:34.055 [pool-97-thread-1] DEBUG f.i.l.r.s.c.DynamothDataCollector - Collect Level 1
16:55:34.055 [pool-97-thread-1] DEBUG f.i.l.r.s.c.DynamothDataCollector - [data] this=instance of introclassJava.median_6e464f2b_003(id=542)
16:55:34.055 [pool-97-thread-1] DEBUG f.i.l.r.s.c.DynamothDataCollector - [data] a
16:55:34.055 [pool-97-thread-1] DEBUG f.i.l.r.s.c.DynamothDataCollector - [data] b
16:55:34.056 [pool-97-thread-1] DEBUG f.i.l.r.s.c.DynamothDataCollector - [data] c
16:55:34.058 [pool-97-thread-1] DEBUG f.i.l.r.s.c.DynamothDataCollector - [data] this.scanner
16:55:34.058 [pool-97-thread-1] DEBUG f.i.l.r.s.c.DynamothDataCollector - [data] this.output
16:55:34.063 [pool-97-thread-1] DEBUG f.i.l.r.s.DynamothCodeGenesisImpl - BreakpointEvent
16:55:34.064 [pool-97-thread-1] INFO  f.i.l.r.s.DynamothCodeGenesisImpl - [test] introclassJava.median_6e464f2b_003BlackboxTest#test2 iteration 0
16:55:34.064 [pool-97-thread-1] DEBUG f.i.l.r.s.c.SpoonElementsCollector - [data] c=instance of introclassJava.IntObj(id=552)
16:55:34.064 [pool-97-thread-1] DEBUG f.i.l.r.s.c.DynamothDataCollector - Collect Level 1
16:55:34.064 [pool-97-thread-1] DEBUG f.i.l.r.s.c.DynamothDataCollector - [data] this=instance of introclassJava.median_6e464f2b_003(id=550)
16:55:34.065 [pool-97-thread-1] DEBUG f.i.l.r.s.c.DynamothDataCollector - [data] a
16:55:34.065 [pool-97-thread-1] DEBUG f.i.l.r.s.c.DynamothDataCollector - [data] b
16:55:34.065 [pool-97-thread-1] DEBUG f.i.l.r.s.c.DynamothDataCollector - [data] c
16:55:34.068 [pool-97-thread-1] DEBUG f.i.l.r.s.c.DynamothDataCollector - [data] this.scanner
16:55:34.068 [pool-97-thread-1] DEBUG f.i.l.r.s.c.DynamothDataCollector - [data] this.output
16:55:34.071 [pool-97-thread-1] DEBUG f.i.l.r.s.DynamothCodeGenesisImpl - Exit
16:55:34.073 [pool-97-thread-1] DEBUG f.i.l.r.s.collect.DataCombiner - [combine] start on 9 elements
16:55:34.105 [pool-97-thread-1] DEBUG f.i.l.r.s.collect.DataCombiner - [combine] end 3249 evaluated elements


========= Info ==========
Nb constants             3
Nb method invocations    0
Nb field access          2
Nb variables             4
Total                    9
Nb evaluated expressions 1620
Init Execution time      187 ms
Collect Execution time   118 ms
Combine Execution time   35.0 ms
Nb Combination par sec   46286 combinations/sec
Total Execution time     340 ms
Nb line execution        9
Nb results               0

Results:


========================
         Stat
========================
Operators: 
AND 4
GT 4
LT 4
OR 2
Methods: 
format(java.lang.String,java.lang.Object[]) 4
nextInt() 3
Variable: 
value 44
a 8
output 8
b 8
c 6
scanner 6

 & 3 & 0 & 2 & 4 & 9 & 1620 & 340 ms & 9 &
16:55:34.106 [pool-2-thread-1] DEBUG fr.inria.lille.repair.nopol.NoPol - statement #6
16:55:34.106 [pool-2-thread-1] DEBUG fr.inria.lille.repair.nopol.NoPol - Analysing SourceLocation introclassJava.median_6e464f2b_003:64 which is executed by 13 tests
-1916691747
16:55:34.148 [pool-2-thread-1] DEBUG fr.inria.lille.repair.nopol.NoPol - looking with class fr.inria.lille.repair.nopol.spoon.smt.ConditionalAdder
org.junit.ComparisonFailure: expected:<...rsseparatedbyspaces>[0]isthemedian> but was:<...rsseparatedbyspaces>[1]isthemedian>
    at org.junit.Assert.assertEquals(Assert.java:115)
    at org.junit.Assert.assertEquals(Assert.java:144)
    at introclassJava.median_6e464f2b_003WhiteboxTest.test3(median_6e464f2b_003WhiteboxTest.java:32)
    at sun.reflect.NativeMethodAccessorImpl.invoke0(Native Method)
    at sun.reflect.NativeMethodAccessorImpl.invoke(NativeMethodAccessorImpl.java:62)
    at sun.reflect.DelegatingMethodAccessorImpl.invoke(DelegatingMethodAccessorImpl.java:43)
16:55:34.154 [pool-127-thread-1] INFO  xxl.java.junit.TestCasesListener - Tests run finished (4 ms)
<> Total tests run: 6
<> Ignored tests: 0
<> Failed tests: 1
~ test3(introclassJava.median_6e464f2b_003WhiteboxTest)
[expected:<...rsseparatedbyspaces>[0]isthemedian> but was:<...rsseparatedbyspaces>[1]isthemedian>]
org.junit.ComparisonFailure: expected:<...rsseparatedbyspaces>[0]isthemedian> but was:<...rsseparatedbyspaces>[1]isthemedian>    at org.junit.Assert.assertEquals(Assert.java:115)
    at org.junit.Assert.assertEquals(Assert.java:144)
    at introclassJava.median_6e464f2b_003WhiteboxTest.test3(median_6e464f2b_003WhiteboxTest.java:32)
    at sun.reflect.NativeMethodAccessorImpl.invoke0(Native Method)
    at sun.reflect.NativeMethodAccessorImpl.invoke(NativeMethodAccessorImpl.java:62)
    at sun.reflect.DelegatingMethodAccessorImpl.invoke(DelegatingMethodAccessorImpl.java:43)

16:55:34.236 [pool-126-thread-1] DEBUG f.i.l.r.n.s.d.DynamothSynthesizer - Ignore the test introclassJava.median_6e464f2b_003BlackboxTest#test4
16:55:34.238 [pool-126-thread-1] DEBUG f.i.l.r.n.s.d.DynamothSynthesizer - Ignore the test introclassJava.median_6e464f2b_003BlackboxTest#test6
16:55:34.238 [pool-126-thread-1] DEBUG f.i.l.r.n.s.d.DynamothSynthesizer - Ignore the test introclassJava.median_6e464f2b_003BlackboxTest#test7
16:55:34.240 [pool-126-thread-1] DEBUG f.i.l.r.n.s.d.DynamothSynthesizer - Ignore the test introclassJava.median_6e464f2b_003WhiteboxTest#test6
16:55:34.241 [pool-126-thread-1] DEBUG f.i.l.r.n.s.d.DynamothSynthesizer - Ignore the test introclassJava.median_6e464f2b_003WhiteboxTest#test1
java -cp /tmp/DynaMoth_IntroClassJava_median_6e464f2b5ba1d5ad3d4fc366e7d7712b424aabd8b41ca36257115a16416d202feb27397a413d04944c9ac76976fa8ff8ae646144855e08791ebf9593d1caaaca_003/target/classes:/tmp/DynaMoth_IntroClassJava_median_6e464f2b5ba1d5ad3d4fc366e7d7712b424aabd8b41ca36257115a16416d202feb27397a413d04944c9ac76976fa8ff8ae646144855e08791ebf9593d1caaaca_003/target/test-classes:/home/tdurieux/.m2/repository/junit/junit/4.11/junit-4.11.jar:/home/tdurieux/.m2/repository/org/hamcrest/hamcrest-core/1.3/hamcrest-core-1.3.jar:/home/tdurieux/RepairThemAll/script/../repair_tools/nopol.jar:/home/tdurieux/RepairThemAll/repair_tools/nopol.jar:/usr/lib/jvm/java-8-openjdk-amd64/lib/tools.jar: fr.inria.lille.repair.MethodTestRunner introclassJava.median_6e464f2b_003BlackboxTest#test3 introclassJava.median_6e464f2b_003BlackboxTest#test5 introclassJava.median_6e464f2b_003WhiteboxTest#test5 introclassJava.median_6e464f2b_003WhiteboxTest#test3 introclassJava.median_6e464f2b_003WhiteboxTest#test4 introclassJava.median_6e464f2b_003WhiteboxTest#test2 introclassJava.median_6e464f2b_003BlackboxTest#test1 introclassJava.median_6e464f2b_003BlackboxTest#test2 
16:55:34.412 [pool-126-thread-1] DEBUG f.i.l.r.s.DynamothCodeGenesisImpl - ClassPrepareEvent
16:55:34.415 [pool-126-thread-1] DEBUG f.i.l.r.s.c.spoon.ClassCollector - [class] introclassJava.IntObj
16:55:34.415 [pool-126-thread-1] DEBUG f.i.l.r.s.c.spoon.ClassCollector - [class] introclassJava.median_6e464f2b_003
16:55:34.416 [pool-126-thread-1] DEBUG f.i.l.r.s.c.spoon.ClassCollector - [class] java.lang.String
16:55:34.416 [pool-126-thread-1] DEBUG f.i.l.r.s.c.spoon.ClassCollector - [class] java.util.Scanner
16:55:34.448 [pool-126-thread-1] DEBUG f.i.l.r.s.DynamothCodeGenesisImpl - BreakpointEvent
16:55:34.450 [pool-126-thread-1] INFO  f.i.l.r.s.DynamothCodeGenesisImpl - [test] introclassJava.median_6e464f2b_003BlackboxTest#test3 iteration 0
16:55:34.450 [pool-126-thread-1] DEBUG f.i.l.r.s.c.SpoonElementsCollector - [data] b=instance of introclassJava.IntObj(id=461)
16:55:34.451 [pool-126-thread-1] DEBUG f.i.l.r.s.c.DynamothDataCollector - Collect Level 1
16:55:34.451 [pool-126-thread-1] DEBUG f.i.l.r.s.c.DynamothDataCollector - [data] this=instance of introclassJava.median_6e464f2b_003(id=459)
16:55:34.451 [pool-126-thread-1] DEBUG f.i.l.r.s.c.DynamothDataCollector - [data] a
16:55:34.451 [pool-126-thread-1] DEBUG f.i.l.r.s.c.DynamothDataCollector - [data] b
16:55:34.451 [pool-126-thread-1] DEBUG f.i.l.r.s.c.DynamothDataCollector - [data] c
16:55:34.456 [pool-126-thread-1] DEBUG f.i.l.r.s.c.DynamothDataCollector - [data] this.scanner
16:55:34.456 [pool-126-thread-1] DEBUG f.i.l.r.s.c.DynamothDataCollector - [data] this.output
16:55:34.466 [pool-126-thread-1] DEBUG f.i.l.r.s.DynamothCodeGenesisImpl - BreakpointEvent
16:55:34.467 [pool-126-thread-1] INFO  f.i.l.r.s.DynamothCodeGenesisImpl - [test] introclassJava.median_6e464f2b_003BlackboxTest#test5 iteration 0
16:55:34.467 [pool-126-thread-1] DEBUG f.i.l.r.s.c.SpoonElementsCollector - [data] b=instance of introclassJava.IntObj(id=481)
16:55:34.468 [pool-126-thread-1] DEBUG f.i.l.r.s.c.DynamothDataCollector - Collect Level 1
16:55:34.468 [pool-126-thread-1] DEBUG f.i.l.r.s.c.DynamothDataCollector - [data] this=instance of introclassJava.median_6e464f2b_003(id=479)
16:55:34.468 [pool-126-thread-1] DEBUG f.i.l.r.s.c.DynamothDataCollector - [data] a
16:55:34.468 [pool-126-thread-1] DEBUG f.i.l.r.s.c.DynamothDataCollector - [data] b
16:55:34.468 [pool-126-thread-1] DEBUG f.i.l.r.s.c.DynamothDataCollector - [data] c
16:55:34.470 [pool-126-thread-1] DEBUG f.i.l.r.s.c.DynamothDataCollector - [data] this.scanner
16:55:34.471 [pool-126-thread-1] DEBUG f.i.l.r.s.c.DynamothDataCollector - [data] this.output
16:55:34.479 [pool-126-thread-1] DEBUG f.i.l.r.s.DynamothCodeGenesisImpl - BreakpointEvent
16:55:34.480 [pool-126-thread-1] INFO  f.i.l.r.s.DynamothCodeGenesisImpl - [test] introclassJava.median_6e464f2b_003WhiteboxTest#test5 iteration 0
16:55:34.480 [pool-126-thread-1] DEBUG f.i.l.r.s.c.SpoonElementsCollector - [data] b=instance of introclassJava.IntObj(id=491)
16:55:34.481 [pool-126-thread-1] DEBUG f.i.l.r.s.c.DynamothDataCollector - Collect Level 1
16:55:34.481 [pool-126-thread-1] DEBUG f.i.l.r.s.c.DynamothDataCollector - [data] this=instance of introclassJava.median_6e464f2b_003(id=489)
16:55:34.481 [pool-126-thread-1] DEBUG f.i.l.r.s.c.DynamothDataCollector - [data] a
16:55:34.481 [pool-126-thread-1] DEBUG f.i.l.r.s.c.DynamothDataCollector - [data] b
16:55:34.481 [pool-126-thread-1] DEBUG f.i.l.r.s.c.DynamothDataCollector - [data] c
16:55:34.483 [pool-126-thread-1] DEBUG f.i.l.r.s.c.DynamothDataCollector - [data] this.scanner
16:55:34.483 [pool-126-thread-1] DEBUG f.i.l.r.s.c.DynamothDataCollector - [data] this.output
16:55:34.488 [pool-126-thread-1] DEBUG f.i.l.r.s.DynamothCodeGenesisImpl - BreakpointEvent
16:55:34.489 [pool-126-thread-1] INFO  f.i.l.r.s.DynamothCodeGenesisImpl - [test] introclassJava.median_6e464f2b_003WhiteboxTest#test3 iteration 0
16:55:34.489 [pool-126-thread-1] DEBUG f.i.l.r.s.c.SpoonElementsCollector - [data] b=instance of introclassJava.IntObj(id=499)
16:55:34.490 [pool-126-thread-1] DEBUG f.i.l.r.s.c.DynamothDataCollector - Collect Level 1
16:55:34.490 [pool-126-thread-1] DEBUG f.i.l.r.s.c.DynamothDataCollector - [data] this=instance of introclassJava.median_6e464f2b_003(id=497)
16:55:34.490 [pool-126-thread-1] DEBUG f.i.l.r.s.c.DynamothDataCollector - [data] a
16:55:34.490 [pool-126-thread-1] DEBUG f.i.l.r.s.c.DynamothDataCollector - [data] b
16:55:34.490 [pool-126-thread-1] DEBUG f.i.l.r.s.c.DynamothDataCollector - [data] c
16:55:34.492 [pool-126-thread-1] DEBUG f.i.l.r.s.c.DynamothDataCollector - [data] this.scanner
16:55:34.492 [pool-126-thread-1] DEBUG f.i.l.r.s.c.DynamothDataCollector - [data] this.output
16:55:34.501 [pool-126-thread-1] DEBUG f.i.l.r.s.DynamothCodeGenesisImpl - BreakpointEvent
16:55:34.502 [pool-126-thread-1] INFO  f.i.l.r.s.DynamothCodeGenesisImpl - [test] introclassJava.median_6e464f2b_003WhiteboxTest#test4 iteration 0
16:55:34.502 [pool-126-thread-1] DEBUG f.i.l.r.s.c.SpoonElementsCollector - [data] b=instance of introclassJava.IntObj(id=520)
16:55:34.503 [pool-126-thread-1] DEBUG f.i.l.r.s.c.DynamothDataCollector - Collect Level 1
16:55:34.503 [pool-126-thread-1] DEBUG f.i.l.r.s.c.DynamothDataCollector - [data] this=instance of introclassJava.median_6e464f2b_003(id=518)
16:55:34.503 [pool-126-thread-1] DEBUG f.i.l.r.s.c.DynamothDataCollector - [data] a
16:55:34.503 [pool-126-thread-1] DEBUG f.i.l.r.s.c.DynamothDataCollector - [data] b
16:55:34.503 [pool-126-thread-1] DEBUG f.i.l.r.s.c.DynamothDataCollector - [data] c
16:55:34.505 [pool-126-thread-1] DEBUG f.i.l.r.s.c.DynamothDataCollector - [data] this.scanner
16:55:34.505 [pool-126-thread-1] DEBUG f.i.l.r.s.c.DynamothDataCollector - [data] this.output
16:55:34.511 [pool-126-thread-1] DEBUG f.i.l.r.s.DynamothCodeGenesisImpl - BreakpointEvent
16:55:34.512 [pool-126-thread-1] INFO  f.i.l.r.s.DynamothCodeGenesisImpl - [test] introclassJava.median_6e464f2b_003WhiteboxTest#test2 iteration 0
16:55:34.512 [pool-126-thread-1] DEBUG f.i.l.r.s.c.SpoonElementsCollector - [data] b=instance of introclassJava.IntObj(id=528)
16:55:34.512 [pool-126-thread-1] DEBUG f.i.l.r.s.c.DynamothDataCollector - Collect Level 1
16:55:34.512 [pool-126-thread-1] DEBUG f.i.l.r.s.c.DynamothDataCollector - [data] this=instance of introclassJava.median_6e464f2b_003(id=526)
16:55:34.512 [pool-126-thread-1] DEBUG f.i.l.r.s.c.DynamothDataCollector - [data] a
16:55:34.513 [pool-126-thread-1] DEBUG f.i.l.r.s.c.DynamothDataCollector - [data] b
16:55:34.513 [pool-126-thread-1] DEBUG f.i.l.r.s.c.DynamothDataCollector - [data] c
16:55:34.515 [pool-126-thread-1] DEBUG f.i.l.r.s.c.DynamothDataCollector - [data] this.scanner
16:55:34.515 [pool-126-thread-1] DEBUG f.i.l.r.s.c.DynamothDataCollector - [data] this.output
16:55:34.519 [pool-126-thread-1] DEBUG f.i.l.r.s.DynamothCodeGenesisImpl - BreakpointEvent
16:55:34.520 [pool-126-thread-1] INFO  f.i.l.r.s.DynamothCodeGenesisImpl - [test] introclassJava.median_6e464f2b_003BlackboxTest#test1 iteration 0
16:55:34.520 [pool-126-thread-1] DEBUG f.i.l.r.s.c.SpoonElementsCollector - [data] b=instance of introclassJava.IntObj(id=536)
16:55:34.521 [pool-126-thread-1] DEBUG f.i.l.r.s.c.DynamothDataCollector - Collect Level 1
16:55:34.521 [pool-126-thread-1] DEBUG f.i.l.r.s.c.DynamothDataCollector - [data] this=instance of introclassJava.median_6e464f2b_003(id=534)
16:55:34.521 [pool-126-thread-1] DEBUG f.i.l.r.s.c.DynamothDataCollector - [data] a
16:55:34.521 [pool-126-thread-1] DEBUG f.i.l.r.s.c.DynamothDataCollector - [data] b
16:55:34.521 [pool-126-thread-1] DEBUG f.i.l.r.s.c.DynamothDataCollector - [data] c
16:55:34.523 [pool-126-thread-1] DEBUG f.i.l.r.s.c.DynamothDataCollector - [data] this.scanner
16:55:34.523 [pool-126-thread-1] DEBUG f.i.l.r.s.c.DynamothDataCollector - [data] this.output
16:55:34.528 [pool-126-thread-1] DEBUG f.i.l.r.s.DynamothCodeGenesisImpl - BreakpointEvent
16:55:34.529 [pool-126-thread-1] INFO  f.i.l.r.s.DynamothCodeGenesisImpl - [test] introclassJava.median_6e464f2b_003BlackboxTest#test2 iteration 0
16:55:34.529 [pool-126-thread-1] DEBUG f.i.l.r.s.c.SpoonElementsCollector - [data] b=instance of introclassJava.IntObj(id=544)
16:55:34.530 [pool-126-thread-1] DEBUG f.i.l.r.s.c.DynamothDataCollector - Collect Level 1
16:55:34.530 [pool-126-thread-1] DEBUG f.i.l.r.s.c.DynamothDataCollector - [data] this=instance of introclassJava.median_6e464f2b_003(id=542)
16:55:34.530 [pool-126-thread-1] DEBUG f.i.l.r.s.c.DynamothDataCollector - [data] a
16:55:34.530 [pool-126-thread-1] DEBUG f.i.l.r.s.c.DynamothDataCollector - [data] b
16:55:34.530 [pool-126-thread-1] DEBUG f.i.l.r.s.c.DynamothDataCollector - [data] c
16:55:34.532 [pool-126-thread-1] DEBUG f.i.l.r.s.c.DynamothDataCollector - [data] this.scanner
16:55:34.532 [pool-126-thread-1] DEBUG f.i.l.r.s.c.DynamothDataCollector - [data] this.output
16:55:34.535 [pool-126-thread-1] DEBUG f.i.l.r.s.DynamothCodeGenesisImpl - Exit
16:55:34.536 [pool-126-thread-1] DEBUG f.i.l.r.s.collect.DataCombiner - [combine] start on 9 elements
16:55:34.553 [pool-126-thread-1] DEBUG f.i.l.r.s.collect.DataCombiner - [combine] end 3249 evaluated elements


========= Info ==========
Nb constants             3
Nb method invocations    0
Nb field access          2
Nb variables             4
Total                    9
Nb evaluated expressions 1620
Init Execution time      184 ms
Collect Execution time   108 ms
Combine Execution time   19.0 ms
Nb Combination par sec   85263 combinations/sec
Total Execution time     311 ms
Nb line execution        8
Nb results               0

Results:


========================
         Stat
========================
Operators: 
AND 4
GT 4
LT 4
OR 2
Methods: 
format(java.lang.String,java.lang.Object[]) 4
nextInt() 3
Variable: 
value 44
a 8
output 8
b 8
c 6
scanner 6

 & 3 & 0 & 2 & 4 & 9 & 1620 & 311 ms & 8 &
16:55:34.554 [pool-2-thread-1] DEBUG fr.inria.lille.repair.nopol.NoPol - statement #7
16:55:34.554 [pool-2-thread-1] DEBUG fr.inria.lille.repair.nopol.NoPol - Analysing SourceLocation introclassJava.median_6e464f2b_003:63 which is executed by 13 tests
-1916691747
16:55:34.619 [pool-2-thread-1] DEBUG fr.inria.lille.repair.nopol.NoPol - looking with class fr.inria.lille.repair.nopol.spoon.smt.ConditionalAdder
org.junit.ComparisonFailure: expected:<...rsseparatedbyspaces>[0]isthemedian> but was:<...rsseparatedbyspaces>[1]isthemedian>
    at org.junit.Assert.assertEquals(Assert.java:115)
    at org.junit.Assert.assertEquals(Assert.java:144)
    at introclassJava.median_6e464f2b_003WhiteboxTest.test3(median_6e464f2b_003WhiteboxTest.java:32)
    at sun.reflect.NativeMethodAccessorImpl.invoke0(Native Method)
    at sun.reflect.NativeMethodAccessorImpl.invoke(NativeMethodAccessorImpl.java:62)
    at sun.reflect.DelegatingMethodAccessorImpl.invoke(DelegatingMethodAccessorImpl.java:43)
16:55:34.625 [pool-156-thread-1] INFO  xxl.java.junit.TestCasesListener - Tests run finished (3 ms)
<> Total tests run: 6
<> Ignored tests: 0
<> Failed tests: 1
~ test3(introclassJava.median_6e464f2b_003WhiteboxTest)
[expected:<...rsseparatedbyspaces>[0]isthemedian> but was:<...rsseparatedbyspaces>[1]isthemedian>]
org.junit.ComparisonFailure: expected:<...rsseparatedbyspaces>[0]isthemedian> but was:<...rsseparatedbyspaces>[1]isthemedian>    at org.junit.Assert.assertEquals(Assert.java:115)
    at org.junit.Assert.assertEquals(Assert.java:144)
    at introclassJava.median_6e464f2b_003WhiteboxTest.test3(median_6e464f2b_003WhiteboxTest.java:32)
    at sun.reflect.NativeMethodAccessorImpl.invoke0(Native Method)
    at sun.reflect.NativeMethodAccessorImpl.invoke(NativeMethodAccessorImpl.java:62)
    at sun.reflect.DelegatingMethodAccessorImpl.invoke(DelegatingMethodAccessorImpl.java:43)

16:55:34.713 [pool-155-thread-1] DEBUG f.i.l.r.n.s.d.DynamothSynthesizer - Ignore the test introclassJava.median_6e464f2b_003BlackboxTest#test4
16:55:34.715 [pool-155-thread-1] DEBUG f.i.l.r.n.s.d.DynamothSynthesizer - Ignore the test introclassJava.median_6e464f2b_003BlackboxTest#test6
16:55:34.716 [pool-155-thread-1] DEBUG f.i.l.r.n.s.d.DynamothSynthesizer - Ignore the test introclassJava.median_6e464f2b_003BlackboxTest#test7
16:55:34.717 [pool-155-thread-1] DEBUG f.i.l.r.n.s.d.DynamothSynthesizer - Ignore the test introclassJava.median_6e464f2b_003WhiteboxTest#test6
16:55:34.719 [pool-155-thread-1] DEBUG f.i.l.r.n.s.d.DynamothSynthesizer - Ignore the test introclassJava.median_6e464f2b_003WhiteboxTest#test1
java -cp /tmp/DynaMoth_IntroClassJava_median_6e464f2b5ba1d5ad3d4fc366e7d7712b424aabd8b41ca36257115a16416d202feb27397a413d04944c9ac76976fa8ff8ae646144855e08791ebf9593d1caaaca_003/target/classes:/tmp/DynaMoth_IntroClassJava_median_6e464f2b5ba1d5ad3d4fc366e7d7712b424aabd8b41ca36257115a16416d202feb27397a413d04944c9ac76976fa8ff8ae646144855e08791ebf9593d1caaaca_003/target/test-classes:/home/tdurieux/.m2/repository/junit/junit/4.11/junit-4.11.jar:/home/tdurieux/.m2/repository/org/hamcrest/hamcrest-core/1.3/hamcrest-core-1.3.jar:/home/tdurieux/RepairThemAll/script/../repair_tools/nopol.jar:/home/tdurieux/RepairThemAll/repair_tools/nopol.jar:/usr/lib/jvm/java-8-openjdk-amd64/lib/tools.jar: fr.inria.lille.repair.MethodTestRunner introclassJava.median_6e464f2b_003BlackboxTest#test3 introclassJava.median_6e464f2b_003BlackboxTest#test5 introclassJava.median_6e464f2b_003WhiteboxTest#test5 introclassJava.median_6e464f2b_003WhiteboxTest#test3 introclassJava.median_6e464f2b_003WhiteboxTest#test4 introclassJava.median_6e464f2b_003WhiteboxTest#test2 introclassJava.median_6e464f2b_003BlackboxTest#test1 introclassJava.median_6e464f2b_003BlackboxTest#test2 
16:55:34.890 [pool-155-thread-1] DEBUG f.i.l.r.s.DynamothCodeGenesisImpl - ClassPrepareEvent
16:55:34.892 [pool-155-thread-1] DEBUG f.i.l.r.s.c.spoon.ClassCollector - [class] introclassJava.IntObj
16:55:34.893 [pool-155-thread-1] DEBUG f.i.l.r.s.c.spoon.ClassCollector - [class] introclassJava.median_6e464f2b_003
16:55:34.893 [pool-155-thread-1] DEBUG f.i.l.r.s.c.spoon.ClassCollector - [class] java.lang.String
16:55:34.893 [pool-155-thread-1] DEBUG f.i.l.r.s.c.spoon.ClassCollector - [class] java.util.Scanner
16:55:34.924 [pool-155-thread-1] DEBUG f.i.l.r.s.DynamothCodeGenesisImpl - BreakpointEvent
16:55:34.925 [pool-155-thread-1] INFO  f.i.l.r.s.DynamothCodeGenesisImpl - [test] introclassJava.median_6e464f2b_003BlackboxTest#test3 iteration 0
16:55:34.926 [pool-155-thread-1] DEBUG f.i.l.r.s.c.SpoonElementsCollector - [data] a=instance of introclassJava.IntObj(id=459)
16:55:34.926 [pool-155-thread-1] DEBUG f.i.l.r.s.c.DynamothDataCollector - Collect Level 1
16:55:34.926 [pool-155-thread-1] DEBUG f.i.l.r.s.c.DynamothDataCollector - [data] this=instance of introclassJava.median_6e464f2b_003(id=457)
16:55:34.926 [pool-155-thread-1] DEBUG f.i.l.r.s.c.DynamothDataCollector - [data] a
16:55:34.926 [pool-155-thread-1] DEBUG f.i.l.r.s.c.DynamothDataCollector - [data] b
16:55:34.927 [pool-155-thread-1] DEBUG f.i.l.r.s.c.DynamothDataCollector - [data] c
16:55:34.932 [pool-155-thread-1] DEBUG f.i.l.r.s.c.DynamothDataCollector - [data] this.scanner
16:55:34.932 [pool-155-thread-1] DEBUG f.i.l.r.s.c.DynamothDataCollector - [data] this.output
16:55:34.943 [pool-155-thread-1] DEBUG f.i.l.r.s.DynamothCodeGenesisImpl - BreakpointEvent
16:55:34.943 [pool-155-thread-1] INFO  f.i.l.r.s.DynamothCodeGenesisImpl - [test] introclassJava.median_6e464f2b_003BlackboxTest#test5 iteration 0
16:55:34.944 [pool-155-thread-1] DEBUG f.i.l.r.s.c.SpoonElementsCollector - [data] a=instance of introclassJava.IntObj(id=481)
16:55:34.944 [pool-155-thread-1] DEBUG f.i.l.r.s.c.DynamothDataCollector - Collect Level 1
16:55:34.944 [pool-155-thread-1] DEBUG f.i.l.r.s.c.DynamothDataCollector - [data] this=instance of introclassJava.median_6e464f2b_003(id=479)
16:55:34.944 [pool-155-thread-1] DEBUG f.i.l.r.s.c.DynamothDataCollector - [data] a
16:55:34.944 [pool-155-thread-1] DEBUG f.i.l.r.s.c.DynamothDataCollector - [data] b
16:55:34.945 [pool-155-thread-1] DEBUG f.i.l.r.s.c.DynamothDataCollector - [data] c
16:55:34.947 [pool-155-thread-1] DEBUG f.i.l.r.s.c.DynamothDataCollector - [data] this.scanner
16:55:34.947 [pool-155-thread-1] DEBUG f.i.l.r.s.c.DynamothDataCollector - [data] this.output
16:55:34.953 [pool-155-thread-1] DEBUG f.i.l.r.s.DynamothCodeGenesisImpl - BreakpointEvent
16:55:34.954 [pool-155-thread-1] INFO  f.i.l.r.s.DynamothCodeGenesisImpl - [test] introclassJava.median_6e464f2b_003WhiteboxTest#test5 iteration 0
16:55:34.954 [pool-155-thread-1] DEBUG f.i.l.r.s.c.SpoonElementsCollector - [data] a=instance of introclassJava.IntObj(id=491)
16:55:34.955 [pool-155-thread-1] DEBUG f.i.l.r.s.c.DynamothDataCollector - Collect Level 1
16:55:34.955 [pool-155-thread-1] DEBUG f.i.l.r.s.c.DynamothDataCollector - [data] this=instance of introclassJava.median_6e464f2b_003(id=489)
16:55:34.955 [pool-155-thread-1] DEBUG f.i.l.r.s.c.DynamothDataCollector - [data] a
16:55:34.955 [pool-155-thread-1] DEBUG f.i.l.r.s.c.DynamothDataCollector - [data] b
16:55:34.955 [pool-155-thread-1] DEBUG f.i.l.r.s.c.DynamothDataCollector - [data] c
16:55:34.957 [pool-155-thread-1] DEBUG f.i.l.r.s.c.DynamothDataCollector - [data] this.scanner
16:55:34.957 [pool-155-thread-1] DEBUG f.i.l.r.s.c.DynamothDataCollector - [data] this.output
16:55:34.962 [pool-155-thread-1] DEBUG f.i.l.r.s.DynamothCodeGenesisImpl - BreakpointEvent
16:55:34.963 [pool-155-thread-1] INFO  f.i.l.r.s.DynamothCodeGenesisImpl - [test] introclassJava.median_6e464f2b_003WhiteboxTest#test3 iteration 0
16:55:34.963 [pool-155-thread-1] DEBUG f.i.l.r.s.c.SpoonElementsCollector - [data] a=instance of introclassJava.IntObj(id=499)
16:55:34.963 [pool-155-thread-1] DEBUG f.i.l.r.s.c.DynamothDataCollector - Collect Level 1
16:55:34.963 [pool-155-thread-1] DEBUG f.i.l.r.s.c.DynamothDataCollector - [data] this=instance of introclassJava.median_6e464f2b_003(id=497)
16:55:34.963 [pool-155-thread-1] DEBUG f.i.l.r.s.c.DynamothDataCollector - [data] a
16:55:34.963 [pool-155-thread-1] DEBUG f.i.l.r.s.c.DynamothDataCollector - [data] b
16:55:34.964 [pool-155-thread-1] DEBUG f.i.l.r.s.c.DynamothDataCollector - [data] c
16:55:34.965 [pool-155-thread-1] DEBUG f.i.l.r.s.c.DynamothDataCollector - [data] this.scanner
16:55:34.966 [pool-155-thread-1] DEBUG f.i.l.r.s.c.DynamothDataCollector - [data] this.output
16:55:34.975 [pool-155-thread-1] DEBUG f.i.l.r.s.DynamothCodeGenesisImpl - BreakpointEvent
16:55:34.975 [pool-155-thread-1] INFO  f.i.l.r.s.DynamothCodeGenesisImpl - [test] introclassJava.median_6e464f2b_003WhiteboxTest#test4 iteration 0
16:55:34.976 [pool-155-thread-1] DEBUG f.i.l.r.s.c.SpoonElementsCollector - [data] a=instance of introclassJava.IntObj(id=520)
16:55:34.976 [pool-155-thread-1] DEBUG f.i.l.r.s.c.DynamothDataCollector - Collect Level 1
16:55:34.976 [pool-155-thread-1] DEBUG f.i.l.r.s.c.DynamothDataCollector - [data] this=instance of introclassJava.median_6e464f2b_003(id=518)
16:55:34.976 [pool-155-thread-1] DEBUG f.i.l.r.s.c.DynamothDataCollector - [data] a
16:55:34.977 [pool-155-thread-1] DEBUG f.i.l.r.s.c.DynamothDataCollector - [data] b
16:55:34.977 [pool-155-thread-1] DEBUG f.i.l.r.s.c.DynamothDataCollector - [data] c
16:55:34.979 [pool-155-thread-1] DEBUG f.i.l.r.s.c.DynamothDataCollector - [data] this.scanner
16:55:34.979 [pool-155-thread-1] DEBUG f.i.l.r.s.c.DynamothDataCollector - [data] this.output
16:55:34.984 [pool-155-thread-1] DEBUG f.i.l.r.s.DynamothCodeGenesisImpl - BreakpointEvent
16:55:34.985 [pool-155-thread-1] INFO  f.i.l.r.s.DynamothCodeGenesisImpl - [test] introclassJava.median_6e464f2b_003WhiteboxTest#test2 iteration 0
16:55:34.986 [pool-155-thread-1] DEBUG f.i.l.r.s.c.SpoonElementsCollector - [data] a=instance of introclassJava.IntObj(id=528)
16:55:34.986 [pool-155-thread-1] DEBUG f.i.l.r.s.c.DynamothDataCollector - Collect Level 1
16:55:34.986 [pool-155-thread-1] DEBUG f.i.l.r.s.c.DynamothDataCollector - [data] this=instance of introclassJava.median_6e464f2b_003(id=526)
16:55:34.986 [pool-155-thread-1] DEBUG f.i.l.r.s.c.DynamothDataCollector - [data] a
16:55:34.986 [pool-155-thread-1] DEBUG f.i.l.r.s.c.DynamothDataCollector - [data] b
16:55:34.987 [pool-155-thread-1] DEBUG f.i.l.r.s.c.DynamothDataCollector - [data] c
16:55:34.989 [pool-155-thread-1] DEBUG f.i.l.r.s.c.DynamothDataCollector - [data] this.scanner
16:55:34.989 [pool-155-thread-1] DEBUG f.i.l.r.s.c.DynamothDataCollector - [data] this.output
16:55:34.994 [pool-155-thread-1] DEBUG f.i.l.r.s.DynamothCodeGenesisImpl - BreakpointEvent
16:55:34.994 [pool-155-thread-1] INFO  f.i.l.r.s.DynamothCodeGenesisImpl - [test] introclassJava.median_6e464f2b_003BlackboxTest#test1 iteration 0
16:55:34.995 [pool-155-thread-1] DEBUG f.i.l.r.s.c.SpoonElementsCollector - [data] a=instance of introclassJava.IntObj(id=536)
16:55:34.995 [pool-155-thread-1] DEBUG f.i.l.r.s.c.DynamothDataCollector - Collect Level 1
16:55:34.995 [pool-155-thread-1] DEBUG f.i.l.r.s.c.DynamothDataCollector - [data] this=instance of introclassJava.median_6e464f2b_003(id=534)
16:55:34.995 [pool-155-thread-1] DEBUG f.i.l.r.s.c.DynamothDataCollector - [data] a
16:55:34.996 [pool-155-thread-1] DEBUG f.i.l.r.s.c.DynamothDataCollector - [data] b
16:55:34.996 [pool-155-thread-1] DEBUG f.i.l.r.s.c.DynamothDataCollector - [data] c
16:55:34.998 [pool-155-thread-1] DEBUG f.i.l.r.s.c.DynamothDataCollector - [data] this.scanner
16:55:34.998 [pool-155-thread-1] DEBUG f.i.l.r.s.c.DynamothDataCollector - [data] this.output
16:55:35.003 [pool-155-thread-1] DEBUG f.i.l.r.s.DynamothCodeGenesisImpl - BreakpointEvent
16:55:35.004 [pool-155-thread-1] INFO  f.i.l.r.s.DynamothCodeGenesisImpl - [test] introclassJava.median_6e464f2b_003BlackboxTest#test2 iteration 0
16:55:35.004 [pool-155-thread-1] DEBUG f.i.l.r.s.c.SpoonElementsCollector - [data] a=instance of introclassJava.IntObj(id=544)
16:55:35.004 [pool-155-thread-1] DEBUG f.i.l.r.s.c.DynamothDataCollector - Collect Level 1
16:55:35.004 [pool-155-thread-1] DEBUG f.i.l.r.s.c.DynamothDataCollector - [data] this=instance of introclassJava.median_6e464f2b_003(id=542)
16:55:35.005 [pool-155-thread-1] DEBUG f.i.l.r.s.c.DynamothDataCollector - [data] a
16:55:35.005 [pool-155-thread-1] DEBUG f.i.l.r.s.c.DynamothDataCollector - [data] b
16:55:35.005 [pool-155-thread-1] DEBUG f.i.l.r.s.c.DynamothDataCollector - [data] c
16:55:35.007 [pool-155-thread-1] DEBUG f.i.l.r.s.c.DynamothDataCollector - [data] this.scanner
16:55:35.007 [pool-155-thread-1] DEBUG f.i.l.r.s.c.DynamothDataCollector - [data] this.output
16:55:35.010 [pool-155-thread-1] DEBUG f.i.l.r.s.DynamothCodeGenesisImpl - Exit
16:55:35.011 [pool-155-thread-1] DEBUG f.i.l.r.s.collect.DataCombiner - [combine] start on 9 elements
16:55:35.020 [pool-155-thread-1] DEBUG f.i.l.r.s.collect.DataCombiner - [combine] end 3249 evaluated elements


========= Info ==========
Nb constants             3
Nb method invocations    0
Nb field access          2
Nb variables             4
Total                    9
Nb evaluated expressions 1620
Init Execution time      181 ms
Collect Execution time   108 ms
Combine Execution time   10.0 ms
Nb Combination par sec   162000 combinations/sec
Total Execution time     299 ms
Nb line execution        8
Nb results               0

Results:


========================
         Stat
========================
Operators: 
AND 4
GT 4
LT 4
OR 2
Methods: 
format(java.lang.String,java.lang.Object[]) 4
nextInt() 3
Variable: 
value 44
a 8
output 8
b 8
c 6
scanner 6

 & 3 & 0 & 2 & 4 & 9 & 1620 & 300 ms & 8 &
16:55:35.021 [pool-2-thread-1] DEBUG fr.inria.lille.repair.nopol.NoPol - statement #8
16:55:35.021 [pool-2-thread-1] DEBUG fr.inria.lille.repair.nopol.NoPol - Analysing SourceLocation introclassJava.median_6e464f2b_003:62 which is executed by 13 tests
-1916691747
16:55:35.063 [pool-2-thread-1] DEBUG fr.inria.lille.repair.nopol.NoPol - statement #9
16:55:35.063 [pool-2-thread-1] DEBUG fr.inria.lille.repair.nopol.NoPol - Analysing SourceLocation introclassJava.median_6e464f2b_003:61 which is executed by 13 tests
-1916691747
16:55:35.103 [pool-2-thread-1] DEBUG fr.inria.lille.repair.nopol.NoPol - looking with class fr.inria.lille.repair.nopol.spoon.smt.ConditionalAdder
org.junit.ComparisonFailure: expected:<...rsseparatedbyspaces>[0]isthemedian> but was:<...rsseparatedbyspaces>[1]isthemedian>
    at org.junit.Assert.assertEquals(Assert.java:115)
    at org.junit.Assert.assertEquals(Assert.java:144)
    at introclassJava.median_6e464f2b_003WhiteboxTest.test3(median_6e464f2b_003WhiteboxTest.java:32)
    at sun.reflect.NativeMethodAccessorImpl.invoke0(Native Method)
    at sun.reflect.NativeMethodAccessorImpl.invoke(NativeMethodAccessorImpl.java:62)
    at sun.reflect.DelegatingMethodAccessorImpl.invoke(DelegatingMethodAccessorImpl.java:43)
16:55:35.109 [pool-185-thread-1] INFO  xxl.java.junit.TestCasesListener - Tests run finished (4 ms)
<> Total tests run: 6
<> Ignored tests: 0
<> Failed tests: 1
~ test3(introclassJava.median_6e464f2b_003WhiteboxTest)
[expected:<...rsseparatedbyspaces>[0]isthemedian> but was:<...rsseparatedbyspaces>[1]isthemedian>]
org.junit.ComparisonFailure: expected:<...rsseparatedbyspaces>[0]isthemedian> but was:<...rsseparatedbyspaces>[1]isthemedian>    at org.junit.Assert.assertEquals(Assert.java:115)
    at org.junit.Assert.assertEquals(Assert.java:144)
    at introclassJava.median_6e464f2b_003WhiteboxTest.test3(median_6e464f2b_003WhiteboxTest.java:32)
    at sun.reflect.NativeMethodAccessorImpl.invoke0(Native Method)
    at sun.reflect.NativeMethodAccessorImpl.invoke(NativeMethodAccessorImpl.java:62)
    at sun.reflect.DelegatingMethodAccessorImpl.invoke(DelegatingMethodAccessorImpl.java:43)

16:55:35.188 [pool-2-thread-1] DEBUG fr.inria.lille.repair.nopol.NoPol - statement #10
16:55:35.188 [pool-2-thread-1] DEBUG fr.inria.lille.repair.nopol.NoPol - Analysing SourceLocation introclassJava.median_6e464f2b_003:60 which is executed by 13 tests
-1916691747
16:55:35.236 [pool-2-thread-1] INFO  fr.inria.lille.repair.nopol.NoPol - ----INFORMATION----
16:55:35.237 [pool-2-thread-1] INFO  fr.inria.lille.repair.nopol.NoPol - Nb classes : 6
16:55:35.237 [pool-2-thread-1] INFO  fr.inria.lille.repair.nopol.NoPol - Nb methods : 2
16:55:35.237 [pool-2-thread-1] INFO  fr.inria.lille.repair.nopol.NoPol - Nb Statements Analyzed : 10
16:55:35.237 [pool-2-thread-1] INFO  fr.inria.lille.repair.nopol.NoPol - Nb Statements with Angelic Value Found : 5
16:55:35.237 [pool-2-thread-1] INFO  fr.inria.lille.repair.nopol.NoPol - NoPol Execution time : 7904ms
16:55:35.237 [pool-2-thread-1] INFO  fr.inria.lille.repair.nopol.NoPol - 
NO_ANGELIC_VALUE
Command exited with non-zero status 255
22.96user 1.64system 0:09.00elapsed 273%CPU (0avgtext+0avgdata 672032maxresident)k
49664inputs+5832outputs (6major+258328minor)pagefaults 0swaps


Node: uvb-34.sophia.grid5000.fr



Date: Wed Dec  5 16:55:35 EST 2018

