cd /tmp/NPEFix_IntroClassJava_syllables_2af3c4163b40679ef94bbbbc863c4fa3785c6e164281f5e8850d9e4ffa387e5b162ceb37449ecca33961ff162d861c8d98ff702e723755b6c37c95d5cfaf1c40_003;
export JAVA_TOOL_OPTIONS="-Dfile.encoding=UTF8 -Duser.language=en-US -Duser.country=US -Duser.language=en";
TZ="America/New_York"; export TZ;
export PATH="/usr/lib/jvm/java-1.8.0-openjdk-amd64/bin/:$PATH";
export JAVA_HOME="/usr/lib/jvm/java-1.8.0-openjdk-amd64/bin/";
time java -Xmx4g -Xms1g -cp /home/tdurieux/defects4j4repair/script/../repair_tools/npefix.jar fr.inria.spirals.npefix.main.run.Main \
    --test introclassJava.syllables_2af3c416_003BlackboxTest:introclassJava.syllables_2af3c416_003WhiteboxTest \
    --iteration 100 \
	--complianceLevel 7 \
	--workingdirectory . \
	--source src/main/java \
	--classpath target/classes:target/test-classes:/home/tdurieux/.m2/repository/junit/junit/4.11/junit-4.11.jar:/home/tdurieux/.m2/repository/org/hamcrest/hamcrest-core/1.3/hamcrest-core-1.3.jar;
	echo "\n\nNode: `hostname`\n";
	echo "\n\nDate: `date`\n";
Picked up JAVA_TOOL_OPTIONS: -Dfile.encoding=UTF8 -Duser.language=en-US -Duser.country=US -Duser.language=en
TernarySplitter  in 4ms
CheckNotNull  in 13ms
ForceNullInit in 75ms
AddImplicitCastChecker --> 0 in 4ms
BeforeDeref --> 26 (failed:0) in 19ms
target--> 31 (failed:0) in 67ms
TryRegister # Try: 0 in 2ms
Assign --> 14 (failed: 0) in 51ms
VarInit --> 5 in 5ms
MethodEncapsulation # Method: 2 in 48ms
ConstructorEncapsulation # Constructor: 10 in 12ms
VariableFor in 2ms
RMI Selector (Host: 127.0.0.1, Port: 10000): KO
introclassJava.syllables_2af3c416_003WhiteboxTest#test10
<No Strat> Status: Ko
introclassJava.syllables_2af3c416_003WhiteboxTest#test7
<No Strat> Status: Ko
introclassJava.syllables_2af3c416_003WhiteboxTest#test8
<No Strat> Status: Ko
introclassJava.syllables_2af3c416_003WhiteboxTest#test9
<No Strat> Status: Ko
introclassJava.syllables_2af3c416_003WhiteboxTest#test1
<No Strat> Status: Ko
introclassJava.syllables_2af3c416_003WhiteboxTest#test2
<No Strat> Status: Ko
introclassJava.syllables_2af3c416_003WhiteboxTest#test3
<No Strat> Status: Ko
introclassJava.syllables_2af3c416_003WhiteboxTest#test6
<No Strat> Status: Ko
introclassJava.syllables_2af3c416_003WhiteboxTest#test4
<No Strat> Status: Ko
introclassJava.syllables_2af3c416_003WhiteboxTest#test5
<No Strat> Status: Ko
introclassJava.syllables_2af3c416_003BlackboxTest#test1
<No Strat> Status: Ko
introclassJava.syllables_2af3c416_003BlackboxTest#test2
<No Strat> Status: Ko
introclassJava.syllables_2af3c416_003BlackboxTest#test3
<No Strat> Status: Ko
introclassJava.syllables_2af3c416_003BlackboxTest#test6
<No Strat> Status: Ko
introclassJava.syllables_2af3c416_003BlackboxTest#test4
<No Strat> Status: Ok
introclassJava.syllables_2af3c416_003BlackboxTest#test5
<No Strat> Status: Ko
Multirun 16/100 16%
introclassJava.syllables_2af3c416_003WhiteboxTest#test10
<No Strat> Status: Ko
introclassJava.syllables_2af3c416_003WhiteboxTest#test7
<No Strat> Status: Ko
introclassJava.syllables_2af3c416_003WhiteboxTest#test8
<No Strat> Status: Ko
introclassJava.syllables_2af3c416_003WhiteboxTest#test9
<No Strat> Status: Ko
introclassJava.syllables_2af3c416_003WhiteboxTest#test1
<No Strat> Status: Ko
introclassJava.syllables_2af3c416_003WhiteboxTest#test2
<No Strat> Status: Ko
introclassJava.syllables_2af3c416_003WhiteboxTest#test3
<No Strat> Status: Ko
introclassJava.syllables_2af3c416_003WhiteboxTest#test6
<No Strat> Status: Ko
introclassJava.syllables_2af3c416_003WhiteboxTest#test4
<No Strat> Status: Ko
introclassJava.syllables_2af3c416_003WhiteboxTest#test5
<No Strat> Status: Ko
introclassJava.syllables_2af3c416_003BlackboxTest#test1
<No Strat> Status: Ko
introclassJava.syllables_2af3c416_003BlackboxTest#test2
<No Strat> Status: Ko
introclassJava.syllables_2af3c416_003BlackboxTest#test3
<No Strat> Status: Ko
introclassJava.syllables_2af3c416_003BlackboxTest#test6
<No Strat> Status: Ko
introclassJava.syllables_2af3c416_003BlackboxTest#test5
<No Strat> Status: Ko
introclassJava.syllables_2af3c416_003WhiteboxTest#test10
<No Strat> Status: Ko
introclassJava.syllables_2af3c416_003WhiteboxTest#test7
<No Strat> Status: Ko
introclassJava.syllables_2af3c416_003WhiteboxTest#test8
<No Strat> Status: Ko
introclassJava.syllables_2af3c416_003WhiteboxTest#test9
<No Strat> Status: Ko
introclassJava.syllables_2af3c416_003WhiteboxTest#test1
<No Strat> Status: Ko
introclassJava.syllables_2af3c416_003WhiteboxTest#test2
<No Strat> Status: Ko
introclassJava.syllables_2af3c416_003WhiteboxTest#test3
<No Strat> Status: Ko
introclassJava.syllables_2af3c416_003WhiteboxTest#test6
<No Strat> Status: Ko
introclassJava.syllables_2af3c416_003WhiteboxTest#test4
<No Strat> Status: Ko
introclassJava.syllables_2af3c416_003WhiteboxTest#test5
<No Strat> Status: Ko
introclassJava.syllables_2af3c416_003BlackboxTest#test1
<No Strat> Status: Ko
introclassJava.syllables_2af3c416_003BlackboxTest#test2
<No Strat> Status: Ko
introclassJava.syllables_2af3c416_003BlackboxTest#test3
<No Strat> Status: Ko
introclassJava.syllables_2af3c416_003BlackboxTest#test6
<No Strat> Status: Ko
introclassJava.syllables_2af3c416_003BlackboxTest#test5
<No Strat> Status: Ko
introclassJava.syllables_2af3c416_003WhiteboxTest#test10
<No Strat> Status: Ko
introclassJava.syllables_2af3c416_003WhiteboxTest#test7
<No Strat> Status: Ko
introclassJava.syllables_2af3c416_003WhiteboxTest#test8
<No Strat> Status: Ko
introclassJava.syllables_2af3c416_003WhiteboxTest#test9
<No Strat> Status: Ko
introclassJava.syllables_2af3c416_003WhiteboxTest#test1
<No Strat> Status: Ko
introclassJava.syllables_2af3c416_003WhiteboxTest#test2
<No Strat> Status: Ko
introclassJava.syllables_2af3c416_003WhiteboxTest#test3
<No Strat> Status: Ko
introclassJava.syllables_2af3c416_003WhiteboxTest#test6
<No Strat> Status: Ko
introclassJava.syllables_2af3c416_003WhiteboxTest#test4
<No Strat> Status: Ko
introclassJava.syllables_2af3c416_003WhiteboxTest#test5
<No Strat> Status: Ko
introclassJava.syllables_2af3c416_003BlackboxTest#test1
<No Strat> Status: Ko
introclassJava.syllables_2af3c416_003BlackboxTest#test2
<No Strat> Status: Ko
introclassJava.syllables_2af3c416_003BlackboxTest#test3
<No Strat> Status: Ko
introclassJava.syllables_2af3c416_003BlackboxTest#test6
<No Strat> Status: Ko
introclassJava.syllables_2af3c416_003BlackboxTest#test5
<No Strat> Status: Ko
introclassJava.syllables_2af3c416_003WhiteboxTest#test10
<No Strat> Status: Ko
introclassJava.syllables_2af3c416_003WhiteboxTest#test7
<No Strat> Status: Ko
introclassJava.syllables_2af3c416_003WhiteboxTest#test8
<No Strat> Status: Ko
introclassJava.syllables_2af3c416_003WhiteboxTest#test9
<No Strat> Status: Ko
introclassJava.syllables_2af3c416_003WhiteboxTest#test1
<No Strat> Status: Ko
introclassJava.syllables_2af3c416_003WhiteboxTest#test2
<No Strat> Status: Ko
introclassJava.syllables_2af3c416_003WhiteboxTest#test3
<No Strat> Status: Ko
introclassJava.syllables_2af3c416_003WhiteboxTest#test6
<No Strat> Status: Ko
introclassJava.syllables_2af3c416_003WhiteboxTest#test4
<No Strat> Status: Ko
introclassJava.syllables_2af3c416_003WhiteboxTest#test5
<No Strat> Status: Ko
introclassJava.syllables_2af3c416_003BlackboxTest#test1
<No Strat> Status: Ko
introclassJava.syllables_2af3c416_003BlackboxTest#test2
<No Strat> Status: Ko
introclassJava.syllables_2af3c416_003BlackboxTest#test3
<No Strat> Status: Ko
introclassJava.syllables_2af3c416_003BlackboxTest#test6
<No Strat> Status: Ko
introclassJava.syllables_2af3c416_003BlackboxTest#test5
<No Strat> Status: Ko
introclassJava.syllables_2af3c416_003WhiteboxTest#test10
<No Strat> Status: Ko
introclassJava.syllables_2af3c416_003WhiteboxTest#test7
<No Strat> Status: Ko
introclassJava.syllables_2af3c416_003WhiteboxTest#test8
<No Strat> Status: Ko
introclassJava.syllables_2af3c416_003WhiteboxTest#test9
<No Strat> Status: Ko
introclassJava.syllables_2af3c416_003WhiteboxTest#test1
<No Strat> Status: Ko
introclassJava.syllables_2af3c416_003WhiteboxTest#test2
<No Strat> Status: Ko
introclassJava.syllables_2af3c416_003WhiteboxTest#test3
<No Strat> Status: Ko
introclassJava.syllables_2af3c416_003WhiteboxTest#test6
<No Strat> Status: Ko
introclassJava.syllables_2af3c416_003WhiteboxTest#test4
<No Strat> Status: Ko
introclassJava.syllables_2af3c416_003WhiteboxTest#test5
<No Strat> Status: Ko
introclassJava.syllables_2af3c416_003BlackboxTest#test1
<No Strat> Status: Ko
introclassJava.syllables_2af3c416_003BlackboxTest#test2
<No Strat> Status: Ko
introclassJava.syllables_2af3c416_003BlackboxTest#test3
<No Strat> Status: Ko
introclassJava.syllables_2af3c416_003BlackboxTest#test6
<No Strat> Status: Ko
introclassJava.syllables_2af3c416_003BlackboxTest#test5
<No Strat> Status: Ko
introclassJava.syllables_2af3c416_003WhiteboxTest#test10
<No Strat> Status: Ko
introclassJava.syllables_2af3c416_003WhiteboxTest#test7
<No Strat> Status: Ko
introclassJava.syllables_2af3c416_003WhiteboxTest#test8
<No Strat> Status: Ko
introclassJava.syllables_2af3c416_003WhiteboxTest#test9
<No Strat> Status: Ko
introclassJava.syllables_2af3c416_003WhiteboxTest#test1
<No Strat> Status: Ko
introclassJava.syllables_2af3c416_003WhiteboxTest#test2
<No Strat> Status: Ko
introclassJava.syllables_2af3c416_003WhiteboxTest#test3
<No Strat> Status: Ko
introclassJava.syllables_2af3c416_003WhiteboxTest#test6
<No Strat> Status: Ko
introclassJava.syllables_2af3c416_003WhiteboxTest#test4
<No Strat> Status: Ko
introclassJava.syllables_2af3c416_003WhiteboxTest#test5
<No Strat> Status: Ko
introclassJava.syllables_2af3c416_003BlackboxTest#test1
<No Strat> Status: Ko
introclassJava.syllables_2af3c416_003BlackboxTest#test2
<No Strat> Status: Ko
introclassJava.syllables_2af3c416_003BlackboxTest#test3
<No Strat> Status: Ko
introclassJava.syllables_2af3c416_003BlackboxTest#test6
<No Strat> Status: Ko
introclassJava.syllables_2af3c416_003BlackboxTest#test5
<No Strat> Status: Ko
5.10user 0.16system 0:02.98elapsed 176%CPU (0avgtext+0avgdata 224232maxresident)k
21112inputs+224outputs (1major+59050minor)pagefaults 0swaps


Node: graphene-128.nancy.grid5000.fr



Date: Thu Dec  6 04:10:56 EST 2018

