cd /tmp/NPEFix_Bug_dot_jar_Commons-Math_a56d4998;
export JAVA_TOOL_OPTIONS="-Dfile.encoding=UTF8 -Duser.language=en-US -Duser.country=US -Duser.language=en";
TZ="America/New_York"; export TZ;
export PATH="/usr/lib/jvm/java-1.8.0-openjdk-amd64/bin/:$PATH";
export JAVA_HOME="/usr/lib/jvm/java-1.8.0-openjdk-amd64/bin/";
time java -Xmx4048m -cp /home/tdurieux/defects4j4repair/script/../repair_tools/npefix.jar fr.inria.spirals.npefix.main.run.Main \
    --test org.apache.commons.math4.analysis.solvers.UnivariateSolverUtilsTest \
    --iteration 100 \
	--complianceLevel 7 \
	--workingdirectory . \
	--source src/main/java \
	--classpath target/classes:target/test-classes:/home/tdurieux/.m2/repository/junit/junit/4.11/junit-4.11.jar:/home/tdurieux/.m2/repository/org/hamcrest/hamcrest-core/1.3/hamcrest-core-1.3.jar;
	echo "\n\nNode: `hostname`\n";
	echo "\n\nDate: `date`\n";
Picked up JAVA_TOOL_OPTIONS: -Dfile.encoding=UTF8 -Duser.language=en-US -Duser.country=US -Duser.language=en
TernarySplitter  in 474ms
return (r) != null
throw new ModelSpecificationException(LocalizedFormats.INVALID_REGRESSION_OBSERVATION, (x != null ? x.length : 0), 1)
throw new ModelSpecificationException(LocalizedFormats.DIMENSIONS_MISMATCH_SIMPLE, (x == null ? 0 : x.length), (y == null ? 0 : y.length))
throw new ModelSpecificationException(LocalizedFormats.DIMENSIONS_MISMATCH_SIMPLE, (x == null ? 0 : x.length), (y == null ? 0 : y.length))
this(prototypeStatistics, (prototypeStatistics == null ? null : new SummaryStatistics(prototypeStatistics)))
return ((outsideTouching) != null) && (!(outsideTouching.isEmpty()))
return ((insideTouching) != null) && (!(insideTouching.isEmpty()))
return (pending) != null
super((copyArray ? point == null ? null : point.clone() : point), (copyArray ? value == null ? null : value.clone() : value))
super((copyArray ? point == null ? null : point.clone() : point), (copyArray ? value == null ? null : value.clone() : value))
super((copyArray ? point == null ? null : point.clone() : point), (copyArray ? value == null ? null : value.clone() : value))
super((copyArray ? point == null ? null : point.clone() : point), (copyArray ? value == null ? null : value.clone() : value))
return new SubHyperplane.SplitSubHyperplane<Sphere2D>((plus == null ? null : new SubCircle(thisCircle.copySelf(), plus)), (minus == null ? null : new SubCircle(thisCircle.copySelf(), minus)))
return new SubHyperplane.SplitSubHyperplane<Sphere2D>((plus == null ? null : new SubCircle(thisCircle.copySelf(), plus)), (minus == null ? null : new SubCircle(thisCircle.copySelf(), minus)))
throw new DimensionMismatchException((rm == null ? 0 : rm.getRowDimension()), (b == null ? 0 : b.getDimension()))
throw new DimensionMismatchException((rm == null ? 0 : rm.getRowDimension()), (b == null ? 0 : b.getDimension()))
throw new DimensionMismatchException((rm == null ? 0 : rm.getRowDimension()), (b == null ? 0 : b.getDimension()))
throw new DimensionMismatchException((rm == null ? 0 : rm.getRowDimension()), (b == null ? 0 : b.getDimension()))
final boolean closed = (loop[0]) != null
boolean isCollectionLess = (collection != null) && (((collection.size()) + (size())) <= (capacity))
boolean isNotNull = ((markers) != null) && ((that.markers) != null)
boolean isNotNull = ((markers) != null) && ((that.markers) != null)
boolean isNull = ((markers) == null) && ((that.markers) == null)
boolean isNull = ((markers) == null) && ((that.markers) == null)
super((copyArray ? point == null ? null : point.clone() : point), value)
super((copyArray ? point == null ? null : point.clone() : point), value)
return (pending) != null
final boolean usePivotsHeap = pivotsHeap != null
return !((x == null) ^ (y == null))
return !((x == null) ^ (y == null))
return !((x == null) ^ (y == null))
return !((x == null) ^ (y == null))
return !((x == null) ^ (y == null))
return !((x == null) ^ (y == null))
return !((x == null) ^ (y == null))
return !((x == null) ^ (y == null))
return ((key) == null ? (oP.key) == null : key.equals(oP.key)) && ((value) == null ? (oP.value) == null : value.equals(oP.value))
return ((key) == null ? (oP.key) == null : key.equals(oP.key)) && ((value) == null ? (oP.value) == null : value.equals(oP.value))
return ((key) == null ? (oP.key) == null : key.equals(oP.key)) && ((value) == null ? (oP.value) == null : value.equals(oP.value))
return ((key) == null ? (oP.key) == null : key.equals(oP.key)) && ((value) == null ? (oP.value) == null : value.equals(oP.value))
throw new ModelSpecificationException(LocalizedFormats.DIMENSIONS_MISMATCH_SIMPLE, (x == null ? 0 : x.length), (y == null ? 0 : y.length))
throw new ModelSpecificationException(LocalizedFormats.DIMENSIONS_MISMATCH_SIMPLE, (x == null ? 0 : x.length), (y == null ? 0 : y.length))
final int maxParameters = FastMath.max(parameters, (cache == null ? 0 : cache.length))
final int maxOrder = FastMath.max(order, (cache == null ? 0 : cache[0].length))
CheckNotNull  in 1668ms
ForceNullInit in 674ms
AddImplicitCastChecker --> 45 in 761ms
BeforeDeref --> 19424 (failed:0) in 4048ms
target--> 25484 (failed:0) in 8124ms
TryRegister # Try: 115 in 834ms
Assign --> 11544 (failed: 0) in 6553ms
VarInit --> 8651 in 3125ms
MethodEncapsulation # Method: 6692 in 6688ms
ConstructorEncapsulation # Constructor: 1469 in 3339ms
VariableFor in 1409ms
spoon.compiler.ModelBuildingException: The method intersection(org.apache.commons.math4.geometry.euclidean.threed.Line) in the type Plane is not applicable for the arguments (org.apache.commons.math4.geometry.euclidean.twod.Line) at /tmp/NPEFix_Bug_dot_jar_Commons-Math_a56d4998/PolyhedronsSet.java:534
	at spoon.support.compiler.jdt.JDTBasedSpoonCompiler.report(JDTBasedSpoonCompiler.java:581)
	at spoon.support.compiler.jdt.JDTBasedSpoonCompiler.reportProblems(JDTBasedSpoonCompiler.java:562)
	at spoon.support.compiler.jdt.JDTBasedSpoonCompiler.compile(JDTBasedSpoonCompiler.java:157)
	at fr.inria.spirals.npefix.main.all.Launcher.instrument(Launcher.java:109)
	at fr.inria.spirals.npefix.main.run.Main.run(Main.java:61)
	at fr.inria.spirals.npefix.main.run.Main.main(Main.java:48)
Exception in thread "main" spoon.compiler.ModelBuildingException: The method intersection(org.apache.commons.math4.geometry.euclidean.threed.Line) in the type Plane is not applicable for the arguments (org.apache.commons.math4.geometry.euclidean.twod.Line) at /tmp/NPEFix_Bug_dot_jar_Commons-Math_a56d4998/PolyhedronsSet.java:534
	at spoon.support.compiler.jdt.JDTBasedSpoonCompiler.report(JDTBasedSpoonCompiler.java:581)
	at spoon.support.compiler.jdt.JDTBasedSpoonCompiler.reportProblems(JDTBasedSpoonCompiler.java:562)
	at spoon.support.compiler.jdt.JDTBasedSpoonCompiler.compile(JDTBasedSpoonCompiler.java:157)
	at fr.inria.spirals.npefix.main.all.Launcher.instrument(Launcher.java:109)
	at fr.inria.spirals.npefix.main.run.Main.run(Main.java:61)
	at fr.inria.spirals.npefix.main.run.Main.main(Main.java:48)
Command exited with non-zero status 1
315.70user 3.25system 2:49.54elapsed 188%CPU (0avgtext+0avgdata 2307664maxresident)k
18344inputs+65768outputs (1major+648845minor)pagefaults 0swaps


Node: petitprince-14.luxembourg.grid5000.fr



Date: Sat Dec 29 19:22:04 EST 2018

