cd /tmp/Kali_Bug_dot_jar_Accumulo_9453bcfa;
export JAVA_TOOL_OPTIONS="-Dfile.encoding=UTF8 -Duser.language=en-US -Duser.country=US -Duser.language=en";
TZ="America/New_York"; export TZ;
export PATH="/home/tdurieux/openjdk-1.7.0/bin/:$PATH";
export JAVA_HOME="/home/tdurieux/openjdk-1.7.0/bin/";
timeout 120m java -Xmx4048m -cp /home/tdurieux/RepairThemAll/script/../libs/jmetal.jar:/home/tdurieux/RepairThemAll/script/../repair_tools/arja.jar us.msu.cse.repair.Main \
	Kali \
	-DexternalProjRoot /home/tdurieux/RepairThemAll/script/../libs/arja_external \
	-DsrcJavaDir /tmp/Kali_Bug_dot_jar_Accumulo_9453bcfa/core/src/main/java \
	-DbinJavaDir /tmp/Kali_Bug_dot_jar_Accumulo_9453bcfa/core/target/classes \
	-DbinTestDir /tmp/Kali_Bug_dot_jar_Accumulo_9453bcfa/core/target/test-classes \
	-DdiffFormat true \
	-Dseed 0 \
	-Ddependences /tmp/Kali_Bug_dot_jar_Accumulo_9453bcfa/trace/target/classes:/tmp/Kali_Bug_dot_jar_Accumulo_9453bcfa/start/target/classes:/tmp/Kali_Bug_dot_jar_Accumulo_9453bcfa/fate/target/classes:/tmp/Kali_Bug_dot_jar_Accumulo_9453bcfa/server/target/classes:/home/tdurieux/.m2/repository/net/java/dev/jets3t/jets3t/0.7.1/jets3t-0.7.1.jar:/home/tdurieux/.m2/repository/net/sf/kosmosfs/kfs/0.3/kfs-0.3.jar:/home/tdurieux/.m2/repository/xmlenc/xmlenc/0.52/xmlenc-0.52.jar:/home/tdurieux/.m2/repository/org/mortbay/jetty/servlet-api-2.5/6.1.14/servlet-api-2.5-6.1.14.jar:/home/tdurieux/.m2/repository/commons-io/commons-io/1.4/commons-io-1.4.jar:/home/tdurieux/.m2/repository/org/apache/accumulo/examples-simple/1.5.0-SNAPSHOT/examples-simple-1.5.0-SNAPSHOT.jar:/home/tdurieux/.m2/repository/org/apache/accumulo/accumulo-start/1.5.0-SNAPSHOT/accumulo-start-1.5.0-SNAPSHOT.jar:/home/tdurieux/.m2/repository/org/apache/accumulo/cloudtrace/1.5.0-SNAPSHOT/cloudtrace-1.5.0-SNAPSHOT.jar:/home/tdurieux/.m2/repository/org/mortbay/jetty/jetty-util/6.1.26/jetty-util-6.1.26.jar:/home/tdurieux/.m2/repository/hsqldb/hsqldb/1.8.0.10/hsqldb-1.8.0.10.jar:/home/tdurieux/.m2/repository/ant/ant/1.6.5/ant-1.6.5.jar:/home/tdurieux/.m2/repository/org/apache/thrift/libthrift/0.8.0/libthrift-0.8.0.jar:/home/tdurieux/.m2/repository/org/slf4j/slf4j-api/1.4.3/slf4j-api-1.4.3.jar:/home/tdurieux/.m2/repository/org/apache/accumulo/accumulo-fate/1.5.0-SNAPSHOT/accumulo-fate-1.5.0-SNAPSHOT.jar:/home/tdurieux/.m2/repository/commons-configuration/commons-configuration/1.5/commons-configuration-1.5.jar:/home/tdurieux/.m2/repository/commons-cli/commons-cli/1.2/commons-cli-1.2.jar:/home/tdurieux/.m2/repository/tomcat/jasper-compiler/5.5.12/jasper-compiler-5.5.12.jar:/home/tdurieux/.m2/repository/org/mortbay/jetty/jsp-2.1/6.1.14/jsp-2.1-6.1.14.jar:/home/tdurieux/.m2/repository/org/mortbay/jetty/jetty/6.1.26/jetty-6.1.26.jar:/home/tdurieux/.m2/repository/commons-logging/commons-logging/1.0.4/commons-logging-1.0.4.jar:/home/tdurieux/.m2/repository/org/apache/httpcomponents/httpcore/4.1.3/httpcore-4.1.3.jar:/home/tdurieux/.m2/repository/org/mortbay/jetty/jsp-api-2.1/6.1.14/jsp-api-2.1-6.1.14.jar:/home/tdurieux/.m2/repository/commons-collections/commons-collections/3.2/commons-collections-3.2.jar:/home/tdurieux/.m2/repository/jline/jline/0.9.94/jline-0.9.94.jar:/home/tdurieux/.m2/repository/org/mortbay/jetty/servlet-api/2.5-20081211/servlet-api-2.5-20081211.jar:/home/tdurieux/.m2/repository/junit/junit/4.4/junit-4.4.jar:/home/tdurieux/.m2/repository/org/apache/accumulo/accumulo-core/1.5.0-SNAPSHOT/accumulo-core-1.5.0-SNAPSHOT.jar:/home/tdurieux/.m2/repository/commons-net/commons-net/1.4.1/commons-net-1.4.1.jar:/home/tdurieux/.m2/repository/commons-el/commons-el/1.0/commons-el-1.0.jar:/home/tdurieux/.m2/repository/commons-logging/commons-logging-api/1.0.4/commons-logging-api-1.0.4.jar:/home/tdurieux/.m2/repository/org/apache/httpcomponents/httpclient/4.1.2/httpclient-4.1.2.jar:/home/tdurieux/.m2/repository/commons-digester/commons-digester/1.8/commons-digester-1.8.jar:/home/tdurieux/.m2/repository/org/apache/hadoop/zookeeper/3.3.1/zookeeper-3.3.1.jar:/home/tdurieux/.m2/repository/org/slf4j/slf4j-log4j12/1.4.3/slf4j-log4j12-1.4.3.jar:/home/tdurieux/.m2/repository/oro/oro/2.0.8/oro-2.0.8.jar:/home/tdurieux/.m2/repository/commons-lang/commons-lang/2.4/commons-lang-2.4.jar:/home/tdurieux/.m2/repository/log4j/log4j/1.2.16/log4j-1.2.16.jar:/home/tdurieux/.m2/repository/org/apache/accumulo/accumulo-server/1.5.0-SNAPSHOT/accumulo-server-1.5.0-SNAPSHOT.jar:/home/tdurieux/.m2/repository/commons-httpclient/commons-httpclient/3.0.1/commons-httpclient-3.0.1.jar:/home/tdurieux/.m2/repository/tomcat/jasper-runtime/5.5.12/jasper-runtime-5.5.12.jar:/home/tdurieux/.m2/repository/commons-codec/commons-codec/1.3/commons-codec-1.3.jar:/home/tdurieux/.m2/repository/org/apache/commons/commons-jci-fam/1.0/commons-jci-fam-1.0.jar:/home/tdurieux/.m2/repository/commons-beanutils/commons-beanutils-core/1.7.0/commons-beanutils-core-1.7.0.jar:/home/tdurieux/.m2/repository/org/apache/commons/commons-math/2.1/commons-math-2.1.jar:/home/tdurieux/.m2/repository/org/eclipse/jdt/core/3.1.1/core-3.1.1.jar:/home/tdurieux/.m2/repository/org/apache/hadoop/hadoop-core/0.20.205.0/hadoop-core-0.20.205.0.jar:/home/tdurieux/.m2/repository/commons-beanutils/commons-beanutils/1.7.0/commons-beanutils-1.7.0.jar:/home/tdurieux/.m2/repository/javax/servlet/servlet-api/2.4/servlet-api-2.4.jar;
	echo "\n\nNode: `hostname`\n";
	echo "\n\nDate: `date`\n";
Picked up JAVA_TOOL_OPTIONS: -Dfile.encoding=UTF8 -Duser.language=en-US -Duser.country=US -Duser.language=en
Fault localization starts...
Number of positive tests: 293
Number of negative tests: 1
Fault localization is finished!
Exception in thread "main" java.io.IOException: Cannot run program "/home/tdurieux/openjdk-1.7.0/jre/bin/java": error=7, Argument list too long
	at java.lang.ProcessBuilder.start(ProcessBuilder.java:1047)
	at us.msu.cse.repair.core.coverage.SeedLineGeneratorProcess.getSeedLines(SeedLineGeneratorProcess.java:98)
	at us.msu.cse.repair.core.AbstractRepairProblem.invokeSeedLineGenerator(AbstractRepairProblem.java:321)
	at us.msu.cse.repair.core.AbstractRepairProblem.invokeModules(AbstractRepairProblem.java:270)
	at us.msu.cse.repair.core.AbstractRepairProblem.<init>(AbstractRepairProblem.java:244)
	at us.msu.cse.repair.algorithms.kali.Kali.<init>(Kali.java:37)
	at us.msu.cse.repair.KaliMain.main(KaliMain.java:14)
	at us.msu.cse.repair.Main.main(Main.java:14)
Caused by: java.io.IOException: error=7, Argument list too long
	at java.lang.UNIXProcess.forkAndExec(Native Method)
	at java.lang.UNIXProcess.<init>(UNIXProcess.java:187)
	at java.lang.ProcessImpl.start(ProcessImpl.java:130)
	at java.lang.ProcessBuilder.start(ProcessBuilder.java:1028)
	... 7 more


Node: suno-11.sophia.grid5000.fr



Date: Sat Dec 29 05:12:53 EST 2018

