cd /tmp/GenProg_Bears_apache-incubator-tamaya_457807119-461484371;
export JAVA_TOOL_OPTIONS="-Dfile.encoding=UTF8 -Duser.language=en-US -Duser.country=US -Duser.language=en";
TZ="America/New_York"; export TZ;
export PATH="/home/tdurieux/openjdk-1.7.0/bin/:$PATH";
export JAVA_HOME="/home/tdurieux/openjdk-1.7.0/bin/";
timeout 120m java -Xmx4g -Xms1g -cp /home/tdurieux/defects4j4repair/script/../libs/jmetal.jar:/home/tdurieux/defects4j4repair/script/../repair_tools/arja.jar us.msu.cse.repair.Main \
	GenProg \
	-DexternalProjRoot /home/tdurieux/defects4j4repair/script/../libs/arja_external \
	-DsrcJavaDir  \
	-DbinJavaDir  \
	-DbinTestDir  \
	-DdiffFormat true \
	-Dseed 0 \
	-Ddependences /tmp/GenProg_Bears_apache-incubator-tamaya_457807119-461484371/buildconfigurations/target/classes:/tmp/GenProg_Bears_apache-incubator-tamaya_457807119-461484371/code/api/target/classes:/tmp/GenProg_Bears_apache-incubator-tamaya_457807119-461484371/code/spi-support/target/classes:/tmp/GenProg_Bears_apache-incubator-tamaya_457807119-461484371/code/core/target/classes:/tmp/GenProg_Bears_apache-incubator-tamaya_457807119-461484371/examples/01-minimal/target/classes:/tmp/GenProg_Bears_apache-incubator-tamaya_457807119-461484371/examples/02-custom-property-source/target/classes:/tmp/GenProg_Bears_apache-incubator-tamaya_457807119-461484371/distribution/target/classes:/home/tdurieux/.m2/repository/org/apache/tamaya/tamaya-spisupport/0.4-incubating-SNAPSHOT/tamaya-spisupport-0.4-incubating-SNAPSHOT.jar:/home/tdurieux/.m2/repository/org/apache/tamaya/tamaya-core/0.4-incubating-SNAPSHOT/tamaya-core-0.4-incubating-SNAPSHOT-sources.jar:/home/tdurieux/.m2/repository/org/osgi/org.osgi.compendium/5.0.0/org.osgi.compendium-5.0.0.jar:/home/tdurieux/.m2/repository/junit/junit/4.12/junit-4.12.jar:/home/tdurieux/.m2/repository/org/apache/tamaya/tamaya-api/0.4-incubating-SNAPSHOT/tamaya-api-0.4-incubating-SNAPSHOT.jar:/home/tdurieux/.m2/repository/org/apache/tamaya/tamaya-api/0.4-incubating-SNAPSHOT/tamaya-api-0.4-incubating-SNAPSHOT-javadoc.jar:/home/tdurieux/.m2/repository/org/apache/tamaya/tamaya-core/0.4-incubating-SNAPSHOT/tamaya-core-0.4-incubating-SNAPSHOT.jar:/home/tdurieux/.m2/repository/org/objenesis/objenesis/2.1/objenesis-2.1.jar:/home/tdurieux/.m2/repository/org/osgi/org.osgi.annotation/6.0.0/org.osgi.annotation-6.0.0.jar:/home/tdurieux/.m2/repository/org/apache/tamaya/tamaya-api/0.4-incubating-SNAPSHOT/tamaya-api-0.4-incubating-SNAPSHOT-sources.jar:/home/tdurieux/.m2/repository/org/osgi/org.osgi.core/5.0.0/org.osgi.core-5.0.0.jar:/home/tdurieux/.m2/repository/org/apache/tamaya/tamaya-core/0.4-incubating-SNAPSHOT/tamaya-core-0.4-incubating-SNAPSHOT-javadoc.jar:/home/tdurieux/.m2/repository/org/apache/geronimo/specs/geronimo-annotation_1.2_spec/1.0/geronimo-annotation_1.2_spec-1.0.jar:/home/tdurieux/.m2/repository/org/hamcrest/hamcrest-core/1.3/hamcrest-core-1.3.jar:/home/tdurieux/.m2/repository/org/assertj/assertj-core/3.8.0/assertj-core-3.8.0.jar:/home/tdurieux/.m2/repository/org/mockito/mockito-core/1.10.19/mockito-core-1.10.19.jar;
	echo "\n\nNode: `hostname`\n";
	echo "\n\nDate: `date`\n";
Picked up JAVA_TOOL_OPTIONS: -Dfile.encoding=UTF8 -Duser.language=en-US -Duser.country=US -Duser.language=en
Exception in thread "main" java.lang.IllegalArgumentException: Parameter 'directory' is not a directory
	at org.apache.commons.io.FileUtils.validateListFilesParameters(FileUtils.java:545)
	at org.apache.commons.io.FileUtils.listFiles(FileUtils.java:521)
	at us.msu.cse.repair.core.util.ClassFinder.scanTestDir(ClassFinder.java:75)
	at us.msu.cse.repair.core.util.ClassFinder.<init>(ClassFinder.java:48)
	at us.msu.cse.repair.core.AbstractRepairProblem.invokeClassFinder(AbstractRepairProblem.java:284)
	at us.msu.cse.repair.core.AbstractRepairProblem.invokeModules(AbstractRepairProblem.java:268)
	at us.msu.cse.repair.core.AbstractRepairProblem.<init>(AbstractRepairProblem.java:244)
	at us.msu.cse.repair.ec.problems.GenProgProblem.<init>(GenProgProblem.java:33)
	at us.msu.cse.repair.GenProgMain.main(GenProgMain.java:38)
	at us.msu.cse.repair.Main.main(Main.java:10)


Node: grisou-5.nancy.grid5000.fr



Date: Thu Dec 27 12:27:49 EST 2018

