cd /tmp/NPEFix_Bug_dot_jar_Commons-Math_48dde378;
export JAVA_TOOL_OPTIONS="-Dfile.encoding=UTF8 -Duser.language=en-US -Duser.country=US -Duser.language=en";
TZ="America/New_York"; export TZ;
export PATH="/usr/lib/jvm/java-1.8.0-openjdk-amd64/bin/:$PATH";
export JAVA_HOME="/usr/lib/jvm/java-1.8.0-openjdk-amd64/bin/";
time java -Xmx4048m -cp /home/tdurieux/defects4j4repair/script/../repair_tools/npefix.jar fr.inria.spirals.npefix.main.run.Main \
    --test org.apache.commons.math3.analysis.differentiation.DerivativeStructureTest \
    --iteration 100 \
	--complianceLevel 7 \
	--workingdirectory . \
	--source src/main/java \
	--classpath target/classes:target/test-classes:/home/tdurieux/.m2/repository/junit/junit/4.10/junit-4.10.jar:/home/tdurieux/.m2/repository/org/hamcrest/hamcrest-core/1.1/hamcrest-core-1.1.jar;
	echo "\n\nNode: `hostname`\n";
	echo "\n\nDate: `date`\n";
Picked up JAVA_TOOL_OPTIONS: -Dfile.encoding=UTF8 -Duser.language=en-US -Duser.country=US -Duser.language=en
TernarySplitter  in 392ms
return (r) != null
throw new DimensionMismatchException((rm == null ? 0 : rm.getRowDimension()), (b == null ? 0 : b.getDimension()))
throw new DimensionMismatchException((rm == null ? 0 : rm.getRowDimension()), (b == null ? 0 : b.getDimension()))
throw new DimensionMismatchException((rm == null ? 0 : rm.getRowDimension()), (b == null ? 0 : b.getDimension()))
throw new DimensionMismatchException((rm == null ? 0 : rm.getRowDimension()), (b == null ? 0 : b.getDimension()))
final boolean closed = (loop[0]) != null
super((copyArray ? point == null ? null : point.clone() : point), value)
super((copyArray ? point == null ? null : point.clone() : point), value)
throw new ModelSpecificationException(LocalizedFormats.INVALID_REGRESSION_OBSERVATION, (x != null ? x.length : 0), 1)
throw new ModelSpecificationException(LocalizedFormats.DIMENSIONS_MISMATCH_SIMPLE, (x == null ? 0 : x.length), (y == null ? 0 : y.length))
throw new ModelSpecificationException(LocalizedFormats.DIMENSIONS_MISMATCH_SIMPLE, (x == null ? 0 : x.length), (y == null ? 0 : y.length))
this(prototypeStatistics, (prototypeStatistics == null ? null : new SummaryStatistics(prototypeStatistics)))
return !((x == null) ^ (y == null))
return !((x == null) ^ (y == null))
return !((x == null) ^ (y == null))
return !((x == null) ^ (y == null))
return !((x == null) ^ (y == null))
return !((x == null) ^ (y == null))
return !((x == null) ^ (y == null))
return !((x == null) ^ (y == null))
return ((key) == null ? (oP.key) == null : key.equals(oP.key)) && ((value) == null ? (oP.value) == null : value.equals(oP.value))
return ((key) == null ? (oP.key) == null : key.equals(oP.key)) && ((value) == null ? (oP.value) == null : value.equals(oP.value))
return ((key) == null ? (oP.key) == null : key.equals(oP.key)) && ((value) == null ? (oP.value) == null : value.equals(oP.value))
return ((key) == null ? (oP.key) == null : key.equals(oP.key)) && ((value) == null ? (oP.value) == null : value.equals(oP.value))
final boolean open = (segment.getStart()) == null
super((copyArray ? point == null ? null : point.clone() : point), (copyArray ? value == null ? null : value.clone() : value))
super((copyArray ? point == null ? null : point.clone() : point), (copyArray ? value == null ? null : value.clone() : value))
super((copyArray ? point == null ? null : point.clone() : point), (copyArray ? value == null ? null : value.clone() : value))
super((copyArray ? point == null ? null : point.clone() : point), (copyArray ? value == null ? null : value.clone() : value))
return (1 + ((left) == null ? 0 : left.size())) + ((right) == null ? 0 : right.size())
return (1 + ((left) == null ? 0 : left.size())) + ((right) == null ? 0 : right.size())
return (top) == null
throw new ModelSpecificationException(LocalizedFormats.DIMENSIONS_MISMATCH_SIMPLE, (x == null ? 0 : x.length), (y == null ? 0 : y.length))
throw new ModelSpecificationException(LocalizedFormats.DIMENSIONS_MISMATCH_SIMPLE, (x == null ? 0 : x.length), (y == null ? 0 : y.length))
final int maxParameters = FastMath.max(parameters, (cache == null ? 0 : cache.length))
final int maxOrder = FastMath.max(order, (cache == null ? 0 : cache[0].length))
CheckNotNull  in 1680ms
ForceNullInit in 506ms
AddImplicitCastChecker --> 18 in 529ms
BeforeDeref --> 15274 (failed:0) in 2900ms
target--> 20850 (failed:0) in 6402ms
TryRegister # Try: 101 in 653ms
Assign --> 10050 (failed: 0) in 5083ms
VarInit --> 7171 in 2448ms
MethodEncapsulation # Method: 5391 in 4905ms
ConstructorEncapsulation # Constructor: 1214 in 2274ms
VariableFor in 1125ms
spoon.compiler.ModelBuildingException: The method intersection(org.apache.commons.math3.geometry.euclidean.threed.Line) in the type Plane is not applicable for the arguments (org.apache.commons.math3.geometry.euclidean.twod.Line) at /tmp/NPEFix_Bug_dot_jar_Commons-Math_48dde378/PolyhedronsSet.java:483
	at spoon.support.compiler.jdt.JDTBasedSpoonCompiler.report(JDTBasedSpoonCompiler.java:581)
	at spoon.support.compiler.jdt.JDTBasedSpoonCompiler.reportProblems(JDTBasedSpoonCompiler.java:562)
	at spoon.support.compiler.jdt.JDTBasedSpoonCompiler.compile(JDTBasedSpoonCompiler.java:157)
	at fr.inria.spirals.npefix.main.all.Launcher.instrument(Launcher.java:109)
	at fr.inria.spirals.npefix.main.run.Main.run(Main.java:61)
	at fr.inria.spirals.npefix.main.run.Main.main(Main.java:48)
Exception in thread "main" spoon.compiler.ModelBuildingException: The method intersection(org.apache.commons.math3.geometry.euclidean.threed.Line) in the type Plane is not applicable for the arguments (org.apache.commons.math3.geometry.euclidean.twod.Line) at /tmp/NPEFix_Bug_dot_jar_Commons-Math_48dde378/PolyhedronsSet.java:483
	at spoon.support.compiler.jdt.JDTBasedSpoonCompiler.report(JDTBasedSpoonCompiler.java:581)
	at spoon.support.compiler.jdt.JDTBasedSpoonCompiler.reportProblems(JDTBasedSpoonCompiler.java:562)
	at spoon.support.compiler.jdt.JDTBasedSpoonCompiler.compile(JDTBasedSpoonCompiler.java:157)
	at fr.inria.spirals.npefix.main.all.Launcher.instrument(Launcher.java:109)
	at fr.inria.spirals.npefix.main.run.Main.run(Main.java:61)
	at fr.inria.spirals.npefix.main.run.Main.main(Main.java:48)
Command exited with non-zero status 1
265.19user 2.92system 2:08.99elapsed 207%CPU (0avgtext+0avgdata 2142608maxresident)k
18600inputs+53376outputs (1major+598209minor)pagefaults 0swaps


Node: petitprince-4.luxembourg.grid5000.fr



Date: Sat Dec 29 19:35:12 EST 2018

