START INIT BUG Bears_rafonsecad-cash-count_435958219-435967865
IS LOCK WAIT FOR 7
IS LOCK WAIT FOR 5
IS LOCK WAIT FOR 6
IS LOCK WAIT FOR 4
IS LOCK WAIT FOR 2
IS LOCK WAIT FOR 4
IS LOCK WAIT FOR 7
LOCK BUG Bears_rafonsecad-cash-count_435958219-435967865
CHECKOUT BUG Bears_rafonsecad-cash-count_435958219-435967865
UNLOCK BUG Bears_rafonsecad-cash-count_435958219-435967865 False
START INIT BUG Bears_rafonsecad-cash-count_435958219-435967865
IS LOCK WAIT FOR 2
IS LOCK WAIT FOR 2
IS LOCK WAIT FOR 4
IS LOCK WAIT FOR 5
IS LOCK WAIT FOR 3
IS LOCK WAIT FOR 3
IS LOCK WAIT FOR 3
IS LOCK WAIT FOR 5
LOCK BUG Bears_rafonsecad-cash-count_435958219-435967865
CHECKOUT BUG Bears_rafonsecad-cash-count_435958219-435967865
UNLOCK BUG Bears_rafonsecad-cash-count_435958219-435967865 False
