cd /tmp/NPEFix_IntroClassJava_syllables_fcf701e8bed9c75a4cc52a990a577eb0204d7aadf138a4cad08726a847d66e77126f95f06f839ec9224b7e8a887b873fe0d4b6f4311b4e8bd2a36e5028d1feca_002;
export JAVA_TOOL_OPTIONS="-Dfile.encoding=UTF8 -Duser.language=en-US -Duser.country=US -Duser.language=en";
TZ="America/New_York"; export TZ;
export PATH="/usr/lib/jvm/java-1.8.0-openjdk-amd64/bin/:$PATH";
export JAVA_HOME="/usr/lib/jvm/java-1.8.0-openjdk-amd64/bin/";
time java -Xmx4g -Xms1g -cp /home/tdurieux/defects4j4repair/script/../repair_tools/npefix.jar fr.inria.spirals.npefix.main.run.Main \
    --test introclassJava.syllables_fcf701e8_002BlackboxTest:introclassJava.syllables_fcf701e8_002WhiteboxTest \
    --iteration 100 \
	--complianceLevel 7 \
	--workingdirectory . \
	--source src/main/java \
	--classpath target/classes:target/test-classes:/home/tdurieux/.m2/repository/junit/junit/4.11/junit-4.11.jar:/home/tdurieux/.m2/repository/org/hamcrest/hamcrest-core/1.3/hamcrest-core-1.3.jar;
	echo "\n\nNode: `hostname`\n";
	echo "\n\nDate: `date`\n";
Picked up JAVA_TOOL_OPTIONS: -Dfile.encoding=UTF8 -Duser.language=en-US -Duser.country=US -Duser.language=en
TernarySplitter  in 3ms
CheckNotNull  in 2ms
ForceNullInit in 29ms
AddImplicitCastChecker --> 0 in 4ms
BeforeDeref --> 21 (failed:0) in 17ms
target--> 26 (failed:0) in 60ms
TryRegister # Try: 0 in 2ms
Assign --> 13 (failed: 0) in 41ms
VarInit --> 5 in 5ms
MethodEncapsulation # Method: 2 in 46ms
ConstructorEncapsulation # Constructor: 10 in 11ms
VariableFor in 2ms
RMI Selector (Host: 127.0.0.1, Port: 10000): KO
introclassJava.syllables_fcf701e8_002BlackboxTest#test2
<No Strat> Status: Ko
introclassJava.syllables_fcf701e8_002BlackboxTest#test1
<No Strat> Status: Ko
introclassJava.syllables_fcf701e8_002BlackboxTest#test3
<No Strat> Status: Ko
introclassJava.syllables_fcf701e8_002BlackboxTest#test4
<No Strat> Status: Ok
introclassJava.syllables_fcf701e8_002BlackboxTest#test5
<No Strat> Status: Ko
introclassJava.syllables_fcf701e8_002BlackboxTest#test6
<No Strat> Status: Ko
introclassJava.syllables_fcf701e8_002WhiteboxTest#test2
<No Strat> Status: Ko
introclassJava.syllables_fcf701e8_002WhiteboxTest#test9
<No Strat> Status: Ko
introclassJava.syllables_fcf701e8_002WhiteboxTest#test7
<No Strat> Status: Ko
introclassJava.syllables_fcf701e8_002WhiteboxTest#test1
<No Strat> Status: Ko
introclassJava.syllables_fcf701e8_002WhiteboxTest#test8
<No Strat> Status: Ko
introclassJava.syllables_fcf701e8_002WhiteboxTest#test3
<No Strat> Status: Ko
introclassJava.syllables_fcf701e8_002WhiteboxTest#test4
<No Strat> Status: Ko
introclassJava.syllables_fcf701e8_002WhiteboxTest#test5
<No Strat> Status: Ko
introclassJava.syllables_fcf701e8_002WhiteboxTest#test6
<No Strat> Status: Ko
introclassJava.syllables_fcf701e8_002WhiteboxTest#test10
<No Strat> Status: Ko
Multirun 16/100 16%
introclassJava.syllables_fcf701e8_002BlackboxTest#test2
<No Strat> Status: Ko
introclassJava.syllables_fcf701e8_002BlackboxTest#test1
<No Strat> Status: Ko
introclassJava.syllables_fcf701e8_002BlackboxTest#test3
<No Strat> Status: Ko
introclassJava.syllables_fcf701e8_002BlackboxTest#test5
<No Strat> Status: Ko
introclassJava.syllables_fcf701e8_002BlackboxTest#test6
<No Strat> Status: Ko
introclassJava.syllables_fcf701e8_002WhiteboxTest#test2
<No Strat> Status: Ko
introclassJava.syllables_fcf701e8_002WhiteboxTest#test9
<No Strat> Status: Ko
introclassJava.syllables_fcf701e8_002WhiteboxTest#test7
<No Strat> Status: Ko
introclassJava.syllables_fcf701e8_002WhiteboxTest#test1
<No Strat> Status: Ko
introclassJava.syllables_fcf701e8_002WhiteboxTest#test8
<No Strat> Status: Ko
introclassJava.syllables_fcf701e8_002WhiteboxTest#test3
<No Strat> Status: Ko
introclassJava.syllables_fcf701e8_002WhiteboxTest#test4
<No Strat> Status: Ko
introclassJava.syllables_fcf701e8_002WhiteboxTest#test5
<No Strat> Status: Ko
introclassJava.syllables_fcf701e8_002WhiteboxTest#test6
<No Strat> Status: Ko
introclassJava.syllables_fcf701e8_002WhiteboxTest#test10
<No Strat> Status: Ko
introclassJava.syllables_fcf701e8_002BlackboxTest#test2
<No Strat> Status: Ko
introclassJava.syllables_fcf701e8_002BlackboxTest#test1
<No Strat> Status: Ko
introclassJava.syllables_fcf701e8_002BlackboxTest#test3
<No Strat> Status: Ko
introclassJava.syllables_fcf701e8_002BlackboxTest#test5
<No Strat> Status: Ko
introclassJava.syllables_fcf701e8_002BlackboxTest#test6
<No Strat> Status: Ko
introclassJava.syllables_fcf701e8_002WhiteboxTest#test2
<No Strat> Status: Ko
introclassJava.syllables_fcf701e8_002WhiteboxTest#test9
<No Strat> Status: Ko
introclassJava.syllables_fcf701e8_002WhiteboxTest#test7
<No Strat> Status: Ko
introclassJava.syllables_fcf701e8_002WhiteboxTest#test1
<No Strat> Status: Ko
introclassJava.syllables_fcf701e8_002WhiteboxTest#test8
<No Strat> Status: Ko
introclassJava.syllables_fcf701e8_002WhiteboxTest#test3
<No Strat> Status: Ko
introclassJava.syllables_fcf701e8_002WhiteboxTest#test4
<No Strat> Status: Ko
introclassJava.syllables_fcf701e8_002WhiteboxTest#test5
<No Strat> Status: Ko
introclassJava.syllables_fcf701e8_002WhiteboxTest#test6
<No Strat> Status: Ko
introclassJava.syllables_fcf701e8_002WhiteboxTest#test10
<No Strat> Status: Ko
introclassJava.syllables_fcf701e8_002BlackboxTest#test2
<No Strat> Status: Ko
introclassJava.syllables_fcf701e8_002BlackboxTest#test1
<No Strat> Status: Ko
introclassJava.syllables_fcf701e8_002BlackboxTest#test3
<No Strat> Status: Ko
introclassJava.syllables_fcf701e8_002BlackboxTest#test5
<No Strat> Status: Ko
introclassJava.syllables_fcf701e8_002BlackboxTest#test6
<No Strat> Status: Ko
introclassJava.syllables_fcf701e8_002WhiteboxTest#test2
<No Strat> Status: Ko
introclassJava.syllables_fcf701e8_002WhiteboxTest#test9
<No Strat> Status: Ko
introclassJava.syllables_fcf701e8_002WhiteboxTest#test7
<No Strat> Status: Ko
introclassJava.syllables_fcf701e8_002WhiteboxTest#test1
<No Strat> Status: Ko
introclassJava.syllables_fcf701e8_002WhiteboxTest#test8
<No Strat> Status: Ko
introclassJava.syllables_fcf701e8_002WhiteboxTest#test3
<No Strat> Status: Ko
introclassJava.syllables_fcf701e8_002WhiteboxTest#test4
<No Strat> Status: Ko
introclassJava.syllables_fcf701e8_002WhiteboxTest#test5
<No Strat> Status: Ko
introclassJava.syllables_fcf701e8_002WhiteboxTest#test6
<No Strat> Status: Ko
introclassJava.syllables_fcf701e8_002WhiteboxTest#test10
<No Strat> Status: Ko
introclassJava.syllables_fcf701e8_002BlackboxTest#test2
<No Strat> Status: Ko
introclassJava.syllables_fcf701e8_002BlackboxTest#test1
<No Strat> Status: Ko
introclassJava.syllables_fcf701e8_002BlackboxTest#test3
<No Strat> Status: Ko
introclassJava.syllables_fcf701e8_002BlackboxTest#test5
<No Strat> Status: Ko
introclassJava.syllables_fcf701e8_002BlackboxTest#test6
<No Strat> Status: Ko
introclassJava.syllables_fcf701e8_002WhiteboxTest#test2
<No Strat> Status: Ko
introclassJava.syllables_fcf701e8_002WhiteboxTest#test9
<No Strat> Status: Ko
introclassJava.syllables_fcf701e8_002WhiteboxTest#test7
<No Strat> Status: Ko
introclassJava.syllables_fcf701e8_002WhiteboxTest#test1
<No Strat> Status: Ko
introclassJava.syllables_fcf701e8_002WhiteboxTest#test8
<No Strat> Status: Ko
introclassJava.syllables_fcf701e8_002WhiteboxTest#test3
<No Strat> Status: Ko
introclassJava.syllables_fcf701e8_002WhiteboxTest#test4
<No Strat> Status: Ko
introclassJava.syllables_fcf701e8_002WhiteboxTest#test5
<No Strat> Status: Ko
introclassJava.syllables_fcf701e8_002WhiteboxTest#test6
<No Strat> Status: Ko
introclassJava.syllables_fcf701e8_002WhiteboxTest#test10
<No Strat> Status: Ko
introclassJava.syllables_fcf701e8_002BlackboxTest#test2
<No Strat> Status: Ko
introclassJava.syllables_fcf701e8_002BlackboxTest#test1
<No Strat> Status: Ko
introclassJava.syllables_fcf701e8_002BlackboxTest#test3
<No Strat> Status: Ko
introclassJava.syllables_fcf701e8_002BlackboxTest#test5
<No Strat> Status: Ko
introclassJava.syllables_fcf701e8_002BlackboxTest#test6
<No Strat> Status: Ko
introclassJava.syllables_fcf701e8_002WhiteboxTest#test2
<No Strat> Status: Ko
introclassJava.syllables_fcf701e8_002WhiteboxTest#test9
<No Strat> Status: Ko
introclassJava.syllables_fcf701e8_002WhiteboxTest#test7
<No Strat> Status: Ko
introclassJava.syllables_fcf701e8_002WhiteboxTest#test1
<No Strat> Status: Ko
introclassJava.syllables_fcf701e8_002WhiteboxTest#test8
<No Strat> Status: Ko
introclassJava.syllables_fcf701e8_002WhiteboxTest#test3
<No Strat> Status: Ko
introclassJava.syllables_fcf701e8_002WhiteboxTest#test4
<No Strat> Status: Ko
introclassJava.syllables_fcf701e8_002WhiteboxTest#test5
<No Strat> Status: Ko
introclassJava.syllables_fcf701e8_002WhiteboxTest#test6
<No Strat> Status: Ko
introclassJava.syllables_fcf701e8_002WhiteboxTest#test10
<No Strat> Status: Ko
introclassJava.syllables_fcf701e8_002BlackboxTest#test2
<No Strat> Status: Ko
introclassJava.syllables_fcf701e8_002BlackboxTest#test1
<No Strat> Status: Ko
introclassJava.syllables_fcf701e8_002BlackboxTest#test3
<No Strat> Status: Ko
introclassJava.syllables_fcf701e8_002BlackboxTest#test5
<No Strat> Status: Ko
introclassJava.syllables_fcf701e8_002BlackboxTest#test6
<No Strat> Status: Ko
introclassJava.syllables_fcf701e8_002WhiteboxTest#test2
<No Strat> Status: Ko
introclassJava.syllables_fcf701e8_002WhiteboxTest#test9
<No Strat> Status: Ko
introclassJava.syllables_fcf701e8_002WhiteboxTest#test7
<No Strat> Status: Ko
introclassJava.syllables_fcf701e8_002WhiteboxTest#test1
<No Strat> Status: Ko
introclassJava.syllables_fcf701e8_002WhiteboxTest#test8
<No Strat> Status: Ko
introclassJava.syllables_fcf701e8_002WhiteboxTest#test3
<No Strat> Status: Ko
introclassJava.syllables_fcf701e8_002WhiteboxTest#test4
<No Strat> Status: Ko
introclassJava.syllables_fcf701e8_002WhiteboxTest#test5
<No Strat> Status: Ko
introclassJava.syllables_fcf701e8_002WhiteboxTest#test6
<No Strat> Status: Ko
introclassJava.syllables_fcf701e8_002WhiteboxTest#test10
<No Strat> Status: Ko
4.67user 0.20system 0:02.79elapsed 174%CPU (0avgtext+0avgdata 219496maxresident)k
20872inputs+216outputs (1major+56717minor)pagefaults 0swaps


Node: graphene-131.nancy.grid5000.fr



Date: Thu Dec  6 04:10:59 EST 2018

