cd /tmp/NPEFix_IntroClassJava_grade_b6fd408d589fd1cce4003e2cf601a028e3c01042c8a274ddc384a1524cab2014154932e9cb48312af6af394ee6bee85603cab8dad3c9617a49b9d14dc482b578_000;
export JAVA_TOOL_OPTIONS="-Dfile.encoding=UTF8 -Duser.language=en-US -Duser.country=US -Duser.language=en";
TZ="America/New_York"; export TZ;
export PATH="/usr/lib/jvm/java-1.8.0-openjdk-amd64/bin/:$PATH";
export JAVA_HOME="/usr/lib/jvm/java-1.8.0-openjdk-amd64/bin/";
time java -Xmx4g -Xms1g -cp /home/tdurieux/defects4j4repair/script/../repair_tools/npefix.jar fr.inria.spirals.npefix.main.run.Main \
    --test introclassJava.grade_b6fd408d_000BlackboxTest:introclassJava.grade_b6fd408d_000WhiteboxTest \
    --iteration 100 \
	--complianceLevel 7 \
	--workingdirectory . \
	--source src/main/java \
	--classpath target/classes:target/test-classes:/home/tdurieux/.m2/repository/junit/junit/4.11/junit-4.11.jar:/home/tdurieux/.m2/repository/org/hamcrest/hamcrest-core/1.3/hamcrest-core-1.3.jar;
	echo "\n\nNode: `hostname`\n";
	echo "\n\nDate: `date`\n";
Picked up JAVA_TOOL_OPTIONS: -Dfile.encoding=UTF8 -Duser.language=en-US -Duser.country=US -Duser.language=en
TernarySplitter  in 3ms
CheckNotNull  in 2ms
ForceNullInit in 27ms
AddImplicitCastChecker --> 0 in 5ms
BeforeDeref --> 31 (failed:0) in 20ms
target--> 31 (failed:0) in 67ms
TryRegister # Try: 0 in 3ms
Assign --> 20 (failed: 0) in 58ms
VarInit --> 7 in 4ms
MethodEncapsulation # Method: 2 in 47ms
ConstructorEncapsulation # Constructor: 10 in 11ms
VariableFor in 2ms
RMI Selector (Host: 127.0.0.1, Port: 10000): KO
introclassJava.grade_b6fd408d_000WhiteboxTest#test1
<No Strat> Status: Ok
introclassJava.grade_b6fd408d_000WhiteboxTest#test7
<No Strat> Status: Ok
introclassJava.grade_b6fd408d_000WhiteboxTest#test8
<No Strat> Status: Ok
introclassJava.grade_b6fd408d_000WhiteboxTest#test9
<No Strat> Status: Ko
introclassJava.grade_b6fd408d_000WhiteboxTest#test2
<No Strat> Status: Ok
introclassJava.grade_b6fd408d_000WhiteboxTest#test3
<No Strat> Status: Ok
introclassJava.grade_b6fd408d_000WhiteboxTest#test4
<No Strat> Status: Ok
introclassJava.grade_b6fd408d_000WhiteboxTest#test5
<No Strat> Status: Ok
introclassJava.grade_b6fd408d_000WhiteboxTest#test6
<No Strat> Status: Ok
introclassJava.grade_b6fd408d_000BlackboxTest#test1
<No Strat> Status: Ok
introclassJava.grade_b6fd408d_000BlackboxTest#test7
<No Strat> Status: Ok
introclassJava.grade_b6fd408d_000BlackboxTest#test8
<No Strat> Status: Ok
introclassJava.grade_b6fd408d_000BlackboxTest#test9
<No Strat> Status: Ko
introclassJava.grade_b6fd408d_000BlackboxTest#test2
<No Strat> Status: Ok
introclassJava.grade_b6fd408d_000BlackboxTest#test3
<No Strat> Status: Ok
introclassJava.grade_b6fd408d_000BlackboxTest#test4
<No Strat> Status: Ok
introclassJava.grade_b6fd408d_000BlackboxTest#test5
<No Strat> Status: Ok
introclassJava.grade_b6fd408d_000BlackboxTest#test6
<No Strat> Status: Ok
Multirun 18/100 18%
introclassJava.grade_b6fd408d_000WhiteboxTest#test9
<No Strat> Status: Ko
introclassJava.grade_b6fd408d_000BlackboxTest#test9
<No Strat> Status: Ko
introclassJava.grade_b6fd408d_000WhiteboxTest#test9
<No Strat> Status: Ko
introclassJava.grade_b6fd408d_000BlackboxTest#test9
<No Strat> Status: Ko
introclassJava.grade_b6fd408d_000WhiteboxTest#test9
<No Strat> Status: Ko
introclassJava.grade_b6fd408d_000BlackboxTest#test9
<No Strat> Status: Ko
introclassJava.grade_b6fd408d_000WhiteboxTest#test9
<No Strat> Status: Ko
introclassJava.grade_b6fd408d_000BlackboxTest#test9
<No Strat> Status: Ko
introclassJava.grade_b6fd408d_000WhiteboxTest#test9
<No Strat> Status: Ko
introclassJava.grade_b6fd408d_000BlackboxTest#test9
<No Strat> Status: Ko
introclassJava.grade_b6fd408d_000WhiteboxTest#test9
<No Strat> Status: Ko
introclassJava.grade_b6fd408d_000BlackboxTest#test9
<No Strat> Status: Ko
4.85user 0.18system 0:02.74elapsed 183%CPU (0avgtext+0avgdata 215780maxresident)k
21112inputs+208outputs (1major+53993minor)pagefaults 0swaps


Node: graphene-109.nancy.grid5000.fr



Date: Thu Dec  6 04:05:57 EST 2018

