cd /tmp/NPEFix_IntroClassJava_checksum_e23b96b6bab26bd14316cefafcbaa16dd8eafcfb97a7159a7772f3c8bb3e78fb353dea728f6b4df6528286af5f0b85fd134c79886c9c2a352fe80d8204c69111_005;
export JAVA_TOOL_OPTIONS="-Dfile.encoding=UTF8 -Duser.language=en-US -Duser.country=US -Duser.language=en";
TZ="America/New_York"; export TZ;
export PATH="/usr/lib/jvm/java-1.8.0-openjdk-amd64/bin/:$PATH";
export JAVA_HOME="/usr/lib/jvm/java-1.8.0-openjdk-amd64/bin/";
time java -Xmx4g -Xms1g -cp /home/tdurieux/defects4j4repair/script/../repair_tools/npefix.jar fr.inria.spirals.npefix.main.run.Main \
    --test introclassJava.checksum_e23b96b6_005BlackboxTest:introclassJava.checksum_e23b96b6_005WhiteboxTest \
    --iteration 100 \
	--complianceLevel 7 \
	--workingdirectory . \
	--source src/main/java \
	--classpath target/classes:target/test-classes:/home/tdurieux/.m2/repository/junit/junit/4.11/junit-4.11.jar:/home/tdurieux/.m2/repository/org/hamcrest/hamcrest-core/1.3/hamcrest-core-1.3.jar;
	echo "\n\nNode: `hostname`\n";
	echo "\n\nDate: `date`\n";
Picked up JAVA_TOOL_OPTIONS: -Dfile.encoding=UTF8 -Duser.language=en-US -Duser.country=US -Duser.language=en
TernarySplitter  in 3ms
CheckNotNull  in 16ms
ForceNullInit in 17ms
AddImplicitCastChecker --> 0 in 4ms
BeforeDeref --> 17 (failed:0) in 14ms
target--> 19 (failed:0) in 39ms
TryRegister # Try: 1 in 5ms
Assign --> 13 (failed: 0) in 35ms
VarInit --> 3 in 3ms
MethodEncapsulation # Method: 2 in 38ms
ConstructorEncapsulation # Constructor: 10 in 11ms
VariableFor in 2ms
RMI Selector (Host: 127.0.0.1, Port: 10000): KO
introclassJava.checksum_e23b96b6_005WhiteboxTest#test1
	1 Strat1A introclassJava.checksum_e23b96b6_005:67 Used output
Status: Ko
introclassJava.checksum_e23b96b6_005WhiteboxTest#test2
	1 Strat1A introclassJava.checksum_e23b96b6_005:67 Used output
Status: Ko
introclassJava.checksum_e23b96b6_005WhiteboxTest#test10
	1 Strat1A introclassJava.checksum_e23b96b6_005:67 Used output
Status: Ko
introclassJava.checksum_e23b96b6_005WhiteboxTest#test7
	1 Strat1A introclassJava.checksum_e23b96b6_005:67 Used output
Status: Ko
introclassJava.checksum_e23b96b6_005WhiteboxTest#test8
	1 Strat1A introclassJava.checksum_e23b96b6_005:67 Used output
Status: Ko
introclassJava.checksum_e23b96b6_005WhiteboxTest#test9
	1 Strat1A introclassJava.checksum_e23b96b6_005:67 Used output
Status: Ko
introclassJava.checksum_e23b96b6_005WhiteboxTest#test3
	1 Strat1A introclassJava.checksum_e23b96b6_005:67 Used output
Status: Ko
introclassJava.checksum_e23b96b6_005WhiteboxTest#test4
	1 Strat1A introclassJava.checksum_e23b96b6_005:67 Used output
Status: Ko
introclassJava.checksum_e23b96b6_005WhiteboxTest#test5
	1 Strat1A introclassJava.checksum_e23b96b6_005:67 Used output
Status: Ko
introclassJava.checksum_e23b96b6_005WhiteboxTest#test6
	1 Strat1A introclassJava.checksum_e23b96b6_005:67 Used output
Status: Ko
introclassJava.checksum_e23b96b6_005BlackboxTest#test1
	1 Strat1A introclassJava.checksum_e23b96b6_005:67 Used output
Status: Ko
introclassJava.checksum_e23b96b6_005BlackboxTest#test2
	1 Strat1A introclassJava.checksum_e23b96b6_005:67 Used output
Status: Ko
introclassJava.checksum_e23b96b6_005BlackboxTest#test3
	1 Strat1A introclassJava.checksum_e23b96b6_005:67 Used output
Status: Ko
introclassJava.checksum_e23b96b6_005BlackboxTest#test4
	1 Strat1A introclassJava.checksum_e23b96b6_005:67 Used output
Status: Ko
introclassJava.checksum_e23b96b6_005BlackboxTest#test5
	1 Strat1A introclassJava.checksum_e23b96b6_005:67 Used output
Status: Ko
introclassJava.checksum_e23b96b6_005BlackboxTest#test6
	1 Strat1A introclassJava.checksum_e23b96b6_005:67 Used output
Status: Ko
Multirun 16/100 16%
introclassJava.checksum_e23b96b6_005WhiteboxTest#test1
	1 Strat1A introclassJava.checksum_e23b96b6_005:67 Used this.output
Status: Ko
introclassJava.checksum_e23b96b6_005WhiteboxTest#test2
	1 Strat1A introclassJava.checksum_e23b96b6_005:67 Used this.output
Status: Ko
introclassJava.checksum_e23b96b6_005WhiteboxTest#test10
	1 Strat1A introclassJava.checksum_e23b96b6_005:67 Used this.output
Status: Ko
introclassJava.checksum_e23b96b6_005WhiteboxTest#test7
	1 Strat1A introclassJava.checksum_e23b96b6_005:67 Used this.output
Status: Ko
introclassJava.checksum_e23b96b6_005WhiteboxTest#test8
	1 Strat1A introclassJava.checksum_e23b96b6_005:67 Used this.output
Status: Ko
introclassJava.checksum_e23b96b6_005WhiteboxTest#test9
	1 Strat1A introclassJava.checksum_e23b96b6_005:67 Used this.output
Status: Ko
introclassJava.checksum_e23b96b6_005WhiteboxTest#test3
	1 Strat1A introclassJava.checksum_e23b96b6_005:67 Used this.output
Status: Ko
introclassJava.checksum_e23b96b6_005WhiteboxTest#test4
	1 Strat1A introclassJava.checksum_e23b96b6_005:67 Used this.output
Status: Ko
introclassJava.checksum_e23b96b6_005WhiteboxTest#test5
	1 Strat1A introclassJava.checksum_e23b96b6_005:67 Used this.output
Status: Ko
introclassJava.checksum_e23b96b6_005WhiteboxTest#test6
	1 Strat1A introclassJava.checksum_e23b96b6_005:67 Used this.output
Status: Ko
introclassJava.checksum_e23b96b6_005BlackboxTest#test1
	1 Strat1A introclassJava.checksum_e23b96b6_005:67 Used this.output
Status: Ko
introclassJava.checksum_e23b96b6_005BlackboxTest#test2
	1 Strat1A introclassJava.checksum_e23b96b6_005:67 Used this.output
Status: Ko
introclassJava.checksum_e23b96b6_005BlackboxTest#test3
	1 Strat1A introclassJava.checksum_e23b96b6_005:67 Used this.output
Status: Ko
introclassJava.checksum_e23b96b6_005BlackboxTest#test4
	1 Strat1A introclassJava.checksum_e23b96b6_005:67 Used this.output
Status: Ko
introclassJava.checksum_e23b96b6_005BlackboxTest#test5
	1 Strat1A introclassJava.checksum_e23b96b6_005:67 Used this.output
Status: Ko
introclassJava.checksum_e23b96b6_005BlackboxTest#test6
	1 Strat1A introclassJava.checksum_e23b96b6_005:67 Used this.output
Status: Ko
Multirun 32/100 32%
introclassJava.checksum_e23b96b6_005WhiteboxTest#test1
	1 Strat1A introclassJava.checksum_e23b96b6_005:67 Used this.output
Status: Ko
introclassJava.checksum_e23b96b6_005WhiteboxTest#test2
	1 Strat1B introclassJava.checksum_e23b96b6_005:67 Used output
Status: Ko
introclassJava.checksum_e23b96b6_005WhiteboxTest#test10
	1 Strat1B introclassJava.checksum_e23b96b6_005:67 Used output
Status: Ko
introclassJava.checksum_e23b96b6_005WhiteboxTest#test7
	1 Strat1A introclassJava.checksum_e23b96b6_005:67 Used this.output
Status: Ko
introclassJava.checksum_e23b96b6_005WhiteboxTest#test8
	1 Strat1B introclassJava.checksum_e23b96b6_005:67 Used output
Status: Ko
introclassJava.checksum_e23b96b6_005WhiteboxTest#test9
	1 Strat1B introclassJava.checksum_e23b96b6_005:67 Used output
Status: Ko
introclassJava.checksum_e23b96b6_005WhiteboxTest#test3
	1 Strat1B introclassJava.checksum_e23b96b6_005:67 Used output
Status: Ko
introclassJava.checksum_e23b96b6_005WhiteboxTest#test4
	1 Strat1A introclassJava.checksum_e23b96b6_005:67 Used this.output
Status: Ko
introclassJava.checksum_e23b96b6_005WhiteboxTest#test5
	1 Strat1B introclassJava.checksum_e23b96b6_005:67 Used output
Status: Ko
introclassJava.checksum_e23b96b6_005WhiteboxTest#test6
	1 Strat1B introclassJava.checksum_e23b96b6_005:67 Used output
Status: Ko
introclassJava.checksum_e23b96b6_005BlackboxTest#test1
	1 Strat1B introclassJava.checksum_e23b96b6_005:67 Used output
Status: Ko
introclassJava.checksum_e23b96b6_005BlackboxTest#test2
	1 Strat1B introclassJava.checksum_e23b96b6_005:67 Used output
Status: Ko
introclassJava.checksum_e23b96b6_005BlackboxTest#test3
	1 Strat1B introclassJava.checksum_e23b96b6_005:67 Used output
Status: Ko
introclassJava.checksum_e23b96b6_005BlackboxTest#test4
	1 Strat1A introclassJava.checksum_e23b96b6_005:67 Used this.output
Status: Ko
introclassJava.checksum_e23b96b6_005BlackboxTest#test5
	1 Strat1A introclassJava.checksum_e23b96b6_005:67 Used this.output
Status: Ko
introclassJava.checksum_e23b96b6_005BlackboxTest#test6
	1 Strat1B introclassJava.checksum_e23b96b6_005:67 Used output
Status: Ko
Multirun 48/100 48%
introclassJava.checksum_e23b96b6_005WhiteboxTest#test1
	1 Strat1B introclassJava.checksum_e23b96b6_005:67 Used output
Status: Ko
introclassJava.checksum_e23b96b6_005WhiteboxTest#test2
	1 Strat1B introclassJava.checksum_e23b96b6_005:67 Used this.output
Status: Ko
introclassJava.checksum_e23b96b6_005WhiteboxTest#test10
	1 Strat1B introclassJava.checksum_e23b96b6_005:67 Used this.output
Status: Ko
introclassJava.checksum_e23b96b6_005WhiteboxTest#test7
	1 Strat1B introclassJava.checksum_e23b96b6_005:67 Used output
Status: Ko
introclassJava.checksum_e23b96b6_005WhiteboxTest#test8
	1 Strat1B introclassJava.checksum_e23b96b6_005:67 Used this.output
Status: Ko
introclassJava.checksum_e23b96b6_005WhiteboxTest#test9
	1 Strat1B introclassJava.checksum_e23b96b6_005:67 Used this.output
Status: Ko
introclassJava.checksum_e23b96b6_005WhiteboxTest#test3
	1 Strat1B introclassJava.checksum_e23b96b6_005:67 Used this.output
Status: Ko
introclassJava.checksum_e23b96b6_005WhiteboxTest#test4
	1 Strat1B introclassJava.checksum_e23b96b6_005:67 Used output
Status: Ko
introclassJava.checksum_e23b96b6_005WhiteboxTest#test5
	1 Strat1B introclassJava.checksum_e23b96b6_005:67 Used this.output
Status: Ko
introclassJava.checksum_e23b96b6_005WhiteboxTest#test6
	1 Strat1A introclassJava.checksum_e23b96b6_005:67 Used this.output
Status: Ko
introclassJava.checksum_e23b96b6_005BlackboxTest#test1
	1 Strat2A introclassJava.checksum_e23b96b6_005:67 Used java.lang.String()
Status: Ko
introclassJava.checksum_e23b96b6_005BlackboxTest#test2
	1 Strat1B introclassJava.checksum_e23b96b6_005:67 Used this.output
Status: Ko
introclassJava.checksum_e23b96b6_005BlackboxTest#test3
	1 Strat1B introclassJava.checksum_e23b96b6_005:67 Used this.output
Status: Ko
introclassJava.checksum_e23b96b6_005BlackboxTest#test4
	1 Strat1B introclassJava.checksum_e23b96b6_005:67 Used output
Status: Ko
introclassJava.checksum_e23b96b6_005BlackboxTest#test5
	1 Strat1B introclassJava.checksum_e23b96b6_005:67 Used output
Status: Ko
introclassJava.checksum_e23b96b6_005BlackboxTest#test6
	1 Strat1A introclassJava.checksum_e23b96b6_005:67 Used this.output
Status: Ko
Multirun 64/100 64%
introclassJava.checksum_e23b96b6_005WhiteboxTest#test1
	1 Strat1B introclassJava.checksum_e23b96b6_005:67 Used this.output
Status: Ko
introclassJava.checksum_e23b96b6_005WhiteboxTest#test2
	1 Strat2A introclassJava.checksum_e23b96b6_005:67 Used java.lang.String()
Status: Ko
introclassJava.checksum_e23b96b6_005WhiteboxTest#test10
	1 Strat2A introclassJava.checksum_e23b96b6_005:67 Used java.lang.String()
Status: Ko
introclassJava.checksum_e23b96b6_005WhiteboxTest#test7
	1 Strat1B introclassJava.checksum_e23b96b6_005:67 Used this.output
Status: Ko
introclassJava.checksum_e23b96b6_005WhiteboxTest#test8
	1 Strat2A introclassJava.checksum_e23b96b6_005:67 Used java.lang.String()
Status: Ko
introclassJava.checksum_e23b96b6_005WhiteboxTest#test9
	1 Strat2A introclassJava.checksum_e23b96b6_005:67 Used java.lang.String()
Status: Ko
introclassJava.checksum_e23b96b6_005WhiteboxTest#test3
	1 Strat2A introclassJava.checksum_e23b96b6_005:67 Used java.lang.String()
Status: Ko
introclassJava.checksum_e23b96b6_005WhiteboxTest#test4
	1 Strat1B introclassJava.checksum_e23b96b6_005:67 Used this.output
Status: Ko
introclassJava.checksum_e23b96b6_005WhiteboxTest#test5
	1 Strat2A introclassJava.checksum_e23b96b6_005:67 Used java.lang.String()
Status: Ko
introclassJava.checksum_e23b96b6_005WhiteboxTest#test6
	1 Strat1B introclassJava.checksum_e23b96b6_005:67 Used this.output
Status: Ko
introclassJava.checksum_e23b96b6_005BlackboxTest#test1
	1 Strat1B introclassJava.checksum_e23b96b6_005:67 Used this.output
Status: Ko
introclassJava.checksum_e23b96b6_005BlackboxTest#test2
	1 Strat2A introclassJava.checksum_e23b96b6_005:67 Used java.lang.String()
Status: Ko
introclassJava.checksum_e23b96b6_005BlackboxTest#test3
	1 Strat2A introclassJava.checksum_e23b96b6_005:67 Used java.lang.String()
Status: Ko
introclassJava.checksum_e23b96b6_005BlackboxTest#test4
	1 Strat1B introclassJava.checksum_e23b96b6_005:67 Used this.output
Status: Ko
introclassJava.checksum_e23b96b6_005BlackboxTest#test5
	1 Strat1B introclassJava.checksum_e23b96b6_005:67 Used this.output
Status: Ko
introclassJava.checksum_e23b96b6_005BlackboxTest#test6
	1 Strat1B introclassJava.checksum_e23b96b6_005:67 Used this.output
Status: Ko
Multirun 80/100 80%
introclassJava.checksum_e23b96b6_005WhiteboxTest#test1
	1 Strat2A introclassJava.checksum_e23b96b6_005:67 Used java.lang.String()
Status: Ko
introclassJava.checksum_e23b96b6_005WhiteboxTest#test2
	1 Strat2B introclassJava.checksum_e23b96b6_005:67 Used java.lang.String()
Status: Ko
introclassJava.checksum_e23b96b6_005WhiteboxTest#test10
	1 Strat2B introclassJava.checksum_e23b96b6_005:67 Used java.lang.String()
Status: Ko
introclassJava.checksum_e23b96b6_005WhiteboxTest#test7
	1 Strat2A introclassJava.checksum_e23b96b6_005:67 Used java.lang.String()
Status: Ko
introclassJava.checksum_e23b96b6_005WhiteboxTest#test8
	1 Strat2B introclassJava.checksum_e23b96b6_005:67 Used java.lang.String()
Status: Ko
introclassJava.checksum_e23b96b6_005WhiteboxTest#test9
	1 Strat2B introclassJava.checksum_e23b96b6_005:67 Used java.lang.String()
Status: Ko
introclassJava.checksum_e23b96b6_005WhiteboxTest#test3
	1 Strat2B introclassJava.checksum_e23b96b6_005:67 Used java.lang.String()
Status: Ko
introclassJava.checksum_e23b96b6_005WhiteboxTest#test4
	1 Strat2A introclassJava.checksum_e23b96b6_005:67 Used java.lang.String()
Status: Ko
introclassJava.checksum_e23b96b6_005WhiteboxTest#test5
	1 Strat2B introclassJava.checksum_e23b96b6_005:67 Used java.lang.String()
Status: Ko
introclassJava.checksum_e23b96b6_005WhiteboxTest#test6
	1 Strat1A introclassJava.checksum_e23b96b6_005:67 Used this.output
Status: Ko
introclassJava.checksum_e23b96b6_005BlackboxTest#test1
	1 Strat2B introclassJava.checksum_e23b96b6_005:67 Used java.lang.String()
Status: Ko
introclassJava.checksum_e23b96b6_005BlackboxTest#test2
	1 Strat2B introclassJava.checksum_e23b96b6_005:67 Used java.lang.String()
Status: Ko
introclassJava.checksum_e23b96b6_005BlackboxTest#test3
	1 Strat2B introclassJava.checksum_e23b96b6_005:67 Used java.lang.String()
Status: Ko
introclassJava.checksum_e23b96b6_005BlackboxTest#test4
	1 Strat2A introclassJava.checksum_e23b96b6_005:67 Used java.lang.String()
Status: Ko
introclassJava.checksum_e23b96b6_005BlackboxTest#test5
	1 Strat2A introclassJava.checksum_e23b96b6_005:67 Used java.lang.String()
Status: Ko
introclassJava.checksum_e23b96b6_005BlackboxTest#test6
	1 Strat1A introclassJava.checksum_e23b96b6_005:67 Used this.output
Status: Ko
Multirun 96/100 96%
introclassJava.checksum_e23b96b6_005WhiteboxTest#test1
	1 Strat2B introclassJava.checksum_e23b96b6_005:67 Used java.lang.String()
Status: Ko
introclassJava.checksum_e23b96b6_005WhiteboxTest#test2
	1 Strat3 introclassJava.checksum_e23b96b6_005:67 Used false
Status: Ko
introclassJava.checksum_e23b96b6_005WhiteboxTest#test10
	1 Strat3 introclassJava.checksum_e23b96b6_005:67 Used false
Status: Ko
introclassJava.checksum_e23b96b6_005WhiteboxTest#test7
	1 Strat2B introclassJava.checksum_e23b96b6_005:67 Used java.lang.String()
Status: Ko
introclassJava.checksum_e23b96b6_005WhiteboxTest#test8
	1 Strat3 introclassJava.checksum_e23b96b6_005:67 Used false
Status: Ko
introclassJava.checksum_e23b96b6_005WhiteboxTest#test9
	1 Strat3 introclassJava.checksum_e23b96b6_005:67 Used false
Status: Ko
introclassJava.checksum_e23b96b6_005WhiteboxTest#test3
	1 Strat3 introclassJava.checksum_e23b96b6_005:67 Used false
Status: Ko
introclassJava.checksum_e23b96b6_005WhiteboxTest#test4
	1 Strat2B introclassJava.checksum_e23b96b6_005:67 Used java.lang.String()
Status: Ko
introclassJava.checksum_e23b96b6_005WhiteboxTest#test5
	1 Strat3 introclassJava.checksum_e23b96b6_005:67 Used false
Status: Ko
introclassJava.checksum_e23b96b6_005WhiteboxTest#test6
	1 Strat2A introclassJava.checksum_e23b96b6_005:67 Used java.lang.String()
Status: Ko
introclassJava.checksum_e23b96b6_005BlackboxTest#test1
	1 Strat3 introclassJava.checksum_e23b96b6_005:67 Used false
Status: Ko
introclassJava.checksum_e23b96b6_005BlackboxTest#test2
	1 Strat3 introclassJava.checksum_e23b96b6_005:67 Used false
Status: Ko
introclassJava.checksum_e23b96b6_005BlackboxTest#test3
	1 Strat3 introclassJava.checksum_e23b96b6_005:67 Used false
Status: Ko
introclassJava.checksum_e23b96b6_005BlackboxTest#test4
	1 Strat2B introclassJava.checksum_e23b96b6_005:67 Used java.lang.String()
Status: Ko
introclassJava.checksum_e23b96b6_005BlackboxTest#test5
	1 Strat2B introclassJava.checksum_e23b96b6_005:67 Used java.lang.String()
Status: Ko
introclassJava.checksum_e23b96b6_005BlackboxTest#test6
	1 Strat2A introclassJava.checksum_e23b96b6_005:67 Used java.lang.String()
Status: Ko
Multirun 100/100 100%
34.80user 0.32system 0:28.07elapsed 125%CPU (0avgtext+0avgdata 408900maxresident)k
21472inputs+688outputs (1major+112362minor)pagefaults 0swaps


Node: graphene-99.nancy.grid5000.fr



Date: Thu Dec  6 03:42:29 EST 2018

