cd /tmp/NPEFix_Bug_dot_jar_Accumulo_692efde2;
export JAVA_TOOL_OPTIONS="-Dfile.encoding=UTF8 -Duser.language=en-US -Duser.country=US -Duser.language=en";
TZ="America/New_York"; export TZ;
export PATH="/usr/lib/jvm/java-1.8.0-openjdk-amd64/bin/:$PATH";
export JAVA_HOME="/usr/lib/jvm/java-1.8.0-openjdk-amd64/bin/";
time java -Xmx4048m -cp /home/tdurieux/defects4j4repair/script/../repair_tools/npefix.jar fr.inria.spirals.npefix.main.run.Main \
    --test org.apache.accumulo.core.iterators.system.VisibilityFilterTest \
    --iteration 100 \
	--complianceLevel 7 \
	--workingdirectory . \
	--source core/src/main/java \
	--classpath core/target/classes:core/target/test-classes:/tmp/NPEFix_Bug_dot_jar_Accumulo_692efde2/trace/target/classes:/tmp/NPEFix_Bug_dot_jar_Accumulo_692efde2/start/target/classes:/tmp/NPEFix_Bug_dot_jar_Accumulo_692efde2/fate/target/classes:/tmp/NPEFix_Bug_dot_jar_Accumulo_692efde2/server/target/classes:/tmp/NPEFix_Bug_dot_jar_Accumulo_692efde2/examples/simple/target/classes:/tmp/NPEFix_Bug_dot_jar_Accumulo_692efde2/test/target/classes:/tmp/NPEFix_Bug_dot_jar_Accumulo_692efde2/examples/instamo/target/classes:/home/tdurieux/.m2/repository/net/java/dev/jets3t/jets3t/0.7.1/jets3t-0.7.1.jar:/home/tdurieux/.m2/repository/net/sf/kosmosfs/kfs/0.3/kfs-0.3.jar:/home/tdurieux/.m2/repository/xmlenc/xmlenc/0.52/xmlenc-0.52.jar:/home/tdurieux/.m2/repository/org/mortbay/jetty/servlet-api-2.5/6.1.14/servlet-api-2.5-6.1.14.jar:/home/tdurieux/.m2/repository/org/powermock/powermock-module-junit4-common/1.4.12/powermock-module-junit4-common-1.4.12.jar:/home/tdurieux/.m2/repository/org/apache/accumulo/examples-simple/1.5.0-SNAPSHOT/examples-simple-1.5.0-SNAPSHOT.jar:/home/tdurieux/.m2/repository/org/mortbay/jetty/jetty-util/6.1.26/jetty-util-6.1.26.jar:/home/tdurieux/.m2/repository/hsqldb/hsqldb/1.8.0.10/hsqldb-1.8.0.10.jar:/home/tdurieux/.m2/repository/org/apache/accumulo/cloudtrace/1.5.0-SNAPSHOT/cloudtrace-1.5.0-SNAPSHOT.jar:/home/tdurieux/.m2/repository/org/powermock/powermock-reflect/1.4.12/powermock-reflect-1.4.12.jar:/home/tdurieux/.m2/repository/regexp/regexp/1.3/regexp-1.3.jar:/home/tdurieux/.m2/repository/commons-configuration/commons-configuration/1.5/commons-configuration-1.5.jar:/home/tdurieux/.m2/repository/org/apache/commons/commons-vfs2/2.0/commons-vfs2-2.0.jar:/home/tdurieux/.m2/repository/tomcat/jasper-compiler/5.5.12/jasper-compiler-5.5.12.jar:/home/tdurieux/.m2/repository/com/google/code/gson/gson/2.2.2/gson-2.2.2.jar:/home/tdurieux/.m2/repository/commons-collections/commons-collections/3.2/commons-collections-3.2.jar:/home/tdurieux/.m2/repository/jline/jline/0.9.94/jline-0.9.94.jar:/home/tdurieux/.m2/repository/javax/ws/rs/jsr311-api/1.0/jsr311-api-1.0.jar:/home/tdurieux/.m2/repository/org/apache/ftpserver/ftpserver-deprecated/1.0.0-M2/ftpserver-deprecated-1.0.0-M2.jar:/home/tdurieux/.m2/repository/org/apache/accumulo/accumulo-core/1.5.0-SNAPSHOT/accumulo-core-1.5.0-SNAPSHOT.jar:/home/tdurieux/.m2/repository/commons-el/commons-el/1.0/commons-el-1.0.jar:/home/tdurieux/.m2/repository/commons-logging/commons-logging-api/1.0.4/commons-logging-api-1.0.4.jar:/home/tdurieux/.m2/repository/org/slf4j/slf4j-nop/1.7.2/slf4j-nop-1.7.2.jar:/home/tdurieux/.m2/repository/com/beust/jcommander/1.30/jcommander-1.30.jar:/home/tdurieux/.m2/repository/commons-logging/commons-logging-api/1.1/commons-logging-api-1.1.jar:/home/tdurieux/.m2/repository/cglib/cglib-nodep/2.2.2/cglib-nodep-2.2.2.jar:/home/tdurieux/.m2/repository/org/easymock/easymock/3.1/easymock-3.1.jar:/home/tdurieux/.m2/repository/log4j/log4j/1.2.16/log4j-1.2.16.jar:/home/tdurieux/.m2/repository/org/apache/accumulo/accumulo-server/1.5.0-SNAPSHOT/accumulo-server-1.5.0-SNAPSHOT.jar:/home/tdurieux/.m2/repository/org/apache/httpcomponents/httpclient/4.1.3/httpclient-4.1.3.jar:/home/tdurieux/.m2/repository/org/codehaus/jackson/jackson-core-asl/1.0.1/jackson-core-asl-1.0.1.jar:/home/tdurieux/.m2/repository/org/apache/accumulo/accumulo-test/1.5.0-SNAPSHOT/accumulo-test-1.5.0-SNAPSHOT.jar:/home/tdurieux/.m2/repository/commons-httpclient/commons-httpclient/3.0.1/commons-httpclient-3.0.1.jar:/home/tdurieux/.m2/repository/tomcat/jasper-runtime/5.5.12/jasper-runtime-5.5.12.jar:/home/tdurieux/.m2/repository/org/apache/commons/commons-jci-fam/1.0/commons-jci-fam-1.0.jar:/home/tdurieux/.m2/repository/org/apache/maven/scm/maven-scm-api/1.4/maven-scm-api-1.4.jar:/home/tdurieux/.m2/repository/org/codehaus/jackson/jackson-mapper-asl/1.0.1/jackson-mapper-asl-1.0.1.jar:/home/tdurieux/.m2/repository/org/eclipse/jdt/core/3.1.1/core-3.1.1.jar:/home/tdurieux/.m2/repository/org/apache/hadoop/hadoop-test/1.0.4/hadoop-test-1.0.4.jar:/home/tdurieux/.m2/repository/javax/servlet/servlet-api/2.4/servlet-api-2.4.jar:/home/tdurieux/.m2/repository/commons-io/commons-io/1.4/commons-io-1.4.jar:/home/tdurieux/.m2/repository/org/objenesis/objenesis/1.2/objenesis-1.2.jar:/home/tdurieux/.m2/repository/org/apache/accumulo/accumulo-start/1.5.0-SNAPSHOT/accumulo-start-1.5.0-SNAPSHOT.jar:/home/tdurieux/.m2/repository/ant/ant/1.6.5/ant-1.6.5.jar:/home/tdurieux/.m2/repository/org/slf4j/slf4j-api/1.4.3/slf4j-api-1.4.3.jar:/home/tdurieux/.m2/repository/org/apache/zookeeper/zookeeper/3.3.1/zookeeper-3.3.1.jar:/home/tdurieux/.m2/repository/commons-cli/commons-cli/1.2/commons-cli-1.2.jar:/home/tdurieux/.m2/repository/org/apache/accumulo/accumulo-fate/1.5.0-SNAPSHOT/accumulo-fate-1.5.0-SNAPSHOT.jar:/home/tdurieux/.m2/repository/org/apache/thrift/libthrift/0.9.0/libthrift-0.9.0.jar:/home/tdurieux/.m2/repository/commons-io/commons-io/2.4/commons-io-2.4.jar:/home/tdurieux/.m2/repository/org/mortbay/jetty/jsp-2.1/6.1.14/jsp-2.1-6.1.14.jar:/home/tdurieux/.m2/repository/org/mortbay/jetty/jetty/6.1.26/jetty-6.1.26.jar:/home/tdurieux/.m2/repository/commons-logging/commons-logging/1.0.4/commons-logging-1.0.4.jar:/home/tdurieux/.m2/repository/org/apache/httpcomponents/httpcore/4.1.3/httpcore-4.1.3.jar:/home/tdurieux/.m2/repository/org/mortbay/jetty/jsp-api-2.1/6.1.14/jsp-api-2.1-6.1.14.jar:/home/tdurieux/.m2/repository/org/apache/ftpserver/ftplet-api/1.0.0/ftplet-api-1.0.0.jar:/home/tdurieux/.m2/repository/org/apache/maven/scm/maven-scm-provider-svnexe/1.4/maven-scm-provider-svnexe-1.4.jar:/home/tdurieux/.m2/repository/org/hamcrest/hamcrest-core/1.3/hamcrest-core-1.3.jar:/home/tdurieux/.m2/repository/org/powermock/powermock-api-easymock/1.4.12/powermock-api-easymock-1.4.12.jar:/home/tdurieux/.m2/repository/org/mortbay/jetty/servlet-api/2.5-20081211/servlet-api-2.5-20081211.jar:/home/tdurieux/.m2/repository/org/apache/mina/mina-core/2.0.0-M5/mina-core-2.0.0-M5.jar:/home/tdurieux/.m2/repository/org/powermock/powermock-api-support/1.4.12/powermock-api-support-1.4.12.jar:/home/tdurieux/.m2/repository/org/apache/ftpserver/ftpserver-core/1.0.0/ftpserver-core-1.0.0.jar:/home/tdurieux/.m2/repository/commons-net/commons-net/1.4.1/commons-net-1.4.1.jar:/home/tdurieux/.m2/repository/junit/junit/4.11/junit-4.11.jar:/home/tdurieux/.m2/repository/commons-digester/commons-digester/1.8/commons-digester-1.8.jar:/home/tdurieux/.m2/repository/org/apache/zookeeper/zookeeper/3.3.4/zookeeper-3.3.4.jar:/home/tdurieux/.m2/repository/org/powermock/powermock-core/1.4.12/powermock-core-1.4.12.jar:/home/tdurieux/.m2/repository/org/apache/hadoop/hadoop-core/1.0.4/hadoop-core-1.0.4.jar:/home/tdurieux/.m2/repository/org/slf4j/slf4j-log4j12/1.4.3/slf4j-log4j12-1.4.3.jar:/home/tdurieux/.m2/repository/oro/oro/2.0.8/oro-2.0.8.jar:/home/tdurieux/.m2/repository/commons-lang/commons-lang/2.4/commons-lang-2.4.jar:/home/tdurieux/.m2/repository/org/codehaus/plexus/plexus-utils/1.5.6/plexus-utils-1.5.6.jar:/home/tdurieux/.m2/repository/org/javassist/javassist/3.16.1-GA/javassist-3.16.1-GA.jar:/home/tdurieux/.m2/repository/org/powermock/powermock-module-junit4/1.4.12/powermock-module-junit4-1.4.12.jar:/home/tdurieux/.m2/repository/commons-codec/commons-codec/1.3/commons-codec-1.3.jar:/home/tdurieux/.m2/repository/commons-beanutils/commons-beanutils-core/1.7.0/commons-beanutils-core-1.7.0.jar:/home/tdurieux/.m2/repository/org/apache/maven/scm/maven-scm-provider-svn-commons/1.4/maven-scm-provider-svn-commons-1.4.jar:/home/tdurieux/.m2/repository/org/apache/commons/commons-math/2.1/commons-math-2.1.jar:/home/tdurieux/.m2/repository/commons-beanutils/commons-beanutils/1.7.0/commons-beanutils-1.7.0.jar;
	echo "\n\nNode: `hostname`\n";
	echo "\n\nDate: `date`\n";
Picked up JAVA_TOOL_OPTIONS: -Dfile.encoding=UTF8 -Duser.language=en-US -Duser.country=US -Duser.language=en
TernarySplitter  in 1039ms
return (this.extent) != null
return (key) != null
return (this.last) != null
return (this.lastLog) != null
return (this.current) != null
return (this.currentLog) != null
return (this.extent) != null
return (this.major) != null
return (this.minor) != null
return (this.split) != null
return (this.user) != null
return (this.code) != null
return (this.tinfo) != null
return (this.credentials) != null
return (this.tableName) != null
return (this.sec) != null
return (this.tope) != null
return (this.tinfo) != null
return (this.credentials) != null
return (this.tableName) != null
return (this.startRow) != null
return (this.endRow) != null
return (this.sec) != null
return (this.tope) != null
return (this.tinfo) != null
return (this.credentials) != null
return (this.tableName) != null
return (this.property) != null
return (this.value) != null
return (this.sec) != null
return (this.tope) != null
return (this.tinfo) != null
return (this.credentials) != null
return (this.tableName) != null
return (this.property) != null
return (this.sec) != null
return (this.tope) != null
return (this.tinfo) != null
return (this.credentials) != null
return (this.state) != null
return (this.sec) != null
return (this.tinfo) != null
return (this.credentials) != null
return (this.sec) != null
return (this.tinfo) != null
return (this.credentials) != null
return (this.tabletServer) != null
return (this.sec) != null
return (this.tinfo) != null
return (this.credentials) != null
return (this.property) != null
return (this.value) != null
return (this.sec) != null
return (this.tinfo) != null
return (this.credentials) != null
return (this.property) != null
return (this.sec) != null
return (this.tinfo) != null
return (this.credentials) != null
return (this.success) != null
return (this.sec) != null
return (this.tinfo) != null
return (this.credentials) != null
return (this.serverName) != null
return (this.split) != null
return (this.tinfo) != null
return (this.credentials) != null
return (this.serverName) != null
return (this.status) != null
return (this.tablet) != null
return (this.tinfo) != null
return (this.credentials) != null
return (this.sec) != null
return (this.tinfo) != null
return (this.credentials) != null
return (this.op) != null
return (this.arguments) != null
return (this.options) != null
return (this.sec) != null
return (this.tope) != null
return (this.tinfo) != null
return (this.credentials) != null
return (this.success) != null
return (this.sec) != null
return (this.tope) != null
return (this.tinfo) != null
return (this.credentials) != null
return (this.sec) != null
out.writeBoolean(((firstKey) != null))
out.println(("\tColumn families      : " + ((isDefaultLG) && ((columnFamilies) == null) ? "<UNKNOWN>" : columnFamilies.keySet())))
hasTop = ((rk) != null) && (!(range.afterEndKey(rk.getKey())))
startKey = new Key(TextUtil.getBytes(startRow), cf, (cq == null ? ThriftScanner.EMPTY_BYTES : cq), (cv == null ? ThriftScanner.EMPTY_BYTES : cv), Long.MAX_VALUE)
startKey = new Key(TextUtil.getBytes(startRow), cf, (cq == null ? ThriftScanner.EMPTY_BYTES : cq), (cv == null ? ThriftScanner.EMPTY_BYTES : cv), Long.MAX_VALUE)
return ((topKey) != null) || (super.hasTop())
return (((matches(rowMatcher, ((rowMatcher) == null ? null : key.getRowData()))) || (matches(colfMatcher, ((colfMatcher) == null ? null : key.getColumnFamilyData())))) || (matches(colqMatcher, ((colqMatcher) == null ? null : key.getColumnQualifierData())))) || (matches(valueMatcher, value.get(), 0, value.get().length))
return (((matches(rowMatcher, ((rowMatcher) == null ? null : key.getRowData()))) || (matches(colfMatcher, ((colfMatcher) == null ? null : key.getColumnFamilyData())))) || (matches(colqMatcher, ((colqMatcher) == null ? null : key.getColumnQualifierData())))) || (matches(valueMatcher, value.get(), 0, value.get().length))
return (((matches(rowMatcher, ((rowMatcher) == null ? null : key.getRowData()))) || (matches(colfMatcher, ((colfMatcher) == null ? null : key.getColumnFamilyData())))) || (matches(colqMatcher, ((colqMatcher) == null ? null : key.getColumnQualifierData())))) || (matches(valueMatcher, value.get(), 0, value.get().length))
return (((matches(rowMatcher, ((rowMatcher) == null ? null : key.getRowData()))) && (matches(colfMatcher, ((colfMatcher) == null ? null : key.getColumnFamilyData())))) && (matches(colqMatcher, ((colqMatcher) == null ? null : key.getColumnQualifierData())))) && (matches(valueMatcher, value.get(), 0, value.get().length))
return (((matches(rowMatcher, ((rowMatcher) == null ? null : key.getRowData()))) && (matches(colfMatcher, ((colfMatcher) == null ? null : key.getColumnFamilyData())))) && (matches(colqMatcher, ((colqMatcher) == null ? null : key.getColumnQualifierData())))) && (matches(valueMatcher, value.get(), 0, value.get().length))
return (((matches(rowMatcher, ((rowMatcher) == null ? null : key.getRowData()))) && (matches(colfMatcher, ((colfMatcher) == null ? null : key.getColumnFamilyData())))) && (matches(colqMatcher, ((colqMatcher) == null ? null : key.getColumnQualifierData())))) && (matches(valueMatcher, value.get(), 0, value.get().length))
return (this.failedExtents) != null
return (this.violationSummaries) != null
return (this.authorizationFailures) != null
message("Merging %d tablets from (%s to %s]", numToMerge, "-inf", (end == null ? "+inf" : end))
message("Merging %d tablets from (%s to %s]", numToMerge, start, (end == null ? "+inf" : end))
return (next) != null
super((((("Table" + ((tableName != null) && (!(tableName.isEmpty())) ? " " + tableName : "")) + ((tableId != null) && (!(tableId.isEmpty())) ? (" (Id=" + tableId) + ")" : "")) + " exists") + ((description != null) && (!(description.isEmpty())) ? (" (" + description) + ")" : "")))
super((((("Table" + ((tableName != null) && (!(tableName.isEmpty())) ? " " + tableName : "")) + ((tableId != null) && (!(tableId.isEmpty())) ? (" (Id=" + tableId) + ")" : "")) + " exists") + ((description != null) && (!(description.isEmpty())) ? (" (" + description) + ")" : "")))
super((((("Table" + ((tableName != null) && (!(tableName.isEmpty())) ? " " + tableName : "")) + ((tableId != null) && (!(tableId.isEmpty())) ? (" (Id=" + tableId) + ")" : "")) + " exists") + ((description != null) && (!(description.isEmpty())) ? (" (" + description) + ")" : "")))
return (this.tableMap) != null
return (this.tServerInfo) != null
return (this.badTServers) != null
return (this.state) != null
return (this.goalState) != null
return (this.serversShuttingDown) != null
return (this.deadTabletServers) != null
return (this.violationSummaries) != null
return (this.tableMap) != null
return (this.name) != null
return (this.logSorts) != null
return (this.server) != null
return (this.status) != null
return (this.results) != null
return (this.failures) != null
return (this.fullScans) != null
return (this.partScan) != null
return (this.partNextKey) != null
return (this.columnFamily) != null
return (this.columnQualifier) != null
return (this.columnVisibility) != null
printConfLine(output, "site", "   @override", (siteVal == null ? "" : siteVal))
printConfLine(output, "site", key, (siteVal == null ? "" : siteVal))
printConfLine(output, "system", "   @override", (sysVal == null ? "" : sysVal))
printConfLine(output, "system", key, (sysVal == null ? "" : sysVal))
more = line != null
delete = (line != null) && ((line.equalsIgnoreCase("y")) || (line.equalsIgnoreCase("yes")))
newKey = new Key(range.getStartKey().getRow(), ((currentTerm.term) == null ? OrIterator.nullText : currentTerm.term))
newKey = new Key(range.getStartKey().getRow(), ((currentTerm.term) == null ? OrIterator.nullText : currentTerm.term), range.getStartKey().getColumnQualifier())
newRange = new Range((newKey == null ? OrIterator.nullKey : newKey), true, range.getEndKey(), false)
newKey = new Key(range.getStartKey().getRow(), ((TS.term) == null ? OrIterator.nullText : TS.term))
newKey = new Key(range.getStartKey().getRow(), ((TS.term) == null ? OrIterator.nullText : TS.term), range.getStartKey().getColumnQualifier())
newRange = new Range((newKey == null ? OrIterator.nullKey : newKey), true, range.getEndKey(), false)
return (currentTerm) != null
opTimer.stop((((("Located tablet " + (tl == null ? null : tl.tablet_extent)) + " at ") + (tl == null ? null : tl.tablet_location)) + " in %DURATION%"))
opTimer.stop((((("Located tablet " + (tl == null ? null : tl.tablet_extent)) + " at ") + (tl == null ? null : tl.tablet_location)) + " in %DURATION%"))
return (((ke.getPrevEndRow()) != null) && ((nke.getEndRow()) != null)) && ((ke.getPrevEndRow().compareTo(nke.getEndRow())) >= 0)
return (((ke.getPrevEndRow()) != null) && ((nke.getEndRow()) != null)) && ((ke.getPrevEndRow().compareTo(nke.getEndRow())) >= 0)
return (top) != null
return (code) + ((command) != null ? (" (" + (command)) + ")" : "")
return (this.table) != null
return (this.endRow) != null
return (this.prevEndRow) != null
return (key) != null
return (top_key) != null
return (this.start) != null
return (this.stop) != null
return (this.row) != null
return (this.colFamily) != null
return (this.colQualifier) != null
return (this.colVisibility) != null
return (this.key) != null
return (this.value) != null
String extClazz = ((Compression.Algorithm.conf.get(Compression.Algorithm.CONF_LZO_CLASS)) == null) ? System.getProperty(Compression.Algorithm.CONF_LZO_CLASS) : null
String clazz = (extClazz != null) ? extClazz : defaultClazz
return (codec) != null
String extClazz = ((Compression.Algorithm.conf.get(Compression.Algorithm.CONF_SNAPPY_CLASS)) == null) ? System.getProperty(Compression.Algorithm.CONF_SNAPPY_CLASS) : null
String clazz = (extClazz != null) ? extClazz : defaultClazz
return (snappyCodec) != null
final String line = String.format("%-26s (%s, %s%s", GetSplitsCommand.obscuredTabletName(extent), (pr == null ? "-inf" : pr), (er == null ? "+inf" : er), (er == null ? ") Default Tablet " : "]"))
final String line = String.format("%-26s (%s, %s%s", GetSplitsCommand.obscuredTabletName(extent), (pr == null ? "-inf" : pr), (er == null ? "+inf" : er), (er == null ? ") Default Tablet " : "]"))
final String line = String.format("%-26s (%s, %s%s", GetSplitsCommand.obscuredTabletName(extent), (pr == null ? "-inf" : pr), (er == null ? "+inf" : er), (er == null ? ") Default Tablet " : "]"))
return (this.minor) != null
return (this.major) != null
return (this.scans) != null
return (this.oldTablet) != null
return (this.newTablets) != null
this((startRow == null ? null : startRowInclusive ? new Key(startRow) : new Key(startRow).followingKey(PartialKey.ROW)), true, (endRow == null ? null : endRowInclusive ? new Key(endRow).followingKey(PartialKey.ROW) : new Key(endRow)), false)
this((startRow == null ? null : startRowInclusive ? new Key(startRow) : new Key(startRow).followingKey(PartialKey.ROW)), true, (endRow == null ? null : endRowInclusive ? new Key(endRow).followingKey(PartialKey.ROW) : new Key(endRow)), false)
this((startRow == null ? null : new Text(startRow.toString())), startRowInclusive, (endRow == null ? null : new Text(endRow.toString())), endRowInclusive)
this((startRow == null ? null : new Text(startRow.toString())), startRowInclusive, (endRow == null ? null : new Text(endRow.toString())), endRowInclusive)
this.infiniteStartKey = startKey == null
this.infiniteStopKey = (stop) == null
this(((trange.start) == null ? null : new Key(trange.start)), ((trange.stop) == null ? null : new Key(trange.stop)), trange.startKeyInclusive, trange.stopKeyInclusive, trange.infiniteStartKey, trange.infiniteStopKey)
this(((trange.start) == null ? null : new Key(trange.start)), ((trange.stop) == null ? null : new Key(trange.stop)), trange.startKeyInclusive, trange.stopKeyInclusive, trange.infiniteStartKey, trange.infiniteStopKey)
return (((((startKeyInclusive) && ((start) != null) ? "[" : "(") + ((start) == null ? "-inf" : start)) + ",") + ((stop) == null ? "+inf" : stop)) + ((stopKeyInclusive) && ((stop) != null) ? "]" : ")")
return (((((startKeyInclusive) && ((start) != null) ? "[" : "(") + ((start) == null ? "-inf" : start)) + ",") + ((stop) == null ? "+inf" : stop)) + ((stopKeyInclusive) && ((stop) != null) ? "]" : ")")
return (((((startKeyInclusive) && ((start) != null) ? "[" : "(") + ((start) == null ? "-inf" : start)) + ",") + ((stop) == null ? "+inf" : stop)) + ((stopKeyInclusive) && ((stop) != null) ? "]" : ")")
return (((((startKeyInclusive) && ((start) != null) ? "[" : "(") + ((start) == null ? "-inf" : start)) + ",") + ((stop) == null ? "+inf" : stop)) + ((stopKeyInclusive) && ((stop) != null) ? "]" : ")")
return new TRange(((start) == null ? null : start.toThrift()), ((stop) == null ? null : stop.toThrift()), startKeyInclusive, stopKeyInclusive, infiniteStartKey, infiniteStopKey)
return new TRange(((start) == null ? null : start.toThrift()), ((stop) == null ? null : stop.toThrift()), startKeyInclusive, stopKeyInclusive, infiniteStartKey, infiniteStopKey)
return new Range(new Key(rowPrefix), true, (fp == null ? null : new Key(fp)), false)
return new Range(new Key(row, cfPrefix), true, (fp == null ? new Key(row).followingKey(PartialKey.ROW) : new Key(row, fp)), false)
return new Range(new Key(row, cf, cqPrefix), true, (fp == null ? new Key(row, cf).followingKey(PartialKey.ROW_COLFAM) : new Key(row, cf, fp)), false)
return new Range(new Key(row, cf, cq, cvPrefix), true, (fp == null ? new Key(row, cf, cq).followingKey(PartialKey.ROW_COLFAM_COLQUAL) : new Key(row, cf, cq, fp)), false)
return ((iter) != null) && (iter.hasTop())
return (this.why) != null
return (this.results) != null
return (topKey) != null
return (key) != null
return ((aggrKey) != null) || (iterator.hasTop())
List<ByteBuffer> args = Arrays.asList(ByteBuffer.wrap(tableName.getBytes()), (start == null ? EMPTY : TextUtil.getByteBuffer(start)), (end == null ? EMPTY : TextUtil.getByteBuffer(end)))
List<ByteBuffer> args = Arrays.asList(ByteBuffer.wrap(tableName.getBytes()), (start == null ? EMPTY : TextUtil.getByteBuffer(start)), (end == null ? EMPTY : TextUtil.getByteBuffer(end)))
List<ByteBuffer> args = Arrays.asList(ByteBuffer.wrap(tableName.getBytes()), (start == null ? EMPTY : TextUtil.getByteBuffer(start)), (end == null ? EMPTY : TextUtil.getByteBuffer(end)))
List<ByteBuffer> args = Arrays.asList(ByteBuffer.wrap(tableName.getBytes()), (start == null ? EMPTY : TextUtil.getByteBuffer(start)), (end == null ? EMPTY : TextUtil.getByteBuffer(end)))
List<ByteBuffer> args = Arrays.asList(ByteBuffer.wrap(tableId.getBytes()), (start == null ? EMPTY : TextUtil.getByteBuffer(start)), (end == null ? EMPTY : TextUtil.getByteBuffer(end)), ByteBuffer.wrap(IteratorUtil.encodeIteratorSettings(iterators)))
List<ByteBuffer> args = Arrays.asList(ByteBuffer.wrap(tableId.getBytes()), (start == null ? EMPTY : TextUtil.getByteBuffer(start)), (end == null ? EMPTY : TextUtil.getByteBuffer(end)), ByteBuffer.wrap(IteratorUtil.encodeIteratorSettings(iterators)))
return (this.className) != null
return (this.iterName) != null
return (this.iterators) != null
return (this.client) != null
return (this.user) != null
return (this.tableId) != null
return (this.type) != null
return (this.state) != null
return (this.extent) != null
return (this.columns) != null
return (this.ssiList) != null
return (this.ssio) != null
boolean perEqual = (per == (ke.getPrevEndRow())) || (((per != null) && ((ke.getPrevEndRow()) != null)) && ((ke.getPrevEndRow().compareTo(per)) == 0))
boolean perEqual = (per == (ke.getPrevEndRow())) || (((per != null) && ((ke.getPrevEndRow()) != null)) && ((ke.getPrevEndRow().compareTo(per)) == 0))
boolean erEqual = (er == (ke.getEndRow())) || (((er != null) && ((ke.getEndRow()) != null)) && ((ke.getEndRow().compareTo(er)) == 0))
boolean erEqual = (er == (ke.getEndRow())) || (((er != null) && ((ke.getEndRow()) != null)) && ((ke.getEndRow().compareTo(er)) == 0))
return (this.success) != null
return (this.success) != null
return (this.success) != null
return (this.tinfo) != null
return (this.credentials) != null
return (this.tableId) != null
return (this.files) != null
return (this.errorDir) != null
return (this.success) != null
return (this.sec) != null
return (this.tope) != null
return (this.tinfo) != null
return (this.credentials) != null
return (this.sec) != null
return (this.tinfo) != null
return (this.credentials) != null
return (this.user) != null
return (this.password) != null
return (this.sec) != null
return (this.tinfo) != null
return (this.credentials) != null
return (this.success) != null
return (this.sec) != null
return (this.tinfo) != null
return (this.credentials) != null
return (this.user) != null
return (this.password) != null
return (this.authorizations) != null
return (this.sec) != null
return (this.tinfo) != null
return (this.credentials) != null
return (this.user) != null
return (this.sec) != null
return (this.tinfo) != null
return (this.credentials) != null
return (this.user) != null
return (this.password) != null
return (this.sec) != null
return (this.tinfo) != null
return (this.credentials) != null
return (this.user) != null
return (this.authorizations) != null
return (this.sec) != null
return (this.tinfo) != null
return (this.credentials) != null
return (this.user) != null
return (this.success) != null
return (this.sec) != null
return (this.tinfo) != null
return (this.credentials) != null
return (this.user) != null
return (this.sec) != null
return (this.tinfo) != null
return (this.credentials) != null
return (this.user) != null
return (this.tableName) != null
return (this.sec) != null
return (this.tope) != null
return (this.tinfo) != null
return (this.credentials) != null
return (this.user) != null
return (this.sec) != null
return (this.tinfo) != null
return (this.credentials) != null
return (this.user) != null
return (this.sec) != null
return (this.tinfo) != null
return (this.credentials) != null
return (this.user) != null
return (this.tableName) != null
return (this.sec) != null
return (this.tope) != null
return (this.tinfo) != null
return (this.credentials) != null
return (this.user) != null
return (this.tableName) != null
return (this.sec) != null
return (this.tope) != null
return (this.type) != null
return (this.success) != null
return (this.tableName) != null
return (this.success) != null
return (this.tope) != null
return (this.tinfo) != null
return (this.className) != null
return (this.interfaceMatch) != null
return (this.tinfo) != null
return (this.credentials) != null
return (this.success) != null
return (this.sec) != null
logError(((e.getClass().getName()) + (msg != null ? ": " + msg : "")))
Shell.log.debug(((e.getClass().getName()) + (msg != null ? ": " + msg : "")), e)
return new Key(partition, (term == null ? nullText : term))
return new Key(partition, (term == null ? nullText : term), docID)
return (currentPartition) != null
return (this.row) != null
return (this.data) != null
return (this.values) != null
Range range = new Range(metadataPrevRow, ((getPrevEndRow()) == null), getMetadataEntry(), true)
return (((ke.getPrevEndRow()) != null) && ((nke.getEndRow()) != null)) && ((ke.getPrevEndRow().compareTo(nke.getEndRow())) >= 0)
return (((ke.getPrevEndRow()) != null) && ((nke.getEndRow()) != null)) && ((ke.getPrevEndRow().compareTo(nke.getEndRow())) >= 0)
return new TKeyExtent(TextUtil.getByteBuffer(textTableId), ((textEndRow) == null ? null : TextUtil.getByteBuffer(textEndRow)), ((textPrevEndRow) == null ? null : TextUtil.getByteBuffer(textPrevEndRow)))
return new TKeyExtent(TextUtil.getByteBuffer(textTableId), ((textEndRow) == null ? null : TextUtil.getByteBuffer(textEndRow)), ((textPrevEndRow) == null ? null : TextUtil.getByteBuffer(textPrevEndRow)))
return (getPrevEndRow()) == null
return (top) != null
return (this.result) != null
this(reader, (beginKey == null ? reader.begin() : reader.getBlockContainsKey(beginKey, false)), reader.end())
return createScanner((beginKey == null ? null : new ByteArray(beginKey, 0, beginKey.length)), (endKey == null ? null : new ByteArray(endKey, 0, endKey.length)))
return createScanner((beginKey == null ? null : new ByteArray(beginKey, 0, beginKey.length)), (endKey == null ? null : new ByteArray(endKey, 0, endKey.length)))
Range seekRange = new Range((startKey == null ? null : new Key(startKey.getRow())), true, range.getEndKey(), range.isEndKeyInclusive())
return i != null
more = line != null
operate = (line != null) && ((line.equalsIgnoreCase("y")) || (line.equalsIgnoreCase("yes")))
return (this.tinfo) != null
return (this.credentials) != null
return (this.extent) != null
return (this.range) != null
return (this.columns) != null
return (this.ssiList) != null
return (this.ssio) != null
return (this.authorizations) != null
return (this.success) != null
return (this.sec) != null
return (this.nste) != null
return (this.tmfe) != null
return (this.tinfo) != null
return (this.success) != null
return (this.nssi) != null
return (this.nste) != null
return (this.tmfe) != null
return (this.tinfo) != null
return (this.tinfo) != null
return (this.credentials) != null
return (this.batch) != null
return (this.columns) != null
return (this.ssiList) != null
return (this.ssio) != null
return (this.authorizations) != null
return (this.success) != null
return (this.sec) != null
return (this.tinfo) != null
return (this.success) != null
return (this.nssi) != null
return (this.tinfo) != null
return (this.nssi) != null
return (this.tinfo) != null
return (this.credentials) != null
return (this.sec) != null
return (this.tinfo) != null
return (this.keyExtent) != null
return (this.mutations) != null
return (this.tinfo) != null
return (this.success) != null
return (this.nssi) != null
return (this.tinfo) != null
return (this.credentials) != null
return (this.keyExtent) != null
return (this.mutation) != null
return (this.sec) != null
return (this.nste) != null
return (this.cve) != null
return (this.tinfo) != null
return (this.credentials) != null
return (this.files) != null
return (this.success) != null
return (this.sec) != null
return (this.tinfo) != null
return (this.credentials) != null
return (this.extent) != null
return (this.splitPoint) != null
return (this.sec) != null
return (this.nste) != null
return (this.tinfo) != null
return (this.credentials) != null
return (this.lock) != null
return (this.extent) != null
return (this.tinfo) != null
return (this.credentials) != null
return (this.lock) != null
return (this.extent) != null
return (this.tinfo) != null
return (this.credentials) != null
return (this.lock) != null
return (this.tableId) != null
return (this.startRow) != null
return (this.endRow) != null
return (this.tinfo) != null
return (this.credentials) != null
return (this.lock) != null
return (this.extent) != null
return (this.tinfo) != null
return (this.credentials) != null
return (this.lock) != null
return (this.extent) != null
return (this.tinfo) != null
return (this.credentials) != null
return (this.lock) != null
return (this.tableId) != null
return (this.startRow) != null
return (this.endRow) != null
return (this.tinfo) != null
return (this.credentials) != null
return (this.success) != null
return (this.sec) != null
return (this.tinfo) != null
return (this.credentials) != null
return (this.tableId) != null
return (this.success) != null
return (this.sec) != null
return (this.tinfo) != null
return (this.credentials) != null
return (this.success) != null
return (this.sec) != null
return (this.tinfo) != null
return (this.credentials) != null
return (this.lock) != null
return (this.sec) != null
return (this.tinfo) != null
return (this.credentials) != null
return (this.lock) != null
return (this.tinfo) != null
return (this.credentials) != null
return (this.success) != null
return (this.sec) != null
return (this.tinfo) != null
return (this.credentials) != null
return (this.filenames) != null
return (this.name) != null
return (this.iteratorClass) != null
return (this.properties) != null
opTimer.stop((("Found master at " + (loc == null ? null : new String(loc))) + " in %DURATION%"))
opTimer.stop((("Found root tablet at " + (loc == null ? null : new String(loc))) + " in %DURATION%"))
return (entry) != null
return (this.tableId) != null
return (this.tableName) != null
return (this.op) != null
return (this.type) != null
return (this.description) != null
return (this.extent) != null
return (topKey) != null
return (this.constrainClass) != null
return (this.violationDescription) != null
return (currentRow) != null
return (cfset != null) && (cfset.contains(key.getColumnFamilyData()))
super((((("Table" + ((tableName != null) && (!(tableName.isEmpty())) ? " " + tableName : "")) + ((tableId != null) && (!(tableId.isEmpty())) ? (" (Id=" + tableId) + ")" : "")) + " does not exist") + ((description != null) && (!(description.isEmpty())) ? (" (" + description) + ")" : "")))
super((((("Table" + ((tableName != null) && (!(tableName.isEmpty())) ? " " + tableName : "")) + ((tableId != null) && (!(tableId.isEmpty())) ? (" (Id=" + tableId) + ")" : "")) + " does not exist") + ((description != null) && (!(description.isEmpty())) ? (" (" + description) + ")" : "")))
super((((("Table" + ((tableName != null) && (!(tableName.isEmpty())) ? " " + tableName : "")) + ((tableId != null) && (!(tableId.isEmpty())) ? (" (Id=" + tableId) + ")" : "")) + " does not exist") + ((description != null) && (!(description.isEmpty())) ? (" (" + description) + ")" : "")))
return (options == null) || (options.isEmpty())
return (this.user) != null
return (this.password) != null
return (this.instanceId) != null
return (this.result) != null
return (this.name) != null
throw new IllegalArgumentException((((ArgumentChecker.NULL_ARG_MSG) + ":Is null- arg1? ") + (arg1 == null)))
throw new IllegalArgumentException((((((ArgumentChecker.NULL_ARG_MSG) + ":Is null- arg1? ") + (arg1 == null)) + " arg2? ") + (arg2 == null)))
throw new IllegalArgumentException((((((ArgumentChecker.NULL_ARG_MSG) + ":Is null- arg1? ") + (arg1 == null)) + " arg2? ") + (arg2 == null)))
throw new IllegalArgumentException((((((((ArgumentChecker.NULL_ARG_MSG) + ":Is null- arg1? ") + (arg1 == null)) + " arg2? ") + (arg2 == null)) + " arg3? ") + (arg3 == null)))
throw new IllegalArgumentException((((((((ArgumentChecker.NULL_ARG_MSG) + ":Is null- arg1? ") + (arg1 == null)) + " arg2? ") + (arg2 == null)) + " arg3? ") + (arg3 == null)))
throw new IllegalArgumentException((((((((ArgumentChecker.NULL_ARG_MSG) + ":Is null- arg1? ") + (arg1 == null)) + " arg2? ") + (arg2 == null)) + " arg3? ") + (arg3 == null)))
throw new IllegalArgumentException((((((((((ArgumentChecker.NULL_ARG_MSG) + ":Is null- arg1? ") + (arg1 == null)) + " arg2? ") + (arg2 == null)) + " arg3? ") + (arg3 == null)) + " arg4? ") + (arg4 == null)))
throw new IllegalArgumentException((((((((((ArgumentChecker.NULL_ARG_MSG) + ":Is null- arg1? ") + (arg1 == null)) + " arg2? ") + (arg2 == null)) + " arg3? ") + (arg3 == null)) + " arg4? ") + (arg4 == null)))
throw new IllegalArgumentException((((((((((ArgumentChecker.NULL_ARG_MSG) + ":Is null- arg1? ") + (arg1 == null)) + " arg2? ") + (arg2 == null)) + " arg3? ") + (arg3 == null)) + " arg4? ") + (arg4 == null)))
throw new IllegalArgumentException((((((((((ArgumentChecker.NULL_ARG_MSG) + ":Is null- arg1? ") + (arg1 == null)) + " arg2? ") + (arg2 == null)) + " arg3? ") + (arg3 == null)) + " arg4? ") + (arg4 == null)))
boolean gtPrevEndRow = (prevEndRow == null) || ((key.compareRow(prevEndRow)) > 0)
boolean lteEndRow = (endRow == null) || ((key.compareRow(endRow)) <= 0)
numKeys = FileUtil.countIndexEntries(acuConf, prevEndRow, endRow, mapFiles, (tmpDir == null ? useIndex : false), conf, fs, readers)
boolean inRange = ((key.compareRow(prevEndRow)) > 0) && ((endRow == null) || ((key.compareRow(endRow)) < 1))
return ((((new String(((columnFamily) == null ? new byte[0] : columnFamily))) + ":") + (new String(((columnQualifier) == null ? new byte[0] : columnQualifier)))) + ":") + (new String(((columnVisibility) == null ? new byte[0] : columnVisibility)))
return ((((new String(((columnFamily) == null ? new byte[0] : columnFamily))) + ":") + (new String(((columnQualifier) == null ? new byte[0] : columnQualifier)))) + ":") + (new String(((columnVisibility) == null ? new byte[0] : columnVisibility)))
return ((((new String(((columnFamily) == null ? new byte[0] : columnFamily))) + ":") + (new String(((columnQualifier) == null ? new byte[0] : columnQualifier)))) + ":") + (new String(((columnVisibility) == null ? new byte[0] : columnVisibility)))
return new TColumn(((columnFamily) == null ? null : ByteBuffer.wrap(columnFamily)), ((columnQualifier) == null ? null : ByteBuffer.wrap(columnQualifier)), ((columnVisibility) == null ? null : ByteBuffer.wrap(columnVisibility)))
return new TColumn(((columnFamily) == null ? null : ByteBuffer.wrap(columnFamily)), ((columnQualifier) == null ? null : ByteBuffer.wrap(columnQualifier)), ((columnVisibility) == null ? null : ByteBuffer.wrap(columnVisibility)))
return new TColumn(((columnFamily) == null ? null : ByteBuffer.wrap(columnFamily)), ((columnQualifier) == null ? null : ByteBuffer.wrap(columnQualifier)), ((columnVisibility) == null ? null : ByteBuffer.wrap(columnVisibility)))
CheckNotNull  in 70692ms
ForceNullInit in 512ms
AddImplicitCastChecker --> 19 in 1277ms
BeforeDeref --> 30606 (failed:0) in 42946ms
target--> 35583 (failed:0) in 3362639ms
TryRegister # Try: 673 in 1486ms
Assign --> 10548 (failed: 0) in 3082849ms
VarInit --> 4130 in 656251ms
