cd /tmp/Nopol_Bears_SonarOpenCommunity-sonar_cxx/437974912-438070185;
export JAVA_TOOL_OPTIONS=-Dfile.encoding=UTF8;
TZ="America/New_York"; export TZ;
export PATH="/usr/lib/jvm/java-1.8.0-openjdk-amd64/bin/:$PATH";
export JAVA_HOME="/usr/lib/jvm/java-1.8.0-openjdk-amd64/bin/";
time java -Xmx4048m -cp /home/tdurieux/git/defects4j4repair/script/../repair_tools/nopol.jar:/usr/lib/jvm/java-1.8.0-openjdk-amd64/bin//../lib/tools.jar fr.inria.lille.repair.Main \
	--mode repair \
	--type pre_then_cond \
	--oracle angelic \
	--synthesis smt \
	--flocal gzoltar \
	--json \
	--solver z3 \
	--solver-path /home/tdurieux/git/defects4j4repair/script/../libs/z3/build/z3 \
	--complianceLevel 8 \
	--source  \
	--classpath "target/classes:target/test-classes:";
	echo "\n\nNode: `hostname`\n";
	echo "\n\nDate: `date`\n";
/bin/sh: 1: cd: can't cd to /tmp/Nopol_Bears_SonarOpenCommunity-sonar_cxx/437974912-438070185
Picked up JAVA_TOOL_OPTIONS: -Dfile.encoding=UTF8

Error: Unexpected argument: target/classes:target/test-classes:
Error: Parameter 'classpath' is required.

Usage: java -jar nopol.jar
                          [(-m|--mode) <repair|ranking>] (-e|--type) <condition|precondition|pre_then_cond|loop|arithmetic> [(-o|--oracle) <angelic|symbolic>] [(-y|--synthesis) <smt|dynamoth>] [(-l|--solver) <z3|cvc4>] [(-p|--solver-path) <solverPath>] (-s|--source) source1:source2:...:sourceN  (-c|--classpath) <classpath> [(-t|--test) test1:test2:...:testN ] [--complianceLevel <complianceLevel>] [--maxTime <maxTime>] [--maxTimeType <maxTimeType>] [(-z|--flocal) < cocospoon|dumb|gzoltar>] [--output <outputFolder>] [--json[:<outputJson>]]

  [(-m|--mode) <repair|ranking>]
        Define the mode of execution. (default: repair)

  (-e|--type) <condition|precondition|pre_then_cond|loop|arithmetic>
        The repair type (example fixing only conditions, or adding
        precondition). REQUIRED OPTION (default: condition)

  [(-o|--oracle) <angelic|symbolic>]
        Define the oracle (only used with repair mode). (default: angelic)

  [(-y|--synthesis) <smt|dynamoth>]
        Define the patch synthesis. (default: smt)

  [(-l|--solver) <z3|cvc4>]
        Define the solver (only used with smt synthesis). (default: z3)

  [(-p|--solver-path) <solverPath>]
        Define the solver binary path (only used with smt synthesis).

  (-s|--source) source1:source2:...:sourceN 
        Define the path to the source code of the project.

  (-c|--classpath) <classpath>
        Define the classpath of the project.

  [(-t|--test) test1:test2:...:testN ]
        Define the tests of the project (both failing and passing),
        fully-qualified, separated with ':' (even if the classpath contains
        other tests, only those are considered.

  [--complianceLevel <complianceLevel>]
        The compliance level of the project. (default: 7)

  [--maxTime <maxTime>]
        The maximum time execution in minute for the whole execution of
        Nopol.(default: 10)

  [--maxTimeType <maxTimeType>]
        The maximum time execution in minute for one type of patch. (default: 5)

  [(-z|--flocal) < cocospoon|dumb|gzoltar>]
        Define the fault localizer to be used. (default: gzoltar)

  [--output <outputFolder>]
        Define the location where the patches will be saved. (default: .)

  [--json[:<outputJson>]]
        Output a json file in the current working directory.

0.30user 0.04system 0:00.28elapsed 124%CPU (0avgtext+0avgdata 31404maxresident)k
2896inputs+64outputs (1major+3615minor)pagefaults 0swaps


Node: tdurieux



Date: lundi 12 novembre 2018, 05:21:12 (UTC-0500)

