cd /tmp/DynaMoth_IntroClassJava_smallest_88394fc00b7053b386e97564e28ef68421ae09c0baeaf887bba7e254f452419783ed8f774bff3c0c7d23bdc8f6c1443fb47c7af97323d4d3d63cc088d3b6841a_002;
export JAVA_TOOL_OPTIONS="-Dfile.encoding=UTF8 -Duser.language=en-US -Duser.country=US -Duser.language=en";
TZ="America/New_York"; export TZ;
export PATH="/usr/lib/jvm/java-1.8.0-openjdk-amd64/bin/:$PATH";
export JAVA_HOME="/usr/lib/jvm/java-1.8.0-openjdk-amd64/bin/";
time java -Xmx4048m -cp /home/tdurieux/RepairThemAll/script/../repair_tools/nopol.jar:/usr/lib/jvm/java-1.8.0-openjdk-amd64/bin//../lib/tools.jar fr.inria.lille.repair.Main \
	--mode repair \
	--type pre_then_cond \
	--oracle angelic \
	--synthesis dynamoth \
	--flocal gzoltar \
	--json \
	--solver z3 \
	--solver-path /home/tdurieux/RepairThemAll/script/../libs/z3/build/z3 \
	--complianceLevel 7 \
	--source src/main/java \
	--classpath "target/classes:target/test-classes:/home/tdurieux/.m2/repository/junit/junit/4.11/junit-4.11.jar:/home/tdurieux/.m2/repository/org/hamcrest/hamcrest-core/1.3/hamcrest-core-1.3.jar:/home/tdurieux/RepairThemAll/script/../repair_tools/nopol.jar";
	echo "\n\nNode: `hostname`\n";
	echo "\n\nDate: `date`\n";
Picked up JAVA_TOOL_OPTIONS: -Dfile.encoding=UTF8 -Duser.language=en-US -Duser.country=US -Duser.language=en
16:17:54.257 [main] INFO  fr.inria.lille.repair.nopol.NoPol - Source files: [src/main/java]
16:17:54.271 [main] INFO  fr.inria.lille.repair.nopol.NoPol - Classpath: [file:/tmp/DynaMoth_IntroClassJava_smallest_88394fc00b7053b386e97564e28ef68421ae09c0baeaf887bba7e254f452419783ed8f774bff3c0c7d23bdc8f6c1443fb47c7af97323d4d3d63cc088d3b6841a_002/target/classes/, file:/tmp/DynaMoth_IntroClassJava_smallest_88394fc00b7053b386e97564e28ef68421ae09c0baeaf887bba7e254f452419783ed8f774bff3c0c7d23bdc8f6c1443fb47c7af97323d4d3d63cc088d3b6841a_002/target/test-classes/, file:/home/tdurieux/.m2/repository/junit/junit/4.11/junit-4.11.jar, file:/home/tdurieux/.m2/repository/org/hamcrest/hamcrest-core/1.3/hamcrest-core-1.3.jar, file:/home/tdurieux/RepairThemAll/script/../repair_tools/nopol.jar]
16:17:54.271 [main] INFO  fr.inria.lille.repair.nopol.NoPol - Statement type: PRE_THEN_COND
16:17:54.271 [main] INFO  fr.inria.lille.repair.nopol.NoPol - Args: [introclassJava.smallest_88394fc0_002BlackboxTest, introclassJava.smallest_88394fc0_002WhiteboxTest]
16:17:54.273 [main] INFO  fr.inria.lille.repair.nopol.NoPol - Config: Config{synthesisDepth=3, collectStaticMethods=true, collectStaticFields=false, collectLiterals=false, onlyOneSynthesisResult=true, sortExpressions=true, maxLineInvocationPerTest=250, timeoutMethodInvocation=2000, dataCollectionTimeoutInSecondForSynthesis=900, addWeight=0.19478, subWeight=0.04554, mulWeight=0.0102, divWeight=0.00613, andWeight=0.10597, orWeight=0.05708, eqWeight=0.22798, nEqWeight=0.0, lessEqWeight=0.0255, lessWeight=0.0947, methodCallWeight=0.1, fieldAccessWeight=0.08099, constantWeight=0.14232, variableWeight=0.05195, mode=REPAIR, type=PRE_THEN_COND, synthesis=DYNAMOTH, oracle=ANGELIC, solver=Z3, solverPath='/home/tdurieux/RepairThemAll/script/../libs/z3/build/z3', projectSources=[src/main/java], projectClasspath='[Ljava.net.URL;@2ff4f00f', projectTests=[introclassJava.smallest_88394fc0_002BlackboxTest, introclassJava.smallest_88394fc0_002WhiteboxTest], complianceLevel=7, outputFolder=., json=true}
16:17:54.274 [main] INFO  fr.inria.lille.repair.nopol.NoPol - Available processors (cores): 8
16:17:54.280 [main] INFO  fr.inria.lille.repair.nopol.NoPol - Free memory: 467 MB
16:17:54.280 [main] INFO  fr.inria.lille.repair.nopol.NoPol - Maximum memory: 3 GB
16:17:54.281 [main] INFO  fr.inria.lille.repair.nopol.NoPol - Total memory available to JVM: 483 MB
16:17:54.281 [main] INFO  fr.inria.lille.repair.nopol.NoPol - Java version: 1.8.0_181
16:17:54.282 [main] INFO  fr.inria.lille.repair.nopol.NoPol - JAVA_HOME: /usr/lib/jvm/java-1.8.0-openjdk-amd64/bin/
16:17:54.282 [main] INFO  fr.inria.lille.repair.nopol.NoPol - PATH: /usr/lib/jvm/java-1.8.0-openjdk-amd64/bin/:/usr/lib/oar/oardodo:/usr/lib/oar/oardodo:/usr/local/bin:/usr/bin:/bin:/usr/games
16:17:58.234 [pool-2-thread-1] DEBUG fr.inria.lille.repair.nopol.NoPol - statement #1
16:17:58.235 [pool-2-thread-1] DEBUG fr.inria.lille.repair.nopol.NoPol - Analysing SourceLocation introclassJava.smallest_88394fc0_002:77 which is executed by 8 tests
714672345
16:17:58.582 [pool-2-thread-1] DEBUG fr.inria.lille.repair.nopol.NoPol - looking with class fr.inria.lille.repair.nopol.spoon.smt.ConditionalAdder
org.junit.ComparisonFailure: expected:<...rsseparatedbyspaces>[0]isthesmallest> but was:<...rsseparatedbyspaces>[1]isthesmallest>
    at org.junit.Assert.assertEquals(Assert.java:115)
    at org.junit.Assert.assertEquals(Assert.java:144)
    at introclassJava.smallest_88394fc0_002WhiteboxTest.test4(smallest_88394fc0_002WhiteboxTest.java:41)
    at sun.reflect.NativeMethodAccessorImpl.invoke0(Native Method)
    at sun.reflect.NativeMethodAccessorImpl.invoke(NativeMethodAccessorImpl.java:62)
    at sun.reflect.DelegatingMethodAccessorImpl.invoke(DelegatingMethodAccessorImpl.java:43)
org.junit.ComparisonFailure: expected:<...rsseparatedbyspaces>[0]isthesmallest> but was:<...rsseparatedbyspaces>[1]isthesmallest>
    at org.junit.Assert.assertEquals(Assert.java:115)
    at org.junit.Assert.assertEquals(Assert.java:144)
    at introclassJava.smallest_88394fc0_002WhiteboxTest.test8(smallest_88394fc0_002WhiteboxTest.java:77)
    at sun.reflect.NativeMethodAccessorImpl.invoke0(Native Method)
    at sun.reflect.NativeMethodAccessorImpl.invoke(NativeMethodAccessorImpl.java:62)
    at sun.reflect.DelegatingMethodAccessorImpl.invoke(DelegatingMethodAccessorImpl.java:43)
org.junit.ComparisonFailure: expected:<...rsseparatedbyspaces>[0]isthesmallest> but was:<...rsseparatedbyspaces>[1]isthesmallest>
    at org.junit.Assert.assertEquals(Assert.java:115)
    at org.junit.Assert.assertEquals(Assert.java:144)
    at introclassJava.smallest_88394fc0_002WhiteboxTest.test4(smallest_88394fc0_002WhiteboxTest.java:41)
    at sun.reflect.NativeMethodAccessorImpl.invoke0(Native Method)
    at sun.reflect.NativeMethodAccessorImpl.invoke(NativeMethodAccessorImpl.java:62)
    at sun.reflect.DelegatingMethodAccessorImpl.invoke(DelegatingMethodAccessorImpl.java:43)
org.junit.ComparisonFailure: expected:<...rsseparatedbyspaces>[0]isthesmallest> but was:<...rsseparatedbyspaces>[1]isthesmallest>
    at org.junit.Assert.assertEquals(Assert.java:115)
    at org.junit.Assert.assertEquals(Assert.java:144)
    at introclassJava.smallest_88394fc0_002WhiteboxTest.test8(smallest_88394fc0_002WhiteboxTest.java:77)
    at sun.reflect.NativeMethodAccessorImpl.invoke0(Native Method)
    at sun.reflect.NativeMethodAccessorImpl.invoke(NativeMethodAccessorImpl.java:62)
    at sun.reflect.DelegatingMethodAccessorImpl.invoke(DelegatingMethodAccessorImpl.java:43)
16:17:58.652 [pool-4-thread-1] INFO  xxl.java.junit.TestCasesListener - Tests run finished (41 ms)
<> Total tests run: 16
<> Ignored tests: 0
<> Failed tests: 4
~ test4(introclassJava.smallest_88394fc0_002WhiteboxTest)
[expected:<...rsseparatedbyspaces>[0]isthesmallest> but was:<...rsseparatedbyspaces>[1]isthesmallest>]
org.junit.ComparisonFailure: expected:<...rsseparatedbyspaces>[0]isthesmallest> but was:<...rsseparatedbyspaces>[1]isthesmallest>    at org.junit.Assert.assertEquals(Assert.java:115)
    at org.junit.Assert.assertEquals(Assert.java:144)
    at introclassJava.smallest_88394fc0_002WhiteboxTest.test4(smallest_88394fc0_002WhiteboxTest.java:41)
    at sun.reflect.NativeMethodAccessorImpl.invoke0(Native Method)
    at sun.reflect.NativeMethodAccessorImpl.invoke(NativeMethodAccessorImpl.java:62)
    at sun.reflect.DelegatingMethodAccessorImpl.invoke(DelegatingMethodAccessorImpl.java:43)
~ test8(introclassJava.smallest_88394fc0_002WhiteboxTest)
[expected:<...rsseparatedbyspaces>[0]isthesmallest> but was:<...rsseparatedbyspaces>[1]isthesmallest>]
org.junit.ComparisonFailure: expected:<...rsseparatedbyspaces>[0]isthesmallest> but was:<...rsseparatedbyspaces>[1]isthesmallest>    at org.junit.Assert.assertEquals(Assert.java:115)
    at org.junit.Assert.assertEquals(Assert.java:144)
    at introclassJava.smallest_88394fc0_002WhiteboxTest.test8(smallest_88394fc0_002WhiteboxTest.java:77)
    at sun.reflect.NativeMethodAccessorImpl.invoke0(Native Method)
    at sun.reflect.NativeMethodAccessorImpl.invoke(NativeMethodAccessorImpl.java:62)
    at sun.reflect.DelegatingMethodAccessorImpl.invoke(DelegatingMethodAccessorImpl.java:43)
~ test4(introclassJava.smallest_88394fc0_002WhiteboxTest)
[expected:<...rsseparatedbyspaces>[0]isthesmallest> but was:<...rsseparatedbyspaces>[1]isthesmallest>]
org.junit.ComparisonFailure: expected:<...rsseparatedbyspaces>[0]isthesmallest> but was:<...rsseparatedbyspaces>[1]isthesmallest>    at org.junit.Assert.assertEquals(Assert.java:115)
    at org.junit.Assert.assertEquals(Assert.java:144)
    at introclassJava.smallest_88394fc0_002WhiteboxTest.test4(smallest_88394fc0_002WhiteboxTest.java:41)
    at sun.reflect.NativeMethodAccessorImpl.invoke0(Native Method)
    at sun.reflect.NativeMethodAccessorImpl.invoke(NativeMethodAccessorImpl.java:62)
    at sun.reflect.DelegatingMethodAccessorImpl.invoke(DelegatingMethodAccessorImpl.java:43)
~ test8(introclassJava.smallest_88394fc0_002WhiteboxTest)
[expected:<...rsseparatedbyspaces>[0]isthesmallest> but was:<...rsseparatedbyspaces>[1]isthesmallest>]
org.junit.ComparisonFailure: expected:<...rsseparatedbyspaces>[0]isthesmallest> but was:<...rsseparatedbyspaces>[1]isthesmallest>    at org.junit.Assert.assertEquals(Assert.java:115)
    at org.junit.Assert.assertEquals(Assert.java:144)
    at introclassJava.smallest_88394fc0_002WhiteboxTest.test8(smallest_88394fc0_002WhiteboxTest.java:77)
    at sun.reflect.NativeMethodAccessorImpl.invoke0(Native Method)
    at sun.reflect.NativeMethodAccessorImpl.invoke(NativeMethodAccessorImpl.java:62)
    at sun.reflect.DelegatingMethodAccessorImpl.invoke(DelegatingMethodAccessorImpl.java:43)

16:17:59.292 [pool-3-thread-1] DEBUG f.i.l.r.n.s.d.DynamothSynthesizer - Ignore the test introclassJava.smallest_88394fc0_002WhiteboxTest#test3
16:17:59.297 [pool-3-thread-1] DEBUG f.i.l.r.n.s.d.DynamothSynthesizer - Ignore the test introclassJava.smallest_88394fc0_002WhiteboxTest#test7
java -cp /tmp/DynaMoth_IntroClassJava_smallest_88394fc00b7053b386e97564e28ef68421ae09c0baeaf887bba7e254f452419783ed8f774bff3c0c7d23bdc8f6c1443fb47c7af97323d4d3d63cc088d3b6841a_002/target/classes:/tmp/DynaMoth_IntroClassJava_smallest_88394fc00b7053b386e97564e28ef68421ae09c0baeaf887bba7e254f452419783ed8f774bff3c0c7d23bdc8f6c1443fb47c7af97323d4d3d63cc088d3b6841a_002/target/test-classes:/home/tdurieux/.m2/repository/junit/junit/4.11/junit-4.11.jar:/home/tdurieux/.m2/repository/org/hamcrest/hamcrest-core/1.3/hamcrest-core-1.3.jar:/home/tdurieux/RepairThemAll/script/../repair_tools/nopol.jar:/home/tdurieux/RepairThemAll/repair_tools/nopol.jar:/usr/lib/jvm/java-8-openjdk-amd64/lib/tools.jar: fr.inria.lille.repair.MethodTestRunner introclassJava.smallest_88394fc0_002WhiteboxTest#test4 introclassJava.smallest_88394fc0_002BlackboxTest#test7 introclassJava.smallest_88394fc0_002WhiteboxTest#test8 introclassJava.smallest_88394fc0_002BlackboxTest#test2 introclassJava.smallest_88394fc0_002BlackboxTest#test4 introclassJava.smallest_88394fc0_002BlackboxTest#test3 
16:17:59.820 [pool-3-thread-1] DEBUG f.i.l.r.s.DynamothCodeGenesisImpl - ClassPrepareEvent
16:17:59.927 [pool-3-thread-1] DEBUG f.i.l.r.s.c.spoon.ClassCollector - [class] introclassJava.IntObj
16:17:59.931 [pool-3-thread-1] DEBUG f.i.l.r.s.c.spoon.ClassCollector - [class] introclassJava.smallest_88394fc0_002
16:17:59.987 [pool-3-thread-1] DEBUG f.i.l.r.s.c.spoon.ClassCollector - [class] java.lang.String
16:18:00.028 [pool-3-thread-1] DEBUG f.i.l.r.s.c.spoon.ClassCollector - [class] java.util.Scanner
16:18:00.091 [pool-3-thread-1] DEBUG f.i.l.r.s.DynamothCodeGenesisImpl - BreakpointEvent
16:18:00.096 [pool-3-thread-1] INFO  f.i.l.r.s.DynamothCodeGenesisImpl - [test] introclassJava.smallest_88394fc0_002WhiteboxTest#test4 iteration 0
16:18:00.102 [pool-3-thread-1] DEBUG f.i.l.r.s.c.SpoonElementsCollector - [data] smallest=instance of introclassJava.IntObj(id=461)
16:18:00.103 [pool-3-thread-1] DEBUG f.i.l.r.s.c.SpoonElementsCollector - [data] d=instance of introclassJava.IntObj(id=462)
16:18:00.106 [pool-3-thread-1] DEBUG f.i.l.r.s.c.DynamothDataCollector - Collect Level 1
16:18:00.106 [pool-3-thread-1] DEBUG f.i.l.r.s.c.DynamothDataCollector - [data] this=instance of introclassJava.smallest_88394fc0_002(id=459)
16:18:00.106 [pool-3-thread-1] DEBUG f.i.l.r.s.c.DynamothDataCollector - [data] a
16:18:00.107 [pool-3-thread-1] DEBUG f.i.l.r.s.c.DynamothDataCollector - [data] b
16:18:00.107 [pool-3-thread-1] DEBUG f.i.l.r.s.c.DynamothDataCollector - [data] c
16:18:00.108 [pool-3-thread-1] DEBUG f.i.l.r.s.c.DynamothDataCollector - [data] d
16:18:00.108 [pool-3-thread-1] DEBUG f.i.l.r.s.c.DynamothDataCollector - [data] smallest
16:18:00.124 [pool-3-thread-1] DEBUG f.i.l.r.s.c.DynamothDataCollector - [data] this.scanner
16:18:00.125 [pool-3-thread-1] DEBUG f.i.l.r.s.c.DynamothDataCollector - [data] this.output
16:18:00.166 [pool-3-thread-1] DEBUG f.i.l.r.s.DynamothCodeGenesisImpl - BreakpointEvent
16:18:00.168 [pool-3-thread-1] INFO  f.i.l.r.s.DynamothCodeGenesisImpl - [test] introclassJava.smallest_88394fc0_002BlackboxTest#test7 iteration 0
16:18:00.169 [pool-3-thread-1] DEBUG f.i.l.r.s.c.SpoonElementsCollector - [data] smallest=instance of introclassJava.IntObj(id=516)
16:18:00.169 [pool-3-thread-1] DEBUG f.i.l.r.s.c.SpoonElementsCollector - [data] d=instance of introclassJava.IntObj(id=517)
16:18:00.170 [pool-3-thread-1] DEBUG f.i.l.r.s.c.DynamothDataCollector - Collect Level 1
16:18:00.170 [pool-3-thread-1] DEBUG f.i.l.r.s.c.DynamothDataCollector - [data] this=instance of introclassJava.smallest_88394fc0_002(id=514)
16:18:00.171 [pool-3-thread-1] DEBUG f.i.l.r.s.c.DynamothDataCollector - [data] a
16:18:00.171 [pool-3-thread-1] DEBUG f.i.l.r.s.c.DynamothDataCollector - [data] b
16:18:00.171 [pool-3-thread-1] DEBUG f.i.l.r.s.c.DynamothDataCollector - [data] c
16:18:00.172 [pool-3-thread-1] DEBUG f.i.l.r.s.c.DynamothDataCollector - [data] d
16:18:00.172 [pool-3-thread-1] DEBUG f.i.l.r.s.c.DynamothDataCollector - [data] smallest
16:18:00.176 [pool-3-thread-1] DEBUG f.i.l.r.s.c.DynamothDataCollector - [data] this.scanner
16:18:00.177 [pool-3-thread-1] DEBUG f.i.l.r.s.c.DynamothDataCollector - [data] this.output
16:18:00.186 [pool-3-thread-1] DEBUG f.i.l.r.s.DynamothCodeGenesisImpl - BreakpointEvent
16:18:00.187 [pool-3-thread-1] INFO  f.i.l.r.s.DynamothCodeGenesisImpl - [test] introclassJava.smallest_88394fc0_002WhiteboxTest#test8 iteration 0
16:18:00.188 [pool-3-thread-1] DEBUG f.i.l.r.s.c.SpoonElementsCollector - [data] smallest=instance of introclassJava.IntObj(id=526)
16:18:00.188 [pool-3-thread-1] DEBUG f.i.l.r.s.c.SpoonElementsCollector - [data] d=instance of introclassJava.IntObj(id=527)
16:18:00.188 [pool-3-thread-1] DEBUG f.i.l.r.s.c.DynamothDataCollector - Collect Level 1
16:18:00.189 [pool-3-thread-1] DEBUG f.i.l.r.s.c.DynamothDataCollector - [data] this=instance of introclassJava.smallest_88394fc0_002(id=524)
16:18:00.189 [pool-3-thread-1] DEBUG f.i.l.r.s.c.DynamothDataCollector - [data] a
16:18:00.189 [pool-3-thread-1] DEBUG f.i.l.r.s.c.DynamothDataCollector - [data] b
16:18:00.190 [pool-3-thread-1] DEBUG f.i.l.r.s.c.DynamothDataCollector - [data] c
16:18:00.190 [pool-3-thread-1] DEBUG f.i.l.r.s.c.DynamothDataCollector - [data] d
16:18:00.190 [pool-3-thread-1] DEBUG f.i.l.r.s.c.DynamothDataCollector - [data] smallest
16:18:00.194 [pool-3-thread-1] DEBUG f.i.l.r.s.c.DynamothDataCollector - [data] this.scanner
16:18:00.195 [pool-3-thread-1] DEBUG f.i.l.r.s.c.DynamothDataCollector - [data] this.output
16:18:00.203 [pool-3-thread-1] DEBUG f.i.l.r.s.DynamothCodeGenesisImpl - BreakpointEvent
16:18:00.204 [pool-3-thread-1] INFO  f.i.l.r.s.DynamothCodeGenesisImpl - [test] introclassJava.smallest_88394fc0_002BlackboxTest#test2 iteration 0
16:18:00.205 [pool-3-thread-1] DEBUG f.i.l.r.s.c.SpoonElementsCollector - [data] smallest=instance of introclassJava.IntObj(id=536)
16:18:00.206 [pool-3-thread-1] DEBUG f.i.l.r.s.c.SpoonElementsCollector - [data] d=instance of introclassJava.IntObj(id=537)
16:18:00.206 [pool-3-thread-1] DEBUG f.i.l.r.s.c.DynamothDataCollector - Collect Level 1
16:18:00.206 [pool-3-thread-1] DEBUG f.i.l.r.s.c.DynamothDataCollector - [data] this=instance of introclassJava.smallest_88394fc0_002(id=534)
16:18:00.207 [pool-3-thread-1] DEBUG f.i.l.r.s.c.DynamothDataCollector - [data] a
16:18:00.207 [pool-3-thread-1] DEBUG f.i.l.r.s.c.DynamothDataCollector - [data] b
16:18:00.207 [pool-3-thread-1] DEBUG f.i.l.r.s.c.DynamothDataCollector - [data] c
16:18:00.208 [pool-3-thread-1] DEBUG f.i.l.r.s.c.DynamothDataCollector - [data] d
16:18:00.208 [pool-3-thread-1] DEBUG f.i.l.r.s.c.DynamothDataCollector - [data] smallest
16:18:00.212 [pool-3-thread-1] DEBUG f.i.l.r.s.c.DynamothDataCollector - [data] this.scanner
16:18:00.212 [pool-3-thread-1] DEBUG f.i.l.r.s.c.DynamothDataCollector - [data] this.output
16:18:00.220 [pool-3-thread-1] DEBUG f.i.l.r.s.DynamothCodeGenesisImpl - BreakpointEvent
16:18:00.221 [pool-3-thread-1] INFO  f.i.l.r.s.DynamothCodeGenesisImpl - [test] introclassJava.smallest_88394fc0_002BlackboxTest#test4 iteration 0
16:18:00.222 [pool-3-thread-1] DEBUG f.i.l.r.s.c.SpoonElementsCollector - [data] smallest=instance of introclassJava.IntObj(id=546)
16:18:00.223 [pool-3-thread-1] DEBUG f.i.l.r.s.c.SpoonElementsCollector - [data] d=instance of introclassJava.IntObj(id=547)
16:18:00.223 [pool-3-thread-1] DEBUG f.i.l.r.s.c.DynamothDataCollector - Collect Level 1
16:18:00.223 [pool-3-thread-1] DEBUG f.i.l.r.s.c.DynamothDataCollector - [data] this=instance of introclassJava.smallest_88394fc0_002(id=544)
16:18:00.223 [pool-3-thread-1] DEBUG f.i.l.r.s.c.DynamothDataCollector - [data] a
16:18:00.224 [pool-3-thread-1] DEBUG f.i.l.r.s.c.DynamothDataCollector - [data] b
16:18:00.224 [pool-3-thread-1] DEBUG f.i.l.r.s.c.DynamothDataCollector - [data] c
16:18:00.224 [pool-3-thread-1] DEBUG f.i.l.r.s.c.DynamothDataCollector - [data] d
16:18:00.225 [pool-3-thread-1] DEBUG f.i.l.r.s.c.DynamothDataCollector - [data] smallest
16:18:00.228 [pool-3-thread-1] DEBUG f.i.l.r.s.c.DynamothDataCollector - [data] this.scanner
16:18:00.229 [pool-3-thread-1] DEBUG f.i.l.r.s.c.DynamothDataCollector - [data] this.output
16:18:00.237 [pool-3-thread-1] DEBUG f.i.l.r.s.DynamothCodeGenesisImpl - BreakpointEvent
16:18:00.238 [pool-3-thread-1] INFO  f.i.l.r.s.DynamothCodeGenesisImpl - [test] introclassJava.smallest_88394fc0_002BlackboxTest#test3 iteration 0
16:18:00.239 [pool-3-thread-1] DEBUG f.i.l.r.s.c.SpoonElementsCollector - [data] smallest=instance of introclassJava.IntObj(id=556)
16:18:00.240 [pool-3-thread-1] DEBUG f.i.l.r.s.c.SpoonElementsCollector - [data] d=instance of introclassJava.IntObj(id=557)
16:18:00.240 [pool-3-thread-1] DEBUG f.i.l.r.s.c.DynamothDataCollector - Collect Level 1
16:18:00.240 [pool-3-thread-1] DEBUG f.i.l.r.s.c.DynamothDataCollector - [data] this=instance of introclassJava.smallest_88394fc0_002(id=554)
16:18:00.240 [pool-3-thread-1] DEBUG f.i.l.r.s.c.DynamothDataCollector - [data] a
16:18:00.241 [pool-3-thread-1] DEBUG f.i.l.r.s.c.DynamothDataCollector - [data] b
16:18:00.241 [pool-3-thread-1] DEBUG f.i.l.r.s.c.DynamothDataCollector - [data] c
16:18:00.241 [pool-3-thread-1] DEBUG f.i.l.r.s.c.DynamothDataCollector - [data] d
16:18:00.242 [pool-3-thread-1] DEBUG f.i.l.r.s.c.DynamothDataCollector - [data] smallest
16:18:00.245 [pool-3-thread-1] DEBUG f.i.l.r.s.c.DynamothDataCollector - [data] this.scanner
16:18:00.245 [pool-3-thread-1] DEBUG f.i.l.r.s.c.DynamothDataCollector - [data] this.output
16:18:00.251 [pool-3-thread-1] DEBUG f.i.l.r.s.DynamothCodeGenesisImpl - Exit
16:18:00.288 [pool-3-thread-1] DEBUG f.i.l.r.s.collect.DataCombiner - [combine] start on 11 elements
16:18:00.374 [pool-3-thread-1] DEBUG f.i.l.r.s.collect.DataCombiner - [combine] end 5867 evaluated elements


========= Info ==========
Nb constants             3
Nb method invocations    0
Nb field access          2
Nb variables             6
Total                    11
Nb evaluated expressions 2928
Init Execution time      736 ms
Collect Execution time   194 ms
Combine Execution time   124.0 ms
Nb Combination par sec   23613 combinations/sec
Total Execution time     1054 ms
Nb line execution        6
Nb results               0

Results:


========================
         Stat
========================
Operators: 
GT 4
Methods: 
nextInt() 4
format(java.lang.String,java.lang.Object[]) 2
Variable: 
value 46
scanner 8
smallest 6
d 5
a 4
output 4
b 4
c 4

 & 3 & 0 & 2 & 6 & 11 & 2928 & 1055 ms & 6 &
16:18:00.377 [pool-2-thread-1] DEBUG fr.inria.lille.repair.nopol.NoPol - statement #2
16:18:00.377 [pool-2-thread-1] DEBUG fr.inria.lille.repair.nopol.NoPol - Analysing SourceLocation introclassJava.smallest_88394fc0_002:83 which is executed by 16 tests
714672345
16:18:00.445 [pool-2-thread-1] DEBUG fr.inria.lille.repair.nopol.NoPol - looking with class fr.inria.lille.repair.nopol.spoon.smt.ConditionalAdder
org.junit.ComparisonFailure: expected:<...rsseparatedbyspaces>[0]isthesmallest> but was:<...rsseparatedbyspaces>[1]isthesmallest>
    at org.junit.Assert.assertEquals(Assert.java:115)
    at org.junit.Assert.assertEquals(Assert.java:144)
    at introclassJava.smallest_88394fc0_002WhiteboxTest.test4(smallest_88394fc0_002WhiteboxTest.java:41)
    at sun.reflect.NativeMethodAccessorImpl.invoke0(Native Method)
    at sun.reflect.NativeMethodAccessorImpl.invoke(NativeMethodAccessorImpl.java:62)
    at sun.reflect.DelegatingMethodAccessorImpl.invoke(DelegatingMethodAccessorImpl.java:43)
org.junit.ComparisonFailure: expected:<...rsseparatedbyspaces>[0]isthesmallest> but was:<...rsseparatedbyspaces>[1]isthesmallest>
    at org.junit.Assert.assertEquals(Assert.java:115)
    at org.junit.Assert.assertEquals(Assert.java:144)
    at introclassJava.smallest_88394fc0_002WhiteboxTest.test8(smallest_88394fc0_002WhiteboxTest.java:77)
    at sun.reflect.NativeMethodAccessorImpl.invoke0(Native Method)
    at sun.reflect.NativeMethodAccessorImpl.invoke(NativeMethodAccessorImpl.java:62)
    at sun.reflect.DelegatingMethodAccessorImpl.invoke(DelegatingMethodAccessorImpl.java:43)
org.junit.ComparisonFailure: expected:<...rsseparatedbyspaces>[0]isthesmallest> but was:<...rsseparatedbyspaces>[1]isthesmallest>
    at org.junit.Assert.assertEquals(Assert.java:115)
    at org.junit.Assert.assertEquals(Assert.java:144)
    at introclassJava.smallest_88394fc0_002WhiteboxTest.test4(smallest_88394fc0_002WhiteboxTest.java:41)
    at sun.reflect.NativeMethodAccessorImpl.invoke0(Native Method)
    at sun.reflect.NativeMethodAccessorImpl.invoke(NativeMethodAccessorImpl.java:62)
    at sun.reflect.DelegatingMethodAccessorImpl.invoke(DelegatingMethodAccessorImpl.java:43)
org.junit.ComparisonFailure: expected:<...rsseparatedbyspaces>[0]isthesmallest> but was:<...rsseparatedbyspaces>[1]isthesmallest>
    at org.junit.Assert.assertEquals(Assert.java:115)
    at org.junit.Assert.assertEquals(Assert.java:144)
    at introclassJava.smallest_88394fc0_002WhiteboxTest.test8(smallest_88394fc0_002WhiteboxTest.java:77)
    at sun.reflect.NativeMethodAccessorImpl.invoke0(Native Method)
    at sun.reflect.NativeMethodAccessorImpl.invoke(NativeMethodAccessorImpl.java:62)
    at sun.reflect.DelegatingMethodAccessorImpl.invoke(DelegatingMethodAccessorImpl.java:43)
16:18:00.468 [pool-24-thread-1] INFO  xxl.java.junit.TestCasesListener - Tests run finished (20 ms)
<> Total tests run: 16
<> Ignored tests: 0
<> Failed tests: 4
~ test4(introclassJava.smallest_88394fc0_002WhiteboxTest)
[expected:<...rsseparatedbyspaces>[0]isthesmallest> but was:<...rsseparatedbyspaces>[1]isthesmallest>]
org.junit.ComparisonFailure: expected:<...rsseparatedbyspaces>[0]isthesmallest> but was:<...rsseparatedbyspaces>[1]isthesmallest>    at org.junit.Assert.assertEquals(Assert.java:115)
    at org.junit.Assert.assertEquals(Assert.java:144)
    at introclassJava.smallest_88394fc0_002WhiteboxTest.test4(smallest_88394fc0_002WhiteboxTest.java:41)
    at sun.reflect.NativeMethodAccessorImpl.invoke0(Native Method)
    at sun.reflect.NativeMethodAccessorImpl.invoke(NativeMethodAccessorImpl.java:62)
    at sun.reflect.DelegatingMethodAccessorImpl.invoke(DelegatingMethodAccessorImpl.java:43)
~ test8(introclassJava.smallest_88394fc0_002WhiteboxTest)
[expected:<...rsseparatedbyspaces>[0]isthesmallest> but was:<...rsseparatedbyspaces>[1]isthesmallest>]
org.junit.ComparisonFailure: expected:<...rsseparatedbyspaces>[0]isthesmallest> but was:<...rsseparatedbyspaces>[1]isthesmallest>    at org.junit.Assert.assertEquals(Assert.java:115)
    at org.junit.Assert.assertEquals(Assert.java:144)
    at introclassJava.smallest_88394fc0_002WhiteboxTest.test8(smallest_88394fc0_002WhiteboxTest.java:77)
    at sun.reflect.NativeMethodAccessorImpl.invoke0(Native Method)
    at sun.reflect.NativeMethodAccessorImpl.invoke(NativeMethodAccessorImpl.java:62)
    at sun.reflect.DelegatingMethodAccessorImpl.invoke(DelegatingMethodAccessorImpl.java:43)
~ test4(introclassJava.smallest_88394fc0_002WhiteboxTest)
[expected:<...rsseparatedbyspaces>[0]isthesmallest> but was:<...rsseparatedbyspaces>[1]isthesmallest>]
org.junit.ComparisonFailure: expected:<...rsseparatedbyspaces>[0]isthesmallest> but was:<...rsseparatedbyspaces>[1]isthesmallest>    at org.junit.Assert.assertEquals(Assert.java:115)
    at org.junit.Assert.assertEquals(Assert.java:144)
    at introclassJava.smallest_88394fc0_002WhiteboxTest.test4(smallest_88394fc0_002WhiteboxTest.java:41)
    at sun.reflect.NativeMethodAccessorImpl.invoke0(Native Method)
    at sun.reflect.NativeMethodAccessorImpl.invoke(NativeMethodAccessorImpl.java:62)
    at sun.reflect.DelegatingMethodAccessorImpl.invoke(DelegatingMethodAccessorImpl.java:43)
~ test8(introclassJava.smallest_88394fc0_002WhiteboxTest)
[expected:<...rsseparatedbyspaces>[0]isthesmallest> but was:<...rsseparatedbyspaces>[1]isthesmallest>]
org.junit.ComparisonFailure: expected:<...rsseparatedbyspaces>[0]isthesmallest> but was:<...rsseparatedbyspaces>[1]isthesmallest>    at org.junit.Assert.assertEquals(Assert.java:115)
    at org.junit.Assert.assertEquals(Assert.java:144)
    at introclassJava.smallest_88394fc0_002WhiteboxTest.test8(smallest_88394fc0_002WhiteboxTest.java:77)
    at sun.reflect.NativeMethodAccessorImpl.invoke0(Native Method)
    at sun.reflect.NativeMethodAccessorImpl.invoke(NativeMethodAccessorImpl.java:62)
    at sun.reflect.DelegatingMethodAccessorImpl.invoke(DelegatingMethodAccessorImpl.java:43)

16:18:00.609 [pool-2-thread-1] DEBUG fr.inria.lille.repair.nopol.NoPol - statement #3
16:18:00.610 [pool-2-thread-1] DEBUG fr.inria.lille.repair.nopol.NoPol - Analysing SourceLocation introclassJava.smallest_88394fc0_002:81 which is executed by 16 tests
714672345
16:18:00.672 [pool-2-thread-1] DEBUG fr.inria.lille.repair.nopol.NoPol - looking with class fr.inria.lille.repair.nopol.spoon.smt.ConditionalAdder
org.junit.ComparisonFailure: expected:<...rsseparatedbyspaces>[0]isthesmallest> but was:<...rsseparatedbyspaces>[1]isthesmallest>
    at org.junit.Assert.assertEquals(Assert.java:115)
    at org.junit.Assert.assertEquals(Assert.java:144)
    at introclassJava.smallest_88394fc0_002WhiteboxTest.test4(smallest_88394fc0_002WhiteboxTest.java:41)
    at sun.reflect.NativeMethodAccessorImpl.invoke0(Native Method)
    at sun.reflect.NativeMethodAccessorImpl.invoke(NativeMethodAccessorImpl.java:62)
    at sun.reflect.DelegatingMethodAccessorImpl.invoke(DelegatingMethodAccessorImpl.java:43)
org.junit.ComparisonFailure: expected:<...rsseparatedbyspaces>[0]isthesmallest> but was:<...rsseparatedbyspaces>[1]isthesmallest>
    at org.junit.Assert.assertEquals(Assert.java:115)
    at org.junit.Assert.assertEquals(Assert.java:144)
    at introclassJava.smallest_88394fc0_002WhiteboxTest.test8(smallest_88394fc0_002WhiteboxTest.java:77)
    at sun.reflect.NativeMethodAccessorImpl.invoke0(Native Method)
    at sun.reflect.NativeMethodAccessorImpl.invoke(NativeMethodAccessorImpl.java:62)
    at sun.reflect.DelegatingMethodAccessorImpl.invoke(DelegatingMethodAccessorImpl.java:43)
org.junit.ComparisonFailure: expected:<...rsseparatedbyspaces>[0]isthesmallest> but was:<...rsseparatedbyspaces>[1]isthesmallest>
    at org.junit.Assert.assertEquals(Assert.java:115)
    at org.junit.Assert.assertEquals(Assert.java:144)
    at introclassJava.smallest_88394fc0_002WhiteboxTest.test4(smallest_88394fc0_002WhiteboxTest.java:41)
    at sun.reflect.NativeMethodAccessorImpl.invoke0(Native Method)
    at sun.reflect.NativeMethodAccessorImpl.invoke(NativeMethodAccessorImpl.java:62)
    at sun.reflect.DelegatingMethodAccessorImpl.invoke(DelegatingMethodAccessorImpl.java:43)
org.junit.ComparisonFailure: expected:<...rsseparatedbyspaces>[0]isthesmallest> but was:<...rsseparatedbyspaces>[1]isthesmallest>
    at org.junit.Assert.assertEquals(Assert.java:115)
    at org.junit.Assert.assertEquals(Assert.java:144)
    at introclassJava.smallest_88394fc0_002WhiteboxTest.test8(smallest_88394fc0_002WhiteboxTest.java:77)
    at sun.reflect.NativeMethodAccessorImpl.invoke0(Native Method)
    at sun.reflect.NativeMethodAccessorImpl.invoke(NativeMethodAccessorImpl.java:62)
    at sun.reflect.DelegatingMethodAccessorImpl.invoke(DelegatingMethodAccessorImpl.java:43)
16:18:00.692 [pool-30-thread-1] INFO  xxl.java.junit.TestCasesListener - Tests run finished (15 ms)
<> Total tests run: 16
<> Ignored tests: 0
<> Failed tests: 4
~ test4(introclassJava.smallest_88394fc0_002WhiteboxTest)
[expected:<...rsseparatedbyspaces>[0]isthesmallest> but was:<...rsseparatedbyspaces>[1]isthesmallest>]
org.junit.ComparisonFailure: expected:<...rsseparatedbyspaces>[0]isthesmallest> but was:<...rsseparatedbyspaces>[1]isthesmallest>    at org.junit.Assert.assertEquals(Assert.java:115)
    at org.junit.Assert.assertEquals(Assert.java:144)
    at introclassJava.smallest_88394fc0_002WhiteboxTest.test4(smallest_88394fc0_002WhiteboxTest.java:41)
    at sun.reflect.NativeMethodAccessorImpl.invoke0(Native Method)
    at sun.reflect.NativeMethodAccessorImpl.invoke(NativeMethodAccessorImpl.java:62)
    at sun.reflect.DelegatingMethodAccessorImpl.invoke(DelegatingMethodAccessorImpl.java:43)
~ test8(introclassJava.smallest_88394fc0_002WhiteboxTest)
[expected:<...rsseparatedbyspaces>[0]isthesmallest> but was:<...rsseparatedbyspaces>[1]isthesmallest>]
org.junit.ComparisonFailure: expected:<...rsseparatedbyspaces>[0]isthesmallest> but was:<...rsseparatedbyspaces>[1]isthesmallest>    at org.junit.Assert.assertEquals(Assert.java:115)
    at org.junit.Assert.assertEquals(Assert.java:144)
    at introclassJava.smallest_88394fc0_002WhiteboxTest.test8(smallest_88394fc0_002WhiteboxTest.java:77)
    at sun.reflect.NativeMethodAccessorImpl.invoke0(Native Method)
    at sun.reflect.NativeMethodAccessorImpl.invoke(NativeMethodAccessorImpl.java:62)
    at sun.reflect.DelegatingMethodAccessorImpl.invoke(DelegatingMethodAccessorImpl.java:43)
~ test4(introclassJava.smallest_88394fc0_002WhiteboxTest)
[expected:<...rsseparatedbyspaces>[0]isthesmallest> but was:<...rsseparatedbyspaces>[1]isthesmallest>]
org.junit.ComparisonFailure: expected:<...rsseparatedbyspaces>[0]isthesmallest> but was:<...rsseparatedbyspaces>[1]isthesmallest>    at org.junit.Assert.assertEquals(Assert.java:115)
    at org.junit.Assert.assertEquals(Assert.java:144)
    at introclassJava.smallest_88394fc0_002WhiteboxTest.test4(smallest_88394fc0_002WhiteboxTest.java:41)
    at sun.reflect.NativeMethodAccessorImpl.invoke0(Native Method)
    at sun.reflect.NativeMethodAccessorImpl.invoke(NativeMethodAccessorImpl.java:62)
    at sun.reflect.DelegatingMethodAccessorImpl.invoke(DelegatingMethodAccessorImpl.java:43)
~ test8(introclassJava.smallest_88394fc0_002WhiteboxTest)
[expected:<...rsseparatedbyspaces>[0]isthesmallest> but was:<...rsseparatedbyspaces>[1]isthesmallest>]
org.junit.ComparisonFailure: expected:<...rsseparatedbyspaces>[0]isthesmallest> but was:<...rsseparatedbyspaces>[1]isthesmallest>    at org.junit.Assert.assertEquals(Assert.java:115)
    at org.junit.Assert.assertEquals(Assert.java:144)
    at introclassJava.smallest_88394fc0_002WhiteboxTest.test8(smallest_88394fc0_002WhiteboxTest.java:77)
    at sun.reflect.NativeMethodAccessorImpl.invoke0(Native Method)
    at sun.reflect.NativeMethodAccessorImpl.invoke(NativeMethodAccessorImpl.java:62)
    at sun.reflect.DelegatingMethodAccessorImpl.invoke(DelegatingMethodAccessorImpl.java:43)

16:18:00.817 [pool-2-thread-1] DEBUG fr.inria.lille.repair.nopol.NoPol - statement #4
16:18:00.818 [pool-2-thread-1] DEBUG fr.inria.lille.repair.nopol.NoPol - Analysing SourceLocation introclassJava.smallest_88394fc0_002:76 which is executed by 16 tests
714672345
16:18:00.885 [pool-2-thread-1] DEBUG fr.inria.lille.repair.nopol.NoPol - looking with class fr.inria.lille.repair.nopol.spoon.smt.ConditionalAdder
org.junit.ComparisonFailure: expected:<...rsseparatedbyspaces>[0]isthesmallest> but was:<...rsseparatedbyspaces>[1]isthesmallest>
    at org.junit.Assert.assertEquals(Assert.java:115)
    at org.junit.Assert.assertEquals(Assert.java:144)
    at introclassJava.smallest_88394fc0_002WhiteboxTest.test4(smallest_88394fc0_002WhiteboxTest.java:41)
    at sun.reflect.NativeMethodAccessorImpl.invoke0(Native Method)
    at sun.reflect.NativeMethodAccessorImpl.invoke(NativeMethodAccessorImpl.java:62)
    at sun.reflect.DelegatingMethodAccessorImpl.invoke(DelegatingMethodAccessorImpl.java:43)
org.junit.ComparisonFailure: expected:<...rsseparatedbyspaces>[0]isthesmallest> but was:<...rsseparatedbyspaces>[1]isthesmallest>
    at org.junit.Assert.assertEquals(Assert.java:115)
    at org.junit.Assert.assertEquals(Assert.java:144)
    at introclassJava.smallest_88394fc0_002WhiteboxTest.test8(smallest_88394fc0_002WhiteboxTest.java:77)
    at sun.reflect.NativeMethodAccessorImpl.invoke0(Native Method)
    at sun.reflect.NativeMethodAccessorImpl.invoke(NativeMethodAccessorImpl.java:62)
    at sun.reflect.DelegatingMethodAccessorImpl.invoke(DelegatingMethodAccessorImpl.java:43)
org.junit.ComparisonFailure: expected:<...rsseparatedbyspaces>[0]isthesmallest> but was:<...rsseparatedbyspaces>[1]isthesmallest>
    at org.junit.Assert.assertEquals(Assert.java:115)
    at org.junit.Assert.assertEquals(Assert.java:144)
    at introclassJava.smallest_88394fc0_002WhiteboxTest.test4(smallest_88394fc0_002WhiteboxTest.java:41)
    at sun.reflect.NativeMethodAccessorImpl.invoke0(Native Method)
    at sun.reflect.NativeMethodAccessorImpl.invoke(NativeMethodAccessorImpl.java:62)
    at sun.reflect.DelegatingMethodAccessorImpl.invoke(DelegatingMethodAccessorImpl.java:43)
org.junit.ComparisonFailure: expected:<...rsseparatedbyspaces>[0]isthesmallest> but was:<...rsseparatedbyspaces>[1]isthesmallest>
    at org.junit.Assert.assertEquals(Assert.java:115)
    at org.junit.Assert.assertEquals(Assert.java:144)
    at introclassJava.smallest_88394fc0_002WhiteboxTest.test8(smallest_88394fc0_002WhiteboxTest.java:77)
    at sun.reflect.NativeMethodAccessorImpl.invoke0(Native Method)
    at sun.reflect.NativeMethodAccessorImpl.invoke(NativeMethodAccessorImpl.java:62)
    at sun.reflect.DelegatingMethodAccessorImpl.invoke(DelegatingMethodAccessorImpl.java:43)
16:18:00.903 [pool-36-thread-1] INFO  xxl.java.junit.TestCasesListener - Tests run finished (15 ms)
<> Total tests run: 16
<> Ignored tests: 0
<> Failed tests: 4
~ test4(introclassJava.smallest_88394fc0_002WhiteboxTest)
[expected:<...rsseparatedbyspaces>[0]isthesmallest> but was:<...rsseparatedbyspaces>[1]isthesmallest>]
org.junit.ComparisonFailure: expected:<...rsseparatedbyspaces>[0]isthesmallest> but was:<...rsseparatedbyspaces>[1]isthesmallest>    at org.junit.Assert.assertEquals(Assert.java:115)
    at org.junit.Assert.assertEquals(Assert.java:144)
    at introclassJava.smallest_88394fc0_002WhiteboxTest.test4(smallest_88394fc0_002WhiteboxTest.java:41)
    at sun.reflect.NativeMethodAccessorImpl.invoke0(Native Method)
    at sun.reflect.NativeMethodAccessorImpl.invoke(NativeMethodAccessorImpl.java:62)
    at sun.reflect.DelegatingMethodAccessorImpl.invoke(DelegatingMethodAccessorImpl.java:43)
~ test8(introclassJava.smallest_88394fc0_002WhiteboxTest)
[expected:<...rsseparatedbyspaces>[0]isthesmallest> but was:<...rsseparatedbyspaces>[1]isthesmallest>]
org.junit.ComparisonFailure: expected:<...rsseparatedbyspaces>[0]isthesmallest> but was:<...rsseparatedbyspaces>[1]isthesmallest>    at org.junit.Assert.assertEquals(Assert.java:115)
    at org.junit.Assert.assertEquals(Assert.java:144)
    at introclassJava.smallest_88394fc0_002WhiteboxTest.test8(smallest_88394fc0_002WhiteboxTest.java:77)
    at sun.reflect.NativeMethodAccessorImpl.invoke0(Native Method)
    at sun.reflect.NativeMethodAccessorImpl.invoke(NativeMethodAccessorImpl.java:62)
    at sun.reflect.DelegatingMethodAccessorImpl.invoke(DelegatingMethodAccessorImpl.java:43)
~ test4(introclassJava.smallest_88394fc0_002WhiteboxTest)
[expected:<...rsseparatedbyspaces>[0]isthesmallest> but was:<...rsseparatedbyspaces>[1]isthesmallest>]
org.junit.ComparisonFailure: expected:<...rsseparatedbyspaces>[0]isthesmallest> but was:<...rsseparatedbyspaces>[1]isthesmallest>    at org.junit.Assert.assertEquals(Assert.java:115)
    at org.junit.Assert.assertEquals(Assert.java:144)
    at introclassJava.smallest_88394fc0_002WhiteboxTest.test4(smallest_88394fc0_002WhiteboxTest.java:41)
    at sun.reflect.NativeMethodAccessorImpl.invoke0(Native Method)
    at sun.reflect.NativeMethodAccessorImpl.invoke(NativeMethodAccessorImpl.java:62)
    at sun.reflect.DelegatingMethodAccessorImpl.invoke(DelegatingMethodAccessorImpl.java:43)
~ test8(introclassJava.smallest_88394fc0_002WhiteboxTest)
[expected:<...rsseparatedbyspaces>[0]isthesmallest> but was:<...rsseparatedbyspaces>[1]isthesmallest>]
org.junit.ComparisonFailure: expected:<...rsseparatedbyspaces>[0]isthesmallest> but was:<...rsseparatedbyspaces>[1]isthesmallest>    at org.junit.Assert.assertEquals(Assert.java:115)
    at org.junit.Assert.assertEquals(Assert.java:144)
    at introclassJava.smallest_88394fc0_002WhiteboxTest.test8(smallest_88394fc0_002WhiteboxTest.java:77)
    at sun.reflect.NativeMethodAccessorImpl.invoke0(Native Method)
    at sun.reflect.NativeMethodAccessorImpl.invoke(NativeMethodAccessorImpl.java:62)
    at sun.reflect.DelegatingMethodAccessorImpl.invoke(DelegatingMethodAccessorImpl.java:43)

16:18:01.095 [pool-35-thread-1] DEBUG f.i.l.r.n.s.d.DynamothSynthesizer - Ignore the test introclassJava.smallest_88394fc0_002WhiteboxTest#test3
16:18:01.096 [pool-35-thread-1] DEBUG f.i.l.r.n.s.d.DynamothSynthesizer - Ignore the test introclassJava.smallest_88394fc0_002WhiteboxTest#test1
16:18:01.098 [pool-35-thread-1] DEBUG f.i.l.r.n.s.d.DynamothSynthesizer - Ignore the test introclassJava.smallest_88394fc0_002WhiteboxTest#test2
16:18:01.099 [pool-35-thread-1] DEBUG f.i.l.r.n.s.d.DynamothSynthesizer - Ignore the test introclassJava.smallest_88394fc0_002WhiteboxTest#test7
16:18:01.100 [pool-35-thread-1] DEBUG f.i.l.r.n.s.d.DynamothSynthesizer - Ignore the test introclassJava.smallest_88394fc0_002WhiteboxTest#test5
16:18:01.102 [pool-35-thread-1] DEBUG f.i.l.r.n.s.d.DynamothSynthesizer - Ignore the test introclassJava.smallest_88394fc0_002WhiteboxTest#test6
16:18:01.103 [pool-35-thread-1] DEBUG f.i.l.r.n.s.d.DynamothSynthesizer - Ignore the test introclassJava.smallest_88394fc0_002BlackboxTest#test8
16:18:01.107 [pool-35-thread-1] DEBUG f.i.l.r.n.s.d.DynamothSynthesizer - Ignore the test introclassJava.smallest_88394fc0_002BlackboxTest#test1
16:18:01.108 [pool-35-thread-1] DEBUG f.i.l.r.n.s.d.DynamothSynthesizer - Ignore the test introclassJava.smallest_88394fc0_002BlackboxTest#test6
16:18:01.109 [pool-35-thread-1] DEBUG f.i.l.r.n.s.d.DynamothSynthesizer - Ignore the test introclassJava.smallest_88394fc0_002BlackboxTest#test5
java -cp /tmp/DynaMoth_IntroClassJava_smallest_88394fc00b7053b386e97564e28ef68421ae09c0baeaf887bba7e254f452419783ed8f774bff3c0c7d23bdc8f6c1443fb47c7af97323d4d3d63cc088d3b6841a_002/target/classes:/tmp/DynaMoth_IntroClassJava_smallest_88394fc00b7053b386e97564e28ef68421ae09c0baeaf887bba7e254f452419783ed8f774bff3c0c7d23bdc8f6c1443fb47c7af97323d4d3d63cc088d3b6841a_002/target/test-classes:/home/tdurieux/.m2/repository/junit/junit/4.11/junit-4.11.jar:/home/tdurieux/.m2/repository/org/hamcrest/hamcrest-core/1.3/hamcrest-core-1.3.jar:/home/tdurieux/RepairThemAll/script/../repair_tools/nopol.jar:/home/tdurieux/RepairThemAll/repair_tools/nopol.jar:/usr/lib/jvm/java-8-openjdk-amd64/lib/tools.jar: fr.inria.lille.repair.MethodTestRunner introclassJava.smallest_88394fc0_002WhiteboxTest#test4 introclassJava.smallest_88394fc0_002BlackboxTest#test7 introclassJava.smallest_88394fc0_002WhiteboxTest#test8 introclassJava.smallest_88394fc0_002BlackboxTest#test2 introclassJava.smallest_88394fc0_002BlackboxTest#test4 introclassJava.smallest_88394fc0_002BlackboxTest#test3 
16:18:01.333 [pool-35-thread-1] DEBUG f.i.l.r.s.DynamothCodeGenesisImpl - ClassPrepareEvent
16:18:01.336 [pool-35-thread-1] DEBUG f.i.l.r.s.c.spoon.ClassCollector - [class] introclassJava.IntObj
16:18:01.338 [pool-35-thread-1] DEBUG f.i.l.r.s.c.spoon.ClassCollector - [class] introclassJava.smallest_88394fc0_002
16:18:01.338 [pool-35-thread-1] DEBUG f.i.l.r.s.c.spoon.ClassCollector - [class] java.lang.String
16:18:01.340 [pool-35-thread-1] DEBUG f.i.l.r.s.c.spoon.ClassCollector - [class] java.util.Scanner
16:18:01.387 [pool-35-thread-1] DEBUG f.i.l.r.s.DynamothCodeGenesisImpl - BreakpointEvent
16:18:01.388 [pool-35-thread-1] INFO  f.i.l.r.s.DynamothCodeGenesisImpl - [test] introclassJava.smallest_88394fc0_002WhiteboxTest#test4 iteration 0
16:18:01.389 [pool-35-thread-1] DEBUG f.i.l.r.s.c.SpoonElementsCollector - [data] c=instance of introclassJava.IntObj(id=461)
16:18:01.390 [pool-35-thread-1] DEBUG f.i.l.r.s.c.SpoonElementsCollector - [data] d=instance of introclassJava.IntObj(id=462)
16:18:01.390 [pool-35-thread-1] DEBUG f.i.l.r.s.c.DynamothDataCollector - Collect Level 1
16:18:01.390 [pool-35-thread-1] DEBUG f.i.l.r.s.c.DynamothDataCollector - [data] this=instance of introclassJava.smallest_88394fc0_002(id=459)
16:18:01.391 [pool-35-thread-1] DEBUG f.i.l.r.s.c.DynamothDataCollector - [data] a
16:18:01.391 [pool-35-thread-1] DEBUG f.i.l.r.s.c.DynamothDataCollector - [data] b
16:18:01.391 [pool-35-thread-1] DEBUG f.i.l.r.s.c.DynamothDataCollector - [data] c
16:18:01.392 [pool-35-thread-1] DEBUG f.i.l.r.s.c.DynamothDataCollector - [data] d
16:18:01.392 [pool-35-thread-1] DEBUG f.i.l.r.s.c.DynamothDataCollector - [data] smallest
16:18:01.400 [pool-35-thread-1] DEBUG f.i.l.r.s.c.DynamothDataCollector - [data] this.scanner
16:18:01.400 [pool-35-thread-1] DEBUG f.i.l.r.s.c.DynamothDataCollector - [data] this.output
16:18:01.424 [pool-35-thread-1] DEBUG f.i.l.r.s.DynamothCodeGenesisImpl - BreakpointEvent
16:18:01.426 [pool-35-thread-1] INFO  f.i.l.r.s.DynamothCodeGenesisImpl - [test] introclassJava.smallest_88394fc0_002BlackboxTest#test7 iteration 0
16:18:01.427 [pool-35-thread-1] DEBUG f.i.l.r.s.c.SpoonElementsCollector - [data] c=instance of introclassJava.IntObj(id=516)
16:18:01.427 [pool-35-thread-1] DEBUG f.i.l.r.s.c.SpoonElementsCollector - [data] d=instance of introclassJava.IntObj(id=517)
16:18:01.428 [pool-35-thread-1] DEBUG f.i.l.r.s.c.DynamothDataCollector - Collect Level 1
16:18:01.428 [pool-35-thread-1] DEBUG f.i.l.r.s.c.DynamothDataCollector - [data] this=instance of introclassJava.smallest_88394fc0_002(id=514)
16:18:01.428 [pool-35-thread-1] DEBUG f.i.l.r.s.c.DynamothDataCollector - [data] a
16:18:01.428 [pool-35-thread-1] DEBUG f.i.l.r.s.c.DynamothDataCollector - [data] b
16:18:01.429 [pool-35-thread-1] DEBUG f.i.l.r.s.c.DynamothDataCollector - [data] c
16:18:01.430 [pool-35-thread-1] DEBUG f.i.l.r.s.c.DynamothDataCollector - [data] d
16:18:01.430 [pool-35-thread-1] DEBUG f.i.l.r.s.c.DynamothDataCollector - [data] smallest
16:18:01.433 [pool-35-thread-1] DEBUG f.i.l.r.s.c.DynamothDataCollector - [data] this.scanner
16:18:01.433 [pool-35-thread-1] DEBUG f.i.l.r.s.c.DynamothDataCollector - [data] this.output
16:18:01.442 [pool-35-thread-1] DEBUG f.i.l.r.s.DynamothCodeGenesisImpl - BreakpointEvent
16:18:01.443 [pool-35-thread-1] INFO  f.i.l.r.s.DynamothCodeGenesisImpl - [test] introclassJava.smallest_88394fc0_002WhiteboxTest#test8 iteration 0
16:18:01.444 [pool-35-thread-1] DEBUG f.i.l.r.s.c.SpoonElementsCollector - [data] c=instance of introclassJava.IntObj(id=526)
16:18:01.444 [pool-35-thread-1] DEBUG f.i.l.r.s.c.SpoonElementsCollector - [data] d=instance of introclassJava.IntObj(id=527)
16:18:01.445 [pool-35-thread-1] DEBUG f.i.l.r.s.c.DynamothDataCollector - Collect Level 1
16:18:01.445 [pool-35-thread-1] DEBUG f.i.l.r.s.c.DynamothDataCollector - [data] this=instance of introclassJava.smallest_88394fc0_002(id=524)
16:18:01.445 [pool-35-thread-1] DEBUG f.i.l.r.s.c.DynamothDataCollector - [data] a
16:18:01.445 [pool-35-thread-1] DEBUG f.i.l.r.s.c.DynamothDataCollector - [data] b
16:18:01.446 [pool-35-thread-1] DEBUG f.i.l.r.s.c.DynamothDataCollector - [data] c
16:18:01.446 [pool-35-thread-1] DEBUG f.i.l.r.s.c.DynamothDataCollector - [data] d
16:18:01.446 [pool-35-thread-1] DEBUG f.i.l.r.s.c.DynamothDataCollector - [data] smallest
16:18:01.449 [pool-35-thread-1] DEBUG f.i.l.r.s.c.DynamothDataCollector - [data] this.scanner
16:18:01.449 [pool-35-thread-1] DEBUG f.i.l.r.s.c.DynamothDataCollector - [data] this.output
16:18:01.458 [pool-35-thread-1] DEBUG f.i.l.r.s.DynamothCodeGenesisImpl - BreakpointEvent
16:18:01.459 [pool-35-thread-1] INFO  f.i.l.r.s.DynamothCodeGenesisImpl - [test] introclassJava.smallest_88394fc0_002BlackboxTest#test2 iteration 0
16:18:01.460 [pool-35-thread-1] DEBUG f.i.l.r.s.c.SpoonElementsCollector - [data] c=instance of introclassJava.IntObj(id=536)
16:18:01.461 [pool-35-thread-1] DEBUG f.i.l.r.s.c.SpoonElementsCollector - [data] d=instance of introclassJava.IntObj(id=537)
16:18:01.461 [pool-35-thread-1] DEBUG f.i.l.r.s.c.DynamothDataCollector - Collect Level 1
16:18:01.461 [pool-35-thread-1] DEBUG f.i.l.r.s.c.DynamothDataCollector - [data] this=instance of introclassJava.smallest_88394fc0_002(id=534)
16:18:01.461 [pool-35-thread-1] DEBUG f.i.l.r.s.c.DynamothDataCollector - [data] a
16:18:01.462 [pool-35-thread-1] DEBUG f.i.l.r.s.c.DynamothDataCollector - [data] b
16:18:01.462 [pool-35-thread-1] DEBUG f.i.l.r.s.c.DynamothDataCollector - [data] c
16:18:01.462 [pool-35-thread-1] DEBUG f.i.l.r.s.c.DynamothDataCollector - [data] d
16:18:01.463 [pool-35-thread-1] DEBUG f.i.l.r.s.c.DynamothDataCollector - [data] smallest
16:18:01.465 [pool-35-thread-1] DEBUG f.i.l.r.s.c.DynamothDataCollector - [data] this.scanner
16:18:01.466 [pool-35-thread-1] DEBUG f.i.l.r.s.c.DynamothDataCollector - [data] this.output
16:18:01.474 [pool-35-thread-1] DEBUG f.i.l.r.s.DynamothCodeGenesisImpl - BreakpointEvent
16:18:01.475 [pool-35-thread-1] INFO  f.i.l.r.s.DynamothCodeGenesisImpl - [test] introclassJava.smallest_88394fc0_002BlackboxTest#test4 iteration 0
16:18:01.476 [pool-35-thread-1] DEBUG f.i.l.r.s.c.SpoonElementsCollector - [data] c=instance of introclassJava.IntObj(id=546)
16:18:01.476 [pool-35-thread-1] DEBUG f.i.l.r.s.c.SpoonElementsCollector - [data] d=instance of introclassJava.IntObj(id=547)
16:18:01.476 [pool-35-thread-1] DEBUG f.i.l.r.s.c.DynamothDataCollector - Collect Level 1
16:18:01.476 [pool-35-thread-1] DEBUG f.i.l.r.s.c.DynamothDataCollector - [data] this=instance of introclassJava.smallest_88394fc0_002(id=544)
16:18:01.477 [pool-35-thread-1] DEBUG f.i.l.r.s.c.DynamothDataCollector - [data] a
16:18:01.477 [pool-35-thread-1] DEBUG f.i.l.r.s.c.DynamothDataCollector - [data] b
16:18:01.477 [pool-35-thread-1] DEBUG f.i.l.r.s.c.DynamothDataCollector - [data] c
16:18:01.478 [pool-35-thread-1] DEBUG f.i.l.r.s.c.DynamothDataCollector - [data] d
16:18:01.478 [pool-35-thread-1] DEBUG f.i.l.r.s.c.DynamothDataCollector - [data] smallest
16:18:01.492 [pool-35-thread-1] DEBUG f.i.l.r.s.c.DynamothDataCollector - [data] this.scanner
16:18:01.492 [pool-35-thread-1] DEBUG f.i.l.r.s.c.DynamothDataCollector - [data] this.output
16:18:01.500 [pool-35-thread-1] DEBUG f.i.l.r.s.DynamothCodeGenesisImpl - BreakpointEvent
16:18:01.501 [pool-35-thread-1] INFO  f.i.l.r.s.DynamothCodeGenesisImpl - [test] introclassJava.smallest_88394fc0_002BlackboxTest#test3 iteration 0
16:18:01.502 [pool-35-thread-1] DEBUG f.i.l.r.s.c.SpoonElementsCollector - [data] c=instance of introclassJava.IntObj(id=556)
16:18:01.502 [pool-35-thread-1] DEBUG f.i.l.r.s.c.SpoonElementsCollector - [data] d=instance of introclassJava.IntObj(id=557)
16:18:01.503 [pool-35-thread-1] DEBUG f.i.l.r.s.c.DynamothDataCollector - Collect Level 1
16:18:01.503 [pool-35-thread-1] DEBUG f.i.l.r.s.c.DynamothDataCollector - [data] this=instance of introclassJava.smallest_88394fc0_002(id=554)
16:18:01.503 [pool-35-thread-1] DEBUG f.i.l.r.s.c.DynamothDataCollector - [data] a
16:18:01.503 [pool-35-thread-1] DEBUG f.i.l.r.s.c.DynamothDataCollector - [data] b
16:18:01.504 [pool-35-thread-1] DEBUG f.i.l.r.s.c.DynamothDataCollector - [data] c
16:18:01.504 [pool-35-thread-1] DEBUG f.i.l.r.s.c.DynamothDataCollector - [data] d
16:18:01.504 [pool-35-thread-1] DEBUG f.i.l.r.s.c.DynamothDataCollector - [data] smallest
16:18:01.507 [pool-35-thread-1] DEBUG f.i.l.r.s.c.DynamothDataCollector - [data] this.scanner
16:18:01.507 [pool-35-thread-1] DEBUG f.i.l.r.s.c.DynamothDataCollector - [data] this.output
16:18:01.512 [pool-35-thread-1] DEBUG f.i.l.r.s.DynamothCodeGenesisImpl - Exit


========= Info ==========
Nb constants             3
Nb method invocations    0
Nb field access          2
Nb variables             7
Total                    12
Nb evaluated expressions 1
Init Execution time      242 ms
Collect Execution time   157 ms
Combine Execution time   2.0 ms
Nb Combination par sec   500 combinations/sec
Total Execution time     401 ms
Nb line execution        6
Nb results               1

Results:
1. (c.value) > (d.value)


========================
         Stat
========================
Operators: 
GT 4
Methods: 
nextInt() 4
format(java.lang.String,java.lang.Object[]) 2
Variable: 
value 46
scanner 8
smallest 6
d 5
a 4
output 4
b 4
c 4

 & 3 & 0 & 2 & 7 & 12 & 1 & 401 ms & 6 &
16:18:01.515 [pool-35-thread-1] INFO  f.i.l.repair.nopol.patch.TestPatch - Applying patch: introclassJava.smallest_88394fc0_002:76: PRECONDITION (c.value) > (d.value)
16:18:01.620 [pool-35-thread-1] INFO  f.i.l.repair.nopol.patch.TestPatch - Running test suite to check the patch "(c.value) > (d.value)" is working
16:18:01.644 [pool-35-thread-1] INFO  f.i.l.repair.nopol.patch.TestPatch - Failing tests [test4(introclassJava.smallest_88394fc0_002WhiteboxTest): expected:<...rsseparatedbyspaces>[0]isthesmallest> but was:<...rsseparatedbyspaces>[1]isthesmallest>, test8(introclassJava.smallest_88394fc0_002WhiteboxTest): expected:<...rsseparatedbyspaces>[0]isthesmallest> but was:<...rsseparatedbyspaces>[1]isthesmallest>]
16:18:01.645 [pool-35-thread-1] DEBUG fr.inria.lille.repair.nopol.NoPol - Could not find a valid patch in SourceLocation introclassJava.smallest_88394fc0_002:76
16:18:01.645 [pool-2-thread-1] DEBUG fr.inria.lille.repair.nopol.NoPol - looking with class fr.inria.lille.repair.nopol.spoon.smt.ConditionalReplacer
org.junit.ComparisonFailure: expected:<...rsseparatedbyspaces>[0]isthesmallest> but was:<...rsseparatedbyspaces>[1]isthesmallest>
    at org.junit.Assert.assertEquals(Assert.java:115)
    at org.junit.Assert.assertEquals(Assert.java:144)
    at introclassJava.smallest_88394fc0_002WhiteboxTest.test4(smallest_88394fc0_002WhiteboxTest.java:41)
    at sun.reflect.NativeMethodAccessorImpl.invoke0(Native Method)
    at sun.reflect.NativeMethodAccessorImpl.invoke(NativeMethodAccessorImpl.java:62)
    at sun.reflect.DelegatingMethodAccessorImpl.invoke(DelegatingMethodAccessorImpl.java:43)
org.junit.ComparisonFailure: expected:<...rsseparatedbyspaces>[0]isthesmallest> but was:<...rsseparatedbyspaces>[1]isthesmallest>
    at org.junit.Assert.assertEquals(Assert.java:115)
    at org.junit.Assert.assertEquals(Assert.java:144)
    at introclassJava.smallest_88394fc0_002WhiteboxTest.test8(smallest_88394fc0_002WhiteboxTest.java:77)
    at sun.reflect.NativeMethodAccessorImpl.invoke0(Native Method)
    at sun.reflect.NativeMethodAccessorImpl.invoke(NativeMethodAccessorImpl.java:62)
    at sun.reflect.DelegatingMethodAccessorImpl.invoke(DelegatingMethodAccessorImpl.java:43)
org.junit.ComparisonFailure: expected:<...rsseparatedbyspaces>[0]isthesmallest> but was:<...rsseparatedbyspaces>[1]isthesmallest>
    at org.junit.Assert.assertEquals(Assert.java:115)
    at org.junit.Assert.assertEquals(Assert.java:144)
    at introclassJava.smallest_88394fc0_002WhiteboxTest.test4(smallest_88394fc0_002WhiteboxTest.java:41)
    at sun.reflect.NativeMethodAccessorImpl.invoke0(Native Method)
    at sun.reflect.NativeMethodAccessorImpl.invoke(NativeMethodAccessorImpl.java:62)
    at sun.reflect.DelegatingMethodAccessorImpl.invoke(DelegatingMethodAccessorImpl.java:43)
org.junit.ComparisonFailure: expected:<...rsseparatedbyspaces>[0]isthesmallest> but was:<...rsseparatedbyspaces>[1]isthesmallest>
    at org.junit.Assert.assertEquals(Assert.java:115)
    at org.junit.Assert.assertEquals(Assert.java:144)
    at introclassJava.smallest_88394fc0_002WhiteboxTest.test8(smallest_88394fc0_002WhiteboxTest.java:77)
    at sun.reflect.NativeMethodAccessorImpl.invoke0(Native Method)
    at sun.reflect.NativeMethodAccessorImpl.invoke(NativeMethodAccessorImpl.java:62)
    at sun.reflect.DelegatingMethodAccessorImpl.invoke(DelegatingMethodAccessorImpl.java:43)
16:18:01.660 [pool-88-thread-1] INFO  xxl.java.junit.TestCasesListener - Tests run finished (13 ms)
<> Total tests run: 16
<> Ignored tests: 0
<> Failed tests: 4
~ test4(introclassJava.smallest_88394fc0_002WhiteboxTest)
[expected:<...rsseparatedbyspaces>[0]isthesmallest> but was:<...rsseparatedbyspaces>[1]isthesmallest>]
org.junit.ComparisonFailure: expected:<...rsseparatedbyspaces>[0]isthesmallest> but was:<...rsseparatedbyspaces>[1]isthesmallest>    at org.junit.Assert.assertEquals(Assert.java:115)
    at org.junit.Assert.assertEquals(Assert.java:144)
    at introclassJava.smallest_88394fc0_002WhiteboxTest.test4(smallest_88394fc0_002WhiteboxTest.java:41)
    at sun.reflect.NativeMethodAccessorImpl.invoke0(Native Method)
    at sun.reflect.NativeMethodAccessorImpl.invoke(NativeMethodAccessorImpl.java:62)
    at sun.reflect.DelegatingMethodAccessorImpl.invoke(DelegatingMethodAccessorImpl.java:43)
~ test8(introclassJava.smallest_88394fc0_002WhiteboxTest)
[expected:<...rsseparatedbyspaces>[0]isthesmallest> but was:<...rsseparatedbyspaces>[1]isthesmallest>]
org.junit.ComparisonFailure: expected:<...rsseparatedbyspaces>[0]isthesmallest> but was:<...rsseparatedbyspaces>[1]isthesmallest>    at org.junit.Assert.assertEquals(Assert.java:115)
    at org.junit.Assert.assertEquals(Assert.java:144)
    at introclassJava.smallest_88394fc0_002WhiteboxTest.test8(smallest_88394fc0_002WhiteboxTest.java:77)
    at sun.reflect.NativeMethodAccessorImpl.invoke0(Native Method)
    at sun.reflect.NativeMethodAccessorImpl.invoke(NativeMethodAccessorImpl.java:62)
    at sun.reflect.DelegatingMethodAccessorImpl.invoke(DelegatingMethodAccessorImpl.java:43)
~ test4(introclassJava.smallest_88394fc0_002WhiteboxTest)
[expected:<...rsseparatedbyspaces>[0]isthesmallest> but was:<...rsseparatedbyspaces>[1]isthesmallest>]
org.junit.ComparisonFailure: expected:<...rsseparatedbyspaces>[0]isthesmallest> but was:<...rsseparatedbyspaces>[1]isthesmallest>    at org.junit.Assert.assertEquals(Assert.java:115)
    at org.junit.Assert.assertEquals(Assert.java:144)
    at introclassJava.smallest_88394fc0_002WhiteboxTest.test4(smallest_88394fc0_002WhiteboxTest.java:41)
    at sun.reflect.NativeMethodAccessorImpl.invoke0(Native Method)
    at sun.reflect.NativeMethodAccessorImpl.invoke(NativeMethodAccessorImpl.java:62)
    at sun.reflect.DelegatingMethodAccessorImpl.invoke(DelegatingMethodAccessorImpl.java:43)
~ test8(introclassJava.smallest_88394fc0_002WhiteboxTest)
[expected:<...rsseparatedbyspaces>[0]isthesmallest> but was:<...rsseparatedbyspaces>[1]isthesmallest>]
org.junit.ComparisonFailure: expected:<...rsseparatedbyspaces>[0]isthesmallest> but was:<...rsseparatedbyspaces>[1]isthesmallest>    at org.junit.Assert.assertEquals(Assert.java:115)
    at org.junit.Assert.assertEquals(Assert.java:144)
    at introclassJava.smallest_88394fc0_002WhiteboxTest.test8(smallest_88394fc0_002WhiteboxTest.java:77)
    at sun.reflect.NativeMethodAccessorImpl.invoke0(Native Method)
    at sun.reflect.NativeMethodAccessorImpl.invoke(NativeMethodAccessorImpl.java:62)
    at sun.reflect.DelegatingMethodAccessorImpl.invoke(DelegatingMethodAccessorImpl.java:43)

16:18:01.790 [pool-87-thread-1] DEBUG f.i.l.r.n.s.d.DynamothSynthesizer - Ignore the test introclassJava.smallest_88394fc0_002WhiteboxTest#test3
16:18:01.791 [pool-87-thread-1] DEBUG f.i.l.r.n.s.d.DynamothSynthesizer - Ignore the test introclassJava.smallest_88394fc0_002WhiteboxTest#test1
16:18:01.793 [pool-87-thread-1] DEBUG f.i.l.r.n.s.d.DynamothSynthesizer - Ignore the test introclassJava.smallest_88394fc0_002WhiteboxTest#test7
16:18:01.794 [pool-87-thread-1] DEBUG f.i.l.r.n.s.d.DynamothSynthesizer - Ignore the test introclassJava.smallest_88394fc0_002WhiteboxTest#test5
16:18:01.797 [pool-87-thread-1] DEBUG f.i.l.r.n.s.d.DynamothSynthesizer - Ignore the test introclassJava.smallest_88394fc0_002BlackboxTest#test7
16:18:01.798 [pool-87-thread-1] DEBUG f.i.l.r.n.s.d.DynamothSynthesizer - Ignore the test introclassJava.smallest_88394fc0_002BlackboxTest#test2
16:18:01.802 [pool-87-thread-1] DEBUG f.i.l.r.n.s.d.DynamothSynthesizer - Ignore the test introclassJava.smallest_88394fc0_002BlackboxTest#test5
16:18:01.803 [pool-87-thread-1] DEBUG f.i.l.r.n.s.d.DynamothSynthesizer - Ignore the test introclassJava.smallest_88394fc0_002BlackboxTest#test4
16:18:01.804 [pool-87-thread-1] DEBUG f.i.l.r.n.s.d.DynamothSynthesizer - Ignore the test introclassJava.smallest_88394fc0_002BlackboxTest#test3
16:18:01.805 [pool-87-thread-1] INFO  f.i.l.repair.nopol.patch.TestPatch - Applying patch: introclassJava.smallest_88394fc0_002:76: CONDITIONAL false
16:18:01.914 [pool-87-thread-1] INFO  f.i.l.repair.nopol.patch.TestPatch - Running test suite to check the patch "false" is working
16:18:01.937 [pool-2-thread-1] INFO  fr.inria.lille.repair.nopol.NoPol - ----INFORMATION----
16:18:01.939 [pool-2-thread-1] INFO  fr.inria.lille.repair.nopol.NoPol - Nb classes : 6
16:18:01.939 [pool-2-thread-1] INFO  fr.inria.lille.repair.nopol.NoPol - Nb methods : 2
16:18:01.939 [pool-2-thread-1] INFO  fr.inria.lille.repair.nopol.NoPol - Nb Statements Analyzed : 5
16:18:01.939 [pool-2-thread-1] INFO  fr.inria.lille.repair.nopol.NoPol - Nb Statements with Angelic Value Found : 3
16:18:01.939 [pool-2-thread-1] INFO  fr.inria.lille.repair.nopol.NoPol - NoPol Execution time : 7683ms
16:18:01.939 [pool-2-thread-1] INFO  fr.inria.lille.repair.nopol.NoPol - 
16:18:01.939 [pool-2-thread-1] INFO  fr.inria.lille.repair.nopol.NoPol - ----PATCH FOUND----
16:18:01.939 [pool-2-thread-1] INFO  fr.inria.lille.repair.nopol.NoPol - false
16:18:01.940 [pool-2-thread-1] INFO  fr.inria.lille.repair.nopol.NoPol - Nb test that executes the patch: 16
16:18:01.940 [pool-2-thread-1] INFO  fr.inria.lille.repair.nopol.NoPol - introclassJava.smallest_88394fc0_002:76: CONDITIONAL
16:18:01.952 [pool-2-thread-1] INFO  fr.inria.lille.repair.nopol.NoPol - --- a/src/main/java/introclassJava/smallest_88394fc0_002.java
+++ b/src/main/java/introclassJava/smallest_88394fc0_002.java
@@ -75,3 +75,3 @@
         }
-        if (c.value > d.value) {
+        if (false) {
             smallest.value = d.value;

PATCH
18.05user 0.98system 0:09.24elapsed 205%CPU (0avgtext+0avgdata 426888maxresident)k
49240inputs+5448outputs (6major+166882minor)pagefaults 0swaps


Node: suno-1.sophia.grid5000.fr



Date: Wed Dec  5 16:18:02 EST 2018

