cd /tmp/Arja_Bug_dot_jar_Logging-Log4J2_300bc575;
export JAVA_TOOL_OPTIONS="-Dfile.encoding=UTF8 -Duser.language=en-US -Duser.country=US -Duser.language=en";
TZ="America/New_York"; export TZ;
export PATH="/home/tdurieux/openjdk-1.7.0/bin/:$PATH";
export JAVA_HOME="/home/tdurieux/openjdk-1.7.0/bin/";
timeout 120m java -Xmx4g -Xms1g -cp /home/tdurieux/defects4j4repair/script/../libs/jmetal.jar:/home/tdurieux/defects4j4repair/script/../repair_tools/arja.jar us.msu.cse.repair.Main \
	Arja \
	-DexternalProjRoot /home/tdurieux/defects4j4repair/script/../libs/arja_external \
	-DsrcJavaDir /tmp/Arja_Bug_dot_jar_Logging-Log4J2_300bc575/api/src/main/java \
	-DbinJavaDir /tmp/Arja_Bug_dot_jar_Logging-Log4J2_300bc575/api/target/classes \
	-DbinTestDir /tmp/Arja_Bug_dot_jar_Logging-Log4J2_300bc575/api/target/test-classes \
	-DdiffFormat true \
	-Dseed 0 \
	-Ddependences /tmp/Arja_Bug_dot_jar_Logging-Log4J2_300bc575/core/target/classes:/tmp/Arja_Bug_dot_jar_Logging-Log4J2_300bc575/osgi/core-osgi-async/target/classes:/tmp/Arja_Bug_dot_jar_Logging-Log4J2_300bc575/osgi/core-osgi-jpa/target/classes:/tmp/Arja_Bug_dot_jar_Logging-Log4J2_300bc575/osgi/core-osgi-net/target/classes:/tmp/Arja_Bug_dot_jar_Logging-Log4J2_300bc575/osgi/core-osgi-nosql-couch/target/classes:/tmp/Arja_Bug_dot_jar_Logging-Log4J2_300bc575/osgi/core-osgi-nosql-mongo/target/classes:/tmp/Arja_Bug_dot_jar_Logging-Log4J2_300bc575/osgi/core-osgi-reduced/target/classes:/tmp/Arja_Bug_dot_jar_Logging-Log4J2_300bc575/log4j12-api/target/classes:/tmp/Arja_Bug_dot_jar_Logging-Log4J2_300bc575/slf4j-impl/target/classes:/tmp/Arja_Bug_dot_jar_Logging-Log4J2_300bc575/log4j-to-slf4j/target/classes:/tmp/Arja_Bug_dot_jar_Logging-Log4J2_300bc575/jcl-bridge/target/classes:/tmp/Arja_Bug_dot_jar_Logging-Log4J2_300bc575/flume-ng/target/classes:/tmp/Arja_Bug_dot_jar_Logging-Log4J2_300bc575/taglib/target/classes:/tmp/Arja_Bug_dot_jar_Logging-Log4J2_300bc575/jmx-gui/target/classes:/tmp/Arja_Bug_dot_jar_Logging-Log4J2_300bc575/samples/flume-common/target/classes:/tmp/Arja_Bug_dot_jar_Logging-Log4J2_300bc575/samples/flume-remote/target/classes:/tmp/Arja_Bug_dot_jar_Logging-Log4J2_300bc575/samples/flume-embedded/target/classes:/home/tdurieux/.m2/repository/com/thoughtworks/paranamer/paranamer/2.3/paranamer-2.3.jar:/home/tdurieux/.m2/repository/hsqldb/hsqldb/1.8.0.10/hsqldb-1.8.0.10.jar:/home/tdurieux/.m2/repository/com/fasterxml/jackson/core/jackson-annotations/2.2.1/jackson-annotations-2.2.1.jar:/home/tdurieux/.m2/repository/org/apache/logging/log4j/log4j-core/2.0-beta8-SNAPSHOT/log4j-core-2.0-beta8-SNAPSHOT.jar:/home/tdurieux/.m2/repository/org/apache/mina/mina-core/2.0.4/mina-core-2.0.4.jar:/home/tdurieux/.m2/repository/org/mongodb/mongo-java-driver/2.11.1/mongo-java-driver-2.11.1.jar:/home/tdurieux/.m2/repository/joda-time/joda-time/2.1/joda-time-2.1.jar:/home/tdurieux/.m2/repository/org/apache/avro/avro/1.7.2/avro-1.7.2.jar:/home/tdurieux/.m2/repository/tomcat/jasper-compiler/5.5.12/jasper-compiler-5.5.12.jar:/home/tdurieux/.m2/repository/commons-pool/commons-pool/1.5.4/commons-pool-1.5.4.jar:/home/tdurieux/.m2/repository/javax/jmdns/jmdns/3.4.1/jmdns-3.4.1.jar:/home/tdurieux/.m2/repository/org/eclipse/persistence/javax.persistence/2.1.0/javax.persistence-2.1.0.jar:/home/tdurieux/.m2/repository/org/apache/flume/flume-ng-channels/flume-jdbc-channel/1.3.1/flume-jdbc-channel-1.3.1.jar:/home/tdurieux/.m2/repository/javax/servlet/servlet-api/2.5/servlet-api-2.5.jar:/home/tdurieux/.m2/repository/org/fusesource/jansi/jansi/1.11/jansi-1.11.jar:/home/tdurieux/.m2/repository/org/apache/httpcomponents/httpcore/4.2.2/httpcore-4.2.2.jar:/home/tdurieux/.m2/repository/commons-dbcp/commons-dbcp/1.4/commons-dbcp-1.4.jar:/home/tdurieux/.m2/repository/org/apache/flume/flume-ng-core/1.3.1/flume-ng-core-1.3.1.jar:/home/tdurieux/.m2/repository/com/sleepycat/je/5.0.73/je-5.0.73.jar:/home/tdurieux/.m2/repository/ch/qos/logback/logback-core/1.0.13/logback-core-1.0.13.jar:/home/tdurieux/.m2/repository/org/apache/flume/flume-ng-sinks/flume-irc-sink/1.3.1/flume-irc-sink-1.3.1.jar:/usr/lib/jvm/java-8-openjdk-amd64/jre/../lib/jconsole.jar:/home/tdurieux/.m2/repository/org/apache/flume/flume-ng-channels/flume-file-channel/1.3.1/flume-file-channel-1.3.1.jar:/home/tdurieux/.m2/repository/cglib/cglib-nodep/2.2.2/cglib-nodep-2.2.2.jar:/home/tdurieux/.m2/repository/org/apache/flume/flume-ng-configuration/1.3.1/flume-ng-configuration-1.3.1.jar:/home/tdurieux/.m2/repository/javax/activation/activation/1.1/activation-1.1.jar:/home/tdurieux/.m2/repository/org/apache/logging/log4j/log4j-api/2.0-beta8-SNAPSHOT/log4j-api-2.0-beta8-SNAPSHOT.jar:/home/tdurieux/.m2/repository/org/apache/derby/derby/10.8.2.2/derby-10.8.2.2.jar:/home/tdurieux/.m2/repository/org/eclipse/persistence/org.eclipse.persistence.jpa.jpql/2.5.0/org.eclipse.persistence.jpa.jpql-2.5.0.jar:/home/tdurieux/.m2/repository/junit/junit/4.7/junit-4.7.jar:/home/tdurieux/.m2/repository/org/mortbay/jetty/servlet-api/2.5-20110124/servlet-api-2.5-20110124.jar:/home/tdurieux/.m2/repository/commons-httpclient/commons-httpclient/3.0.1/commons-httpclient-3.0.1.jar:/home/tdurieux/.m2/repository/tomcat/jasper-runtime/5.5.12/jasper-runtime-5.5.12.jar:/home/tdurieux/.m2/repository/io/netty/netty/3.4.0.Final/netty-3.4.0.Final.jar:/home/tdurieux/.m2/repository/com/google/protobuf/protobuf-java/2.4.1/protobuf-java-2.4.1.jar:/home/tdurieux/.m2/repository/javax/servlet/javax.servlet-api/3.0.1/javax.servlet-api-3.0.1.jar:/home/tdurieux/.m2/repository/org/eclipse/persistence/org.eclipse.persistence.asm/2.5.0/org.eclipse.persistence.asm-2.5.0.jar:/home/tdurieux/.m2/repository/org/springframework/ws/spring-ws-core/2.1.3.RELEASE/spring-ws-core-2.1.3.RELEASE.jar:/home/tdurieux/.m2/repository/org/objenesis/objenesis/1.2/objenesis-1.2.jar:/home/tdurieux/.m2/repository/commons-beanutils/commons-beanutils-core/1.8.0/commons-beanutils-core-1.8.0.jar:/home/tdurieux/.m2/repository/aopalliance/aopalliance/1.0/aopalliance-1.0.jar:/home/tdurieux/.m2/repository/org/mortbay/jetty/jsp-2.1/6.1.14/jsp-2.1-6.1.14.jar:/home/tdurieux/.m2/repository/org/springframework/spring-aop/3.2.2.RELEASE/spring-aop-3.2.2.RELEASE.jar:/home/tdurieux/.m2/repository/org/mortbay/jetty/jetty/6.1.26/jetty-6.1.26.jar:/home/tdurieux/.m2/repository/commons-logging/commons-logging/1.0.4/commons-logging-1.0.4.jar:/home/tdurieux/.m2/repository/org/mortbay/jetty/jsp-api-2.1/6.1.14/jsp-api-2.1-6.1.14.jar:/home/tdurieux/.m2/repository/org/springframework/spring-web/3.1.2.RELEASE/spring-web-3.1.2.RELEASE.jar:/home/tdurieux/.m2/repository/org/hamcrest/hamcrest-core/1.3/hamcrest-core-1.3.jar:/home/tdurieux/.m2/repository/org/eclipse/persistence/org.eclipse.persistence.core/2.5.0/org.eclipse.persistence.core-2.5.0.jar:/home/tdurieux/.m2/repository/org/springframework/spring-webmvc/3.1.2.RELEASE/spring-webmvc-3.1.2.RELEASE.jar:/home/tdurieux/.m2/repository/org/xerial/snappy/snappy-java/1.0.4.1/snappy-java-1.0.4.1.jar:/home/tdurieux/.m2/repository/commons-codec/commons-codec/1.6/commons-codec-1.6.jar:/home/tdurieux/.m2/repository/org/mockejb/mockejb/0.6-beta2/mockejb-0.6-beta2.jar:/home/tdurieux/.m2/repository/commons-net/commons-net/1.4.1/commons-net-1.4.1.jar:/home/tdurieux/.m2/repository/javax/xml/stream/stax-api/1.0-2/stax-api-1.0-2.jar:/home/tdurieux/.m2/repository/commons-digester/commons-digester/1.8/commons-digester-1.8.jar:/home/tdurieux/.m2/repository/org/osgi/core/4.3.0/core-4.3.0.jar:/home/tdurieux/.m2/repository/org/eclipse/persistence/org.eclipse.persistence.jpa/2.5.0/org.eclipse.persistence.jpa-2.5.0.jar:/home/tdurieux/.m2/repository/org/springframework/spring-test/3.1.2.RELEASE/spring-test-3.1.2.RELEASE.jar:/home/tdurieux/.m2/repository/org/apache/avro/avro-ipc/1.7.2/avro-ipc-1.7.2.jar:/home/tdurieux/.m2/repository/org/apache/logging/log4j/samples/log4j-samples-flume-common/2.0-beta8-SNAPSHOT/log4j-samples-flume-common-2.0-beta8-SNAPSHOT.jar:/home/tdurieux/.m2/repository/org/apache/logging/log4j/log4j-1.2-api/2.0-beta8-SNAPSHOT/log4j-1.2-api-2.0-beta8-SNAPSHOT.jar:/home/tdurieux/.m2/repository/javax/mail/mail/1.4.7/mail-1.4.7.jar:/home/tdurieux/.m2/repository/log4j/log4j/1.2.17/log4j-1.2.17.jar:/home/tdurieux/.m2/repository/commons-codec/commons-codec/1.2/commons-codec-1.2.jar:/home/tdurieux/.m2/repository/com/h2database/h2/1.3.172/h2-1.3.172.jar:/home/tdurieux/.m2/repository/commons-codec/commons-codec/1.4/commons-codec-1.4.jar:/home/tdurieux/.m2/repository/org/apache/commons/commons-math/2.1/commons-math-2.1.jar:/home/tdurieux/.m2/repository/ch/qos/logback/logback-classic/1.0.13/logback-classic-1.0.13.jar:/home/tdurieux/.m2/repository/commons-beanutils/commons-beanutils/1.7.0/commons-beanutils-1.7.0.jar:/home/tdurieux/.m2/repository/com/google/code/findbugs/jsr305/1.3.9/jsr305-1.3.9.jar:/home/tdurieux/.m2/repository/com/google/guava/guava/10.0.1/guava-10.0.1.jar:/home/tdurieux/.m2/repository/xmlenc/xmlenc/0.52/xmlenc-0.52.jar:/home/tdurieux/.m2/repository/org/mortbay/jetty/servlet-api-2.5/6.1.14/servlet-api-2.5-6.1.14.jar:/home/tdurieux/.m2/repository/org/mortbay/jetty/jetty-util/6.1.26/jetty-util-6.1.26.jar:/home/tdurieux/.m2/repository/org/apache/logging/log4j/log4j-flume-ng/2.0-beta8-SNAPSHOT/log4j-flume-ng-2.0-beta8-SNAPSHOT.jar:/home/tdurieux/.m2/repository/wsdl4j/wsdl4j/1.6.1/wsdl4j-1.6.1.jar:/home/tdurieux/.m2/repository/org/springframework/ws/spring-xml/2.1.3.RELEASE/spring-xml-2.1.3.RELEASE.jar:/home/tdurieux/.m2/repository/org/schwering/irclib/1.10/irclib-1.10.jar:/home/tdurieux/.m2/repository/com/google/code/gson/gson/2.2.2/gson-2.2.2.jar:/home/tdurieux/.m2/repository/org/springframework/spring-oxm/3.2.2.RELEASE/spring-oxm-3.2.2.RELEASE.jar:/home/tdurieux/.m2/repository/org/codehaus/jackson/jackson-core-asl/1.9.11/jackson-core-asl-1.9.11.jar:/home/tdurieux/.m2/repository/org/springframework/spring-expression/3.1.2.RELEASE/spring-expression-3.1.2.RELEASE.jar:/home/tdurieux/.m2/repository/org/codehaus/jackson/jackson-mapper-asl/1.9.11/jackson-mapper-asl-1.9.11.jar:/home/tdurieux/.m2/repository/commons-io/commons-io/2.1/commons-io-2.1.jar:/home/tdurieux/.m2/repository/org/lightcouch/lightcouch/0.0.5/lightcouch-0.0.5.jar:/home/tdurieux/.m2/repository/commons-lang/commons-lang/2.5/commons-lang-2.5.jar:/home/tdurieux/.m2/repository/commons-el/commons-el/1.0/commons-el-1.0.jar:/home/tdurieux/.m2/repository/org/slf4j/slf4j-ext/1.7.5/slf4j-ext-1.7.5.jar:/home/tdurieux/.m2/repository/org/springframework/spring-core/3.1.2.RELEASE/spring-core-3.1.2.RELEASE.jar:/home/tdurieux/.m2/repository/org/springframework/spring-context-support/3.1.2.RELEASE/spring-context-support-3.1.2.RELEASE.jar:/home/tdurieux/.m2/repository/org/easymock/easymock/3.1/easymock-3.1.jar:/home/tdurieux/.m2/repository/org/apache/logging/log4j/log4j-slf4j-impl/2.0-beta8-SNAPSHOT/log4j-slf4j-impl-2.0-beta8-SNAPSHOT.jar:/home/tdurieux/.m2/repository/commons-httpclient/commons-httpclient/3.1/commons-httpclient-3.1.jar:/home/tdurieux/.m2/repository/commons-logging/commons-logging/1.1.1/commons-logging-1.1.1.jar:/home/tdurieux/.m2/repository/org/apache/hadoop/hadoop-core/1.1.1/hadoop-core-1.1.1.jar:/home/tdurieux/.m2/repository/org/eclipse/jdt/core/3.1.1/core-3.1.1.jar:/home/tdurieux/.m2/repository/ch/qos/cal10n/cal10n-api/0.7.4/cal10n-api-0.7.4.jar:/home/tdurieux/.m2/repository/com/lmax/disruptor/3.0.1/disruptor-3.0.1.jar:/home/tdurieux/.m2/repository/org/apache/flume/flume-ng-sinks/flume-hdfs-sink/1.3.1/flume-hdfs-sink-1.3.1.jar:/home/tdurieux/.m2/repository/ant/ant/1.6.5/ant-1.6.5.jar:/home/tdurieux/.m2/repository/org/apache/flume/flume-ng-node/1.3.1/flume-ng-node-1.3.1.jar:/home/tdurieux/.m2/repository/org/slf4j/slf4j-api/1.7.5/slf4j-api-1.7.5.jar:/home/tdurieux/.m2/repository/com/fasterxml/jackson/core/jackson-core/2.2.1/jackson-core-2.2.1.jar:/home/tdurieux/.m2/repository/commons-cli/commons-cli/1.2/commons-cli-1.2.jar:/home/tdurieux/.m2/repository/org/apache/logging/log4j/log4j-core/2.0-beta8-SNAPSHOT/log4j-core-2.0-beta8-SNAPSHOT-tests.jar:/home/tdurieux/.m2/repository/org/springframework/spring-context/3.1.2.RELEASE/spring-context-3.1.2.RELEASE.jar:/home/tdurieux/.m2/repository/javax/servlet/jsp/jsp-api/2.1/jsp-api-2.1.jar:/home/tdurieux/.m2/repository/org/eclipse/persistence/org.eclipse.persistence.antlr/2.5.0/org.eclipse.persistence.antlr-2.5.0.jar:/home/tdurieux/.m2/repository/org/apache/geronimo/specs/geronimo-jms_1.1_spec/1.0/geronimo-jms_1.1_spec-1.0.jar:/home/tdurieux/.m2/repository/org/apache/httpcomponents/httpclient/4.2.2/httpclient-4.2.2.jar:/home/tdurieux/.m2/repository/org/hsqldb/hsqldb/2.2.9/hsqldb-2.2.9.jar:/home/tdurieux/.m2/repository/org/springframework/spring-asm/3.1.2.RELEASE/spring-asm-3.1.2.RELEASE.jar:/home/tdurieux/.m2/repository/org/apache/velocity/velocity/1.7/velocity-1.7.jar:/home/tdurieux/.m2/repository/junit/junit/4.11/junit-4.11.jar:/home/tdurieux/.m2/repository/commons-configuration/commons-configuration/1.6/commons-configuration-1.6.jar:/home/tdurieux/.m2/repository/net/java/dev/jets3t/jets3t/0.6.1/jets3t-0.6.1.jar:/home/tdurieux/.m2/repository/commons-logging/commons-logging/1.0.3/commons-logging-1.0.3.jar:/home/tdurieux/.m2/repository/oro/oro/2.0.8/oro-2.0.8.jar:/home/tdurieux/.m2/repository/com/fasterxml/jackson/core/jackson-databind/2.2.1/jackson-databind-2.2.1.jar:/home/tdurieux/.m2/repository/org/apache/flume/flume-ng-sdk/1.3.1/flume-ng-sdk-1.3.1.jar:/home/tdurieux/.m2/repository/org/springframework/spring-beans/3.1.2.RELEASE/spring-beans-3.1.2.RELEASE.jar:/home/tdurieux/.m2/repository/ch/qos/logback/logback-core/1.0.13/logback-core-1.0.13-tests.jar:/home/tdurieux/.m2/repository/cglib/cglib-full/2.0.2/cglib-full-2.0.2.jar:/home/tdurieux/.m2/repository/commons-collections/commons-collections/3.2.1/commons-collections-3.2.1.jar;
	echo "\n\nNode: `hostname`\n";
	echo "\n\nDate: `date`\n";
Picked up JAVA_TOOL_OPTIONS: -Dfile.encoding=UTF8 -Duser.language=en-US -Duser.country=US -Duser.language=en
[diffFormat, seed, binJavaDir, externalProjRoot, dependences, binTestDir, srcJavaDir]
[diffFormat, binJavaDir, externalProjRoot, dependences, binTestDir, srcJavaDir]
Fault localization starts...
Number of positive tests: 95
Number of negative tests: 41
Fault localization is finished!
AST parsing starts...
AST parsing is finished!
Detection of local variables starts...
Detection of local variables is finished!
Detection of fields starts...
Detection of fields is finished!
Detection of methods starts...
Detection of methods is finished!
Ingredient screener starts...
Ingredient screener is finished!
Initialization of manipulations starts...
Initialization of manipulations is finished!
Filtering of the tests starts...
Number of positive tests considered: 31
Filtering of the tests is finished!
One fitness evaluation starts...
One fitness evaluation starts...
Number of failed tests: 42
Weighted failure rate: 1.0161290322580645
One fitness evaluation is finished...
One fitness evaluation starts...
Number of failed tests: 41
Weighted failure rate: 0.966955153422502
One fitness evaluation is finished...
One fitness evaluation starts...
Number of failed tests: 41
Weighted failure rate: 1.0
One fitness evaluation is finished...
One fitness evaluation starts...
Compilation fails!
One fitness evaluation is finished...
One fitness evaluation starts...
Number of failed tests: 41
Weighted failure rate: 1.0
One fitness evaluation is finished...
One fitness evaluation starts...
Number of failed tests: 41
Weighted failure rate: 1.0
One fitness evaluation is finished...
One fitness evaluation starts...
One fitness evaluation starts...
One fitness evaluation starts...
One fitness evaluation starts...
Number of failed tests: 41
Weighted failure rate: 1.0
One fitness evaluation is finished...
One fitness evaluation starts...
Number of failed tests: 41
Weighted failure rate: 1.0
One fitness evaluation is finished...
One fitness evaluation starts...
One fitness evaluation starts...
One fitness evaluation starts...
One fitness evaluation starts...
One fitness evaluation starts...
Number of failed tests: 41
Weighted failure rate: 1.0
One fitness evaluation is finished...
One fitness evaluation starts...
One fitness evaluation starts...
One fitness evaluation starts...
Number of failed tests: 39
Weighted failure rate: 0.9346970889063729
One fitness evaluation is finished...
One fitness evaluation starts...
One fitness evaluation starts...
One fitness evaluation starts...
Compilation fails!
One fitness evaluation is finished...
One fitness evaluation starts...
Timeout occurs!
One fitness evaluation is finished...
One fitness evaluation starts...
One fitness evaluation starts...
One fitness evaluation starts...
One fitness evaluation starts...
One fitness evaluation starts...
One fitness evaluation starts...
Number of failed tests: 41
Weighted failure rate: 1.0
One fitness evaluation is finished...
One fitness evaluation starts...
One fitness evaluation starts...
One fitness evaluation starts...
Number of failed tests: 41
Weighted failure rate: 1.0
One fitness evaluation is finished...
One fitness evaluation starts...
Number of failed tests: 41
Weighted failure rate: 1.0
One fitness evaluation is finished...
One fitness evaluation starts...
One fitness evaluation starts...
Number of failed tests: 41
Weighted failure rate: 1.0
One fitness evaluation is finished...
One fitness evaluation starts...
One fitness evaluation starts...
Number of failed tests: 41
Weighted failure rate: 1.0
One fitness evaluation is finished...
One fitness evaluation starts...
One fitness evaluation starts...
Number of failed tests: 41
Weighted failure rate: 1.0
One fitness evaluation is finished...
One fitness evaluation starts...
One fitness evaluation starts...
Number of failed tests: 41
Weighted failure rate: 1.0
One fitness evaluation is finished...
One fitness evaluation starts...
Number of failed tests: 42
Weighted failure rate: 1.0161290322580645
One fitness evaluation is finished...
One fitness evaluation starts...
Compilation fails!
One fitness evaluation is finished...
One fitness evaluation starts...
Number of failed tests: 41
Weighted failure rate: 1.0
One fitness evaluation is finished...
One fitness evaluation starts...
Number of failed tests: 41
Weighted failure rate: 1.0
One fitness evaluation is finished...
One fitness evaluation starts...
Number of failed tests: 41
Weighted failure rate: 1.0
One fitness evaluation is finished...
One fitness evaluation starts...
Number of failed tests: 41
Weighted failure rate: 1.0
One fitness evaluation is finished...
One fitness evaluation starts...
One fitness evaluation starts...
Number of failed tests: 41
Weighted failure rate: 1.0
One fitness evaluation is finished...
One fitness evaluation starts...
Number of failed tests: 41
Weighted failure rate: 1.0
One fitness evaluation is finished...
One fitness evaluation starts...
Compilation fails!
One fitness evaluation is finished...
One fitness evaluation starts...
Compilation fails!
One fitness evaluation is finished...
One fitness evaluation starts...
Number of failed tests: 41
Weighted failure rate: 1.0
One fitness evaluation is finished...
One fitness evaluation starts...
Number of failed tests: 41
Weighted failure rate: 1.0
One fitness evaluation is finished...
One fitness evaluation starts...
Number of failed tests: 41
Weighted failure rate: 1.0
One fitness evaluation is finished...
One fitness evaluation starts...
Number of failed tests: 41
Weighted failure rate: 1.0
One fitness evaluation is finished...
One fitness evaluation starts...
One fitness evaluation starts...
Number of failed tests: 41
Weighted failure rate: 1.0
One fitness evaluation is finished...
One fitness evaluation starts...
Number of failed tests: 43
Weighted failure rate: 1.032258064516129
One fitness evaluation is finished...
One fitness evaluation starts...
One fitness evaluation starts...
Number of failed tests: 41
Weighted failure rate: 1.0
One fitness evaluation is finished...
One fitness evaluation starts...
One fitness evaluation starts...
Compilation fails!
One fitness evaluation is finished...
One fitness evaluation starts...
Number of failed tests: 41
Weighted failure rate: 1.0
One fitness evaluation is finished...
One fitness evaluation starts...
One fitness evaluation starts...
One fitness evaluation starts...
Number of failed tests: 41
Weighted failure rate: 1.0
One fitness evaluation is finished...
One fitness evaluation starts...
Compilation fails!
One fitness evaluation is finished...
One fitness evaluation starts...
Number of failed tests: 49
Weighted failure rate: 1.129032258064516
One fitness evaluation is finished...
One fitness evaluation starts...
Compilation fails!
One fitness evaluation is finished...
One fitness evaluation starts...
One fitness evaluation starts...
Number of failed tests: 41
Weighted failure rate: 1.0
One fitness evaluation is finished...
One fitness evaluation starts...
One fitness evaluation starts...
Number of failed tests: 41
Weighted failure rate: 1.0
One fitness evaluation is finished...
One fitness evaluation starts...
Number of failed tests: 42
Weighted failure rate: 1.0161290322580645
One fitness evaluation is finished...
One fitness evaluation starts...
Number of failed tests: 41
Weighted failure rate: 1.0
One fitness evaluation is finished...
One fitness evaluation starts...
Number of failed tests: 41
Weighted failure rate: 1.0
One fitness evaluation is finished...
One fitness evaluation starts...
Number of failed tests: 41
Weighted failure rate: 1.0
One fitness evaluation is finished...
One fitness evaluation starts...
Number of failed tests: 41
Weighted failure rate: 1.0
One fitness evaluation is finished...
One fitness evaluation starts...
Number of failed tests: 41
Weighted failure rate: 1.0
One fitness evaluation is finished...
One fitness evaluation starts...
Compilation fails!
One fitness evaluation is finished...
One fitness evaluation starts...
Number of failed tests: 41
Weighted failure rate: 1.0
One fitness evaluation is finished...
One fitness evaluation starts...
Number of failed tests: 41
Weighted failure rate: 1.0
One fitness evaluation is finished...
One fitness evaluation starts...
One fitness evaluation starts...
One fitness evaluation starts...
Compilation fails!
One fitness evaluation is finished...
One fitness evaluation starts...
Number of failed tests: 41
Weighted failure rate: 1.0
One fitness evaluation is finished...
One fitness evaluation starts...


Node: graphene-113.nancy.grid5000.fr



Date: Sat Dec 29 16:39:49 EST 2018

