cd /tmp/Nopol_IntroClassJava_digits_6e464f2b5ba1d5ad3d4fc366e7d7712b424aabd8b41ca36257115a16416d202feb27397a413d04944c9ac76976fa8ff8ae646144855e08791ebf9593d1caaaca_000;
export JAVA_TOOL_OPTIONS="-Dfile.encoding=UTF8 -Duser.language=en-US -Duser.country=US -Duser.language=en";
TZ="America/New_York"; export TZ;
export PATH="/usr/lib/jvm/java-1.8.0-openjdk-amd64/bin/:$PATH";
export JAVA_HOME="/usr/lib/jvm/java-1.8.0-openjdk-amd64/bin/";
time java -Xmx4048m -cp /home/tdurieux/RepairThemAll/script/../repair_tools/nopol.jar:/usr/lib/jvm/java-1.8.0-openjdk-amd64/bin//../lib/tools.jar fr.inria.lille.repair.Main \
	--mode repair \
	--type pre_then_cond \
	--oracle angelic \
	--synthesis smt \
	--flocal gzoltar \
	--json \
	--solver z3 \
	--solver-path /home/tdurieux/RepairThemAll/script/../libs/z3/build/z3 \
	--complianceLevel 7 \
	--source src/main/java \
	--classpath "target/classes:target/test-classes:/home/tdurieux/.m2/repository/junit/junit/4.11/junit-4.11.jar:/home/tdurieux/.m2/repository/org/hamcrest/hamcrest-core/1.3/hamcrest-core-1.3.jar:/home/tdurieux/RepairThemAll/script/../repair_tools/nopol.jar";
	echo "\n\nNode: `hostname`\n";
	echo "\n\nDate: `date`\n";
Picked up JAVA_TOOL_OPTIONS: -Dfile.encoding=UTF8 -Duser.language=en-US -Duser.country=US -Duser.language=en
16:02:36.302 [main] INFO  fr.inria.lille.repair.nopol.NoPol - Source files: [src/main/java]
16:02:36.332 [main] INFO  fr.inria.lille.repair.nopol.NoPol - Classpath: [file:/tmp/Nopol_IntroClassJava_digits_6e464f2b5ba1d5ad3d4fc366e7d7712b424aabd8b41ca36257115a16416d202feb27397a413d04944c9ac76976fa8ff8ae646144855e08791ebf9593d1caaaca_000/target/classes/, file:/tmp/Nopol_IntroClassJava_digits_6e464f2b5ba1d5ad3d4fc366e7d7712b424aabd8b41ca36257115a16416d202feb27397a413d04944c9ac76976fa8ff8ae646144855e08791ebf9593d1caaaca_000/target/test-classes/, file:/home/tdurieux/.m2/repository/junit/junit/4.11/junit-4.11.jar, file:/home/tdurieux/.m2/repository/org/hamcrest/hamcrest-core/1.3/hamcrest-core-1.3.jar, file:/home/tdurieux/RepairThemAll/script/../repair_tools/nopol.jar]
16:02:36.332 [main] INFO  fr.inria.lille.repair.nopol.NoPol - Statement type: PRE_THEN_COND
16:02:36.332 [main] INFO  fr.inria.lille.repair.nopol.NoPol - Args: [introclassJava.digits_6e464f2b_000BlackboxTest, introclassJava.digits_6e464f2b_000WhiteboxTest]
16:02:36.334 [main] INFO  fr.inria.lille.repair.nopol.NoPol - Config: Config{synthesisDepth=3, collectStaticMethods=true, collectStaticFields=false, collectLiterals=false, onlyOneSynthesisResult=true, sortExpressions=true, maxLineInvocationPerTest=250, timeoutMethodInvocation=2000, dataCollectionTimeoutInSecondForSynthesis=900, addWeight=0.19478, subWeight=0.04554, mulWeight=0.0102, divWeight=0.00613, andWeight=0.10597, orWeight=0.05708, eqWeight=0.22798, nEqWeight=0.0, lessEqWeight=0.0255, lessWeight=0.0947, methodCallWeight=0.1, fieldAccessWeight=0.08099, constantWeight=0.14232, variableWeight=0.05195, mode=REPAIR, type=PRE_THEN_COND, synthesis=SMT, oracle=ANGELIC, solver=Z3, solverPath='/home/tdurieux/RepairThemAll/script/../libs/z3/build/z3', projectSources=[src/main/java], projectClasspath='[Ljava.net.URL;@66d33a', projectTests=[introclassJava.digits_6e464f2b_000BlackboxTest, introclassJava.digits_6e464f2b_000WhiteboxTest], complianceLevel=7, outputFolder=., json=true}
16:02:36.334 [main] INFO  fr.inria.lille.repair.nopol.NoPol - Available processors (cores): 8
16:02:36.344 [main] INFO  fr.inria.lille.repair.nopol.NoPol - Free memory: 467 MB
16:02:36.344 [main] INFO  fr.inria.lille.repair.nopol.NoPol - Maximum memory: 3 GB
16:02:36.344 [main] INFO  fr.inria.lille.repair.nopol.NoPol - Total memory available to JVM: 483 MB
16:02:36.344 [main] INFO  fr.inria.lille.repair.nopol.NoPol - Java version: 1.8.0_181
16:02:36.345 [main] INFO  fr.inria.lille.repair.nopol.NoPol - JAVA_HOME: /usr/lib/jvm/java-1.8.0-openjdk-amd64/bin/
16:02:36.345 [main] INFO  fr.inria.lille.repair.nopol.NoPol - PATH: /usr/lib/jvm/java-1.8.0-openjdk-amd64/bin/:/usr/lib/oar/oardodo:/usr/lib/oar/oardodo:/usr/local/bin:/usr/bin:/bin:/usr/games
16:02:40.046 [pool-2-thread-1] DEBUG fr.inria.lille.repair.nopol.NoPol - statement #1
16:02:40.047 [pool-2-thread-1] DEBUG fr.inria.lille.repair.nopol.NoPol - Analysing SourceLocation introclassJava.digits_6e464f2b_000:82 which is executed by 16 tests
1806114942
16:02:40.344 [pool-2-thread-1] DEBUG fr.inria.lille.repair.nopol.NoPol - looking with class fr.inria.lille.repair.nopol.spoon.smt.ConditionalAdder
org.junit.ComparisonFailure: expected:<Enteraninteger>[0]That'sall,haveaniced...> but was:<Enteraninteger>[]That'sall,haveaniced...>
    at org.junit.Assert.assertEquals(Assert.java:115)
    at org.junit.Assert.assertEquals(Assert.java:144)
    at introclassJava.digits_6e464f2b_000WhiteboxTest.test1(digits_6e464f2b_000WhiteboxTest.java:13)
    at sun.reflect.NativeMethodAccessorImpl.invoke0(Native Method)
    at sun.reflect.NativeMethodAccessorImpl.invoke(NativeMethodAccessorImpl.java:62)
    at sun.reflect.DelegatingMethodAccessorImpl.invoke(DelegatingMethodAccessorImpl.java:43)
16:02:40.404 [pool-4-thread-1] INFO  xxl.java.junit.TestCasesListener - Tests run finished (32 ms)
<> Total tests run: 10
<> Ignored tests: 0
<> Failed tests: 1
~ test1(introclassJava.digits_6e464f2b_000WhiteboxTest)
[expected:<Enteraninteger>[0]That'sall,haveaniced...> but was:<Enteraninteger>[]That'sall,haveaniced...>]
org.junit.ComparisonFailure: expected:<Enteraninteger>[0]That'sall,haveaniced...> but was:<Enteraninteger>[]That'sall,haveaniced...>    at org.junit.Assert.assertEquals(Assert.java:115)
    at org.junit.Assert.assertEquals(Assert.java:144)
    at introclassJava.digits_6e464f2b_000WhiteboxTest.test1(digits_6e464f2b_000WhiteboxTest.java:13)
    at sun.reflect.NativeMethodAccessorImpl.invoke0(Native Method)
    at sun.reflect.NativeMethodAccessorImpl.invoke(NativeMethodAccessorImpl.java:62)
    at sun.reflect.DelegatingMethodAccessorImpl.invoke(DelegatingMethodAccessorImpl.java:43)

org.junit.ComparisonFailure: expected:<Enteraninteger>[0]That'sall,haveaniced...> but was:<Enteraninteger>[]That'sall,haveaniced...>
    at org.junit.Assert.assertEquals(Assert.java:115)
    at org.junit.Assert.assertEquals(Assert.java:144)
    at introclassJava.digits_6e464f2b_000WhiteboxTest.test1(digits_6e464f2b_000WhiteboxTest.java:13)
    at sun.reflect.NativeMethodAccessorImpl.invoke0(Native Method)
    at sun.reflect.NativeMethodAccessorImpl.invoke(NativeMethodAccessorImpl.java:62)
    at sun.reflect.DelegatingMethodAccessorImpl.invoke(DelegatingMethodAccessorImpl.java:43)
16:02:41.048 [pool-5-thread-1] INFO  f.i.l.c.t.SpecificationTestCasesListener - Tests run finished (8 ms)
<> Total tests run: 1
<> Ignored tests: 0
<> Failed tests: 1
~ test1(introclassJava.digits_6e464f2b_000WhiteboxTest)
[expected:<Enteraninteger>[0]That'sall,haveaniced...> but was:<Enteraninteger>[]That'sall,haveaniced...>]
org.junit.ComparisonFailure: expected:<Enteraninteger>[0]That'sall,haveaniced...> but was:<Enteraninteger>[]That'sall,haveaniced...>    at org.junit.Assert.assertEquals(Assert.java:115)
    at org.junit.Assert.assertEquals(Assert.java:144)
    at introclassJava.digits_6e464f2b_000WhiteboxTest.test1(digits_6e464f2b_000WhiteboxTest.java:13)
    at sun.reflect.NativeMethodAccessorImpl.invoke0(Native Method)
    at sun.reflect.NativeMethodAccessorImpl.invoke(NativeMethodAccessorImpl.java:62)
    at sun.reflect.DelegatingMethodAccessorImpl.invoke(DelegatingMethodAccessorImpl.java:43)

org.junit.ComparisonFailure: expected:<Enteraninteger>[0]That'sall,haveaniced...> but was:<Enteraninteger>[]That'sall,haveaniced...>
    at org.junit.Assert.assertEquals(Assert.java:115)
    at org.junit.Assert.assertEquals(Assert.java:144)
    at introclassJava.digits_6e464f2b_000WhiteboxTest.test1(digits_6e464f2b_000WhiteboxTest.java:13)
    at sun.reflect.NativeMethodAccessorImpl.invoke0(Native Method)
    at sun.reflect.NativeMethodAccessorImpl.invoke(NativeMethodAccessorImpl.java:62)
    at sun.reflect.DelegatingMethodAccessorImpl.invoke(DelegatingMethodAccessorImpl.java:43)
16:02:41.052 [pool-6-thread-1] INFO  f.i.l.c.t.SpecificationTestCasesListener - Tests run finished (2 ms)
<> Total tests run: 1
<> Ignored tests: 0
<> Failed tests: 1
~ test1(introclassJava.digits_6e464f2b_000WhiteboxTest)
[expected:<Enteraninteger>[0]That'sall,haveaniced...> but was:<Enteraninteger>[]That'sall,haveaniced...>]
org.junit.ComparisonFailure: expected:<Enteraninteger>[0]That'sall,haveaniced...> but was:<Enteraninteger>[]That'sall,haveaniced...>    at org.junit.Assert.assertEquals(Assert.java:115)
    at org.junit.Assert.assertEquals(Assert.java:144)
    at introclassJava.digits_6e464f2b_000WhiteboxTest.test1(digits_6e464f2b_000WhiteboxTest.java:13)
    at sun.reflect.NativeMethodAccessorImpl.invoke0(Native Method)
    at sun.reflect.NativeMethodAccessorImpl.invoke(NativeMethodAccessorImpl.java:62)
    at sun.reflect.DelegatingMethodAccessorImpl.invoke(DelegatingMethodAccessorImpl.java:43)

16:02:41.053 [pool-3-thread-1] DEBUG tests.output - Failing tests with false: 
[test1(introclassJava.digits_6e464f2b_000WhiteboxTest): expected:<Enteraninteger>[0]That'sall,haveaniced...> but was:<Enteraninteger>[]That'sall,haveaniced...>]
16:02:41.053 [pool-3-thread-1] DEBUG tests.output - Failing tests with true: 
[test1(introclassJava.digits_6e464f2b_000WhiteboxTest): expected:<Enteraninteger>[0]That'sall,haveaniced...> but was:<Enteraninteger>[]That'sall,haveaniced...>]
16:02:41.053 [pool-3-thread-1] INFO  f.i.l.r.n.synth.SMTNopolSynthesizer - Not enough specifications: 0. A trivial patch is "true" or "false", please write new tests specifying SourceLocation introclassJava.digits_6e464f2b_000:82.
16:02:41.054 [pool-2-thread-1] DEBUG fr.inria.lille.repair.nopol.NoPol - statement #2
16:02:41.054 [pool-2-thread-1] DEBUG fr.inria.lille.repair.nopol.NoPol - Analysing SourceLocation introclassJava.digits_6e464f2b_000:80 which is executed by 16 tests
1806114942
16:02:41.120 [pool-2-thread-1] DEBUG fr.inria.lille.repair.nopol.NoPol - looking with class fr.inria.lille.repair.nopol.spoon.smt.ConditionalAdder
org.junit.ComparisonFailure: expected:<Enteraninteger>[0]That'sall,haveaniced...> but was:<Enteraninteger>[]That'sall,haveaniced...>
    at org.junit.Assert.assertEquals(Assert.java:115)
    at org.junit.Assert.assertEquals(Assert.java:144)
    at introclassJava.digits_6e464f2b_000WhiteboxTest.test1(digits_6e464f2b_000WhiteboxTest.java:13)
    at sun.reflect.NativeMethodAccessorImpl.invoke0(Native Method)
    at sun.reflect.NativeMethodAccessorImpl.invoke(NativeMethodAccessorImpl.java:62)
    at sun.reflect.DelegatingMethodAccessorImpl.invoke(DelegatingMethodAccessorImpl.java:43)
16:02:41.162 [pool-8-thread-1] INFO  xxl.java.junit.TestCasesListener - Tests run finished (37 ms)
<> Total tests run: 10
<> Ignored tests: 0
<> Failed tests: 1
~ test1(introclassJava.digits_6e464f2b_000WhiteboxTest)
[expected:<Enteraninteger>[0]That'sall,haveaniced...> but was:<Enteraninteger>[]That'sall,haveaniced...>]
org.junit.ComparisonFailure: expected:<Enteraninteger>[0]That'sall,haveaniced...> but was:<Enteraninteger>[]That'sall,haveaniced...>    at org.junit.Assert.assertEquals(Assert.java:115)
    at org.junit.Assert.assertEquals(Assert.java:144)
    at introclassJava.digits_6e464f2b_000WhiteboxTest.test1(digits_6e464f2b_000WhiteboxTest.java:13)
    at sun.reflect.NativeMethodAccessorImpl.invoke0(Native Method)
    at sun.reflect.NativeMethodAccessorImpl.invoke(NativeMethodAccessorImpl.java:62)
    at sun.reflect.DelegatingMethodAccessorImpl.invoke(DelegatingMethodAccessorImpl.java:43)

org.junit.ComparisonFailure: expected:<Enteraninteger>[0That'sall,haveaniceday!]> but was:<Enteraninteger>[]>
    at org.junit.Assert.assertEquals(Assert.java:115)
    at org.junit.Assert.assertEquals(Assert.java:144)
    at introclassJava.digits_6e464f2b_000WhiteboxTest.test1(digits_6e464f2b_000WhiteboxTest.java:13)
    at sun.reflect.NativeMethodAccessorImpl.invoke0(Native Method)
    at sun.reflect.NativeMethodAccessorImpl.invoke(NativeMethodAccessorImpl.java:62)
    at sun.reflect.DelegatingMethodAccessorImpl.invoke(DelegatingMethodAccessorImpl.java:43)
16:02:41.314 [pool-9-thread-1] INFO  f.i.l.c.t.SpecificationTestCasesListener - Tests run finished (3 ms)
<> Total tests run: 1
<> Ignored tests: 0
<> Failed tests: 1
~ test1(introclassJava.digits_6e464f2b_000WhiteboxTest)
[expected:<Enteraninteger>[0That'sall,haveaniceday!]> but was:<Enteraninteger>[]>]
org.junit.ComparisonFailure: expected:<Enteraninteger>[0That'sall,haveaniceday!]> but was:<Enteraninteger>[]>    at org.junit.Assert.assertEquals(Assert.java:115)
    at org.junit.Assert.assertEquals(Assert.java:144)
    at introclassJava.digits_6e464f2b_000WhiteboxTest.test1(digits_6e464f2b_000WhiteboxTest.java:13)
    at sun.reflect.NativeMethodAccessorImpl.invoke0(Native Method)
    at sun.reflect.NativeMethodAccessorImpl.invoke(NativeMethodAccessorImpl.java:62)
    at sun.reflect.DelegatingMethodAccessorImpl.invoke(DelegatingMethodAccessorImpl.java:43)

org.junit.ComparisonFailure: expected:<Enteraninteger>[0]That'sall,haveaniced...> but was:<Enteraninteger>[]That'sall,haveaniced...>
    at org.junit.Assert.assertEquals(Assert.java:115)
    at org.junit.Assert.assertEquals(Assert.java:144)
    at introclassJava.digits_6e464f2b_000WhiteboxTest.test1(digits_6e464f2b_000WhiteboxTest.java:13)
    at sun.reflect.NativeMethodAccessorImpl.invoke0(Native Method)
    at sun.reflect.NativeMethodAccessorImpl.invoke(NativeMethodAccessorImpl.java:62)
    at sun.reflect.DelegatingMethodAccessorImpl.invoke(DelegatingMethodAccessorImpl.java:43)
16:02:41.318 [pool-10-thread-1] INFO  f.i.l.c.t.SpecificationTestCasesListener - Tests run finished (1 ms)
<> Total tests run: 1
<> Ignored tests: 0
<> Failed tests: 1
~ test1(introclassJava.digits_6e464f2b_000WhiteboxTest)
[expected:<Enteraninteger>[0]That'sall,haveaniced...> but was:<Enteraninteger>[]That'sall,haveaniced...>]
org.junit.ComparisonFailure: expected:<Enteraninteger>[0]That'sall,haveaniced...> but was:<Enteraninteger>[]That'sall,haveaniced...>    at org.junit.Assert.assertEquals(Assert.java:115)
    at org.junit.Assert.assertEquals(Assert.java:144)
    at introclassJava.digits_6e464f2b_000WhiteboxTest.test1(digits_6e464f2b_000WhiteboxTest.java:13)
    at sun.reflect.NativeMethodAccessorImpl.invoke0(Native Method)
    at sun.reflect.NativeMethodAccessorImpl.invoke(NativeMethodAccessorImpl.java:62)
    at sun.reflect.DelegatingMethodAccessorImpl.invoke(DelegatingMethodAccessorImpl.java:43)

16:02:41.319 [pool-7-thread-1] DEBUG tests.output - Failing tests with false: 
[test1(introclassJava.digits_6e464f2b_000WhiteboxTest): expected:<Enteraninteger>[0That'sall,haveaniceday!]> but was:<Enteraninteger>[]>]
16:02:41.319 [pool-7-thread-1] DEBUG tests.output - Failing tests with true: 
[test1(introclassJava.digits_6e464f2b_000WhiteboxTest): expected:<Enteraninteger>[0]That'sall,haveaniced...> but was:<Enteraninteger>[]That'sall,haveaniced...>]
16:02:41.319 [pool-7-thread-1] INFO  f.i.l.r.n.synth.SMTNopolSynthesizer - Not enough specifications: 0. A trivial patch is "true" or "false", please write new tests specifying SourceLocation introclassJava.digits_6e464f2b_000:80.
16:02:41.319 [pool-2-thread-1] DEBUG fr.inria.lille.repair.nopol.NoPol - statement #3
16:02:41.320 [pool-2-thread-1] DEBUG fr.inria.lille.repair.nopol.NoPol - Analysing SourceLocation introclassJava.digits_6e464f2b_000:75 which is executed by 16 tests
1806114942
16:02:41.383 [pool-2-thread-1] DEBUG fr.inria.lille.repair.nopol.NoPol - looking with class fr.inria.lille.repair.nopol.spoon.smt.ConditionalAdder
org.junit.ComparisonFailure: expected:<Enteraninteger>[0]That'sall,haveaniced...> but was:<Enteraninteger>[]That'sall,haveaniced...>
    at org.junit.Assert.assertEquals(Assert.java:115)
    at org.junit.Assert.assertEquals(Assert.java:144)
    at introclassJava.digits_6e464f2b_000WhiteboxTest.test1(digits_6e464f2b_000WhiteboxTest.java:13)
    at sun.reflect.NativeMethodAccessorImpl.invoke0(Native Method)
    at sun.reflect.NativeMethodAccessorImpl.invoke(NativeMethodAccessorImpl.java:62)
    at sun.reflect.DelegatingMethodAccessorImpl.invoke(DelegatingMethodAccessorImpl.java:43)
16:02:41.398 [pool-12-thread-1] INFO  xxl.java.junit.TestCasesListener - Tests run finished (12 ms)
<> Total tests run: 10
<> Ignored tests: 0
<> Failed tests: 1
~ test1(introclassJava.digits_6e464f2b_000WhiteboxTest)
[expected:<Enteraninteger>[0]That'sall,haveaniced...> but was:<Enteraninteger>[]That'sall,haveaniced...>]
org.junit.ComparisonFailure: expected:<Enteraninteger>[0]That'sall,haveaniced...> but was:<Enteraninteger>[]That'sall,haveaniced...>    at org.junit.Assert.assertEquals(Assert.java:115)
    at org.junit.Assert.assertEquals(Assert.java:144)
    at introclassJava.digits_6e464f2b_000WhiteboxTest.test1(digits_6e464f2b_000WhiteboxTest.java:13)
    at sun.reflect.NativeMethodAccessorImpl.invoke0(Native Method)
    at sun.reflect.NativeMethodAccessorImpl.invoke(NativeMethodAccessorImpl.java:62)
    at sun.reflect.DelegatingMethodAccessorImpl.invoke(DelegatingMethodAccessorImpl.java:43)

org.junit.ComparisonFailure: expected:<Enteraninteger>[0]That'sall,haveaniced...> but was:<Enteraninteger>[]That'sall,haveaniced...>
    at org.junit.Assert.assertEquals(Assert.java:115)
    at org.junit.Assert.assertEquals(Assert.java:144)
    at introclassJava.digits_6e464f2b_000WhiteboxTest.test1(digits_6e464f2b_000WhiteboxTest.java:13)
    at sun.reflect.NativeMethodAccessorImpl.invoke0(Native Method)
    at sun.reflect.NativeMethodAccessorImpl.invoke(NativeMethodAccessorImpl.java:62)
    at sun.reflect.DelegatingMethodAccessorImpl.invoke(DelegatingMethodAccessorImpl.java:43)
16:02:41.538 [pool-13-thread-1] INFO  f.i.l.c.t.SpecificationTestCasesListener - Tests run finished (4 ms)
<> Total tests run: 1
<> Ignored tests: 0
<> Failed tests: 1
~ test1(introclassJava.digits_6e464f2b_000WhiteboxTest)
[expected:<Enteraninteger>[0]That'sall,haveaniced...> but was:<Enteraninteger>[]That'sall,haveaniced...>]
org.junit.ComparisonFailure: expected:<Enteraninteger>[0]That'sall,haveaniced...> but was:<Enteraninteger>[]That'sall,haveaniced...>    at org.junit.Assert.assertEquals(Assert.java:115)
    at org.junit.Assert.assertEquals(Assert.java:144)
    at introclassJava.digits_6e464f2b_000WhiteboxTest.test1(digits_6e464f2b_000WhiteboxTest.java:13)
    at sun.reflect.NativeMethodAccessorImpl.invoke0(Native Method)
    at sun.reflect.NativeMethodAccessorImpl.invoke(NativeMethodAccessorImpl.java:62)
    at sun.reflect.DelegatingMethodAccessorImpl.invoke(DelegatingMethodAccessorImpl.java:43)

org.junit.ComparisonFailure: expected:<Enteraninteger>[0]That'sall,haveaniced...> but was:<Enteraninteger>[]That'sall,haveaniced...>
    at org.junit.Assert.assertEquals(Assert.java:115)
    at org.junit.Assert.assertEquals(Assert.java:144)
    at introclassJava.digits_6e464f2b_000WhiteboxTest.test1(digits_6e464f2b_000WhiteboxTest.java:13)
    at sun.reflect.NativeMethodAccessorImpl.invoke0(Native Method)
    at sun.reflect.NativeMethodAccessorImpl.invoke(NativeMethodAccessorImpl.java:62)
    at sun.reflect.DelegatingMethodAccessorImpl.invoke(DelegatingMethodAccessorImpl.java:43)
16:02:41.541 [pool-14-thread-1] INFO  f.i.l.c.t.SpecificationTestCasesListener - Tests run finished (2 ms)
<> Total tests run: 1
<> Ignored tests: 0
<> Failed tests: 1
~ test1(introclassJava.digits_6e464f2b_000WhiteboxTest)
[expected:<Enteraninteger>[0]That'sall,haveaniced...> but was:<Enteraninteger>[]That'sall,haveaniced...>]
org.junit.ComparisonFailure: expected:<Enteraninteger>[0]That'sall,haveaniced...> but was:<Enteraninteger>[]That'sall,haveaniced...>    at org.junit.Assert.assertEquals(Assert.java:115)
    at org.junit.Assert.assertEquals(Assert.java:144)
    at introclassJava.digits_6e464f2b_000WhiteboxTest.test1(digits_6e464f2b_000WhiteboxTest.java:13)
    at sun.reflect.NativeMethodAccessorImpl.invoke0(Native Method)
    at sun.reflect.NativeMethodAccessorImpl.invoke(NativeMethodAccessorImpl.java:62)
    at sun.reflect.DelegatingMethodAccessorImpl.invoke(DelegatingMethodAccessorImpl.java:43)

16:02:41.542 [pool-11-thread-1] DEBUG tests.output - Failing tests with false: 
[test1(introclassJava.digits_6e464f2b_000WhiteboxTest): expected:<Enteraninteger>[0]That'sall,haveaniced...> but was:<Enteraninteger>[]That'sall,haveaniced...>]
16:02:41.542 [pool-11-thread-1] DEBUG tests.output - Failing tests with true: 
[test1(introclassJava.digits_6e464f2b_000WhiteboxTest): expected:<Enteraninteger>[0]That'sall,haveaniced...> but was:<Enteraninteger>[]That'sall,haveaniced...>]
16:02:41.542 [pool-11-thread-1] INFO  f.i.l.r.n.synth.SMTNopolSynthesizer - Not enough specifications: 0. A trivial patch is "true" or "false", please write new tests specifying SourceLocation introclassJava.digits_6e464f2b_000:75.
16:02:41.542 [pool-2-thread-1] DEBUG fr.inria.lille.repair.nopol.NoPol - statement #4
16:02:41.542 [pool-2-thread-1] DEBUG fr.inria.lille.repair.nopol.NoPol - Analysing SourceLocation introclassJava.digits_6e464f2b_000:65 which is executed by 16 tests
1806114942
16:02:41.606 [pool-2-thread-1] DEBUG fr.inria.lille.repair.nopol.NoPol - looking with class fr.inria.lille.repair.nopol.spoon.smt.ConditionalAdder
org.junit.ComparisonFailure: expected:<Enteraninteger>[0]That'sall,haveaniced...> but was:<Enteraninteger>[]That'sall,haveaniced...>
    at org.junit.Assert.assertEquals(Assert.java:115)
    at org.junit.Assert.assertEquals(Assert.java:144)
    at introclassJava.digits_6e464f2b_000WhiteboxTest.test1(digits_6e464f2b_000WhiteboxTest.java:13)
    at sun.reflect.NativeMethodAccessorImpl.invoke0(Native Method)
    at sun.reflect.NativeMethodAccessorImpl.invoke(NativeMethodAccessorImpl.java:62)
    at sun.reflect.DelegatingMethodAccessorImpl.invoke(DelegatingMethodAccessorImpl.java:43)
16:02:41.621 [pool-16-thread-1] INFO  xxl.java.junit.TestCasesListener - Tests run finished (12 ms)
<> Total tests run: 10
<> Ignored tests: 0
<> Failed tests: 1
~ test1(introclassJava.digits_6e464f2b_000WhiteboxTest)
[expected:<Enteraninteger>[0]That'sall,haveaniced...> but was:<Enteraninteger>[]That'sall,haveaniced...>]
org.junit.ComparisonFailure: expected:<Enteraninteger>[0]That'sall,haveaniced...> but was:<Enteraninteger>[]That'sall,haveaniced...>    at org.junit.Assert.assertEquals(Assert.java:115)
    at org.junit.Assert.assertEquals(Assert.java:144)
    at introclassJava.digits_6e464f2b_000WhiteboxTest.test1(digits_6e464f2b_000WhiteboxTest.java:13)
    at sun.reflect.NativeMethodAccessorImpl.invoke0(Native Method)
    at sun.reflect.NativeMethodAccessorImpl.invoke(NativeMethodAccessorImpl.java:62)
    at sun.reflect.DelegatingMethodAccessorImpl.invoke(DelegatingMethodAccessorImpl.java:43)

org.junit.ComparisonFailure: expected:<Enteraninteger>[0]That'sall,haveaniced...> but was:<Enteraninteger>[]That'sall,haveaniced...>
    at org.junit.Assert.assertEquals(Assert.java:115)
    at org.junit.Assert.assertEquals(Assert.java:144)
    at introclassJava.digits_6e464f2b_000WhiteboxTest.test1(digits_6e464f2b_000WhiteboxTest.java:13)
    at sun.reflect.NativeMethodAccessorImpl.invoke0(Native Method)
    at sun.reflect.NativeMethodAccessorImpl.invoke(NativeMethodAccessorImpl.java:62)
    at sun.reflect.DelegatingMethodAccessorImpl.invoke(DelegatingMethodAccessorImpl.java:43)
16:02:41.764 [pool-17-thread-1] INFO  f.i.l.c.t.SpecificationTestCasesListener - Tests run finished (3 ms)
<> Total tests run: 1
<> Ignored tests: 0
<> Failed tests: 1
~ test1(introclassJava.digits_6e464f2b_000WhiteboxTest)
[expected:<Enteraninteger>[0]That'sall,haveaniced...> but was:<Enteraninteger>[]That'sall,haveaniced...>]
org.junit.ComparisonFailure: expected:<Enteraninteger>[0]That'sall,haveaniced...> but was:<Enteraninteger>[]That'sall,haveaniced...>    at org.junit.Assert.assertEquals(Assert.java:115)
    at org.junit.Assert.assertEquals(Assert.java:144)
    at introclassJava.digits_6e464f2b_000WhiteboxTest.test1(digits_6e464f2b_000WhiteboxTest.java:13)
    at sun.reflect.NativeMethodAccessorImpl.invoke0(Native Method)
    at sun.reflect.NativeMethodAccessorImpl.invoke(NativeMethodAccessorImpl.java:62)
    at sun.reflect.DelegatingMethodAccessorImpl.invoke(DelegatingMethodAccessorImpl.java:43)

org.junit.ComparisonFailure: expected:<Enteraninteger>[0]That'sall,haveaniced...> but was:<Enteraninteger>[]That'sall,haveaniced...>
    at org.junit.Assert.assertEquals(Assert.java:115)
    at org.junit.Assert.assertEquals(Assert.java:144)
    at introclassJava.digits_6e464f2b_000WhiteboxTest.test1(digits_6e464f2b_000WhiteboxTest.java:13)
    at sun.reflect.NativeMethodAccessorImpl.invoke0(Native Method)
    at sun.reflect.NativeMethodAccessorImpl.invoke(NativeMethodAccessorImpl.java:62)
    at sun.reflect.DelegatingMethodAccessorImpl.invoke(DelegatingMethodAccessorImpl.java:43)
16:02:41.766 [pool-18-thread-1] INFO  f.i.l.c.t.SpecificationTestCasesListener - Tests run finished (1 ms)
<> Total tests run: 1
<> Ignored tests: 0
<> Failed tests: 1
~ test1(introclassJava.digits_6e464f2b_000WhiteboxTest)
[expected:<Enteraninteger>[0]That'sall,haveaniced...> but was:<Enteraninteger>[]That'sall,haveaniced...>]
org.junit.ComparisonFailure: expected:<Enteraninteger>[0]That'sall,haveaniced...> but was:<Enteraninteger>[]That'sall,haveaniced...>    at org.junit.Assert.assertEquals(Assert.java:115)
    at org.junit.Assert.assertEquals(Assert.java:144)
    at introclassJava.digits_6e464f2b_000WhiteboxTest.test1(digits_6e464f2b_000WhiteboxTest.java:13)
    at sun.reflect.NativeMethodAccessorImpl.invoke0(Native Method)
    at sun.reflect.NativeMethodAccessorImpl.invoke(NativeMethodAccessorImpl.java:62)
    at sun.reflect.DelegatingMethodAccessorImpl.invoke(DelegatingMethodAccessorImpl.java:43)

16:02:41.767 [pool-15-thread-1] DEBUG tests.output - Failing tests with false: 
[test1(introclassJava.digits_6e464f2b_000WhiteboxTest): expected:<Enteraninteger>[0]That'sall,haveaniced...> but was:<Enteraninteger>[]That'sall,haveaniced...>]
16:02:41.767 [pool-15-thread-1] DEBUG tests.output - Failing tests with true: 
[test1(introclassJava.digits_6e464f2b_000WhiteboxTest): expected:<Enteraninteger>[0]That'sall,haveaniced...> but was:<Enteraninteger>[]That'sall,haveaniced...>]
16:02:41.767 [pool-15-thread-1] INFO  f.i.l.r.n.synth.SMTNopolSynthesizer - Not enough specifications: 0. A trivial patch is "true" or "false", please write new tests specifying SourceLocation introclassJava.digits_6e464f2b_000:65.
16:02:41.767 [pool-2-thread-1] DEBUG fr.inria.lille.repair.nopol.NoPol - statement #5
16:02:41.768 [pool-2-thread-1] DEBUG fr.inria.lille.repair.nopol.NoPol - Analysing SourceLocation introclassJava.digits_6e464f2b_000:64 which is executed by 16 tests
1806114942
16:02:41.826 [pool-2-thread-1] DEBUG fr.inria.lille.repair.nopol.NoPol - looking with class fr.inria.lille.repair.nopol.spoon.smt.ConditionalAdder
org.junit.ComparisonFailure: expected:<Enteraninteger>[0]That'sall,haveaniced...> but was:<Enteraninteger>[]That'sall,haveaniced...>
    at org.junit.Assert.assertEquals(Assert.java:115)
    at org.junit.Assert.assertEquals(Assert.java:144)
    at introclassJava.digits_6e464f2b_000WhiteboxTest.test1(digits_6e464f2b_000WhiteboxTest.java:13)
    at sun.reflect.NativeMethodAccessorImpl.invoke0(Native Method)
    at sun.reflect.NativeMethodAccessorImpl.invoke(NativeMethodAccessorImpl.java:62)
    at sun.reflect.DelegatingMethodAccessorImpl.invoke(DelegatingMethodAccessorImpl.java:43)
16:02:41.838 [pool-20-thread-1] INFO  xxl.java.junit.TestCasesListener - Tests run finished (9 ms)
<> Total tests run: 10
<> Ignored tests: 0
<> Failed tests: 1
~ test1(introclassJava.digits_6e464f2b_000WhiteboxTest)
[expected:<Enteraninteger>[0]That'sall,haveaniced...> but was:<Enteraninteger>[]That'sall,haveaniced...>]
org.junit.ComparisonFailure: expected:<Enteraninteger>[0]That'sall,haveaniced...> but was:<Enteraninteger>[]That'sall,haveaniced...>    at org.junit.Assert.assertEquals(Assert.java:115)
    at org.junit.Assert.assertEquals(Assert.java:144)
    at introclassJava.digits_6e464f2b_000WhiteboxTest.test1(digits_6e464f2b_000WhiteboxTest.java:13)
    at sun.reflect.NativeMethodAccessorImpl.invoke0(Native Method)
    at sun.reflect.NativeMethodAccessorImpl.invoke(NativeMethodAccessorImpl.java:62)
    at sun.reflect.DelegatingMethodAccessorImpl.invoke(DelegatingMethodAccessorImpl.java:43)

org.junit.ComparisonFailure: expected:<Enteraninteger>[0]That'sall,haveaniced...> but was:<Enteraninteger>[]That'sall,haveaniced...>
    at org.junit.Assert.assertEquals(Assert.java:115)
    at org.junit.Assert.assertEquals(Assert.java:144)
    at introclassJava.digits_6e464f2b_000WhiteboxTest.test1(digits_6e464f2b_000WhiteboxTest.java:13)
    at sun.reflect.NativeMethodAccessorImpl.invoke0(Native Method)
    at sun.reflect.NativeMethodAccessorImpl.invoke(NativeMethodAccessorImpl.java:62)
    at sun.reflect.DelegatingMethodAccessorImpl.invoke(DelegatingMethodAccessorImpl.java:43)
16:02:41.960 [pool-21-thread-1] INFO  f.i.l.c.t.SpecificationTestCasesListener - Tests run finished (3 ms)
<> Total tests run: 1
<> Ignored tests: 0
<> Failed tests: 1
~ test1(introclassJava.digits_6e464f2b_000WhiteboxTest)
[expected:<Enteraninteger>[0]That'sall,haveaniced...> but was:<Enteraninteger>[]That'sall,haveaniced...>]
org.junit.ComparisonFailure: expected:<Enteraninteger>[0]That'sall,haveaniced...> but was:<Enteraninteger>[]That'sall,haveaniced...>    at org.junit.Assert.assertEquals(Assert.java:115)
    at org.junit.Assert.assertEquals(Assert.java:144)
    at introclassJava.digits_6e464f2b_000WhiteboxTest.test1(digits_6e464f2b_000WhiteboxTest.java:13)
    at sun.reflect.NativeMethodAccessorImpl.invoke0(Native Method)
    at sun.reflect.NativeMethodAccessorImpl.invoke(NativeMethodAccessorImpl.java:62)
    at sun.reflect.DelegatingMethodAccessorImpl.invoke(DelegatingMethodAccessorImpl.java:43)

org.junit.ComparisonFailure: expected:<Enteraninteger>[0]That'sall,haveaniced...> but was:<Enteraninteger>[]That'sall,haveaniced...>
    at org.junit.Assert.assertEquals(Assert.java:115)
    at org.junit.Assert.assertEquals(Assert.java:144)
    at introclassJava.digits_6e464f2b_000WhiteboxTest.test1(digits_6e464f2b_000WhiteboxTest.java:13)
    at sun.reflect.NativeMethodAccessorImpl.invoke0(Native Method)
    at sun.reflect.NativeMethodAccessorImpl.invoke(NativeMethodAccessorImpl.java:62)
    at sun.reflect.DelegatingMethodAccessorImpl.invoke(DelegatingMethodAccessorImpl.java:43)
16:02:41.962 [pool-22-thread-1] INFO  f.i.l.c.t.SpecificationTestCasesListener - Tests run finished (1 ms)
<> Total tests run: 1
<> Ignored tests: 0
<> Failed tests: 1
~ test1(introclassJava.digits_6e464f2b_000WhiteboxTest)
[expected:<Enteraninteger>[0]That'sall,haveaniced...> but was:<Enteraninteger>[]That'sall,haveaniced...>]
org.junit.ComparisonFailure: expected:<Enteraninteger>[0]That'sall,haveaniced...> but was:<Enteraninteger>[]That'sall,haveaniced...>    at org.junit.Assert.assertEquals(Assert.java:115)
    at org.junit.Assert.assertEquals(Assert.java:144)
    at introclassJava.digits_6e464f2b_000WhiteboxTest.test1(digits_6e464f2b_000WhiteboxTest.java:13)
    at sun.reflect.NativeMethodAccessorImpl.invoke0(Native Method)
    at sun.reflect.NativeMethodAccessorImpl.invoke(NativeMethodAccessorImpl.java:62)
    at sun.reflect.DelegatingMethodAccessorImpl.invoke(DelegatingMethodAccessorImpl.java:43)

16:02:41.963 [pool-19-thread-1] DEBUG tests.output - Failing tests with false: 
[test1(introclassJava.digits_6e464f2b_000WhiteboxTest): expected:<Enteraninteger>[0]That'sall,haveaniced...> but was:<Enteraninteger>[]That'sall,haveaniced...>]
16:02:41.963 [pool-19-thread-1] DEBUG tests.output - Failing tests with true: 
[test1(introclassJava.digits_6e464f2b_000WhiteboxTest): expected:<Enteraninteger>[0]That'sall,haveaniced...> but was:<Enteraninteger>[]That'sall,haveaniced...>]
16:02:41.963 [pool-19-thread-1] INFO  f.i.l.r.n.synth.SMTNopolSynthesizer - Not enough specifications: 0. A trivial patch is "true" or "false", please write new tests specifying SourceLocation introclassJava.digits_6e464f2b_000:64.
16:02:41.963 [pool-2-thread-1] DEBUG fr.inria.lille.repair.nopol.NoPol - statement #6
16:02:41.963 [pool-2-thread-1] DEBUG fr.inria.lille.repair.nopol.NoPol - Analysing SourceLocation introclassJava.digits_6e464f2b_000:63 which is executed by 16 tests
1806114942
16:02:42.020 [pool-2-thread-1] DEBUG fr.inria.lille.repair.nopol.NoPol - looking with class fr.inria.lille.repair.nopol.spoon.smt.ConditionalAdder
org.junit.ComparisonFailure: expected:<Enteraninteger>[0]That'sall,haveaniced...> but was:<Enteraninteger>[]That'sall,haveaniced...>
    at org.junit.Assert.assertEquals(Assert.java:115)
    at org.junit.Assert.assertEquals(Assert.java:144)
    at introclassJava.digits_6e464f2b_000WhiteboxTest.test1(digits_6e464f2b_000WhiteboxTest.java:13)
    at sun.reflect.NativeMethodAccessorImpl.invoke0(Native Method)
    at sun.reflect.NativeMethodAccessorImpl.invoke(NativeMethodAccessorImpl.java:62)
    at sun.reflect.DelegatingMethodAccessorImpl.invoke(DelegatingMethodAccessorImpl.java:43)
16:02:42.033 [pool-24-thread-1] INFO  xxl.java.junit.TestCasesListener - Tests run finished (10 ms)
<> Total tests run: 10
<> Ignored tests: 0
<> Failed tests: 1
~ test1(introclassJava.digits_6e464f2b_000WhiteboxTest)
[expected:<Enteraninteger>[0]That'sall,haveaniced...> but was:<Enteraninteger>[]That'sall,haveaniced...>]
org.junit.ComparisonFailure: expected:<Enteraninteger>[0]That'sall,haveaniced...> but was:<Enteraninteger>[]That'sall,haveaniced...>    at org.junit.Assert.assertEquals(Assert.java:115)
    at org.junit.Assert.assertEquals(Assert.java:144)
    at introclassJava.digits_6e464f2b_000WhiteboxTest.test1(digits_6e464f2b_000WhiteboxTest.java:13)
    at sun.reflect.NativeMethodAccessorImpl.invoke0(Native Method)
    at sun.reflect.NativeMethodAccessorImpl.invoke(NativeMethodAccessorImpl.java:62)
    at sun.reflect.DelegatingMethodAccessorImpl.invoke(DelegatingMethodAccessorImpl.java:43)

org.junit.ComparisonFailure: expected:<Enteraninteger>[0]That'sall,haveaniced...> but was:<Enteraninteger>[]That'sall,haveaniced...>
    at org.junit.Assert.assertEquals(Assert.java:115)
    at org.junit.Assert.assertEquals(Assert.java:144)
    at introclassJava.digits_6e464f2b_000WhiteboxTest.test1(digits_6e464f2b_000WhiteboxTest.java:13)
    at sun.reflect.NativeMethodAccessorImpl.invoke0(Native Method)
    at sun.reflect.NativeMethodAccessorImpl.invoke(NativeMethodAccessorImpl.java:62)
    at sun.reflect.DelegatingMethodAccessorImpl.invoke(DelegatingMethodAccessorImpl.java:43)
16:02:42.151 [pool-25-thread-1] INFO  f.i.l.c.t.SpecificationTestCasesListener - Tests run finished (3 ms)
<> Total tests run: 1
<> Ignored tests: 0
<> Failed tests: 1
~ test1(introclassJava.digits_6e464f2b_000WhiteboxTest)
[expected:<Enteraninteger>[0]That'sall,haveaniced...> but was:<Enteraninteger>[]That'sall,haveaniced...>]
org.junit.ComparisonFailure: expected:<Enteraninteger>[0]That'sall,haveaniced...> but was:<Enteraninteger>[]That'sall,haveaniced...>    at org.junit.Assert.assertEquals(Assert.java:115)
    at org.junit.Assert.assertEquals(Assert.java:144)
    at introclassJava.digits_6e464f2b_000WhiteboxTest.test1(digits_6e464f2b_000WhiteboxTest.java:13)
    at sun.reflect.NativeMethodAccessorImpl.invoke0(Native Method)
    at sun.reflect.NativeMethodAccessorImpl.invoke(NativeMethodAccessorImpl.java:62)
    at sun.reflect.DelegatingMethodAccessorImpl.invoke(DelegatingMethodAccessorImpl.java:43)

org.junit.ComparisonFailure: expected:<Enteraninteger>[0]That'sall,haveaniced...> but was:<Enteraninteger>[]That'sall,haveaniced...>
    at org.junit.Assert.assertEquals(Assert.java:115)
    at org.junit.Assert.assertEquals(Assert.java:144)
    at introclassJava.digits_6e464f2b_000WhiteboxTest.test1(digits_6e464f2b_000WhiteboxTest.java:13)
    at sun.reflect.NativeMethodAccessorImpl.invoke0(Native Method)
    at sun.reflect.NativeMethodAccessorImpl.invoke(NativeMethodAccessorImpl.java:62)
    at sun.reflect.DelegatingMethodAccessorImpl.invoke(DelegatingMethodAccessorImpl.java:43)
16:02:42.154 [pool-26-thread-1] INFO  f.i.l.c.t.SpecificationTestCasesListener - Tests run finished (1 ms)
<> Total tests run: 1
<> Ignored tests: 0
<> Failed tests: 1
~ test1(introclassJava.digits_6e464f2b_000WhiteboxTest)
[expected:<Enteraninteger>[0]That'sall,haveaniced...> but was:<Enteraninteger>[]That'sall,haveaniced...>]
org.junit.ComparisonFailure: expected:<Enteraninteger>[0]That'sall,haveaniced...> but was:<Enteraninteger>[]That'sall,haveaniced...>    at org.junit.Assert.assertEquals(Assert.java:115)
    at org.junit.Assert.assertEquals(Assert.java:144)
    at introclassJava.digits_6e464f2b_000WhiteboxTest.test1(digits_6e464f2b_000WhiteboxTest.java:13)
    at sun.reflect.NativeMethodAccessorImpl.invoke0(Native Method)
    at sun.reflect.NativeMethodAccessorImpl.invoke(NativeMethodAccessorImpl.java:62)
    at sun.reflect.DelegatingMethodAccessorImpl.invoke(DelegatingMethodAccessorImpl.java:43)

16:02:42.155 [pool-23-thread-1] DEBUG tests.output - Failing tests with false: 
[test1(introclassJava.digits_6e464f2b_000WhiteboxTest): expected:<Enteraninteger>[0]That'sall,haveaniced...> but was:<Enteraninteger>[]That'sall,haveaniced...>]
16:02:42.155 [pool-23-thread-1] DEBUG tests.output - Failing tests with true: 
[test1(introclassJava.digits_6e464f2b_000WhiteboxTest): expected:<Enteraninteger>[0]That'sall,haveaniced...> but was:<Enteraninteger>[]That'sall,haveaniced...>]
16:02:42.155 [pool-23-thread-1] INFO  f.i.l.r.n.synth.SMTNopolSynthesizer - Not enough specifications: 0. A trivial patch is "true" or "false", please write new tests specifying SourceLocation introclassJava.digits_6e464f2b_000:63.
16:02:42.155 [pool-2-thread-1] DEBUG fr.inria.lille.repair.nopol.NoPol - statement #7
16:02:42.156 [pool-2-thread-1] DEBUG fr.inria.lille.repair.nopol.NoPol - Analysing SourceLocation introclassJava.digits_6e464f2b_000:62 which is executed by 16 tests
1806114942
16:02:42.223 [pool-2-thread-1] DEBUG fr.inria.lille.repair.nopol.NoPol - looking with class fr.inria.lille.repair.nopol.spoon.smt.ConditionalAdder
org.junit.ComparisonFailure: expected:<Enteraninteger>[0]That'sall,haveaniced...> but was:<Enteraninteger>[]That'sall,haveaniced...>
    at org.junit.Assert.assertEquals(Assert.java:115)
    at org.junit.Assert.assertEquals(Assert.java:144)
    at introclassJava.digits_6e464f2b_000WhiteboxTest.test1(digits_6e464f2b_000WhiteboxTest.java:13)
    at sun.reflect.NativeMethodAccessorImpl.invoke0(Native Method)
    at sun.reflect.NativeMethodAccessorImpl.invoke(NativeMethodAccessorImpl.java:62)
    at sun.reflect.DelegatingMethodAccessorImpl.invoke(DelegatingMethodAccessorImpl.java:43)
16:02:42.235 [pool-28-thread-1] INFO  xxl.java.junit.TestCasesListener - Tests run finished (8 ms)
<> Total tests run: 10
<> Ignored tests: 0
<> Failed tests: 1
~ test1(introclassJava.digits_6e464f2b_000WhiteboxTest)
[expected:<Enteraninteger>[0]That'sall,haveaniced...> but was:<Enteraninteger>[]That'sall,haveaniced...>]
org.junit.ComparisonFailure: expected:<Enteraninteger>[0]That'sall,haveaniced...> but was:<Enteraninteger>[]That'sall,haveaniced...>    at org.junit.Assert.assertEquals(Assert.java:115)
    at org.junit.Assert.assertEquals(Assert.java:144)
    at introclassJava.digits_6e464f2b_000WhiteboxTest.test1(digits_6e464f2b_000WhiteboxTest.java:13)
    at sun.reflect.NativeMethodAccessorImpl.invoke0(Native Method)
    at sun.reflect.NativeMethodAccessorImpl.invoke(NativeMethodAccessorImpl.java:62)
    at sun.reflect.DelegatingMethodAccessorImpl.invoke(DelegatingMethodAccessorImpl.java:43)

org.junit.ComparisonFailure: expected:<Enteraninteger>[0]That'sall,haveaniced...> but was:<Enteraninteger>[]That'sall,haveaniced...>
    at org.junit.Assert.assertEquals(Assert.java:115)
    at org.junit.Assert.assertEquals(Assert.java:144)
    at introclassJava.digits_6e464f2b_000WhiteboxTest.test1(digits_6e464f2b_000WhiteboxTest.java:13)
    at sun.reflect.NativeMethodAccessorImpl.invoke0(Native Method)
    at sun.reflect.NativeMethodAccessorImpl.invoke(NativeMethodAccessorImpl.java:62)
    at sun.reflect.DelegatingMethodAccessorImpl.invoke(DelegatingMethodAccessorImpl.java:43)
16:02:42.405 [pool-29-thread-1] INFO  f.i.l.c.t.SpecificationTestCasesListener - Tests run finished (3 ms)
<> Total tests run: 1
<> Ignored tests: 0
<> Failed tests: 1
~ test1(introclassJava.digits_6e464f2b_000WhiteboxTest)
[expected:<Enteraninteger>[0]That'sall,haveaniced...> but was:<Enteraninteger>[]That'sall,haveaniced...>]
org.junit.ComparisonFailure: expected:<Enteraninteger>[0]That'sall,haveaniced...> but was:<Enteraninteger>[]That'sall,haveaniced...>    at org.junit.Assert.assertEquals(Assert.java:115)
    at org.junit.Assert.assertEquals(Assert.java:144)
    at introclassJava.digits_6e464f2b_000WhiteboxTest.test1(digits_6e464f2b_000WhiteboxTest.java:13)
    at sun.reflect.NativeMethodAccessorImpl.invoke0(Native Method)
    at sun.reflect.NativeMethodAccessorImpl.invoke(NativeMethodAccessorImpl.java:62)
    at sun.reflect.DelegatingMethodAccessorImpl.invoke(DelegatingMethodAccessorImpl.java:43)

org.junit.ComparisonFailure: expected:<Enteraninteger>[0]That'sall,haveaniced...> but was:<Enteraninteger>[]That'sall,haveaniced...>
    at org.junit.Assert.assertEquals(Assert.java:115)
    at org.junit.Assert.assertEquals(Assert.java:144)
    at introclassJava.digits_6e464f2b_000WhiteboxTest.test1(digits_6e464f2b_000WhiteboxTest.java:13)
    at sun.reflect.NativeMethodAccessorImpl.invoke0(Native Method)
    at sun.reflect.NativeMethodAccessorImpl.invoke(NativeMethodAccessorImpl.java:62)
    at sun.reflect.DelegatingMethodAccessorImpl.invoke(DelegatingMethodAccessorImpl.java:43)
16:02:42.407 [pool-30-thread-1] INFO  f.i.l.c.t.SpecificationTestCasesListener - Tests run finished (1 ms)
<> Total tests run: 1
<> Ignored tests: 0
<> Failed tests: 1
~ test1(introclassJava.digits_6e464f2b_000WhiteboxTest)
[expected:<Enteraninteger>[0]That'sall,haveaniced...> but was:<Enteraninteger>[]That'sall,haveaniced...>]
org.junit.ComparisonFailure: expected:<Enteraninteger>[0]That'sall,haveaniced...> but was:<Enteraninteger>[]That'sall,haveaniced...>    at org.junit.Assert.assertEquals(Assert.java:115)
    at org.junit.Assert.assertEquals(Assert.java:144)
    at introclassJava.digits_6e464f2b_000WhiteboxTest.test1(digits_6e464f2b_000WhiteboxTest.java:13)
    at sun.reflect.NativeMethodAccessorImpl.invoke0(Native Method)
    at sun.reflect.NativeMethodAccessorImpl.invoke(NativeMethodAccessorImpl.java:62)
    at sun.reflect.DelegatingMethodAccessorImpl.invoke(DelegatingMethodAccessorImpl.java:43)

16:02:42.408 [pool-27-thread-1] DEBUG tests.output - Failing tests with false: 
[test1(introclassJava.digits_6e464f2b_000WhiteboxTest): expected:<Enteraninteger>[0]That'sall,haveaniced...> but was:<Enteraninteger>[]That'sall,haveaniced...>]
16:02:42.408 [pool-27-thread-1] DEBUG tests.output - Failing tests with true: 
[test1(introclassJava.digits_6e464f2b_000WhiteboxTest): expected:<Enteraninteger>[0]That'sall,haveaniced...> but was:<Enteraninteger>[]That'sall,haveaniced...>]
16:02:42.408 [pool-27-thread-1] INFO  f.i.l.r.n.synth.SMTNopolSynthesizer - Not enough specifications: 0. A trivial patch is "true" or "false", please write new tests specifying SourceLocation introclassJava.digits_6e464f2b_000:62.
16:02:42.409 [pool-2-thread-1] DEBUG fr.inria.lille.repair.nopol.NoPol - statement #8
16:02:42.409 [pool-2-thread-1] DEBUG fr.inria.lille.repair.nopol.NoPol - Analysing SourceLocation introclassJava.digits_6e464f2b_000:61 which is executed by 16 tests
1806114942
16:02:42.466 [pool-2-thread-1] DEBUG fr.inria.lille.repair.nopol.NoPol - looking with class fr.inria.lille.repair.nopol.spoon.smt.ConditionalAdder
org.junit.ComparisonFailure: expected:<Enteraninteger>[0]That'sall,haveaniced...> but was:<Enteraninteger>[]That'sall,haveaniced...>
    at org.junit.Assert.assertEquals(Assert.java:115)
    at org.junit.Assert.assertEquals(Assert.java:144)
    at introclassJava.digits_6e464f2b_000WhiteboxTest.test1(digits_6e464f2b_000WhiteboxTest.java:13)
    at sun.reflect.NativeMethodAccessorImpl.invoke0(Native Method)
    at sun.reflect.NativeMethodAccessorImpl.invoke(NativeMethodAccessorImpl.java:62)
    at sun.reflect.DelegatingMethodAccessorImpl.invoke(DelegatingMethodAccessorImpl.java:43)
16:02:42.477 [pool-32-thread-1] INFO  xxl.java.junit.TestCasesListener - Tests run finished (8 ms)
<> Total tests run: 10
<> Ignored tests: 0
<> Failed tests: 1
~ test1(introclassJava.digits_6e464f2b_000WhiteboxTest)
[expected:<Enteraninteger>[0]That'sall,haveaniced...> but was:<Enteraninteger>[]That'sall,haveaniced...>]
org.junit.ComparisonFailure: expected:<Enteraninteger>[0]That'sall,haveaniced...> but was:<Enteraninteger>[]That'sall,haveaniced...>    at org.junit.Assert.assertEquals(Assert.java:115)
    at org.junit.Assert.assertEquals(Assert.java:144)
    at introclassJava.digits_6e464f2b_000WhiteboxTest.test1(digits_6e464f2b_000WhiteboxTest.java:13)
    at sun.reflect.NativeMethodAccessorImpl.invoke0(Native Method)
    at sun.reflect.NativeMethodAccessorImpl.invoke(NativeMethodAccessorImpl.java:62)
    at sun.reflect.DelegatingMethodAccessorImpl.invoke(DelegatingMethodAccessorImpl.java:43)

org.junit.ComparisonFailure: expected:<[Enteraninteger>0]That'sall,haveaniced...> but was:<[]That'sall,haveaniced...>
    at org.junit.Assert.assertEquals(Assert.java:115)
    at org.junit.Assert.assertEquals(Assert.java:144)
    at introclassJava.digits_6e464f2b_000WhiteboxTest.test1(digits_6e464f2b_000WhiteboxTest.java:13)
    at sun.reflect.NativeMethodAccessorImpl.invoke0(Native Method)
    at sun.reflect.NativeMethodAccessorImpl.invoke(NativeMethodAccessorImpl.java:62)
    at sun.reflect.DelegatingMethodAccessorImpl.invoke(DelegatingMethodAccessorImpl.java:43)
16:02:42.581 [pool-33-thread-1] INFO  f.i.l.c.t.SpecificationTestCasesListener - Tests run finished (2 ms)
<> Total tests run: 1
<> Ignored tests: 0
<> Failed tests: 1
~ test1(introclassJava.digits_6e464f2b_000WhiteboxTest)
[expected:<[Enteraninteger>0]That'sall,haveaniced...> but was:<[]That'sall,haveaniced...>]
org.junit.ComparisonFailure: expected:<[Enteraninteger>0]That'sall,haveaniced...> but was:<[]That'sall,haveaniced...>    at org.junit.Assert.assertEquals(Assert.java:115)
    at org.junit.Assert.assertEquals(Assert.java:144)
    at introclassJava.digits_6e464f2b_000WhiteboxTest.test1(digits_6e464f2b_000WhiteboxTest.java:13)
    at sun.reflect.NativeMethodAccessorImpl.invoke0(Native Method)
    at sun.reflect.NativeMethodAccessorImpl.invoke(NativeMethodAccessorImpl.java:62)
    at sun.reflect.DelegatingMethodAccessorImpl.invoke(DelegatingMethodAccessorImpl.java:43)

org.junit.ComparisonFailure: expected:<Enteraninteger>[0]That'sall,haveaniced...> but was:<Enteraninteger>[]That'sall,haveaniced...>
    at org.junit.Assert.assertEquals(Assert.java:115)
    at org.junit.Assert.assertEquals(Assert.java:144)
    at introclassJava.digits_6e464f2b_000WhiteboxTest.test1(digits_6e464f2b_000WhiteboxTest.java:13)
    at sun.reflect.NativeMethodAccessorImpl.invoke0(Native Method)
    at sun.reflect.NativeMethodAccessorImpl.invoke(NativeMethodAccessorImpl.java:62)
    at sun.reflect.DelegatingMethodAccessorImpl.invoke(DelegatingMethodAccessorImpl.java:43)
16:02:42.584 [pool-34-thread-1] INFO  f.i.l.c.t.SpecificationTestCasesListener - Tests run finished (1 ms)
<> Total tests run: 1
<> Ignored tests: 0
<> Failed tests: 1
~ test1(introclassJava.digits_6e464f2b_000WhiteboxTest)
[expected:<Enteraninteger>[0]That'sall,haveaniced...> but was:<Enteraninteger>[]That'sall,haveaniced...>]
org.junit.ComparisonFailure: expected:<Enteraninteger>[0]That'sall,haveaniced...> but was:<Enteraninteger>[]That'sall,haveaniced...>    at org.junit.Assert.assertEquals(Assert.java:115)
    at org.junit.Assert.assertEquals(Assert.java:144)
    at introclassJava.digits_6e464f2b_000WhiteboxTest.test1(digits_6e464f2b_000WhiteboxTest.java:13)
    at sun.reflect.NativeMethodAccessorImpl.invoke0(Native Method)
    at sun.reflect.NativeMethodAccessorImpl.invoke(NativeMethodAccessorImpl.java:62)
    at sun.reflect.DelegatingMethodAccessorImpl.invoke(DelegatingMethodAccessorImpl.java:43)

16:02:42.584 [pool-31-thread-1] DEBUG tests.output - Failing tests with false: 
[test1(introclassJava.digits_6e464f2b_000WhiteboxTest): expected:<[Enteraninteger>0]That'sall,haveaniced...> but was:<[]That'sall,haveaniced...>]
16:02:42.584 [pool-31-thread-1] DEBUG tests.output - Failing tests with true: 
[test1(introclassJava.digits_6e464f2b_000WhiteboxTest): expected:<Enteraninteger>[0]That'sall,haveaniced...> but was:<Enteraninteger>[]That'sall,haveaniced...>]
16:02:42.584 [pool-31-thread-1] INFO  f.i.l.r.n.synth.SMTNopolSynthesizer - Not enough specifications: 0. A trivial patch is "true" or "false", please write new tests specifying SourceLocation introclassJava.digits_6e464f2b_000:61.
16:02:42.585 [pool-2-thread-1] DEBUG fr.inria.lille.repair.nopol.NoPol - statement #9
16:02:42.585 [pool-2-thread-1] DEBUG fr.inria.lille.repair.nopol.NoPol - Analysing SourceLocation introclassJava.digits_6e464f2b_000:60 which is executed by 16 tests
1806114942
16:02:42.639 [pool-2-thread-1] INFO  fr.inria.lille.repair.nopol.NoPol - ----INFORMATION----
16:02:42.645 [pool-2-thread-1] INFO  fr.inria.lille.repair.nopol.NoPol - Nb classes : 6
16:02:42.646 [pool-2-thread-1] INFO  fr.inria.lille.repair.nopol.NoPol - Nb methods : 2
16:02:42.646 [pool-2-thread-1] INFO  fr.inria.lille.repair.nopol.NoPol - Nb Statements Analyzed : 8
16:02:42.646 [pool-2-thread-1] INFO  fr.inria.lille.repair.nopol.NoPol - Nb Statements with Angelic Value Found : 0
16:02:42.646 [pool-2-thread-1] INFO  fr.inria.lille.repair.nopol.NoPol - Nb inputs in SMT : 0
16:02:42.649 [pool-2-thread-1] INFO  fr.inria.lille.repair.nopol.NoPol - Nb SMT level: 0
16:02:42.649 [pool-2-thread-1] INFO  fr.inria.lille.repair.nopol.NoPol - Nb variables in SMT : 0
16:02:42.649 [pool-2-thread-1] INFO  fr.inria.lille.repair.nopol.NoPol - NoPol Execution time : 6340ms
16:02:42.649 [pool-2-thread-1] INFO  fr.inria.lille.repair.nopol.NoPol - 
NO_ANGELIC_VALUE
Command exited with non-zero status 255
13.96user 0.91system 0:07.71elapsed 192%CPU (0avgtext+0avgdata 369700maxresident)k
46072inputs+5248outputs (3major+128871minor)pagefaults 0swaps


Node: suno-13.sophia.grid5000.fr



Date: Wed Dec  5 16:02:42 EST 2018

