cd /tmp/Cardumen_QuixBugs_TO_BASE_;
export JAVA_TOOL_OPTIONS="-Dfile.encoding=UTF8 -Duser.language=en-US -Duser.country=US -Duser.language=en";
TZ="America/New_York"; export TZ;
export PATH="/usr/lib/jvm/java-1.8.0-openjdk-amd64/bin/:$PATH";
export JAVA_HOME="/usr/lib/jvm/java-1.8.0-openjdk-amd64/bin/";
time java -Xmx4048m -cp /home/tdurieux/RepairThemAll/script/../libs/jtestex7.jar:/home/tdurieux/RepairThemAll/script/../repair_tools/astor.jar fr.inria.main.evolution.AstorMain \
	-mode cardumen \
	-location . \
	-id TO_BASE- \
	-failing java_testcases.junit.TO_BASE_Test \
	-jvm4testexecution /usr/lib/jvm/java-1.8.0-openjdk-amd64/bin/ \
	-jvm4evosuitetestexecution /usr/lib/jvm/java-1.8.0-openjdk-amd64/bin/ \
	-maxgen 1000000 \
	-maxtime 120 \
	-stopfirst true \
	-seed 0 \
	-scope local \
	-population 1 \
	-javacompliancelevel 8 \
	-srcjavafolder src/main/java \
	-srctestfolder src/test/java \
	-binjavafolder target/classes \
	-bintestfolder target/test-classes \
	-parameters x:x \
	-dependencies /home/tdurieux/.m2/repository/junit/junit/4.11/junit-4.11.jar:/home/tdurieux/.m2/repository/org/hamcrest/hamcrest-core/1.3/hamcrest-core-1.3.jar;
	echo "\n\nNode: `hostname`\n";
	echo "\n\nDate: `date`\n";
Picked up JAVA_TOOL_OPTIONS: -Dfile.encoding=UTF8 -Duser.language=en-US -Duser.country=US -Duser.language=en
2018-12-29 00:38:37,120 INFO main - command line arguments: [-mode  cardumen  -location  .  -id  TO_BASE-  -failing  java_testcases.junit.TO_BASE_Test  -jvm4testexecution  /usr/lib/jvm/java-1.8.0-openjdk-amd64/bin/  -jvm4evosuitetestexecution  /usr/lib/jvm/java-1.8.0-openjdk-amd64/bin/  -maxgen  1000000  -maxtime  120  -stopfirst  true  -seed  0  -scope  local  -population  1  -javacompliancelevel  8  -srcjavafolder  src/main/java  -srctestfolder  src/test/java  -binjavafolder  target/classes  -bintestfolder  target/test-classes  -parameters  x:x  -dependencies  /home/tdurieux/.m2/repository/junit/junit/4.11/junit-4.11.jar:/home/tdurieux/.m2/repository/org/hamcrest/hamcrest-core/1.3/hamcrest-core-1.3.jar]
2018-12-29 00:38:37,123 INFO fr.inria.main.evolution.AstorMain - Running Astor on a JDK at /usr/lib/jvm/java-8-openjdk-amd64/jre
[INFO ] fr.inria.main.AbstractMain.determineSourceFolders(AbstractMain.java:842) - Source folders: [/tmp/Cardumen_QuixBugs_TO_BASE_/./src/main/java]
[INFO ] fr.inria.main.AbstractMain.determineSourceFolders(AbstractMain.java:861) - Source Test folders: [/tmp/Cardumen_QuixBugs_TO_BASE_/./src/test/java]
[INFO ] fr.inria.astor.core.faultlocalization.gzoltar.GZoltarFaultLocalization.calculateSuspicious(GZoltarFaultLocalization.java:75) - -Executing Gzoltar classpath: /tmp/Cardumen_QuixBugs_TO_BASE_/./output_astor/AstorMain-TO_BASE-//bin//default from 1 classes with test cases
[INFO ] fr.inria.astor.core.faultlocalization.gzoltar.GZoltarFaultLocalization.searchSuspicious(GZoltarFaultLocalization.java:149) - Gzoltar fault localization: min susp value parameter: 0.1
[INFO ] fr.inria.astor.core.faultlocalization.gzoltar.GZoltarFaultLocalization.searchSuspicious(GZoltarFaultLocalization.java:169) - -gz-Adding classpath: [/home/tdurieux/.m2/repository/junit/junit/4.11/junit-4.11.jar, /home/tdurieux/.m2/repository/org/hamcrest/hamcrest-core/1.3/hamcrest-core-1.3.jar, /tmp/Cardumen_QuixBugs_TO_BASE_/./output_astor/AstorMain-TO_BASE-//bin//default]
[INFO ] fr.inria.astor.core.faultlocalization.gzoltar.GZoltarFaultLocalization.searchSuspicious(GZoltarFaultLocalization.java:206) - Test failt: java_testcases.junit.TO_BASE_Test#test_0
[INFO ] fr.inria.astor.core.faultlocalization.gzoltar.GZoltarFaultLocalization.searchSuspicious(GZoltarFaultLocalization.java:206) - Test failt: java_testcases.junit.TO_BASE_Test#test_1
[INFO ] fr.inria.astor.core.faultlocalization.gzoltar.GZoltarFaultLocalization.searchSuspicious(GZoltarFaultLocalization.java:206) - Test failt: java_testcases.junit.TO_BASE_Test#test_2
[INFO ] fr.inria.astor.core.faultlocalization.gzoltar.GZoltarFaultLocalization.searchSuspicious(GZoltarFaultLocalization.java:206) - Test failt: java_testcases.junit.TO_BASE_Test#test_3
[INFO ] fr.inria.astor.core.faultlocalization.gzoltar.GZoltarFaultLocalization.searchSuspicious(GZoltarFaultLocalization.java:206) - Test failt: java_testcases.junit.TO_BASE_Test#test_4
[INFO ] fr.inria.astor.core.faultlocalization.gzoltar.GZoltarFaultLocalization.searchSuspicious(GZoltarFaultLocalization.java:206) - Test failt: java_testcases.junit.TO_BASE_Test#test_5
[INFO ] fr.inria.astor.core.faultlocalization.gzoltar.GZoltarFaultLocalization.searchSuspicious(GZoltarFaultLocalization.java:206) - Test failt: java_testcases.junit.TO_BASE_Test#test_6
[INFO ] fr.inria.astor.core.faultlocalization.gzoltar.GZoltarFaultLocalization.searchSuspicious(GZoltarFaultLocalization.java:218) - Gzoltar Test Result Total:7, fails: 7, GZoltar suspicious 23, with positive susp 23
[INFO ] fr.inria.astor.core.faultlocalization.gzoltar.GZoltarFaultLocalization.searchSuspicious(GZoltarFaultLocalization.java:226) - nr test results 7
[INFO ] fr.inria.astor.core.faultlocalization.gzoltar.GZoltarFaultLocalization.searchSuspicious(GZoltarFaultLocalization.java:271) - Gzoltar found: 23 with susp > 0.1, we consider: 23
[INFO ] fr.inria.astor.core.solutionsearch.AstorCoreEngine.initPopulation(AstorCoreEngine.java:689) - 
---- Creating spoon model
[INFO ] fr.inria.astor.core.solutionsearch.AstorCoreEngine.initModel(AstorCoreEngine.java:781) - Creating model,  Code location from working folder: /tmp/Cardumen_QuixBugs_TO_BASE_/./output_astor/AstorMain-TO_BASE-//src//default
[INFO ] fr.inria.astor.core.manipulation.MutationSupporter.buildModel(MutationSupporter.java:65) - building model: /tmp/Cardumen_QuixBugs_TO_BASE_/./output_astor/AstorMain-TO_BASE-//src//default, compliance level: 8
[INFO ] fr.inria.astor.core.manipulation.MutationSupporter.buildModel(MutationSupporter.java:78) - Classpath for building SpoonModel [/home/tdurieux/.m2/repository/junit/junit/4.11/junit-4.11.jar, /home/tdurieux/.m2/repository/org/hamcrest/hamcrest-core/1.3/hamcrest-core-1.3.jar]
[INFO ] fr.inria.astor.core.solutionsearch.AstorCoreEngine.initPopulation(AstorCoreEngine.java:693) - 
---- Initial suspicious size: 23
[INFO ] fr.inria.astor.core.solutionsearch.population.ProgramVariantFactory.createModificationPoints(ProgramVariantFactory.java:215) -  Not ctClass for suspicious code Candidate [className=java_testcases.junit.QuixFixOracleHelper, methodName=java_testcases.junit.QuixFixOracleHelper{format(Ljava/lang/Object;Z)Ljava/lang/String; 0.0, lineNumber=14, susp=1.0]
[INFO ] fr.inria.astor.core.solutionsearch.population.ProgramVariantFactory.createModificationPoints(ProgramVariantFactory.java:215) -  Not ctClass for suspicious code Candidate [className=java_testcases.junit.QuixFixOracleHelper, methodName=java_testcases.junit.QuixFixOracleHelper{format(Ljava/lang/Object;Z)Ljava/lang/String; 0.0, lineNumber=15, susp=1.0]
[INFO ] fr.inria.astor.core.solutionsearch.population.ProgramVariantFactory.createModificationPoints(ProgramVariantFactory.java:215) -  Not ctClass for suspicious code Candidate [className=java_testcases.junit.QuixFixOracleHelper, methodName=java_testcases.junit.QuixFixOracleHelper{format(Ljava/lang/Object;Z)Ljava/lang/String; 0.0, lineNumber=16, susp=1.0]
[INFO ] fr.inria.astor.core.solutionsearch.population.ProgramVariantFactory.createModificationPoints(ProgramVariantFactory.java:215) -  Not ctClass for suspicious code Candidate [className=java_testcases.junit.QuixFixOracleHelper, methodName=java_testcases.junit.QuixFixOracleHelper{removeSymbols(Ljava/lang/String;)Ljava/lang/String; 0.0, lineNumber=21, susp=1.0]
[INFO ] fr.inria.astor.core.solutionsearch.population.ProgramVariantFactory.createModificationPoints(ProgramVariantFactory.java:215) -  Not ctClass for suspicious code Candidate [className=java_testcases.junit.QuixFixOracleHelper, methodName=java_testcases.junit.QuixFixOracleHelper{removeSymbols(Ljava/lang/String;)Ljava/lang/String; 0.0, lineNumber=22, susp=1.0]
[INFO ] fr.inria.astor.core.solutionsearch.population.ProgramVariantFactory.createModificationPoints(ProgramVariantFactory.java:215) -  Not ctClass for suspicious code Candidate [className=java_testcases.junit.QuixFixOracleHelper, methodName=java_testcases.junit.QuixFixOracleHelper{transformToString(Ljava/lang/Object;Z)Ljava/lang/String; 0.0, lineNumber=26, susp=1.0]
[INFO ] fr.inria.astor.core.solutionsearch.population.ProgramVariantFactory.createModificationPoints(ProgramVariantFactory.java:215) -  Not ctClass for suspicious code Candidate [className=java_testcases.junit.QuixFixOracleHelper, methodName=java_testcases.junit.QuixFixOracleHelper{transformToString(Ljava/lang/Object;Z)Ljava/lang/String; 0.0, lineNumber=37, susp=1.0]
[INFO ] fr.inria.astor.core.solutionsearch.population.ProgramVariantFactory.createModificationPoints(ProgramVariantFactory.java:215) -  Not ctClass for suspicious code Candidate [className=java_testcases.junit.QuixFixOracleHelper, methodName=java_testcases.junit.QuixFixOracleHelper{transformToString(Ljava/lang/Object;Z)Ljava/lang/String; 0.0, lineNumber=38, susp=1.0]
[INFO ] fr.inria.astor.core.solutionsearch.population.ProgramVariantFactory.createModificationPoints(ProgramVariantFactory.java:215) -  Not ctClass for suspicious code Candidate [className=java_testcases.junit.QuixFixOracleHelper, methodName=java_testcases.junit.QuixFixOracleHelper{transformToString(Ljava/lang/Object;Z)Ljava/lang/String; 0.0, lineNumber=44, susp=1.0]
[INFO ] fr.inria.astor.core.solutionsearch.population.ProgramVariantFactory.createModificationPoints(ProgramVariantFactory.java:215) -  Not ctClass for suspicious code Candidate [className=java_testcases.junit.QuixFixOracleHelper, methodName=java_testcases.junit.QuixFixOracleHelper{isInteger(Ljava/lang/String;)Z 0.0, lineNumber=50, susp=1.0]
[INFO ] fr.inria.astor.core.solutionsearch.population.ProgramVariantFactory.createModificationPoints(ProgramVariantFactory.java:215) -  Not ctClass for suspicious code Candidate [className=java_testcases.junit.QuixFixOracleHelper, methodName=java_testcases.junit.QuixFixOracleHelper{isInteger(Ljava/lang/String;)Z 0.0, lineNumber=52, susp=1.0]
[INFO ] fr.inria.astor.core.solutionsearch.population.ProgramVariantFactory.createModificationPoints(ProgramVariantFactory.java:215) -  Not ctClass for suspicious code Candidate [className=java_testcases.junit.QuixFixOracleHelper, methodName=java_testcases.junit.QuixFixOracleHelper{isInteger(Ljava/lang/String;)Z 0.0, lineNumber=57, susp=1.0]
[INFO ] fr.inria.astor.core.solutionsearch.population.ProgramVariantFactory.createModificationPoints(ProgramVariantFactory.java:215) -  Not ctClass for suspicious code Candidate [className=java_testcases.junit.QuixFixOracleHelper, methodName=java_testcases.junit.QuixFixOracleHelper{transformToString(Ljava/lang/Object;Z)Ljava/lang/String; 0.0, lineNumber=41, susp=0.7559289460184544]
[INFO ] fr.inria.astor.core.solutionsearch.population.ProgramVariantFactory.createModificationPoints(ProgramVariantFactory.java:215) -  Not ctClass for suspicious code Candidate [className=java_testcases.junit.QuixFixOracleHelper, methodName=java_testcases.junit.QuixFixOracleHelper{isInteger(Ljava/lang/String;)Z 0.0, lineNumber=53, susp=0.7559289460184544]
[INFO ] fr.inria.astor.core.solutionsearch.population.ProgramVariantFactory.createModificationPoints(ProgramVariantFactory.java:215) -  Not ctClass for suspicious code Candidate [className=java_testcases.junit.QuixFixOracleHelper, methodName=java_testcases.junit.QuixFixOracleHelper{isInteger(Ljava/lang/String;)Z 0.0, lineNumber=55, susp=0.7559289460184544]
[INFO ] fr.inria.astor.core.solutionsearch.population.ProgramVariantFactory.createModificationPoints(ProgramVariantFactory.java:215) -  Not ctClass for suspicious code Candidate [className=java_testcases.junit.QuixFixOracleHelper, methodName=java_testcases.junit.QuixFixOracleHelper{transformToString(Ljava/lang/Object;Z)Ljava/lang/String; 0.0, lineNumber=39, susp=0.6546536707079772]
[INFO ] fr.inria.astor.core.solutionsearch.population.ProgramVariantFactory.createProgramInstance(ProgramVariantFactory.java:127) - Total suspicious from FL: 23,  6
[INFO ] fr.inria.astor.core.solutionsearch.population.ProgramVariantFactory.createProgramInstance(ProgramVariantFactory.java:136) - Total ModPoint created: 6
[INFO ] fr.inria.astor.core.solutionsearch.population.ProgramVariantFactory.createInitialPopulation(ProgramVariantFactory.java:82) - Creating program variant #1, [Variant id: 1, #gens: 6, #ops: 0, parent:-]
[INFO ] fr.inria.astor.core.solutionsearch.spaces.ingredients.scopes.ExpressionTypeIngredientSpace.defineSpace(ExpressionTypeIngredientSpace.java:121) - Ingredient search space info : number keys 5 , number values 7 
[INFO ] fr.inria.astor.core.setup.ConfigurationProperties.print(ConfigurationProperties.java:66) - ----------------------------
[INFO ] fr.inria.astor.core.setup.ConfigurationProperties.print(ConfigurationProperties.java:67) - ---Configuration properties:---Execution values
[INFO ] fr.inria.astor.core.setup.ConfigurationProperties.print(ConfigurationProperties.java:69) - p:lastJUnitVersion= ./examples/libs/junit-4.11.jar
[INFO ] fr.inria.astor.core.setup.ConfigurationProperties.print(ConfigurationProperties.java:69) - p:alternativecompliancelevel= 4
[INFO ] fr.inria.astor.core.setup.ConfigurationProperties.print(ConfigurationProperties.java:69) - p:ignoredTestCases= 
[INFO ] fr.inria.astor.core.setup.ConfigurationProperties.print(ConfigurationProperties.java:69) - p:workingDirectory= /tmp/Cardumen_QuixBugs_TO_BASE_/./output_astor
[INFO ] fr.inria.astor.core.setup.ConfigurationProperties.print(ConfigurationProperties.java:69) - p:manipulatesuper= false
[INFO ] fr.inria.astor.core.setup.ConfigurationProperties.print(ConfigurationProperties.java:69) - p:validation= process
[INFO ] fr.inria.astor.core.setup.ConfigurationProperties.print(ConfigurationProperties.java:69) - p:jvm4testexecution= /usr/lib/jvm/java-1.8.0-openjdk-amd64/bin/
[INFO ] fr.inria.astor.core.setup.ConfigurationProperties.print(ConfigurationProperties.java:69) - p:operatorspace= r-expression
[INFO ] fr.inria.astor.core.setup.ConfigurationProperties.print(ConfigurationProperties.java:69) - p:disablelog= false
[INFO ] fr.inria.astor.core.setup.ConfigurationProperties.print(ConfigurationProperties.java:69) - p:binjavafolder= target/classes
[INFO ] fr.inria.astor.core.setup.ConfigurationProperties.print(ConfigurationProperties.java:69) - p:synthesis_depth= 3
[INFO ] fr.inria.astor.core.setup.ConfigurationProperties.print(ConfigurationProperties.java:69) - p:gzoltartestpackagetoexclude= junit.framework
[INFO ] fr.inria.astor.core.setup.ConfigurationProperties.print(ConfigurationProperties.java:69) - p:skipfitnessinitialpopulation= false
[INFO ] fr.inria.astor.core.setup.ConfigurationProperties.print(ConfigurationProperties.java:69) - p:evosuiteresultfolder= evosuite
[INFO ] fr.inria.astor.core.setup.ConfigurationProperties.print(ConfigurationProperties.java:69) - p:flthreshold= 0.1
[INFO ] fr.inria.astor.core.setup.ConfigurationProperties.print(ConfigurationProperties.java:69) - p:regressionforfaultlocalization= true
[INFO ] fr.inria.astor.core.setup.ConfigurationProperties.print(ConfigurationProperties.java:69) - p:collectonlyusedmethod= false
[INFO ] fr.inria.astor.core.setup.ConfigurationProperties.print(ConfigurationProperties.java:69) - p:preservelinenumbers= true
[INFO ] fr.inria.astor.core.setup.ConfigurationProperties.print(ConfigurationProperties.java:69) - p:tmax2= 780
[INFO ] fr.inria.astor.core.setup.ConfigurationProperties.print(ConfigurationProperties.java:69) - p:ingredienttransformstrategy= name-probability-based
[INFO ] fr.inria.astor.core.setup.ConfigurationProperties.print(ConfigurationProperties.java:69) - p:tmax1= 10000
[INFO ] fr.inria.astor.core.setup.ConfigurationProperties.print(ConfigurationProperties.java:69) - p:probagenmutation= false
[INFO ] fr.inria.astor.core.setup.ConfigurationProperties.print(ConfigurationProperties.java:69) - p:nomodificationconvergence= 100
[INFO ] fr.inria.astor.core.setup.ConfigurationProperties.print(ConfigurationProperties.java:69) - p:targetelementprocessor= expression
[INFO ] fr.inria.astor.core.setup.ConfigurationProperties.print(ConfigurationProperties.java:69) - p:srctestfolder= src/test/java
[INFO ] fr.inria.astor.core.setup.ConfigurationProperties.print(ConfigurationProperties.java:69) - p:forceExecuteRegression= false
[INFO ] fr.inria.astor.core.setup.ConfigurationProperties.print(ConfigurationProperties.java:69) - p:clusteringfilename= clustering.csv
[INFO ] fr.inria.astor.core.setup.ConfigurationProperties.print(ConfigurationProperties.java:69) - p:failing= java_testcases.junit.TO_BASE_Test
[INFO ] fr.inria.astor.core.setup.ConfigurationProperties.print(ConfigurationProperties.java:69) - p:logtestexecution= false
[INFO ] fr.inria.astor.core.setup.ConfigurationProperties.print(ConfigurationProperties.java:69) - p:evo_buggy_class= true
[INFO ] fr.inria.astor.core.setup.ConfigurationProperties.print(ConfigurationProperties.java:69) - p:numberExecutions= 1
[INFO ] fr.inria.astor.core.setup.ConfigurationProperties.print(ConfigurationProperties.java:69) - p:maxnumbersolutions= 1000000
[INFO ] fr.inria.astor.core.setup.ConfigurationProperties.print(ConfigurationProperties.java:69) - p:evo_affected_by_op= true
[INFO ] fr.inria.astor.core.setup.ConfigurationProperties.print(ConfigurationProperties.java:69) - p:population= 1
[INFO ] fr.inria.astor.core.setup.ConfigurationProperties.print(ConfigurationProperties.java:69) - p:considerzerovaluesusp= false
[INFO ] fr.inria.astor.core.setup.ConfigurationProperties.print(ConfigurationProperties.java:69) - p:maxCombinationVariableLimit= false
[INFO ] fr.inria.astor.core.setup.ConfigurationProperties.print(ConfigurationProperties.java:69) - p:loglevel= INFO
[INFO ] fr.inria.astor.core.setup.ConfigurationProperties.print(ConfigurationProperties.java:69) - p:savesolution= true
[INFO ] fr.inria.astor.core.setup.ConfigurationProperties.print(ConfigurationProperties.java:69) - p:javacompliancelevel= 8
[INFO ] fr.inria.astor.core.setup.ConfigurationProperties.print(ConfigurationProperties.java:69) - p:x= x
[INFO ] fr.inria.astor.core.setup.ConfigurationProperties.print(ConfigurationProperties.java:69) - p:uniqueoptogen= false
[INFO ] fr.inria.astor.core.setup.ConfigurationProperties.print(ConfigurationProperties.java:69) - p:gzoltarpackagetonotinstrument= junit.framework
[INFO ] fr.inria.astor.core.setup.ConfigurationProperties.print(ConfigurationProperties.java:69) - p:projectIdentifier= TO_BASE-
[INFO ] fr.inria.astor.core.setup.ConfigurationProperties.print(ConfigurationProperties.java:69) - p:modificationpointnavigation= weight
[INFO ] fr.inria.astor.core.setup.ConfigurationProperties.print(ConfigurationProperties.java:69) - p:stopfirst= true
[INFO ] fr.inria.astor.core.setup.ConfigurationProperties.print(ConfigurationProperties.java:69) - p:multipointmodification= false
[INFO ] fr.inria.astor.core.setup.ConfigurationProperties.print(ConfigurationProperties.java:69) - p:elementsToMutate= 10
[INFO ] fr.inria.astor.core.setup.ConfigurationProperties.print(ConfigurationProperties.java:69) - p:jsonoutputname= astor_output
[INFO ] fr.inria.astor.core.setup.ConfigurationProperties.print(ConfigurationProperties.java:69) - p:evoDSE= false
[INFO ] fr.inria.astor.core.setup.ConfigurationProperties.print(ConfigurationProperties.java:69) - p:bintestfolder= target/test-classes
[INFO ] fr.inria.astor.core.setup.ConfigurationProperties.print(ConfigurationProperties.java:69) - p:testbystep= false
[INFO ] fr.inria.astor.core.setup.ConfigurationProperties.print(ConfigurationProperties.java:69) - p:version-location= ./math-version/
[INFO ] fr.inria.astor.core.setup.ConfigurationProperties.print(ConfigurationProperties.java:69) - p:reintroduce= PARENTS:ORIGINAL
[INFO ] fr.inria.astor.core.setup.ConfigurationProperties.print(ConfigurationProperties.java:69) - p:executorjar= ./lib/jtestex7.jar
[INFO ] fr.inria.astor.core.setup.ConfigurationProperties.print(ConfigurationProperties.java:69) - p:maxGeneration= 1000000
[INFO ] fr.inria.astor.core.setup.ConfigurationProperties.print(ConfigurationProperties.java:69) - p:max_synthesis_step= 10000
[INFO ] fr.inria.astor.core.setup.ConfigurationProperties.print(ConfigurationProperties.java:69) - p:maxVarCombination= 1000
[INFO ] fr.inria.astor.core.setup.ConfigurationProperties.print(ConfigurationProperties.java:69) - p:maxtime= 120
[INFO ] fr.inria.astor.core.setup.ConfigurationProperties.print(ConfigurationProperties.java:69) - p:evosuitejar= ./lib/evosuite-master-1.0.4-SNAPSHOT.jar
[INFO ] fr.inria.astor.core.setup.ConfigurationProperties.print(ConfigurationProperties.java:69) - p:jvmversion= 1.8.0_181
[INFO ] fr.inria.astor.core.setup.ConfigurationProperties.print(ConfigurationProperties.java:69) - p:commandTrunk= 50000
[INFO ] fr.inria.astor.core.setup.ConfigurationProperties.print(ConfigurationProperties.java:69) - p:faultlocalization= gzoltar
[INFO ] fr.inria.astor.core.setup.ConfigurationProperties.print(ConfigurationProperties.java:69) - p:resetmodel= true
[INFO ] fr.inria.astor.core.setup.ConfigurationProperties.print(ConfigurationProperties.java:69) - p:maxsuspcandidates= 1000
[INFO ] fr.inria.astor.core.setup.ConfigurationProperties.print(ConfigurationProperties.java:69) - p:mode= cardumen
[INFO ] fr.inria.astor.core.setup.ConfigurationProperties.print(ConfigurationProperties.java:69) - p:learningdir= 
[INFO ] fr.inria.astor.core.setup.ConfigurationProperties.print(ConfigurationProperties.java:69) - p:jvm4evosuitetestexecution= /usr/lib/jvm/java-1.8.0-openjdk-amd64/bin/
[INFO ] fr.inria.astor.core.setup.ConfigurationProperties.print(ConfigurationProperties.java:69) - p:filterfaultlocalization= true
[INFO ] fr.inria.astor.core.setup.ConfigurationProperties.print(ConfigurationProperties.java:69) - p:mutationrate= 1 
[INFO ] fr.inria.astor.core.setup.ConfigurationProperties.print(ConfigurationProperties.java:69) - p:pathToMVNRepository= 
[INFO ] fr.inria.astor.core.setup.ConfigurationProperties.print(ConfigurationProperties.java:69) - p:resourcesfolder= /src/main/resources:/src/test/resources:
[INFO ] fr.inria.astor.core.setup.ConfigurationProperties.print(ConfigurationProperties.java:69) - p:timezone= America/Los_Angeles
[INFO ] fr.inria.astor.core.setup.ConfigurationProperties.print(ConfigurationProperties.java:69) - p:runjava7code= false
[INFO ] fr.inria.astor.core.setup.ConfigurationProperties.print(ConfigurationProperties.java:69) - p:evoRunOnBuggyClass= true
[INFO ] fr.inria.astor.core.setup.ConfigurationProperties.print(ConfigurationProperties.java:69) - p:compiler= fr.inria.astor.core.manipulation.bytecode.compiler.SpoonClassCompiler
[INFO ] fr.inria.astor.core.setup.ConfigurationProperties.print(ConfigurationProperties.java:69) - p:limitbysuspicious= true
[INFO ] fr.inria.astor.core.setup.ConfigurationProperties.print(ConfigurationProperties.java:69) - p:logsattemps= true
[INFO ] fr.inria.astor.core.setup.ConfigurationProperties.print(ConfigurationProperties.java:69) - p:dependenciespath= /home/tdurieux/.m2/repository/junit/junit/4.11/junit-4.11.jar:/home/tdurieux/.m2/repository/org/hamcrest/hamcrest-core/1.3/hamcrest-core-1.3.jar
[INFO ] fr.inria.astor.core.setup.ConfigurationProperties.print(ConfigurationProperties.java:69) - p:logpatternlayout= [%-5p] %l - %m%n
[INFO ] fr.inria.astor.core.setup.ConfigurationProperties.print(ConfigurationProperties.java:69) - p:packageToInstrument= 
[INFO ] fr.inria.astor.core.setup.ConfigurationProperties.print(ConfigurationProperties.java:69) - p:skipfaultlocalization= false
[INFO ] fr.inria.astor.core.setup.ConfigurationProperties.print(ConfigurationProperties.java:69) - p:scope= local
[INFO ] fr.inria.astor.core.setup.ConfigurationProperties.print(ConfigurationProperties.java:69) - p:transformingredient= false
[INFO ] fr.inria.astor.core.setup.ConfigurationProperties.print(ConfigurationProperties.java:69) - p:fitnessfunction= fr.inria.astor.core.solutionsearch.population.TestCaseFitnessFunction
[INFO ] fr.inria.astor.core.setup.ConfigurationProperties.print(ConfigurationProperties.java:69) - p:maxnumvariablesperingredient= 10
[INFO ] fr.inria.astor.core.setup.ConfigurationProperties.print(ConfigurationProperties.java:69) - p:parsesourcefromoriginal= false
[INFO ] fr.inria.astor.core.setup.ConfigurationProperties.print(ConfigurationProperties.java:69) - p:pvariantfoldername= variant-
[INFO ] fr.inria.astor.core.setup.ConfigurationProperties.print(ConfigurationProperties.java:69) - p:savespoonmodelondisk= false
[INFO ] fr.inria.astor.core.setup.ConfigurationProperties.print(ConfigurationProperties.java:69) - p:srcjavafolder= src/main/java
[INFO ] fr.inria.astor.core.setup.ConfigurationProperties.print(ConfigurationProperties.java:69) - p:populationcontroller= fr.inria.astor.core.solutionsearch.population.TestCaseBasedFitnessPopulationController
[INFO ] fr.inria.astor.core.setup.ConfigurationProperties.print(ConfigurationProperties.java:69) - p:ignoreflakyinfl= false
[INFO ] fr.inria.astor.core.setup.ConfigurationProperties.print(ConfigurationProperties.java:69) - p:cleantemplates= true
[INFO ] fr.inria.astor.core.setup.ConfigurationProperties.print(ConfigurationProperties.java:69) - p:applyCrossover= false
[INFO ] fr.inria.astor.core.setup.ConfigurationProperties.print(ConfigurationProperties.java:69) - p:maxmodificationpoints= 1000
[INFO ] fr.inria.astor.core.setup.ConfigurationProperties.print(ConfigurationProperties.java:69) - p:duplicateingredientsinspace= false
[INFO ] fr.inria.astor.core.setup.ConfigurationProperties.print(ConfigurationProperties.java:69) - p:saveall= false
[INFO ] fr.inria.astor.core.setup.ConfigurationProperties.print(ConfigurationProperties.java:69) - p:seed= 0
[INFO ] fr.inria.astor.core.setup.ConfigurationProperties.print(ConfigurationProperties.java:69) - p:savecompletepatched= true
[INFO ] fr.inria.astor.core.setup.ConfigurationProperties.print(ConfigurationProperties.java:69) - p:resetoperations= false
[INFO ] fr.inria.astor.core.setup.ConfigurationProperties.print(ConfigurationProperties.java:69) - p:processoutputinfile= false
[INFO ] fr.inria.astor.core.setup.ConfigurationProperties.print(ConfigurationProperties.java:69) - p:location= .
[INFO ] fr.inria.astor.core.setup.ConfigurationProperties.print(ConfigurationProperties.java:69) - p:probabilistictransformation= true
[INFO ] fr.inria.astor.core.setup.ConfigurationProperties.print(ConfigurationProperties.java:69) - p:overridemaxtime= true
[INFO ] fr.inria.astor.core.setup.ConfigurationProperties.print(ConfigurationProperties.java:69) - p:ingredientstrategy= name-probability-based
[INFO ] fr.inria.astor.core.setup.ConfigurationProperties.print(ConfigurationProperties.java:69) - p:allpoints= false
[INFO ] fr.inria.astor.core.setup.ConfigurationProperties.print(ConfigurationProperties.java:69) - p:bugId= 280
[INFO ] fr.inria.astor.core.setup.ConfigurationProperties.print(ConfigurationProperties.java:69) - p:evosuitetimeout= 120
[INFO ] fr.inria.astor.core.setup.ConfigurationProperties.print(ConfigurationProperties.java:69) - p:nrPlaceholders= 1
[INFO ] fr.inria.astor.core.setup.ConfigurationProperties.print(ConfigurationProperties.java:69) - p:forcesubprocesskilling= true
[INFO ] fr.inria.astor.core.setup.ConfigurationProperties.print(ConfigurationProperties.java:71) - ----------------------------
[INFO ] fr.inria.astor.core.solutionsearch.EvolutionarySearchEngine.startEvolution(EvolutionarySearchEngine.java:40) - 
----Starting Solution Search
[ERROR] fr.inria.astor.core.entities.StatementOperatorInstance.defineParentInformation(StatementOperatorInstance.java:81) - Parent null or it is not a block
[ERROR] fr.inria.astor.core.entities.StatementOperatorInstance.defineParentInformation(StatementOperatorInstance.java:81) - Parent null or it is not a block
[ERROR] fr.inria.astor.core.entities.StatementOperatorInstance.defineParentInformation(StatementOperatorInstance.java:81) - Parent null or it is not a block
[ERROR] fr.inria.astor.core.entities.StatementOperatorInstance.defineParentInformation(StatementOperatorInstance.java:81) - Parent null or it is not a block
[ERROR] fr.inria.astor.core.entities.StatementOperatorInstance.defineParentInformation(StatementOperatorInstance.java:81) - Parent null or it is not a block
[ERROR] fr.inria.astor.core.entities.StatementOperatorInstance.defineParentInformation(StatementOperatorInstance.java:81) - Parent null or it is not a block
[ERROR] fr.inria.astor.core.entities.StatementOperatorInstance.defineParentInformation(StatementOperatorInstance.java:81) - Parent null or it is not a block
[ERROR] fr.inria.astor.core.entities.StatementOperatorInstance.defineParentInformation(StatementOperatorInstance.java:81) - Parent null or it is not a block
[ERROR] fr.inria.astor.core.entities.StatementOperatorInstance.defineParentInformation(StatementOperatorInstance.java:81) - Parent null or it is not a block
[ERROR] fr.inria.astor.core.entities.StatementOperatorInstance.defineParentInformation(StatementOperatorInstance.java:81) - Parent null or it is not a block
[ERROR] fr.inria.astor.core.entities.StatementOperatorInstance.defineParentInformation(StatementOperatorInstance.java:81) - Parent null or it is not a block
[ERROR] fr.inria.astor.core.entities.StatementOperatorInstance.defineParentInformation(StatementOperatorInstance.java:81) - Parent null or it is not a block
[ERROR] fr.inria.astor.core.entities.StatementOperatorInstance.defineParentInformation(StatementOperatorInstance.java:81) - Parent null or it is not a block
[ERROR] fr.inria.astor.core.entities.StatementOperatorInstance.defineParentInformation(StatementOperatorInstance.java:81) - Parent null or it is not a block
[ERROR] fr.inria.astor.core.entities.StatementOperatorInstance.defineParentInformation(StatementOperatorInstance.java:81) - Parent null or it is not a block
[ERROR] fr.inria.astor.core.entities.StatementOperatorInstance.defineParentInformation(StatementOperatorInstance.java:81) - Parent null or it is not a block
[ERROR] fr.inria.astor.core.entities.StatementOperatorInstance.defineParentInformation(StatementOperatorInstance.java:81) - Parent null or it is not a block
[ERROR] fr.inria.astor.core.entities.StatementOperatorInstance.defineParentInformation(StatementOperatorInstance.java:81) - Parent null or it is not a block
[INFO ] fr.inria.astor.core.validation.processbased.LaucherJUnitProcess.killProcess(LaucherJUnitProcess.java:171) - The Process that runs JUnit test cases did not terminate within waitTime of 10 seconds
[INFO ] fr.inria.astor.core.validation.processbased.LaucherJUnitProcess.killProcess(LaucherJUnitProcess.java:173) - Killed the Process that runs JUnit test cases 5396
[ERROR] fr.inria.astor.core.entities.StatementOperatorInstance.defineParentInformation(StatementOperatorInstance.java:81) - Parent null or it is not a block
[ERROR] fr.inria.astor.core.entities.StatementOperatorInstance.defineParentInformation(StatementOperatorInstance.java:81) - Parent null or it is not a block
[ERROR] fr.inria.astor.core.entities.StatementOperatorInstance.defineParentInformation(StatementOperatorInstance.java:81) - Parent null or it is not a block
[ERROR] fr.inria.astor.core.entities.StatementOperatorInstance.defineParentInformation(StatementOperatorInstance.java:81) - Parent null or it is not a block
[ERROR] fr.inria.astor.core.entities.StatementOperatorInstance.defineParentInformation(StatementOperatorInstance.java:81) - Parent null or it is not a block
[ERROR] fr.inria.astor.core.entities.StatementOperatorInstance.defineParentInformation(StatementOperatorInstance.java:81) - Parent null or it is not a block
[ERROR] fr.inria.astor.core.entities.StatementOperatorInstance.defineParentInformation(StatementOperatorInstance.java:81) - Parent null or it is not a block
[ERROR] fr.inria.astor.core.entities.StatementOperatorInstance.defineParentInformation(StatementOperatorInstance.java:81) - Parent null or it is not a block
[ERROR] fr.inria.astor.core.entities.StatementOperatorInstance.defineParentInformation(StatementOperatorInstance.java:81) - Parent null or it is not a block
[ERROR] fr.inria.astor.core.entities.StatementOperatorInstance.defineParentInformation(StatementOperatorInstance.java:81) - Parent null or it is not a block
[ERROR] fr.inria.astor.core.entities.StatementOperatorInstance.defineParentInformation(StatementOperatorInstance.java:81) - Parent null or it is not a block
[ERROR] fr.inria.astor.core.entities.StatementOperatorInstance.defineParentInformation(StatementOperatorInstance.java:81) - Parent null or it is not a block
[ERROR] fr.inria.astor.core.entities.StatementOperatorInstance.defineParentInformation(StatementOperatorInstance.java:81) - Parent null or it is not a block
[ERROR] fr.inria.astor.core.entities.StatementOperatorInstance.defineParentInformation(StatementOperatorInstance.java:81) - Parent null or it is not a block
[ERROR] fr.inria.astor.core.entities.StatementOperatorInstance.defineParentInformation(StatementOperatorInstance.java:81) - Parent null or it is not a block
[ERROR] fr.inria.astor.core.entities.StatementOperatorInstance.defineParentInformation(StatementOperatorInstance.java:81) - Parent null or it is not a block
[INFO ] fr.inria.astor.core.validation.processbased.LaucherJUnitProcess.killProcess(LaucherJUnitProcess.java:171) - The Process that runs JUnit test cases did not terminate within waitTime of 10 seconds
[INFO ] fr.inria.astor.core.validation.processbased.LaucherJUnitProcess.killProcess(LaucherJUnitProcess.java:173) - Killed the Process that runs JUnit test cases 5774
[ERROR] fr.inria.astor.core.entities.StatementOperatorInstance.defineParentInformation(StatementOperatorInstance.java:81) - Parent null or it is not a block
[ERROR] fr.inria.astor.core.entities.StatementOperatorInstance.defineParentInformation(StatementOperatorInstance.java:81) - Parent null or it is not a block
[ERROR] fr.inria.astor.core.entities.StatementOperatorInstance.defineParentInformation(StatementOperatorInstance.java:81) - Parent null or it is not a block
[ERROR] fr.inria.astor.core.entities.StatementOperatorInstance.defineParentInformation(StatementOperatorInstance.java:81) - Parent null or it is not a block
[ERROR] fr.inria.astor.core.entities.StatementOperatorInstance.defineParentInformation(StatementOperatorInstance.java:81) - Parent null or it is not a block
[ERROR] fr.inria.astor.core.entities.StatementOperatorInstance.defineParentInformation(StatementOperatorInstance.java:81) - Parent null or it is not a block
[ERROR] fr.inria.astor.core.entities.StatementOperatorInstance.defineParentInformation(StatementOperatorInstance.java:81) - Parent null or it is not a block
[ERROR] fr.inria.astor.core.entities.StatementOperatorInstance.defineParentInformation(StatementOperatorInstance.java:81) - Parent null or it is not a block
[INFO ] fr.inria.astor.core.validation.processbased.LaucherJUnitProcess.killProcess(LaucherJUnitProcess.java:171) - The Process that runs JUnit test cases did not terminate within waitTime of 10 seconds
[INFO ] fr.inria.astor.core.validation.processbased.LaucherJUnitProcess.killProcess(LaucherJUnitProcess.java:173) - Killed the Process that runs JUnit test cases 6038
[ERROR] fr.inria.astor.core.entities.StatementOperatorInstance.defineParentInformation(StatementOperatorInstance.java:81) - Parent null or it is not a block
[ERROR] fr.inria.astor.core.entities.StatementOperatorInstance.defineParentInformation(StatementOperatorInstance.java:81) - Parent null or it is not a block
[ERROR] fr.inria.astor.core.entities.StatementOperatorInstance.defineParentInformation(StatementOperatorInstance.java:81) - Parent null or it is not a block
[ERROR] fr.inria.astor.core.entities.StatementOperatorInstance.defineParentInformation(StatementOperatorInstance.java:81) - Parent null or it is not a block
[ERROR] fr.inria.astor.core.entities.StatementOperatorInstance.defineParentInformation(StatementOperatorInstance.java:81) - Parent null or it is not a block
[ERROR] fr.inria.astor.core.entities.StatementOperatorInstance.defineParentInformation(StatementOperatorInstance.java:81) - Parent null or it is not a block
[INFO ] fr.inria.astor.core.validation.processbased.LaucherJUnitProcess.killProcess(LaucherJUnitProcess.java:171) - The Process that runs JUnit test cases did not terminate within waitTime of 10 seconds
[INFO ] fr.inria.astor.core.validation.processbased.LaucherJUnitProcess.killProcess(LaucherJUnitProcess.java:173) - Killed the Process that runs JUnit test cases 6212
[ERROR] fr.inria.astor.core.entities.StatementOperatorInstance.defineParentInformation(StatementOperatorInstance.java:81) - Parent null or it is not a block
[ERROR] fr.inria.astor.core.entities.StatementOperatorInstance.defineParentInformation(StatementOperatorInstance.java:81) - Parent null or it is not a block
[INFO ] fr.inria.astor.core.validation.processbased.LaucherJUnitProcess.killProcess(LaucherJUnitProcess.java:171) - The Process that runs JUnit test cases did not terminate within waitTime of 10 seconds
[INFO ] fr.inria.astor.core.validation.processbased.LaucherJUnitProcess.killProcess(LaucherJUnitProcess.java:173) - Killed the Process that runs JUnit test cases 6271
[ERROR] fr.inria.astor.core.entities.StatementOperatorInstance.defineParentInformation(StatementOperatorInstance.java:81) - Parent null or it is not a block
[ERROR] fr.inria.astor.core.entities.StatementOperatorInstance.defineParentInformation(StatementOperatorInstance.java:81) - Parent null or it is not a block
[ERROR] fr.inria.astor.core.entities.StatementOperatorInstance.defineParentInformation(StatementOperatorInstance.java:81) - Parent null or it is not a block
[ERROR] fr.inria.astor.core.entities.StatementOperatorInstance.defineParentInformation(StatementOperatorInstance.java:81) - Parent null or it is not a block
[ERROR] fr.inria.astor.core.entities.StatementOperatorInstance.defineParentInformation(StatementOperatorInstance.java:81) - Parent null or it is not a block
[ERROR] fr.inria.astor.core.entities.StatementOperatorInstance.defineParentInformation(StatementOperatorInstance.java:81) - Parent null or it is not a block
[ERROR] fr.inria.astor.core.entities.StatementOperatorInstance.defineParentInformation(StatementOperatorInstance.java:81) - Parent null or it is not a block
[ERROR] fr.inria.astor.core.entities.StatementOperatorInstance.defineParentInformation(StatementOperatorInstance.java:81) - Parent null or it is not a block
[ERROR] fr.inria.astor.core.entities.StatementOperatorInstance.defineParentInformation(StatementOperatorInstance.java:81) - Parent null or it is not a block
[ERROR] fr.inria.astor.core.entities.StatementOperatorInstance.defineParentInformation(StatementOperatorInstance.java:81) - Parent null or it is not a block
[ERROR] fr.inria.astor.core.entities.StatementOperatorInstance.defineParentInformation(StatementOperatorInstance.java:81) - Parent null or it is not a block
[ERROR] fr.inria.astor.core.entities.StatementOperatorInstance.defineParentInformation(StatementOperatorInstance.java:81) - Parent null or it is not a block
[ERROR] fr.inria.astor.core.entities.StatementOperatorInstance.defineParentInformation(StatementOperatorInstance.java:81) - Parent null or it is not a block
[ERROR] fr.inria.astor.core.entities.StatementOperatorInstance.defineParentInformation(StatementOperatorInstance.java:81) - Parent null or it is not a block
[ERROR] fr.inria.astor.core.entities.StatementOperatorInstance.defineParentInformation(StatementOperatorInstance.java:81) - Parent null or it is not a block
[ERROR] fr.inria.astor.core.entities.StatementOperatorInstance.defineParentInformation(StatementOperatorInstance.java:81) - Parent null or it is not a block
[ERROR] fr.inria.astor.core.entities.StatementOperatorInstance.defineParentInformation(StatementOperatorInstance.java:81) - Parent null or it is not a block
[ERROR] fr.inria.astor.core.entities.StatementOperatorInstance.defineParentInformation(StatementOperatorInstance.java:81) - Parent null or it is not a block
[ERROR] fr.inria.astor.core.entities.StatementOperatorInstance.defineParentInformation(StatementOperatorInstance.java:81) - Parent null or it is not a block
[ERROR] fr.inria.astor.core.entities.StatementOperatorInstance.defineParentInformation(StatementOperatorInstance.java:81) - Parent null or it is not a block
[ERROR] fr.inria.astor.core.entities.StatementOperatorInstance.defineParentInformation(StatementOperatorInstance.java:81) - Parent null or it is not a block
[ERROR] fr.inria.astor.core.entities.StatementOperatorInstance.defineParentInformation(StatementOperatorInstance.java:81) - Parent null or it is not a block
[INFO ] fr.inria.astor.core.validation.processbased.LaucherJUnitProcess.killProcess(LaucherJUnitProcess.java:171) - The Process that runs JUnit test cases did not terminate within waitTime of 10 seconds
[INFO ] fr.inria.astor.core.validation.processbased.LaucherJUnitProcess.killProcess(LaucherJUnitProcess.java:173) - Killed the Process that runs JUnit test cases 6678
[ERROR] fr.inria.astor.core.entities.StatementOperatorInstance.defineParentInformation(StatementOperatorInstance.java:81) - Parent null or it is not a block
[ERROR] fr.inria.astor.core.entities.StatementOperatorInstance.defineParentInformation(StatementOperatorInstance.java:81) - Parent null or it is not a block
[INFO ] fr.inria.astor.core.validation.processbased.LaucherJUnitProcess.killProcess(LaucherJUnitProcess.java:171) - The Process that runs JUnit test cases did not terminate within waitTime of 10 seconds
[INFO ] fr.inria.astor.core.validation.processbased.LaucherJUnitProcess.killProcess(LaucherJUnitProcess.java:173) - Killed the Process that runs JUnit test cases 6736
[ERROR] fr.inria.astor.core.entities.StatementOperatorInstance.defineParentInformation(StatementOperatorInstance.java:81) - Parent null or it is not a block
[INFO ] fr.inria.astor.core.validation.processbased.LaucherJUnitProcess.killProcess(LaucherJUnitProcess.java:171) - The Process that runs JUnit test cases did not terminate within waitTime of 10 seconds
[INFO ] fr.inria.astor.core.validation.processbased.LaucherJUnitProcess.killProcess(LaucherJUnitProcess.java:173) - Killed the Process that runs JUnit test cases 6944
[ERROR] fr.inria.astor.core.solutionsearch.EvolutionarySearchEngine.startEvolution(EvolutionarySearchEngine.java:92) - Stopping main loop at 175 generation
[INFO ] fr.inria.astor.core.solutionsearch.AstorCoreEngine.atEnd(AstorCoreEngine.java:168) - Time Repair Loop (s): 93.312
[INFO ] fr.inria.astor.core.solutionsearch.AstorCoreEngine.atEnd(AstorCoreEngine.java:170) - generationsexecuted: 175
[INFO ] fr.inria.astor.core.solutionsearch.AstorCoreEngine.printFinalStatus(AstorCoreEngine.java:234) - 
----SUMMARY_EXECUTION---
[INFO ] fr.inria.astor.core.ingredientbased.IngredientBasedEvolutionaryRepairApproachImpl.printFinalStatus(IngredientBasedEvolutionaryRepairApproachImpl.java:123) - Total mod points: 6
[INFO ] fr.inria.astor.core.solutionsearch.spaces.ingredients.scopes.ExpressionTypeIngredientSpace.toJSON(ExpressionTypeIngredientSpace.java:233) - Storing ing JSON at /tmp/Cardumen_QuixBugs_TO_BASE_/./output_astor/AstorMain-TO_BASE-//src/ingredients.json
[INFO ] fr.inria.astor.core.stats.IngredientStats.toJSON(IngredientStats.java:253) - Storing ing JSON at /tmp/Cardumen_QuixBugs_TO_BASE_/./output_astor/AstorMain-TO_BASE-//ingredientSpaceSize.json
[INFO ] fr.inria.astor.core.stats.IngredientStats.toJSON(IngredientStats.java:254) - ingredientSpaceSize:{"allAttempts":75,"space":[{"a":2,"v":50},{"a":1,"v":25}]}
[INFO ] fr.inria.astor.core.stats.IngredientStats.toJSON(IngredientStats.java:253) - Storing ing JSON at /tmp/Cardumen_QuixBugs_TO_BASE_/./output_astor/AstorMain-TO_BASE-//combinationsTemplatesingredientSpaceSize.json
[INFO ] fr.inria.astor.core.stats.IngredientStats.toJSON(IngredientStats.java:254) - combinationsTemplatesingredientSpaceSize:{"allAttempts":160,"space":[{"a":4,"v":7},{"a":8,"v":6},{"a":11,"v":2},{"a":3,"v":11},{"a":7,"v":5},{"a":12,"v":4},{"a":2,"v":9},{"a":9,"v":10},{"a":6,"v":11},{"a":1,"v":85},{"a":10,"v":1},{"a":5,"v":9}]}
[INFO ] fr.inria.astor.core.solutionsearch.AstorCoreEngine.atEnd(AstorCoreEngine.java:184) - 
 --SOLUTIONS DESCRIPTION--


Astor Output:

General stats:
EXECUTION_IDENTIFIER=TO_BASE-
TOTAL_TIME=93.312
NR_GENERATIONS=175
NR_RIGHT_COMPILATIONS=64
NR_FAILLING_COMPILATIONS=11
NR_ERRONEOUS_VARIANCES=null
NR_FAILING_VALIDATION_PROCESS=null
OUTPUT_STATUS=CONVERGED

Patch stats:

[INFO ] fr.inria.astor.core.output.PatchJSONStandarOutput.produceOutput(PatchJSONStandarOutput.java:103) - Storing ing JSON at /tmp/Cardumen_QuixBugs_TO_BASE_/./output_astor/AstorMain-TO_BASE-//astor_output.json
[INFO ] fr.inria.astor.core.output.PatchJSONStandarOutput.produceOutput(PatchJSONStandarOutput.java:104) - astor_output:
{"general":{"NR_RIGHT_COMPILATIONS":64,"NR_ERRONEOUS_VARIANCES":null,"EXECUTION_IDENTIFIER":"TO_BASE-","OUTPUT_STATUS":"CONVERGED","NR_FAILLING_COMPILATIONS":11,"NR_GENERATIONS":175,"TOTAL_TIME":93.312,"NR_FAILING_VALIDATION_PROCESS":null},"patches":[]}
[INFO ] fr.inria.main.evolution.AstorMain.run(AstorMain.java:200) - Time Total(s): 97.272
28.49user 2.57system 1:38.13elapsed 31%CPU (0avgtext+0avgdata 341104maxresident)k
40872inputs+10384outputs (3major+382502minor)pagefaults 0swaps


Node: suno-28.sophia.grid5000.fr



Date: Sat Dec 29 00:40:14 EST 2018

