cd /tmp/jGenProg_IntroClassJava_digits_08c7ea4ac39aa6a5ab206393bb4412de9d2c365ecdda9c1b391be963c1811014ed23d2722d7433b8e8a95305eee314d39da4950f31e01f9147f90af91a5c433a_001;
export JAVA_TOOL_OPTIONS="-Dfile.encoding=UTF8 -Duser.language=en-US -Duser.country=US -Duser.language=en";
TZ="America/New_York"; export TZ;
export PATH="/usr/lib/jvm/java-1.8.0-openjdk-amd64/bin/:$PATH";
export JAVA_HOME="/usr/lib/jvm/java-1.8.0-openjdk-amd64/bin/";
time java -Xmx4g -Xms1g -cp /home/tdurieux/defects4j4repair/script/../libs/jtestex7.jar:/home/tdurieux/defects4j4repair/script/../repair_tools/astor.jar fr.inria.main.evolution.AstorMain \
	-mode jgenprog \
	-location . \
	-id digits-08c7ea4ac39aa6a5ab206393bb4412de9d2c365ecdda9c1b391be963c1811014ed23d2722d7433b8e8a95305eee314d39da4950f31e01f9147f90af91a5c433a_001 \
	-failing introclassJava.digits_08c7ea4a_001BlackboxTest:introclassJava.digits_08c7ea4a_001WhiteboxTest \
	-jvm4testexecution /home/tdurieux/openjdk-1.7.0/bin/ \
	-jvm4evosuitetestexecution /home/tdurieux/openjdk-1.7.0/bin/ \
	-maxgen 1000000 \
	-maxtime 120 \
	-stopfirst true \
	-seed 0 \
	-scope local \
	-population 1 \
	-javacompliancelevel 7 \
	-srcjavafolder src/main/java \
	-srctestfolder src/test/java \
	-binjavafolder target/classes \
	-bintestfolder target/test-classes \
	-parameters x:x \
	-dependencies /home/tdurieux/.m2/repository/junit/junit/4.11/junit-4.11.jar:/home/tdurieux/.m2/repository/org/hamcrest/hamcrest-core/1.3/hamcrest-core-1.3.jar;
	echo "\n\nNode: `hostname`\n";
	echo "\n\nDate: `date`\n";
Picked up JAVA_TOOL_OPTIONS: -Dfile.encoding=UTF8 -Duser.language=en-US -Duser.country=US -Duser.language=en
2018-12-06 23:05:00,550 INFO main - command line arguments: [-mode  jgenprog  -location  .  -id  digits-08c7ea4ac39aa6a5ab206393bb4412de9d2c365ecdda9c1b391be963c1811014ed23d2722d7433b8e8a95305eee314d39da4950f31e01f9147f90af91a5c433a_001  -failing  introclassJava.digits_08c7ea4a_001BlackboxTest:introclassJava.digits_08c7ea4a_001WhiteboxTest  -jvm4testexecution  /home/tdurieux/openjdk-1.7.0/bin/  -jvm4evosuitetestexecution  /home/tdurieux/openjdk-1.7.0/bin/  -maxgen  1000000  -maxtime  120  -stopfirst  true  -seed  0  -scope  local  -population  1  -javacompliancelevel  7  -srcjavafolder  src/main/java  -srctestfolder  src/test/java  -binjavafolder  target/classes  -bintestfolder  target/test-classes  -parameters  x:x  -dependencies  /home/tdurieux/.m2/repository/junit/junit/4.11/junit-4.11.jar:/home/tdurieux/.m2/repository/org/hamcrest/hamcrest-core/1.3/hamcrest-core-1.3.jar]
2018-12-06 23:05:00,562 INFO fr.inria.main.evolution.AstorMain - Running Astor on a JDK at /usr/lib/jvm/java-8-openjdk-amd64/jre
[INFO ] fr.inria.main.AbstractMain.determineSourceFolders(AbstractMain.java:842) - Source folders: [/tmp/jGenProg_IntroClassJava_digits_08c7ea4ac39aa6a5ab206393bb4412de9d2c365ecdda9c1b391be963c1811014ed23d2722d7433b8e8a95305eee314d39da4950f31e01f9147f90af91a5c433a_001/./src/main/java]
[INFO ] fr.inria.main.AbstractMain.determineSourceFolders(AbstractMain.java:861) - Source Test folders: [/tmp/jGenProg_IntroClassJava_digits_08c7ea4ac39aa6a5ab206393bb4412de9d2c365ecdda9c1b391be963c1811014ed23d2722d7433b8e8a95305eee314d39da4950f31e01f9147f90af91a5c433a_001/./src/test/java]
[INFO ] fr.inria.astor.core.faultlocalization.gzoltar.GZoltarFaultLocalization.calculateSuspicious(GZoltarFaultLocalization.java:75) - -Executing Gzoltar classpath: /tmp/jGenProg_IntroClassJava_digits_08c7ea4ac39aa6a5ab206393bb4412de9d2c365ecdda9c1b391be963c1811014ed23d2722d7433b8e8a95305eee314d39da4950f31e01f9147f90af91a5c433a_001/./output_astor/AstorMain-digits-08c7ea4ac39aa6a5ab206393bb4412de9d2c365ecdda9c1b391be963c1811014ed23d2722d7433b8e8a95305eee314d39da4950f31e01f9147f90af91a5c433a_001//bin//default from 2 classes with test cases
[INFO ] fr.inria.astor.core.faultlocalization.gzoltar.GZoltarFaultLocalization.searchSuspicious(GZoltarFaultLocalization.java:149) - Gzoltar fault localization: min susp value parameter: 0.1
[INFO ] fr.inria.astor.core.faultlocalization.gzoltar.GZoltarFaultLocalization.searchSuspicious(GZoltarFaultLocalization.java:169) - -gz-Adding classpath: [/tmp/jGenProg_IntroClassJava_digits_08c7ea4ac39aa6a5ab206393bb4412de9d2c365ecdda9c1b391be963c1811014ed23d2722d7433b8e8a95305eee314d39da4950f31e01f9147f90af91a5c433a_001/./output_astor/AstorMain-digits-08c7ea4ac39aa6a5ab206393bb4412de9d2c365ecdda9c1b391be963c1811014ed23d2722d7433b8e8a95305eee314d39da4950f31e01f9147f90af91a5c433a_001//bin//default, /home/tdurieux/.m2/repository/junit/junit/4.11/junit-4.11.jar, /home/tdurieux/.m2/repository/org/hamcrest/hamcrest-core/1.3/hamcrest-core-1.3.jar]
[INFO ] fr.inria.astor.core.faultlocalization.gzoltar.GZoltarFaultLocalization.searchSuspicious(GZoltarFaultLocalization.java:206) - Test failt: introclassJava.digits_08c7ea4a_001BlackboxTest#test2
[INFO ] fr.inria.astor.core.faultlocalization.gzoltar.GZoltarFaultLocalization.searchSuspicious(GZoltarFaultLocalization.java:218) - Gzoltar Test Result Total:16, fails: 1, GZoltar suspicious 52, with positive susp 41
[INFO ] fr.inria.astor.core.faultlocalization.gzoltar.GZoltarFaultLocalization.searchSuspicious(GZoltarFaultLocalization.java:226) - nr test results 16
[INFO ] fr.inria.astor.core.faultlocalization.gzoltar.GZoltarFaultLocalization.searchSuspicious(GZoltarFaultLocalization.java:271) - Gzoltar found: 41 with susp > 0.1, we consider: 41
[INFO ] fr.inria.astor.core.solutionsearch.AstorCoreEngine.initPopulation(AstorCoreEngine.java:689) - 
---- Creating spoon model
[INFO ] fr.inria.astor.core.solutionsearch.AstorCoreEngine.initModel(AstorCoreEngine.java:781) - Creating model,  Code location from working folder: /tmp/jGenProg_IntroClassJava_digits_08c7ea4ac39aa6a5ab206393bb4412de9d2c365ecdda9c1b391be963c1811014ed23d2722d7433b8e8a95305eee314d39da4950f31e01f9147f90af91a5c433a_001/./output_astor/AstorMain-digits-08c7ea4ac39aa6a5ab206393bb4412de9d2c365ecdda9c1b391be963c1811014ed23d2722d7433b8e8a95305eee314d39da4950f31e01f9147f90af91a5c433a_001//src//default
[INFO ] fr.inria.astor.core.manipulation.MutationSupporter.buildModel(MutationSupporter.java:65) - building model: /tmp/jGenProg_IntroClassJava_digits_08c7ea4ac39aa6a5ab206393bb4412de9d2c365ecdda9c1b391be963c1811014ed23d2722d7433b8e8a95305eee314d39da4950f31e01f9147f90af91a5c433a_001/./output_astor/AstorMain-digits-08c7ea4ac39aa6a5ab206393bb4412de9d2c365ecdda9c1b391be963c1811014ed23d2722d7433b8e8a95305eee314d39da4950f31e01f9147f90af91a5c433a_001//src//default, compliance level: 7
[INFO ] fr.inria.astor.core.manipulation.MutationSupporter.buildModel(MutationSupporter.java:78) - Classpath for building SpoonModel [/home/tdurieux/.m2/repository/junit/junit/4.11/junit-4.11.jar, /home/tdurieux/.m2/repository/org/hamcrest/hamcrest-core/1.3/hamcrest-core-1.3.jar]
[INFO ] fr.inria.astor.core.solutionsearch.AstorCoreEngine.initPopulation(AstorCoreEngine.java:693) - 
---- Initial suspicious size: 41
[INFO ] fr.inria.astor.core.solutionsearch.population.ProgramVariantFactory.createProgramInstance(ProgramVariantFactory.java:127) - Total suspicious from FL: 41,  50
[INFO ] fr.inria.astor.core.solutionsearch.population.ProgramVariantFactory.createProgramInstance(ProgramVariantFactory.java:136) - Total ModPoint created: 50
[INFO ] fr.inria.astor.core.solutionsearch.population.ProgramVariantFactory.createInitialPopulation(ProgramVariantFactory.java:82) - Creating program variant #1, [Variant id: 1, #gens: 50, #ops: 0, parent:-]
[INFO ] fr.inria.astor.core.setup.ConfigurationProperties.print(ConfigurationProperties.java:66) - ----------------------------
[INFO ] fr.inria.astor.core.setup.ConfigurationProperties.print(ConfigurationProperties.java:67) - ---Configuration properties:---Execution values
[INFO ] fr.inria.astor.core.setup.ConfigurationProperties.print(ConfigurationProperties.java:69) - p:lastJUnitVersion= ./examples/libs/junit-4.11.jar
[INFO ] fr.inria.astor.core.setup.ConfigurationProperties.print(ConfigurationProperties.java:69) - p:alternativecompliancelevel= 4
[INFO ] fr.inria.astor.core.setup.ConfigurationProperties.print(ConfigurationProperties.java:69) - p:ignoredTestCases= 
[INFO ] fr.inria.astor.core.setup.ConfigurationProperties.print(ConfigurationProperties.java:69) - p:workingDirectory= /tmp/jGenProg_IntroClassJava_digits_08c7ea4ac39aa6a5ab206393bb4412de9d2c365ecdda9c1b391be963c1811014ed23d2722d7433b8e8a95305eee314d39da4950f31e01f9147f90af91a5c433a_001/./output_astor
[INFO ] fr.inria.astor.core.setup.ConfigurationProperties.print(ConfigurationProperties.java:69) - p:manipulatesuper= false
[INFO ] fr.inria.astor.core.setup.ConfigurationProperties.print(ConfigurationProperties.java:69) - p:validation= process
[INFO ] fr.inria.astor.core.setup.ConfigurationProperties.print(ConfigurationProperties.java:69) - p:jvm4testexecution= /home/tdurieux/openjdk-1.7.0/bin/
[INFO ] fr.inria.astor.core.setup.ConfigurationProperties.print(ConfigurationProperties.java:69) - p:operatorspace= irr-statements
[INFO ] fr.inria.astor.core.setup.ConfigurationProperties.print(ConfigurationProperties.java:69) - p:disablelog= false
[INFO ] fr.inria.astor.core.setup.ConfigurationProperties.print(ConfigurationProperties.java:69) - p:binjavafolder= target/classes
[INFO ] fr.inria.astor.core.setup.ConfigurationProperties.print(ConfigurationProperties.java:69) - p:synthesis_depth= 3
[INFO ] fr.inria.astor.core.setup.ConfigurationProperties.print(ConfigurationProperties.java:69) - p:gzoltartestpackagetoexclude= junit.framework
[INFO ] fr.inria.astor.core.setup.ConfigurationProperties.print(ConfigurationProperties.java:69) - p:skipfitnessinitialpopulation= false
[INFO ] fr.inria.astor.core.setup.ConfigurationProperties.print(ConfigurationProperties.java:69) - p:evosuiteresultfolder= evosuite
[INFO ] fr.inria.astor.core.setup.ConfigurationProperties.print(ConfigurationProperties.java:69) - p:flthreshold= 0.1
[INFO ] fr.inria.astor.core.setup.ConfigurationProperties.print(ConfigurationProperties.java:69) - p:regressionforfaultlocalization= true
[INFO ] fr.inria.astor.core.setup.ConfigurationProperties.print(ConfigurationProperties.java:69) - p:collectonlyusedmethod= false
[INFO ] fr.inria.astor.core.setup.ConfigurationProperties.print(ConfigurationProperties.java:69) - p:preservelinenumbers= true
[INFO ] fr.inria.astor.core.setup.ConfigurationProperties.print(ConfigurationProperties.java:69) - p:tmax2= 1066
[INFO ] fr.inria.astor.core.setup.ConfigurationProperties.print(ConfigurationProperties.java:69) - p:tmax1= 10000
[INFO ] fr.inria.astor.core.setup.ConfigurationProperties.print(ConfigurationProperties.java:69) - p:probagenmutation= false
[INFO ] fr.inria.astor.core.setup.ConfigurationProperties.print(ConfigurationProperties.java:69) - p:nomodificationconvergence= 100
[INFO ] fr.inria.astor.core.setup.ConfigurationProperties.print(ConfigurationProperties.java:69) - p:targetelementprocessor= statements
[INFO ] fr.inria.astor.core.setup.ConfigurationProperties.print(ConfigurationProperties.java:69) - p:srctestfolder= src/test/java
[INFO ] fr.inria.astor.core.setup.ConfigurationProperties.print(ConfigurationProperties.java:69) - p:forceExecuteRegression= false
[INFO ] fr.inria.astor.core.setup.ConfigurationProperties.print(ConfigurationProperties.java:69) - p:clusteringfilename= clustering.csv
[INFO ] fr.inria.astor.core.setup.ConfigurationProperties.print(ConfigurationProperties.java:69) - p:failing= introclassJava.digits_08c7ea4a_001BlackboxTest:introclassJava.digits_08c7ea4a_001WhiteboxTest
[INFO ] fr.inria.astor.core.setup.ConfigurationProperties.print(ConfigurationProperties.java:69) - p:logtestexecution= false
[INFO ] fr.inria.astor.core.setup.ConfigurationProperties.print(ConfigurationProperties.java:69) - p:evo_buggy_class= true
[INFO ] fr.inria.astor.core.setup.ConfigurationProperties.print(ConfigurationProperties.java:69) - p:numberExecutions= 1
[INFO ] fr.inria.astor.core.setup.ConfigurationProperties.print(ConfigurationProperties.java:69) - p:maxnumbersolutions= 1000000
[INFO ] fr.inria.astor.core.setup.ConfigurationProperties.print(ConfigurationProperties.java:69) - p:evo_affected_by_op= true
[INFO ] fr.inria.astor.core.setup.ConfigurationProperties.print(ConfigurationProperties.java:69) - p:population= 1
[INFO ] fr.inria.astor.core.setup.ConfigurationProperties.print(ConfigurationProperties.java:69) - p:considerzerovaluesusp= false
[INFO ] fr.inria.astor.core.setup.ConfigurationProperties.print(ConfigurationProperties.java:69) - p:maxCombinationVariableLimit= false
[INFO ] fr.inria.astor.core.setup.ConfigurationProperties.print(ConfigurationProperties.java:69) - p:loglevel= INFO
[INFO ] fr.inria.astor.core.setup.ConfigurationProperties.print(ConfigurationProperties.java:69) - p:savesolution= true
[INFO ] fr.inria.astor.core.setup.ConfigurationProperties.print(ConfigurationProperties.java:69) - p:javacompliancelevel= 7
[INFO ] fr.inria.astor.core.setup.ConfigurationProperties.print(ConfigurationProperties.java:69) - p:x= x
[INFO ] fr.inria.astor.core.setup.ConfigurationProperties.print(ConfigurationProperties.java:69) - p:uniqueoptogen= false
[INFO ] fr.inria.astor.core.setup.ConfigurationProperties.print(ConfigurationProperties.java:69) - p:gzoltarpackagetonotinstrument= junit.framework
[INFO ] fr.inria.astor.core.setup.ConfigurationProperties.print(ConfigurationProperties.java:69) - p:projectIdentifier= digits-08c7ea4ac39aa6a5ab206393bb4412de9d2c365ecdda9c1b391be963c1811014ed23d2722d7433b8e8a95305eee314d39da4950f31e01f9147f90af91a5c433a_001
[INFO ] fr.inria.astor.core.setup.ConfigurationProperties.print(ConfigurationProperties.java:69) - p:modificationpointnavigation= weight
[INFO ] fr.inria.astor.core.setup.ConfigurationProperties.print(ConfigurationProperties.java:69) - p:stopfirst= true
[INFO ] fr.inria.astor.core.setup.ConfigurationProperties.print(ConfigurationProperties.java:69) - p:multipointmodification= false
[INFO ] fr.inria.astor.core.setup.ConfigurationProperties.print(ConfigurationProperties.java:69) - p:elementsToMutate= 10
[INFO ] fr.inria.astor.core.setup.ConfigurationProperties.print(ConfigurationProperties.java:69) - p:jsonoutputname= astor_output
[INFO ] fr.inria.astor.core.setup.ConfigurationProperties.print(ConfigurationProperties.java:69) - p:evoDSE= false
[INFO ] fr.inria.astor.core.setup.ConfigurationProperties.print(ConfigurationProperties.java:69) - p:bintestfolder= target/test-classes
[INFO ] fr.inria.astor.core.setup.ConfigurationProperties.print(ConfigurationProperties.java:69) - p:testbystep= false
[INFO ] fr.inria.astor.core.setup.ConfigurationProperties.print(ConfigurationProperties.java:69) - p:version-location= ./math-version/
[INFO ] fr.inria.astor.core.setup.ConfigurationProperties.print(ConfigurationProperties.java:69) - p:reintroduce= PARENTS:ORIGINAL
[INFO ] fr.inria.astor.core.setup.ConfigurationProperties.print(ConfigurationProperties.java:69) - p:executorjar= ./lib/jtestex7.jar
[INFO ] fr.inria.astor.core.setup.ConfigurationProperties.print(ConfigurationProperties.java:69) - p:maxGeneration= 1000000
[INFO ] fr.inria.astor.core.setup.ConfigurationProperties.print(ConfigurationProperties.java:69) - p:max_synthesis_step= 10000
[INFO ] fr.inria.astor.core.setup.ConfigurationProperties.print(ConfigurationProperties.java:69) - p:maxVarCombination= 1000
[INFO ] fr.inria.astor.core.setup.ConfigurationProperties.print(ConfigurationProperties.java:69) - p:maxtime= 120
[INFO ] fr.inria.astor.core.setup.ConfigurationProperties.print(ConfigurationProperties.java:69) - p:evosuitejar= ./lib/evosuite-master-1.0.4-SNAPSHOT.jar
[INFO ] fr.inria.astor.core.setup.ConfigurationProperties.print(ConfigurationProperties.java:69) - p:jvmversion= 1.7.0-u80-unofficial
[INFO ] fr.inria.astor.core.setup.ConfigurationProperties.print(ConfigurationProperties.java:69) - p:commandTrunk= 50000
[INFO ] fr.inria.astor.core.setup.ConfigurationProperties.print(ConfigurationProperties.java:69) - p:faultlocalization= gzoltar
[INFO ] fr.inria.astor.core.setup.ConfigurationProperties.print(ConfigurationProperties.java:69) - p:resetmodel= true
[INFO ] fr.inria.astor.core.setup.ConfigurationProperties.print(ConfigurationProperties.java:69) - p:maxsuspcandidates= 1000
[INFO ] fr.inria.astor.core.setup.ConfigurationProperties.print(ConfigurationProperties.java:69) - p:mode= jgenprog
[INFO ] fr.inria.astor.core.setup.ConfigurationProperties.print(ConfigurationProperties.java:69) - p:learningdir= 
[INFO ] fr.inria.astor.core.setup.ConfigurationProperties.print(ConfigurationProperties.java:69) - p:jvm4evosuitetestexecution= /home/tdurieux/openjdk-1.7.0/bin/
[INFO ] fr.inria.astor.core.setup.ConfigurationProperties.print(ConfigurationProperties.java:69) - p:filterfaultlocalization= true
[INFO ] fr.inria.astor.core.setup.ConfigurationProperties.print(ConfigurationProperties.java:69) - p:mutationrate= 1 
[INFO ] fr.inria.astor.core.setup.ConfigurationProperties.print(ConfigurationProperties.java:69) - p:pathToMVNRepository= 
[INFO ] fr.inria.astor.core.setup.ConfigurationProperties.print(ConfigurationProperties.java:69) - p:resourcesfolder= /src/main/resources:/src/test/resources:
[INFO ] fr.inria.astor.core.setup.ConfigurationProperties.print(ConfigurationProperties.java:69) - p:runjava7code= false
[INFO ] fr.inria.astor.core.setup.ConfigurationProperties.print(ConfigurationProperties.java:69) - p:timezone= America/Los_Angeles
[INFO ] fr.inria.astor.core.setup.ConfigurationProperties.print(ConfigurationProperties.java:69) - p:evoRunOnBuggyClass= true
[INFO ] fr.inria.astor.core.setup.ConfigurationProperties.print(ConfigurationProperties.java:69) - p:compiler= fr.inria.astor.core.manipulation.bytecode.compiler.SpoonClassCompiler
[INFO ] fr.inria.astor.core.setup.ConfigurationProperties.print(ConfigurationProperties.java:69) - p:limitbysuspicious= true
[INFO ] fr.inria.astor.core.setup.ConfigurationProperties.print(ConfigurationProperties.java:69) - p:logsattemps= true
[INFO ] fr.inria.astor.core.setup.ConfigurationProperties.print(ConfigurationProperties.java:69) - p:dependenciespath= /home/tdurieux/.m2/repository/junit/junit/4.11/junit-4.11.jar:/home/tdurieux/.m2/repository/org/hamcrest/hamcrest-core/1.3/hamcrest-core-1.3.jar
[INFO ] fr.inria.astor.core.setup.ConfigurationProperties.print(ConfigurationProperties.java:69) - p:logpatternlayout= [%-5p] %l - %m%n
[INFO ] fr.inria.astor.core.setup.ConfigurationProperties.print(ConfigurationProperties.java:69) - p:packageToInstrument= 
[INFO ] fr.inria.astor.core.setup.ConfigurationProperties.print(ConfigurationProperties.java:69) - p:skipfaultlocalization= false
[INFO ] fr.inria.astor.core.setup.ConfigurationProperties.print(ConfigurationProperties.java:69) - p:scope= local
[INFO ] fr.inria.astor.core.setup.ConfigurationProperties.print(ConfigurationProperties.java:69) - p:transformingredient= false
[INFO ] fr.inria.astor.core.setup.ConfigurationProperties.print(ConfigurationProperties.java:69) - p:fitnessfunction= fr.inria.astor.core.solutionsearch.population.TestCaseFitnessFunction
[INFO ] fr.inria.astor.core.setup.ConfigurationProperties.print(ConfigurationProperties.java:69) - p:maxnumvariablesperingredient= 10
[INFO ] fr.inria.astor.core.setup.ConfigurationProperties.print(ConfigurationProperties.java:69) - p:parsesourcefromoriginal= false
[INFO ] fr.inria.astor.core.setup.ConfigurationProperties.print(ConfigurationProperties.java:69) - p:pvariantfoldername= variant-
[INFO ] fr.inria.astor.core.setup.ConfigurationProperties.print(ConfigurationProperties.java:69) - p:savespoonmodelondisk= false
[INFO ] fr.inria.astor.core.setup.ConfigurationProperties.print(ConfigurationProperties.java:69) - p:srcjavafolder= src/main/java
[INFO ] fr.inria.astor.core.setup.ConfigurationProperties.print(ConfigurationProperties.java:69) - p:populationcontroller= fr.inria.astor.core.solutionsearch.population.TestCaseBasedFitnessPopulationController
[INFO ] fr.inria.astor.core.setup.ConfigurationProperties.print(ConfigurationProperties.java:69) - p:ignoreflakyinfl= false
[INFO ] fr.inria.astor.core.setup.ConfigurationProperties.print(ConfigurationProperties.java:69) - p:cleantemplates= true
[INFO ] fr.inria.astor.core.setup.ConfigurationProperties.print(ConfigurationProperties.java:69) - p:applyCrossover= false
[INFO ] fr.inria.astor.core.setup.ConfigurationProperties.print(ConfigurationProperties.java:69) - p:maxmodificationpoints= 1000
[INFO ] fr.inria.astor.core.setup.ConfigurationProperties.print(ConfigurationProperties.java:69) - p:duplicateingredientsinspace= false
[INFO ] fr.inria.astor.core.setup.ConfigurationProperties.print(ConfigurationProperties.java:69) - p:saveall= false
[INFO ] fr.inria.astor.core.setup.ConfigurationProperties.print(ConfigurationProperties.java:69) - p:seed= 0
[INFO ] fr.inria.astor.core.setup.ConfigurationProperties.print(ConfigurationProperties.java:69) - p:savecompletepatched= true
[INFO ] fr.inria.astor.core.setup.ConfigurationProperties.print(ConfigurationProperties.java:69) - p:resetoperations= false
[INFO ] fr.inria.astor.core.setup.ConfigurationProperties.print(ConfigurationProperties.java:69) - p:processoutputinfile= false
[INFO ] fr.inria.astor.core.setup.ConfigurationProperties.print(ConfigurationProperties.java:69) - p:location= .
[INFO ] fr.inria.astor.core.setup.ConfigurationProperties.print(ConfigurationProperties.java:69) - p:probabilistictransformation= true
[INFO ] fr.inria.astor.core.setup.ConfigurationProperties.print(ConfigurationProperties.java:69) - p:overridemaxtime= true
[INFO ] fr.inria.astor.core.setup.ConfigurationProperties.print(ConfigurationProperties.java:69) - p:allpoints= false
[INFO ] fr.inria.astor.core.setup.ConfigurationProperties.print(ConfigurationProperties.java:69) - p:bugId= 280
[INFO ] fr.inria.astor.core.setup.ConfigurationProperties.print(ConfigurationProperties.java:69) - p:evosuitetimeout= 120
[INFO ] fr.inria.astor.core.setup.ConfigurationProperties.print(ConfigurationProperties.java:69) - p:nrPlaceholders= 1
[INFO ] fr.inria.astor.core.setup.ConfigurationProperties.print(ConfigurationProperties.java:69) - p:forcesubprocesskilling= true
[INFO ] fr.inria.astor.core.setup.ConfigurationProperties.print(ConfigurationProperties.java:71) - ----------------------------
[INFO ] fr.inria.astor.core.solutionsearch.EvolutionarySearchEngine.startEvolution(EvolutionarySearchEngine.java:40) - 
----Starting Solution Search
[ERROR] fr.inria.astor.core.solutionsearch.AstorCoreEngine.validateReversedOriginalVariant(AstorCoreEngine.java:346) - Error variant :4 the model was not the same from the original after this generation
[ERROR] fr.inria.astor.core.solutionsearch.AstorCoreEngine.validateReversedOriginalVariant(AstorCoreEngine.java:364) - Undo Error: diff: 
/var/lib/oar/.batch_job_bashrc: line 5: /home/tdurieux/.bashrc: No such file or directory
--- introclassJava.digits_08c7ea4a_001
+++ introclassJava.digits_08c7ea4a_001
@@ -20,7 +20,7 @@
 		new introclassJava.IntObj(); 		introclassJava.IntObj d4 = new introclassJava.IntObj(); 		introclassJava.IntObj d5 = new introclassJava.IntObj(); 		introclassJava.IntObj d6 = 
 		new introclassJava.IntObj(); 		introclassJava.IntObj d7 = new introclassJava.IntObj(); 		introclassJava.IntObj d8 = new introclassJava.IntObj(); 		introclassJava.IntObj d9 = 
 		new introclassJava.IntObj();
-		output += java.lang.String.format("\nEnter an integer > ");
+		this.output += java.lang.String.format("\nEnter an integer > ");
 		num.value = scanner.nextInt();
 		numl.value = num.value;
 		n.value = 0;
@@ -48,35 +48,35 @@
 		num.value = ((num.value) - (d8.value)) / 10;
 		d9.value = (num.value) % 10;
 		num.value = ((num.value) - (d9.value)) / 10;
-		output += java.lang.String.format("\n%d\n", d0.value);
+		this.output += java.lang.String.format("\n%d\n", d0.value);
 		if ((n.value) > 1) {
-			output += java.lang.String.format("%d\n", d1.value);
+			this.output += java.lang.String.format("%d\n", d1.value);
 		}
 		if ((n.value) > 2) {
-			output += java.lang.String.format("%d\n", d2.value);
+			this.output += java.lang.String.format("%d\n", d2.value);
 		}
 		if ((n.value) > 3) {
-			output += java.lang.String.format("%d\n", d3.value);
+			this.output += java.lang.String.format("%d\n", d3.value);
 		}
 		if ((n.value) > 4) {
-			output += java.lang.String.format("%d\n", d4.value);
+			this.output += java.lang.String.format("%d\n", d4.value);
 		}
 		if ((n.value) > 5) {
-			output += java.lang.String.format("%d\n", d5.value);
+			this.output += java.lang.String.format("%d\n", d5.value);
 		}
 		if ((n.value) > 6) {
-			output += java.lang.String.format("%d\n", d6.value);
+			this.output += java.lang.String.format("%d\n", d6.value);
 		}
 		if ((n.value) > 7) {
-			output += java.lang.String.format("%d\n", d7.value);
+			this.output += java.lang.String.format("%d\n", d7.value);
 		}
 		if ((n.value) > 8) {
-			output += java.lang.String.format("%d\n", d8.value);
+			this.output += java.lang.String.format("%d\n", d8.value);
 		}
 		if ((n.value) > 9) {
-			output += java.lang.String.format("%d\n", d9.value);
+			this.output += java.lang.String.format("%d\n", d9.value);
 		}
-		output += java.lang.String.format("That\'s all, have a nice day!\n");
+		this.output += java.lang.String.format("That\'s all, have a nice day!\n");
 		if (true)
 			return;
 	}

[ERROR] fr.inria.astor.core.solutionsearch.AstorCoreEngine.validateReversedOriginalVariant(AstorCoreEngine.java:346) - Error variant :188 the model was not the same from the original after this generation
[ERROR] fr.inria.astor.core.solutionsearch.AstorCoreEngine.validateReversedOriginalVariant(AstorCoreEngine.java:364) - Undo Error: diff: 
/var/lib/oar/.batch_job_bashrc: line 5: /home/tdurieux/.bashrc: No such file or directory
--- introclassJava.digits_08c7ea4a_001
+++ introclassJava.digits_08c7ea4a_001
@@ -78,6 +78,6 @@
 		}
 		this.output += java.lang.String.format("That\'s all, have a nice day!\n");
 		if (true)
-			return;
+		{ 			return;}
 	}
 }
\ No newline at end of file

[INFO ] fr.inria.astor.core.solutionsearch.AstorCoreEngine.belowMaxTime(AstorCoreEngine.java:265) - 
 No more time for operating
[INFO ] fr.inria.astor.core.solutionsearch.AstorCoreEngine.atEnd(AstorCoreEngine.java:168) - Time Repair Loop (s): 7200.122
[INFO ] fr.inria.astor.core.solutionsearch.AstorCoreEngine.atEnd(AstorCoreEngine.java:170) - generationsexecuted: 46431
[INFO ] fr.inria.astor.core.solutionsearch.AstorCoreEngine.printFinalStatus(AstorCoreEngine.java:234) - 
----SUMMARY_EXECUTION---
[INFO ] fr.inria.astor.core.solutionsearch.AstorCoreEngine.atEnd(AstorCoreEngine.java:184) - 
 --SOLUTIONS DESCRIPTION--


Astor Output:

General stats:
EXECUTION_IDENTIFIER=digits-08c7ea4ac39aa6a5ab206393bb4412de9d2c365ecdda9c1b391be963c1811014ed23d2722d7433b8e8a95305eee314d39da4950f31e01f9147f90af91a5c433a_001
TOTAL_TIME=7200.122
NR_GENERATIONS=46431
NR_RIGHT_COMPILATIONS=27658
NR_FAILLING_COMPILATIONS=18773
NR_ERRONEOUS_VARIANCES=null
NR_FAILING_VALIDATION_PROCESS=null
OUTPUT_STATUS=TIME_OUT

Patch stats:

[INFO ] fr.inria.astor.core.output.PatchJSONStandarOutput.produceOutput(PatchJSONStandarOutput.java:103) - Storing ing JSON at /tmp/jGenProg_IntroClassJava_digits_08c7ea4ac39aa6a5ab206393bb4412de9d2c365ecdda9c1b391be963c1811014ed23d2722d7433b8e8a95305eee314d39da4950f31e01f9147f90af91a5c433a_001/./output_astor/AstorMain-digits-08c7ea4ac39aa6a5ab206393bb4412de9d2c365ecdda9c1b391be963c1811014ed23d2722d7433b8e8a95305eee314d39da4950f31e01f9147f90af91a5c433a_001//astor_output.json
[INFO ] fr.inria.astor.core.output.PatchJSONStandarOutput.produceOutput(PatchJSONStandarOutput.java:104) - astor_output:
{"general":{"NR_RIGHT_COMPILATIONS":27658,"NR_ERRONEOUS_VARIANCES":null,"EXECUTION_IDENTIFIER":"digits-08c7ea4ac39aa6a5ab206393bb4412de9d2c365ecdda9c1b391be963c1811014ed23d2722d7433b8e8a95305eee314d39da4950f31e01f9147f90af91a5c433a_001","OUTPUT_STATUS":"TIME_OUT","NR_FAILLING_COMPILATIONS":18773,"NR_GENERATIONS":46431,"TOTAL_TIME":7200.122,"NR_FAILING_VALIDATION_PROCESS":null},"patches":[]}
[INFO ] fr.inria.main.evolution.AstorMain.run(AstorMain.java:200) - Time Total(s): 7203.55
29099.72user 782.94system 2:00:04elapsed 414%CPU (0avgtext+0avgdata 4634412maxresident)k
80776inputs+2079824outputs (30major+194361137minor)pagefaults 0swaps


Node: grisou-36.nancy.grid5000.fr



Date: Fri Dec  7 01:05:04 EST 2018

