cd /tmp/DynaMoth_IntroClassJava_digits_f2997e14a460c6df0ed10aa9f6e792666e37d5c06a9a81445f14509e4a0113f59f5589ef37774dfea1f7d0ae9bb6c388e6eeb44e745e35f8511bbd4b82709d9a_002;
export JAVA_TOOL_OPTIONS="-Dfile.encoding=UTF8 -Duser.language=en-US -Duser.country=US -Duser.language=en";
TZ="America/New_York"; export TZ;
export PATH="/usr/lib/jvm/java-1.8.0-openjdk-amd64/bin/:$PATH";
export JAVA_HOME="/usr/lib/jvm/java-1.8.0-openjdk-amd64/bin/";
time java -Xmx4048m -cp /home/tdurieux/RepairThemAll/script/../repair_tools/nopol.jar:/usr/lib/jvm/java-1.8.0-openjdk-amd64/bin//../lib/tools.jar fr.inria.lille.repair.Main \
	--mode repair \
	--type pre_then_cond \
	--oracle angelic \
	--synthesis dynamoth \
	--flocal gzoltar \
	--json \
	--solver z3 \
	--solver-path /home/tdurieux/RepairThemAll/script/../libs/z3/build/z3 \
	--complianceLevel 7 \
	--source src/main/java \
	--classpath "target/classes:target/test-classes:/home/tdurieux/.m2/repository/junit/junit/4.11/junit-4.11.jar:/home/tdurieux/.m2/repository/org/hamcrest/hamcrest-core/1.3/hamcrest-core-1.3.jar:/home/tdurieux/RepairThemAll/script/../repair_tools/nopol.jar";
	echo "\n\nNode: `hostname`\n";
	echo "\n\nDate: `date`\n";
Picked up JAVA_TOOL_OPTIONS: -Dfile.encoding=UTF8 -Duser.language=en-US -Duser.country=US -Duser.language=en
17:23:59.221 [main] INFO  fr.inria.lille.repair.nopol.NoPol - Source files: [src/main/java]
17:23:59.237 [main] INFO  fr.inria.lille.repair.nopol.NoPol - Classpath: [file:/tmp/DynaMoth_IntroClassJava_digits_f2997e14a460c6df0ed10aa9f6e792666e37d5c06a9a81445f14509e4a0113f59f5589ef37774dfea1f7d0ae9bb6c388e6eeb44e745e35f8511bbd4b82709d9a_002/target/classes/, file:/tmp/DynaMoth_IntroClassJava_digits_f2997e14a460c6df0ed10aa9f6e792666e37d5c06a9a81445f14509e4a0113f59f5589ef37774dfea1f7d0ae9bb6c388e6eeb44e745e35f8511bbd4b82709d9a_002/target/test-classes/, file:/home/tdurieux/.m2/repository/junit/junit/4.11/junit-4.11.jar, file:/home/tdurieux/.m2/repository/org/hamcrest/hamcrest-core/1.3/hamcrest-core-1.3.jar, file:/home/tdurieux/RepairThemAll/script/../repair_tools/nopol.jar]
17:23:59.237 [main] INFO  fr.inria.lille.repair.nopol.NoPol - Statement type: PRE_THEN_COND
17:23:59.237 [main] INFO  fr.inria.lille.repair.nopol.NoPol - Args: [introclassJava.digits_f2997e14_002BlackboxTest, introclassJava.digits_f2997e14_002WhiteboxTest]
17:23:59.239 [main] INFO  fr.inria.lille.repair.nopol.NoPol - Config: Config{synthesisDepth=3, collectStaticMethods=true, collectStaticFields=false, collectLiterals=false, onlyOneSynthesisResult=true, sortExpressions=true, maxLineInvocationPerTest=250, timeoutMethodInvocation=2000, dataCollectionTimeoutInSecondForSynthesis=900, addWeight=0.19478, subWeight=0.04554, mulWeight=0.0102, divWeight=0.00613, andWeight=0.10597, orWeight=0.05708, eqWeight=0.22798, nEqWeight=0.0, lessEqWeight=0.0255, lessWeight=0.0947, methodCallWeight=0.1, fieldAccessWeight=0.08099, constantWeight=0.14232, variableWeight=0.05195, mode=REPAIR, type=PRE_THEN_COND, synthesis=DYNAMOTH, oracle=ANGELIC, solver=Z3, solverPath='/home/tdurieux/RepairThemAll/script/../libs/z3/build/z3', projectSources=[src/main/java], projectClasspath='[Ljava.net.URL;@2ff4f00f', projectTests=[introclassJava.digits_f2997e14_002BlackboxTest, introclassJava.digits_f2997e14_002WhiteboxTest], complianceLevel=7, outputFolder=., json=true}
17:23:59.239 [main] INFO  fr.inria.lille.repair.nopol.NoPol - Available processors (cores): 24
17:23:59.246 [main] INFO  fr.inria.lille.repair.nopol.NoPol - Free memory: 1 GB
17:23:59.247 [main] INFO  fr.inria.lille.repair.nopol.NoPol - Maximum memory: 3 GB
17:23:59.247 [main] INFO  fr.inria.lille.repair.nopol.NoPol - Total memory available to JVM: 1 GB
17:23:59.247 [main] INFO  fr.inria.lille.repair.nopol.NoPol - Java version: 1.8.0_181
17:23:59.248 [main] INFO  fr.inria.lille.repair.nopol.NoPol - JAVA_HOME: /usr/lib/jvm/java-1.8.0-openjdk-amd64/bin/
17:23:59.248 [main] INFO  fr.inria.lille.repair.nopol.NoPol - PATH: /usr/lib/jvm/java-1.8.0-openjdk-amd64/bin/:/usr/lib/oar/oardodo:/usr/lib/oar/oardodo:/usr/local/bin:/usr/bin:/bin:/usr/games
17:24:02.175 [pool-2-thread-1] DEBUG fr.inria.lille.repair.nopol.NoPol - statement #1
17:24:02.176 [pool-2-thread-1] DEBUG fr.inria.lille.repair.nopol.NoPol - Analysing SourceLocation introclassJava.digits_f2997e14_002:68 which is executed by 2 tests
-1272757750
17:24:02.498 [pool-2-thread-1] DEBUG fr.inria.lille.repair.nopol.NoPol - looking with class fr.inria.lille.repair.nopol.spoon.smt.ConditionalAdder
org.junit.ComparisonFailure: expected:<Enteraninteger>8[]That'sall,haveaniced...> but was:<Enteraninteger>8[0]That'sall,haveaniced...>
    at org.junit.Assert.assertEquals(Assert.java:115)
    at org.junit.Assert.assertEquals(Assert.java:144)
    at introclassJava.digits_f2997e14_002BlackboxTest.test4(digits_f2997e14_002BlackboxTest.java:40)
    at sun.reflect.NativeMethodAccessorImpl.invoke0(Native Method)
    at sun.reflect.NativeMethodAccessorImpl.invoke(NativeMethodAccessorImpl.java:62)
    at sun.reflect.DelegatingMethodAccessorImpl.invoke(DelegatingMethodAccessorImpl.java:43)
17:24:02.541 [pool-4-thread-1] INFO  xxl.java.junit.TestCasesListener - Tests run finished (20 ms)
<> Total tests run: 6
<> Ignored tests: 0
<> Failed tests: 1
~ test4(introclassJava.digits_f2997e14_002BlackboxTest)
[expected:<Enteraninteger>8[]That'sall,haveaniced...> but was:<Enteraninteger>8[0]That'sall,haveaniced...>]
org.junit.ComparisonFailure: expected:<Enteraninteger>8[]That'sall,haveaniced...> but was:<Enteraninteger>8[0]That'sall,haveaniced...>    at org.junit.Assert.assertEquals(Assert.java:115)
    at org.junit.Assert.assertEquals(Assert.java:144)
    at introclassJava.digits_f2997e14_002BlackboxTest.test4(digits_f2997e14_002BlackboxTest.java:40)
    at sun.reflect.NativeMethodAccessorImpl.invoke0(Native Method)
    at sun.reflect.NativeMethodAccessorImpl.invoke(NativeMethodAccessorImpl.java:62)
    at sun.reflect.DelegatingMethodAccessorImpl.invoke(DelegatingMethodAccessorImpl.java:43)

17:24:04.027 [pool-2-thread-1] DEBUG fr.inria.lille.repair.nopol.NoPol - statement #2
17:24:04.027 [pool-2-thread-1] DEBUG fr.inria.lille.repair.nopol.NoPol - Analysing SourceLocation introclassJava.digits_f2997e14_002:67 which is executed by 2 tests
-1272757750
17:24:04.085 [pool-2-thread-1] DEBUG fr.inria.lille.repair.nopol.NoPol - looking with class fr.inria.lille.repair.nopol.spoon.smt.ConditionalAdder
org.junit.ComparisonFailure: expected:<Enteraninteger>8[]That'sall,haveaniced...> but was:<Enteraninteger>8[0]That'sall,haveaniced...>
    at org.junit.Assert.assertEquals(Assert.java:115)
    at org.junit.Assert.assertEquals(Assert.java:144)
    at introclassJava.digits_f2997e14_002BlackboxTest.test4(digits_f2997e14_002BlackboxTest.java:40)
    at sun.reflect.NativeMethodAccessorImpl.invoke0(Native Method)
    at sun.reflect.NativeMethodAccessorImpl.invoke(NativeMethodAccessorImpl.java:62)
    at sun.reflect.DelegatingMethodAccessorImpl.invoke(DelegatingMethodAccessorImpl.java:43)
17:24:04.095 [pool-8-thread-1] INFO  xxl.java.junit.TestCasesListener - Tests run finished (7 ms)
<> Total tests run: 6
<> Ignored tests: 0
<> Failed tests: 1
~ test4(introclassJava.digits_f2997e14_002BlackboxTest)
[expected:<Enteraninteger>8[]That'sall,haveaniced...> but was:<Enteraninteger>8[0]That'sall,haveaniced...>]
org.junit.ComparisonFailure: expected:<Enteraninteger>8[]That'sall,haveaniced...> but was:<Enteraninteger>8[0]That'sall,haveaniced...>    at org.junit.Assert.assertEquals(Assert.java:115)
    at org.junit.Assert.assertEquals(Assert.java:144)
    at introclassJava.digits_f2997e14_002BlackboxTest.test4(digits_f2997e14_002BlackboxTest.java:40)
    at sun.reflect.NativeMethodAccessorImpl.invoke0(Native Method)
    at sun.reflect.NativeMethodAccessorImpl.invoke(NativeMethodAccessorImpl.java:62)
    at sun.reflect.DelegatingMethodAccessorImpl.invoke(DelegatingMethodAccessorImpl.java:43)

java -cp /tmp/DynaMoth_IntroClassJava_digits_f2997e14a460c6df0ed10aa9f6e792666e37d5c06a9a81445f14509e4a0113f59f5589ef37774dfea1f7d0ae9bb6c388e6eeb44e745e35f8511bbd4b82709d9a_002/target/classes:/tmp/DynaMoth_IntroClassJava_digits_f2997e14a460c6df0ed10aa9f6e792666e37d5c06a9a81445f14509e4a0113f59f5589ef37774dfea1f7d0ae9bb6c388e6eeb44e745e35f8511bbd4b82709d9a_002/target/test-classes:/home/tdurieux/.m2/repository/junit/junit/4.11/junit-4.11.jar:/home/tdurieux/.m2/repository/org/hamcrest/hamcrest-core/1.3/hamcrest-core-1.3.jar:/home/tdurieux/RepairThemAll/script/../repair_tools/nopol.jar:/home/tdurieux/RepairThemAll/repair_tools/nopol.jar:/usr/lib/jvm/java-8-openjdk-amd64/lib/tools.jar: fr.inria.lille.repair.MethodTestRunner introclassJava.digits_f2997e14_002WhiteboxTest#test1 introclassJava.digits_f2997e14_002BlackboxTest#test4 
17:24:04.534 [pool-7-thread-1] DEBUG f.i.l.r.s.DynamothCodeGenesisImpl - ClassPrepareEvent
17:24:04.599 [pool-7-thread-1] DEBUG f.i.l.r.s.c.spoon.ClassCollector - [class] introclassJava.IntObj
17:24:04.601 [pool-7-thread-1] DEBUG f.i.l.r.s.c.spoon.ClassCollector - [class] introclassJava.digits_f2997e14_002
17:24:04.655 [pool-7-thread-1] DEBUG f.i.l.r.s.c.spoon.ClassCollector - [class] java.lang.String
17:24:04.695 [pool-7-thread-1] DEBUG f.i.l.r.s.c.spoon.ClassCollector - [class] java.util.Scanner
17:24:04.716 [pool-7-thread-1] DEBUG f.i.l.r.s.c.spoon.ClassCollector - [class] java.lang.Math
17:24:04.774 [pool-7-thread-1] DEBUG f.i.l.r.s.DynamothCodeGenesisImpl - BreakpointEvent
17:24:04.780 [pool-7-thread-1] INFO  f.i.l.r.s.DynamothCodeGenesisImpl - [test] introclassJava.digits_f2997e14_002WhiteboxTest#test1 iteration 0
17:24:04.786 [pool-7-thread-1] DEBUG f.i.l.r.s.c.SpoonElementsCollector - [data] "0
"="0
"
17:24:04.789 [pool-7-thread-1] DEBUG f.i.l.r.s.c.DynamothDataCollector - Collect Level 1
17:24:04.790 [pool-7-thread-1] DEBUG f.i.l.r.s.c.DynamothDataCollector - [data] this=instance of introclassJava.digits_f2997e14_002(id=459)
17:24:04.792 [pool-7-thread-1] DEBUG f.i.l.r.s.c.DynamothDataCollector - [data] digit
17:24:04.793 [pool-7-thread-1] DEBUG f.i.l.r.s.c.DynamothDataCollector - [data] input
17:24:04.808 [pool-7-thread-1] DEBUG f.i.l.r.s.c.DynamothDataCollector - [data] this.scanner
17:24:04.809 [pool-7-thread-1] DEBUG f.i.l.r.s.c.DynamothDataCollector - [data] this.output
17:24:04.834 [pool-7-thread-1] DEBUG f.i.l.r.s.DynamothCodeGenesisImpl - BreakpointEvent
17:24:04.835 [pool-7-thread-1] INFO  f.i.l.r.s.DynamothCodeGenesisImpl - [test] introclassJava.digits_f2997e14_002BlackboxTest#test4 iteration 0
17:24:04.836 [pool-7-thread-1] DEBUG f.i.l.r.s.c.SpoonElementsCollector - [data] "0
"="0
"
17:24:04.836 [pool-7-thread-1] DEBUG f.i.l.r.s.c.DynamothDataCollector - Collect Level 1
17:24:04.836 [pool-7-thread-1] DEBUG f.i.l.r.s.c.DynamothDataCollector - [data] this=instance of introclassJava.digits_f2997e14_002(id=500)
17:24:04.837 [pool-7-thread-1] DEBUG f.i.l.r.s.c.DynamothDataCollector - [data] digit
17:24:04.837 [pool-7-thread-1] DEBUG f.i.l.r.s.c.DynamothDataCollector - [data] input
17:24:04.842 [pool-7-thread-1] DEBUG f.i.l.r.s.c.DynamothDataCollector - [data] this.scanner
17:24:04.842 [pool-7-thread-1] DEBUG f.i.l.r.s.c.DynamothDataCollector - [data] this.output
17:24:04.849 [pool-7-thread-1] DEBUG f.i.l.r.s.DynamothCodeGenesisImpl - Exit
17:24:04.864 [pool-7-thread-1] DEBUG f.i.l.r.s.collect.DataCombiner - [combine] start on 9 elements
17:24:04.886 [pool-7-thread-1] DEBUG f.i.l.r.s.collect.DataCombiner - [combine] end 2229 evaluated elements


========= Info ==========
Nb constants             4
Nb method invocations    0
Nb field access          2
Nb variables             3
Total                    9
Nb evaluated expressions 1110
Init Execution time      501 ms
Collect Execution time   108 ms
Combine Execution time   38.0 ms
Nb Combination par sec   29211 combinations/sec
Total Execution time     647 ms
Nb line execution        2
Nb results               0

Results:


========================
         Stat
========================
Operators: 
LT 2
MOD 1
EQ 1
NE 1
DIV 1
AND 1
Methods: 
format(java.lang.String,java.lang.Object[]) 6
abs(int) 3
nextInt() 1
Variable: 
value 26
output 12
input 8
digit 5
scanner 2

 & 4 & 0 & 2 & 3 & 9 & 1110 & 648 ms & 2 &
17:24:04.889 [pool-2-thread-1] DEBUG fr.inria.lille.repair.nopol.NoPol - statement #3
17:24:04.889 [pool-2-thread-1] DEBUG fr.inria.lille.repair.nopol.NoPol - Analysing SourceLocation introclassJava.digits_f2997e14_002:74 which is executed by 15 tests
-1272757750
17:24:04.942 [pool-2-thread-1] DEBUG fr.inria.lille.repair.nopol.NoPol - looking with class fr.inria.lille.repair.nopol.spoon.smt.ConditionalAdder
org.junit.ComparisonFailure: expected:<Enteraninteger>8[]That'sall,haveaniced...> but was:<Enteraninteger>8[0]That'sall,haveaniced...>
    at org.junit.Assert.assertEquals(Assert.java:115)
    at org.junit.Assert.assertEquals(Assert.java:144)
    at introclassJava.digits_f2997e14_002BlackboxTest.test4(digits_f2997e14_002BlackboxTest.java:40)
    at sun.reflect.NativeMethodAccessorImpl.invoke0(Native Method)
    at sun.reflect.NativeMethodAccessorImpl.invoke(NativeMethodAccessorImpl.java:62)
    at sun.reflect.DelegatingMethodAccessorImpl.invoke(DelegatingMethodAccessorImpl.java:43)
17:24:04.955 [pool-15-thread-1] INFO  xxl.java.junit.TestCasesListener - Tests run finished (9 ms)
<> Total tests run: 6
<> Ignored tests: 0
<> Failed tests: 1
~ test4(introclassJava.digits_f2997e14_002BlackboxTest)
[expected:<Enteraninteger>8[]That'sall,haveaniced...> but was:<Enteraninteger>8[0]That'sall,haveaniced...>]
org.junit.ComparisonFailure: expected:<Enteraninteger>8[]That'sall,haveaniced...> but was:<Enteraninteger>8[0]That'sall,haveaniced...>    at org.junit.Assert.assertEquals(Assert.java:115)
    at org.junit.Assert.assertEquals(Assert.java:144)
    at introclassJava.digits_f2997e14_002BlackboxTest.test4(digits_f2997e14_002BlackboxTest.java:40)
    at sun.reflect.NativeMethodAccessorImpl.invoke0(Native Method)
    at sun.reflect.NativeMethodAccessorImpl.invoke(NativeMethodAccessorImpl.java:62)
    at sun.reflect.DelegatingMethodAccessorImpl.invoke(DelegatingMethodAccessorImpl.java:43)

17:24:05.077 [pool-2-thread-1] DEBUG fr.inria.lille.repair.nopol.NoPol - looking with class fr.inria.lille.repair.nopol.spoon.smt.ConditionalReplacer
org.junit.ComparisonFailure: expected:<Enteraninteger>8[]That'sall,haveaniced...> but was:<Enteraninteger>8[0]That'sall,haveaniced...>
    at org.junit.Assert.assertEquals(Assert.java:115)
    at org.junit.Assert.assertEquals(Assert.java:144)
    at introclassJava.digits_f2997e14_002BlackboxTest.test4(digits_f2997e14_002BlackboxTest.java:40)
    at sun.reflect.NativeMethodAccessorImpl.invoke0(Native Method)
    at sun.reflect.NativeMethodAccessorImpl.invoke(NativeMethodAccessorImpl.java:62)
    at sun.reflect.DelegatingMethodAccessorImpl.invoke(DelegatingMethodAccessorImpl.java:43)
17:24:05.085 [pool-19-thread-1] INFO  xxl.java.junit.TestCasesListener - Tests run finished (6 ms)
<> Total tests run: 6
<> Ignored tests: 0
<> Failed tests: 1
~ test4(introclassJava.digits_f2997e14_002BlackboxTest)
[expected:<Enteraninteger>8[]That'sall,haveaniced...> but was:<Enteraninteger>8[0]That'sall,haveaniced...>]
org.junit.ComparisonFailure: expected:<Enteraninteger>8[]That'sall,haveaniced...> but was:<Enteraninteger>8[0]That'sall,haveaniced...>    at org.junit.Assert.assertEquals(Assert.java:115)
    at org.junit.Assert.assertEquals(Assert.java:144)
    at introclassJava.digits_f2997e14_002BlackboxTest.test4(digits_f2997e14_002BlackboxTest.java:40)
    at sun.reflect.NativeMethodAccessorImpl.invoke0(Native Method)
    at sun.reflect.NativeMethodAccessorImpl.invoke(NativeMethodAccessorImpl.java:62)
    at sun.reflect.DelegatingMethodAccessorImpl.invoke(DelegatingMethodAccessorImpl.java:43)

17:24:05.195 [pool-2-thread-1] DEBUG fr.inria.lille.repair.nopol.NoPol - statement #4
17:24:05.195 [pool-2-thread-1] DEBUG fr.inria.lille.repair.nopol.NoPol - Analysing SourceLocation introclassJava.digits_f2997e14_002:73 which is executed by 15 tests
-1272757750
17:24:05.249 [pool-2-thread-1] DEBUG fr.inria.lille.repair.nopol.NoPol - looking with class fr.inria.lille.repair.nopol.spoon.smt.ConditionalAdder
org.junit.ComparisonFailure: expected:<Enteraninteger>8[]That'sall,haveaniced...> but was:<Enteraninteger>8[0]That'sall,haveaniced...>
    at org.junit.Assert.assertEquals(Assert.java:115)
    at org.junit.Assert.assertEquals(Assert.java:144)
    at introclassJava.digits_f2997e14_002BlackboxTest.test4(digits_f2997e14_002BlackboxTest.java:40)
    at sun.reflect.NativeMethodAccessorImpl.invoke0(Native Method)
    at sun.reflect.NativeMethodAccessorImpl.invoke(NativeMethodAccessorImpl.java:62)
    at sun.reflect.DelegatingMethodAccessorImpl.invoke(DelegatingMethodAccessorImpl.java:43)
17:24:05.256 [pool-23-thread-1] INFO  xxl.java.junit.TestCasesListener - Tests run finished (5 ms)
<> Total tests run: 6
<> Ignored tests: 0
<> Failed tests: 1
~ test4(introclassJava.digits_f2997e14_002BlackboxTest)
[expected:<Enteraninteger>8[]That'sall,haveaniced...> but was:<Enteraninteger>8[0]That'sall,haveaniced...>]
org.junit.ComparisonFailure: expected:<Enteraninteger>8[]That'sall,haveaniced...> but was:<Enteraninteger>8[0]That'sall,haveaniced...>    at org.junit.Assert.assertEquals(Assert.java:115)
    at org.junit.Assert.assertEquals(Assert.java:144)
    at introclassJava.digits_f2997e14_002BlackboxTest.test4(digits_f2997e14_002BlackboxTest.java:40)
    at sun.reflect.NativeMethodAccessorImpl.invoke0(Native Method)
    at sun.reflect.NativeMethodAccessorImpl.invoke(NativeMethodAccessorImpl.java:62)
    at sun.reflect.DelegatingMethodAccessorImpl.invoke(DelegatingMethodAccessorImpl.java:43)

17:24:05.354 [pool-2-thread-1] DEBUG fr.inria.lille.repair.nopol.NoPol - statement #5
17:24:05.354 [pool-2-thread-1] DEBUG fr.inria.lille.repair.nopol.NoPol - Analysing SourceLocation introclassJava.digits_f2997e14_002:71 which is executed by 15 tests
-1272757750
17:24:05.407 [pool-2-thread-1] DEBUG fr.inria.lille.repair.nopol.NoPol - looking with class fr.inria.lille.repair.nopol.spoon.smt.ConditionalAdder
org.junit.ComparisonFailure: expected:<Enteraninteger>8[]That'sall,haveaniced...> but was:<Enteraninteger>8[0]That'sall,haveaniced...>
    at org.junit.Assert.assertEquals(Assert.java:115)
    at org.junit.Assert.assertEquals(Assert.java:144)
    at introclassJava.digits_f2997e14_002BlackboxTest.test4(digits_f2997e14_002BlackboxTest.java:40)
    at sun.reflect.NativeMethodAccessorImpl.invoke0(Native Method)
    at sun.reflect.NativeMethodAccessorImpl.invoke(NativeMethodAccessorImpl.java:62)
    at sun.reflect.DelegatingMethodAccessorImpl.invoke(DelegatingMethodAccessorImpl.java:43)
17:24:05.414 [pool-27-thread-1] INFO  xxl.java.junit.TestCasesListener - Tests run finished (5 ms)
<> Total tests run: 6
<> Ignored tests: 0
<> Failed tests: 1
~ test4(introclassJava.digits_f2997e14_002BlackboxTest)
[expected:<Enteraninteger>8[]That'sall,haveaniced...> but was:<Enteraninteger>8[0]That'sall,haveaniced...>]
org.junit.ComparisonFailure: expected:<Enteraninteger>8[]That'sall,haveaniced...> but was:<Enteraninteger>8[0]That'sall,haveaniced...>    at org.junit.Assert.assertEquals(Assert.java:115)
    at org.junit.Assert.assertEquals(Assert.java:144)
    at introclassJava.digits_f2997e14_002BlackboxTest.test4(digits_f2997e14_002BlackboxTest.java:40)
    at sun.reflect.NativeMethodAccessorImpl.invoke0(Native Method)
    at sun.reflect.NativeMethodAccessorImpl.invoke(NativeMethodAccessorImpl.java:62)
    at sun.reflect.DelegatingMethodAccessorImpl.invoke(DelegatingMethodAccessorImpl.java:43)

17:24:05.496 [pool-2-thread-1] DEBUG fr.inria.lille.repair.nopol.NoPol - statement #6
17:24:05.497 [pool-2-thread-1] DEBUG fr.inria.lille.repair.nopol.NoPol - Analysing SourceLocation introclassJava.digits_f2997e14_002:70 which is executed by 15 tests
-1272757750
17:24:05.559 [pool-2-thread-1] DEBUG fr.inria.lille.repair.nopol.NoPol - looking with class fr.inria.lille.repair.nopol.spoon.smt.ConditionalAdder
org.junit.ComparisonFailure: expected:<Enteraninteger>8[]That'sall,haveaniced...> but was:<Enteraninteger>8[0]That'sall,haveaniced...>
    at org.junit.Assert.assertEquals(Assert.java:115)
    at org.junit.Assert.assertEquals(Assert.java:144)
    at introclassJava.digits_f2997e14_002BlackboxTest.test4(digits_f2997e14_002BlackboxTest.java:40)
    at sun.reflect.NativeMethodAccessorImpl.invoke0(Native Method)
    at sun.reflect.NativeMethodAccessorImpl.invoke(NativeMethodAccessorImpl.java:62)
    at sun.reflect.DelegatingMethodAccessorImpl.invoke(DelegatingMethodAccessorImpl.java:43)
17:24:05.566 [pool-31-thread-1] INFO  xxl.java.junit.TestCasesListener - Tests run finished (4 ms)
<> Total tests run: 6
<> Ignored tests: 0
<> Failed tests: 1
~ test4(introclassJava.digits_f2997e14_002BlackboxTest)
[expected:<Enteraninteger>8[]That'sall,haveaniced...> but was:<Enteraninteger>8[0]That'sall,haveaniced...>]
org.junit.ComparisonFailure: expected:<Enteraninteger>8[]That'sall,haveaniced...> but was:<Enteraninteger>8[0]That'sall,haveaniced...>    at org.junit.Assert.assertEquals(Assert.java:115)
    at org.junit.Assert.assertEquals(Assert.java:144)
    at introclassJava.digits_f2997e14_002BlackboxTest.test4(digits_f2997e14_002BlackboxTest.java:40)
    at sun.reflect.NativeMethodAccessorImpl.invoke0(Native Method)
    at sun.reflect.NativeMethodAccessorImpl.invoke(NativeMethodAccessorImpl.java:62)
    at sun.reflect.DelegatingMethodAccessorImpl.invoke(DelegatingMethodAccessorImpl.java:43)

17:24:05.649 [pool-2-thread-1] DEBUG fr.inria.lille.repair.nopol.NoPol - statement #7
17:24:05.649 [pool-2-thread-1] DEBUG fr.inria.lille.repair.nopol.NoPol - Analysing SourceLocation introclassJava.digits_f2997e14_002:69 which is executed by 15 tests
-1272757750
17:24:05.702 [pool-2-thread-1] DEBUG fr.inria.lille.repair.nopol.NoPol - looking with class fr.inria.lille.repair.nopol.spoon.smt.ConditionalAdder
org.junit.ComparisonFailure: expected:<Enteraninteger>8[]That'sall,haveaniced...> but was:<Enteraninteger>8[0]That'sall,haveaniced...>
    at org.junit.Assert.assertEquals(Assert.java:115)
    at org.junit.Assert.assertEquals(Assert.java:144)
    at introclassJava.digits_f2997e14_002BlackboxTest.test4(digits_f2997e14_002BlackboxTest.java:40)
    at sun.reflect.NativeMethodAccessorImpl.invoke0(Native Method)
    at sun.reflect.NativeMethodAccessorImpl.invoke(NativeMethodAccessorImpl.java:62)
    at sun.reflect.DelegatingMethodAccessorImpl.invoke(DelegatingMethodAccessorImpl.java:43)
17:24:05.710 [pool-35-thread-1] INFO  xxl.java.junit.TestCasesListener - Tests run finished (6 ms)
<> Total tests run: 6
<> Ignored tests: 0
<> Failed tests: 1
~ test4(introclassJava.digits_f2997e14_002BlackboxTest)
[expected:<Enteraninteger>8[]That'sall,haveaniced...> but was:<Enteraninteger>8[0]That'sall,haveaniced...>]
org.junit.ComparisonFailure: expected:<Enteraninteger>8[]That'sall,haveaniced...> but was:<Enteraninteger>8[0]That'sall,haveaniced...>    at org.junit.Assert.assertEquals(Assert.java:115)
    at org.junit.Assert.assertEquals(Assert.java:144)
    at introclassJava.digits_f2997e14_002BlackboxTest.test4(digits_f2997e14_002BlackboxTest.java:40)
    at sun.reflect.NativeMethodAccessorImpl.invoke0(Native Method)
    at sun.reflect.NativeMethodAccessorImpl.invoke(NativeMethodAccessorImpl.java:62)
    at sun.reflect.DelegatingMethodAccessorImpl.invoke(DelegatingMethodAccessorImpl.java:43)

17:24:05.794 [pool-2-thread-1] DEBUG fr.inria.lille.repair.nopol.NoPol - looking with class fr.inria.lille.repair.nopol.spoon.smt.ConditionalReplacer
org.junit.ComparisonFailure: expected:<Enteraninteger>8[]That'sall,haveaniced...> but was:<Enteraninteger>8[0]That'sall,haveaniced...>
    at org.junit.Assert.assertEquals(Assert.java:115)
    at org.junit.Assert.assertEquals(Assert.java:144)
    at introclassJava.digits_f2997e14_002BlackboxTest.test4(digits_f2997e14_002BlackboxTest.java:40)
    at sun.reflect.NativeMethodAccessorImpl.invoke0(Native Method)
    at sun.reflect.NativeMethodAccessorImpl.invoke(NativeMethodAccessorImpl.java:62)
    at sun.reflect.DelegatingMethodAccessorImpl.invoke(DelegatingMethodAccessorImpl.java:43)
17:24:05.800 [pool-39-thread-1] INFO  xxl.java.junit.TestCasesListener - Tests run finished (4 ms)
<> Total tests run: 6
<> Ignored tests: 0
<> Failed tests: 1
~ test4(introclassJava.digits_f2997e14_002BlackboxTest)
[expected:<Enteraninteger>8[]That'sall,haveaniced...> but was:<Enteraninteger>8[0]That'sall,haveaniced...>]
org.junit.ComparisonFailure: expected:<Enteraninteger>8[]That'sall,haveaniced...> but was:<Enteraninteger>8[0]That'sall,haveaniced...>    at org.junit.Assert.assertEquals(Assert.java:115)
    at org.junit.Assert.assertEquals(Assert.java:144)
    at introclassJava.digits_f2997e14_002BlackboxTest.test4(digits_f2997e14_002BlackboxTest.java:40)
    at sun.reflect.NativeMethodAccessorImpl.invoke0(Native Method)
    at sun.reflect.NativeMethodAccessorImpl.invoke(NativeMethodAccessorImpl.java:62)
    at sun.reflect.DelegatingMethodAccessorImpl.invoke(DelegatingMethodAccessorImpl.java:43)

17:24:05.874 [pool-2-thread-1] DEBUG fr.inria.lille.repair.nopol.NoPol - statement #8
17:24:05.874 [pool-2-thread-1] DEBUG fr.inria.lille.repair.nopol.NoPol - Analysing SourceLocation introclassJava.digits_f2997e14_002:81 which is executed by 16 tests
-1272757750
17:24:05.913 [pool-2-thread-1] DEBUG fr.inria.lille.repair.nopol.NoPol - looking with class fr.inria.lille.repair.nopol.spoon.smt.ConditionalAdder
org.junit.ComparisonFailure: expected:<Enteraninteger>8[]That'sall,haveaniced...> but was:<Enteraninteger>8[0]That'sall,haveaniced...>
    at org.junit.Assert.assertEquals(Assert.java:115)
    at org.junit.Assert.assertEquals(Assert.java:144)
    at introclassJava.digits_f2997e14_002BlackboxTest.test4(digits_f2997e14_002BlackboxTest.java:40)
    at sun.reflect.NativeMethodAccessorImpl.invoke0(Native Method)
    at sun.reflect.NativeMethodAccessorImpl.invoke(NativeMethodAccessorImpl.java:62)
    at sun.reflect.DelegatingMethodAccessorImpl.invoke(DelegatingMethodAccessorImpl.java:43)
17:24:05.920 [pool-43-thread-1] INFO  xxl.java.junit.TestCasesListener - Tests run finished (4 ms)
<> Total tests run: 6
<> Ignored tests: 0
<> Failed tests: 1
~ test4(introclassJava.digits_f2997e14_002BlackboxTest)
[expected:<Enteraninteger>8[]That'sall,haveaniced...> but was:<Enteraninteger>8[0]That'sall,haveaniced...>]
org.junit.ComparisonFailure: expected:<Enteraninteger>8[]That'sall,haveaniced...> but was:<Enteraninteger>8[0]That'sall,haveaniced...>    at org.junit.Assert.assertEquals(Assert.java:115)
    at org.junit.Assert.assertEquals(Assert.java:144)
    at introclassJava.digits_f2997e14_002BlackboxTest.test4(digits_f2997e14_002BlackboxTest.java:40)
    at sun.reflect.NativeMethodAccessorImpl.invoke0(Native Method)
    at sun.reflect.NativeMethodAccessorImpl.invoke(NativeMethodAccessorImpl.java:62)
    at sun.reflect.DelegatingMethodAccessorImpl.invoke(DelegatingMethodAccessorImpl.java:43)

17:24:05.992 [pool-2-thread-1] DEBUG fr.inria.lille.repair.nopol.NoPol - statement #9
17:24:05.992 [pool-2-thread-1] DEBUG fr.inria.lille.repair.nopol.NoPol - Analysing SourceLocation introclassJava.digits_f2997e14_002:79 which is executed by 16 tests
-1272757750
17:24:06.031 [pool-2-thread-1] DEBUG fr.inria.lille.repair.nopol.NoPol - looking with class fr.inria.lille.repair.nopol.spoon.smt.ConditionalAdder
org.junit.ComparisonFailure: expected:<Enteraninteger>8[]That'sall,haveaniced...> but was:<Enteraninteger>8[0]That'sall,haveaniced...>
    at org.junit.Assert.assertEquals(Assert.java:115)
    at org.junit.Assert.assertEquals(Assert.java:144)
    at introclassJava.digits_f2997e14_002BlackboxTest.test4(digits_f2997e14_002BlackboxTest.java:40)
    at sun.reflect.NativeMethodAccessorImpl.invoke0(Native Method)
    at sun.reflect.NativeMethodAccessorImpl.invoke(NativeMethodAccessorImpl.java:62)
    at sun.reflect.DelegatingMethodAccessorImpl.invoke(DelegatingMethodAccessorImpl.java:43)
17:24:06.038 [pool-47-thread-1] INFO  xxl.java.junit.TestCasesListener - Tests run finished (5 ms)
<> Total tests run: 6
<> Ignored tests: 0
<> Failed tests: 1
~ test4(introclassJava.digits_f2997e14_002BlackboxTest)
[expected:<Enteraninteger>8[]That'sall,haveaniced...> but was:<Enteraninteger>8[0]That'sall,haveaniced...>]
org.junit.ComparisonFailure: expected:<Enteraninteger>8[]That'sall,haveaniced...> but was:<Enteraninteger>8[0]That'sall,haveaniced...>    at org.junit.Assert.assertEquals(Assert.java:115)
    at org.junit.Assert.assertEquals(Assert.java:144)
    at introclassJava.digits_f2997e14_002BlackboxTest.test4(digits_f2997e14_002BlackboxTest.java:40)
    at sun.reflect.NativeMethodAccessorImpl.invoke0(Native Method)
    at sun.reflect.NativeMethodAccessorImpl.invoke(NativeMethodAccessorImpl.java:62)
    at sun.reflect.DelegatingMethodAccessorImpl.invoke(DelegatingMethodAccessorImpl.java:43)

17:24:06.108 [pool-2-thread-1] DEBUG fr.inria.lille.repair.nopol.NoPol - statement #10
17:24:06.108 [pool-2-thread-1] DEBUG fr.inria.lille.repair.nopol.NoPol - Analysing SourceLocation introclassJava.digits_f2997e14_002:66 which is executed by 16 tests
-1272757750
17:24:06.148 [pool-2-thread-1] DEBUG fr.inria.lille.repair.nopol.NoPol - looking with class fr.inria.lille.repair.nopol.spoon.smt.ConditionalAdder
org.junit.ComparisonFailure: expected:<Enteraninteger>8[]That'sall,haveaniced...> but was:<Enteraninteger>8[0]That'sall,haveaniced...>
    at org.junit.Assert.assertEquals(Assert.java:115)
    at org.junit.Assert.assertEquals(Assert.java:144)
    at introclassJava.digits_f2997e14_002BlackboxTest.test4(digits_f2997e14_002BlackboxTest.java:40)
    at sun.reflect.NativeMethodAccessorImpl.invoke0(Native Method)
    at sun.reflect.NativeMethodAccessorImpl.invoke(NativeMethodAccessorImpl.java:62)
    at sun.reflect.DelegatingMethodAccessorImpl.invoke(DelegatingMethodAccessorImpl.java:43)
17:24:06.155 [pool-51-thread-1] INFO  xxl.java.junit.TestCasesListener - Tests run finished (4 ms)
<> Total tests run: 6
<> Ignored tests: 0
<> Failed tests: 1
~ test4(introclassJava.digits_f2997e14_002BlackboxTest)
[expected:<Enteraninteger>8[]That'sall,haveaniced...> but was:<Enteraninteger>8[0]That'sall,haveaniced...>]
org.junit.ComparisonFailure: expected:<Enteraninteger>8[]That'sall,haveaniced...> but was:<Enteraninteger>8[0]That'sall,haveaniced...>    at org.junit.Assert.assertEquals(Assert.java:115)
    at org.junit.Assert.assertEquals(Assert.java:144)
    at introclassJava.digits_f2997e14_002BlackboxTest.test4(digits_f2997e14_002BlackboxTest.java:40)
    at sun.reflect.NativeMethodAccessorImpl.invoke0(Native Method)
    at sun.reflect.NativeMethodAccessorImpl.invoke(NativeMethodAccessorImpl.java:62)
    at sun.reflect.DelegatingMethodAccessorImpl.invoke(DelegatingMethodAccessorImpl.java:43)

17:24:07.222 [pool-2-thread-1] DEBUG fr.inria.lille.repair.nopol.NoPol - looking with class fr.inria.lille.repair.nopol.spoon.smt.ConditionalReplacer
org.junit.ComparisonFailure: expected:<Enteraninteger>8[]That'sall,haveaniced...> but was:<Enteraninteger>8[0]That'sall,haveaniced...>
    at org.junit.Assert.assertEquals(Assert.java:115)
    at org.junit.Assert.assertEquals(Assert.java:144)
    at introclassJava.digits_f2997e14_002BlackboxTest.test4(digits_f2997e14_002BlackboxTest.java:40)
    at sun.reflect.NativeMethodAccessorImpl.invoke0(Native Method)
    at sun.reflect.NativeMethodAccessorImpl.invoke(NativeMethodAccessorImpl.java:62)
    at sun.reflect.DelegatingMethodAccessorImpl.invoke(DelegatingMethodAccessorImpl.java:43)
17:24:07.228 [pool-55-thread-1] INFO  xxl.java.junit.TestCasesListener - Tests run finished (4 ms)
<> Total tests run: 6
<> Ignored tests: 0
<> Failed tests: 1
~ test4(introclassJava.digits_f2997e14_002BlackboxTest)
[expected:<Enteraninteger>8[]That'sall,haveaniced...> but was:<Enteraninteger>8[0]That'sall,haveaniced...>]
org.junit.ComparisonFailure: expected:<Enteraninteger>8[]That'sall,haveaniced...> but was:<Enteraninteger>8[0]That'sall,haveaniced...>    at org.junit.Assert.assertEquals(Assert.java:115)
    at org.junit.Assert.assertEquals(Assert.java:144)
    at introclassJava.digits_f2997e14_002BlackboxTest.test4(digits_f2997e14_002BlackboxTest.java:40)
    at sun.reflect.NativeMethodAccessorImpl.invoke0(Native Method)
    at sun.reflect.NativeMethodAccessorImpl.invoke(NativeMethodAccessorImpl.java:62)
    at sun.reflect.DelegatingMethodAccessorImpl.invoke(DelegatingMethodAccessorImpl.java:43)

17:24:08.317 [pool-2-thread-1] DEBUG fr.inria.lille.repair.nopol.NoPol - statement #11
17:24:08.317 [pool-2-thread-1] DEBUG fr.inria.lille.repair.nopol.NoPol - Analysing SourceLocation introclassJava.digits_f2997e14_002:65 which is executed by 16 tests
-1272757750
17:24:08.360 [pool-2-thread-1] DEBUG fr.inria.lille.repair.nopol.NoPol - looking with class fr.inria.lille.repair.nopol.spoon.smt.ConditionalAdder
org.junit.ComparisonFailure: expected:<Enteraninteger>8[]That'sall,haveaniced...> but was:<Enteraninteger>8[0]That'sall,haveaniced...>
    at org.junit.Assert.assertEquals(Assert.java:115)
    at org.junit.Assert.assertEquals(Assert.java:144)
    at introclassJava.digits_f2997e14_002BlackboxTest.test4(digits_f2997e14_002BlackboxTest.java:40)
    at sun.reflect.NativeMethodAccessorImpl.invoke0(Native Method)
    at sun.reflect.NativeMethodAccessorImpl.invoke(NativeMethodAccessorImpl.java:62)
    at sun.reflect.DelegatingMethodAccessorImpl.invoke(DelegatingMethodAccessorImpl.java:43)
17:24:08.366 [pool-59-thread-1] INFO  xxl.java.junit.TestCasesListener - Tests run finished (4 ms)
<> Total tests run: 6
<> Ignored tests: 0
<> Failed tests: 1
~ test4(introclassJava.digits_f2997e14_002BlackboxTest)
[expected:<Enteraninteger>8[]That'sall,haveaniced...> but was:<Enteraninteger>8[0]That'sall,haveaniced...>]
org.junit.ComparisonFailure: expected:<Enteraninteger>8[]That'sall,haveaniced...> but was:<Enteraninteger>8[0]That'sall,haveaniced...>    at org.junit.Assert.assertEquals(Assert.java:115)
    at org.junit.Assert.assertEquals(Assert.java:144)
    at introclassJava.digits_f2997e14_002BlackboxTest.test4(digits_f2997e14_002BlackboxTest.java:40)
    at sun.reflect.NativeMethodAccessorImpl.invoke0(Native Method)
    at sun.reflect.NativeMethodAccessorImpl.invoke(NativeMethodAccessorImpl.java:62)
    at sun.reflect.DelegatingMethodAccessorImpl.invoke(DelegatingMethodAccessorImpl.java:43)

17:24:08.435 [pool-2-thread-1] DEBUG fr.inria.lille.repair.nopol.NoPol - statement #12
17:24:08.435 [pool-2-thread-1] DEBUG fr.inria.lille.repair.nopol.NoPol - Analysing SourceLocation introclassJava.digits_f2997e14_002:63 which is executed by 16 tests
-1272757750
17:24:08.478 [pool-2-thread-1] DEBUG fr.inria.lille.repair.nopol.NoPol - looking with class fr.inria.lille.repair.nopol.spoon.smt.ConditionalAdder
org.junit.ComparisonFailure: expected:<Enteraninteger>8[]That'sall,haveaniced...> but was:<Enteraninteger>8[0]That'sall,haveaniced...>
    at org.junit.Assert.assertEquals(Assert.java:115)
    at org.junit.Assert.assertEquals(Assert.java:144)
    at introclassJava.digits_f2997e14_002BlackboxTest.test4(digits_f2997e14_002BlackboxTest.java:40)
    at sun.reflect.NativeMethodAccessorImpl.invoke0(Native Method)
    at sun.reflect.NativeMethodAccessorImpl.invoke(NativeMethodAccessorImpl.java:62)
    at sun.reflect.DelegatingMethodAccessorImpl.invoke(DelegatingMethodAccessorImpl.java:43)
17:24:08.483 [pool-63-thread-1] INFO  xxl.java.junit.TestCasesListener - Tests run finished (3 ms)
<> Total tests run: 6
<> Ignored tests: 0
<> Failed tests: 1
~ test4(introclassJava.digits_f2997e14_002BlackboxTest)
[expected:<Enteraninteger>8[]That'sall,haveaniced...> but was:<Enteraninteger>8[0]That'sall,haveaniced...>]
org.junit.ComparisonFailure: expected:<Enteraninteger>8[]That'sall,haveaniced...> but was:<Enteraninteger>8[0]That'sall,haveaniced...>    at org.junit.Assert.assertEquals(Assert.java:115)
    at org.junit.Assert.assertEquals(Assert.java:144)
    at introclassJava.digits_f2997e14_002BlackboxTest.test4(digits_f2997e14_002BlackboxTest.java:40)
    at sun.reflect.NativeMethodAccessorImpl.invoke0(Native Method)
    at sun.reflect.NativeMethodAccessorImpl.invoke(NativeMethodAccessorImpl.java:62)
    at sun.reflect.DelegatingMethodAccessorImpl.invoke(DelegatingMethodAccessorImpl.java:43)

17:24:08.548 [pool-2-thread-1] DEBUG fr.inria.lille.repair.nopol.NoPol - statement #13
17:24:08.548 [pool-2-thread-1] DEBUG fr.inria.lille.repair.nopol.NoPol - Analysing SourceLocation introclassJava.digits_f2997e14_002:62 which is executed by 16 tests
-1272757750
17:24:08.585 [pool-2-thread-1] DEBUG fr.inria.lille.repair.nopol.NoPol - looking with class fr.inria.lille.repair.nopol.spoon.smt.ConditionalAdder
org.junit.ComparisonFailure: expected:<Enteraninteger>8[]That'sall,haveaniced...> but was:<Enteraninteger>8[0]That'sall,haveaniced...>
    at org.junit.Assert.assertEquals(Assert.java:115)
    at org.junit.Assert.assertEquals(Assert.java:144)
    at introclassJava.digits_f2997e14_002BlackboxTest.test4(digits_f2997e14_002BlackboxTest.java:40)
    at sun.reflect.NativeMethodAccessorImpl.invoke0(Native Method)
    at sun.reflect.NativeMethodAccessorImpl.invoke(NativeMethodAccessorImpl.java:62)
    at sun.reflect.DelegatingMethodAccessorImpl.invoke(DelegatingMethodAccessorImpl.java:43)
17:24:08.591 [pool-67-thread-1] INFO  xxl.java.junit.TestCasesListener - Tests run finished (4 ms)
<> Total tests run: 6
<> Ignored tests: 0
<> Failed tests: 1
~ test4(introclassJava.digits_f2997e14_002BlackboxTest)
[expected:<Enteraninteger>8[]That'sall,haveaniced...> but was:<Enteraninteger>8[0]That'sall,haveaniced...>]
org.junit.ComparisonFailure: expected:<Enteraninteger>8[]That'sall,haveaniced...> but was:<Enteraninteger>8[0]That'sall,haveaniced...>    at org.junit.Assert.assertEquals(Assert.java:115)
    at org.junit.Assert.assertEquals(Assert.java:144)
    at introclassJava.digits_f2997e14_002BlackboxTest.test4(digits_f2997e14_002BlackboxTest.java:40)
    at sun.reflect.NativeMethodAccessorImpl.invoke0(Native Method)
    at sun.reflect.NativeMethodAccessorImpl.invoke(NativeMethodAccessorImpl.java:62)
    at sun.reflect.DelegatingMethodAccessorImpl.invoke(DelegatingMethodAccessorImpl.java:43)

17:24:08.694 [pool-2-thread-1] DEBUG fr.inria.lille.repair.nopol.NoPol - statement #14
17:24:08.694 [pool-2-thread-1] DEBUG fr.inria.lille.repair.nopol.NoPol - Analysing SourceLocation introclassJava.digits_f2997e14_002:61 which is executed by 16 tests
-1272757750
17:24:08.733 [pool-2-thread-1] DEBUG fr.inria.lille.repair.nopol.NoPol - looking with class fr.inria.lille.repair.nopol.spoon.smt.ConditionalAdder
org.junit.ComparisonFailure: expected:<Enteraninteger>8[]That'sall,haveaniced...> but was:<Enteraninteger>8[0]That'sall,haveaniced...>
    at org.junit.Assert.assertEquals(Assert.java:115)
    at org.junit.Assert.assertEquals(Assert.java:144)
    at introclassJava.digits_f2997e14_002BlackboxTest.test4(digits_f2997e14_002BlackboxTest.java:40)
    at sun.reflect.NativeMethodAccessorImpl.invoke0(Native Method)
    at sun.reflect.NativeMethodAccessorImpl.invoke(NativeMethodAccessorImpl.java:62)
    at sun.reflect.DelegatingMethodAccessorImpl.invoke(DelegatingMethodAccessorImpl.java:43)
17:24:08.738 [pool-71-thread-1] INFO  xxl.java.junit.TestCasesListener - Tests run finished (3 ms)
<> Total tests run: 6
<> Ignored tests: 0
<> Failed tests: 1
~ test4(introclassJava.digits_f2997e14_002BlackboxTest)
[expected:<Enteraninteger>8[]That'sall,haveaniced...> but was:<Enteraninteger>8[0]That'sall,haveaniced...>]
org.junit.ComparisonFailure: expected:<Enteraninteger>8[]That'sall,haveaniced...> but was:<Enteraninteger>8[0]That'sall,haveaniced...>    at org.junit.Assert.assertEquals(Assert.java:115)
    at org.junit.Assert.assertEquals(Assert.java:144)
    at introclassJava.digits_f2997e14_002BlackboxTest.test4(digits_f2997e14_002BlackboxTest.java:40)
    at sun.reflect.NativeMethodAccessorImpl.invoke0(Native Method)
    at sun.reflect.NativeMethodAccessorImpl.invoke(NativeMethodAccessorImpl.java:62)
    at sun.reflect.DelegatingMethodAccessorImpl.invoke(DelegatingMethodAccessorImpl.java:43)

17:24:08.804 [pool-2-thread-1] DEBUG fr.inria.lille.repair.nopol.NoPol - statement #15
17:24:08.805 [pool-2-thread-1] DEBUG fr.inria.lille.repair.nopol.NoPol - Analysing SourceLocation introclassJava.digits_f2997e14_002:60 which is executed by 16 tests
-1272757750
17:24:08.843 [pool-2-thread-1] INFO  fr.inria.lille.repair.nopol.NoPol - ----INFORMATION----
17:24:08.844 [pool-2-thread-1] INFO  fr.inria.lille.repair.nopol.NoPol - Nb classes : 6
17:24:08.844 [pool-2-thread-1] INFO  fr.inria.lille.repair.nopol.NoPol - Nb methods : 2
17:24:08.844 [pool-2-thread-1] INFO  fr.inria.lille.repair.nopol.NoPol - Nb Statements Analyzed : 17
17:24:08.844 [pool-2-thread-1] INFO  fr.inria.lille.repair.nopol.NoPol - Nb Statements with Angelic Value Found : 1
17:24:08.845 [pool-2-thread-1] INFO  fr.inria.lille.repair.nopol.NoPol - NoPol Execution time : 9625ms
17:24:08.845 [pool-2-thread-1] INFO  fr.inria.lille.repair.nopol.NoPol - 
NO_ANGELIC_VALUE
Command exited with non-zero status 255
28.91user 1.84system 0:10.72elapsed 286%CPU (0avgtext+0avgdata 1799936maxresident)k
49608inputs+5360outputs (6major+515902minor)pagefaults 0swaps


Node: uvb-14.sophia.grid5000.fr



Date: Wed Dec  5 17:24:09 EST 2018

