cd /tmp/DynaMoth_IntroClassJava_digits_295afd8942816e14193424cec0b9802cea194a90b13253b85fd19b6caeada3830c60f1fb2fbbdc67a8f713be54b01a6ea116a7d206800df226d6285ece3a4736_003;
export JAVA_TOOL_OPTIONS="-Dfile.encoding=UTF8 -Duser.language=en-US -Duser.country=US -Duser.language=en";
TZ="America/New_York"; export TZ;
export PATH="/usr/lib/jvm/java-1.8.0-openjdk-amd64/bin/:$PATH";
export JAVA_HOME="/usr/lib/jvm/java-1.8.0-openjdk-amd64/bin/";
time java -Xmx4048m -cp /home/tdurieux/RepairThemAll/script/../repair_tools/nopol.jar:/usr/lib/jvm/java-1.8.0-openjdk-amd64/bin//../lib/tools.jar fr.inria.lille.repair.Main \
	--mode repair \
	--type pre_then_cond \
	--oracle angelic \
	--synthesis dynamoth \
	--flocal gzoltar \
	--json \
	--solver z3 \
	--solver-path /home/tdurieux/RepairThemAll/script/../libs/z3/build/z3 \
	--complianceLevel 7 \
	--source src/main/java \
	--classpath "target/classes:target/test-classes:/home/tdurieux/.m2/repository/junit/junit/4.11/junit-4.11.jar:/home/tdurieux/.m2/repository/org/hamcrest/hamcrest-core/1.3/hamcrest-core-1.3.jar:/home/tdurieux/RepairThemAll/script/../repair_tools/nopol.jar";
	echo "\n\nNode: `hostname`\n";
	echo "\n\nDate: `date`\n";
Picked up JAVA_TOOL_OPTIONS: -Dfile.encoding=UTF8 -Duser.language=en-US -Duser.country=US -Duser.language=en
17:11:28.486 [main] INFO  fr.inria.lille.repair.nopol.NoPol - Source files: [src/main/java]
17:11:28.551 [main] INFO  fr.inria.lille.repair.nopol.NoPol - Classpath: [file:/tmp/DynaMoth_IntroClassJava_digits_295afd8942816e14193424cec0b9802cea194a90b13253b85fd19b6caeada3830c60f1fb2fbbdc67a8f713be54b01a6ea116a7d206800df226d6285ece3a4736_003/target/classes/, file:/tmp/DynaMoth_IntroClassJava_digits_295afd8942816e14193424cec0b9802cea194a90b13253b85fd19b6caeada3830c60f1fb2fbbdc67a8f713be54b01a6ea116a7d206800df226d6285ece3a4736_003/target/test-classes/, file:/home/tdurieux/.m2/repository/junit/junit/4.11/junit-4.11.jar, file:/home/tdurieux/.m2/repository/org/hamcrest/hamcrest-core/1.3/hamcrest-core-1.3.jar, file:/home/tdurieux/RepairThemAll/script/../repair_tools/nopol.jar]
17:11:28.551 [main] INFO  fr.inria.lille.repair.nopol.NoPol - Statement type: PRE_THEN_COND
17:11:28.551 [main] INFO  fr.inria.lille.repair.nopol.NoPol - Args: [introclassJava.digits_295afd89_003BlackboxTest, introclassJava.digits_295afd89_003WhiteboxTest]
17:11:28.553 [main] INFO  fr.inria.lille.repair.nopol.NoPol - Config: Config{synthesisDepth=3, collectStaticMethods=true, collectStaticFields=false, collectLiterals=false, onlyOneSynthesisResult=true, sortExpressions=true, maxLineInvocationPerTest=250, timeoutMethodInvocation=2000, dataCollectionTimeoutInSecondForSynthesis=900, addWeight=0.19478, subWeight=0.04554, mulWeight=0.0102, divWeight=0.00613, andWeight=0.10597, orWeight=0.05708, eqWeight=0.22798, nEqWeight=0.0, lessEqWeight=0.0255, lessWeight=0.0947, methodCallWeight=0.1, fieldAccessWeight=0.08099, constantWeight=0.14232, variableWeight=0.05195, mode=REPAIR, type=PRE_THEN_COND, synthesis=DYNAMOTH, oracle=ANGELIC, solver=Z3, solverPath='/home/tdurieux/RepairThemAll/script/../libs/z3/build/z3', projectSources=[src/main/java], projectClasspath='[Ljava.net.URL;@2ff4f00f', projectTests=[introclassJava.digits_295afd89_003BlackboxTest, introclassJava.digits_295afd89_003WhiteboxTest], complianceLevel=7, outputFolder=., json=true}
17:11:28.553 [main] INFO  fr.inria.lille.repair.nopol.NoPol - Available processors (cores): 24
17:11:28.560 [main] INFO  fr.inria.lille.repair.nopol.NoPol - Free memory: 1 GB
17:11:28.560 [main] INFO  fr.inria.lille.repair.nopol.NoPol - Maximum memory: 3 GB
17:11:28.560 [main] INFO  fr.inria.lille.repair.nopol.NoPol - Total memory available to JVM: 1 GB
17:11:28.560 [main] INFO  fr.inria.lille.repair.nopol.NoPol - Java version: 1.8.0_181
17:11:28.561 [main] INFO  fr.inria.lille.repair.nopol.NoPol - JAVA_HOME: /usr/lib/jvm/java-1.8.0-openjdk-amd64/bin/
17:11:28.561 [main] INFO  fr.inria.lille.repair.nopol.NoPol - PATH: /usr/lib/jvm/java-1.8.0-openjdk-amd64/bin/:/usr/lib/oar/oardodo:/usr/lib/oar/oardodo:/usr/local/bin:/usr/bin:/bin:/usr/games
17:11:31.573 [pool-2-thread-1] DEBUG fr.inria.lille.repair.nopol.NoPol - statement #1
17:11:31.573 [pool-2-thread-1] DEBUG fr.inria.lille.repair.nopol.NoPol - Analysing SourceLocation introclassJava.digits_295afd89_003:73 which is executed by 16 tests
2038662464
17:11:31.928 [pool-2-thread-1] DEBUG fr.inria.lille.repair.nopol.NoPol - looking with class fr.inria.lille.repair.nopol.spoon.smt.ConditionalAdder
org.junit.ComparisonFailure: expected:<Enteraninteger>[678-9]That'sall,haveaniced...> but was:<Enteraninteger>[-6]That'sall,haveaniced...>
    at org.junit.Assert.assertEquals(Assert.java:115)
    at org.junit.Assert.assertEquals(Assert.java:144)
    at introclassJava.digits_295afd89_003BlackboxTest.test2(digits_295afd89_003BlackboxTest.java:23)
    at sun.reflect.NativeMethodAccessorImpl.invoke0(Native Method)
    at sun.reflect.NativeMethodAccessorImpl.invoke(NativeMethodAccessorImpl.java:62)
    at sun.reflect.DelegatingMethodAccessorImpl.invoke(DelegatingMethodAccessorImpl.java:43)
17:11:31.971 [pool-4-thread-1] INFO  xxl.java.junit.TestCasesListener - Tests run finished (20 ms)
<> Total tests run: 6
<> Ignored tests: 0
<> Failed tests: 1
~ test2(introclassJava.digits_295afd89_003BlackboxTest)
[expected:<Enteraninteger>[678-9]That'sall,haveaniced...> but was:<Enteraninteger>[-6]That'sall,haveaniced...>]
org.junit.ComparisonFailure: expected:<Enteraninteger>[678-9]That'sall,haveaniced...> but was:<Enteraninteger>[-6]That'sall,haveaniced...>    at org.junit.Assert.assertEquals(Assert.java:115)
    at org.junit.Assert.assertEquals(Assert.java:144)
    at introclassJava.digits_295afd89_003BlackboxTest.test2(digits_295afd89_003BlackboxTest.java:23)
    at sun.reflect.NativeMethodAccessorImpl.invoke0(Native Method)
    at sun.reflect.NativeMethodAccessorImpl.invoke(NativeMethodAccessorImpl.java:62)
    at sun.reflect.DelegatingMethodAccessorImpl.invoke(DelegatingMethodAccessorImpl.java:43)

17:11:32.449 [pool-2-thread-1] DEBUG fr.inria.lille.repair.nopol.NoPol - statement #2
17:11:32.449 [pool-2-thread-1] DEBUG fr.inria.lille.repair.nopol.NoPol - Analysing SourceLocation introclassJava.digits_295afd89_003:71 which is executed by 16 tests
2038662464
17:11:32.501 [pool-2-thread-1] DEBUG fr.inria.lille.repair.nopol.NoPol - looking with class fr.inria.lille.repair.nopol.spoon.smt.ConditionalAdder
org.junit.ComparisonFailure: expected:<Enteraninteger>[678-9]That'sall,haveaniced...> but was:<Enteraninteger>[-6]That'sall,haveaniced...>
    at org.junit.Assert.assertEquals(Assert.java:115)
    at org.junit.Assert.assertEquals(Assert.java:144)
    at introclassJava.digits_295afd89_003BlackboxTest.test2(digits_295afd89_003BlackboxTest.java:23)
    at sun.reflect.NativeMethodAccessorImpl.invoke0(Native Method)
    at sun.reflect.NativeMethodAccessorImpl.invoke(NativeMethodAccessorImpl.java:62)
    at sun.reflect.DelegatingMethodAccessorImpl.invoke(DelegatingMethodAccessorImpl.java:43)
17:11:32.512 [pool-8-thread-1] INFO  xxl.java.junit.TestCasesListener - Tests run finished (7 ms)
<> Total tests run: 6
<> Ignored tests: 0
<> Failed tests: 1
~ test2(introclassJava.digits_295afd89_003BlackboxTest)
[expected:<Enteraninteger>[678-9]That'sall,haveaniced...> but was:<Enteraninteger>[-6]That'sall,haveaniced...>]
org.junit.ComparisonFailure: expected:<Enteraninteger>[678-9]That'sall,haveaniced...> but was:<Enteraninteger>[-6]That'sall,haveaniced...>    at org.junit.Assert.assertEquals(Assert.java:115)
    at org.junit.Assert.assertEquals(Assert.java:144)
    at introclassJava.digits_295afd89_003BlackboxTest.test2(digits_295afd89_003BlackboxTest.java:23)
    at sun.reflect.NativeMethodAccessorImpl.invoke0(Native Method)
    at sun.reflect.NativeMethodAccessorImpl.invoke(NativeMethodAccessorImpl.java:62)
    at sun.reflect.DelegatingMethodAccessorImpl.invoke(DelegatingMethodAccessorImpl.java:43)

17:11:32.620 [pool-2-thread-1] DEBUG fr.inria.lille.repair.nopol.NoPol - statement #3
17:11:32.620 [pool-2-thread-1] DEBUG fr.inria.lille.repair.nopol.NoPol - Analysing SourceLocation introclassJava.digits_295afd89_003:70 which is executed by 16 tests
2038662464
17:11:32.667 [pool-2-thread-1] DEBUG fr.inria.lille.repair.nopol.NoPol - looking with class fr.inria.lille.repair.nopol.spoon.smt.ConditionalAdder
org.junit.ComparisonFailure: expected:<Enteraninteger>[678-9]That'sall,haveaniced...> but was:<Enteraninteger>[-6]That'sall,haveaniced...>
    at org.junit.Assert.assertEquals(Assert.java:115)
    at org.junit.Assert.assertEquals(Assert.java:144)
    at introclassJava.digits_295afd89_003BlackboxTest.test2(digits_295afd89_003BlackboxTest.java:23)
    at sun.reflect.NativeMethodAccessorImpl.invoke0(Native Method)
    at sun.reflect.NativeMethodAccessorImpl.invoke(NativeMethodAccessorImpl.java:62)
    at sun.reflect.DelegatingMethodAccessorImpl.invoke(DelegatingMethodAccessorImpl.java:43)
17:11:32.678 [pool-12-thread-1] INFO  xxl.java.junit.TestCasesListener - Tests run finished (7 ms)
<> Total tests run: 6
<> Ignored tests: 0
<> Failed tests: 1
~ test2(introclassJava.digits_295afd89_003BlackboxTest)
[expected:<Enteraninteger>[678-9]That'sall,haveaniced...> but was:<Enteraninteger>[-6]That'sall,haveaniced...>]
org.junit.ComparisonFailure: expected:<Enteraninteger>[678-9]That'sall,haveaniced...> but was:<Enteraninteger>[-6]That'sall,haveaniced...>    at org.junit.Assert.assertEquals(Assert.java:115)
    at org.junit.Assert.assertEquals(Assert.java:144)
    at introclassJava.digits_295afd89_003BlackboxTest.test2(digits_295afd89_003BlackboxTest.java:23)
    at sun.reflect.NativeMethodAccessorImpl.invoke0(Native Method)
    at sun.reflect.NativeMethodAccessorImpl.invoke(NativeMethodAccessorImpl.java:62)
    at sun.reflect.DelegatingMethodAccessorImpl.invoke(DelegatingMethodAccessorImpl.java:43)

17:11:32.772 [pool-2-thread-1] DEBUG fr.inria.lille.repair.nopol.NoPol - statement #4
17:11:32.773 [pool-2-thread-1] DEBUG fr.inria.lille.repair.nopol.NoPol - Analysing SourceLocation introclassJava.digits_295afd89_003:69 which is executed by 16 tests
2038662464
17:11:32.828 [pool-2-thread-1] DEBUG fr.inria.lille.repair.nopol.NoPol - looking with class fr.inria.lille.repair.nopol.spoon.smt.ConditionalAdder
org.junit.ComparisonFailure: expected:<Enteraninteger>[678-9]That'sall,haveaniced...> but was:<Enteraninteger>[-6]That'sall,haveaniced...>
    at org.junit.Assert.assertEquals(Assert.java:115)
    at org.junit.Assert.assertEquals(Assert.java:144)
    at introclassJava.digits_295afd89_003BlackboxTest.test2(digits_295afd89_003BlackboxTest.java:23)
    at sun.reflect.NativeMethodAccessorImpl.invoke0(Native Method)
    at sun.reflect.NativeMethodAccessorImpl.invoke(NativeMethodAccessorImpl.java:62)
    at sun.reflect.DelegatingMethodAccessorImpl.invoke(DelegatingMethodAccessorImpl.java:43)
17:11:32.837 [pool-16-thread-1] INFO  xxl.java.junit.TestCasesListener - Tests run finished (6 ms)
<> Total tests run: 6
<> Ignored tests: 0
<> Failed tests: 1
~ test2(introclassJava.digits_295afd89_003BlackboxTest)
[expected:<Enteraninteger>[678-9]That'sall,haveaniced...> but was:<Enteraninteger>[-6]That'sall,haveaniced...>]
org.junit.ComparisonFailure: expected:<Enteraninteger>[678-9]That'sall,haveaniced...> but was:<Enteraninteger>[-6]That'sall,haveaniced...>    at org.junit.Assert.assertEquals(Assert.java:115)
    at org.junit.Assert.assertEquals(Assert.java:144)
    at introclassJava.digits_295afd89_003BlackboxTest.test2(digits_295afd89_003BlackboxTest.java:23)
    at sun.reflect.NativeMethodAccessorImpl.invoke0(Native Method)
    at sun.reflect.NativeMethodAccessorImpl.invoke(NativeMethodAccessorImpl.java:62)
    at sun.reflect.DelegatingMethodAccessorImpl.invoke(DelegatingMethodAccessorImpl.java:43)

17:11:32.942 [pool-2-thread-1] DEBUG fr.inria.lille.repair.nopol.NoPol - statement #5
17:11:32.942 [pool-2-thread-1] DEBUG fr.inria.lille.repair.nopol.NoPol - Analysing SourceLocation introclassJava.digits_295afd89_003:64 which is executed by 16 tests
2038662464
17:11:32.998 [pool-2-thread-1] DEBUG fr.inria.lille.repair.nopol.NoPol - looking with class fr.inria.lille.repair.nopol.spoon.smt.ConditionalAdder
org.junit.ComparisonFailure: expected:<Enteraninteger>[678-9]That'sall,haveaniced...> but was:<Enteraninteger>[-6]That'sall,haveaniced...>
    at org.junit.Assert.assertEquals(Assert.java:115)
    at org.junit.Assert.assertEquals(Assert.java:144)
    at introclassJava.digits_295afd89_003BlackboxTest.test2(digits_295afd89_003BlackboxTest.java:23)
    at sun.reflect.NativeMethodAccessorImpl.invoke0(Native Method)
    at sun.reflect.NativeMethodAccessorImpl.invoke(NativeMethodAccessorImpl.java:62)
    at sun.reflect.DelegatingMethodAccessorImpl.invoke(DelegatingMethodAccessorImpl.java:43)
17:11:33.007 [pool-20-thread-1] INFO  xxl.java.junit.TestCasesListener - Tests run finished (6 ms)
<> Total tests run: 6
<> Ignored tests: 0
<> Failed tests: 1
~ test2(introclassJava.digits_295afd89_003BlackboxTest)
[expected:<Enteraninteger>[678-9]That'sall,haveaniced...> but was:<Enteraninteger>[-6]That'sall,haveaniced...>]
org.junit.ComparisonFailure: expected:<Enteraninteger>[678-9]That'sall,haveaniced...> but was:<Enteraninteger>[-6]That'sall,haveaniced...>    at org.junit.Assert.assertEquals(Assert.java:115)
    at org.junit.Assert.assertEquals(Assert.java:144)
    at introclassJava.digits_295afd89_003BlackboxTest.test2(digits_295afd89_003BlackboxTest.java:23)
    at sun.reflect.NativeMethodAccessorImpl.invoke0(Native Method)
    at sun.reflect.NativeMethodAccessorImpl.invoke(NativeMethodAccessorImpl.java:62)
    at sun.reflect.DelegatingMethodAccessorImpl.invoke(DelegatingMethodAccessorImpl.java:43)

17:11:33.113 [pool-2-thread-1] DEBUG fr.inria.lille.repair.nopol.NoPol - statement #6
17:11:33.113 [pool-2-thread-1] DEBUG fr.inria.lille.repair.nopol.NoPol - Analysing SourceLocation introclassJava.digits_295afd89_003:63 which is executed by 16 tests
2038662464
17:11:33.168 [pool-2-thread-1] DEBUG fr.inria.lille.repair.nopol.NoPol - looking with class fr.inria.lille.repair.nopol.spoon.smt.ConditionalAdder
org.junit.ComparisonFailure: expected:<Enteraninteger>[678-9]That'sall,haveaniced...> but was:<Enteraninteger>[-6]That'sall,haveaniced...>
    at org.junit.Assert.assertEquals(Assert.java:115)
    at org.junit.Assert.assertEquals(Assert.java:144)
    at introclassJava.digits_295afd89_003BlackboxTest.test2(digits_295afd89_003BlackboxTest.java:23)
    at sun.reflect.NativeMethodAccessorImpl.invoke0(Native Method)
    at sun.reflect.NativeMethodAccessorImpl.invoke(NativeMethodAccessorImpl.java:62)
    at sun.reflect.DelegatingMethodAccessorImpl.invoke(DelegatingMethodAccessorImpl.java:43)
17:11:33.175 [pool-24-thread-1] INFO  xxl.java.junit.TestCasesListener - Tests run finished (5 ms)
<> Total tests run: 6
<> Ignored tests: 0
<> Failed tests: 1
~ test2(introclassJava.digits_295afd89_003BlackboxTest)
[expected:<Enteraninteger>[678-9]That'sall,haveaniced...> but was:<Enteraninteger>[-6]That'sall,haveaniced...>]
org.junit.ComparisonFailure: expected:<Enteraninteger>[678-9]That'sall,haveaniced...> but was:<Enteraninteger>[-6]That'sall,haveaniced...>    at org.junit.Assert.assertEquals(Assert.java:115)
    at org.junit.Assert.assertEquals(Assert.java:144)
    at introclassJava.digits_295afd89_003BlackboxTest.test2(digits_295afd89_003BlackboxTest.java:23)
    at sun.reflect.NativeMethodAccessorImpl.invoke0(Native Method)
    at sun.reflect.NativeMethodAccessorImpl.invoke(NativeMethodAccessorImpl.java:62)
    at sun.reflect.DelegatingMethodAccessorImpl.invoke(DelegatingMethodAccessorImpl.java:43)

17:11:33.295 [pool-2-thread-1] DEBUG fr.inria.lille.repair.nopol.NoPol - statement #7
17:11:33.296 [pool-2-thread-1] DEBUG fr.inria.lille.repair.nopol.NoPol - Analysing SourceLocation introclassJava.digits_295afd89_003:62 which is executed by 16 tests
2038662464
17:11:33.339 [pool-2-thread-1] DEBUG fr.inria.lille.repair.nopol.NoPol - looking with class fr.inria.lille.repair.nopol.spoon.smt.ConditionalAdder
org.junit.ComparisonFailure: expected:<Enteraninteger>[678-9]That'sall,haveaniced...> but was:<Enteraninteger>[-6]That'sall,haveaniced...>
    at org.junit.Assert.assertEquals(Assert.java:115)
    at org.junit.Assert.assertEquals(Assert.java:144)
    at introclassJava.digits_295afd89_003BlackboxTest.test2(digits_295afd89_003BlackboxTest.java:23)
    at sun.reflect.NativeMethodAccessorImpl.invoke0(Native Method)
    at sun.reflect.NativeMethodAccessorImpl.invoke(NativeMethodAccessorImpl.java:62)
    at sun.reflect.DelegatingMethodAccessorImpl.invoke(DelegatingMethodAccessorImpl.java:43)
17:11:33.347 [pool-28-thread-1] INFO  xxl.java.junit.TestCasesListener - Tests run finished (5 ms)
<> Total tests run: 6
<> Ignored tests: 0
<> Failed tests: 1
~ test2(introclassJava.digits_295afd89_003BlackboxTest)
[expected:<Enteraninteger>[678-9]That'sall,haveaniced...> but was:<Enteraninteger>[-6]That'sall,haveaniced...>]
org.junit.ComparisonFailure: expected:<Enteraninteger>[678-9]That'sall,haveaniced...> but was:<Enteraninteger>[-6]That'sall,haveaniced...>    at org.junit.Assert.assertEquals(Assert.java:115)
    at org.junit.Assert.assertEquals(Assert.java:144)
    at introclassJava.digits_295afd89_003BlackboxTest.test2(digits_295afd89_003BlackboxTest.java:23)
    at sun.reflect.NativeMethodAccessorImpl.invoke0(Native Method)
    at sun.reflect.NativeMethodAccessorImpl.invoke(NativeMethodAccessorImpl.java:62)
    at sun.reflect.DelegatingMethodAccessorImpl.invoke(DelegatingMethodAccessorImpl.java:43)

17:11:33.425 [pool-2-thread-1] DEBUG fr.inria.lille.repair.nopol.NoPol - statement #8
17:11:33.426 [pool-2-thread-1] DEBUG fr.inria.lille.repair.nopol.NoPol - Analysing SourceLocation introclassJava.digits_295afd89_003:61 which is executed by 16 tests
2038662464
17:11:33.467 [pool-2-thread-1] DEBUG fr.inria.lille.repair.nopol.NoPol - statement #9
17:11:33.468 [pool-2-thread-1] DEBUG fr.inria.lille.repair.nopol.NoPol - Analysing SourceLocation introclassJava.digits_295afd89_003:60 which is executed by 16 tests
2038662464
17:11:33.508 [pool-2-thread-1] INFO  fr.inria.lille.repair.nopol.NoPol - ----INFORMATION----
17:11:33.513 [pool-2-thread-1] INFO  fr.inria.lille.repair.nopol.NoPol - Nb classes : 6
17:11:33.513 [pool-2-thread-1] INFO  fr.inria.lille.repair.nopol.NoPol - Nb methods : 2
17:11:33.513 [pool-2-thread-1] INFO  fr.inria.lille.repair.nopol.NoPol - Nb Statements Analyzed : 7
17:11:33.513 [pool-2-thread-1] INFO  fr.inria.lille.repair.nopol.NoPol - Nb Statements with Angelic Value Found : 0
17:11:33.514 [pool-2-thread-1] INFO  fr.inria.lille.repair.nopol.NoPol - NoPol Execution time : 5025ms
17:11:33.514 [pool-2-thread-1] INFO  fr.inria.lille.repair.nopol.NoPol - 
NO_ANGELIC_VALUE
Command exited with non-zero status 255
11.71user 0.98system 0:06.14elapsed 206%CPU (0avgtext+0avgdata 561892maxresident)k
45728inputs+5144outputs (3major+185874minor)pagefaults 0swaps


Node: uvb-18.sophia.grid5000.fr



Date: Wed Dec  5 17:11:33 EST 2018

