cd /tmp/NPEFix_IntroClassJava_digits_f2997e14a460c6df0ed10aa9f6e792666e37d5c06a9a81445f14509e4a0113f59f5589ef37774dfea1f7d0ae9bb6c388e6eeb44e745e35f8511bbd4b82709d9a_002;
export JAVA_TOOL_OPTIONS="-Dfile.encoding=UTF8 -Duser.language=en-US -Duser.country=US -Duser.language=en";
TZ="America/New_York"; export TZ;
export PATH="/usr/lib/jvm/java-1.8.0-openjdk-amd64/bin/:$PATH";
export JAVA_HOME="/usr/lib/jvm/java-1.8.0-openjdk-amd64/bin/";
time java -Xmx4g -Xms1g -cp /home/tdurieux/defects4j4repair/script/../repair_tools/npefix.jar fr.inria.spirals.npefix.main.run.Main \
    --test introclassJava.digits_f2997e14_002BlackboxTest:introclassJava.digits_f2997e14_002WhiteboxTest \
    --iteration 100 \
	--complianceLevel 7 \
	--workingdirectory . \
	--source src/main/java \
	--classpath target/classes:target/test-classes:/home/tdurieux/.m2/repository/junit/junit/4.11/junit-4.11.jar:/home/tdurieux/.m2/repository/org/hamcrest/hamcrest-core/1.3/hamcrest-core-1.3.jar;
	echo "\n\nNode: `hostname`\n";
	echo "\n\nDate: `date`\n";
Picked up JAVA_TOOL_OPTIONS: -Dfile.encoding=UTF8 -Duser.language=en-US -Duser.country=US -Duser.language=en
TernarySplitter  in 3ms
CheckNotNull  in 16ms
ForceNullInit in 36ms
AddImplicitCastChecker --> 0 in 3ms
BeforeDeref --> 21 (failed:0) in 15ms
target--> 21 (failed:0) in 41ms
TryRegister # Try: 0 in 1ms
Assign --> 17 (failed: 0) in 44ms
VarInit --> 3 in 3ms
MethodEncapsulation # Method: 2 in 50ms
ConstructorEncapsulation # Constructor: 10 in 10ms
VariableFor in 2ms
RMI Selector (Host: 127.0.0.1, Port: 10000): KO
introclassJava.digits_f2997e14_002BlackboxTest#test4
<No Strat> Status: Ko
introclassJava.digits_f2997e14_002BlackboxTest#test5
<No Strat> Status: Ok
introclassJava.digits_f2997e14_002BlackboxTest#test6
<No Strat> Status: Ok
introclassJava.digits_f2997e14_002BlackboxTest#test3
<No Strat> Status: Ok
introclassJava.digits_f2997e14_002BlackboxTest#test2
<No Strat> Status: Ok
introclassJava.digits_f2997e14_002BlackboxTest#test1
<No Strat> Status: Ok
introclassJava.digits_f2997e14_002WhiteboxTest#test4
<No Strat> Status: Ok
introclassJava.digits_f2997e14_002WhiteboxTest#test5
<No Strat> Status: Ok
introclassJava.digits_f2997e14_002WhiteboxTest#test6
<No Strat> Status: Ok
introclassJava.digits_f2997e14_002WhiteboxTest#test8
<No Strat> Status: Ok
introclassJava.digits_f2997e14_002WhiteboxTest#test9
<No Strat> Status: Ok
introclassJava.digits_f2997e14_002WhiteboxTest#test3
<No Strat> Status: Ok
introclassJava.digits_f2997e14_002WhiteboxTest#test2
<No Strat> Status: Ok
introclassJava.digits_f2997e14_002WhiteboxTest#test10
<No Strat> Status: Ok
introclassJava.digits_f2997e14_002WhiteboxTest#test1
<No Strat> Status: Ok
introclassJava.digits_f2997e14_002WhiteboxTest#test7
<No Strat> Status: Ok
Multirun 16/100 16%
introclassJava.digits_f2997e14_002BlackboxTest#test4
<No Strat> Status: Ko
introclassJava.digits_f2997e14_002BlackboxTest#test4
<No Strat> Status: Ko
introclassJava.digits_f2997e14_002BlackboxTest#test4
<No Strat> Status: Ko
introclassJava.digits_f2997e14_002BlackboxTest#test4
<No Strat> Status: Ko
introclassJava.digits_f2997e14_002BlackboxTest#test4
<No Strat> Status: Ko
introclassJava.digits_f2997e14_002BlackboxTest#test4
<No Strat> Status: Ko
4.35user 0.18system 0:02.96elapsed 153%CPU (0avgtext+0avgdata 203692maxresident)k
20864inputs+200outputs (1major+51955minor)pagefaults 0swaps


Node: graphene-50.nancy.grid5000.fr



Date: Thu Dec  6 03:59:36 EST 2018

