cd /tmp/Arja_Bears_INRIA-spoon_254745624-256471804;
export JAVA_TOOL_OPTIONS="-Dfile.encoding=UTF8 -Duser.language=en-US -Duser.country=US -Duser.language=en";
TZ="America/New_York"; export TZ;
export PATH="/usr/lib/jvm/java-1.8.0-openjdk-amd64/bin/:$PATH";
export JAVA_HOME="/usr/lib/jvm/java-1.8.0-openjdk-amd64/bin/";
timeout 120m java -Xmx4g -Xms1g -cp /home/tdurieux/defects4j4repair/script/../libs/jmetal.jar:/home/tdurieux/defects4j4repair/script/../repair_tools/arja.jar us.msu.cse.repair.Main \
	Arja \
	-DexternalProjRoot /home/tdurieux/defects4j4repair/script/../libs/arja_external \
	-DsrcJavaDir /tmp/Arja_Bears_INRIA-spoon_254745624-256471804/src/main/java \
	-DbinJavaDir /tmp/Arja_Bears_INRIA-spoon_254745624-256471804/target/classes \
	-DbinTestDir /tmp/Arja_Bears_INRIA-spoon_254745624-256471804/target/test-classes \
	-DdiffFormat true \
	-Dseed 0 \
	-Ddependences /home/tdurieux/.m2/repository/commons-io/commons-io/2.6/commons-io-2.6.jar:/home/tdurieux/.m2/repository/com/github/stefanbirkner/system-rules/1.9.0/system-rules-1.9.0.jar:/home/tdurieux/.m2/repository/log4j/log4j/1.2.17/log4j-1.2.17.jar:/home/tdurieux/.m2/repository/org/apache/commons/commons-lang3/3.5/commons-lang3-3.5.jar:/home/tdurieux/.m2/repository/org/mockito/mockito-all/2.0.2-beta/mockito-all-2.0.2-beta.jar:/home/tdurieux/.m2/repository/ant/ant/1.6.5/ant-1.6.5.jar:/home/tdurieux/.m2/repository/junit/junit/4.11/junit-4.11.jar:/home/tdurieux/.m2/repository/org/hamcrest/hamcrest-core/1.3/hamcrest-core-1.3.jar:/home/tdurieux/.m2/repository/com/martiansoftware/jsap/2.1/jsap-2.1.jar:/home/tdurieux/.m2/repository/org/eclipse/tycho/org.eclipse.jdt.core/3.12.0.v20160516-2131/org.eclipse.jdt.core-3.12.0.v20160516-2131.jar;
	echo "\n\nNode: `hostname`\n";
	echo "\n\nDate: `date`\n";
Picked up JAVA_TOOL_OPTIONS: -Dfile.encoding=UTF8 -Duser.language=en-US -Duser.country=US -Duser.language=en
[seed, diffFormat, dependences, binJavaDir, binTestDir, srcJavaDir, externalProjRoot]
[diffFormat, dependences, binJavaDir, binTestDir, srcJavaDir, externalProjRoot]
Fault localization starts...
Exception in thread "main" java.lang.NullPointerException
	at com.gzoltar.core.GZoltar.run(GZoltar.java:51)
	at us.msu.cse.repair.core.faultlocalizer.GZoltarFaultLocalizer.<init>(GZoltarFaultLocalizer.java:42)
	at us.msu.cse.repair.core.AbstractRepairProblem.invokeFaultLocalizer(AbstractRepairProblem.java:298)
	at us.msu.cse.repair.core.AbstractRepairProblem.invokeModules(AbstractRepairProblem.java:269)
	at us.msu.cse.repair.core.AbstractRepairProblem.<init>(AbstractRepairProblem.java:244)
	at us.msu.cse.repair.ec.problems.ArjaProblem.<init>(ArjaProblem.java:44)
	at us.msu.cse.repair.ArjaMain.main(ArjaMain.java:40)
	at us.msu.cse.repair.Main.main(Main.java:8)


Node: graphene-20.nancy.grid5000.fr



Date: Wed Dec 26 13:38:01 EST 2018

