cd /tmp/NPEFix_IntroClassJava_smallest_e9c6206d3a4862876b0dead881ac55078f11e291f60215ab028651f06fcbee2a591a31a7727037774542df4fe051a89460d85f6067a0b9729ae86e4afe1e6e92_000;
export JAVA_TOOL_OPTIONS="-Dfile.encoding=UTF8 -Duser.language=en-US -Duser.country=US -Duser.language=en";
TZ="America/New_York"; export TZ;
export PATH="/usr/lib/jvm/java-1.8.0-openjdk-amd64/bin/:$PATH";
export JAVA_HOME="/usr/lib/jvm/java-1.8.0-openjdk-amd64/bin/";
time java -Xmx4g -Xms1g -cp /home/tdurieux/defects4j4repair/script/../repair_tools/npefix.jar fr.inria.spirals.npefix.main.run.Main \
    --test introclassJava.smallest_e9c6206d_000BlackboxTest:introclassJava.smallest_e9c6206d_000WhiteboxTest \
    --iteration 100 \
	--complianceLevel 7 \
	--workingdirectory . \
	--source src/main/java \
	--classpath target/classes:target/test-classes:/home/tdurieux/.m2/repository/junit/junit/4.11/junit-4.11.jar:/home/tdurieux/.m2/repository/org/hamcrest/hamcrest-core/1.3/hamcrest-core-1.3.jar;
	echo "\n\nNode: `hostname`\n";
	echo "\n\nDate: `date`\n";
Picked up JAVA_TOOL_OPTIONS: -Dfile.encoding=UTF8 -Duser.language=en-US -Duser.country=US -Duser.language=en
TernarySplitter  in 4ms
CheckNotNull  in 1ms
ForceNullInit in 35ms
AddImplicitCastChecker --> 0 in 5ms
BeforeDeref --> 43 (failed:0) in 26ms
target--> 43 (failed:0) in 81ms
TryRegister # Try: 0 in 3ms
Assign --> 16 (failed: 0) in 53ms
VarInit --> 5 in 4ms
MethodEncapsulation # Method: 2 in 52ms
ConstructorEncapsulation # Constructor: 10 in 11ms
VariableFor in 3ms
RMI Selector (Host: 127.0.0.1, Port: 10000): KO
introclassJava.smallest_e9c6206d_000WhiteboxTest#test1
<No Strat> Status: Ko
introclassJava.smallest_e9c6206d_000WhiteboxTest#test8
<No Strat> Status: Ok
introclassJava.smallest_e9c6206d_000WhiteboxTest#test2
<No Strat> Status: Ko
introclassJava.smallest_e9c6206d_000WhiteboxTest#test3
<No Strat> Status: Ko
introclassJava.smallest_e9c6206d_000WhiteboxTest#test4
<No Strat> Status: Ko
introclassJava.smallest_e9c6206d_000WhiteboxTest#test5
<No Strat> Status: Ko
introclassJava.smallest_e9c6206d_000WhiteboxTest#test6
<No Strat> Status: Ok
introclassJava.smallest_e9c6206d_000WhiteboxTest#test7
<No Strat> Status: Ko
introclassJava.smallest_e9c6206d_000BlackboxTest#test1
<No Strat> Status: Ok
introclassJava.smallest_e9c6206d_000BlackboxTest#test8
<No Strat> Status: Ok
introclassJava.smallest_e9c6206d_000BlackboxTest#test2
<No Strat> Status: Ok
introclassJava.smallest_e9c6206d_000BlackboxTest#test3
<No Strat> Status: Ok
introclassJava.smallest_e9c6206d_000BlackboxTest#test4
<No Strat> Status: Ok
introclassJava.smallest_e9c6206d_000BlackboxTest#test5
<No Strat> Status: Ko
introclassJava.smallest_e9c6206d_000BlackboxTest#test6
<No Strat> Status: Ko
introclassJava.smallest_e9c6206d_000BlackboxTest#test7
<No Strat> Status: Ok
Multirun 16/100 16%
introclassJava.smallest_e9c6206d_000WhiteboxTest#test1
<No Strat> Status: Ko
introclassJava.smallest_e9c6206d_000WhiteboxTest#test2
<No Strat> Status: Ko
introclassJava.smallest_e9c6206d_000WhiteboxTest#test3
<No Strat> Status: Ko
introclassJava.smallest_e9c6206d_000WhiteboxTest#test4
<No Strat> Status: Ko
introclassJava.smallest_e9c6206d_000WhiteboxTest#test5
<No Strat> Status: Ko
introclassJava.smallest_e9c6206d_000WhiteboxTest#test7
<No Strat> Status: Ko
introclassJava.smallest_e9c6206d_000BlackboxTest#test5
<No Strat> Status: Ko
introclassJava.smallest_e9c6206d_000BlackboxTest#test6
<No Strat> Status: Ko
introclassJava.smallest_e9c6206d_000WhiteboxTest#test1
<No Strat> Status: Ko
introclassJava.smallest_e9c6206d_000WhiteboxTest#test2
<No Strat> Status: Ko
introclassJava.smallest_e9c6206d_000WhiteboxTest#test3
<No Strat> Status: Ko
introclassJava.smallest_e9c6206d_000WhiteboxTest#test4
<No Strat> Status: Ko
introclassJava.smallest_e9c6206d_000WhiteboxTest#test5
<No Strat> Status: Ko
introclassJava.smallest_e9c6206d_000WhiteboxTest#test7
<No Strat> Status: Ko
introclassJava.smallest_e9c6206d_000BlackboxTest#test5
<No Strat> Status: Ko
introclassJava.smallest_e9c6206d_000BlackboxTest#test6
<No Strat> Status: Ko
introclassJava.smallest_e9c6206d_000WhiteboxTest#test1
<No Strat> Status: Ko
introclassJava.smallest_e9c6206d_000WhiteboxTest#test2
<No Strat> Status: Ko
introclassJava.smallest_e9c6206d_000WhiteboxTest#test3
<No Strat> Status: Ko
introclassJava.smallest_e9c6206d_000WhiteboxTest#test4
<No Strat> Status: Ko
introclassJava.smallest_e9c6206d_000WhiteboxTest#test5
<No Strat> Status: Ko
introclassJava.smallest_e9c6206d_000WhiteboxTest#test7
<No Strat> Status: Ko
introclassJava.smallest_e9c6206d_000BlackboxTest#test5
<No Strat> Status: Ko
introclassJava.smallest_e9c6206d_000BlackboxTest#test6
<No Strat> Status: Ko
introclassJava.smallest_e9c6206d_000WhiteboxTest#test1
<No Strat> Status: Ko
introclassJava.smallest_e9c6206d_000WhiteboxTest#test2
<No Strat> Status: Ko
introclassJava.smallest_e9c6206d_000WhiteboxTest#test3
<No Strat> Status: Ko
introclassJava.smallest_e9c6206d_000WhiteboxTest#test4
<No Strat> Status: Ko
introclassJava.smallest_e9c6206d_000WhiteboxTest#test5
<No Strat> Status: Ko
introclassJava.smallest_e9c6206d_000WhiteboxTest#test7
<No Strat> Status: Ko
introclassJava.smallest_e9c6206d_000BlackboxTest#test5
<No Strat> Status: Ko
introclassJava.smallest_e9c6206d_000BlackboxTest#test6
<No Strat> Status: Ko
introclassJava.smallest_e9c6206d_000WhiteboxTest#test1
<No Strat> Status: Ko
introclassJava.smallest_e9c6206d_000WhiteboxTest#test2
<No Strat> Status: Ko
introclassJava.smallest_e9c6206d_000WhiteboxTest#test3
<No Strat> Status: Ko
introclassJava.smallest_e9c6206d_000WhiteboxTest#test4
<No Strat> Status: Ko
introclassJava.smallest_e9c6206d_000WhiteboxTest#test5
<No Strat> Status: Ko
introclassJava.smallest_e9c6206d_000WhiteboxTest#test7
<No Strat> Status: Ko
introclassJava.smallest_e9c6206d_000BlackboxTest#test5
<No Strat> Status: Ko
introclassJava.smallest_e9c6206d_000BlackboxTest#test6
<No Strat> Status: Ko
introclassJava.smallest_e9c6206d_000WhiteboxTest#test1
<No Strat> Status: Ko
introclassJava.smallest_e9c6206d_000WhiteboxTest#test2
<No Strat> Status: Ko
introclassJava.smallest_e9c6206d_000WhiteboxTest#test3
<No Strat> Status: Ko
introclassJava.smallest_e9c6206d_000WhiteboxTest#test4
<No Strat> Status: Ko
introclassJava.smallest_e9c6206d_000WhiteboxTest#test5
<No Strat> Status: Ko
introclassJava.smallest_e9c6206d_000WhiteboxTest#test7
<No Strat> Status: Ko
introclassJava.smallest_e9c6206d_000BlackboxTest#test5
<No Strat> Status: Ko
introclassJava.smallest_e9c6206d_000BlackboxTest#test6
<No Strat> Status: Ko
5.43user 0.23system 0:03.24elapsed 174%CPU (0avgtext+0avgdata 250716maxresident)k
20888inputs+232outputs (1major+71506minor)pagefaults 0swaps


Node: graphene-25.nancy.grid5000.fr



Date: Thu Dec  6 03:49:08 EST 2018

