cd /tmp/NPEFix_IntroClassJava_grade_b1924d63a2e25b7c8d9a794093c4ae97fdceec9e0ea46b6a4b02d9a18b9ba9cecf07cb0c42c264a0947aec22b0bacff788a547a8250c2265f601581ab545bf82_003;
export JAVA_TOOL_OPTIONS="-Dfile.encoding=UTF8 -Duser.language=en-US -Duser.country=US -Duser.language=en";
TZ="America/New_York"; export TZ;
export PATH="/usr/lib/jvm/java-1.8.0-openjdk-amd64/bin/:$PATH";
export JAVA_HOME="/usr/lib/jvm/java-1.8.0-openjdk-amd64/bin/";
time java -Xmx4g -Xms1g -cp /home/tdurieux/defects4j4repair/script/../repair_tools/npefix.jar fr.inria.spirals.npefix.main.run.Main \
    --test introclassJava.grade_b1924d63_003BlackboxTest:introclassJava.grade_b1924d63_003WhiteboxTest \
    --iteration 100 \
	--complianceLevel 7 \
	--workingdirectory . \
	--source src/main/java \
	--classpath target/classes:target/test-classes:/home/tdurieux/.m2/repository/junit/junit/4.11/junit-4.11.jar:/home/tdurieux/.m2/repository/org/hamcrest/hamcrest-core/1.3/hamcrest-core-1.3.jar;
	echo "\n\nNode: `hostname`\n";
	echo "\n\nDate: `date`\n";
Picked up JAVA_TOOL_OPTIONS: -Dfile.encoding=UTF8 -Duser.language=en-US -Duser.country=US -Duser.language=en
TernarySplitter  in 4ms
CheckNotNull  in 2ms
ForceNullInit in 75ms
AddImplicitCastChecker --> 0 in 4ms
BeforeDeref --> 33 (failed:0) in 22ms
target--> 33 (failed:0) in 89ms
TryRegister # Try: 0 in 2ms
Assign --> 19 (failed: 0) in 79ms
VarInit --> 6 in 4ms
MethodEncapsulation # Method: 2 in 50ms
ConstructorEncapsulation # Constructor: 10 in 11ms
VariableFor in 2ms
RMI Selector (Host: 127.0.0.1, Port: 10000): KO
introclassJava.grade_b1924d63_003WhiteboxTest#test1
<No Strat> Status: Ok
introclassJava.grade_b1924d63_003WhiteboxTest#test2
<No Strat> Status: Ok
introclassJava.grade_b1924d63_003WhiteboxTest#test3
<No Strat> Status: Ko
introclassJava.grade_b1924d63_003WhiteboxTest#test4
<No Strat> Status: Ko
introclassJava.grade_b1924d63_003WhiteboxTest#test5
<No Strat> Status: Ok
introclassJava.grade_b1924d63_003WhiteboxTest#test6
<No Strat> Status: Ok
introclassJava.grade_b1924d63_003WhiteboxTest#test7
<No Strat> Status: Ok
introclassJava.grade_b1924d63_003WhiteboxTest#test8
<No Strat> Status: Ok
introclassJava.grade_b1924d63_003WhiteboxTest#test9
<No Strat> Status: Ok
introclassJava.grade_b1924d63_003BlackboxTest#test1
<No Strat> Status: Ok
introclassJava.grade_b1924d63_003BlackboxTest#test2
<No Strat> Status: Ok
introclassJava.grade_b1924d63_003BlackboxTest#test3
<No Strat> Status: Ko
introclassJava.grade_b1924d63_003BlackboxTest#test4
<No Strat> Status: Ko
introclassJava.grade_b1924d63_003BlackboxTest#test5
<No Strat> Status: Ok
introclassJava.grade_b1924d63_003BlackboxTest#test6
<No Strat> Status: Ok
introclassJava.grade_b1924d63_003BlackboxTest#test7
<No Strat> Status: Ok
introclassJava.grade_b1924d63_003BlackboxTest#test8
<No Strat> Status: Ok
introclassJava.grade_b1924d63_003BlackboxTest#test9
<No Strat> Status: Ok
Multirun 18/100 18%
introclassJava.grade_b1924d63_003WhiteboxTest#test3
<No Strat> Status: Ko
introclassJava.grade_b1924d63_003WhiteboxTest#test4
<No Strat> Status: Ko
introclassJava.grade_b1924d63_003BlackboxTest#test3
<No Strat> Status: Ko
introclassJava.grade_b1924d63_003BlackboxTest#test4
<No Strat> Status: Ko
introclassJava.grade_b1924d63_003WhiteboxTest#test3
<No Strat> Status: Ko
introclassJava.grade_b1924d63_003WhiteboxTest#test4
<No Strat> Status: Ko
introclassJava.grade_b1924d63_003BlackboxTest#test3
<No Strat> Status: Ko
introclassJava.grade_b1924d63_003BlackboxTest#test4
<No Strat> Status: Ko
introclassJava.grade_b1924d63_003WhiteboxTest#test3
<No Strat> Status: Ko
introclassJava.grade_b1924d63_003WhiteboxTest#test4
<No Strat> Status: Ko
introclassJava.grade_b1924d63_003BlackboxTest#test3
<No Strat> Status: Ko
introclassJava.grade_b1924d63_003BlackboxTest#test4
<No Strat> Status: Ko
introclassJava.grade_b1924d63_003WhiteboxTest#test3
<No Strat> Status: Ko
introclassJava.grade_b1924d63_003WhiteboxTest#test4
<No Strat> Status: Ko
introclassJava.grade_b1924d63_003BlackboxTest#test3
<No Strat> Status: Ko
introclassJava.grade_b1924d63_003BlackboxTest#test4
<No Strat> Status: Ko
introclassJava.grade_b1924d63_003WhiteboxTest#test3
<No Strat> Status: Ko
introclassJava.grade_b1924d63_003WhiteboxTest#test4
<No Strat> Status: Ko
introclassJava.grade_b1924d63_003BlackboxTest#test3
<No Strat> Status: Ko
introclassJava.grade_b1924d63_003BlackboxTest#test4
<No Strat> Status: Ko
introclassJava.grade_b1924d63_003WhiteboxTest#test3
<No Strat> Status: Ko
introclassJava.grade_b1924d63_003WhiteboxTest#test4
<No Strat> Status: Ko
introclassJava.grade_b1924d63_003BlackboxTest#test3
<No Strat> Status: Ko
introclassJava.grade_b1924d63_003BlackboxTest#test4
<No Strat> Status: Ko
5.17user 0.18system 0:03.08elapsed 173%CPU (0avgtext+0avgdata 236492maxresident)k
20872inputs+224outputs (1major+64473minor)pagefaults 0swaps


Node: graphene-49.nancy.grid5000.fr



Date: Thu Dec  6 04:05:06 EST 2018

