cd /tmp/NPEFix_Bug_dot_jar_Wicket_6cceff44;
export JAVA_TOOL_OPTIONS="-Dfile.encoding=UTF8 -Duser.language=en-US -Duser.country=US -Duser.language=en";
TZ="America/New_York"; export TZ;
export PATH="/usr/lib/jvm/java-1.8.0-openjdk-amd64/bin/:$PATH";
export JAVA_HOME="/usr/lib/jvm/java-1.8.0-openjdk-amd64/bin/";
time java -Xmx4048m -cp /home/tdurieux/defects4j4repair/script/../repair_tools/npefix.jar fr.inria.spirals.npefix.main.run.Main \
    --test org.apache.wicket.bean.validation.DefaultPropertyResolverTest \
    --iteration 100 \
	--complianceLevel 7 \
	--workingdirectory . \
	--source wicket-bean-validation/src/main/java \
	--classpath wicket-bean-validation/target/classes:wicket-bean-validation/target/test-classes:/tmp/NPEFix_Bug_dot_jar_Wicket_6cceff44/wicket-util/target/classes:/tmp/NPEFix_Bug_dot_jar_Wicket_6cceff44/wicket-request/target/classes:/tmp/NPEFix_Bug_dot_jar_Wicket_6cceff44/wicket-core/target/classes:/tmp/NPEFix_Bug_dot_jar_Wicket_6cceff44/wicket-datetime/target/classes:/tmp/NPEFix_Bug_dot_jar_Wicket_6cceff44/wicket-extensions/target/classes:/tmp/NPEFix_Bug_dot_jar_Wicket_6cceff44/wicket-devutils/target/classes:/tmp/NPEFix_Bug_dot_jar_Wicket_6cceff44/wicket-ioc/target/classes:/tmp/NPEFix_Bug_dot_jar_Wicket_6cceff44/wicket-cdi/target/classes:/tmp/NPEFix_Bug_dot_jar_Wicket_6cceff44/wicket-spring/target/classes:/tmp/NPEFix_Bug_dot_jar_Wicket_6cceff44/wicket-velocity/target/classes:/tmp/NPEFix_Bug_dot_jar_Wicket_6cceff44/wicket-auth-roles/target/classes:/tmp/NPEFix_Bug_dot_jar_Wicket_6cceff44/wicket-guice/target/classes:/tmp/NPEFix_Bug_dot_jar_Wicket_6cceff44/wicket-jmx/target/classes:/tmp/NPEFix_Bug_dot_jar_Wicket_6cceff44/wicket-objectssizeof-agent/target/classes:/tmp/NPEFix_Bug_dot_jar_Wicket_6cceff44/wicket-experimental/wicket-atmosphere/target/classes:/tmp/NPEFix_Bug_dot_jar_Wicket_6cceff44/wicket-cdi-1.1/target/classes:/tmp/NPEFix_Bug_dot_jar_Wicket_6cceff44/wicket-examples/target/classes:/tmp/NPEFix_Bug_dot_jar_Wicket_6cceff44/wicket-experimental/wicket-bootstrap/target/classes:/tmp/NPEFix_Bug_dot_jar_Wicket_6cceff44/wicket-experimental/wicket-examples-parent/wicket-examples-jar/target/classes:/tmp/NPEFix_Bug_dot_jar_Wicket_6cceff44/wicket-experimental/wicket-examples-parent/wicket-examples-war/target/classes:/tmp/NPEFix_Bug_dot_jar_Wicket_6cceff44/archetypes/quickstart/target/classes:/tmp/NPEFix_Bug_dot_jar_Wicket_6cceff44/wicket-native-websocket/wicket-native-websocket-core/target/classes:/tmp/NPEFix_Bug_dot_jar_Wicket_6cceff44/wicket-native-websocket/wicket-native-websocket-jetty/target/classes:/tmp/NPEFix_Bug_dot_jar_Wicket_6cceff44/wicket-native-websocket/wicket-native-websocket-jetty9/target/classes:/tmp/NPEFix_Bug_dot_jar_Wicket_6cceff44/wicket-native-websocket/wicket-native-websocket-tomcat/target/classes:/tmp/NPEFix_Bug_dot_jar_Wicket_6cceff44/wicket-native-websocket/wicket-native-websocket-javax/target/classes:/tmp/NPEFix_Bug_dot_jar_Wicket_6cceff44/testing/wicket-common-tests/target/classes:/home/tdurieux/.m2/repository/org/ow2/asm/asm-util/4.1/asm-util-4.1.jar:/home/tdurieux/.m2/repository/com/google/guava/guava/13.0.1/guava-13.0.1.jar:/home/tdurieux/.m2/repository/org/eclipse/jetty/orbit/javax.activation/1.1.0.v201105071233/javax.activation-1.1.0.v201105071233.jar:/home/tdurieux/.m2/repository/org/jboss/logging/jboss-logging/3.1.0.CR2/jboss-logging-3.1.0.CR2.jar:/home/tdurieux/.m2/repository/com/madgag/markdownj-core/0.4.1/markdownj-core-0.4.1.jar:/home/tdurieux/.m2/repository/org/apache/tomcat/tomcat-api/7.0.50/tomcat-api-7.0.50.jar:/home/tdurieux/.m2/repository/velocity/velocity-dep/1.4/velocity-dep-1.4.jar:/home/tdurieux/.m2/repository/org/jboss/spec/javax/interceptor/jboss-interceptors-api_1.1_spec/1.0.0.Beta1/jboss-interceptors-api_1.1_spec-1.0.0.Beta1.jar:/home/tdurieux/.m2/repository/org/eclipse/jetty/websocket/websocket-common/9.0.7.v20131107/websocket-common-9.0.7.v20131107.jar:/home/tdurieux/.m2/repository/org/jboss/spec/javax/annotation/jboss-annotations-api_1.2_spec/1.0.0.Alpha1/jboss-annotations-api_1.2_spec-1.0.0.Alpha1.jar:/home/tdurieux/.m2/repository/org/apache/tomcat/tomcat-catalina/7.0.50/tomcat-catalina-7.0.50.jar:/home/tdurieux/.m2/repository/org/apache/deltaspike/core/deltaspike-core-impl/0.5/deltaspike-core-impl-0.5.jar:/home/tdurieux/.m2/repository/org/apache/tomcat/tomcat-juli/7.0.50/tomcat-juli-7.0.50.jar:/home/tdurieux/.m2/repository/org/ow2/asm/asm/4.1/asm-4.1.jar:/home/tdurieux/.m2/repository/org/eclipse/jetty/orbit/javax.annotation/1.1.0.v201108011116/javax.annotation-1.1.0.v201108011116.jar:/home/tdurieux/.m2/repository/org/eclipse/jetty/jetty-xml/9.1.2.v20140210/jetty-xml-9.1.2.v20140210.jar:/home/tdurieux/.m2/repository/org/hibernate/hibernate-validator/4.3.0.Final/hibernate-validator-4.3.0.Final.jar:/home/tdurieux/.m2/repository/org/eclipse/jetty/jetty-http/8.1.14.v20131031/jetty-http-8.1.14.v20131031.jar:/home/tdurieux/.m2/repository/cglib/cglib/3.1/cglib-3.1.jar:/home/tdurieux/.m2/repository/org/eclipse/jetty/jetty-websocket/8.1.14.v20131031/jetty-websocket-8.1.14.v20131031.jar:/home/tdurieux/.m2/repository/org/eclipse/jetty/websocket/websocket-server/9.1.2.v20140210/websocket-server-9.1.2.v20140210.jar:/home/tdurieux/.m2/repository/org/slf4j/jcl-over-slf4j/1.7.5/jcl-over-slf4j-1.7.5.jar:/home/tdurieux/.m2/repository/org/springframework/spring-aop/4.0.1.RELEASE/spring-aop-4.0.1.RELEASE.jar:/home/tdurieux/.m2/repository/cglib/cglib-nodep/2.2.2/cglib-nodep-2.2.2.jar:/home/tdurieux/.m2/repository/javax/enterprise/cdi-api/1.1/cdi-api-1.1.jar:/home/tdurieux/.m2/repository/log4j/log4j/1.2.16/log4j-1.2.16.jar:/home/tdurieux/.m2/repository/javax/validation/validation-api/1.0.0.GA/validation-api-1.0.0.GA.jar:/home/tdurieux/.m2/repository/org/httpunit/httpunit/1.7.2/httpunit-1.7.2.jar:/home/tdurieux/.m2/repository/org/slf4j/slf4j-log4j12/1.7.5/slf4j-log4j12-1.7.5.jar:/home/tdurieux/.m2/repository/org/jboss/spec/javax/el/jboss-el-api_3.0_spec/1.0.0.Alpha1/jboss-el-api_3.0_spec-1.0.0.Alpha1.jar:/home/tdurieux/.m2/repository/xerces/xercesImpl/2.6.1/xercesImpl-2.6.1.jar:/home/tdurieux/.m2/repository/org/eclipse/jetty/websocket/javax-websocket-server-impl/9.1.2.v20140210/javax-websocket-server-impl-9.1.2.v20140210.jar:/home/tdurieux/.m2/repository/org/apache/deltaspike/core/deltaspike-core-api/0.5/deltaspike-core-api-0.5.jar:/home/tdurieux/.m2/repository/javax/servlet/javax.servlet-api/3.0.1/javax.servlet-api-3.0.1.jar:/home/tdurieux/.m2/repository/com/github/cage/cage/1.0/cage-1.0.jar:/home/tdurieux/.m2/repository/org/objenesis/objenesis/1.2/objenesis-1.2.jar:/home/tdurieux/.m2/repository/aopalliance/aopalliance/1.0/aopalliance-1.0.jar:/home/tdurieux/.m2/repository/commons-io/commons-io/2.4/commons-io-2.4.jar:/home/tdurieux/.m2/repository/org/eclipse/jetty/websocket/websocket-api/9.1.2.v20140210/websocket-api-9.1.2.v20140210.jar:/home/tdurieux/.m2/repository/javax/servlet/javax.servlet-api/3.1.0/javax.servlet-api-3.1.0.jar:/home/tdurieux/.m2/repository/org/jboss/logging/jboss-logging/3.1.3.GA/jboss-logging-3.1.3.GA.jar:/home/tdurieux/.m2/repository/rhino/js/1.6R5/js-1.6R5.jar:/home/tdurieux/.m2/repository/org/eclipse/jetty/jetty-servlet/9.1.2.v20140210/jetty-servlet-9.1.2.v20140210.jar:/home/tdurieux/.m2/repository/org/codehaus/jackson/jackson-core-asl/1.8.5/jackson-core-asl-1.8.5.jar:/home/tdurieux/.m2/repository/org/hamcrest/hamcrest-core/1.3/hamcrest-core-1.3.jar:/home/tdurieux/.m2/repository/org/springframework/spring-beans/4.0.1.RELEASE/spring-beans-4.0.1.RELEASE.jar:/home/tdurieux/.m2/repository/org/atmosphere/atmosphere-runtime/2.0.4/atmosphere-runtime-2.0.4.jar:/home/tdurieux/.m2/repository/org/jboss/weld/weld-spi/2.1.Final/weld-spi-2.1.Final.jar:/home/tdurieux/.m2/repository/com/google/inject/guice/3.0/guice-3.0.jar:/home/tdurieux/.m2/repository/org/apache/tomcat/tomcat-coyote/7.0.50/tomcat-coyote-7.0.50.jar:/home/tdurieux/.m2/repository/org/eclipse/jetty/jetty-webapp/9.1.2.v20140210/jetty-webapp-9.1.2.v20140210.jar:/home/tdurieux/.m2/repository/org/springframework/spring-core/4.0.1.RELEASE/spring-core-4.0.1.RELEASE.jar:/home/tdurieux/.m2/repository/log4j/log4j/1.2.17/log4j-1.2.17.jar:/home/tdurieux/.m2/repository/org/springframework/spring-web/4.0.1.RELEASE/spring-web-4.0.1.RELEASE.jar:/home/tdurieux/.m2/repository/javax/enterprise/cdi-api/1.0-SP4/cdi-api-1.0-SP4.jar:/home/tdurieux/.m2/repository/com/google/guava/guava/11.0.1/guava-11.0.1.jar:/home/tdurieux/.m2/repository/org/eclipse/jetty/websocket/websocket-common/9.1.2.v20140210/websocket-common-9.1.2.v20140210.jar:/home/tdurieux/.m2/repository/com/google/code/findbugs/jsr305/1.3.9/jsr305-1.3.9.jar:/home/tdurieux/.m2/repository/javax/inject/javax.inject/1/javax.inject-1.jar:/home/tdurieux/.m2/repository/org/eclipse/jetty/websocket/websocket-api/9.0.7.v20131107/websocket-api-9.0.7.v20131107.jar:/home/tdurieux/.m2/repository/javax/annotation/jsr250-api/1.0/jsr250-api-1.0.jar:/home/tdurieux/.m2/repository/org/eclipse/jetty/jetty-http/9.1.2.v20140210/jetty-http-9.1.2.v20140210.jar:/home/tdurieux/.m2/repository/javax/annotation/javax.annotation-api/1.2/javax.annotation-api-1.2.jar:/home/tdurieux/.m2/repository/org/apache/wicket/wicket-util/7.0.0-SNAPSHOT/wicket-util-7.0.0-SNAPSHOT.jar:/home/tdurieux/.m2/repository/org/ow2/asm/asm/4.2/asm-4.2.jar:/home/tdurieux/.m2/repository/org/eclipse/jetty/jetty-plus/9.1.2.v20140210/jetty-plus-9.1.2.v20140210.jar:/home/tdurieux/.m2/repository/org/jboss/weld/weld-api/2.1.Final/weld-api-2.1.Final.jar:/home/tdurieux/.m2/repository/org/apache/tomcat/tomcat-util/7.0.50/tomcat-util-7.0.50.jar:/home/tdurieux/.m2/repository/joda-time/joda-time/2.0/joda-time-2.0.jar:/home/tdurieux/.m2/repository/org/hamcrest/hamcrest-library/1.3/hamcrest-library-1.3.jar:/home/tdurieux/.m2/repository/org/jboss/seam/conversation/seam-conversation-spi/3.0.0.Final/seam-conversation-spi-3.0.0.Final.jar:/home/tdurieux/.m2/repository/net/sf/jtidy/jtidy/r938/jtidy-r938.jar:/home/tdurieux/.m2/repository/javax/servlet/jsp/javax.servlet.jsp-api/2.2.1/javax.servlet.jsp-api-2.2.1.jar:/home/tdurieux/.m2/repository/javax/el/el-api/2.2/el-api-2.2.jar:/home/tdurieux/.m2/repository/org/eclipse/jetty/orbit/javax.servlet/3.0.0.v201112011016/javax.servlet-3.0.0.v201112011016.jar:/home/tdurieux/.m2/repository/nekohtml/nekohtml/0.9.5/nekohtml-0.9.5.jar:/home/tdurieux/.m2/repository/org/ow2/asm/asm-tree/4.1/asm-tree-4.1.jar:/home/tdurieux/.m2/repository/commons-fileupload/commons-fileupload/1.3.1/commons-fileupload-1.3.1.jar:/home/tdurieux/.m2/repository/org/apache/wicket/wicket-request/7.0.0-SNAPSHOT/wicket-request-7.0.0-SNAPSHOT.jar:/home/tdurieux/.m2/repository/com/jhlabs/filters/2.0.235/filters-2.0.235.jar:/home/tdurieux/.m2/repository/org/eclipse/jetty/jetty-jndi/9.1.2.v20140210/jetty-jndi-9.1.2.v20140210.jar:/home/tdurieux/.m2/repository/org/objenesis/objenesis/1.0/objenesis-1.0.jar:/home/tdurieux/.m2/repository/org/jglue/cdi-unit/cdi-unit/2.2.1/cdi-unit-2.2.1.jar:/home/tdurieux/.m2/repository/org/eclipse/jetty/websocket/websocket-servlet/9.0.7.v20131107/websocket-servlet-9.0.7.v20131107.jar:/home/tdurieux/.m2/repository/org/eclipse/jetty/jetty-util/9.1.2.v20140210/jetty-util-9.1.2.v20140210.jar:/home/tdurieux/.m2/repository/org/easymock/easymock/3.1/easymock-3.1.jar:/home/tdurieux/.m2/repository/com/uwyn/jhighlight/1.0/jhighlight-1.0.jar:/home/tdurieux/.m2/repository/org/eclipse/jetty/jetty-io/9.0.7.v20131107/jetty-io-9.0.7.v20131107.jar:/home/tdurieux/.m2/repository/org/jboss/weld/se/weld-se-core/2.1.0.Final/weld-se-core-2.1.0.Final.jar:/home/tdurieux/.m2/repository/org/eclipse/jetty/jetty-util/9.0.7.v20131107/jetty-util-9.0.7.v20131107.jar:/home/tdurieux/.m2/repository/org/eclipse/jetty/jetty-annotations/9.1.2.v20140210/jetty-annotations-9.1.2.v20140210.jar:/home/tdurieux/.m2/repository/xerces/xmlParserAPIs/2.6.1/xmlParserAPIs-2.6.1.jar:/home/tdurieux/.m2/repository/org/eclipse/jetty/websocket/websocket-client/9.0.7.v20131107/websocket-client-9.0.7.v20131107.jar:/home/tdurieux/.m2/repository/javax/servlet/servlet-api/2.4/servlet-api-2.4.jar:/home/tdurieux/.m2/repository/org/eclipse/jetty/websocket/javax-websocket-client-impl/9.1.2.v20140210/javax-websocket-client-impl-9.1.2.v20140210.jar:/home/tdurieux/.m2/repository/org/jboss/weld/servlet/weld-servlet/2.1.2.Final/weld-servlet-2.1.2.Final.jar:/home/tdurieux/.m2/repository/com/github/axet/kaptcha/0.0.9/kaptcha-0.0.9.jar:/home/tdurieux/.m2/repository/org/slf4j/slf4j-api/1.7.5/slf4j-api-1.7.5.jar:/home/tdurieux/.m2/repository/org/eclipse/jetty/aggregate/jetty-all-server/8.1.14.v20131031/jetty-all-server-8.1.14.v20131031.jar:/home/tdurieux/.m2/repository/javax/websocket/javax.websocket-api/1.0/javax.websocket-api-1.0.jar:/home/tdurieux/.m2/repository/org/springframework/spring-expression/4.0.1.RELEASE/spring-expression-4.0.1.RELEASE.jar:/home/tdurieux/.m2/repository/org/eclipse/jetty/orbit/javax.security.auth.message/1.0.0.v201108011116/javax.security.auth.message-1.0.0.v201108011116.jar:/home/tdurieux/.m2/repository/org/codehaus/jackson/jackson-mapper-asl/1.8.5/jackson-mapper-asl-1.8.5.jar:/home/tdurieux/.m2/repository/org/eclipse/jetty/jetty-security/9.1.2.v20140210/jetty-security-9.1.2.v20140210.jar:/home/tdurieux/.m2/repository/org/apache/tomcat/tomcat-servlet-api/7.0.50/tomcat-servlet-api-7.0.50.jar:/home/tdurieux/.m2/repository/org/jboss/classfilewriter/jboss-classfilewriter/1.0.4.Final/jboss-classfilewriter-1.0.4.Final.jar:/home/tdurieux/.m2/repository/org/eclipse/jetty/websocket/websocket-client/9.1.2.v20140210/websocket-client-9.1.2.v20140210.jar:/home/tdurieux/.m2/repository/org/jboss/spec/javax/interceptor/jboss-interceptors-api_1.2_spec/1.0.0.Alpha3/jboss-interceptors-api_1.2_spec-1.0.0.Alpha3.jar:/home/tdurieux/.m2/repository/org/eclipse/jetty/jetty-http/9.0.7.v20131107/jetty-http-9.0.7.v20131107.jar:/home/tdurieux/.m2/repository/org/eclipse/jetty/jetty-io/9.1.2.v20140210/jetty-io-9.1.2.v20140210.jar:/home/tdurieux/.m2/repository/org/apache/velocity/velocity/1.7/velocity-1.7.jar:/home/tdurieux/.m2/repository/junit/junit/4.11/junit-4.11.jar:/home/tdurieux/.m2/repository/org/eclipse/jetty/jetty-util/8.1.14.v20131031/jetty-util-8.1.14.v20131031.jar:/home/tdurieux/.m2/repository/org/springframework/spring-context/4.0.1.RELEASE/spring-context-4.0.1.RELEASE.jar:/home/tdurieux/.m2/repository/commons-lang/commons-lang/2.6/commons-lang-2.6.jar:/home/tdurieux/.m2/repository/javax/el/javax.el-api/2.2.4/javax.el-api-2.2.4.jar:/home/tdurieux/.m2/repository/org/eclipse/jetty/websocket/websocket-servlet/9.1.2.v20140210/websocket-servlet-9.1.2.v20140210.jar:/home/tdurieux/.m2/repository/org/eclipse/jetty/jetty-io/8.1.14.v20131031/jetty-io-8.1.14.v20131031.jar:/home/tdurieux/.m2/repository/org/apache/tomcat/tomcat-annotations-api/7.0.50/tomcat-annotations-api-7.0.50.jar:/home/tdurieux/.m2/repository/org/eclipse/jetty/orbit/javax.mail.glassfish/1.4.1.v201005082020/javax.mail.glassfish-1.4.1.v201005082020.jar:/home/tdurieux/.m2/repository/org/hibernate/hibernate-validator/4.3.1.Final/hibernate-validator-4.3.1.Final.jar:/home/tdurieux/.m2/repository/org/jboss/weld/weld-core-impl/2.1.0.Final/weld-core-impl-2.1.0.Final.jar:/home/tdurieux/.m2/repository/org/ow2/asm/asm-commons/4.1/asm-commons-4.1.jar:/home/tdurieux/.m2/repository/velocity/velocity/1.4/velocity-1.4.jar:/home/tdurieux/.m2/repository/org/mockito/mockito-core/1.9.5/mockito-core-1.9.5.jar:/home/tdurieux/.m2/repository/org/eclipse/jetty/websocket/websocket-server/9.0.7.v20131107/websocket-server-9.0.7.v20131107.jar:/home/tdurieux/.m2/repository/commons-collections/commons-collections/3.2.1/commons-collections-3.2.1.jar:/home/tdurieux/.m2/repository/org/eclipse/jetty/jetty-server/9.1.2.v20140210/jetty-server-9.1.2.v20140210.jar;
	echo "\n\nNode: `hostname`\n";
	echo "\n\nDate: `date`\n";
Picked up JAVA_TOOL_OPTIONS: -Dfile.encoding=UTF8 -Duser.language=en-US -Duser.country=US -Duser.language=en
TernarySplitter  in 22ms
return (next) != null
CheckNotNull  in 76ms
ForceNullInit in 5ms
AddImplicitCastChecker --> 0 in 15ms
BeforeDeref --> 90 (failed:0) in 73ms
target--> 103 (failed:0) in 92ms
TryRegister # Try: 0 in 5ms
Assign --> 39 (failed: 0) in 64ms
VarInit --> 19 in 19ms
MethodEncapsulation # Method: 40 in 82ms
ConstructorEncapsulation # Constructor: 10 in 27ms
VariableFor in 8ms
RMI Selector (Host: 127.0.0.1, Port: 10000): KO
[main] WARN org.apache.wicket.core.util.lang.WicketObjects - Could not resolve class [org.apache.wicket.Initializer]
java.lang.ClassNotFoundException: org.apache.wicket.Initializer
	at java.net.URLClassLoader.findClass(URLClassLoader.java:382)
	at java.lang.ClassLoader.loadClass(ClassLoader.java:424)
	at sun.misc.Launcher$AppClassLoader.loadClass(Launcher.java:349)
	at java.lang.ClassLoader.loadClass(ClassLoader.java:357)
	at java.lang.Class.forName0(Native Method)
	at java.lang.Class.forName(Class.java:348)
	at org.apache.wicket.application.AbstractClassResolver.resolveClass(AbstractClassResolver.java:108)
	at org.apache.wicket.core.util.lang.WicketObjects.resolveClass(WicketObjects.java:74)
	at org.apache.wicket.core.util.lang.WicketObjects.newInstance(WicketObjects.java:332)
	at org.apache.wicket.Application.addInitializer(Application.java:575)
	at org.apache.wicket.Application.load(Application.java:614)
	at org.apache.wicket.Application.initializeComponents(Application.java:498)
	at org.apache.wicket.Application.initApplication(Application.java:811)
	at org.apache.wicket.util.tester.BaseWicketTester.<init>(BaseWicketTester.java:290)
	at org.apache.wicket.util.tester.BaseWicketTester.<init>(BaseWicketTester.java:234)
	at org.apache.wicket.util.tester.BaseWicketTester.<init>(BaseWicketTester.java:204)
	at org.apache.wicket.util.tester.WicketTester.<init>(WicketTester.java:179)
	at org.apache.wicket.util.tester.WicketTesterScope.create(WicketTesterScope.java:61)
	at org.apache.wicket.util.tester.WicketTesterScope$1.evaluate(WicketTesterScope.java:40)
	at org.junit.rules.RunRules.evaluate(RunRules.java:20)
	at org.junit.runners.ParentRunner.runLeaf(ParentRunner.java:271)
	at org.junit.runners.BlockJUnit4ClassRunner.runChild(BlockJUnit4ClassRunner.java:70)
	at org.junit.runners.BlockJUnit4ClassRunner.runChild(BlockJUnit4ClassRunner.java:50)
	at org.junit.runners.ParentRunner$3.run(ParentRunner.java:238)
	at org.junit.runners.ParentRunner$1.schedule(ParentRunner.java:63)
	at org.junit.runners.ParentRunner.runChildren(ParentRunner.java:236)
	at org.junit.runners.ParentRunner.access$000(ParentRunner.java:53)
	at org.junit.runners.ParentRunner$2.evaluate(ParentRunner.java:229)
	at org.junit.runners.ParentRunner.run(ParentRunner.java:309)
	at org.junit.runner.JUnitCore.run(JUnitCore.java:160)
	at org.junit.runner.JUnitCore.run(JUnitCore.java:138)
	at utils.sacha.runner.main.TestRunner.run(TestRunner.java:70)
	at fr.inria.spirals.npefix.main.all.DefaultRepairStrategy.run(DefaultRepairStrategy.java:90)
	at fr.inria.spirals.npefix.main.all.Launcher.run(Launcher.java:289)
	at fr.inria.spirals.npefix.main.run.Main.multipleRuns(Main.java:104)
	at fr.inria.spirals.npefix.main.run.Main.run(Main.java:66)
	at fr.inria.spirals.npefix.main.run.Main.main(Main.java:48)
org.apache.wicket.bean.validation.DefaultPropertyResolverTest#booleanHasFieldAndGetter
<No Strat> Status: Ko
[main] WARN org.apache.wicket.core.util.lang.WicketObjects - Could not resolve class [org.apache.wicket.Initializer]
java.lang.ClassNotFoundException: org.apache.wicket.Initializer
	at java.net.URLClassLoader.findClass(URLClassLoader.java:382)
	at java.lang.ClassLoader.loadClass(ClassLoader.java:424)
	at sun.misc.Launcher$AppClassLoader.loadClass(Launcher.java:349)
	at java.lang.ClassLoader.loadClass(ClassLoader.java:357)
	at java.lang.Class.forName0(Native Method)
	at java.lang.Class.forName(Class.java:348)
	at org.apache.wicket.application.AbstractClassResolver.resolveClass(AbstractClassResolver.java:108)
	at org.apache.wicket.core.util.lang.WicketObjects.resolveClass(WicketObjects.java:74)
	at org.apache.wicket.core.util.lang.WicketObjects.newInstance(WicketObjects.java:332)
	at org.apache.wicket.Application.addInitializer(Application.java:575)
	at org.apache.wicket.Application.load(Application.java:614)
	at org.apache.wicket.Application.initializeComponents(Application.java:498)
	at org.apache.wicket.Application.initApplication(Application.java:811)
	at org.apache.wicket.util.tester.BaseWicketTester.<init>(BaseWicketTester.java:290)
	at org.apache.wicket.util.tester.BaseWicketTester.<init>(BaseWicketTester.java:234)
	at org.apache.wicket.util.tester.BaseWicketTester.<init>(BaseWicketTester.java:204)
	at org.apache.wicket.util.tester.WicketTester.<init>(WicketTester.java:179)
	at org.apache.wicket.util.tester.WicketTesterScope.create(WicketTesterScope.java:61)
	at org.apache.wicket.util.tester.WicketTesterScope$1.evaluate(WicketTesterScope.java:40)
	at org.junit.rules.RunRules.evaluate(RunRules.java:20)
	at org.junit.runners.ParentRunner.runLeaf(ParentRunner.java:271)
	at org.junit.runners.BlockJUnit4ClassRunner.runChild(BlockJUnit4ClassRunner.java:70)
	at org.junit.runners.BlockJUnit4ClassRunner.runChild(BlockJUnit4ClassRunner.java:50)
	at org.junit.runners.ParentRunner$3.run(ParentRunner.java:238)
	at org.junit.runners.ParentRunner$1.schedule(ParentRunner.java:63)
	at org.junit.runners.ParentRunner.runChildren(ParentRunner.java:236)
	at org.junit.runners.ParentRunner.access$000(ParentRunner.java:53)
	at org.junit.runners.ParentRunner$2.evaluate(ParentRunner.java:229)
	at org.junit.runners.ParentRunner.run(ParentRunner.java:309)
	at org.junit.runner.JUnitCore.run(JUnitCore.java:160)
	at org.junit.runner.JUnitCore.run(JUnitCore.java:138)
	at utils.sacha.runner.main.TestRunner.run(TestRunner.java:70)
	at fr.inria.spirals.npefix.main.all.DefaultRepairStrategy.run(DefaultRepairStrategy.java:90)
	at fr.inria.spirals.npefix.main.all.Launcher.run(Launcher.java:289)
	at fr.inria.spirals.npefix.main.run.Main.multipleRuns(Main.java:104)
	at fr.inria.spirals.npefix.main.run.Main.run(Main.java:66)
	at fr.inria.spirals.npefix.main.run.Main.main(Main.java:48)
org.apache.wicket.bean.validation.DefaultPropertyResolverTest#hasFieldAndGetter
<No Strat> Status: Ko
[main] WARN org.apache.wicket.core.util.lang.WicketObjects - Could not resolve class [org.apache.wicket.Initializer]
java.lang.ClassNotFoundException: org.apache.wicket.Initializer
	at java.net.URLClassLoader.findClass(URLClassLoader.java:382)
	at java.lang.ClassLoader.loadClass(ClassLoader.java:424)
	at sun.misc.Launcher$AppClassLoader.loadClass(Launcher.java:349)
	at java.lang.ClassLoader.loadClass(ClassLoader.java:357)
	at java.lang.Class.forName0(Native Method)
	at java.lang.Class.forName(Class.java:348)
	at org.apache.wicket.application.AbstractClassResolver.resolveClass(AbstractClassResolver.java:108)
	at org.apache.wicket.core.util.lang.WicketObjects.resolveClass(WicketObjects.java:74)
	at org.apache.wicket.core.util.lang.WicketObjects.newInstance(WicketObjects.java:332)
	at org.apache.wicket.Application.addInitializer(Application.java:575)
	at org.apache.wicket.Application.load(Application.java:614)
	at org.apache.wicket.Application.initializeComponents(Application.java:498)
	at org.apache.wicket.Application.initApplication(Application.java:811)
	at org.apache.wicket.util.tester.BaseWicketTester.<init>(BaseWicketTester.java:290)
	at org.apache.wicket.util.tester.BaseWicketTester.<init>(BaseWicketTester.java:234)
	at org.apache.wicket.util.tester.BaseWicketTester.<init>(BaseWicketTester.java:204)
	at org.apache.wicket.util.tester.WicketTester.<init>(WicketTester.java:179)
	at org.apache.wicket.util.tester.WicketTesterScope.create(WicketTesterScope.java:61)
	at org.apache.wicket.util.tester.WicketTesterScope$1.evaluate(WicketTesterScope.java:40)
	at org.junit.rules.RunRules.evaluate(RunRules.java:20)
	at org.junit.runners.ParentRunner.runLeaf(ParentRunner.java:271)
	at org.junit.runners.BlockJUnit4ClassRunner.runChild(BlockJUnit4ClassRunner.java:70)
	at org.junit.runners.BlockJUnit4ClassRunner.runChild(BlockJUnit4ClassRunner.java:50)
	at org.junit.runners.ParentRunner$3.run(ParentRunner.java:238)
	at org.junit.runners.ParentRunner$1.schedule(ParentRunner.java:63)
	at org.junit.runners.ParentRunner.runChildren(ParentRunner.java:236)
	at org.junit.runners.ParentRunner.access$000(ParentRunner.java:53)
	at org.junit.runners.ParentRunner$2.evaluate(ParentRunner.java:229)
	at org.junit.runners.ParentRunner.run(ParentRunner.java:309)
	at org.junit.runner.JUnitCore.run(JUnitCore.java:160)
	at org.junit.runner.JUnitCore.run(JUnitCore.java:138)
	at utils.sacha.runner.main.TestRunner.run(TestRunner.java:70)
	at fr.inria.spirals.npefix.main.all.DefaultRepairStrategy.run(DefaultRepairStrategy.java:90)
	at fr.inria.spirals.npefix.main.all.Launcher.run(Launcher.java:289)
	at fr.inria.spirals.npefix.main.run.Main.multipleRuns(Main.java:104)
	at fr.inria.spirals.npefix.main.run.Main.run(Main.java:66)
	at fr.inria.spirals.npefix.main.run.Main.main(Main.java:48)
org.apache.wicket.bean.validation.DefaultPropertyResolverTest#hasOnlyField
<No Strat> Status: Ko
[main] WARN org.apache.wicket.core.util.lang.WicketObjects - Could not resolve class [org.apache.wicket.Initializer]
java.lang.ClassNotFoundException: org.apache.wicket.Initializer
	at java.net.URLClassLoader.findClass(URLClassLoader.java:382)
	at java.lang.ClassLoader.loadClass(ClassLoader.java:424)
	at sun.misc.Launcher$AppClassLoader.loadClass(Launcher.java:349)
	at java.lang.ClassLoader.loadClass(ClassLoader.java:357)
	at java.lang.Class.forName0(Native Method)
	at java.lang.Class.forName(Class.java:348)
	at org.apache.wicket.application.AbstractClassResolver.resolveClass(AbstractClassResolver.java:108)
	at org.apache.wicket.core.util.lang.WicketObjects.resolveClass(WicketObjects.java:74)
	at org.apache.wicket.core.util.lang.WicketObjects.newInstance(WicketObjects.java:332)
	at org.apache.wicket.Application.addInitializer(Application.java:575)
	at org.apache.wicket.Application.load(Application.java:614)
	at org.apache.wicket.Application.initializeComponents(Application.java:498)
	at org.apache.wicket.Application.initApplication(Application.java:811)
	at org.apache.wicket.util.tester.BaseWicketTester.<init>(BaseWicketTester.java:290)
	at org.apache.wicket.util.tester.BaseWicketTester.<init>(BaseWicketTester.java:234)
	at org.apache.wicket.util.tester.BaseWicketTester.<init>(BaseWicketTester.java:204)
	at org.apache.wicket.util.tester.WicketTester.<init>(WicketTester.java:179)
	at org.apache.wicket.util.tester.WicketTesterScope.create(WicketTesterScope.java:61)
	at org.apache.wicket.util.tester.WicketTesterScope$1.evaluate(WicketTesterScope.java:40)
	at org.junit.rules.RunRules.evaluate(RunRules.java:20)
	at org.junit.runners.ParentRunner.runLeaf(ParentRunner.java:271)
	at org.junit.runners.BlockJUnit4ClassRunner.runChild(BlockJUnit4ClassRunner.java:70)
	at org.junit.runners.BlockJUnit4ClassRunner.runChild(BlockJUnit4ClassRunner.java:50)
	at org.junit.runners.ParentRunner$3.run(ParentRunner.java:238)
	at org.junit.runners.ParentRunner$1.schedule(ParentRunner.java:63)
	at org.junit.runners.ParentRunner.runChildren(ParentRunner.java:236)
	at org.junit.runners.ParentRunner.access$000(ParentRunner.java:53)
	at org.junit.runners.ParentRunner$2.evaluate(ParentRunner.java:229)
	at org.junit.runners.ParentRunner.run(ParentRunner.java:309)
	at org.junit.runner.JUnitCore.run(JUnitCore.java:160)
	at org.junit.runner.JUnitCore.run(JUnitCore.java:138)
	at utils.sacha.runner.main.TestRunner.run(TestRunner.java:70)
	at fr.inria.spirals.npefix.main.all.DefaultRepairStrategy.run(DefaultRepairStrategy.java:90)
	at fr.inria.spirals.npefix.main.all.Launcher.run(Launcher.java:289)
	at fr.inria.spirals.npefix.main.run.Main.multipleRuns(Main.java:104)
	at fr.inria.spirals.npefix.main.run.Main.run(Main.java:66)
	at fr.inria.spirals.npefix.main.run.Main.main(Main.java:48)
org.apache.wicket.bean.validation.DefaultPropertyResolverTest#hasOnlyGetter
<No Strat> Status: Ko
[main] WARN org.apache.wicket.core.util.lang.WicketObjects - Could not resolve class [org.apache.wicket.Initializer]
java.lang.ClassNotFoundException: org.apache.wicket.Initializer
	at java.net.URLClassLoader.findClass(URLClassLoader.java:382)
	at java.lang.ClassLoader.loadClass(ClassLoader.java:424)
	at sun.misc.Launcher$AppClassLoader.loadClass(Launcher.java:349)
	at java.lang.ClassLoader.loadClass(ClassLoader.java:357)
	at java.lang.Class.forName0(Native Method)
	at java.lang.Class.forName(Class.java:348)
	at org.apache.wicket.application.AbstractClassResolver.resolveClass(AbstractClassResolver.java:108)
	at org.apache.wicket.core.util.lang.WicketObjects.resolveClass(WicketObjects.java:74)
	at org.apache.wicket.core.util.lang.WicketObjects.newInstance(WicketObjects.java:332)
	at org.apache.wicket.Application.addInitializer(Application.java:575)
	at org.apache.wicket.Application.load(Application.java:614)
	at org.apache.wicket.Application.initializeComponents(Application.java:498)
	at org.apache.wicket.Application.initApplication(Application.java:811)
	at org.apache.wicket.util.tester.BaseWicketTester.<init>(BaseWicketTester.java:290)
	at org.apache.wicket.util.tester.BaseWicketTester.<init>(BaseWicketTester.java:234)
	at org.apache.wicket.util.tester.BaseWicketTester.<init>(BaseWicketTester.java:204)
	at org.apache.wicket.util.tester.WicketTester.<init>(WicketTester.java:179)
	at org.apache.wicket.util.tester.WicketTesterScope.create(WicketTesterScope.java:61)
	at org.apache.wicket.util.tester.WicketTesterScope$1.evaluate(WicketTesterScope.java:40)
	at org.junit.rules.RunRules.evaluate(RunRules.java:20)
	at org.junit.runners.ParentRunner.runLeaf(ParentRunner.java:271)
	at org.junit.runners.BlockJUnit4ClassRunner.runChild(BlockJUnit4ClassRunner.java:70)
	at org.junit.runners.BlockJUnit4ClassRunner.runChild(BlockJUnit4ClassRunner.java:50)
	at org.junit.runners.ParentRunner$3.run(ParentRunner.java:238)
	at org.junit.runners.ParentRunner$1.schedule(ParentRunner.java:63)
	at org.junit.runners.ParentRunner.runChildren(ParentRunner.java:236)
	at org.junit.runners.ParentRunner.access$000(ParentRunner.java:53)
	at org.junit.runners.ParentRunner$2.evaluate(ParentRunner.java:229)
	at org.junit.runners.ParentRunner.run(ParentRunner.java:309)
	at org.junit.runner.JUnitCore.run(JUnitCore.java:160)
	at org.junit.runner.JUnitCore.run(JUnitCore.java:138)
	at utils.sacha.runner.main.TestRunner.run(TestRunner.java:70)
	at fr.inria.spirals.npefix.main.all.DefaultRepairStrategy.run(DefaultRepairStrategy.java:90)
	at fr.inria.spirals.npefix.main.all.Launcher.run(Launcher.java:289)
	at fr.inria.spirals.npefix.main.run.Main.multipleRuns(Main.java:104)
	at fr.inria.spirals.npefix.main.run.Main.run(Main.java:66)
	at fr.inria.spirals.npefix.main.run.Main.main(Main.java:48)
org.apache.wicket.bean.validation.DefaultPropertyResolverTest#booleanHasFieldAndGetter
<No Strat> Status: Ko
[main] WARN org.apache.wicket.core.util.lang.WicketObjects - Could not resolve class [org.apache.wicket.Initializer]
java.lang.ClassNotFoundException: org.apache.wicket.Initializer
	at java.net.URLClassLoader.findClass(URLClassLoader.java:382)
	at java.lang.ClassLoader.loadClass(ClassLoader.java:424)
	at sun.misc.Launcher$AppClassLoader.loadClass(Launcher.java:349)
	at java.lang.ClassLoader.loadClass(ClassLoader.java:357)
	at java.lang.Class.forName0(Native Method)
	at java.lang.Class.forName(Class.java:348)
	at org.apache.wicket.application.AbstractClassResolver.resolveClass(AbstractClassResolver.java:108)
	at org.apache.wicket.core.util.lang.WicketObjects.resolveClass(WicketObjects.java:74)
	at org.apache.wicket.core.util.lang.WicketObjects.newInstance(WicketObjects.java:332)
	at org.apache.wicket.Application.addInitializer(Application.java:575)
	at org.apache.wicket.Application.load(Application.java:614)
	at org.apache.wicket.Application.initializeComponents(Application.java:498)
	at org.apache.wicket.Application.initApplication(Application.java:811)
	at org.apache.wicket.util.tester.BaseWicketTester.<init>(BaseWicketTester.java:290)
	at org.apache.wicket.util.tester.BaseWicketTester.<init>(BaseWicketTester.java:234)
	at org.apache.wicket.util.tester.BaseWicketTester.<init>(BaseWicketTester.java:204)
	at org.apache.wicket.util.tester.WicketTester.<init>(WicketTester.java:179)
	at org.apache.wicket.util.tester.WicketTesterScope.create(WicketTesterScope.java:61)
	at org.apache.wicket.util.tester.WicketTesterScope$1.evaluate(WicketTesterScope.java:40)
	at org.junit.rules.RunRules.evaluate(RunRules.java:20)
	at org.junit.runners.ParentRunner.runLeaf(ParentRunner.java:271)
	at org.junit.runners.BlockJUnit4ClassRunner.runChild(BlockJUnit4ClassRunner.java:70)
	at org.junit.runners.BlockJUnit4ClassRunner.runChild(BlockJUnit4ClassRunner.java:50)
	at org.junit.runners.ParentRunner$3.run(ParentRunner.java:238)
	at org.junit.runners.ParentRunner$1.schedule(ParentRunner.java:63)
	at org.junit.runners.ParentRunner.runChildren(ParentRunner.java:236)
	at org.junit.runners.ParentRunner.access$000(ParentRunner.java:53)
	at org.junit.runners.ParentRunner$2.evaluate(ParentRunner.java:229)
	at org.junit.runners.ParentRunner.run(ParentRunner.java:309)
	at org.junit.runner.JUnitCore.run(JUnitCore.java:160)
	at org.junit.runner.JUnitCore.run(JUnitCore.java:138)
	at utils.sacha.runner.main.TestRunner.run(TestRunner.java:70)
	at fr.inria.spirals.npefix.main.all.DefaultRepairStrategy.run(DefaultRepairStrategy.java:90)
	at fr.inria.spirals.npefix.main.all.Launcher.run(Launcher.java:289)
	at fr.inria.spirals.npefix.main.run.Main.multipleRuns(Main.java:104)
	at fr.inria.spirals.npefix.main.run.Main.run(Main.java:66)
	at fr.inria.spirals.npefix.main.run.Main.main(Main.java:48)
org.apache.wicket.bean.validation.DefaultPropertyResolverTest#hasFieldAndGetter
<No Strat> Status: Ko
[main] WARN org.apache.wicket.core.util.lang.WicketObjects - Could not resolve class [org.apache.wicket.Initializer]
java.lang.ClassNotFoundException: org.apache.wicket.Initializer
	at java.net.URLClassLoader.findClass(URLClassLoader.java:382)
	at java.lang.ClassLoader.loadClass(ClassLoader.java:424)
	at sun.misc.Launcher$AppClassLoader.loadClass(Launcher.java:349)
	at java.lang.ClassLoader.loadClass(ClassLoader.java:357)
	at java.lang.Class.forName0(Native Method)
	at java.lang.Class.forName(Class.java:348)
	at org.apache.wicket.application.AbstractClassResolver.resolveClass(AbstractClassResolver.java:108)
	at org.apache.wicket.core.util.lang.WicketObjects.resolveClass(WicketObjects.java:74)
	at org.apache.wicket.core.util.lang.WicketObjects.newInstance(WicketObjects.java:332)
	at org.apache.wicket.Application.addInitializer(Application.java:575)
	at org.apache.wicket.Application.load(Application.java:614)
	at org.apache.wicket.Application.initializeComponents(Application.java:498)
	at org.apache.wicket.Application.initApplication(Application.java:811)
	at org.apache.wicket.util.tester.BaseWicketTester.<init>(BaseWicketTester.java:290)
	at org.apache.wicket.util.tester.BaseWicketTester.<init>(BaseWicketTester.java:234)
	at org.apache.wicket.util.tester.BaseWicketTester.<init>(BaseWicketTester.java:204)
	at org.apache.wicket.util.tester.WicketTester.<init>(WicketTester.java:179)
	at org.apache.wicket.util.tester.WicketTesterScope.create(WicketTesterScope.java:61)
	at org.apache.wicket.util.tester.WicketTesterScope$1.evaluate(WicketTesterScope.java:40)
	at org.junit.rules.RunRules.evaluate(RunRules.java:20)
	at org.junit.runners.ParentRunner.runLeaf(ParentRunner.java:271)
	at org.junit.runners.BlockJUnit4ClassRunner.runChild(BlockJUnit4ClassRunner.java:70)
	at org.junit.runners.BlockJUnit4ClassRunner.runChild(BlockJUnit4ClassRunner.java:50)
	at org.junit.runners.ParentRunner$3.run(ParentRunner.java:238)
	at org.junit.runners.ParentRunner$1.schedule(ParentRunner.java:63)
	at org.junit.runners.ParentRunner.runChildren(ParentRunner.java:236)
	at org.junit.runners.ParentRunner.access$000(ParentRunner.java:53)
	at org.junit.runners.ParentRunner$2.evaluate(ParentRunner.java:229)
	at org.junit.runners.ParentRunner.run(ParentRunner.java:309)
	at org.junit.runner.JUnitCore.run(JUnitCore.java:160)
	at org.junit.runner.JUnitCore.run(JUnitCore.java:138)
	at utils.sacha.runner.main.TestRunner.run(TestRunner.java:70)
	at fr.inria.spirals.npefix.main.all.DefaultRepairStrategy.run(DefaultRepairStrategy.java:90)
	at fr.inria.spirals.npefix.main.all.Launcher.run(Launcher.java:289)
	at fr.inria.spirals.npefix.main.run.Main.multipleRuns(Main.java:104)
	at fr.inria.spirals.npefix.main.run.Main.run(Main.java:66)
	at fr.inria.spirals.npefix.main.run.Main.main(Main.java:48)
org.apache.wicket.bean.validation.DefaultPropertyResolverTest#hasOnlyField
<No Strat> Status: Ko
[main] WARN org.apache.wicket.core.util.lang.WicketObjects - Could not resolve class [org.apache.wicket.Initializer]
java.lang.ClassNotFoundException: org.apache.wicket.Initializer
	at java.net.URLClassLoader.findClass(URLClassLoader.java:382)
	at java.lang.ClassLoader.loadClass(ClassLoader.java:424)
	at sun.misc.Launcher$AppClassLoader.loadClass(Launcher.java:349)
	at java.lang.ClassLoader.loadClass(ClassLoader.java:357)
	at java.lang.Class.forName0(Native Method)
	at java.lang.Class.forName(Class.java:348)
	at org.apache.wicket.application.AbstractClassResolver.resolveClass(AbstractClassResolver.java:108)
	at org.apache.wicket.core.util.lang.WicketObjects.resolveClass(WicketObjects.java:74)
	at org.apache.wicket.core.util.lang.WicketObjects.newInstance(WicketObjects.java:332)
	at org.apache.wicket.Application.addInitializer(Application.java:575)
	at org.apache.wicket.Application.load(Application.java:614)
	at org.apache.wicket.Application.initializeComponents(Application.java:498)
	at org.apache.wicket.Application.initApplication(Application.java:811)
	at org.apache.wicket.util.tester.BaseWicketTester.<init>(BaseWicketTester.java:290)
	at org.apache.wicket.util.tester.BaseWicketTester.<init>(BaseWicketTester.java:234)
	at org.apache.wicket.util.tester.BaseWicketTester.<init>(BaseWicketTester.java:204)
	at org.apache.wicket.util.tester.WicketTester.<init>(WicketTester.java:179)
	at org.apache.wicket.util.tester.WicketTesterScope.create(WicketTesterScope.java:61)
	at org.apache.wicket.util.tester.WicketTesterScope$1.evaluate(WicketTesterScope.java:40)
	at org.junit.rules.RunRules.evaluate(RunRules.java:20)
	at org.junit.runners.ParentRunner.runLeaf(ParentRunner.java:271)
	at org.junit.runners.BlockJUnit4ClassRunner.runChild(BlockJUnit4ClassRunner.java:70)
	at org.junit.runners.BlockJUnit4ClassRunner.runChild(BlockJUnit4ClassRunner.java:50)
	at org.junit.runners.ParentRunner$3.run(ParentRunner.java:238)
	at org.junit.runners.ParentRunner$1.schedule(ParentRunner.java:63)
	at org.junit.runners.ParentRunner.runChildren(ParentRunner.java:236)
	at org.junit.runners.ParentRunner.access$000(ParentRunner.java:53)
	at org.junit.runners.ParentRunner$2.evaluate(ParentRunner.java:229)
	at org.junit.runners.ParentRunner.run(ParentRunner.java:309)
	at org.junit.runner.JUnitCore.run(JUnitCore.java:160)
	at org.junit.runner.JUnitCore.run(JUnitCore.java:138)
	at utils.sacha.runner.main.TestRunner.run(TestRunner.java:70)
	at fr.inria.spirals.npefix.main.all.DefaultRepairStrategy.run(DefaultRepairStrategy.java:90)
	at fr.inria.spirals.npefix.main.all.Launcher.run(Launcher.java:289)
	at fr.inria.spirals.npefix.main.run.Main.multipleRuns(Main.java:104)
	at fr.inria.spirals.npefix.main.run.Main.run(Main.java:66)
	at fr.inria.spirals.npefix.main.run.Main.main(Main.java:48)
org.apache.wicket.bean.validation.DefaultPropertyResolverTest#hasOnlyGetter
<No Strat> Status: Ko
[main] WARN org.apache.wicket.core.util.lang.WicketObjects - Could not resolve class [org.apache.wicket.Initializer]
java.lang.ClassNotFoundException: org.apache.wicket.Initializer
	at java.net.URLClassLoader.findClass(URLClassLoader.java:382)
	at java.lang.ClassLoader.loadClass(ClassLoader.java:424)
	at sun.misc.Launcher$AppClassLoader.loadClass(Launcher.java:349)
	at java.lang.ClassLoader.loadClass(ClassLoader.java:357)
	at java.lang.Class.forName0(Native Method)
	at java.lang.Class.forName(Class.java:348)
	at org.apache.wicket.application.AbstractClassResolver.resolveClass(AbstractClassResolver.java:108)
	at org.apache.wicket.core.util.lang.WicketObjects.resolveClass(WicketObjects.java:74)
	at org.apache.wicket.core.util.lang.WicketObjects.newInstance(WicketObjects.java:332)
	at org.apache.wicket.Application.addInitializer(Application.java:575)
	at org.apache.wicket.Application.load(Application.java:614)
	at org.apache.wicket.Application.initializeComponents(Application.java:498)
	at org.apache.wicket.Application.initApplication(Application.java:811)
	at org.apache.wicket.util.tester.BaseWicketTester.<init>(BaseWicketTester.java:290)
	at org.apache.wicket.util.tester.BaseWicketTester.<init>(BaseWicketTester.java:234)
	at org.apache.wicket.util.tester.BaseWicketTester.<init>(BaseWicketTester.java:204)
	at org.apache.wicket.util.tester.WicketTester.<init>(WicketTester.java:179)
	at org.apache.wicket.util.tester.WicketTesterScope.create(WicketTesterScope.java:61)
	at org.apache.wicket.util.tester.WicketTesterScope$1.evaluate(WicketTesterScope.java:40)
	at org.junit.rules.RunRules.evaluate(RunRules.java:20)
	at org.junit.runners.ParentRunner.runLeaf(ParentRunner.java:271)
	at org.junit.runners.BlockJUnit4ClassRunner.runChild(BlockJUnit4ClassRunner.java:70)
	at org.junit.runners.BlockJUnit4ClassRunner.runChild(BlockJUnit4ClassRunner.java:50)
	at org.junit.runners.ParentRunner$3.run(ParentRunner.java:238)
	at org.junit.runners.ParentRunner$1.schedule(ParentRunner.java:63)
	at org.junit.runners.ParentRunner.runChildren(ParentRunner.java:236)
	at org.junit.runners.ParentRunner.access$000(ParentRunner.java:53)
	at org.junit.runners.ParentRunner$2.evaluate(ParentRunner.java:229)
	at org.junit.runners.ParentRunner.run(ParentRunner.java:309)
	at org.junit.runner.JUnitCore.run(JUnitCore.java:160)
	at org.junit.runner.JUnitCore.run(JUnitCore.java:138)
	at utils.sacha.runner.main.TestRunner.run(TestRunner.java:70)
	at fr.inria.spirals.npefix.main.all.DefaultRepairStrategy.run(DefaultRepairStrategy.java:90)
	at fr.inria.spirals.npefix.main.all.Launcher.run(Launcher.java:289)
	at fr.inria.spirals.npefix.main.run.Main.multipleRuns(Main.java:104)
	at fr.inria.spirals.npefix.main.run.Main.run(Main.java:66)
	at fr.inria.spirals.npefix.main.run.Main.main(Main.java:48)
org.apache.wicket.bean.validation.DefaultPropertyResolverTest#booleanHasFieldAndGetter
<No Strat> Status: Ko
[main] WARN org.apache.wicket.core.util.lang.WicketObjects - Could not resolve class [org.apache.wicket.Initializer]
java.lang.ClassNotFoundException: org.apache.wicket.Initializer
	at java.net.URLClassLoader.findClass(URLClassLoader.java:382)
	at java.lang.ClassLoader.loadClass(ClassLoader.java:424)
	at sun.misc.Launcher$AppClassLoader.loadClass(Launcher.java:349)
	at java.lang.ClassLoader.loadClass(ClassLoader.java:357)
	at java.lang.Class.forName0(Native Method)
	at java.lang.Class.forName(Class.java:348)
	at org.apache.wicket.application.AbstractClassResolver.resolveClass(AbstractClassResolver.java:108)
	at org.apache.wicket.core.util.lang.WicketObjects.resolveClass(WicketObjects.java:74)
	at org.apache.wicket.core.util.lang.WicketObjects.newInstance(WicketObjects.java:332)
	at org.apache.wicket.Application.addInitializer(Application.java:575)
	at org.apache.wicket.Application.load(Application.java:614)
	at org.apache.wicket.Application.initializeComponents(Application.java:498)
	at org.apache.wicket.Application.initApplication(Application.java:811)
	at org.apache.wicket.util.tester.BaseWicketTester.<init>(BaseWicketTester.java:290)
	at org.apache.wicket.util.tester.BaseWicketTester.<init>(BaseWicketTester.java:234)
	at org.apache.wicket.util.tester.BaseWicketTester.<init>(BaseWicketTester.java:204)
	at org.apache.wicket.util.tester.WicketTester.<init>(WicketTester.java:179)
	at org.apache.wicket.util.tester.WicketTesterScope.create(WicketTesterScope.java:61)
	at org.apache.wicket.util.tester.WicketTesterScope$1.evaluate(WicketTesterScope.java:40)
	at org.junit.rules.RunRules.evaluate(RunRules.java:20)
	at org.junit.runners.ParentRunner.runLeaf(ParentRunner.java:271)
	at org.junit.runners.BlockJUnit4ClassRunner.runChild(BlockJUnit4ClassRunner.java:70)
	at org.junit.runners.BlockJUnit4ClassRunner.runChild(BlockJUnit4ClassRunner.java:50)
	at org.junit.runners.ParentRunner$3.run(ParentRunner.java:238)
	at org.junit.runners.ParentRunner$1.schedule(ParentRunner.java:63)
	at org.junit.runners.ParentRunner.runChildren(ParentRunner.java:236)
	at org.junit.runners.ParentRunner.access$000(ParentRunner.java:53)
	at org.junit.runners.ParentRunner$2.evaluate(ParentRunner.java:229)
	at org.junit.runners.ParentRunner.run(ParentRunner.java:309)
	at org.junit.runner.JUnitCore.run(JUnitCore.java:160)
	at org.junit.runner.JUnitCore.run(JUnitCore.java:138)
	at utils.sacha.runner.main.TestRunner.run(TestRunner.java:70)
	at fr.inria.spirals.npefix.main.all.DefaultRepairStrategy.run(DefaultRepairStrategy.java:90)
	at fr.inria.spirals.npefix.main.all.Launcher.run(Launcher.java:289)
	at fr.inria.spirals.npefix.main.run.Main.multipleRuns(Main.java:104)
	at fr.inria.spirals.npefix.main.run.Main.run(Main.java:66)
	at fr.inria.spirals.npefix.main.run.Main.main(Main.java:48)
org.apache.wicket.bean.validation.DefaultPropertyResolverTest#hasFieldAndGetter
<No Strat> Status: Ko
[main] WARN org.apache.wicket.core.util.lang.WicketObjects - Could not resolve class [org.apache.wicket.Initializer]
java.lang.ClassNotFoundException: org.apache.wicket.Initializer
	at java.net.URLClassLoader.findClass(URLClassLoader.java:382)
	at java.lang.ClassLoader.loadClass(ClassLoader.java:424)
	at sun.misc.Launcher$AppClassLoader.loadClass(Launcher.java:349)
	at java.lang.ClassLoader.loadClass(ClassLoader.java:357)
	at java.lang.Class.forName0(Native Method)
	at java.lang.Class.forName(Class.java:348)
	at org.apache.wicket.application.AbstractClassResolver.resolveClass(AbstractClassResolver.java:108)
	at org.apache.wicket.core.util.lang.WicketObjects.resolveClass(WicketObjects.java:74)
	at org.apache.wicket.core.util.lang.WicketObjects.newInstance(WicketObjects.java:332)
	at org.apache.wicket.Application.addInitializer(Application.java:575)
	at org.apache.wicket.Application.load(Application.java:614)
	at org.apache.wicket.Application.initializeComponents(Application.java:498)
	at org.apache.wicket.Application.initApplication(Application.java:811)
	at org.apache.wicket.util.tester.BaseWicketTester.<init>(BaseWicketTester.java:290)
	at org.apache.wicket.util.tester.BaseWicketTester.<init>(BaseWicketTester.java:234)
	at org.apache.wicket.util.tester.BaseWicketTester.<init>(BaseWicketTester.java:204)
	at org.apache.wicket.util.tester.WicketTester.<init>(WicketTester.java:179)
	at org.apache.wicket.util.tester.WicketTesterScope.create(WicketTesterScope.java:61)
	at org.apache.wicket.util.tester.WicketTesterScope$1.evaluate(WicketTesterScope.java:40)
	at org.junit.rules.RunRules.evaluate(RunRules.java:20)
	at org.junit.runners.ParentRunner.runLeaf(ParentRunner.java:271)
	at org.junit.runners.BlockJUnit4ClassRunner.runChild(BlockJUnit4ClassRunner.java:70)
	at org.junit.runners.BlockJUnit4ClassRunner.runChild(BlockJUnit4ClassRunner.java:50)
	at org.junit.runners.ParentRunner$3.run(ParentRunner.java:238)
	at org.junit.runners.ParentRunner$1.schedule(ParentRunner.java:63)
	at org.junit.runners.ParentRunner.runChildren(ParentRunner.java:236)
	at org.junit.runners.ParentRunner.access$000(ParentRunner.java:53)
	at org.junit.runners.ParentRunner$2.evaluate(ParentRunner.java:229)
	at org.junit.runners.ParentRunner.run(ParentRunner.java:309)
	at org.junit.runner.JUnitCore.run(JUnitCore.java:160)
	at org.junit.runner.JUnitCore.run(JUnitCore.java:138)
	at utils.sacha.runner.main.TestRunner.run(TestRunner.java:70)
	at fr.inria.spirals.npefix.main.all.DefaultRepairStrategy.run(DefaultRepairStrategy.java:90)
	at fr.inria.spirals.npefix.main.all.Launcher.run(Launcher.java:289)
	at fr.inria.spirals.npefix.main.run.Main.multipleRuns(Main.java:104)
	at fr.inria.spirals.npefix.main.run.Main.run(Main.java:66)
	at fr.inria.spirals.npefix.main.run.Main.main(Main.java:48)
org.apache.wicket.bean.validation.DefaultPropertyResolverTest#hasOnlyField
<No Strat> Status: Ko
[main] WARN org.apache.wicket.core.util.lang.WicketObjects - Could not resolve class [org.apache.wicket.Initializer]
java.lang.ClassNotFoundException: org.apache.wicket.Initializer
	at java.net.URLClassLoader.findClass(URLClassLoader.java:382)
	at java.lang.ClassLoader.loadClass(ClassLoader.java:424)
	at sun.misc.Launcher$AppClassLoader.loadClass(Launcher.java:349)
	at java.lang.ClassLoader.loadClass(ClassLoader.java:357)
	at java.lang.Class.forName0(Native Method)
	at java.lang.Class.forName(Class.java:348)
	at org.apache.wicket.application.AbstractClassResolver.resolveClass(AbstractClassResolver.java:108)
	at org.apache.wicket.core.util.lang.WicketObjects.resolveClass(WicketObjects.java:74)
	at org.apache.wicket.core.util.lang.WicketObjects.newInstance(WicketObjects.java:332)
	at org.apache.wicket.Application.addInitializer(Application.java:575)
	at org.apache.wicket.Application.load(Application.java:614)
	at org.apache.wicket.Application.initializeComponents(Application.java:498)
	at org.apache.wicket.Application.initApplication(Application.java:811)
	at org.apache.wicket.util.tester.BaseWicketTester.<init>(BaseWicketTester.java:290)
	at org.apache.wicket.util.tester.BaseWicketTester.<init>(BaseWicketTester.java:234)
	at org.apache.wicket.util.tester.BaseWicketTester.<init>(BaseWicketTester.java:204)
	at org.apache.wicket.util.tester.WicketTester.<init>(WicketTester.java:179)
	at org.apache.wicket.util.tester.WicketTesterScope.create(WicketTesterScope.java:61)
	at org.apache.wicket.util.tester.WicketTesterScope$1.evaluate(WicketTesterScope.java:40)
	at org.junit.rules.RunRules.evaluate(RunRules.java:20)
	at org.junit.runners.ParentRunner.runLeaf(ParentRunner.java:271)
	at org.junit.runners.BlockJUnit4ClassRunner.runChild(BlockJUnit4ClassRunner.java:70)
	at org.junit.runners.BlockJUnit4ClassRunner.runChild(BlockJUnit4ClassRunner.java:50)
	at org.junit.runners.ParentRunner$3.run(ParentRunner.java:238)
	at org.junit.runners.ParentRunner$1.schedule(ParentRunner.java:63)
	at org.junit.runners.ParentRunner.runChildren(ParentRunner.java:236)
	at org.junit.runners.ParentRunner.access$000(ParentRunner.java:53)
	at org.junit.runners.ParentRunner$2.evaluate(ParentRunner.java:229)
	at org.junit.runners.ParentRunner.run(ParentRunner.java:309)
	at org.junit.runner.JUnitCore.run(JUnitCore.java:160)
	at org.junit.runner.JUnitCore.run(JUnitCore.java:138)
	at utils.sacha.runner.main.TestRunner.run(TestRunner.java:70)
	at fr.inria.spirals.npefix.main.all.DefaultRepairStrategy.run(DefaultRepairStrategy.java:90)
	at fr.inria.spirals.npefix.main.all.Launcher.run(Launcher.java:289)
	at fr.inria.spirals.npefix.main.run.Main.multipleRuns(Main.java:104)
	at fr.inria.spirals.npefix.main.run.Main.run(Main.java:66)
	at fr.inria.spirals.npefix.main.run.Main.main(Main.java:48)
org.apache.wicket.bean.validation.DefaultPropertyResolverTest#hasOnlyGetter
<No Strat> Status: Ko
[main] WARN org.apache.wicket.core.util.lang.WicketObjects - Could not resolve class [org.apache.wicket.Initializer]
java.lang.ClassNotFoundException: org.apache.wicket.Initializer
	at java.net.URLClassLoader.findClass(URLClassLoader.java:382)
	at java.lang.ClassLoader.loadClass(ClassLoader.java:424)
	at sun.misc.Launcher$AppClassLoader.loadClass(Launcher.java:349)
	at java.lang.ClassLoader.loadClass(ClassLoader.java:357)
	at java.lang.Class.forName0(Native Method)
	at java.lang.Class.forName(Class.java:348)
	at org.apache.wicket.application.AbstractClassResolver.resolveClass(AbstractClassResolver.java:108)
	at org.apache.wicket.core.util.lang.WicketObjects.resolveClass(WicketObjects.java:74)
	at org.apache.wicket.core.util.lang.WicketObjects.newInstance(WicketObjects.java:332)
	at org.apache.wicket.Application.addInitializer(Application.java:575)
	at org.apache.wicket.Application.load(Application.java:614)
	at org.apache.wicket.Application.initializeComponents(Application.java:498)
	at org.apache.wicket.Application.initApplication(Application.java:811)
	at org.apache.wicket.util.tester.BaseWicketTester.<init>(BaseWicketTester.java:290)
	at org.apache.wicket.util.tester.BaseWicketTester.<init>(BaseWicketTester.java:234)
	at org.apache.wicket.util.tester.BaseWicketTester.<init>(BaseWicketTester.java:204)
	at org.apache.wicket.util.tester.WicketTester.<init>(WicketTester.java:179)
	at org.apache.wicket.util.tester.WicketTesterScope.create(WicketTesterScope.java:61)
	at org.apache.wicket.util.tester.WicketTesterScope$1.evaluate(WicketTesterScope.java:40)
	at org.junit.rules.RunRules.evaluate(RunRules.java:20)
	at org.junit.runners.ParentRunner.runLeaf(ParentRunner.java:271)
	at org.junit.runners.BlockJUnit4ClassRunner.runChild(BlockJUnit4ClassRunner.java:70)
	at org.junit.runners.BlockJUnit4ClassRunner.runChild(BlockJUnit4ClassRunner.java:50)
	at org.junit.runners.ParentRunner$3.run(ParentRunner.java:238)
	at org.junit.runners.ParentRunner$1.schedule(ParentRunner.java:63)
	at org.junit.runners.ParentRunner.runChildren(ParentRunner.java:236)
	at org.junit.runners.ParentRunner.access$000(ParentRunner.java:53)
	at org.junit.runners.ParentRunner$2.evaluate(ParentRunner.java:229)
	at org.junit.runners.ParentRunner.run(ParentRunner.java:309)
	at org.junit.runner.JUnitCore.run(JUnitCore.java:160)
	at org.junit.runner.JUnitCore.run(JUnitCore.java:138)
	at utils.sacha.runner.main.TestRunner.run(TestRunner.java:70)
	at fr.inria.spirals.npefix.main.all.DefaultRepairStrategy.run(DefaultRepairStrategy.java:90)
	at fr.inria.spirals.npefix.main.all.Launcher.run(Launcher.java:289)
	at fr.inria.spirals.npefix.main.run.Main.multipleRuns(Main.java:104)
	at fr.inria.spirals.npefix.main.run.Main.run(Main.java:66)
	at fr.inria.spirals.npefix.main.run.Main.main(Main.java:48)
org.apache.wicket.bean.validation.DefaultPropertyResolverTest#booleanHasFieldAndGetter
<No Strat> Status: Ko
[main] WARN org.apache.wicket.core.util.lang.WicketObjects - Could not resolve class [org.apache.wicket.Initializer]
java.lang.ClassNotFoundException: org.apache.wicket.Initializer
	at java.net.URLClassLoader.findClass(URLClassLoader.java:382)
	at java.lang.ClassLoader.loadClass(ClassLoader.java:424)
	at sun.misc.Launcher$AppClassLoader.loadClass(Launcher.java:349)
	at java.lang.ClassLoader.loadClass(ClassLoader.java:357)
	at java.lang.Class.forName0(Native Method)
	at java.lang.Class.forName(Class.java:348)
	at org.apache.wicket.application.AbstractClassResolver.resolveClass(AbstractClassResolver.java:108)
	at org.apache.wicket.core.util.lang.WicketObjects.resolveClass(WicketObjects.java:74)
	at org.apache.wicket.core.util.lang.WicketObjects.newInstance(WicketObjects.java:332)
	at org.apache.wicket.Application.addInitializer(Application.java:575)
	at org.apache.wicket.Application.load(Application.java:614)
	at org.apache.wicket.Application.initializeComponents(Application.java:498)
	at org.apache.wicket.Application.initApplication(Application.java:811)
	at org.apache.wicket.util.tester.BaseWicketTester.<init>(BaseWicketTester.java:290)
	at org.apache.wicket.util.tester.BaseWicketTester.<init>(BaseWicketTester.java:234)
	at org.apache.wicket.util.tester.BaseWicketTester.<init>(BaseWicketTester.java:204)
	at org.apache.wicket.util.tester.WicketTester.<init>(WicketTester.java:179)
	at org.apache.wicket.util.tester.WicketTesterScope.create(WicketTesterScope.java:61)
	at org.apache.wicket.util.tester.WicketTesterScope$1.evaluate(WicketTesterScope.java:40)
	at org.junit.rules.RunRules.evaluate(RunRules.java:20)
	at org.junit.runners.ParentRunner.runLeaf(ParentRunner.java:271)
	at org.junit.runners.BlockJUnit4ClassRunner.runChild(BlockJUnit4ClassRunner.java:70)
	at org.junit.runners.BlockJUnit4ClassRunner.runChild(BlockJUnit4ClassRunner.java:50)
	at org.junit.runners.ParentRunner$3.run(ParentRunner.java:238)
	at org.junit.runners.ParentRunner$1.schedule(ParentRunner.java:63)
	at org.junit.runners.ParentRunner.runChildren(ParentRunner.java:236)
	at org.junit.runners.ParentRunner.access$000(ParentRunner.java:53)
	at org.junit.runners.ParentRunner$2.evaluate(ParentRunner.java:229)
	at org.junit.runners.ParentRunner.run(ParentRunner.java:309)
	at org.junit.runner.JUnitCore.run(JUnitCore.java:160)
	at org.junit.runner.JUnitCore.run(JUnitCore.java:138)
	at utils.sacha.runner.main.TestRunner.run(TestRunner.java:70)
	at fr.inria.spirals.npefix.main.all.DefaultRepairStrategy.run(DefaultRepairStrategy.java:90)
	at fr.inria.spirals.npefix.main.all.Launcher.run(Launcher.java:289)
	at fr.inria.spirals.npefix.main.run.Main.multipleRuns(Main.java:104)
	at fr.inria.spirals.npefix.main.run.Main.run(Main.java:66)
	at fr.inria.spirals.npefix.main.run.Main.main(Main.java:48)
org.apache.wicket.bean.validation.DefaultPropertyResolverTest#hasFieldAndGetter
<No Strat> Status: Ko
[main] WARN org.apache.wicket.core.util.lang.WicketObjects - Could not resolve class [org.apache.wicket.Initializer]
java.lang.ClassNotFoundException: org.apache.wicket.Initializer
	at java.net.URLClassLoader.findClass(URLClassLoader.java:382)
	at java.lang.ClassLoader.loadClass(ClassLoader.java:424)
	at sun.misc.Launcher$AppClassLoader.loadClass(Launcher.java:349)
	at java.lang.ClassLoader.loadClass(ClassLoader.java:357)
	at java.lang.Class.forName0(Native Method)
	at java.lang.Class.forName(Class.java:348)
	at org.apache.wicket.application.AbstractClassResolver.resolveClass(AbstractClassResolver.java:108)
	at org.apache.wicket.core.util.lang.WicketObjects.resolveClass(WicketObjects.java:74)
	at org.apache.wicket.core.util.lang.WicketObjects.newInstance(WicketObjects.java:332)
	at org.apache.wicket.Application.addInitializer(Application.java:575)
	at org.apache.wicket.Application.load(Application.java:614)
	at org.apache.wicket.Application.initializeComponents(Application.java:498)
	at org.apache.wicket.Application.initApplication(Application.java:811)
	at org.apache.wicket.util.tester.BaseWicketTester.<init>(BaseWicketTester.java:290)
	at org.apache.wicket.util.tester.BaseWicketTester.<init>(BaseWicketTester.java:234)
	at org.apache.wicket.util.tester.BaseWicketTester.<init>(BaseWicketTester.java:204)
	at org.apache.wicket.util.tester.WicketTester.<init>(WicketTester.java:179)
	at org.apache.wicket.util.tester.WicketTesterScope.create(WicketTesterScope.java:61)
	at org.apache.wicket.util.tester.WicketTesterScope$1.evaluate(WicketTesterScope.java:40)
	at org.junit.rules.RunRules.evaluate(RunRules.java:20)
	at org.junit.runners.ParentRunner.runLeaf(ParentRunner.java:271)
	at org.junit.runners.BlockJUnit4ClassRunner.runChild(BlockJUnit4ClassRunner.java:70)
	at org.junit.runners.BlockJUnit4ClassRunner.runChild(BlockJUnit4ClassRunner.java:50)
	at org.junit.runners.ParentRunner$3.run(ParentRunner.java:238)
	at org.junit.runners.ParentRunner$1.schedule(ParentRunner.java:63)
	at org.junit.runners.ParentRunner.runChildren(ParentRunner.java:236)
	at org.junit.runners.ParentRunner.access$000(ParentRunner.java:53)
	at org.junit.runners.ParentRunner$2.evaluate(ParentRunner.java:229)
	at org.junit.runners.ParentRunner.run(ParentRunner.java:309)
	at org.junit.runner.JUnitCore.run(JUnitCore.java:160)
	at org.junit.runner.JUnitCore.run(JUnitCore.java:138)
	at utils.sacha.runner.main.TestRunner.run(TestRunner.java:70)
	at fr.inria.spirals.npefix.main.all.DefaultRepairStrategy.run(DefaultRepairStrategy.java:90)
	at fr.inria.spirals.npefix.main.all.Launcher.run(Launcher.java:289)
	at fr.inria.spirals.npefix.main.run.Main.multipleRuns(Main.java:104)
	at fr.inria.spirals.npefix.main.run.Main.run(Main.java:66)
	at fr.inria.spirals.npefix.main.run.Main.main(Main.java:48)
org.apache.wicket.bean.validation.DefaultPropertyResolverTest#hasOnlyField
<No Strat> Status: Ko
[main] WARN org.apache.wicket.core.util.lang.WicketObjects - Could not resolve class [org.apache.wicket.Initializer]
java.lang.ClassNotFoundException: org.apache.wicket.Initializer
	at java.net.URLClassLoader.findClass(URLClassLoader.java:382)
	at java.lang.ClassLoader.loadClass(ClassLoader.java:424)
	at sun.misc.Launcher$AppClassLoader.loadClass(Launcher.java:349)
	at java.lang.ClassLoader.loadClass(ClassLoader.java:357)
	at java.lang.Class.forName0(Native Method)
	at java.lang.Class.forName(Class.java:348)
	at org.apache.wicket.application.AbstractClassResolver.resolveClass(AbstractClassResolver.java:108)
	at org.apache.wicket.core.util.lang.WicketObjects.resolveClass(WicketObjects.java:74)
	at org.apache.wicket.core.util.lang.WicketObjects.newInstance(WicketObjects.java:332)
	at org.apache.wicket.Application.addInitializer(Application.java:575)
	at org.apache.wicket.Application.load(Application.java:614)
	at org.apache.wicket.Application.initializeComponents(Application.java:498)
	at org.apache.wicket.Application.initApplication(Application.java:811)
	at org.apache.wicket.util.tester.BaseWicketTester.<init>(BaseWicketTester.java:290)
	at org.apache.wicket.util.tester.BaseWicketTester.<init>(BaseWicketTester.java:234)
	at org.apache.wicket.util.tester.BaseWicketTester.<init>(BaseWicketTester.java:204)
	at org.apache.wicket.util.tester.WicketTester.<init>(WicketTester.java:179)
	at org.apache.wicket.util.tester.WicketTesterScope.create(WicketTesterScope.java:61)
	at org.apache.wicket.util.tester.WicketTesterScope$1.evaluate(WicketTesterScope.java:40)
	at org.junit.rules.RunRules.evaluate(RunRules.java:20)
	at org.junit.runners.ParentRunner.runLeaf(ParentRunner.java:271)
	at org.junit.runners.BlockJUnit4ClassRunner.runChild(BlockJUnit4ClassRunner.java:70)
	at org.junit.runners.BlockJUnit4ClassRunner.runChild(BlockJUnit4ClassRunner.java:50)
	at org.junit.runners.ParentRunner$3.run(ParentRunner.java:238)
	at org.junit.runners.ParentRunner$1.schedule(ParentRunner.java:63)
	at org.junit.runners.ParentRunner.runChildren(ParentRunner.java:236)
	at org.junit.runners.ParentRunner.access$000(ParentRunner.java:53)
	at org.junit.runners.ParentRunner$2.evaluate(ParentRunner.java:229)
	at org.junit.runners.ParentRunner.run(ParentRunner.java:309)
	at org.junit.runner.JUnitCore.run(JUnitCore.java:160)
	at org.junit.runner.JUnitCore.run(JUnitCore.java:138)
	at utils.sacha.runner.main.TestRunner.run(TestRunner.java:70)
	at fr.inria.spirals.npefix.main.all.DefaultRepairStrategy.run(DefaultRepairStrategy.java:90)
	at fr.inria.spirals.npefix.main.all.Launcher.run(Launcher.java:289)
	at fr.inria.spirals.npefix.main.run.Main.multipleRuns(Main.java:104)
	at fr.inria.spirals.npefix.main.run.Main.run(Main.java:66)
	at fr.inria.spirals.npefix.main.run.Main.main(Main.java:48)
org.apache.wicket.bean.validation.DefaultPropertyResolverTest#hasOnlyGetter
<No Strat> Status: Ko
[main] WARN org.apache.wicket.core.util.lang.WicketObjects - Could not resolve class [org.apache.wicket.Initializer]
java.lang.ClassNotFoundException: org.apache.wicket.Initializer
	at java.net.URLClassLoader.findClass(URLClassLoader.java:382)
	at java.lang.ClassLoader.loadClass(ClassLoader.java:424)
	at sun.misc.Launcher$AppClassLoader.loadClass(Launcher.java:349)
	at java.lang.ClassLoader.loadClass(ClassLoader.java:357)
	at java.lang.Class.forName0(Native Method)
	at java.lang.Class.forName(Class.java:348)
	at org.apache.wicket.application.AbstractClassResolver.resolveClass(AbstractClassResolver.java:108)
	at org.apache.wicket.core.util.lang.WicketObjects.resolveClass(WicketObjects.java:74)
	at org.apache.wicket.core.util.lang.WicketObjects.newInstance(WicketObjects.java:332)
	at org.apache.wicket.Application.addInitializer(Application.java:575)
	at org.apache.wicket.Application.load(Application.java:614)
	at org.apache.wicket.Application.initializeComponents(Application.java:498)
	at org.apache.wicket.Application.initApplication(Application.java:811)
	at org.apache.wicket.util.tester.BaseWicketTester.<init>(BaseWicketTester.java:290)
	at org.apache.wicket.util.tester.BaseWicketTester.<init>(BaseWicketTester.java:234)
	at org.apache.wicket.util.tester.BaseWicketTester.<init>(BaseWicketTester.java:204)
	at org.apache.wicket.util.tester.WicketTester.<init>(WicketTester.java:179)
	at org.apache.wicket.util.tester.WicketTesterScope.create(WicketTesterScope.java:61)
	at org.apache.wicket.util.tester.WicketTesterScope$1.evaluate(WicketTesterScope.java:40)
	at org.junit.rules.RunRules.evaluate(RunRules.java:20)
	at org.junit.runners.ParentRunner.runLeaf(ParentRunner.java:271)
	at org.junit.runners.BlockJUnit4ClassRunner.runChild(BlockJUnit4ClassRunner.java:70)
	at org.junit.runners.BlockJUnit4ClassRunner.runChild(BlockJUnit4ClassRunner.java:50)
	at org.junit.runners.ParentRunner$3.run(ParentRunner.java:238)
	at org.junit.runners.ParentRunner$1.schedule(ParentRunner.java:63)
	at org.junit.runners.ParentRunner.runChildren(ParentRunner.java:236)
	at org.junit.runners.ParentRunner.access$000(ParentRunner.java:53)
	at org.junit.runners.ParentRunner$2.evaluate(ParentRunner.java:229)
	at org.junit.runners.ParentRunner.run(ParentRunner.java:309)
	at org.junit.runner.JUnitCore.run(JUnitCore.java:160)
	at org.junit.runner.JUnitCore.run(JUnitCore.java:138)
	at utils.sacha.runner.main.TestRunner.run(TestRunner.java:70)
	at fr.inria.spirals.npefix.main.all.DefaultRepairStrategy.run(DefaultRepairStrategy.java:90)
	at fr.inria.spirals.npefix.main.all.Launcher.run(Launcher.java:289)
	at fr.inria.spirals.npefix.main.run.Main.multipleRuns(Main.java:104)
	at fr.inria.spirals.npefix.main.run.Main.run(Main.java:66)
	at fr.inria.spirals.npefix.main.run.Main.main(Main.java:48)
org.apache.wicket.bean.validation.DefaultPropertyResolverTest#booleanHasFieldAndGetter
<No Strat> Status: Ko
[main] WARN org.apache.wicket.core.util.lang.WicketObjects - Could not resolve class [org.apache.wicket.Initializer]
java.lang.ClassNotFoundException: org.apache.wicket.Initializer
	at java.net.URLClassLoader.findClass(URLClassLoader.java:382)
	at java.lang.ClassLoader.loadClass(ClassLoader.java:424)
	at sun.misc.Launcher$AppClassLoader.loadClass(Launcher.java:349)
	at java.lang.ClassLoader.loadClass(ClassLoader.java:357)
	at java.lang.Class.forName0(Native Method)
	at java.lang.Class.forName(Class.java:348)
	at org.apache.wicket.application.AbstractClassResolver.resolveClass(AbstractClassResolver.java:108)
	at org.apache.wicket.core.util.lang.WicketObjects.resolveClass(WicketObjects.java:74)
	at org.apache.wicket.core.util.lang.WicketObjects.newInstance(WicketObjects.java:332)
	at org.apache.wicket.Application.addInitializer(Application.java:575)
	at org.apache.wicket.Application.load(Application.java:614)
	at org.apache.wicket.Application.initializeComponents(Application.java:498)
	at org.apache.wicket.Application.initApplication(Application.java:811)
	at org.apache.wicket.util.tester.BaseWicketTester.<init>(BaseWicketTester.java:290)
	at org.apache.wicket.util.tester.BaseWicketTester.<init>(BaseWicketTester.java:234)
	at org.apache.wicket.util.tester.BaseWicketTester.<init>(BaseWicketTester.java:204)
	at org.apache.wicket.util.tester.WicketTester.<init>(WicketTester.java:179)
	at org.apache.wicket.util.tester.WicketTesterScope.create(WicketTesterScope.java:61)
	at org.apache.wicket.util.tester.WicketTesterScope$1.evaluate(WicketTesterScope.java:40)
	at org.junit.rules.RunRules.evaluate(RunRules.java:20)
	at org.junit.runners.ParentRunner.runLeaf(ParentRunner.java:271)
	at org.junit.runners.BlockJUnit4ClassRunner.runChild(BlockJUnit4ClassRunner.java:70)
	at org.junit.runners.BlockJUnit4ClassRunner.runChild(BlockJUnit4ClassRunner.java:50)
	at org.junit.runners.ParentRunner$3.run(ParentRunner.java:238)
	at org.junit.runners.ParentRunner$1.schedule(ParentRunner.java:63)
	at org.junit.runners.ParentRunner.runChildren(ParentRunner.java:236)
	at org.junit.runners.ParentRunner.access$000(ParentRunner.java:53)
	at org.junit.runners.ParentRunner$2.evaluate(ParentRunner.java:229)
	at org.junit.runners.ParentRunner.run(ParentRunner.java:309)
	at org.junit.runner.JUnitCore.run(JUnitCore.java:160)
	at org.junit.runner.JUnitCore.run(JUnitCore.java:138)
	at utils.sacha.runner.main.TestRunner.run(TestRunner.java:70)
	at fr.inria.spirals.npefix.main.all.DefaultRepairStrategy.run(DefaultRepairStrategy.java:90)
	at fr.inria.spirals.npefix.main.all.Launcher.run(Launcher.java:289)
	at fr.inria.spirals.npefix.main.run.Main.multipleRuns(Main.java:104)
	at fr.inria.spirals.npefix.main.run.Main.run(Main.java:66)
	at fr.inria.spirals.npefix.main.run.Main.main(Main.java:48)
org.apache.wicket.bean.validation.DefaultPropertyResolverTest#hasFieldAndGetter
<No Strat> Status: Ko
[main] WARN org.apache.wicket.core.util.lang.WicketObjects - Could not resolve class [org.apache.wicket.Initializer]
java.lang.ClassNotFoundException: org.apache.wicket.Initializer
	at java.net.URLClassLoader.findClass(URLClassLoader.java:382)
	at java.lang.ClassLoader.loadClass(ClassLoader.java:424)
	at sun.misc.Launcher$AppClassLoader.loadClass(Launcher.java:349)
	at java.lang.ClassLoader.loadClass(ClassLoader.java:357)
	at java.lang.Class.forName0(Native Method)
	at java.lang.Class.forName(Class.java:348)
	at org.apache.wicket.application.AbstractClassResolver.resolveClass(AbstractClassResolver.java:108)
	at org.apache.wicket.core.util.lang.WicketObjects.resolveClass(WicketObjects.java:74)
	at org.apache.wicket.core.util.lang.WicketObjects.newInstance(WicketObjects.java:332)
	at org.apache.wicket.Application.addInitializer(Application.java:575)
	at org.apache.wicket.Application.load(Application.java:614)
	at org.apache.wicket.Application.initializeComponents(Application.java:498)
	at org.apache.wicket.Application.initApplication(Application.java:811)
	at org.apache.wicket.util.tester.BaseWicketTester.<init>(BaseWicketTester.java:290)
	at org.apache.wicket.util.tester.BaseWicketTester.<init>(BaseWicketTester.java:234)
	at org.apache.wicket.util.tester.BaseWicketTester.<init>(BaseWicketTester.java:204)
	at org.apache.wicket.util.tester.WicketTester.<init>(WicketTester.java:179)
	at org.apache.wicket.util.tester.WicketTesterScope.create(WicketTesterScope.java:61)
	at org.apache.wicket.util.tester.WicketTesterScope$1.evaluate(WicketTesterScope.java:40)
	at org.junit.rules.RunRules.evaluate(RunRules.java:20)
	at org.junit.runners.ParentRunner.runLeaf(ParentRunner.java:271)
	at org.junit.runners.BlockJUnit4ClassRunner.runChild(BlockJUnit4ClassRunner.java:70)
	at org.junit.runners.BlockJUnit4ClassRunner.runChild(BlockJUnit4ClassRunner.java:50)
	at org.junit.runners.ParentRunner$3.run(ParentRunner.java:238)
	at org.junit.runners.ParentRunner$1.schedule(ParentRunner.java:63)
	at org.junit.runners.ParentRunner.runChildren(ParentRunner.java:236)
	at org.junit.runners.ParentRunner.access$000(ParentRunner.java:53)
	at org.junit.runners.ParentRunner$2.evaluate(ParentRunner.java:229)
	at org.junit.runners.ParentRunner.run(ParentRunner.java:309)
	at org.junit.runner.JUnitCore.run(JUnitCore.java:160)
	at org.junit.runner.JUnitCore.run(JUnitCore.java:138)
	at utils.sacha.runner.main.TestRunner.run(TestRunner.java:70)
	at fr.inria.spirals.npefix.main.all.DefaultRepairStrategy.run(DefaultRepairStrategy.java:90)
	at fr.inria.spirals.npefix.main.all.Launcher.run(Launcher.java:289)
	at fr.inria.spirals.npefix.main.run.Main.multipleRuns(Main.java:104)
	at fr.inria.spirals.npefix.main.run.Main.run(Main.java:66)
	at fr.inria.spirals.npefix.main.run.Main.main(Main.java:48)
org.apache.wicket.bean.validation.DefaultPropertyResolverTest#hasOnlyField
<No Strat> Status: Ko
[main] WARN org.apache.wicket.core.util.lang.WicketObjects - Could not resolve class [org.apache.wicket.Initializer]
java.lang.ClassNotFoundException: org.apache.wicket.Initializer
	at java.net.URLClassLoader.findClass(URLClassLoader.java:382)
	at java.lang.ClassLoader.loadClass(ClassLoader.java:424)
	at sun.misc.Launcher$AppClassLoader.loadClass(Launcher.java:349)
	at java.lang.ClassLoader.loadClass(ClassLoader.java:357)
	at java.lang.Class.forName0(Native Method)
	at java.lang.Class.forName(Class.java:348)
	at org.apache.wicket.application.AbstractClassResolver.resolveClass(AbstractClassResolver.java:108)
	at org.apache.wicket.core.util.lang.WicketObjects.resolveClass(WicketObjects.java:74)
	at org.apache.wicket.core.util.lang.WicketObjects.newInstance(WicketObjects.java:332)
	at org.apache.wicket.Application.addInitializer(Application.java:575)
	at org.apache.wicket.Application.load(Application.java:614)
	at org.apache.wicket.Application.initializeComponents(Application.java:498)
	at org.apache.wicket.Application.initApplication(Application.java:811)
	at org.apache.wicket.util.tester.BaseWicketTester.<init>(BaseWicketTester.java:290)
	at org.apache.wicket.util.tester.BaseWicketTester.<init>(BaseWicketTester.java:234)
	at org.apache.wicket.util.tester.BaseWicketTester.<init>(BaseWicketTester.java:204)
	at org.apache.wicket.util.tester.WicketTester.<init>(WicketTester.java:179)
	at org.apache.wicket.util.tester.WicketTesterScope.create(WicketTesterScope.java:61)
	at org.apache.wicket.util.tester.WicketTesterScope$1.evaluate(WicketTesterScope.java:40)
	at org.junit.rules.RunRules.evaluate(RunRules.java:20)
	at org.junit.runners.ParentRunner.runLeaf(ParentRunner.java:271)
	at org.junit.runners.BlockJUnit4ClassRunner.runChild(BlockJUnit4ClassRunner.java:70)
	at org.junit.runners.BlockJUnit4ClassRunner.runChild(BlockJUnit4ClassRunner.java:50)
	at org.junit.runners.ParentRunner$3.run(ParentRunner.java:238)
	at org.junit.runners.ParentRunner$1.schedule(ParentRunner.java:63)
	at org.junit.runners.ParentRunner.runChildren(ParentRunner.java:236)
	at org.junit.runners.ParentRunner.access$000(ParentRunner.java:53)
	at org.junit.runners.ParentRunner$2.evaluate(ParentRunner.java:229)
	at org.junit.runners.ParentRunner.run(ParentRunner.java:309)
	at org.junit.runner.JUnitCore.run(JUnitCore.java:160)
	at org.junit.runner.JUnitCore.run(JUnitCore.java:138)
	at utils.sacha.runner.main.TestRunner.run(TestRunner.java:70)
	at fr.inria.spirals.npefix.main.all.DefaultRepairStrategy.run(DefaultRepairStrategy.java:90)
	at fr.inria.spirals.npefix.main.all.Launcher.run(Launcher.java:289)
	at fr.inria.spirals.npefix.main.run.Main.multipleRuns(Main.java:104)
	at fr.inria.spirals.npefix.main.run.Main.run(Main.java:66)
	at fr.inria.spirals.npefix.main.run.Main.main(Main.java:48)
org.apache.wicket.bean.validation.DefaultPropertyResolverTest#hasOnlyGetter
<No Strat> Status: Ko
[main] WARN org.apache.wicket.core.util.lang.WicketObjects - Could not resolve class [org.apache.wicket.Initializer]
java.lang.ClassNotFoundException: org.apache.wicket.Initializer
	at java.net.URLClassLoader.findClass(URLClassLoader.java:382)
	at java.lang.ClassLoader.loadClass(ClassLoader.java:424)
	at sun.misc.Launcher$AppClassLoader.loadClass(Launcher.java:349)
	at java.lang.ClassLoader.loadClass(ClassLoader.java:357)
	at java.lang.Class.forName0(Native Method)
	at java.lang.Class.forName(Class.java:348)
	at org.apache.wicket.application.AbstractClassResolver.resolveClass(AbstractClassResolver.java:108)
	at org.apache.wicket.core.util.lang.WicketObjects.resolveClass(WicketObjects.java:74)
	at org.apache.wicket.core.util.lang.WicketObjects.newInstance(WicketObjects.java:332)
	at org.apache.wicket.Application.addInitializer(Application.java:575)
	at org.apache.wicket.Application.load(Application.java:614)
	at org.apache.wicket.Application.initializeComponents(Application.java:498)
	at org.apache.wicket.Application.initApplication(Application.java:811)
	at org.apache.wicket.util.tester.BaseWicketTester.<init>(BaseWicketTester.java:290)
	at org.apache.wicket.util.tester.BaseWicketTester.<init>(BaseWicketTester.java:234)
	at org.apache.wicket.util.tester.BaseWicketTester.<init>(BaseWicketTester.java:204)
	at org.apache.wicket.util.tester.WicketTester.<init>(WicketTester.java:179)
	at org.apache.wicket.util.tester.WicketTesterScope.create(WicketTesterScope.java:61)
	at org.apache.wicket.util.tester.WicketTesterScope$1.evaluate(WicketTesterScope.java:40)
	at org.junit.rules.RunRules.evaluate(RunRules.java:20)
	at org.junit.runners.ParentRunner.runLeaf(ParentRunner.java:271)
	at org.junit.runners.BlockJUnit4ClassRunner.runChild(BlockJUnit4ClassRunner.java:70)
	at org.junit.runners.BlockJUnit4ClassRunner.runChild(BlockJUnit4ClassRunner.java:50)
	at org.junit.runners.ParentRunner$3.run(ParentRunner.java:238)
	at org.junit.runners.ParentRunner$1.schedule(ParentRunner.java:63)
	at org.junit.runners.ParentRunner.runChildren(ParentRunner.java:236)
	at org.junit.runners.ParentRunner.access$000(ParentRunner.java:53)
	at org.junit.runners.ParentRunner$2.evaluate(ParentRunner.java:229)
	at org.junit.runners.ParentRunner.run(ParentRunner.java:309)
	at org.junit.runner.JUnitCore.run(JUnitCore.java:160)
	at org.junit.runner.JUnitCore.run(JUnitCore.java:138)
	at utils.sacha.runner.main.TestRunner.run(TestRunner.java:70)
	at fr.inria.spirals.npefix.main.all.DefaultRepairStrategy.run(DefaultRepairStrategy.java:90)
	at fr.inria.spirals.npefix.main.all.Launcher.run(Launcher.java:289)
	at fr.inria.spirals.npefix.main.run.Main.multipleRuns(Main.java:104)
	at fr.inria.spirals.npefix.main.run.Main.run(Main.java:66)
	at fr.inria.spirals.npefix.main.run.Main.main(Main.java:48)
org.apache.wicket.bean.validation.DefaultPropertyResolverTest#booleanHasFieldAndGetter
<No Strat> Status: Ko
[main] WARN org.apache.wicket.core.util.lang.WicketObjects - Could not resolve class [org.apache.wicket.Initializer]
java.lang.ClassNotFoundException: org.apache.wicket.Initializer
	at java.net.URLClassLoader.findClass(URLClassLoader.java:382)
	at java.lang.ClassLoader.loadClass(ClassLoader.java:424)
	at sun.misc.Launcher$AppClassLoader.loadClass(Launcher.java:349)
	at java.lang.ClassLoader.loadClass(ClassLoader.java:357)
	at java.lang.Class.forName0(Native Method)
	at java.lang.Class.forName(Class.java:348)
	at org.apache.wicket.application.AbstractClassResolver.resolveClass(AbstractClassResolver.java:108)
	at org.apache.wicket.core.util.lang.WicketObjects.resolveClass(WicketObjects.java:74)
	at org.apache.wicket.core.util.lang.WicketObjects.newInstance(WicketObjects.java:332)
	at org.apache.wicket.Application.addInitializer(Application.java:575)
	at org.apache.wicket.Application.load(Application.java:614)
	at org.apache.wicket.Application.initializeComponents(Application.java:498)
	at org.apache.wicket.Application.initApplication(Application.java:811)
	at org.apache.wicket.util.tester.BaseWicketTester.<init>(BaseWicketTester.java:290)
	at org.apache.wicket.util.tester.BaseWicketTester.<init>(BaseWicketTester.java:234)
	at org.apache.wicket.util.tester.BaseWicketTester.<init>(BaseWicketTester.java:204)
	at org.apache.wicket.util.tester.WicketTester.<init>(WicketTester.java:179)
	at org.apache.wicket.util.tester.WicketTesterScope.create(WicketTesterScope.java:61)
	at org.apache.wicket.util.tester.WicketTesterScope$1.evaluate(WicketTesterScope.java:40)
	at org.junit.rules.RunRules.evaluate(RunRules.java:20)
	at org.junit.runners.ParentRunner.runLeaf(ParentRunner.java:271)
	at org.junit.runners.BlockJUnit4ClassRunner.runChild(BlockJUnit4ClassRunner.java:70)
	at org.junit.runners.BlockJUnit4ClassRunner.runChild(BlockJUnit4ClassRunner.java:50)
	at org.junit.runners.ParentRunner$3.run(ParentRunner.java:238)
	at org.junit.runners.ParentRunner$1.schedule(ParentRunner.java:63)
	at org.junit.runners.ParentRunner.runChildren(ParentRunner.java:236)
	at org.junit.runners.ParentRunner.access$000(ParentRunner.java:53)
	at org.junit.runners.ParentRunner$2.evaluate(ParentRunner.java:229)
	at org.junit.runners.ParentRunner.run(ParentRunner.java:309)
	at org.junit.runner.JUnitCore.run(JUnitCore.java:160)
	at org.junit.runner.JUnitCore.run(JUnitCore.java:138)
	at utils.sacha.runner.main.TestRunner.run(TestRunner.java:70)
	at fr.inria.spirals.npefix.main.all.DefaultRepairStrategy.run(DefaultRepairStrategy.java:90)
	at fr.inria.spirals.npefix.main.all.Launcher.run(Launcher.java:289)
	at fr.inria.spirals.npefix.main.run.Main.multipleRuns(Main.java:104)
	at fr.inria.spirals.npefix.main.run.Main.run(Main.java:66)
	at fr.inria.spirals.npefix.main.run.Main.main(Main.java:48)
org.apache.wicket.bean.validation.DefaultPropertyResolverTest#hasFieldAndGetter
<No Strat> Status: Ko
[main] WARN org.apache.wicket.core.util.lang.WicketObjects - Could not resolve class [org.apache.wicket.Initializer]
java.lang.ClassNotFoundException: org.apache.wicket.Initializer
	at java.net.URLClassLoader.findClass(URLClassLoader.java:382)
	at java.lang.ClassLoader.loadClass(ClassLoader.java:424)
	at sun.misc.Launcher$AppClassLoader.loadClass(Launcher.java:349)
	at java.lang.ClassLoader.loadClass(ClassLoader.java:357)
	at java.lang.Class.forName0(Native Method)
	at java.lang.Class.forName(Class.java:348)
	at org.apache.wicket.application.AbstractClassResolver.resolveClass(AbstractClassResolver.java:108)
	at org.apache.wicket.core.util.lang.WicketObjects.resolveClass(WicketObjects.java:74)
	at org.apache.wicket.core.util.lang.WicketObjects.newInstance(WicketObjects.java:332)
	at org.apache.wicket.Application.addInitializer(Application.java:575)
	at org.apache.wicket.Application.load(Application.java:614)
	at org.apache.wicket.Application.initializeComponents(Application.java:498)
	at org.apache.wicket.Application.initApplication(Application.java:811)
	at org.apache.wicket.util.tester.BaseWicketTester.<init>(BaseWicketTester.java:290)
	at org.apache.wicket.util.tester.BaseWicketTester.<init>(BaseWicketTester.java:234)
	at org.apache.wicket.util.tester.BaseWicketTester.<init>(BaseWicketTester.java:204)
	at org.apache.wicket.util.tester.WicketTester.<init>(WicketTester.java:179)
	at org.apache.wicket.util.tester.WicketTesterScope.create(WicketTesterScope.java:61)
	at org.apache.wicket.util.tester.WicketTesterScope$1.evaluate(WicketTesterScope.java:40)
	at org.junit.rules.RunRules.evaluate(RunRules.java:20)
	at org.junit.runners.ParentRunner.runLeaf(ParentRunner.java:271)
	at org.junit.runners.BlockJUnit4ClassRunner.runChild(BlockJUnit4ClassRunner.java:70)
	at org.junit.runners.BlockJUnit4ClassRunner.runChild(BlockJUnit4ClassRunner.java:50)
	at org.junit.runners.ParentRunner$3.run(ParentRunner.java:238)
	at org.junit.runners.ParentRunner$1.schedule(ParentRunner.java:63)
	at org.junit.runners.ParentRunner.runChildren(ParentRunner.java:236)
	at org.junit.runners.ParentRunner.access$000(ParentRunner.java:53)
	at org.junit.runners.ParentRunner$2.evaluate(ParentRunner.java:229)
	at org.junit.runners.ParentRunner.run(ParentRunner.java:309)
	at org.junit.runner.JUnitCore.run(JUnitCore.java:160)
	at org.junit.runner.JUnitCore.run(JUnitCore.java:138)
	at utils.sacha.runner.main.TestRunner.run(TestRunner.java:70)
	at fr.inria.spirals.npefix.main.all.DefaultRepairStrategy.run(DefaultRepairStrategy.java:90)
	at fr.inria.spirals.npefix.main.all.Launcher.run(Launcher.java:289)
	at fr.inria.spirals.npefix.main.run.Main.multipleRuns(Main.java:104)
	at fr.inria.spirals.npefix.main.run.Main.run(Main.java:66)
	at fr.inria.spirals.npefix.main.run.Main.main(Main.java:48)
org.apache.wicket.bean.validation.DefaultPropertyResolverTest#hasOnlyField
<No Strat> Status: Ko
[main] WARN org.apache.wicket.core.util.lang.WicketObjects - Could not resolve class [org.apache.wicket.Initializer]
java.lang.ClassNotFoundException: org.apache.wicket.Initializer
	at java.net.URLClassLoader.findClass(URLClassLoader.java:382)
	at java.lang.ClassLoader.loadClass(ClassLoader.java:424)
	at sun.misc.Launcher$AppClassLoader.loadClass(Launcher.java:349)
	at java.lang.ClassLoader.loadClass(ClassLoader.java:357)
	at java.lang.Class.forName0(Native Method)
	at java.lang.Class.forName(Class.java:348)
	at org.apache.wicket.application.AbstractClassResolver.resolveClass(AbstractClassResolver.java:108)
	at org.apache.wicket.core.util.lang.WicketObjects.resolveClass(WicketObjects.java:74)
	at org.apache.wicket.core.util.lang.WicketObjects.newInstance(WicketObjects.java:332)
	at org.apache.wicket.Application.addInitializer(Application.java:575)
	at org.apache.wicket.Application.load(Application.java:614)
	at org.apache.wicket.Application.initializeComponents(Application.java:498)
	at org.apache.wicket.Application.initApplication(Application.java:811)
	at org.apache.wicket.util.tester.BaseWicketTester.<init>(BaseWicketTester.java:290)
	at org.apache.wicket.util.tester.BaseWicketTester.<init>(BaseWicketTester.java:234)
	at org.apache.wicket.util.tester.BaseWicketTester.<init>(BaseWicketTester.java:204)
	at org.apache.wicket.util.tester.WicketTester.<init>(WicketTester.java:179)
	at org.apache.wicket.util.tester.WicketTesterScope.create(WicketTesterScope.java:61)
	at org.apache.wicket.util.tester.WicketTesterScope$1.evaluate(WicketTesterScope.java:40)
	at org.junit.rules.RunRules.evaluate(RunRules.java:20)
	at org.junit.runners.ParentRunner.runLeaf(ParentRunner.java:271)
	at org.junit.runners.BlockJUnit4ClassRunner.runChild(BlockJUnit4ClassRunner.java:70)
	at org.junit.runners.BlockJUnit4ClassRunner.runChild(BlockJUnit4ClassRunner.java:50)
	at org.junit.runners.ParentRunner$3.run(ParentRunner.java:238)
	at org.junit.runners.ParentRunner$1.schedule(ParentRunner.java:63)
	at org.junit.runners.ParentRunner.runChildren(ParentRunner.java:236)
	at org.junit.runners.ParentRunner.access$000(ParentRunner.java:53)
	at org.junit.runners.ParentRunner$2.evaluate(ParentRunner.java:229)
	at org.junit.runners.ParentRunner.run(ParentRunner.java:309)
	at org.junit.runner.JUnitCore.run(JUnitCore.java:160)
	at org.junit.runner.JUnitCore.run(JUnitCore.java:138)
	at utils.sacha.runner.main.TestRunner.run(TestRunner.java:70)
	at fr.inria.spirals.npefix.main.all.DefaultRepairStrategy.run(DefaultRepairStrategy.java:90)
	at fr.inria.spirals.npefix.main.all.Launcher.run(Launcher.java:289)
	at fr.inria.spirals.npefix.main.run.Main.multipleRuns(Main.java:104)
	at fr.inria.spirals.npefix.main.run.Main.run(Main.java:66)
	at fr.inria.spirals.npefix.main.run.Main.main(Main.java:48)
org.apache.wicket.bean.validation.DefaultPropertyResolverTest#hasOnlyGetter
<No Strat> Status: Ko
23.39user 0.85system 0:05.91elapsed 410%CPU (0avgtext+0avgdata 433536maxresident)k
19056inputs+688outputs (1major+117681minor)pagefaults 0swaps


Node: petitprince-5.luxembourg.grid5000.fr



Date: Sat Dec 29 06:48:49 EST 2018

