cd /tmp/NPEFix_Bears_FasterXML-jackson-dataformats-text_430357777-445435582;
export JAVA_TOOL_OPTIONS="-Dfile.encoding=UTF8 -Duser.language=en-US -Duser.country=US -Duser.language=en";
TZ="America/New_York"; export TZ;
export PATH="/usr/lib/jvm/java-1.8.0-openjdk-amd64/bin/:$PATH";
export JAVA_HOME="/usr/lib/jvm/java-1.8.0-openjdk-amd64/bin/";
time java -Xmx4048m -cp /home/tdurieux/RepairThemAll/script/../repair_tools/npefix.jar fr.inria.spirals.npefix.main.run.Main \
    --test com.fasterxml.jackson.dataformat.yaml.ser.GeneratorAutoCloseTest \
    --iteration 100 \
	--complianceLevel 8 \
	--workingdirectory . \
	--source yaml/src/main/java \
	--classpath yaml/target/classes:yaml/target/test-classes:/tmp/NPEFix_Bears_FasterXML-jackson-dataformats-text_430357777-445435582/csv/target/classes:/tmp/NPEFix_Bears_FasterXML-jackson-dataformats-text_430357777-445435582/properties/target/classes:/home/tdurieux/.m2/repository/com/fasterxml/jackson/core/jackson-databind/2.9.7/jackson-databind-2.9.7.jar:/home/tdurieux/.m2/repository/org/yaml/snakeyaml/1.23/snakeyaml-1.23.jar:/home/tdurieux/.m2/repository/com/fasterxml/jackson/core/jackson-core/2.9.7/jackson-core-2.9.7.jar:/home/tdurieux/.m2/repository/junit/junit/4.12/junit-4.12.jar:/home/tdurieux/.m2/repository/com/fasterxml/jackson/core/jackson-annotations/2.9.0/jackson-annotations-2.9.0.jar:/home/tdurieux/.m2/repository/org/hamcrest/hamcrest-core/1.3/hamcrest-core-1.3.jar:/home/tdurieux/.m2/repository/com/google/guava/guava/16.0.1/guava-16.0.1.jar;
	echo "\n\nNode: `hostname`\n";
	echo "\n\nDate: `date`\n";
Picked up JAVA_TOOL_OPTIONS: -Dfile.encoding=UTF8 -Duser.language=en-US -Duser.country=US -Duser.language=en
TernarySplitter  in 33ms
boolean implicit = yamlTag == null
boolean implicit = yamlTag == null
super((in == null ? new Object() : in))
CheckNotNull  in 168ms
ForceNullInit in 18ms
AddImplicitCastChecker --> 0 in 26ms
if ("float".equals(typeTag)) {
    _numTypesValid = 0;
    return _cleanYamlFloat(value);
}-->"float".equals(typeTag)
java.lang.NullPointerException
	at fr.inria.spirals.npefix.transformer.processors.BeforeDerefAdder.process(BeforeDerefAdder.java:175)
	at fr.inria.spirals.npefix.transformer.processors.BeforeDerefAdder.process(BeforeDerefAdder.java:60)
	at spoon.support.visitor.ProcessingVisitor.scan(ProcessingVisitor.java:81)
	at spoon.reflect.visitor.CtScanner.scan(CtScanner.java:157)
	at spoon.reflect.visitor.CtScanner.visitCtIf(CtScanner.java:473)
	at spoon.support.reflect.code.CtIfImpl.accept(CtIfImpl.java:46)
	at spoon.reflect.visitor.CtScanner.scan(CtScanner.java:165)
	at spoon.support.visitor.ProcessingVisitor.scan(ProcessingVisitor.java:77)
	at spoon.reflect.visitor.CtScanner.scan(CtScanner.java:157)
	at spoon.reflect.visitor.CtScanner.scan(CtScanner.java:141)
	at spoon.reflect.visitor.CtScanner.visitCtBlock(CtScanner.java:291)
	at spoon.support.reflect.code.CtBlockImpl.accept(CtBlockImpl.java:48)
	at spoon.reflect.visitor.CtScanner.scan(CtScanner.java:165)
	at spoon.support.visitor.ProcessingVisitor.scan(ProcessingVisitor.java:77)
	at spoon.reflect.visitor.CtScanner.scan(CtScanner.java:157)
	at spoon.reflect.visitor.CtScanner.visitCtIf(CtScanner.java:475)
	at spoon.support.reflect.code.CtIfImpl.accept(CtIfImpl.java:46)
	at spoon.reflect.visitor.CtScanner.scan(CtScanner.java:165)
	at spoon.support.visitor.ProcessingVisitor.scan(ProcessingVisitor.java:77)
	at spoon.reflect.visitor.CtScanner.scan(CtScanner.java:157)
	at spoon.reflect.visitor.CtScanner.scan(CtScanner.java:141)
	at spoon.reflect.visitor.CtScanner.visitCtBlock(CtScanner.java:291)
	at spoon.support.reflect.code.CtBlockImpl.accept(CtBlockImpl.java:48)
	at spoon.reflect.visitor.CtScanner.scan(CtScanner.java:165)
	at spoon.support.visitor.ProcessingVisitor.scan(ProcessingVisitor.java:77)
	at spoon.reflect.visitor.CtScanner.scan(CtScanner.java:157)
	at spoon.reflect.visitor.CtScanner.visitCtIf(CtScanner.java:475)
	at spoon.support.reflect.code.CtIfImpl.accept(CtIfImpl.java:46)
	at spoon.reflect.visitor.CtScanner.scan(CtScanner.java:165)
	at spoon.support.visitor.ProcessingVisitor.scan(ProcessingVisitor.java:77)
	at spoon.reflect.visitor.CtScanner.scan(CtScanner.java:157)
	at spoon.reflect.visitor.CtScanner.scan(CtScanner.java:141)
	at spoon.reflect.visitor.CtScanner.visitCtBlock(CtScanner.java:291)
	at spoon.support.reflect.code.CtBlockImpl.accept(CtBlockImpl.java:48)
	at spoon.reflect.visitor.CtScanner.scan(CtScanner.java:165)
	at spoon.support.visitor.ProcessingVisitor.scan(ProcessingVisitor.java:77)
	at spoon.reflect.visitor.CtScanner.scan(CtScanner.java:157)
	at spoon.reflect.visitor.CtScanner.visitCtMethod(CtScanner.java:549)
	at spoon.support.reflect.declaration.CtMethodImpl.accept(CtMethodImpl.java:70)
	at spoon.reflect.visitor.CtScanner.scan(CtScanner.java:165)
	at spoon.support.visitor.ProcessingVisitor.scan(ProcessingVisitor.java:77)
	at spoon.reflect.visitor.CtScanner.scan(CtScanner.java:157)
	at spoon.reflect.visitor.CtScanner.scan(CtScanner.java:141)
	at spoon.reflect.visitor.CtScanner.visitCtClass(CtScanner.java:327)
	at spoon.support.reflect.declaration.CtClassImpl.accept(CtClassImpl.java:68)
	at spoon.reflect.visitor.CtScanner.scan(CtScanner.java:165)
	at spoon.support.visitor.ProcessingVisitor.scan(ProcessingVisitor.java:77)
	at spoon.support.QueueProcessingManager.process(QueueProcessingManager.java:119)
	at fr.inria.spirals.npefix.main.all.Launcher.instrument(Launcher.java:105)
	at fr.inria.spirals.npefix.main.run.Main.run(Main.java:61)
	at fr.inria.spirals.npefix.main.run.Main.main(Main.java:48)
if ("0".equals(value)) {
    _numberNegative = false;
    _numberInt = 0;
    _numTypesValid = ParserMinimalBase.NR_INT;
    return JsonToken.VALUE_NUMBER_INT;
}-->"0".equals(value)
java.lang.NullPointerException
	at fr.inria.spirals.npefix.transformer.processors.BeforeDerefAdder.process(BeforeDerefAdder.java:175)
	at fr.inria.spirals.npefix.transformer.processors.BeforeDerefAdder.process(BeforeDerefAdder.java:60)
	at spoon.support.visitor.ProcessingVisitor.scan(ProcessingVisitor.java:81)
	at spoon.reflect.visitor.CtScanner.scan(CtScanner.java:157)
	at spoon.reflect.visitor.CtScanner.visitCtIf(CtScanner.java:473)
	at spoon.support.reflect.code.CtIfImpl.accept(CtIfImpl.java:46)
	at spoon.reflect.visitor.CtScanner.scan(CtScanner.java:165)
	at spoon.support.visitor.ProcessingVisitor.scan(ProcessingVisitor.java:77)
	at spoon.reflect.visitor.CtScanner.scan(CtScanner.java:157)
	at spoon.reflect.visitor.CtScanner.scan(CtScanner.java:141)
	at spoon.reflect.visitor.CtScanner.visitCtBlock(CtScanner.java:291)
	at spoon.support.reflect.code.CtBlockImpl.accept(CtBlockImpl.java:48)
	at spoon.reflect.visitor.CtScanner.scan(CtScanner.java:165)
	at spoon.support.visitor.ProcessingVisitor.scan(ProcessingVisitor.java:77)
	at spoon.reflect.visitor.CtScanner.scan(CtScanner.java:157)
	at spoon.reflect.visitor.CtScanner.visitCtMethod(CtScanner.java:549)
	at spoon.support.reflect.declaration.CtMethodImpl.accept(CtMethodImpl.java:70)
	at spoon.reflect.visitor.CtScanner.scan(CtScanner.java:165)
	at spoon.support.visitor.ProcessingVisitor.scan(ProcessingVisitor.java:77)
	at spoon.reflect.visitor.CtScanner.scan(CtScanner.java:157)
	at spoon.reflect.visitor.CtScanner.scan(CtScanner.java:141)
	at spoon.reflect.visitor.CtScanner.visitCtClass(CtScanner.java:327)
	at spoon.support.reflect.declaration.CtClassImpl.accept(CtClassImpl.java:68)
	at spoon.reflect.visitor.CtScanner.scan(CtScanner.java:165)
	at spoon.support.visitor.ProcessingVisitor.scan(ProcessingVisitor.java:77)
	at spoon.support.QueueProcessingManager.process(QueueProcessingManager.java:119)
	at fr.inria.spirals.npefix.main.all.Launcher.instrument(Launcher.java:105)
	at fr.inria.spirals.npefix.main.run.Main.run(Main.java:61)
	at fr.inria.spirals.npefix.main.run.Main.main(Main.java:48)
if (YAMLParser.PATTERN_FLOAT.matcher(value).matches()) {
    _numTypesValid = 0;
    return _cleanYamlFloat(_textValue);
}-->YAMLParser.PATTERN_FLOAT.matcher(value)
java.lang.NullPointerException
	at fr.inria.spirals.npefix.transformer.processors.BeforeDerefAdder.process(BeforeDerefAdder.java:175)
	at fr.inria.spirals.npefix.transformer.processors.BeforeDerefAdder.process(BeforeDerefAdder.java:60)
	at spoon.support.visitor.ProcessingVisitor.scan(ProcessingVisitor.java:81)
	at spoon.reflect.visitor.CtScanner.scan(CtScanner.java:157)
	at spoon.reflect.visitor.CtScanner.visitCtInvocation(CtScanner.java:494)
	at spoon.support.reflect.code.CtInvocationImpl.accept(CtInvocationImpl.java:56)
	at spoon.reflect.visitor.CtScanner.scan(CtScanner.java:165)
	at spoon.support.visitor.ProcessingVisitor.scan(ProcessingVisitor.java:77)
	at spoon.reflect.visitor.CtScanner.scan(CtScanner.java:157)
	at spoon.reflect.visitor.CtScanner.visitCtIf(CtScanner.java:473)
	at spoon.support.reflect.code.CtIfImpl.accept(CtIfImpl.java:46)
	at spoon.reflect.visitor.CtScanner.scan(CtScanner.java:165)
	at spoon.support.visitor.ProcessingVisitor.scan(ProcessingVisitor.java:77)
	at spoon.reflect.visitor.CtScanner.scan(CtScanner.java:157)
	at spoon.reflect.visitor.CtScanner.scan(CtScanner.java:141)
	at spoon.reflect.visitor.CtScanner.visitCtBlock(CtScanner.java:291)
	at spoon.support.reflect.code.CtBlockImpl.accept(CtBlockImpl.java:48)
	at spoon.reflect.visitor.CtScanner.scan(CtScanner.java:165)
	at spoon.support.visitor.ProcessingVisitor.scan(ProcessingVisitor.java:77)
	at spoon.reflect.visitor.CtScanner.scan(CtScanner.java:157)
	at spoon.reflect.visitor.CtScanner.visitCtMethod(CtScanner.java:549)
	at spoon.support.reflect.declaration.CtMethodImpl.accept(CtMethodImpl.java:70)
	at spoon.reflect.visitor.CtScanner.scan(CtScanner.java:165)
	at spoon.support.visitor.ProcessingVisitor.scan(ProcessingVisitor.java:77)
	at spoon.reflect.visitor.CtScanner.scan(CtScanner.java:157)
	at spoon.reflect.visitor.CtScanner.scan(CtScanner.java:141)
	at spoon.reflect.visitor.CtScanner.visitCtClass(CtScanner.java:327)
	at spoon.support.reflect.declaration.CtClassImpl.accept(CtClassImpl.java:68)
	at spoon.reflect.visitor.CtScanner.scan(CtScanner.java:165)
	at spoon.support.visitor.ProcessingVisitor.scan(ProcessingVisitor.java:77)
	at spoon.support.QueueProcessingManager.process(QueueProcessingManager.java:119)
	at fr.inria.spirals.npefix.main.all.Launcher.instrument(Launcher.java:105)
	at fr.inria.spirals.npefix.main.run.Main.run(Main.java:61)
	at fr.inria.spirals.npefix.main.run.Main.main(Main.java:48)
if (YAMLParser.PATTERN_FLOAT.matcher(value).matches()) {
    _numTypesValid = 0;
    return _cleanYamlFloat(_textValue);
}-->YAMLParser.PATTERN_FLOAT.matcher(value).matches()
java.lang.NullPointerException
	at fr.inria.spirals.npefix.transformer.processors.BeforeDerefAdder.process(BeforeDerefAdder.java:175)
	at fr.inria.spirals.npefix.transformer.processors.BeforeDerefAdder.process(BeforeDerefAdder.java:60)
	at spoon.support.visitor.ProcessingVisitor.scan(ProcessingVisitor.java:81)
	at spoon.reflect.visitor.CtScanner.scan(CtScanner.java:157)
	at spoon.reflect.visitor.CtScanner.visitCtIf(CtScanner.java:473)
	at spoon.support.reflect.code.CtIfImpl.accept(CtIfImpl.java:46)
	at spoon.reflect.visitor.CtScanner.scan(CtScanner.java:165)
	at spoon.support.visitor.ProcessingVisitor.scan(ProcessingVisitor.java:77)
	at spoon.reflect.visitor.CtScanner.scan(CtScanner.java:157)
	at spoon.reflect.visitor.CtScanner.scan(CtScanner.java:141)
	at spoon.reflect.visitor.CtScanner.visitCtBlock(CtScanner.java:291)
	at spoon.support.reflect.code.CtBlockImpl.accept(CtBlockImpl.java:48)
	at spoon.reflect.visitor.CtScanner.scan(CtScanner.java:165)
	at spoon.support.visitor.ProcessingVisitor.scan(ProcessingVisitor.java:77)
	at spoon.reflect.visitor.CtScanner.scan(CtScanner.java:157)
	at spoon.reflect.visitor.CtScanner.visitCtMethod(CtScanner.java:549)
	at spoon.support.reflect.declaration.CtMethodImpl.accept(CtMethodImpl.java:70)
	at spoon.reflect.visitor.CtScanner.scan(CtScanner.java:165)
	at spoon.support.visitor.ProcessingVisitor.scan(ProcessingVisitor.java:77)
	at spoon.reflect.visitor.CtScanner.scan(CtScanner.java:157)
	at spoon.reflect.visitor.CtScanner.scan(CtScanner.java:141)
	at spoon.reflect.visitor.CtScanner.visitCtClass(CtScanner.java:327)
	at spoon.support.reflect.declaration.CtClassImpl.accept(CtClassImpl.java:68)
	at spoon.reflect.visitor.CtScanner.scan(CtScanner.java:165)
	at spoon.support.visitor.ProcessingVisitor.scan(ProcessingVisitor.java:77)
	at spoon.support.QueueProcessingManager.process(QueueProcessingManager.java:119)
	at fr.inria.spirals.npefix.main.all.Launcher.instrument(Launcher.java:105)
	at fr.inria.spirals.npefix.main.run.Main.run(Main.java:61)
	at fr.inria.spirals.npefix.main.run.Main.main(Main.java:48)
if ((len == 19) && ((n.bitLength()) <= 63)) {
    _numberLong = n.longValue();
    _numTypesValid = ParserMinimalBase.NR_LONG;
    return ;
}-->(n.bitLength())
java.lang.NullPointerException
	at fr.inria.spirals.npefix.transformer.processors.BeforeDerefAdder.process(BeforeDerefAdder.java:175)
	at fr.inria.spirals.npefix.transformer.processors.BeforeDerefAdder.process(BeforeDerefAdder.java:60)
	at spoon.support.visitor.ProcessingVisitor.scan(ProcessingVisitor.java:81)
	at spoon.reflect.visitor.CtScanner.scan(CtScanner.java:157)
	at spoon.reflect.visitor.CtScanner.visitCtBinaryOperator(CtScanner.java:282)
	at spoon.support.reflect.code.CtBinaryOperatorImpl.accept(CtBinaryOperatorImpl.java:44)
	at spoon.reflect.visitor.CtScanner.scan(CtScanner.java:165)
	at spoon.support.visitor.ProcessingVisitor.scan(ProcessingVisitor.java:77)
	at spoon.reflect.visitor.CtScanner.scan(CtScanner.java:157)
	at spoon.reflect.visitor.CtScanner.visitCtBinaryOperator(CtScanner.java:283)
	at spoon.support.reflect.code.CtBinaryOperatorImpl.accept(CtBinaryOperatorImpl.java:44)
	at spoon.reflect.visitor.CtScanner.scan(CtScanner.java:165)
	at spoon.support.visitor.ProcessingVisitor.scan(ProcessingVisitor.java:77)
	at spoon.reflect.visitor.CtScanner.scan(CtScanner.java:157)
	at spoon.reflect.visitor.CtScanner.visitCtIf(CtScanner.java:473)
	at spoon.support.reflect.code.CtIfImpl.accept(CtIfImpl.java:46)
	at spoon.reflect.visitor.CtScanner.scan(CtScanner.java:165)
	at spoon.support.visitor.ProcessingVisitor.scan(ProcessingVisitor.java:77)
	at spoon.reflect.visitor.CtScanner.scan(CtScanner.java:157)
	at spoon.reflect.visitor.CtScanner.scan(CtScanner.java:141)
	at spoon.reflect.visitor.CtScanner.visitCtBlock(CtScanner.java:291)
	at spoon.support.reflect.code.CtBlockImpl.accept(CtBlockImpl.java:48)
	at spoon.reflect.visitor.CtScanner.scan(CtScanner.java:165)
	at spoon.support.visitor.ProcessingVisitor.scan(ProcessingVisitor.java:77)
	at spoon.reflect.visitor.CtScanner.scan(CtScanner.java:157)
	at spoon.reflect.visitor.CtScanner.visitCtTry(CtScanner.java:712)
	at spoon.support.reflect.code.CtTryImpl.accept(CtTryImpl.java:53)
	at spoon.reflect.visitor.CtScanner.scan(CtScanner.java:165)
	at spoon.support.visitor.ProcessingVisitor.scan(ProcessingVisitor.java:77)
	at spoon.reflect.visitor.CtScanner.scan(CtScanner.java:157)
	at spoon.reflect.visitor.CtScanner.scan(CtScanner.java:141)
	at spoon.reflect.visitor.CtScanner.visitCtBlock(CtScanner.java:291)
	at spoon.support.reflect.code.CtBlockImpl.accept(CtBlockImpl.java:48)
	at spoon.reflect.visitor.CtScanner.scan(CtScanner.java:165)
	at spoon.support.visitor.ProcessingVisitor.scan(ProcessingVisitor.java:77)
	at spoon.reflect.visitor.CtScanner.scan(CtScanner.java:157)
	at spoon.reflect.visitor.CtScanner.visitCtIf(CtScanner.java:474)
	at spoon.support.reflect.code.CtIfImpl.accept(CtIfImpl.java:46)
	at spoon.reflect.visitor.CtScanner.scan(CtScanner.java:165)
	at spoon.support.visitor.ProcessingVisitor.scan(ProcessingVisitor.java:77)
	at spoon.reflect.visitor.CtScanner.scan(CtScanner.java:157)
	at spoon.reflect.visitor.CtScanner.scan(CtScanner.java:141)
	at spoon.reflect.visitor.CtScanner.visitCtBlock(CtScanner.java:291)
	at spoon.support.reflect.code.CtBlockImpl.accept(CtBlockImpl.java:48)
	at spoon.reflect.visitor.CtScanner.scan(CtScanner.java:165)
	at spoon.support.visitor.ProcessingVisitor.scan(ProcessingVisitor.java:77)
	at spoon.reflect.visitor.CtScanner.scan(CtScanner.java:157)
	at spoon.reflect.visitor.CtScanner.visitCtMethod(CtScanner.java:549)
	at spoon.support.reflect.declaration.CtMethodImpl.accept(CtMethodImpl.java:70)
	at spoon.reflect.visitor.CtScanner.scan(CtScanner.java:165)
	at spoon.support.visitor.ProcessingVisitor.scan(ProcessingVisitor.java:77)
	at spoon.reflect.visitor.CtScanner.scan(CtScanner.java:157)
	at spoon.reflect.visitor.CtScanner.scan(CtScanner.java:141)
	at spoon.reflect.visitor.CtScanner.visitCtClass(CtScanner.java:327)
	at spoon.support.reflect.declaration.CtClassImpl.accept(CtClassImpl.java:68)
	at spoon.reflect.visitor.CtScanner.scan(CtScanner.java:165)
	at spoon.support.visitor.ProcessingVisitor.scan(ProcessingVisitor.java:77)
	at spoon.support.QueueProcessingManager.process(QueueProcessingManager.java:119)
	at fr.inria.spirals.npefix.main.all.Launcher.instrument(Launcher.java:105)
	at fr.inria.spirals.npefix.main.run.Main.run(Main.java:61)
	at fr.inria.spirals.npefix.main.run.Main.main(Main.java:48)
BeforeDeref --> 234 (failed:5) in 109ms
target--> 256 (failed:0) in 377ms
TryRegister # Try: 4 in 18ms
Assign --> 292 (failed: 0) in 216ms
VarInit --> 85 in 46ms
MethodEncapsulation # Method: 185 in 358ms
ConstructorEncapsulation # Constructor: 17 in 64ms
VariableFor in 36ms
RMI Selector (Host: 127.0.0.1, Port: 10000): KO
com.fasterxml.jackson.dataformat.yaml.ser.GeneratorAutoCloseTest#testGenerateWriterWithoutAutoCloseTarget
<No Strat> Status: Ko
com.fasterxml.jackson.dataformat.yaml.ser.GeneratorAutoCloseTest#testGenerateOutputStreamWithoutAutoCloseTarget
<No Strat> Status: Ko
com.fasterxml.jackson.dataformat.yaml.ser.GeneratorAutoCloseTest#testGenerateOutputStreamWithoutAutoCloseTargetOnFactory
<No Strat> Status: Ko
com.fasterxml.jackson.dataformat.yaml.ser.GeneratorAutoCloseTest#testGenerateWriterWithoAutoCloseTarget
<No Strat> Status: Ok
com.fasterxml.jackson.dataformat.yaml.ser.GeneratorAutoCloseTest#testGenerateOutputStreamWithAutoCloseTarget
<No Strat> Status: Ok
Multirun 5/100 5%
com.fasterxml.jackson.dataformat.yaml.ser.GeneratorAutoCloseTest#testGenerateWriterWithoutAutoCloseTarget
<No Strat> Status: Ko
com.fasterxml.jackson.dataformat.yaml.ser.GeneratorAutoCloseTest#testGenerateOutputStreamWithoutAutoCloseTarget
<No Strat> Status: Ko
com.fasterxml.jackson.dataformat.yaml.ser.GeneratorAutoCloseTest#testGenerateOutputStreamWithoutAutoCloseTargetOnFactory
<No Strat> Status: Ko
com.fasterxml.jackson.dataformat.yaml.ser.GeneratorAutoCloseTest#testGenerateWriterWithoutAutoCloseTarget
<No Strat> Status: Ko
com.fasterxml.jackson.dataformat.yaml.ser.GeneratorAutoCloseTest#testGenerateOutputStreamWithoutAutoCloseTarget
<No Strat> Status: Ko
com.fasterxml.jackson.dataformat.yaml.ser.GeneratorAutoCloseTest#testGenerateOutputStreamWithoutAutoCloseTargetOnFactory
<No Strat> Status: Ko
com.fasterxml.jackson.dataformat.yaml.ser.GeneratorAutoCloseTest#testGenerateWriterWithoutAutoCloseTarget
<No Strat> Status: Ko
com.fasterxml.jackson.dataformat.yaml.ser.GeneratorAutoCloseTest#testGenerateOutputStreamWithoutAutoCloseTarget
<No Strat> Status: Ko
com.fasterxml.jackson.dataformat.yaml.ser.GeneratorAutoCloseTest#testGenerateOutputStreamWithoutAutoCloseTargetOnFactory
<No Strat> Status: Ko
com.fasterxml.jackson.dataformat.yaml.ser.GeneratorAutoCloseTest#testGenerateWriterWithoutAutoCloseTarget
<No Strat> Status: Ko
com.fasterxml.jackson.dataformat.yaml.ser.GeneratorAutoCloseTest#testGenerateOutputStreamWithoutAutoCloseTarget
<No Strat> Status: Ko
com.fasterxml.jackson.dataformat.yaml.ser.GeneratorAutoCloseTest#testGenerateOutputStreamWithoutAutoCloseTargetOnFactory
<No Strat> Status: Ko
com.fasterxml.jackson.dataformat.yaml.ser.GeneratorAutoCloseTest#testGenerateWriterWithoutAutoCloseTarget
<No Strat> Status: Ko
com.fasterxml.jackson.dataformat.yaml.ser.GeneratorAutoCloseTest#testGenerateOutputStreamWithoutAutoCloseTarget
<No Strat> Status: Ko
com.fasterxml.jackson.dataformat.yaml.ser.GeneratorAutoCloseTest#testGenerateOutputStreamWithoutAutoCloseTargetOnFactory
<No Strat> Status: Ko
com.fasterxml.jackson.dataformat.yaml.ser.GeneratorAutoCloseTest#testGenerateWriterWithoutAutoCloseTarget
<No Strat> Status: Ko
com.fasterxml.jackson.dataformat.yaml.ser.GeneratorAutoCloseTest#testGenerateOutputStreamWithoutAutoCloseTarget
<No Strat> Status: Ko
com.fasterxml.jackson.dataformat.yaml.ser.GeneratorAutoCloseTest#testGenerateOutputStreamWithoutAutoCloseTargetOnFactory
<No Strat> Status: Ko
34.54user 0.86system 0:12.27elapsed 288%CPU (0avgtext+0avgdata 979512maxresident)k
21088inputs+1624outputs (1major+252564minor)pagefaults 0swaps


Node: suno-14.sophia.grid5000.fr



Date: Wed Dec 26 12:21:04 EST 2018

