cd /tmp/DynaMoth_IntroClassJava_grade_cd2d9b5b5cff96b07c5b22c0d139ffa2aa36b01823c9eb4db6eca19065a0ce2c4d2516bfcc2f1bc95daeae5b0bbd5e9c15b83feda776735e7bc3de6c49d25144_009;
export JAVA_TOOL_OPTIONS="-Dfile.encoding=UTF8 -Duser.language=en-US -Duser.country=US -Duser.language=en";
TZ="America/New_York"; export TZ;
export PATH="/usr/lib/jvm/java-1.8.0-openjdk-amd64/bin/:$PATH";
export JAVA_HOME="/usr/lib/jvm/java-1.8.0-openjdk-amd64/bin/";
time java -Xmx4048m -cp /home/tdurieux/RepairThemAll/script/../repair_tools/nopol.jar:/usr/lib/jvm/java-1.8.0-openjdk-amd64/bin//../lib/tools.jar fr.inria.lille.repair.Main \
	--mode repair \
	--type pre_then_cond \
	--oracle angelic \
	--synthesis dynamoth \
	--flocal gzoltar \
	--json \
	--solver z3 \
	--solver-path /home/tdurieux/RepairThemAll/script/../libs/z3/build/z3 \
	--complianceLevel 7 \
	--source src/main/java \
	--classpath "target/classes:target/test-classes:/home/tdurieux/.m2/repository/junit/junit/4.11/junit-4.11.jar:/home/tdurieux/.m2/repository/org/hamcrest/hamcrest-core/1.3/hamcrest-core-1.3.jar:/home/tdurieux/RepairThemAll/script/../repair_tools/nopol.jar";
	echo "\n\nNode: `hostname`\n";
	echo "\n\nDate: `date`\n";
Picked up JAVA_TOOL_OPTIONS: -Dfile.encoding=UTF8 -Duser.language=en-US -Duser.country=US -Duser.language=en
16:45:56.687 [main] INFO  fr.inria.lille.repair.nopol.NoPol - Source files: [src/main/java]
16:45:56.694 [main] INFO  fr.inria.lille.repair.nopol.NoPol - Classpath: [file:/tmp/DynaMoth_IntroClassJava_grade_cd2d9b5b5cff96b07c5b22c0d139ffa2aa36b01823c9eb4db6eca19065a0ce2c4d2516bfcc2f1bc95daeae5b0bbd5e9c15b83feda776735e7bc3de6c49d25144_009/target/classes/, file:/tmp/DynaMoth_IntroClassJava_grade_cd2d9b5b5cff96b07c5b22c0d139ffa2aa36b01823c9eb4db6eca19065a0ce2c4d2516bfcc2f1bc95daeae5b0bbd5e9c15b83feda776735e7bc3de6c49d25144_009/target/test-classes/, file:/home/tdurieux/.m2/repository/junit/junit/4.11/junit-4.11.jar, file:/home/tdurieux/.m2/repository/org/hamcrest/hamcrest-core/1.3/hamcrest-core-1.3.jar, file:/home/tdurieux/RepairThemAll/script/../repair_tools/nopol.jar]
16:45:56.694 [main] INFO  fr.inria.lille.repair.nopol.NoPol - Statement type: PRE_THEN_COND
16:45:56.694 [main] INFO  fr.inria.lille.repair.nopol.NoPol - Args: [introclassJava.grade_cd2d9b5b_009BlackboxTest, introclassJava.grade_cd2d9b5b_009WhiteboxTest]
16:45:56.696 [main] INFO  fr.inria.lille.repair.nopol.NoPol - Config: Config{synthesisDepth=3, collectStaticMethods=true, collectStaticFields=false, collectLiterals=false, onlyOneSynthesisResult=true, sortExpressions=true, maxLineInvocationPerTest=250, timeoutMethodInvocation=2000, dataCollectionTimeoutInSecondForSynthesis=900, addWeight=0.19478, subWeight=0.04554, mulWeight=0.0102, divWeight=0.00613, andWeight=0.10597, orWeight=0.05708, eqWeight=0.22798, nEqWeight=0.0, lessEqWeight=0.0255, lessWeight=0.0947, methodCallWeight=0.1, fieldAccessWeight=0.08099, constantWeight=0.14232, variableWeight=0.05195, mode=REPAIR, type=PRE_THEN_COND, synthesis=DYNAMOTH, oracle=ANGELIC, solver=Z3, solverPath='/home/tdurieux/RepairThemAll/script/../libs/z3/build/z3', projectSources=[src/main/java], projectClasspath='[Ljava.net.URL;@2ff4f00f', projectTests=[introclassJava.grade_cd2d9b5b_009BlackboxTest, introclassJava.grade_cd2d9b5b_009WhiteboxTest], complianceLevel=7, outputFolder=., json=true}
16:45:56.696 [main] INFO  fr.inria.lille.repair.nopol.NoPol - Available processors (cores): 8
16:45:56.703 [main] INFO  fr.inria.lille.repair.nopol.NoPol - Free memory: 467 MB
16:45:56.703 [main] INFO  fr.inria.lille.repair.nopol.NoPol - Maximum memory: 3 GB
16:45:56.703 [main] INFO  fr.inria.lille.repair.nopol.NoPol - Total memory available to JVM: 483 MB
16:45:56.703 [main] INFO  fr.inria.lille.repair.nopol.NoPol - Java version: 1.8.0_181
16:45:56.704 [main] INFO  fr.inria.lille.repair.nopol.NoPol - JAVA_HOME: /usr/lib/jvm/java-1.8.0-openjdk-amd64/bin/
16:45:56.705 [main] INFO  fr.inria.lille.repair.nopol.NoPol - PATH: /usr/lib/jvm/java-1.8.0-openjdk-amd64/bin/:/usr/lib/oar/oardodo:/usr/lib/oar/oardodo:/usr/local/bin:/usr/bin:/bin:/usr/games
16:46:00.404 [pool-2-thread-1] DEBUG fr.inria.lille.repair.nopol.NoPol - statement #1
16:46:00.405 [pool-2-thread-1] DEBUG fr.inria.lille.repair.nopol.NoPol - Analysing SourceLocation introclassJava.grade_cd2d9b5b_009:79 which is executed by 6 tests
-1193998004
16:46:00.724 [pool-2-thread-1] DEBUG fr.inria.lille.repair.nopol.NoPol - looking with class fr.inria.lille.repair.nopol.spoon.smt.ConditionalAdder
org.junit.ComparisonFailure: expected:<...udentscore(percent)>[Studenthasfailedthecourse]> but was:<...udentscore(percent)>[]>
    at org.junit.Assert.assertEquals(Assert.java:115)
    at org.junit.Assert.assertEquals(Assert.java:144)
    at introclassJava.grade_cd2d9b5b_009WhiteboxTest.test9(grade_cd2d9b5b_009WhiteboxTest.java:86)
    at sun.reflect.NativeMethodAccessorImpl.invoke0(Native Method)
    at sun.reflect.NativeMethodAccessorImpl.invoke(NativeMethodAccessorImpl.java:62)
    at sun.reflect.DelegatingMethodAccessorImpl.invoke(DelegatingMethodAccessorImpl.java:43)
org.junit.ComparisonFailure: expected:<...udentscore(percent)>[Studenthasfailedthecourse]> but was:<...udentscore(percent)>[]>
    at org.junit.Assert.assertEquals(Assert.java:115)
    at org.junit.Assert.assertEquals(Assert.java:144)
    at introclassJava.grade_cd2d9b5b_009BlackboxTest.test9(grade_cd2d9b5b_009BlackboxTest.java:86)
    at sun.reflect.NativeMethodAccessorImpl.invoke0(Native Method)
    at sun.reflect.NativeMethodAccessorImpl.invoke(NativeMethodAccessorImpl.java:62)
    at sun.reflect.DelegatingMethodAccessorImpl.invoke(DelegatingMethodAccessorImpl.java:43)
16:46:00.827 [pool-4-thread-1] INFO  xxl.java.junit.TestCasesListener - Tests run finished (73 ms)
<> Total tests run: 18
<> Ignored tests: 0
<> Failed tests: 2
~ test9(introclassJava.grade_cd2d9b5b_009WhiteboxTest)
[expected:<...udentscore(percent)>[Studenthasfailedthecourse]> but was:<...udentscore(percent)>[]>]
org.junit.ComparisonFailure: expected:<...udentscore(percent)>[Studenthasfailedthecourse]> but was:<...udentscore(percent)>[]>    at org.junit.Assert.assertEquals(Assert.java:115)
    at org.junit.Assert.assertEquals(Assert.java:144)
    at introclassJava.grade_cd2d9b5b_009WhiteboxTest.test9(grade_cd2d9b5b_009WhiteboxTest.java:86)
    at sun.reflect.NativeMethodAccessorImpl.invoke0(Native Method)
    at sun.reflect.NativeMethodAccessorImpl.invoke(NativeMethodAccessorImpl.java:62)
    at sun.reflect.DelegatingMethodAccessorImpl.invoke(DelegatingMethodAccessorImpl.java:43)
~ test9(introclassJava.grade_cd2d9b5b_009BlackboxTest)
[expected:<...udentscore(percent)>[Studenthasfailedthecourse]> but was:<...udentscore(percent)>[]>]
org.junit.ComparisonFailure: expected:<...udentscore(percent)>[Studenthasfailedthecourse]> but was:<...udentscore(percent)>[]>    at org.junit.Assert.assertEquals(Assert.java:115)
    at org.junit.Assert.assertEquals(Assert.java:144)
    at introclassJava.grade_cd2d9b5b_009BlackboxTest.test9(grade_cd2d9b5b_009BlackboxTest.java:86)
    at sun.reflect.NativeMethodAccessorImpl.invoke0(Native Method)
    at sun.reflect.NativeMethodAccessorImpl.invoke(NativeMethodAccessorImpl.java:62)
    at sun.reflect.DelegatingMethodAccessorImpl.invoke(DelegatingMethodAccessorImpl.java:43)

16:46:01.435 [pool-2-thread-1] DEBUG fr.inria.lille.repair.nopol.NoPol - looking with class fr.inria.lille.repair.nopol.spoon.smt.ConditionalReplacer
org.junit.ComparisonFailure: expected:<...udentscore(percent)>[Studenthasfailedthecourse]> but was:<...udentscore(percent)>[]>
    at org.junit.Assert.assertEquals(Assert.java:115)
    at org.junit.Assert.assertEquals(Assert.java:144)
    at introclassJava.grade_cd2d9b5b_009WhiteboxTest.test9(grade_cd2d9b5b_009WhiteboxTest.java:86)
    at sun.reflect.NativeMethodAccessorImpl.invoke0(Native Method)
    at sun.reflect.NativeMethodAccessorImpl.invoke(NativeMethodAccessorImpl.java:62)
    at sun.reflect.DelegatingMethodAccessorImpl.invoke(DelegatingMethodAccessorImpl.java:43)
org.junit.ComparisonFailure: expected:<...udentscore(percent)>[Studenthasfailedthecourse]> but was:<...udentscore(percent)>[]>
    at org.junit.Assert.assertEquals(Assert.java:115)
    at org.junit.Assert.assertEquals(Assert.java:144)
    at introclassJava.grade_cd2d9b5b_009BlackboxTest.test9(grade_cd2d9b5b_009BlackboxTest.java:86)
    at sun.reflect.NativeMethodAccessorImpl.invoke0(Native Method)
    at sun.reflect.NativeMethodAccessorImpl.invoke(NativeMethodAccessorImpl.java:62)
    at sun.reflect.DelegatingMethodAccessorImpl.invoke(DelegatingMethodAccessorImpl.java:43)
16:46:01.469 [pool-10-thread-1] INFO  xxl.java.junit.TestCasesListener - Tests run finished (30 ms)
<> Total tests run: 18
<> Ignored tests: 0
<> Failed tests: 2
~ test9(introclassJava.grade_cd2d9b5b_009WhiteboxTest)
[expected:<...udentscore(percent)>[Studenthasfailedthecourse]> but was:<...udentscore(percent)>[]>]
org.junit.ComparisonFailure: expected:<...udentscore(percent)>[Studenthasfailedthecourse]> but was:<...udentscore(percent)>[]>    at org.junit.Assert.assertEquals(Assert.java:115)
    at org.junit.Assert.assertEquals(Assert.java:144)
    at introclassJava.grade_cd2d9b5b_009WhiteboxTest.test9(grade_cd2d9b5b_009WhiteboxTest.java:86)
    at sun.reflect.NativeMethodAccessorImpl.invoke0(Native Method)
    at sun.reflect.NativeMethodAccessorImpl.invoke(NativeMethodAccessorImpl.java:62)
    at sun.reflect.DelegatingMethodAccessorImpl.invoke(DelegatingMethodAccessorImpl.java:43)
~ test9(introclassJava.grade_cd2d9b5b_009BlackboxTest)
[expected:<...udentscore(percent)>[Studenthasfailedthecourse]> but was:<...udentscore(percent)>[]>]
org.junit.ComparisonFailure: expected:<...udentscore(percent)>[Studenthasfailedthecourse]> but was:<...udentscore(percent)>[]>    at org.junit.Assert.assertEquals(Assert.java:115)
    at org.junit.Assert.assertEquals(Assert.java:144)
    at introclassJava.grade_cd2d9b5b_009BlackboxTest.test9(grade_cd2d9b5b_009BlackboxTest.java:86)
    at sun.reflect.NativeMethodAccessorImpl.invoke0(Native Method)
    at sun.reflect.NativeMethodAccessorImpl.invoke(NativeMethodAccessorImpl.java:62)
    at sun.reflect.DelegatingMethodAccessorImpl.invoke(DelegatingMethodAccessorImpl.java:43)

16:46:01.615 [pool-2-thread-1] DEBUG fr.inria.lille.repair.nopol.NoPol - statement #2
16:46:01.615 [pool-2-thread-1] DEBUG fr.inria.lille.repair.nopol.NoPol - Analysing SourceLocation introclassJava.grade_cd2d9b5b_009:77 which is executed by 10 tests
-1193998004
16:46:01.690 [pool-2-thread-1] DEBUG fr.inria.lille.repair.nopol.NoPol - looking with class fr.inria.lille.repair.nopol.spoon.smt.ConditionalAdder
org.junit.ComparisonFailure: expected:<...udentscore(percent)>[Studenthasfailedthecourse]> but was:<...udentscore(percent)>[]>
    at org.junit.Assert.assertEquals(Assert.java:115)
    at org.junit.Assert.assertEquals(Assert.java:144)
    at introclassJava.grade_cd2d9b5b_009WhiteboxTest.test9(grade_cd2d9b5b_009WhiteboxTest.java:86)
    at sun.reflect.NativeMethodAccessorImpl.invoke0(Native Method)
    at sun.reflect.NativeMethodAccessorImpl.invoke(NativeMethodAccessorImpl.java:62)
    at sun.reflect.DelegatingMethodAccessorImpl.invoke(DelegatingMethodAccessorImpl.java:43)
org.junit.ComparisonFailure: expected:<...udentscore(percent)>[Studenthasfailedthecourse]> but was:<...udentscore(percent)>[]>
    at org.junit.Assert.assertEquals(Assert.java:115)
    at org.junit.Assert.assertEquals(Assert.java:144)
    at introclassJava.grade_cd2d9b5b_009BlackboxTest.test9(grade_cd2d9b5b_009BlackboxTest.java:86)
    at sun.reflect.NativeMethodAccessorImpl.invoke0(Native Method)
    at sun.reflect.NativeMethodAccessorImpl.invoke(NativeMethodAccessorImpl.java:62)
    at sun.reflect.DelegatingMethodAccessorImpl.invoke(DelegatingMethodAccessorImpl.java:43)
16:46:01.715 [pool-16-thread-1] INFO  xxl.java.junit.TestCasesListener - Tests run finished (20 ms)
<> Total tests run: 18
<> Ignored tests: 0
<> Failed tests: 2
~ test9(introclassJava.grade_cd2d9b5b_009WhiteboxTest)
[expected:<...udentscore(percent)>[Studenthasfailedthecourse]> but was:<...udentscore(percent)>[]>]
org.junit.ComparisonFailure: expected:<...udentscore(percent)>[Studenthasfailedthecourse]> but was:<...udentscore(percent)>[]>    at org.junit.Assert.assertEquals(Assert.java:115)
    at org.junit.Assert.assertEquals(Assert.java:144)
    at introclassJava.grade_cd2d9b5b_009WhiteboxTest.test9(grade_cd2d9b5b_009WhiteboxTest.java:86)
    at sun.reflect.NativeMethodAccessorImpl.invoke0(Native Method)
    at sun.reflect.NativeMethodAccessorImpl.invoke(NativeMethodAccessorImpl.java:62)
    at sun.reflect.DelegatingMethodAccessorImpl.invoke(DelegatingMethodAccessorImpl.java:43)
~ test9(introclassJava.grade_cd2d9b5b_009BlackboxTest)
[expected:<...udentscore(percent)>[Studenthasfailedthecourse]> but was:<...udentscore(percent)>[]>]
org.junit.ComparisonFailure: expected:<...udentscore(percent)>[Studenthasfailedthecourse]> but was:<...udentscore(percent)>[]>    at org.junit.Assert.assertEquals(Assert.java:115)
    at org.junit.Assert.assertEquals(Assert.java:144)
    at introclassJava.grade_cd2d9b5b_009BlackboxTest.test9(grade_cd2d9b5b_009BlackboxTest.java:86)
    at sun.reflect.NativeMethodAccessorImpl.invoke0(Native Method)
    at sun.reflect.NativeMethodAccessorImpl.invoke(NativeMethodAccessorImpl.java:62)
    at sun.reflect.DelegatingMethodAccessorImpl.invoke(DelegatingMethodAccessorImpl.java:43)

16:46:01.844 [pool-2-thread-1] DEBUG fr.inria.lille.repair.nopol.NoPol - looking with class fr.inria.lille.repair.nopol.spoon.smt.ConditionalReplacer
org.junit.ComparisonFailure: expected:<...udentscore(percent)>[Studenthasfailedthecourse]> but was:<...udentscore(percent)>[]>
    at org.junit.Assert.assertEquals(Assert.java:115)
    at org.junit.Assert.assertEquals(Assert.java:144)
    at introclassJava.grade_cd2d9b5b_009WhiteboxTest.test9(grade_cd2d9b5b_009WhiteboxTest.java:86)
    at sun.reflect.NativeMethodAccessorImpl.invoke0(Native Method)
    at sun.reflect.NativeMethodAccessorImpl.invoke(NativeMethodAccessorImpl.java:62)
    at sun.reflect.DelegatingMethodAccessorImpl.invoke(DelegatingMethodAccessorImpl.java:43)
org.junit.ComparisonFailure: expected:<...udentscore(percent)>[Studenthasfailedthecourse]> but was:<...udentscore(percent)>[]>
    at org.junit.Assert.assertEquals(Assert.java:115)
    at org.junit.Assert.assertEquals(Assert.java:144)
    at introclassJava.grade_cd2d9b5b_009BlackboxTest.test9(grade_cd2d9b5b_009BlackboxTest.java:86)
    at sun.reflect.NativeMethodAccessorImpl.invoke0(Native Method)
    at sun.reflect.NativeMethodAccessorImpl.invoke(NativeMethodAccessorImpl.java:62)
    at sun.reflect.DelegatingMethodAccessorImpl.invoke(DelegatingMethodAccessorImpl.java:43)
16:46:01.867 [pool-22-thread-1] INFO  xxl.java.junit.TestCasesListener - Tests run finished (19 ms)
<> Total tests run: 18
<> Ignored tests: 0
<> Failed tests: 2
~ test9(introclassJava.grade_cd2d9b5b_009WhiteboxTest)
[expected:<...udentscore(percent)>[Studenthasfailedthecourse]> but was:<...udentscore(percent)>[]>]
org.junit.ComparisonFailure: expected:<...udentscore(percent)>[Studenthasfailedthecourse]> but was:<...udentscore(percent)>[]>    at org.junit.Assert.assertEquals(Assert.java:115)
    at org.junit.Assert.assertEquals(Assert.java:144)
    at introclassJava.grade_cd2d9b5b_009WhiteboxTest.test9(grade_cd2d9b5b_009WhiteboxTest.java:86)
    at sun.reflect.NativeMethodAccessorImpl.invoke0(Native Method)
    at sun.reflect.NativeMethodAccessorImpl.invoke(NativeMethodAccessorImpl.java:62)
    at sun.reflect.DelegatingMethodAccessorImpl.invoke(DelegatingMethodAccessorImpl.java:43)
~ test9(introclassJava.grade_cd2d9b5b_009BlackboxTest)
[expected:<...udentscore(percent)>[Studenthasfailedthecourse]> but was:<...udentscore(percent)>[]>]
org.junit.ComparisonFailure: expected:<...udentscore(percent)>[Studenthasfailedthecourse]> but was:<...udentscore(percent)>[]>    at org.junit.Assert.assertEquals(Assert.java:115)
    at org.junit.Assert.assertEquals(Assert.java:144)
    at introclassJava.grade_cd2d9b5b_009BlackboxTest.test9(grade_cd2d9b5b_009BlackboxTest.java:86)
    at sun.reflect.NativeMethodAccessorImpl.invoke0(Native Method)
    at sun.reflect.NativeMethodAccessorImpl.invoke(NativeMethodAccessorImpl.java:62)
    at sun.reflect.DelegatingMethodAccessorImpl.invoke(DelegatingMethodAccessorImpl.java:43)

16:46:01.995 [pool-2-thread-1] DEBUG fr.inria.lille.repair.nopol.NoPol - statement #3
16:46:01.995 [pool-2-thread-1] DEBUG fr.inria.lille.repair.nopol.NoPol - Analysing SourceLocation introclassJava.grade_cd2d9b5b_009:75 which is executed by 14 tests
-1193998004
16:46:02.067 [pool-2-thread-1] DEBUG fr.inria.lille.repair.nopol.NoPol - looking with class fr.inria.lille.repair.nopol.spoon.smt.ConditionalAdder
org.junit.ComparisonFailure: expected:<...udentscore(percent)>[Studenthasfailedthecourse]> but was:<...udentscore(percent)>[]>
    at org.junit.Assert.assertEquals(Assert.java:115)
    at org.junit.Assert.assertEquals(Assert.java:144)
    at introclassJava.grade_cd2d9b5b_009WhiteboxTest.test9(grade_cd2d9b5b_009WhiteboxTest.java:86)
    at sun.reflect.NativeMethodAccessorImpl.invoke0(Native Method)
    at sun.reflect.NativeMethodAccessorImpl.invoke(NativeMethodAccessorImpl.java:62)
    at sun.reflect.DelegatingMethodAccessorImpl.invoke(DelegatingMethodAccessorImpl.java:43)
org.junit.ComparisonFailure: expected:<...udentscore(percent)>[Studenthasfailedthecourse]> but was:<...udentscore(percent)>[]>
    at org.junit.Assert.assertEquals(Assert.java:115)
    at org.junit.Assert.assertEquals(Assert.java:144)
    at introclassJava.grade_cd2d9b5b_009BlackboxTest.test9(grade_cd2d9b5b_009BlackboxTest.java:86)
    at sun.reflect.NativeMethodAccessorImpl.invoke0(Native Method)
    at sun.reflect.NativeMethodAccessorImpl.invoke(NativeMethodAccessorImpl.java:62)
    at sun.reflect.DelegatingMethodAccessorImpl.invoke(DelegatingMethodAccessorImpl.java:43)
16:46:02.085 [pool-28-thread-1] INFO  xxl.java.junit.TestCasesListener - Tests run finished (14 ms)
<> Total tests run: 18
<> Ignored tests: 0
<> Failed tests: 2
~ test9(introclassJava.grade_cd2d9b5b_009WhiteboxTest)
[expected:<...udentscore(percent)>[Studenthasfailedthecourse]> but was:<...udentscore(percent)>[]>]
org.junit.ComparisonFailure: expected:<...udentscore(percent)>[Studenthasfailedthecourse]> but was:<...udentscore(percent)>[]>    at org.junit.Assert.assertEquals(Assert.java:115)
    at org.junit.Assert.assertEquals(Assert.java:144)
    at introclassJava.grade_cd2d9b5b_009WhiteboxTest.test9(grade_cd2d9b5b_009WhiteboxTest.java:86)
    at sun.reflect.NativeMethodAccessorImpl.invoke0(Native Method)
    at sun.reflect.NativeMethodAccessorImpl.invoke(NativeMethodAccessorImpl.java:62)
    at sun.reflect.DelegatingMethodAccessorImpl.invoke(DelegatingMethodAccessorImpl.java:43)
~ test9(introclassJava.grade_cd2d9b5b_009BlackboxTest)
[expected:<...udentscore(percent)>[Studenthasfailedthecourse]> but was:<...udentscore(percent)>[]>]
org.junit.ComparisonFailure: expected:<...udentscore(percent)>[Studenthasfailedthecourse]> but was:<...udentscore(percent)>[]>    at org.junit.Assert.assertEquals(Assert.java:115)
    at org.junit.Assert.assertEquals(Assert.java:144)
    at introclassJava.grade_cd2d9b5b_009BlackboxTest.test9(grade_cd2d9b5b_009BlackboxTest.java:86)
    at sun.reflect.NativeMethodAccessorImpl.invoke0(Native Method)
    at sun.reflect.NativeMethodAccessorImpl.invoke(NativeMethodAccessorImpl.java:62)
    at sun.reflect.DelegatingMethodAccessorImpl.invoke(DelegatingMethodAccessorImpl.java:43)

16:46:02.204 [pool-2-thread-1] DEBUG fr.inria.lille.repair.nopol.NoPol - looking with class fr.inria.lille.repair.nopol.spoon.smt.ConditionalReplacer
org.junit.ComparisonFailure: expected:<...udentscore(percent)>[Studenthasfailedthecourse]> but was:<...udentscore(percent)>[]>
    at org.junit.Assert.assertEquals(Assert.java:115)
    at org.junit.Assert.assertEquals(Assert.java:144)
    at introclassJava.grade_cd2d9b5b_009WhiteboxTest.test9(grade_cd2d9b5b_009WhiteboxTest.java:86)
    at sun.reflect.NativeMethodAccessorImpl.invoke0(Native Method)
    at sun.reflect.NativeMethodAccessorImpl.invoke(NativeMethodAccessorImpl.java:62)
    at sun.reflect.DelegatingMethodAccessorImpl.invoke(DelegatingMethodAccessorImpl.java:43)
org.junit.ComparisonFailure: expected:<...udentscore(percent)>[Studenthasfailedthecourse]> but was:<...udentscore(percent)>[]>
    at org.junit.Assert.assertEquals(Assert.java:115)
    at org.junit.Assert.assertEquals(Assert.java:144)
    at introclassJava.grade_cd2d9b5b_009BlackboxTest.test9(grade_cd2d9b5b_009BlackboxTest.java:86)
    at sun.reflect.NativeMethodAccessorImpl.invoke0(Native Method)
    at sun.reflect.NativeMethodAccessorImpl.invoke(NativeMethodAccessorImpl.java:62)
    at sun.reflect.DelegatingMethodAccessorImpl.invoke(DelegatingMethodAccessorImpl.java:43)
16:46:02.221 [pool-34-thread-1] INFO  xxl.java.junit.TestCasesListener - Tests run finished (14 ms)
<> Total tests run: 18
<> Ignored tests: 0
<> Failed tests: 2
~ test9(introclassJava.grade_cd2d9b5b_009WhiteboxTest)
[expected:<...udentscore(percent)>[Studenthasfailedthecourse]> but was:<...udentscore(percent)>[]>]
org.junit.ComparisonFailure: expected:<...udentscore(percent)>[Studenthasfailedthecourse]> but was:<...udentscore(percent)>[]>    at org.junit.Assert.assertEquals(Assert.java:115)
    at org.junit.Assert.assertEquals(Assert.java:144)
    at introclassJava.grade_cd2d9b5b_009WhiteboxTest.test9(grade_cd2d9b5b_009WhiteboxTest.java:86)
    at sun.reflect.NativeMethodAccessorImpl.invoke0(Native Method)
    at sun.reflect.NativeMethodAccessorImpl.invoke(NativeMethodAccessorImpl.java:62)
    at sun.reflect.DelegatingMethodAccessorImpl.invoke(DelegatingMethodAccessorImpl.java:43)
~ test9(introclassJava.grade_cd2d9b5b_009BlackboxTest)
[expected:<...udentscore(percent)>[Studenthasfailedthecourse]> but was:<...udentscore(percent)>[]>]
org.junit.ComparisonFailure: expected:<...udentscore(percent)>[Studenthasfailedthecourse]> but was:<...udentscore(percent)>[]>    at org.junit.Assert.assertEquals(Assert.java:115)
    at org.junit.Assert.assertEquals(Assert.java:144)
    at introclassJava.grade_cd2d9b5b_009BlackboxTest.test9(grade_cd2d9b5b_009BlackboxTest.java:86)
    at sun.reflect.NativeMethodAccessorImpl.invoke0(Native Method)
    at sun.reflect.NativeMethodAccessorImpl.invoke(NativeMethodAccessorImpl.java:62)
    at sun.reflect.DelegatingMethodAccessorImpl.invoke(DelegatingMethodAccessorImpl.java:43)

16:46:02.338 [pool-2-thread-1] DEBUG fr.inria.lille.repair.nopol.NoPol - statement #4
16:46:02.338 [pool-2-thread-1] DEBUG fr.inria.lille.repair.nopol.NoPol - Analysing SourceLocation introclassJava.grade_cd2d9b5b_009:84 which is executed by 18 tests
-1193998004
16:46:02.395 [pool-2-thread-1] DEBUG fr.inria.lille.repair.nopol.NoPol - looking with class fr.inria.lille.repair.nopol.spoon.smt.ConditionalAdder
org.junit.ComparisonFailure: expected:<...udentscore(percent)>[Studenthasfailedthecourse]> but was:<...udentscore(percent)>[]>
    at org.junit.Assert.assertEquals(Assert.java:115)
    at org.junit.Assert.assertEquals(Assert.java:144)
    at introclassJava.grade_cd2d9b5b_009WhiteboxTest.test9(grade_cd2d9b5b_009WhiteboxTest.java:86)
    at sun.reflect.NativeMethodAccessorImpl.invoke0(Native Method)
    at sun.reflect.NativeMethodAccessorImpl.invoke(NativeMethodAccessorImpl.java:62)
    at sun.reflect.DelegatingMethodAccessorImpl.invoke(DelegatingMethodAccessorImpl.java:43)
org.junit.ComparisonFailure: expected:<...udentscore(percent)>[Studenthasfailedthecourse]> but was:<...udentscore(percent)>[]>
    at org.junit.Assert.assertEquals(Assert.java:115)
    at org.junit.Assert.assertEquals(Assert.java:144)
    at introclassJava.grade_cd2d9b5b_009BlackboxTest.test9(grade_cd2d9b5b_009BlackboxTest.java:86)
    at sun.reflect.NativeMethodAccessorImpl.invoke0(Native Method)
    at sun.reflect.NativeMethodAccessorImpl.invoke(NativeMethodAccessorImpl.java:62)
    at sun.reflect.DelegatingMethodAccessorImpl.invoke(DelegatingMethodAccessorImpl.java:43)
16:46:02.413 [pool-40-thread-1] INFO  xxl.java.junit.TestCasesListener - Tests run finished (14 ms)
<> Total tests run: 18
<> Ignored tests: 0
<> Failed tests: 2
~ test9(introclassJava.grade_cd2d9b5b_009WhiteboxTest)
[expected:<...udentscore(percent)>[Studenthasfailedthecourse]> but was:<...udentscore(percent)>[]>]
org.junit.ComparisonFailure: expected:<...udentscore(percent)>[Studenthasfailedthecourse]> but was:<...udentscore(percent)>[]>    at org.junit.Assert.assertEquals(Assert.java:115)
    at org.junit.Assert.assertEquals(Assert.java:144)
    at introclassJava.grade_cd2d9b5b_009WhiteboxTest.test9(grade_cd2d9b5b_009WhiteboxTest.java:86)
    at sun.reflect.NativeMethodAccessorImpl.invoke0(Native Method)
    at sun.reflect.NativeMethodAccessorImpl.invoke(NativeMethodAccessorImpl.java:62)
    at sun.reflect.DelegatingMethodAccessorImpl.invoke(DelegatingMethodAccessorImpl.java:43)
~ test9(introclassJava.grade_cd2d9b5b_009BlackboxTest)
[expected:<...udentscore(percent)>[Studenthasfailedthecourse]> but was:<...udentscore(percent)>[]>]
org.junit.ComparisonFailure: expected:<...udentscore(percent)>[Studenthasfailedthecourse]> but was:<...udentscore(percent)>[]>    at org.junit.Assert.assertEquals(Assert.java:115)
    at org.junit.Assert.assertEquals(Assert.java:144)
    at introclassJava.grade_cd2d9b5b_009BlackboxTest.test9(grade_cd2d9b5b_009BlackboxTest.java:86)
    at sun.reflect.NativeMethodAccessorImpl.invoke0(Native Method)
    at sun.reflect.NativeMethodAccessorImpl.invoke(NativeMethodAccessorImpl.java:62)
    at sun.reflect.DelegatingMethodAccessorImpl.invoke(DelegatingMethodAccessorImpl.java:43)

16:46:02.542 [pool-2-thread-1] DEBUG fr.inria.lille.repair.nopol.NoPol - statement #5
16:46:02.542 [pool-2-thread-1] DEBUG fr.inria.lille.repair.nopol.NoPol - Analysing SourceLocation introclassJava.grade_cd2d9b5b_009:82 which is executed by 18 tests
-1193998004
16:46:02.618 [pool-2-thread-1] DEBUG fr.inria.lille.repair.nopol.NoPol - looking with class fr.inria.lille.repair.nopol.spoon.smt.ConditionalAdder
org.junit.ComparisonFailure: expected:<...udentscore(percent)>[Studenthasfailedthecourse]> but was:<...udentscore(percent)>[]>
    at org.junit.Assert.assertEquals(Assert.java:115)
    at org.junit.Assert.assertEquals(Assert.java:144)
    at introclassJava.grade_cd2d9b5b_009WhiteboxTest.test9(grade_cd2d9b5b_009WhiteboxTest.java:86)
    at sun.reflect.NativeMethodAccessorImpl.invoke0(Native Method)
    at sun.reflect.NativeMethodAccessorImpl.invoke(NativeMethodAccessorImpl.java:62)
    at sun.reflect.DelegatingMethodAccessorImpl.invoke(DelegatingMethodAccessorImpl.java:43)
org.junit.ComparisonFailure: expected:<...udentscore(percent)>[Studenthasfailedthecourse]> but was:<...udentscore(percent)>[]>
    at org.junit.Assert.assertEquals(Assert.java:115)
    at org.junit.Assert.assertEquals(Assert.java:144)
    at introclassJava.grade_cd2d9b5b_009BlackboxTest.test9(grade_cd2d9b5b_009BlackboxTest.java:86)
    at sun.reflect.NativeMethodAccessorImpl.invoke0(Native Method)
    at sun.reflect.NativeMethodAccessorImpl.invoke(NativeMethodAccessorImpl.java:62)
    at sun.reflect.DelegatingMethodAccessorImpl.invoke(DelegatingMethodAccessorImpl.java:43)
16:46:02.634 [pool-46-thread-1] INFO  xxl.java.junit.TestCasesListener - Tests run finished (12 ms)
<> Total tests run: 18
<> Ignored tests: 0
<> Failed tests: 2
~ test9(introclassJava.grade_cd2d9b5b_009WhiteboxTest)
[expected:<...udentscore(percent)>[Studenthasfailedthecourse]> but was:<...udentscore(percent)>[]>]
org.junit.ComparisonFailure: expected:<...udentscore(percent)>[Studenthasfailedthecourse]> but was:<...udentscore(percent)>[]>    at org.junit.Assert.assertEquals(Assert.java:115)
    at org.junit.Assert.assertEquals(Assert.java:144)
    at introclassJava.grade_cd2d9b5b_009WhiteboxTest.test9(grade_cd2d9b5b_009WhiteboxTest.java:86)
    at sun.reflect.NativeMethodAccessorImpl.invoke0(Native Method)
    at sun.reflect.NativeMethodAccessorImpl.invoke(NativeMethodAccessorImpl.java:62)
    at sun.reflect.DelegatingMethodAccessorImpl.invoke(DelegatingMethodAccessorImpl.java:43)
~ test9(introclassJava.grade_cd2d9b5b_009BlackboxTest)
[expected:<...udentscore(percent)>[Studenthasfailedthecourse]> but was:<...udentscore(percent)>[]>]
org.junit.ComparisonFailure: expected:<...udentscore(percent)>[Studenthasfailedthecourse]> but was:<...udentscore(percent)>[]>    at org.junit.Assert.assertEquals(Assert.java:115)
    at org.junit.Assert.assertEquals(Assert.java:144)
    at introclassJava.grade_cd2d9b5b_009BlackboxTest.test9(grade_cd2d9b5b_009BlackboxTest.java:86)
    at sun.reflect.NativeMethodAccessorImpl.invoke0(Native Method)
    at sun.reflect.NativeMethodAccessorImpl.invoke(NativeMethodAccessorImpl.java:62)
    at sun.reflect.DelegatingMethodAccessorImpl.invoke(DelegatingMethodAccessorImpl.java:43)

16:46:02.740 [pool-2-thread-1] DEBUG fr.inria.lille.repair.nopol.NoPol - statement #6
16:46:02.741 [pool-2-thread-1] DEBUG fr.inria.lille.repair.nopol.NoPol - Analysing SourceLocation introclassJava.grade_cd2d9b5b_009:73 which is executed by 18 tests
-1193998004
16:46:02.797 [pool-2-thread-1] DEBUG fr.inria.lille.repair.nopol.NoPol - looking with class fr.inria.lille.repair.nopol.spoon.smt.ConditionalAdder
org.junit.ComparisonFailure: expected:<...udentscore(percent)>[Studenthasfailedthecourse]> but was:<...udentscore(percent)>[]>
    at org.junit.Assert.assertEquals(Assert.java:115)
    at org.junit.Assert.assertEquals(Assert.java:144)
    at introclassJava.grade_cd2d9b5b_009WhiteboxTest.test9(grade_cd2d9b5b_009WhiteboxTest.java:86)
    at sun.reflect.NativeMethodAccessorImpl.invoke0(Native Method)
    at sun.reflect.NativeMethodAccessorImpl.invoke(NativeMethodAccessorImpl.java:62)
    at sun.reflect.DelegatingMethodAccessorImpl.invoke(DelegatingMethodAccessorImpl.java:43)
org.junit.ComparisonFailure: expected:<...udentscore(percent)>[Studenthasfailedthecourse]> but was:<...udentscore(percent)>[]>
    at org.junit.Assert.assertEquals(Assert.java:115)
    at org.junit.Assert.assertEquals(Assert.java:144)
    at introclassJava.grade_cd2d9b5b_009BlackboxTest.test9(grade_cd2d9b5b_009BlackboxTest.java:86)
    at sun.reflect.NativeMethodAccessorImpl.invoke0(Native Method)
    at sun.reflect.NativeMethodAccessorImpl.invoke(NativeMethodAccessorImpl.java:62)
    at sun.reflect.DelegatingMethodAccessorImpl.invoke(DelegatingMethodAccessorImpl.java:43)
16:46:02.815 [pool-52-thread-1] INFO  xxl.java.junit.TestCasesListener - Tests run finished (13 ms)
<> Total tests run: 18
<> Ignored tests: 0
<> Failed tests: 2
~ test9(introclassJava.grade_cd2d9b5b_009WhiteboxTest)
[expected:<...udentscore(percent)>[Studenthasfailedthecourse]> but was:<...udentscore(percent)>[]>]
org.junit.ComparisonFailure: expected:<...udentscore(percent)>[Studenthasfailedthecourse]> but was:<...udentscore(percent)>[]>    at org.junit.Assert.assertEquals(Assert.java:115)
    at org.junit.Assert.assertEquals(Assert.java:144)
    at introclassJava.grade_cd2d9b5b_009WhiteboxTest.test9(grade_cd2d9b5b_009WhiteboxTest.java:86)
    at sun.reflect.NativeMethodAccessorImpl.invoke0(Native Method)
    at sun.reflect.NativeMethodAccessorImpl.invoke(NativeMethodAccessorImpl.java:62)
    at sun.reflect.DelegatingMethodAccessorImpl.invoke(DelegatingMethodAccessorImpl.java:43)
~ test9(introclassJava.grade_cd2d9b5b_009BlackboxTest)
[expected:<...udentscore(percent)>[Studenthasfailedthecourse]> but was:<...udentscore(percent)>[]>]
org.junit.ComparisonFailure: expected:<...udentscore(percent)>[Studenthasfailedthecourse]> but was:<...udentscore(percent)>[]>    at org.junit.Assert.assertEquals(Assert.java:115)
    at org.junit.Assert.assertEquals(Assert.java:144)
    at introclassJava.grade_cd2d9b5b_009BlackboxTest.test9(grade_cd2d9b5b_009BlackboxTest.java:86)
    at sun.reflect.NativeMethodAccessorImpl.invoke0(Native Method)
    at sun.reflect.NativeMethodAccessorImpl.invoke(NativeMethodAccessorImpl.java:62)
    at sun.reflect.DelegatingMethodAccessorImpl.invoke(DelegatingMethodAccessorImpl.java:43)

16:46:02.918 [pool-2-thread-1] DEBUG fr.inria.lille.repair.nopol.NoPol - looking with class fr.inria.lille.repair.nopol.spoon.smt.ConditionalReplacer
org.junit.ComparisonFailure: expected:<...udentscore(percent)>[Studenthasfailedthecourse]> but was:<...udentscore(percent)>[]>
    at org.junit.Assert.assertEquals(Assert.java:115)
    at org.junit.Assert.assertEquals(Assert.java:144)
    at introclassJava.grade_cd2d9b5b_009WhiteboxTest.test9(grade_cd2d9b5b_009WhiteboxTest.java:86)
    at sun.reflect.NativeMethodAccessorImpl.invoke0(Native Method)
    at sun.reflect.NativeMethodAccessorImpl.invoke(NativeMethodAccessorImpl.java:62)
    at sun.reflect.DelegatingMethodAccessorImpl.invoke(DelegatingMethodAccessorImpl.java:43)
org.junit.ComparisonFailure: expected:<...udentscore(percent)>[Studenthasfailedthecourse]> but was:<...udentscore(percent)>[]>
    at org.junit.Assert.assertEquals(Assert.java:115)
    at org.junit.Assert.assertEquals(Assert.java:144)
    at introclassJava.grade_cd2d9b5b_009BlackboxTest.test9(grade_cd2d9b5b_009BlackboxTest.java:86)
    at sun.reflect.NativeMethodAccessorImpl.invoke0(Native Method)
    at sun.reflect.NativeMethodAccessorImpl.invoke(NativeMethodAccessorImpl.java:62)
    at sun.reflect.DelegatingMethodAccessorImpl.invoke(DelegatingMethodAccessorImpl.java:43)
16:46:02.936 [pool-58-thread-1] INFO  xxl.java.junit.TestCasesListener - Tests run finished (14 ms)
<> Total tests run: 18
<> Ignored tests: 0
<> Failed tests: 2
~ test9(introclassJava.grade_cd2d9b5b_009WhiteboxTest)
[expected:<...udentscore(percent)>[Studenthasfailedthecourse]> but was:<...udentscore(percent)>[]>]
org.junit.ComparisonFailure: expected:<...udentscore(percent)>[Studenthasfailedthecourse]> but was:<...udentscore(percent)>[]>    at org.junit.Assert.assertEquals(Assert.java:115)
    at org.junit.Assert.assertEquals(Assert.java:144)
    at introclassJava.grade_cd2d9b5b_009WhiteboxTest.test9(grade_cd2d9b5b_009WhiteboxTest.java:86)
    at sun.reflect.NativeMethodAccessorImpl.invoke0(Native Method)
    at sun.reflect.NativeMethodAccessorImpl.invoke(NativeMethodAccessorImpl.java:62)
    at sun.reflect.DelegatingMethodAccessorImpl.invoke(DelegatingMethodAccessorImpl.java:43)
~ test9(introclassJava.grade_cd2d9b5b_009BlackboxTest)
[expected:<...udentscore(percent)>[Studenthasfailedthecourse]> but was:<...udentscore(percent)>[]>]
org.junit.ComparisonFailure: expected:<...udentscore(percent)>[Studenthasfailedthecourse]> but was:<...udentscore(percent)>[]>    at org.junit.Assert.assertEquals(Assert.java:115)
    at org.junit.Assert.assertEquals(Assert.java:144)
    at introclassJava.grade_cd2d9b5b_009BlackboxTest.test9(grade_cd2d9b5b_009BlackboxTest.java:86)
    at sun.reflect.NativeMethodAccessorImpl.invoke0(Native Method)
    at sun.reflect.NativeMethodAccessorImpl.invoke(NativeMethodAccessorImpl.java:62)
    at sun.reflect.DelegatingMethodAccessorImpl.invoke(DelegatingMethodAccessorImpl.java:43)

16:46:03.041 [pool-2-thread-1] DEBUG fr.inria.lille.repair.nopol.NoPol - statement #7
16:46:03.042 [pool-2-thread-1] DEBUG fr.inria.lille.repair.nopol.NoPol - Analysing SourceLocation introclassJava.grade_cd2d9b5b_009:72 which is executed by 18 tests
-1193998004
16:46:03.107 [pool-2-thread-1] DEBUG fr.inria.lille.repair.nopol.NoPol - looking with class fr.inria.lille.repair.nopol.spoon.smt.ConditionalAdder
org.junit.ComparisonFailure: expected:<...udentscore(percent)>[Studenthasfailedthecourse]> but was:<...udentscore(percent)>[]>
    at org.junit.Assert.assertEquals(Assert.java:115)
    at org.junit.Assert.assertEquals(Assert.java:144)
    at introclassJava.grade_cd2d9b5b_009WhiteboxTest.test9(grade_cd2d9b5b_009WhiteboxTest.java:86)
    at sun.reflect.NativeMethodAccessorImpl.invoke0(Native Method)
    at sun.reflect.NativeMethodAccessorImpl.invoke(NativeMethodAccessorImpl.java:62)
    at sun.reflect.DelegatingMethodAccessorImpl.invoke(DelegatingMethodAccessorImpl.java:43)
org.junit.ComparisonFailure: expected:<...udentscore(percent)>[Studenthasfailedthecourse]> but was:<...udentscore(percent)>[]>
    at org.junit.Assert.assertEquals(Assert.java:115)
    at org.junit.Assert.assertEquals(Assert.java:144)
    at introclassJava.grade_cd2d9b5b_009BlackboxTest.test9(grade_cd2d9b5b_009BlackboxTest.java:86)
    at sun.reflect.NativeMethodAccessorImpl.invoke0(Native Method)
    at sun.reflect.NativeMethodAccessorImpl.invoke(NativeMethodAccessorImpl.java:62)
    at sun.reflect.DelegatingMethodAccessorImpl.invoke(DelegatingMethodAccessorImpl.java:43)
16:46:03.123 [pool-64-thread-1] INFO  xxl.java.junit.TestCasesListener - Tests run finished (12 ms)
<> Total tests run: 18
<> Ignored tests: 0
<> Failed tests: 2
~ test9(introclassJava.grade_cd2d9b5b_009WhiteboxTest)
[expected:<...udentscore(percent)>[Studenthasfailedthecourse]> but was:<...udentscore(percent)>[]>]
org.junit.ComparisonFailure: expected:<...udentscore(percent)>[Studenthasfailedthecourse]> but was:<...udentscore(percent)>[]>    at org.junit.Assert.assertEquals(Assert.java:115)
    at org.junit.Assert.assertEquals(Assert.java:144)
    at introclassJava.grade_cd2d9b5b_009WhiteboxTest.test9(grade_cd2d9b5b_009WhiteboxTest.java:86)
    at sun.reflect.NativeMethodAccessorImpl.invoke0(Native Method)
    at sun.reflect.NativeMethodAccessorImpl.invoke(NativeMethodAccessorImpl.java:62)
    at sun.reflect.DelegatingMethodAccessorImpl.invoke(DelegatingMethodAccessorImpl.java:43)
~ test9(introclassJava.grade_cd2d9b5b_009BlackboxTest)
[expected:<...udentscore(percent)>[Studenthasfailedthecourse]> but was:<...udentscore(percent)>[]>]
org.junit.ComparisonFailure: expected:<...udentscore(percent)>[Studenthasfailedthecourse]> but was:<...udentscore(percent)>[]>    at org.junit.Assert.assertEquals(Assert.java:115)
    at org.junit.Assert.assertEquals(Assert.java:144)
    at introclassJava.grade_cd2d9b5b_009BlackboxTest.test9(grade_cd2d9b5b_009BlackboxTest.java:86)
    at sun.reflect.NativeMethodAccessorImpl.invoke0(Native Method)
    at sun.reflect.NativeMethodAccessorImpl.invoke(NativeMethodAccessorImpl.java:62)
    at sun.reflect.DelegatingMethodAccessorImpl.invoke(DelegatingMethodAccessorImpl.java:43)

16:46:03.221 [pool-2-thread-1] DEBUG fr.inria.lille.repair.nopol.NoPol - statement #8
16:46:03.221 [pool-2-thread-1] DEBUG fr.inria.lille.repair.nopol.NoPol - Analysing SourceLocation introclassJava.grade_cd2d9b5b_009:71 which is executed by 18 tests
-1193998004
16:46:03.274 [pool-2-thread-1] DEBUG fr.inria.lille.repair.nopol.NoPol - statement #9
16:46:03.274 [pool-2-thread-1] DEBUG fr.inria.lille.repair.nopol.NoPol - Analysing SourceLocation introclassJava.grade_cd2d9b5b_009:70 which is executed by 18 tests
-1193998004
16:46:03.327 [pool-2-thread-1] DEBUG fr.inria.lille.repair.nopol.NoPol - looking with class fr.inria.lille.repair.nopol.spoon.smt.ConditionalAdder
org.junit.ComparisonFailure: expected:<...udentscore(percent)>[Studenthasfailedthecourse]> but was:<...udentscore(percent)>[]>
    at org.junit.Assert.assertEquals(Assert.java:115)
    at org.junit.Assert.assertEquals(Assert.java:144)
    at introclassJava.grade_cd2d9b5b_009WhiteboxTest.test9(grade_cd2d9b5b_009WhiteboxTest.java:86)
    at sun.reflect.NativeMethodAccessorImpl.invoke0(Native Method)
    at sun.reflect.NativeMethodAccessorImpl.invoke(NativeMethodAccessorImpl.java:62)
    at sun.reflect.DelegatingMethodAccessorImpl.invoke(DelegatingMethodAccessorImpl.java:43)
org.junit.ComparisonFailure: expected:<...udentscore(percent)>[Studenthasfailedthecourse]> but was:<...udentscore(percent)>[]>
    at org.junit.Assert.assertEquals(Assert.java:115)
    at org.junit.Assert.assertEquals(Assert.java:144)
    at introclassJava.grade_cd2d9b5b_009BlackboxTest.test9(grade_cd2d9b5b_009BlackboxTest.java:86)
    at sun.reflect.NativeMethodAccessorImpl.invoke0(Native Method)
    at sun.reflect.NativeMethodAccessorImpl.invoke(NativeMethodAccessorImpl.java:62)
    at sun.reflect.DelegatingMethodAccessorImpl.invoke(DelegatingMethodAccessorImpl.java:43)
16:46:03.343 [pool-70-thread-1] INFO  xxl.java.junit.TestCasesListener - Tests run finished (12 ms)
<> Total tests run: 18
<> Ignored tests: 0
<> Failed tests: 2
~ test9(introclassJava.grade_cd2d9b5b_009WhiteboxTest)
[expected:<...udentscore(percent)>[Studenthasfailedthecourse]> but was:<...udentscore(percent)>[]>]
org.junit.ComparisonFailure: expected:<...udentscore(percent)>[Studenthasfailedthecourse]> but was:<...udentscore(percent)>[]>    at org.junit.Assert.assertEquals(Assert.java:115)
    at org.junit.Assert.assertEquals(Assert.java:144)
    at introclassJava.grade_cd2d9b5b_009WhiteboxTest.test9(grade_cd2d9b5b_009WhiteboxTest.java:86)
    at sun.reflect.NativeMethodAccessorImpl.invoke0(Native Method)
    at sun.reflect.NativeMethodAccessorImpl.invoke(NativeMethodAccessorImpl.java:62)
    at sun.reflect.DelegatingMethodAccessorImpl.invoke(DelegatingMethodAccessorImpl.java:43)
~ test9(introclassJava.grade_cd2d9b5b_009BlackboxTest)
[expected:<...udentscore(percent)>[Studenthasfailedthecourse]> but was:<...udentscore(percent)>[]>]
org.junit.ComparisonFailure: expected:<...udentscore(percent)>[Studenthasfailedthecourse]> but was:<...udentscore(percent)>[]>    at org.junit.Assert.assertEquals(Assert.java:115)
    at org.junit.Assert.assertEquals(Assert.java:144)
    at introclassJava.grade_cd2d9b5b_009BlackboxTest.test9(grade_cd2d9b5b_009BlackboxTest.java:86)
    at sun.reflect.NativeMethodAccessorImpl.invoke0(Native Method)
    at sun.reflect.NativeMethodAccessorImpl.invoke(NativeMethodAccessorImpl.java:62)
    at sun.reflect.DelegatingMethodAccessorImpl.invoke(DelegatingMethodAccessorImpl.java:43)

16:46:03.445 [pool-2-thread-1] DEBUG fr.inria.lille.repair.nopol.NoPol - statement #10
16:46:03.446 [pool-2-thread-1] DEBUG fr.inria.lille.repair.nopol.NoPol - Analysing SourceLocation introclassJava.grade_cd2d9b5b_009:69 which is executed by 18 tests
-1193998004
16:46:03.505 [pool-2-thread-1] DEBUG fr.inria.lille.repair.nopol.NoPol - looking with class fr.inria.lille.repair.nopol.spoon.smt.ConditionalAdder
org.junit.ComparisonFailure: expected:<...udentscore(percent)>[Studenthasfailedthecourse]> but was:<...udentscore(percent)>[]>
    at org.junit.Assert.assertEquals(Assert.java:115)
    at org.junit.Assert.assertEquals(Assert.java:144)
    at introclassJava.grade_cd2d9b5b_009WhiteboxTest.test9(grade_cd2d9b5b_009WhiteboxTest.java:86)
    at sun.reflect.NativeMethodAccessorImpl.invoke0(Native Method)
    at sun.reflect.NativeMethodAccessorImpl.invoke(NativeMethodAccessorImpl.java:62)
    at sun.reflect.DelegatingMethodAccessorImpl.invoke(DelegatingMethodAccessorImpl.java:43)
org.junit.ComparisonFailure: expected:<...udentscore(percent)>[Studenthasfailedthecourse]> but was:<...udentscore(percent)>[]>
    at org.junit.Assert.assertEquals(Assert.java:115)
    at org.junit.Assert.assertEquals(Assert.java:144)
    at introclassJava.grade_cd2d9b5b_009BlackboxTest.test9(grade_cd2d9b5b_009BlackboxTest.java:86)
    at sun.reflect.NativeMethodAccessorImpl.invoke0(Native Method)
    at sun.reflect.NativeMethodAccessorImpl.invoke(NativeMethodAccessorImpl.java:62)
    at sun.reflect.DelegatingMethodAccessorImpl.invoke(DelegatingMethodAccessorImpl.java:43)
16:46:03.522 [pool-76-thread-1] INFO  xxl.java.junit.TestCasesListener - Tests run finished (12 ms)
<> Total tests run: 18
<> Ignored tests: 0
<> Failed tests: 2
~ test9(introclassJava.grade_cd2d9b5b_009WhiteboxTest)
[expected:<...udentscore(percent)>[Studenthasfailedthecourse]> but was:<...udentscore(percent)>[]>]
org.junit.ComparisonFailure: expected:<...udentscore(percent)>[Studenthasfailedthecourse]> but was:<...udentscore(percent)>[]>    at org.junit.Assert.assertEquals(Assert.java:115)
    at org.junit.Assert.assertEquals(Assert.java:144)
    at introclassJava.grade_cd2d9b5b_009WhiteboxTest.test9(grade_cd2d9b5b_009WhiteboxTest.java:86)
    at sun.reflect.NativeMethodAccessorImpl.invoke0(Native Method)
    at sun.reflect.NativeMethodAccessorImpl.invoke(NativeMethodAccessorImpl.java:62)
    at sun.reflect.DelegatingMethodAccessorImpl.invoke(DelegatingMethodAccessorImpl.java:43)
~ test9(introclassJava.grade_cd2d9b5b_009BlackboxTest)
[expected:<...udentscore(percent)>[Studenthasfailedthecourse]> but was:<...udentscore(percent)>[]>]
org.junit.ComparisonFailure: expected:<...udentscore(percent)>[Studenthasfailedthecourse]> but was:<...udentscore(percent)>[]>    at org.junit.Assert.assertEquals(Assert.java:115)
    at org.junit.Assert.assertEquals(Assert.java:144)
    at introclassJava.grade_cd2d9b5b_009BlackboxTest.test9(grade_cd2d9b5b_009BlackboxTest.java:86)
    at sun.reflect.NativeMethodAccessorImpl.invoke0(Native Method)
    at sun.reflect.NativeMethodAccessorImpl.invoke(NativeMethodAccessorImpl.java:62)
    at sun.reflect.DelegatingMethodAccessorImpl.invoke(DelegatingMethodAccessorImpl.java:43)

16:46:03.641 [pool-2-thread-1] DEBUG fr.inria.lille.repair.nopol.NoPol - statement #11
16:46:03.641 [pool-2-thread-1] DEBUG fr.inria.lille.repair.nopol.NoPol - Analysing SourceLocation introclassJava.grade_cd2d9b5b_009:68 which is executed by 18 tests
-1193998004
16:46:03.713 [pool-2-thread-1] DEBUG fr.inria.lille.repair.nopol.NoPol - looking with class fr.inria.lille.repair.nopol.spoon.smt.ConditionalAdder
org.junit.ComparisonFailure: expected:<...udentscore(percent)>[Studenthasfailedthecourse]> but was:<...udentscore(percent)>[]>
    at org.junit.Assert.assertEquals(Assert.java:115)
    at org.junit.Assert.assertEquals(Assert.java:144)
    at introclassJava.grade_cd2d9b5b_009WhiteboxTest.test9(grade_cd2d9b5b_009WhiteboxTest.java:86)
    at sun.reflect.NativeMethodAccessorImpl.invoke0(Native Method)
    at sun.reflect.NativeMethodAccessorImpl.invoke(NativeMethodAccessorImpl.java:62)
    at sun.reflect.DelegatingMethodAccessorImpl.invoke(DelegatingMethodAccessorImpl.java:43)
org.junit.ComparisonFailure: expected:<...udentscore(percent)>[Studenthasfailedthecourse]> but was:<...udentscore(percent)>[]>
    at org.junit.Assert.assertEquals(Assert.java:115)
    at org.junit.Assert.assertEquals(Assert.java:144)
    at introclassJava.grade_cd2d9b5b_009BlackboxTest.test9(grade_cd2d9b5b_009BlackboxTest.java:86)
    at sun.reflect.NativeMethodAccessorImpl.invoke0(Native Method)
    at sun.reflect.NativeMethodAccessorImpl.invoke(NativeMethodAccessorImpl.java:62)
    at sun.reflect.DelegatingMethodAccessorImpl.invoke(DelegatingMethodAccessorImpl.java:43)
16:46:03.747 [pool-82-thread-1] INFO  xxl.java.junit.TestCasesListener - Tests run finished (30 ms)
<> Total tests run: 18
<> Ignored tests: 0
<> Failed tests: 2
~ test9(introclassJava.grade_cd2d9b5b_009WhiteboxTest)
[expected:<...udentscore(percent)>[Studenthasfailedthecourse]> but was:<...udentscore(percent)>[]>]
org.junit.ComparisonFailure: expected:<...udentscore(percent)>[Studenthasfailedthecourse]> but was:<...udentscore(percent)>[]>    at org.junit.Assert.assertEquals(Assert.java:115)
    at org.junit.Assert.assertEquals(Assert.java:144)
    at introclassJava.grade_cd2d9b5b_009WhiteboxTest.test9(grade_cd2d9b5b_009WhiteboxTest.java:86)
    at sun.reflect.NativeMethodAccessorImpl.invoke0(Native Method)
    at sun.reflect.NativeMethodAccessorImpl.invoke(NativeMethodAccessorImpl.java:62)
    at sun.reflect.DelegatingMethodAccessorImpl.invoke(DelegatingMethodAccessorImpl.java:43)
~ test9(introclassJava.grade_cd2d9b5b_009BlackboxTest)
[expected:<...udentscore(percent)>[Studenthasfailedthecourse]> but was:<...udentscore(percent)>[]>]
org.junit.ComparisonFailure: expected:<...udentscore(percent)>[Studenthasfailedthecourse]> but was:<...udentscore(percent)>[]>    at org.junit.Assert.assertEquals(Assert.java:115)
    at org.junit.Assert.assertEquals(Assert.java:144)
    at introclassJava.grade_cd2d9b5b_009BlackboxTest.test9(grade_cd2d9b5b_009BlackboxTest.java:86)
    at sun.reflect.NativeMethodAccessorImpl.invoke0(Native Method)
    at sun.reflect.NativeMethodAccessorImpl.invoke(NativeMethodAccessorImpl.java:62)
    at sun.reflect.DelegatingMethodAccessorImpl.invoke(DelegatingMethodAccessorImpl.java:43)

16:46:03.841 [pool-2-thread-1] DEBUG fr.inria.lille.repair.nopol.NoPol - statement #12
16:46:03.842 [pool-2-thread-1] DEBUG fr.inria.lille.repair.nopol.NoPol - Analysing SourceLocation introclassJava.grade_cd2d9b5b_009:67 which is executed by 18 tests
-1193998004
16:46:03.893 [pool-2-thread-1] DEBUG fr.inria.lille.repair.nopol.NoPol - looking with class fr.inria.lille.repair.nopol.spoon.smt.ConditionalAdder
org.junit.ComparisonFailure: expected:<...udentscore(percent)>[Studenthasfailedthecourse]> but was:<...udentscore(percent)>[]>
    at org.junit.Assert.assertEquals(Assert.java:115)
    at org.junit.Assert.assertEquals(Assert.java:144)
    at introclassJava.grade_cd2d9b5b_009WhiteboxTest.test9(grade_cd2d9b5b_009WhiteboxTest.java:86)
    at sun.reflect.NativeMethodAccessorImpl.invoke0(Native Method)
    at sun.reflect.NativeMethodAccessorImpl.invoke(NativeMethodAccessorImpl.java:62)
    at sun.reflect.DelegatingMethodAccessorImpl.invoke(DelegatingMethodAccessorImpl.java:43)
org.junit.ComparisonFailure: expected:<...udentscore(percent)>[Studenthasfailedthecourse]> but was:<...udentscore(percent)>[]>
    at org.junit.Assert.assertEquals(Assert.java:115)
    at org.junit.Assert.assertEquals(Assert.java:144)
    at introclassJava.grade_cd2d9b5b_009BlackboxTest.test9(grade_cd2d9b5b_009BlackboxTest.java:86)
    at sun.reflect.NativeMethodAccessorImpl.invoke0(Native Method)
    at sun.reflect.NativeMethodAccessorImpl.invoke(NativeMethodAccessorImpl.java:62)
    at sun.reflect.DelegatingMethodAccessorImpl.invoke(DelegatingMethodAccessorImpl.java:43)
16:46:03.909 [pool-88-thread-1] INFO  xxl.java.junit.TestCasesListener - Tests run finished (12 ms)
<> Total tests run: 18
<> Ignored tests: 0
<> Failed tests: 2
~ test9(introclassJava.grade_cd2d9b5b_009WhiteboxTest)
[expected:<...udentscore(percent)>[Studenthasfailedthecourse]> but was:<...udentscore(percent)>[]>]
org.junit.ComparisonFailure: expected:<...udentscore(percent)>[Studenthasfailedthecourse]> but was:<...udentscore(percent)>[]>    at org.junit.Assert.assertEquals(Assert.java:115)
    at org.junit.Assert.assertEquals(Assert.java:144)
    at introclassJava.grade_cd2d9b5b_009WhiteboxTest.test9(grade_cd2d9b5b_009WhiteboxTest.java:86)
    at sun.reflect.NativeMethodAccessorImpl.invoke0(Native Method)
    at sun.reflect.NativeMethodAccessorImpl.invoke(NativeMethodAccessorImpl.java:62)
    at sun.reflect.DelegatingMethodAccessorImpl.invoke(DelegatingMethodAccessorImpl.java:43)
~ test9(introclassJava.grade_cd2d9b5b_009BlackboxTest)
[expected:<...udentscore(percent)>[Studenthasfailedthecourse]> but was:<...udentscore(percent)>[]>]
org.junit.ComparisonFailure: expected:<...udentscore(percent)>[Studenthasfailedthecourse]> but was:<...udentscore(percent)>[]>    at org.junit.Assert.assertEquals(Assert.java:115)
    at org.junit.Assert.assertEquals(Assert.java:144)
    at introclassJava.grade_cd2d9b5b_009BlackboxTest.test9(grade_cd2d9b5b_009BlackboxTest.java:86)
    at sun.reflect.NativeMethodAccessorImpl.invoke0(Native Method)
    at sun.reflect.NativeMethodAccessorImpl.invoke(NativeMethodAccessorImpl.java:62)
    at sun.reflect.DelegatingMethodAccessorImpl.invoke(DelegatingMethodAccessorImpl.java:43)

16:46:03.999 [pool-2-thread-1] DEBUG fr.inria.lille.repair.nopol.NoPol - statement #13
16:46:04.000 [pool-2-thread-1] DEBUG fr.inria.lille.repair.nopol.NoPol - Analysing SourceLocation introclassJava.grade_cd2d9b5b_009:66 which is executed by 18 tests
-1193998004
16:46:04.055 [pool-2-thread-1] DEBUG fr.inria.lille.repair.nopol.NoPol - looking with class fr.inria.lille.repair.nopol.spoon.smt.ConditionalAdder
org.junit.ComparisonFailure: expected:<...udentscore(percent)>[Studenthasfailedthecourse]> but was:<...udentscore(percent)>[]>
    at org.junit.Assert.assertEquals(Assert.java:115)
    at org.junit.Assert.assertEquals(Assert.java:144)
    at introclassJava.grade_cd2d9b5b_009WhiteboxTest.test9(grade_cd2d9b5b_009WhiteboxTest.java:86)
    at sun.reflect.NativeMethodAccessorImpl.invoke0(Native Method)
    at sun.reflect.NativeMethodAccessorImpl.invoke(NativeMethodAccessorImpl.java:62)
    at sun.reflect.DelegatingMethodAccessorImpl.invoke(DelegatingMethodAccessorImpl.java:43)
org.junit.ComparisonFailure: expected:<...udentscore(percent)>[Studenthasfailedthecourse]> but was:<...udentscore(percent)>[]>
    at org.junit.Assert.assertEquals(Assert.java:115)
    at org.junit.Assert.assertEquals(Assert.java:144)
    at introclassJava.grade_cd2d9b5b_009BlackboxTest.test9(grade_cd2d9b5b_009BlackboxTest.java:86)
    at sun.reflect.NativeMethodAccessorImpl.invoke0(Native Method)
    at sun.reflect.NativeMethodAccessorImpl.invoke(NativeMethodAccessorImpl.java:62)
    at sun.reflect.DelegatingMethodAccessorImpl.invoke(DelegatingMethodAccessorImpl.java:43)
16:46:04.070 [pool-94-thread-1] INFO  xxl.java.junit.TestCasesListener - Tests run finished (12 ms)
<> Total tests run: 18
<> Ignored tests: 0
<> Failed tests: 2
~ test9(introclassJava.grade_cd2d9b5b_009WhiteboxTest)
[expected:<...udentscore(percent)>[Studenthasfailedthecourse]> but was:<...udentscore(percent)>[]>]
org.junit.ComparisonFailure: expected:<...udentscore(percent)>[Studenthasfailedthecourse]> but was:<...udentscore(percent)>[]>    at org.junit.Assert.assertEquals(Assert.java:115)
    at org.junit.Assert.assertEquals(Assert.java:144)
    at introclassJava.grade_cd2d9b5b_009WhiteboxTest.test9(grade_cd2d9b5b_009WhiteboxTest.java:86)
    at sun.reflect.NativeMethodAccessorImpl.invoke0(Native Method)
    at sun.reflect.NativeMethodAccessorImpl.invoke(NativeMethodAccessorImpl.java:62)
    at sun.reflect.DelegatingMethodAccessorImpl.invoke(DelegatingMethodAccessorImpl.java:43)
~ test9(introclassJava.grade_cd2d9b5b_009BlackboxTest)
[expected:<...udentscore(percent)>[Studenthasfailedthecourse]> but was:<...udentscore(percent)>[]>]
org.junit.ComparisonFailure: expected:<...udentscore(percent)>[Studenthasfailedthecourse]> but was:<...udentscore(percent)>[]>    at org.junit.Assert.assertEquals(Assert.java:115)
    at org.junit.Assert.assertEquals(Assert.java:144)
    at introclassJava.grade_cd2d9b5b_009BlackboxTest.test9(grade_cd2d9b5b_009BlackboxTest.java:86)
    at sun.reflect.NativeMethodAccessorImpl.invoke0(Native Method)
    at sun.reflect.NativeMethodAccessorImpl.invoke(NativeMethodAccessorImpl.java:62)
    at sun.reflect.DelegatingMethodAccessorImpl.invoke(DelegatingMethodAccessorImpl.java:43)

16:46:04.161 [pool-2-thread-1] DEBUG fr.inria.lille.repair.nopol.NoPol - statement #14
16:46:04.161 [pool-2-thread-1] DEBUG fr.inria.lille.repair.nopol.NoPol - Analysing SourceLocation introclassJava.grade_cd2d9b5b_009:65 which is executed by 18 tests
-1193998004
16:46:04.221 [pool-2-thread-1] DEBUG fr.inria.lille.repair.nopol.NoPol - statement #15
16:46:04.221 [pool-2-thread-1] DEBUG fr.inria.lille.repair.nopol.NoPol - Analysing SourceLocation introclassJava.grade_cd2d9b5b_009:63 which is executed by 18 tests
-1193998004
16:46:04.276 [pool-2-thread-1] DEBUG fr.inria.lille.repair.nopol.NoPol - looking with class fr.inria.lille.repair.nopol.spoon.smt.ConditionalAdder
org.junit.ComparisonFailure: expected:<...udentscore(percent)>[Studenthasfailedthecourse]> but was:<...udentscore(percent)>[]>
    at org.junit.Assert.assertEquals(Assert.java:115)
    at org.junit.Assert.assertEquals(Assert.java:144)
    at introclassJava.grade_cd2d9b5b_009WhiteboxTest.test9(grade_cd2d9b5b_009WhiteboxTest.java:86)
    at sun.reflect.NativeMethodAccessorImpl.invoke0(Native Method)
    at sun.reflect.NativeMethodAccessorImpl.invoke(NativeMethodAccessorImpl.java:62)
    at sun.reflect.DelegatingMethodAccessorImpl.invoke(DelegatingMethodAccessorImpl.java:43)
org.junit.ComparisonFailure: expected:<...udentscore(percent)>[Studenthasfailedthecourse]> but was:<...udentscore(percent)>[]>
    at org.junit.Assert.assertEquals(Assert.java:115)
    at org.junit.Assert.assertEquals(Assert.java:144)
    at introclassJava.grade_cd2d9b5b_009BlackboxTest.test9(grade_cd2d9b5b_009BlackboxTest.java:86)
    at sun.reflect.NativeMethodAccessorImpl.invoke0(Native Method)
    at sun.reflect.NativeMethodAccessorImpl.invoke(NativeMethodAccessorImpl.java:62)
    at sun.reflect.DelegatingMethodAccessorImpl.invoke(DelegatingMethodAccessorImpl.java:43)
16:46:04.293 [pool-100-thread-1] INFO  xxl.java.junit.TestCasesListener - Tests run finished (13 ms)
<> Total tests run: 18
<> Ignored tests: 0
<> Failed tests: 2
~ test9(introclassJava.grade_cd2d9b5b_009WhiteboxTest)
[expected:<...udentscore(percent)>[Studenthasfailedthecourse]> but was:<...udentscore(percent)>[]>]
org.junit.ComparisonFailure: expected:<...udentscore(percent)>[Studenthasfailedthecourse]> but was:<...udentscore(percent)>[]>    at org.junit.Assert.assertEquals(Assert.java:115)
    at org.junit.Assert.assertEquals(Assert.java:144)
    at introclassJava.grade_cd2d9b5b_009WhiteboxTest.test9(grade_cd2d9b5b_009WhiteboxTest.java:86)
    at sun.reflect.NativeMethodAccessorImpl.invoke0(Native Method)
    at sun.reflect.NativeMethodAccessorImpl.invoke(NativeMethodAccessorImpl.java:62)
    at sun.reflect.DelegatingMethodAccessorImpl.invoke(DelegatingMethodAccessorImpl.java:43)
~ test9(introclassJava.grade_cd2d9b5b_009BlackboxTest)
[expected:<...udentscore(percent)>[Studenthasfailedthecourse]> but was:<...udentscore(percent)>[]>]
org.junit.ComparisonFailure: expected:<...udentscore(percent)>[Studenthasfailedthecourse]> but was:<...udentscore(percent)>[]>    at org.junit.Assert.assertEquals(Assert.java:115)
    at org.junit.Assert.assertEquals(Assert.java:144)
    at introclassJava.grade_cd2d9b5b_009BlackboxTest.test9(grade_cd2d9b5b_009BlackboxTest.java:86)
    at sun.reflect.NativeMethodAccessorImpl.invoke0(Native Method)
    at sun.reflect.NativeMethodAccessorImpl.invoke(NativeMethodAccessorImpl.java:62)
    at sun.reflect.DelegatingMethodAccessorImpl.invoke(DelegatingMethodAccessorImpl.java:43)

16:46:04.403 [pool-2-thread-1] DEBUG fr.inria.lille.repair.nopol.NoPol - statement #16
16:46:04.403 [pool-2-thread-1] DEBUG fr.inria.lille.repair.nopol.NoPol - Analysing SourceLocation introclassJava.grade_cd2d9b5b_009:62 which is executed by 18 tests
-1193998004
16:46:04.453 [pool-2-thread-1] DEBUG fr.inria.lille.repair.nopol.NoPol - statement #17
16:46:04.453 [pool-2-thread-1] DEBUG fr.inria.lille.repair.nopol.NoPol - Analysing SourceLocation introclassJava.grade_cd2d9b5b_009:61 which is executed by 18 tests
-1193998004
16:46:04.501 [pool-2-thread-1] DEBUG fr.inria.lille.repair.nopol.NoPol - statement #18
16:46:04.502 [pool-2-thread-1] DEBUG fr.inria.lille.repair.nopol.NoPol - Analysing SourceLocation introclassJava.grade_cd2d9b5b_009:60 which is executed by 18 tests
-1193998004
16:46:04.551 [pool-2-thread-1] INFO  fr.inria.lille.repair.nopol.NoPol - ----INFORMATION----
16:46:04.557 [pool-2-thread-1] INFO  fr.inria.lille.repair.nopol.NoPol - Nb classes : 6
16:46:04.557 [pool-2-thread-1] INFO  fr.inria.lille.repair.nopol.NoPol - Nb methods : 2
16:46:04.557 [pool-2-thread-1] INFO  fr.inria.lille.repair.nopol.NoPol - Nb Statements Analyzed : 17
16:46:04.558 [pool-2-thread-1] INFO  fr.inria.lille.repair.nopol.NoPol - Nb Statements with Angelic Value Found : 0
16:46:04.558 [pool-2-thread-1] INFO  fr.inria.lille.repair.nopol.NoPol - NoPol Execution time : 7868ms
16:46:04.558 [pool-2-thread-1] INFO  fr.inria.lille.repair.nopol.NoPol - 
NO_ANGELIC_VALUE
Command exited with non-zero status 255
18.44user 1.17system 0:09.23elapsed 212%CPU (0avgtext+0avgdata 503064maxresident)k
46072inputs+5272outputs (3major+168006minor)pagefaults 0swaps


Node: suno-14.sophia.grid5000.fr



Date: Wed Dec  5 16:46:04 EST 2018

