cd /tmp/NPEFix_IntroClassJava_digits_e9c74e27a17310a52842f7099c3e5c126298e1a08f2b841169cd5f155e6f2970d14d0314da1f6314ed970de1d20be306a60f0ce341d1c4d01300cc6efad7ab9b_000;
export JAVA_TOOL_OPTIONS="-Dfile.encoding=UTF8 -Duser.language=en-US -Duser.country=US -Duser.language=en";
TZ="America/New_York"; export TZ;
export PATH="/usr/lib/jvm/java-1.8.0-openjdk-amd64/bin/:$PATH";
export JAVA_HOME="/usr/lib/jvm/java-1.8.0-openjdk-amd64/bin/";
time java -Xmx4g -Xms1g -cp /home/tdurieux/defects4j4repair/script/../repair_tools/npefix.jar fr.inria.spirals.npefix.main.run.Main \
    --test introclassJava.digits_e9c74e27_000BlackboxTest:introclassJava.digits_e9c74e27_000WhiteboxTest \
    --iteration 100 \
	--complianceLevel 7 \
	--workingdirectory . \
	--source src/main/java \
	--classpath target/classes:target/test-classes:/home/tdurieux/.m2/repository/junit/junit/4.11/junit-4.11.jar:/home/tdurieux/.m2/repository/org/hamcrest/hamcrest-core/1.3/hamcrest-core-1.3.jar;
	echo "\n\nNode: `hostname`\n";
	echo "\n\nDate: `date`\n";
Picked up JAVA_TOOL_OPTIONS: -Dfile.encoding=UTF8 -Duser.language=en-US -Duser.country=US -Duser.language=en
TernarySplitter  in 3ms
CheckNotNull  in 15ms
ForceNullInit in 33ms
AddImplicitCastChecker --> 0 in 4ms
BeforeDeref --> 22 (failed:0) in 16ms
target--> 24 (failed:0) in 46ms
TryRegister # Try: 0 in 2ms
Assign --> 17 (failed: 0) in 48ms
VarInit --> 3 in 3ms
MethodEncapsulation # Method: 2 in 49ms
ConstructorEncapsulation # Constructor: 10 in 11ms
VariableFor in 2ms
RMI Selector (Host: 127.0.0.1, Port: 10000): KO
introclassJava.digits_e9c74e27_000WhiteboxTest#test1
<No Strat> Status: Ko
introclassJava.digits_e9c74e27_000WhiteboxTest#test8
<No Strat> Status: Ok
introclassJava.digits_e9c74e27_000WhiteboxTest#test9
<No Strat> Status: Ok
introclassJava.digits_e9c74e27_000WhiteboxTest#test2
<No Strat> Status: Ok
introclassJava.digits_e9c74e27_000WhiteboxTest#test3
<No Strat> Status: Ok
introclassJava.digits_e9c74e27_000WhiteboxTest#test4
<No Strat> Status: Ok
introclassJava.digits_e9c74e27_000WhiteboxTest#test5
<No Strat> Status: Ok
introclassJava.digits_e9c74e27_000WhiteboxTest#test6
<No Strat> Status: Ok
introclassJava.digits_e9c74e27_000WhiteboxTest#test10
<No Strat> Status: Ok
introclassJava.digits_e9c74e27_000WhiteboxTest#test7
<No Strat> Status: Ok
introclassJava.digits_e9c74e27_000BlackboxTest#test1
<No Strat> Status: Ok
introclassJava.digits_e9c74e27_000BlackboxTest#test2
<No Strat> Status: Ok
introclassJava.digits_e9c74e27_000BlackboxTest#test3
<No Strat> Status: Ok
introclassJava.digits_e9c74e27_000BlackboxTest#test4
<No Strat> Status: Ok
introclassJava.digits_e9c74e27_000BlackboxTest#test5
<No Strat> Status: Ok
introclassJava.digits_e9c74e27_000BlackboxTest#test6
<No Strat> Status: Ok
Multirun 16/100 16%
introclassJava.digits_e9c74e27_000WhiteboxTest#test1
<No Strat> Status: Ko
introclassJava.digits_e9c74e27_000WhiteboxTest#test1
<No Strat> Status: Ko
introclassJava.digits_e9c74e27_000WhiteboxTest#test1
<No Strat> Status: Ko
introclassJava.digits_e9c74e27_000WhiteboxTest#test1
<No Strat> Status: Ko
introclassJava.digits_e9c74e27_000WhiteboxTest#test1
<No Strat> Status: Ko
introclassJava.digits_e9c74e27_000WhiteboxTest#test1
<No Strat> Status: Ko
4.32user 0.16system 0:02.76elapsed 162%CPU (0avgtext+0avgdata 208592maxresident)k
20872inputs+200outputs (1major+53100minor)pagefaults 0swaps


Node: graphene-134.nancy.grid5000.fr



Date: Thu Dec  6 03:59:44 EST 2018

