cd /tmp/NPEFix_QuixBugs_QUICKSORT_;
export JAVA_TOOL_OPTIONS="-Dfile.encoding=UTF8 -Duser.language=en-US -Duser.country=US -Duser.language=en";
TZ="America/New_York"; export TZ;
export PATH="/usr/lib/jvm/java-1.8.0-openjdk-amd64/bin/:$PATH";
export JAVA_HOME="/usr/lib/jvm/java-1.8.0-openjdk-amd64/bin/";
time java -Xmx4g -Xms1g -cp /home/tdurieux/defects4j4repair/script/../repair_tools/npefix.jar fr.inria.spirals.npefix.main.run.Main \
    --test java_testcases.junit.QUICKSORT_Test \
    --iteration 100 \
	--complianceLevel 8 \
	--workingdirectory . \
	--source src/main/java \
	--classpath target/classes:target/test-classes:/home/tdurieux/.m2/repository/junit/junit/4.11/junit-4.11.jar:/home/tdurieux/.m2/repository/org/hamcrest/hamcrest-core/1.3/hamcrest-core-1.3.jar;
	echo "\n\nNode: `hostname`\n";
	echo "\n\nDate: `date`\n";
Picked up JAVA_TOOL_OPTIONS: -Dfile.encoding=UTF8 -Duser.language=en-US -Duser.country=US -Duser.language=en
TernarySplitter  in 2ms
CheckNotNull  in 1ms
ForceNullInit in 1ms
AddImplicitCastChecker --> 0 in 3ms
BeforeDeref --> 8 (failed:0) in 18ms
target--> 10 (failed:0) in 20ms
TryRegister # Try: 0 in 1ms
Assign --> 28 (failed: 0) in 24ms
VarInit --> 3 in 2ms
MethodEncapsulation # Method: 9 in 36ms
ConstructorEncapsulation # Constructor: 7 in 20ms
VariableFor in 1ms
RMI Selector (Host: 127.0.0.1, Port: 10000): KO
java_testcases.junit.QUICKSORT_Test#test_1
<No Strat> Status: Ko
java_testcases.junit.QUICKSORT_Test#test_2
<No Strat> Status: Ok
java_testcases.junit.QUICKSORT_Test#test_3
<No Strat> Status: Ok
java_testcases.junit.QUICKSORT_Test#test_4
<No Strat> Status: Ok
java_testcases.junit.QUICKSORT_Test#test_5
<No Strat> Status: Ok
java_testcases.junit.QUICKSORT_Test#test_6
<No Strat> Status: Ok
java_testcases.junit.QUICKSORT_Test#test_7
<No Strat> Status: Ok
java_testcases.junit.QUICKSORT_Test#test_8
<No Strat> Status: Ok
java_testcases.junit.QUICKSORT_Test#test_9
<No Strat> Status: Ok
java_testcases.junit.QUICKSORT_Test#test_10
<No Strat> Status: Ok
java_testcases.junit.QUICKSORT_Test#test_11
<No Strat> Status: Ok
java_testcases.junit.QUICKSORT_Test#test_12
<No Strat> Status: Ok
java_testcases.junit.QUICKSORT_Test#test_0
<No Strat> Status: Ok
Multirun 13/100 13%
java_testcases.junit.QUICKSORT_Test#test_1
<No Strat> Status: Ko
java_testcases.junit.QUICKSORT_Test#test_1
<No Strat> Status: Ko
java_testcases.junit.QUICKSORT_Test#test_1
<No Strat> Status: Ko
java_testcases.junit.QUICKSORT_Test#test_1
<No Strat> Status: Ko
java_testcases.junit.QUICKSORT_Test#test_1
<No Strat> Status: Ko
java_testcases.junit.QUICKSORT_Test#test_1
<No Strat> Status: Ko
5.82user 0.28system 0:01.99elapsed 306%CPU (0avgtext+0avgdata 297864maxresident)k
20736inputs+152outputs (1major+77339minor)pagefaults 0swaps


Node: grisou-23.nancy.grid5000.fr



Date: Sun Dec  2 05:24:07 EST 2018

