cd /tmp/RSRepair_Bears_FasterXML-jackson-databind_195430379-198387397;
export JAVA_TOOL_OPTIONS="-Dfile.encoding=UTF8 -Duser.language=en-US -Duser.country=US -Duser.language=en";
TZ="America/New_York"; export TZ;
export PATH="/usr/lib/jvm/java-1.8.0-openjdk-amd64/bin/:$PATH";
export JAVA_HOME="/usr/lib/jvm/java-1.8.0-openjdk-amd64/bin/";
timeout 120m java -Xmx4g -Xms1g -cp /home/tdurieux/defects4j4repair/script/../libs/jmetal.jar:/home/tdurieux/defects4j4repair/script/../repair_tools/arja.jar us.msu.cse.repair.Main \
	RSRepair \
	-DexternalProjRoot /home/tdurieux/defects4j4repair/script/../libs/arja_external \
	-DsrcJavaDir /tmp/RSRepair_Bears_FasterXML-jackson-databind_195430379-198387397/src/main/java \
	-DbinJavaDir /tmp/RSRepair_Bears_FasterXML-jackson-databind_195430379-198387397/target/classes \
	-DbinTestDir /tmp/RSRepair_Bears_FasterXML-jackson-databind_195430379-198387397/target/test-classes \
	-DdiffFormat true \
	-Dseed 0 \
	-Ddependences /home/tdurieux/.m2/repository/javax/measure/jsr-275/0.9.1/jsr-275-0.9.1.jar:/home/tdurieux/.m2/repository/junit/junit/4.12/junit-4.12.jar:/home/tdurieux/.m2/repository/org/powermock/powermock-module-junit4-common/1.6.3/powermock-module-junit4-common-1.6.3.jar:/home/tdurieux/.m2/repository/org/powermock/powermock-reflect/1.6.3/powermock-reflect-1.6.3.jar:/home/tdurieux/.m2/repository/org/objenesis/objenesis/2.1/objenesis-2.1.jar:/home/tdurieux/.m2/repository/com/fasterxml/jackson/core/jackson-annotations/2.7.0/jackson-annotations-2.7.0.jar:/home/tdurieux/.m2/repository/org/powermock/powermock-core/1.6.3/powermock-core-1.6.3.jar:/home/tdurieux/.m2/repository/org/powermock/powermock-module-junit4/1.6.3/powermock-module-junit4-1.6.3.jar:/home/tdurieux/.m2/repository/org/powermock/powermock-api-mockito/1.6.3/powermock-api-mockito-1.6.3.jar:/home/tdurieux/.m2/repository/com/fasterxml/jackson/core/jackson-core/2.7.8/jackson-core-2.7.8.jar:/home/tdurieux/.m2/repository/org/mockito/mockito-all/1.10.19/mockito-all-1.10.19.jar:/home/tdurieux/.m2/repository/org/hamcrest/hamcrest-core/1.3/hamcrest-core-1.3.jar:/home/tdurieux/.m2/repository/org/javassist/javassist/3.20.0-GA/javassist-3.20.0-GA.jar:/home/tdurieux/.m2/repository/org/powermock/powermock-api-support/1.6.3/powermock-api-support-1.6.3.jar;
	echo "\n\nNode: `hostname`\n";
	echo "\n\nDate: `date`\n";
Picked up JAVA_TOOL_OPTIONS: -Dfile.encoding=UTF8 -Duser.language=en-US -Duser.country=US -Duser.language=en
Fault localization starts...
Number of positive tests: 1580
Number of negative tests: 35
Fault localization is finished!
AST parsing starts...
AST parsing is finished!
Detection of local variables starts...
Detection of local variables is finished!
Detection of fields starts...
Detection of fields is finished!
Detection of methods starts...
Detection of methods is finished!
Ingredient screener starts...
Ingredient screener is finished!
Initialization of manipulations starts...
Initialization of manipulations is finished!
Filtering of the tests starts...
Number of positive tests considered: 0
Filtering of the tests is finished!
One fitness evaluation starts...
Exception in thread "main" java.lang.IndexOutOfBoundsException: Index: 0, Size: 0
	at java.util.ArrayList.rangeCheck(ArrayList.java:657)
	at java.util.ArrayList.get(ArrayList.java:433)
	at us.msu.cse.repair.ec.problems.GenProgProblem.evaluate(GenProgProblem.java:89)
	at us.msu.cse.repair.ec.algorithms.RSRepairRandomSearch.execute(RSRepairRandomSearch.java:34)
	at us.msu.cse.repair.core.AbstractRepairAlgorithm.execute(AbstractRepairAlgorithm.java:18)
	at us.msu.cse.repair.RSRepairMain.main(RSRepairMain.java:44)
	at us.msu.cse.repair.Main.main(Main.java:12)


Node: grisou-1.nancy.grid5000.fr



Date: Thu Dec 27 10:31:50 EST 2018

