debconf: unable to initialize frontend: Dialog
debconf: (Dialog frontend will not work on a dumb terminal, an emacs shell buffer, or without a controlling terminal.)
debconf: falling back to frontend: Readline
debconf: unable to initialize frontend: Readline
debconf: (This frontend requires a controlling tty.)
debconf: falling back to frontend: Teletype
dpkg-preconfigure: unable to re-open stdin: 
Traceback (most recent call last):
  File "/home/tdurieux/defects4j4repair/script/runner/local/LocalRunner.py", line 42, in run
    task.run()
  File "/home/tdurieux/defects4j4repair/script/runner/RepairTask.py", line 27, in run
    return self.tool.repair(self)
  File "/home/tdurieux/defects4j4repair/script/core/repair_tools/Astor.py", line 43, in repair
    if bug.compliance_level() > 7:
  File "/home/tdurieux/defects4j4repair/script/core/Bug.py", line 62, in compliance_level
    return self.benchmark.compliance_level(self)
  File "/home/tdurieux/defects4j4repair/script/core/benchmarks/Bears.py", line 203, in compliance_level
    info = self._get_project_info(bug)
  File "/home/tdurieux/defects4j4repair/script/core/benchmarks/Bears.py", line 73, in _get_project_info
    info = json.loads(subprocess.check_output(cmd, shell=True))
  File "/usr/lib/python2.7/subprocess.py", line 219, in check_output
    raise CalledProcessError(retcode, cmd, output=output)
CalledProcessError: Command 'cd /tmp/jGenProg_Bears_dhis2-dhis2-core_365246679-365386294;
mvn com.github.tdurieux:project-config-maven-plugin:1.0-SNAPSHOT:info -q;
' returned non-zero exit status 1
