cd /tmp/NPEFix_Bears_DmitriiSerikov-money-transfer-service_446104441-446106577;
export JAVA_TOOL_OPTIONS="-Dfile.encoding=UTF8 -Duser.language=en-US -Duser.country=US -Duser.language=en";
TZ="America/New_York"; export TZ;
export PATH="/usr/lib/jvm/java-1.8.0-openjdk-amd64/bin/:$PATH";
export JAVA_HOME="/usr/lib/jvm/java-1.8.0-openjdk-amd64/bin/";
time java -Xmx4048m -cp /home/tdurieux/RepairThemAll/script/../repair_tools/npefix.jar fr.inria.spirals.npefix.main.run.Main \
    --test com.github.example.holder.impl.LockHolderSpec \
    --iteration 100 \
	--complianceLevel 8 \
	--workingdirectory . \
	--source src/main/java \
	--classpath target/classes:target/test-classes:/home/tdurieux/.m2/repository/javax/inject/javax.inject/1/javax.inject-1.jar:/home/tdurieux/.m2/repository/com/blogspot/toomuchcoding/spock-subjects-collaborators-extension/1.2.2/spock-subjects-collaborators-extension-1.2.2.jar:/home/tdurieux/.m2/repository/io/micronaut/micronaut-inject-groovy/1.0.0.RC3/micronaut-inject-groovy-1.0.0.RC3.jar:/home/tdurieux/.m2/repository/com/fasterxml/jackson/core/jackson-core/2.9.7/jackson-core-2.9.7.jar:/home/tdurieux/.m2/repository/io/netty/netty-common/4.1.30.Final/netty-common-4.1.30.Final.jar:/home/tdurieux/.m2/repository/io/netty/netty-handler-proxy/4.1.30.Final/netty-handler-proxy-4.1.30.Final.jar:/home/tdurieux/.m2/repository/io/micronaut/micronaut-websocket/1.0.0.RC3/micronaut-websocket-1.0.0.RC3.jar:/home/tdurieux/.m2/repository/org/codehaus/groovy/groovy-sql/2.5.2/groovy-sql-2.5.2.jar:/home/tdurieux/.m2/repository/io/netty/netty-transport/4.1.30.Final/netty-transport-4.1.30.Final.jar:/home/tdurieux/.m2/repository/com/fasterxml/jackson/core/jackson-databind/2.9.7/jackson-databind-2.9.7.jar:/home/tdurieux/.m2/repository/com/fasterxml/jackson/datatype/jackson-datatype-jsr310/2.9.7/jackson-datatype-jsr310-2.9.7.jar:/home/tdurieux/.m2/repository/ch/qos/logback/logback-classic/1.2.3/logback-classic-1.2.3.jar:/home/tdurieux/.m2/repository/com/google/code/findbugs/jsr305/3.0.2/jsr305-3.0.2.jar:/home/tdurieux/.m2/repository/com/fasterxml/jackson/core/jackson-annotations/2.9.7/jackson-annotations-2.9.7.jar:/home/tdurieux/.m2/repository/io/micronaut/micronaut-runtime/1.0.0.RC3/micronaut-runtime-1.0.0.RC3.jar:/home/tdurieux/.m2/repository/io/micronaut/micronaut-router/1.0.0.RC3/micronaut-router-1.0.0.RC3.jar:/home/tdurieux/.m2/repository/io/netty/netty-resolver/4.1.30.Final/netty-resolver-4.1.30.Final.jar:/home/tdurieux/.m2/repository/io/micronaut/micronaut-http-server-netty/1.0.0.RC3/micronaut-http-server-netty-1.0.0.RC3.jar:/home/tdurieux/.m2/repository/ch/qos/logback/logback-core/1.2.3/logback-core-1.2.3.jar:/home/tdurieux/.m2/repository/io/micronaut/micronaut-buffer-netty/1.0.0.RC3/micronaut-buffer-netty-1.0.0.RC3.jar:/home/tdurieux/.m2/repository/io/micronaut/micronaut-http-server/1.0.0.RC3/micronaut-http-server-1.0.0.RC3.jar:/home/tdurieux/.m2/repository/org/codehaus/groovy/groovy/2.5.2/groovy-2.5.2.jar:/home/tdurieux/.m2/repository/io/micronaut/micronaut-aop/1.0.0.RC3/micronaut-aop-1.0.0.RC3.jar:/home/tdurieux/.m2/repository/javax/annotation/javax.annotation-api/1.3.2/javax.annotation-api-1.3.2.jar:/home/tdurieux/.m2/repository/org/codehaus/groovy/groovy-xml/2.5.2/groovy-xml-2.5.2.jar:/home/tdurieux/.m2/repository/io/netty/netty-buffer/4.1.30.Final/netty-buffer-4.1.30.Final.jar:/home/tdurieux/.m2/repository/io/micronaut/micronaut-http-client/1.0.0.RC3/micronaut-http-client-1.0.0.RC3.jar:/home/tdurieux/.m2/repository/org/reactivestreams/reactive-streams/1.0.1/reactive-streams-1.0.1.jar:/home/tdurieux/.m2/repository/org/modelmapper/modelmapper/2.3.0/modelmapper-2.3.0.jar:/home/tdurieux/.m2/repository/com/fasterxml/jackson/datatype/jackson-datatype-jdk8/2.9.7/jackson-datatype-jdk8-2.9.7.jar:/home/tdurieux/.m2/repository/io/micronaut/micronaut-inject-java/1.0.0.RC3/micronaut-inject-java-1.0.0.RC3.jar:/home/tdurieux/.m2/repository/io/micronaut/micronaut-http-netty/1.0.0.RC3/micronaut-http-netty-1.0.0.RC3.jar:/home/tdurieux/.m2/repository/javax/validation/validation-api/2.0.1.Final/validation-api-2.0.1.Final.jar:/home/tdurieux/.m2/repository/io/micronaut/micronaut-core/1.0.0.RC3/micronaut-core-1.0.0.RC3.jar:/home/tdurieux/.m2/repository/org/codehaus/groovy/groovy-test/2.5.1/groovy-test-2.5.1.jar:/home/tdurieux/.m2/repository/org/slf4j/slf4j-api/1.7.25/slf4j-api-1.7.25.jar:/home/tdurieux/.m2/repository/org/spockframework/spock-core/1.2-groovy-2.5/spock-core-1.2-groovy-2.5.jar:/home/tdurieux/.m2/repository/io/netty/netty-handler/4.1.30.Final/netty-handler-4.1.30.Final.jar:/home/tdurieux/.m2/repository/io/netty/netty-codec-http/4.1.30.Final/netty-codec-http-4.1.30.Final.jar:/home/tdurieux/.m2/repository/io/micronaut/micronaut-validation/1.0.0.RC3/micronaut-validation-1.0.0.RC3.jar:/home/tdurieux/.m2/repository/org/hamcrest/hamcrest-core/1.3/hamcrest-core-1.3.jar:/home/tdurieux/.m2/repository/io/micronaut/micronaut-inject/1.0.0.RC3/micronaut-inject-1.0.0.RC3.jar:/home/tdurieux/.m2/repository/io/reactivex/rxjava2/rxjava/2.2.2/rxjava-2.2.2.jar:/home/tdurieux/.m2/repository/org/codehaus/groovy/groovy-json/2.5.1/groovy-json-2.5.1.jar:/home/tdurieux/.m2/repository/junit/junit/4.12/junit-4.12.jar:/home/tdurieux/.m2/repository/org/codehaus/groovy/groovy-nio/2.5.2/groovy-nio-2.5.2.jar:/home/tdurieux/.m2/repository/org/codehaus/groovy/groovy-macro/2.5.2/groovy-macro-2.5.2.jar:/home/tdurieux/.m2/repository/io/netty/netty-codec/4.1.30.Final/netty-codec-4.1.30.Final.jar:/home/tdurieux/.m2/repository/io/netty/netty-codec-socks/4.1.30.Final/netty-codec-socks-4.1.30.Final.jar:/home/tdurieux/.m2/repository/org/yaml/snakeyaml/1.23/snakeyaml-1.23.jar:/home/tdurieux/.m2/repository/org/codehaus/groovy/groovy-templates/2.5.1/groovy-templates-2.5.1.jar:/home/tdurieux/.m2/repository/io/micronaut/micronaut-http/1.0.0.RC3/micronaut-http-1.0.0.RC3.jar;
	echo "\n\nNode: `hostname`\n";
	echo "\n\nDate: `date`\n";
Picked up JAVA_TOOL_OPTIONS: -Dfile.encoding=UTF8 -Duser.language=en-US -Duser.country=US -Duser.language=en
TernarySplitter  in 15ms
CheckNotNull  in 22ms
ForceNullInit in 22ms
AddImplicitCastChecker --> 0 in 48ms
BeforeDeref --> 104 (failed:0) in 65ms
target--> 160 (failed:0) in 129ms
TryRegister # Try: 7 in 14ms
Assign --> 61 (failed: 0) in 50ms
VarInit --> 22 in 21ms
MethodEncapsulation # Method: 121 in 146ms
ConstructorEncapsulation # Constructor: 17 in 54ms
VariableFor in 15ms
RMI Selector (Host: 127.0.0.1, Port: 10000): KO
com.github.example.holder.impl.LockHolderSpec#$spock_feature_0_0
<No Strat> Status: Ok
com.github.example.holder.impl.LockHolderSpec#$spock_feature_0_1
<No Strat> Status: Ok
com.github.example.holder.impl.LockHolderSpec#$spock_feature_0_3
<No Strat> Status: Ok
com.github.example.holder.impl.LockHolderSpec#$spock_feature_0_2
<No Strat> Status: Ok
Multirun 4/100 4%
20.85user 0.47system 0:06.42elapsed 332%CPU (0avgtext+0avgdata 517228maxresident)k
18296inputs+912outputs (1major+140252minor)pagefaults 0swaps


Node: suno-23.sophia.grid5000.fr



Date: Wed Dec 26 12:22:40 EST 2018

