cd /tmp/NPEFix_Bug_dot_jar_Wicket_ef880545;
export JAVA_TOOL_OPTIONS="-Dfile.encoding=UTF8 -Duser.language=en-US -Duser.country=US -Duser.language=en";
TZ="America/New_York"; export TZ;
export PATH="/usr/lib/jvm/java-1.8.0-openjdk-amd64/bin/:$PATH";
export JAVA_HOME="/usr/lib/jvm/java-1.8.0-openjdk-amd64/bin/";
time java -Xmx4048m -cp /home/tdurieux/defects4j4repair/script/../repair_tools/npefix.jar fr.inria.spirals.npefix.main.run.Main \
    --test org.apache.wicket.util.lang.PropertyResolverTest \
    --iteration 100 \
	--complianceLevel 7 \
	--workingdirectory . \
	--source wicket/src/main/java \
	--classpath wicket/target/classes:/home/tdurieux/.m2/repository/javax/servlet/servlet-api/2.3/servlet-api-2.3.jar:/home/tdurieux/.m2/repository/joda-time/joda-time/1.6/joda-time-1.6.jar:/home/tdurieux/.m2/repository/velocity/velocity-dep/1.4/velocity-dep-1.4.jar:/home/tdurieux/.m2/repository/org/mortbay/jetty/jetty-util/6.1.21/jetty-util-6.1.21.jar:/home/tdurieux/.m2/repository/javax/portlet/portlet-api/2.0/portlet-api-2.0.jar:/home/tdurieux/.m2/repository/aopalliance/aopalliance/1.0/aopalliance-1.0.jar:/home/tdurieux/.m2/repository/xerces/xmlParserAPIs/2.2.1/xmlParserAPIs-2.2.1.jar:/home/tdurieux/.m2/repository/org/mortbay/jetty/jetty/6.1.21/jetty-6.1.21.jar:/home/tdurieux/.m2/repository/commons-lang/commons-lang/2.1/commons-lang-2.1.jar:/home/tdurieux/.m2/repository/com/google/inject/guice/2.0/guice-2.0.jar:/home/tdurieux/.m2/repository/org/slf4j/slf4j-api/1.5.8/slf4j-api-1.5.8.jar:/home/tdurieux/.m2/repository/org/springframework/spring/2.5.6/spring-2.5.6.jar:/home/tdurieux/.m2/repository/jtidy/jtidy/4aug2000r7-dev/jtidy-4aug2000r7-dev.jar:/home/tdurieux/.m2/repository/org/mockito/mockito-all/1.8.0/mockito-all-1.8.0.jar:/home/tdurieux/.m2/repository/cglib/cglib-nodep/2.1_3/cglib-nodep-2.1_3.jar:/home/tdurieux/.m2/repository/org/mortbay/jetty/servlet-api/2.5-20081211/servlet-api-2.5-20081211.jar:/home/tdurieux/.m2/repository/nekohtml/nekohtml/0.9.1/nekohtml-0.9.1.jar:/home/tdurieux/.m2/repository/httpunit/httpunit/1.6.1/httpunit-1.6.1.jar:/home/tdurieux/.m2/repository/org/mortbay/jetty/jetty-management/6.1.21/jetty-management-6.1.21.jar:/home/tdurieux/.m2/repository/xerces/xercesImpl/2.6.2/xercesImpl-2.6.2.jar:/home/tdurieux/.m2/repository/com/uwyn/jhighlight/1.0/jhighlight-1.0.jar:/home/tdurieux/.m2/repository/log4j/log4j/1.2.13/log4j-1.2.13.jar:/home/tdurieux/.m2/repository/junit/junit/4.7/junit-4.7.jar:/home/tdurieux/.m2/repository/org/slf4j/slf4j-log4j12/1.5.8/slf4j-log4j12-1.5.8.jar:/home/tdurieux/.m2/repository/commons-logging/commons-logging/1.1/commons-logging-1.1.jar:/home/tdurieux/.m2/repository/velocity/velocity/1.4/velocity-1.4.jar:/home/tdurieux/.m2/repository/commons-httpclient/commons-httpclient/3.0.1/commons-httpclient-3.0.1.jar:/home/tdurieux/.m2/repository/easymock/easymock/1.2_Java1.3/easymock-1.2_Java1.3.jar:/home/tdurieux/.m2/repository/commons-codec/commons-codec/1.2/commons-codec-1.2.jar:/home/tdurieux/.m2/repository/rhino/js/1.5R4.1/js-1.5R4.1.jar;
	echo "\n\nNode: `hostname`\n";
	echo "\n\nDate: `date`\n";
Picked up JAVA_TOOL_OPTIONS: -Dfile.encoding=UTF8 -Duser.language=en-US -Duser.country=US -Duser.language=en
Exception in thread "main" spoon.compiler.ModelBuildingException: Type mismatch: cannot convert from Constructor<capture#78-of ?> to Constructor<? super T> at /tmp/NPEFix_Bug_dot_jar_Wicket_ef880545/wicket/src/main/java/org/apache/wicket/util/io/ClassStreamHandler.java:548
	at spoon.support.compiler.jdt.JDTBasedSpoonCompiler.report(JDTBasedSpoonCompiler.java:581)
	at spoon.support.compiler.jdt.JDTBasedSpoonCompiler.reportProblems(JDTBasedSpoonCompiler.java:562)
	at spoon.support.compiler.jdt.JDTBasedSpoonCompiler.build(JDTBasedSpoonCompiler.java:119)
	at spoon.support.compiler.jdt.JDTBasedSpoonCompiler.build(JDTBasedSpoonCompiler.java:100)
	at spoon.Launcher.buildModel(Launcher.java:709)
	at fr.inria.spirals.npefix.main.all.Launcher.init(Launcher.java:201)
	at fr.inria.spirals.npefix.main.all.Launcher.<init>(Launcher.java:85)
	at fr.inria.spirals.npefix.main.run.Main.run(Main.java:59)
	at fr.inria.spirals.npefix.main.run.Main.main(Main.java:48)
Command exited with non-zero status 1
58.44user 1.41system 0:10.04elapsed 595%CPU (0avgtext+0avgdata 1174368maxresident)k
32440inputs+128outputs (21major+309794minor)pagefaults 0swaps


Node: petitprince-6.luxembourg.grid5000.fr



Date: Sat Dec 29 05:36:44 EST 2018

