cd /tmp/RSRepair_Bug_dot_jar_Wicket_9ced53a5;
export JAVA_TOOL_OPTIONS="-Dfile.encoding=UTF8 -Duser.language=en-US -Duser.country=US -Duser.language=en";
TZ="America/New_York"; export TZ;
export PATH="/home/tdurieux/defects4j4repair/openjdk-1.7.0/bin/:$PATH";
export JAVA_HOME="/home/tdurieux/defects4j4repair/openjdk-1.7.0/bin/";
timeout 120m java -Xmx4048m -cp /home/tdurieux/defects4j4repair/script/../libs/jmetal.jar:/home/tdurieux/defects4j4repair/script/../repair_tools/arja.jar us.msu.cse.repair.Main \
	RSRepair \
	-DexternalProjRoot /home/tdurieux/defects4j4repair/script/../libs/arja_external \
	-DsrcJavaDir /tmp/RSRepair_Bug_dot_jar_Wicket_9ced53a5/wicket/src/main/java \
	-DbinJavaDir /tmp/RSRepair_Bug_dot_jar_Wicket_9ced53a5/wicket/target/classes \
	-DbinTestDir  \
	-DdiffFormat true \
	-Dseed 0 \
	-Ddependences /home/tdurieux/.m2/repository/javax/servlet/servlet-api/2.3/servlet-api-2.3.jar:/home/tdurieux/.m2/repository/org/apache/wicket/wicket-ioc/1.5-SNAPSHOT/wicket-ioc-1.5-SNAPSHOT.jar:/home/tdurieux/.m2/repository/joda-time/joda-time/1.6/joda-time-1.6.jar:/home/tdurieux/.m2/repository/velocity/velocity-dep/1.4/velocity-dep-1.4.jar:/home/tdurieux/.m2/repository/org/mortbay/jetty/jetty-util/6.1.21/jetty-util-6.1.21.jar:/home/tdurieux/.m2/repository/javax/portlet/portlet-api/2.0/portlet-api-2.0.jar:/home/tdurieux/.m2/repository/aopalliance/aopalliance/1.0/aopalliance-1.0.jar:/home/tdurieux/.m2/repository/org/apache/wicket/wicket-extensions/1.5-SNAPSHOT/wicket-extensions-1.5-SNAPSHOT.jar:/home/tdurieux/.m2/repository/xerces/xmlParserAPIs/2.2.1/xmlParserAPIs-2.2.1.jar:/home/tdurieux/.m2/repository/org/mortbay/jetty/jetty/6.1.21/jetty-6.1.21.jar:/home/tdurieux/.m2/repository/commons-lang/commons-lang/2.1/commons-lang-2.1.jar:/home/tdurieux/.m2/repository/com/google/inject/guice/2.0/guice-2.0.jar:/home/tdurieux/.m2/repository/org/slf4j/slf4j-api/1.5.8/slf4j-api-1.5.8.jar:/home/tdurieux/.m2/repository/org/springframework/spring/2.5.6/spring-2.5.6.jar:/home/tdurieux/.m2/repository/jtidy/jtidy/4aug2000r7-dev/jtidy-4aug2000r7-dev.jar:/home/tdurieux/.m2/repository/org/mockito/mockito-all/1.8.0/mockito-all-1.8.0.jar:/home/tdurieux/.m2/repository/cglib/cglib-nodep/2.1_3/cglib-nodep-2.1_3.jar:/home/tdurieux/.m2/repository/org/mortbay/jetty/servlet-api/2.5-20081211/servlet-api-2.5-20081211.jar:/home/tdurieux/.m2/repository/nekohtml/nekohtml/0.9.1/nekohtml-0.9.1.jar:/home/tdurieux/.m2/repository/httpunit/httpunit/1.6.1/httpunit-1.6.1.jar:/home/tdurieux/.m2/repository/org/apache/wicket/wicket-datetime/1.5-SNAPSHOT/wicket-datetime-1.5-SNAPSHOT.jar:/home/tdurieux/.m2/repository/org/mortbay/jetty/jetty-management/6.1.21/jetty-management-6.1.21.jar:/home/tdurieux/.m2/repository/org/apache/wicket/wicket-auth-roles/1.5-SNAPSHOT/wicket-auth-roles-1.5-SNAPSHOT.jar:/home/tdurieux/.m2/repository/xerces/xercesImpl/2.6.2/xercesImpl-2.6.2.jar:/home/tdurieux/.m2/repository/org/apache/wicket/wicket-jmx/1.5-SNAPSHOT/wicket-jmx-1.5-SNAPSHOT.jar:/home/tdurieux/.m2/repository/org/apache/wicket/wicket-guice/1.5-SNAPSHOT/wicket-guice-1.5-SNAPSHOT.jar:/home/tdurieux/.m2/repository/com/uwyn/jhighlight/1.0/jhighlight-1.0.jar:/home/tdurieux/.m2/repository/org/apache/wicket/wicket-spring/1.5-SNAPSHOT/wicket-spring-1.5-SNAPSHOT.jar:/home/tdurieux/.m2/repository/log4j/log4j/1.2.13/log4j-1.2.13.jar:/home/tdurieux/.m2/repository/junit/junit/4.7/junit-4.7.jar:/home/tdurieux/.m2/repository/org/slf4j/slf4j-log4j12/1.5.8/slf4j-log4j12-1.5.8.jar:/home/tdurieux/.m2/repository/commons-logging/commons-logging/1.1/commons-logging-1.1.jar:/home/tdurieux/.m2/repository/velocity/velocity/1.4/velocity-1.4.jar:/home/tdurieux/.m2/repository/commons-httpclient/commons-httpclient/3.0.1/commons-httpclient-3.0.1.jar:/home/tdurieux/.m2/repository/easymock/easymock/1.2_Java1.3/easymock-1.2_Java1.3.jar:/home/tdurieux/.m2/repository/commons-codec/commons-codec/1.2/commons-codec-1.2.jar:/home/tdurieux/.m2/repository/org/apache/wicket/wicket-velocity/1.5-SNAPSHOT/wicket-velocity-1.5-SNAPSHOT.jar:/home/tdurieux/.m2/repository/rhino/js/1.5R4.1/js-1.5R4.1.jar;
	echo "\n\nNode: `hostname`\n";
	echo "\n\nDate: `date`\n";
Picked up JAVA_TOOL_OPTIONS: -Dfile.encoding=UTF8 -Duser.language=en-US -Duser.country=US -Duser.language=en
Exception in thread "main" java.lang.IllegalArgumentException: Parameter 'directory' is not a directory
	at org.apache.commons.io.FileUtils.validateListFilesParameters(FileUtils.java:545)
	at org.apache.commons.io.FileUtils.listFiles(FileUtils.java:521)
	at us.msu.cse.repair.core.util.ClassFinder.scanTestDir(ClassFinder.java:75)
	at us.msu.cse.repair.core.util.ClassFinder.<init>(ClassFinder.java:48)
	at us.msu.cse.repair.core.AbstractRepairProblem.invokeClassFinder(AbstractRepairProblem.java:284)
	at us.msu.cse.repair.core.AbstractRepairProblem.invokeModules(AbstractRepairProblem.java:268)
	at us.msu.cse.repair.core.AbstractRepairProblem.<init>(AbstractRepairProblem.java:244)
	at us.msu.cse.repair.ec.problems.GenProgProblem.<init>(GenProgProblem.java:33)
	at us.msu.cse.repair.RSRepairMain.main(RSRepairMain.java:32)
	at us.msu.cse.repair.Main.main(Main.java:12)


Node: chiclet-2.lille.grid5000.fr



Date: Sat Dec 29 09:45:26 EST 2018

