cd /tmp/NPEFix_Bug_dot_jar_Commons-Math_56434517;
export JAVA_TOOL_OPTIONS="-Dfile.encoding=UTF8 -Duser.language=en-US -Duser.country=US -Duser.language=en";
TZ="America/New_York"; export TZ;
export PATH="/usr/lib/jvm/java-1.8.0-openjdk-amd64/bin/:$PATH";
export JAVA_HOME="/usr/lib/jvm/java-1.8.0-openjdk-amd64/bin/";
time java -Xmx4048m -cp /home/tdurieux/defects4j4repair/script/../repair_tools/npefix.jar fr.inria.spirals.npefix.main.run.Main \
    --test org.apache.commons.math4.exception.util.LocalizedFormatsTest:org.apache.commons.math4.ode.nonstiff.AdamsBashforthIntegratorTest \
    --iteration 100 \
	--complianceLevel 7 \
	--workingdirectory . \
	--source src/main/java \
	--classpath target/classes:target/test-classes:/home/tdurieux/.m2/repository/junit/junit/4.11/junit-4.11.jar:/home/tdurieux/.m2/repository/org/hamcrest/hamcrest-core/1.3/hamcrest-core-1.3.jar;
	echo "\n\nNode: `hostname`\n";
	echo "\n\nDate: `date`\n";
Picked up JAVA_TOOL_OPTIONS: -Dfile.encoding=UTF8 -Duser.language=en-US -Duser.country=US -Duser.language=en
TernarySplitter  in 579ms
return (r) != null
throw new DimensionMismatchException((rm == null ? 0 : rm.getRowDimension()), (b == null ? 0 : b.getDimension()))
throw new DimensionMismatchException((rm == null ? 0 : rm.getRowDimension()), (b == null ? 0 : b.getDimension()))
throw new DimensionMismatchException((rm == null ? 0 : rm.getRowDimension()), (b == null ? 0 : b.getDimension()))
throw new DimensionMismatchException((rm == null ? 0 : rm.getRowDimension()), (b == null ? 0 : b.getDimension()))
final boolean closed = (loop[0]) != null
boolean isCollectionLess = (collection != null) && (((collection.size()) + (size())) <= (capacity))
boolean isNotNull = ((markers) != null) && ((that.markers) != null)
boolean isNotNull = ((markers) != null) && ((that.markers) != null)
boolean isNull = ((markers) == null) && ((that.markers) == null)
boolean isNull = ((markers) == null) && ((that.markers) == null)
this(((initialArray == null) || ((initialArray.length) == 0) ? ResizableDoubleArray.DEFAULT_INITIAL_CAPACITY : initialArray.length), ResizableDoubleArray.DEFAULT_EXPANSION_FACTOR, ((ResizableDoubleArray.DEFAULT_CONTRACTION_DELTA) + (ResizableDoubleArray.DEFAULT_EXPANSION_FACTOR)), ResizableDoubleArray.DEFAULT_EXPANSION_MODE, initialArray)
super((copyArray ? point == null ? null : point.clone() : point), value)
return (pending) != null
throw new ModelSpecificationException(LocalizedFormats.INVALID_REGRESSION_OBSERVATION, (x != null ? x.length : 0), 1)
throw new ModelSpecificationException(LocalizedFormats.DIMENSIONS_MISMATCH_SIMPLE, (x == null ? 0 : x.length), (y == null ? 0 : y.length))
throw new ModelSpecificationException(LocalizedFormats.DIMENSIONS_MISMATCH_SIMPLE, (x == null ? 0 : x.length), (y == null ? 0 : y.length))
this(prototypeStatistics, (prototypeStatistics == null ? null : new SummaryStatistics(prototypeStatistics)))
final boolean usePivotsHeap = pivotsHeap != null
return ((outsideTouching) != null) && (!(outsideTouching.isEmpty()))
return ((insideTouching) != null) && (!(insideTouching.isEmpty()))
return !((x == null) ^ (y == null))
return !((x == null) ^ (y == null))
return !((x == null) ^ (y == null))
return !((x == null) ^ (y == null))
return !((x == null) ^ (y == null))
return !((x == null) ^ (y == null))
return !((x == null) ^ (y == null))
return !((x == null) ^ (y == null))
return (pending) != null
return ((key) == null ? (oP.key) == null : key.equals(oP.key)) && ((value) == null ? (oP.value) == null : value.equals(oP.value))
return ((key) == null ? (oP.key) == null : key.equals(oP.key)) && ((value) == null ? (oP.value) == null : value.equals(oP.value))
return ((key) == null ? (oP.key) == null : key.equals(oP.key)) && ((value) == null ? (oP.value) == null : value.equals(oP.value))
return ((key) == null ? (oP.key) == null : key.equals(oP.key)) && ((value) == null ? (oP.value) == null : value.equals(oP.value))
super((copyArray ? point == null ? null : point.clone() : point), (copyArray ? value == null ? null : value.clone() : value))
super((copyArray ? point == null ? null : point.clone() : point), (copyArray ? value == null ? null : value.clone() : value))
throw new ModelSpecificationException(LocalizedFormats.DIMENSIONS_MISMATCH_SIMPLE, (x == null ? 0 : x.length), (y == null ? 0 : y.length))
throw new ModelSpecificationException(LocalizedFormats.DIMENSIONS_MISMATCH_SIMPLE, (x == null ? 0 : x.length), (y == null ? 0 : y.length))
return new SubHyperplane.SplitSubHyperplane<Sphere2D>((plus == null ? null : new SubCircle(thisCircle.copySelf(), plus)), (minus == null ? null : new SubCircle(thisCircle.copySelf(), minus)))
return new SubHyperplane.SplitSubHyperplane<Sphere2D>((plus == null ? null : new SubCircle(thisCircle.copySelf(), plus)), (minus == null ? null : new SubCircle(thisCircle.copySelf(), minus)))
final int maxParameters = FastMath.max(parameters, (cache == null ? 0 : cache.length))
final int maxOrder = FastMath.max(order, (cache == null ? 0 : cache[0].length))
CheckNotNull  in 2249ms
ForceNullInit in 721ms
AddImplicitCastChecker --> 39 in 742ms
BeforeDeref --> 17525 (failed:0) in 4518ms
target--> 22333 (failed:0) in 9358ms
TryRegister # Try: 98 in 945ms
Assign --> 10066 (failed: 0) in 7326ms
VarInit --> 7641 in 3589ms
MethodEncapsulation # Method: 6127 in 8828ms
ConstructorEncapsulation # Constructor: 1282 in 3913ms
VariableFor in 1566ms
spoon.compiler.ModelBuildingException: The local variable m may not have been initialized at /tmp/NPEFix_Bug_dot_jar_Commons-Math_56434517/MicrosphereProjectionInterpolator.java:98
	at spoon.support.compiler.jdt.JDTBasedSpoonCompiler.report(JDTBasedSpoonCompiler.java:581)
	at spoon.support.compiler.jdt.JDTBasedSpoonCompiler.reportProblems(JDTBasedSpoonCompiler.java:562)
	at spoon.support.compiler.jdt.JDTBasedSpoonCompiler.compile(JDTBasedSpoonCompiler.java:157)
	at fr.inria.spirals.npefix.main.all.Launcher.instrument(Launcher.java:109)
	at fr.inria.spirals.npefix.main.run.Main.run(Main.java:61)
	at fr.inria.spirals.npefix.main.run.Main.main(Main.java:48)
Exception in thread "main" spoon.compiler.ModelBuildingException: The local variable m may not have been initialized at /tmp/NPEFix_Bug_dot_jar_Commons-Math_56434517/MicrosphereProjectionInterpolator.java:98
	at spoon.support.compiler.jdt.JDTBasedSpoonCompiler.report(JDTBasedSpoonCompiler.java:581)
	at spoon.support.compiler.jdt.JDTBasedSpoonCompiler.reportProblems(JDTBasedSpoonCompiler.java:562)
	at spoon.support.compiler.jdt.JDTBasedSpoonCompiler.compile(JDTBasedSpoonCompiler.java:157)
	at fr.inria.spirals.npefix.main.all.Launcher.instrument(Launcher.java:109)
	at fr.inria.spirals.npefix.main.run.Main.run(Main.java:61)
	at fr.inria.spirals.npefix.main.run.Main.main(Main.java:48)
Command exited with non-zero status 1
416.27user 3.82system 4:30.14elapsed 155%CPU (0avgtext+0avgdata 2061540maxresident)k
18168inputs+58560outputs (1major+551001minor)pagefaults 0swaps


Node: granduc-21.luxembourg.grid5000.fr



Date: Sat Dec 29 18:39:17 EST 2018

