cd /tmp/NPEFix_IntroClassJava_grade_9013bd3be8c00de447e6ed49a0fe0fab037251c28e26954bf780f2f3b929a9e7ce9da037811c76028e4069d3857410f82b8f399c7fa4386ea8f97f80aab1f191_000;
export JAVA_TOOL_OPTIONS="-Dfile.encoding=UTF8 -Duser.language=en-US -Duser.country=US -Duser.language=en";
TZ="America/New_York"; export TZ;
export PATH="/usr/lib/jvm/java-1.8.0-openjdk-amd64/bin/:$PATH";
export JAVA_HOME="/usr/lib/jvm/java-1.8.0-openjdk-amd64/bin/";
time java -Xmx4g -Xms1g -cp /home/tdurieux/defects4j4repair/script/../repair_tools/npefix.jar fr.inria.spirals.npefix.main.run.Main \
    --test introclassJava.grade_9013bd3b_000BlackboxTest:introclassJava.grade_9013bd3b_000WhiteboxTest \
    --iteration 100 \
	--complianceLevel 7 \
	--workingdirectory . \
	--source src/main/java \
	--classpath target/classes:target/test-classes:/home/tdurieux/.m2/repository/junit/junit/4.11/junit-4.11.jar:/home/tdurieux/.m2/repository/org/hamcrest/hamcrest-core/1.3/hamcrest-core-1.3.jar;
	echo "\n\nNode: `hostname`\n";
	echo "\n\nDate: `date`\n";
Picked up JAVA_TOOL_OPTIONS: -Dfile.encoding=UTF8 -Duser.language=en-US -Duser.country=US -Duser.language=en
TernarySplitter  in 3ms
CheckNotNull  in 1ms
ForceNullInit in 29ms
AddImplicitCastChecker --> 0 in 4ms
BeforeDeref --> 33 (failed:0) in 22ms
target--> 33 (failed:0) in 66ms
TryRegister # Try: 0 in 2ms
Assign --> 19 (failed: 0) in 49ms
VarInit --> 6 in 4ms
MethodEncapsulation # Method: 2 in 50ms
ConstructorEncapsulation # Constructor: 10 in 11ms
VariableFor in 2ms
RMI Selector (Host: 127.0.0.1, Port: 10000): KO
introclassJava.grade_9013bd3b_000WhiteboxTest#test1
<No Strat> Status: Ko
introclassJava.grade_9013bd3b_000WhiteboxTest#test2
<No Strat> Status: Ko
introclassJava.grade_9013bd3b_000WhiteboxTest#test3
<No Strat> Status: Ko
introclassJava.grade_9013bd3b_000WhiteboxTest#test4
<No Strat> Status: Ko
introclassJava.grade_9013bd3b_000WhiteboxTest#test5
<No Strat> Status: Ko
introclassJava.grade_9013bd3b_000WhiteboxTest#test6
<No Strat> Status: Ko
introclassJava.grade_9013bd3b_000WhiteboxTest#test7
<No Strat> Status: Ko
introclassJava.grade_9013bd3b_000WhiteboxTest#test8
<No Strat> Status: Ko
introclassJava.grade_9013bd3b_000WhiteboxTest#test9
<No Strat> Status: Ko
introclassJava.grade_9013bd3b_000BlackboxTest#test1
<No Strat> Status: Ko
introclassJava.grade_9013bd3b_000BlackboxTest#test2
<No Strat> Status: Ko
introclassJava.grade_9013bd3b_000BlackboxTest#test3
<No Strat> Status: Ko
introclassJava.grade_9013bd3b_000BlackboxTest#test4
<No Strat> Status: Ko
introclassJava.grade_9013bd3b_000BlackboxTest#test5
<No Strat> Status: Ko
introclassJava.grade_9013bd3b_000BlackboxTest#test6
<No Strat> Status: Ko
introclassJava.grade_9013bd3b_000BlackboxTest#test7
<No Strat> Status: Ko
introclassJava.grade_9013bd3b_000BlackboxTest#test8
<No Strat> Status: Ko
introclassJava.grade_9013bd3b_000BlackboxTest#test9
<No Strat> Status: Ko
introclassJava.grade_9013bd3b_000WhiteboxTest#test1
<No Strat> Status: Ko
introclassJava.grade_9013bd3b_000WhiteboxTest#test2
<No Strat> Status: Ko
introclassJava.grade_9013bd3b_000WhiteboxTest#test3
<No Strat> Status: Ko
introclassJava.grade_9013bd3b_000WhiteboxTest#test4
<No Strat> Status: Ko
introclassJava.grade_9013bd3b_000WhiteboxTest#test5
<No Strat> Status: Ko
introclassJava.grade_9013bd3b_000WhiteboxTest#test6
<No Strat> Status: Ko
introclassJava.grade_9013bd3b_000WhiteboxTest#test7
<No Strat> Status: Ko
introclassJava.grade_9013bd3b_000WhiteboxTest#test8
<No Strat> Status: Ko
introclassJava.grade_9013bd3b_000WhiteboxTest#test9
<No Strat> Status: Ko
introclassJava.grade_9013bd3b_000BlackboxTest#test1
<No Strat> Status: Ko
introclassJava.grade_9013bd3b_000BlackboxTest#test2
<No Strat> Status: Ko
introclassJava.grade_9013bd3b_000BlackboxTest#test3
<No Strat> Status: Ko
introclassJava.grade_9013bd3b_000BlackboxTest#test4
<No Strat> Status: Ko
introclassJava.grade_9013bd3b_000BlackboxTest#test5
<No Strat> Status: Ko
introclassJava.grade_9013bd3b_000BlackboxTest#test6
<No Strat> Status: Ko
introclassJava.grade_9013bd3b_000BlackboxTest#test7
<No Strat> Status: Ko
introclassJava.grade_9013bd3b_000BlackboxTest#test8
<No Strat> Status: Ko
introclassJava.grade_9013bd3b_000BlackboxTest#test9
<No Strat> Status: Ko
introclassJava.grade_9013bd3b_000WhiteboxTest#test1
<No Strat> Status: Ko
introclassJava.grade_9013bd3b_000WhiteboxTest#test2
<No Strat> Status: Ko
introclassJava.grade_9013bd3b_000WhiteboxTest#test3
<No Strat> Status: Ko
introclassJava.grade_9013bd3b_000WhiteboxTest#test4
<No Strat> Status: Ko
introclassJava.grade_9013bd3b_000WhiteboxTest#test5
<No Strat> Status: Ko
introclassJava.grade_9013bd3b_000WhiteboxTest#test6
<No Strat> Status: Ko
introclassJava.grade_9013bd3b_000WhiteboxTest#test7
<No Strat> Status: Ko
introclassJava.grade_9013bd3b_000WhiteboxTest#test8
<No Strat> Status: Ko
introclassJava.grade_9013bd3b_000WhiteboxTest#test9
<No Strat> Status: Ko
introclassJava.grade_9013bd3b_000BlackboxTest#test1
<No Strat> Status: Ko
introclassJava.grade_9013bd3b_000BlackboxTest#test2
<No Strat> Status: Ko
introclassJava.grade_9013bd3b_000BlackboxTest#test3
<No Strat> Status: Ko
introclassJava.grade_9013bd3b_000BlackboxTest#test4
<No Strat> Status: Ko
introclassJava.grade_9013bd3b_000BlackboxTest#test5
<No Strat> Status: Ko
introclassJava.grade_9013bd3b_000BlackboxTest#test6
<No Strat> Status: Ko
introclassJava.grade_9013bd3b_000BlackboxTest#test7
<No Strat> Status: Ko
introclassJava.grade_9013bd3b_000BlackboxTest#test8
<No Strat> Status: Ko
introclassJava.grade_9013bd3b_000BlackboxTest#test9
<No Strat> Status: Ko
introclassJava.grade_9013bd3b_000WhiteboxTest#test1
<No Strat> Status: Ko
introclassJava.grade_9013bd3b_000WhiteboxTest#test2
<No Strat> Status: Ko
introclassJava.grade_9013bd3b_000WhiteboxTest#test3
<No Strat> Status: Ko
introclassJava.grade_9013bd3b_000WhiteboxTest#test4
<No Strat> Status: Ko
introclassJava.grade_9013bd3b_000WhiteboxTest#test5
<No Strat> Status: Ko
introclassJava.grade_9013bd3b_000WhiteboxTest#test6
<No Strat> Status: Ko
introclassJava.grade_9013bd3b_000WhiteboxTest#test7
<No Strat> Status: Ko
introclassJava.grade_9013bd3b_000WhiteboxTest#test8
<No Strat> Status: Ko
introclassJava.grade_9013bd3b_000WhiteboxTest#test9
<No Strat> Status: Ko
introclassJava.grade_9013bd3b_000BlackboxTest#test1
<No Strat> Status: Ko
introclassJava.grade_9013bd3b_000BlackboxTest#test2
<No Strat> Status: Ko
introclassJava.grade_9013bd3b_000BlackboxTest#test3
<No Strat> Status: Ko
introclassJava.grade_9013bd3b_000BlackboxTest#test4
<No Strat> Status: Ko
introclassJava.grade_9013bd3b_000BlackboxTest#test5
<No Strat> Status: Ko
introclassJava.grade_9013bd3b_000BlackboxTest#test6
<No Strat> Status: Ko
introclassJava.grade_9013bd3b_000BlackboxTest#test7
<No Strat> Status: Ko
introclassJava.grade_9013bd3b_000BlackboxTest#test8
<No Strat> Status: Ko
introclassJava.grade_9013bd3b_000BlackboxTest#test9
<No Strat> Status: Ko
introclassJava.grade_9013bd3b_000WhiteboxTest#test1
<No Strat> Status: Ko
introclassJava.grade_9013bd3b_000WhiteboxTest#test2
<No Strat> Status: Ko
introclassJava.grade_9013bd3b_000WhiteboxTest#test3
<No Strat> Status: Ko
introclassJava.grade_9013bd3b_000WhiteboxTest#test4
<No Strat> Status: Ko
introclassJava.grade_9013bd3b_000WhiteboxTest#test5
<No Strat> Status: Ko
introclassJava.grade_9013bd3b_000WhiteboxTest#test6
<No Strat> Status: Ko
introclassJava.grade_9013bd3b_000WhiteboxTest#test7
<No Strat> Status: Ko
introclassJava.grade_9013bd3b_000WhiteboxTest#test8
<No Strat> Status: Ko
introclassJava.grade_9013bd3b_000WhiteboxTest#test9
<No Strat> Status: Ko
introclassJava.grade_9013bd3b_000BlackboxTest#test1
<No Strat> Status: Ko
introclassJava.grade_9013bd3b_000BlackboxTest#test2
<No Strat> Status: Ko
introclassJava.grade_9013bd3b_000BlackboxTest#test3
<No Strat> Status: Ko
introclassJava.grade_9013bd3b_000BlackboxTest#test4
<No Strat> Status: Ko
introclassJava.grade_9013bd3b_000BlackboxTest#test5
<No Strat> Status: Ko
introclassJava.grade_9013bd3b_000BlackboxTest#test6
<No Strat> Status: Ko
introclassJava.grade_9013bd3b_000BlackboxTest#test7
<No Strat> Status: Ko
introclassJava.grade_9013bd3b_000BlackboxTest#test8
<No Strat> Status: Ko
introclassJava.grade_9013bd3b_000BlackboxTest#test9
<No Strat> Status: Ko
introclassJava.grade_9013bd3b_000WhiteboxTest#test1
<No Strat> Status: Ko
introclassJava.grade_9013bd3b_000WhiteboxTest#test2
<No Strat> Status: Ko
introclassJava.grade_9013bd3b_000WhiteboxTest#test3
<No Strat> Status: Ko
introclassJava.grade_9013bd3b_000WhiteboxTest#test4
<No Strat> Status: Ko
introclassJava.grade_9013bd3b_000WhiteboxTest#test5
<No Strat> Status: Ko
introclassJava.grade_9013bd3b_000WhiteboxTest#test6
<No Strat> Status: Ko
introclassJava.grade_9013bd3b_000WhiteboxTest#test7
<No Strat> Status: Ko
introclassJava.grade_9013bd3b_000WhiteboxTest#test8
<No Strat> Status: Ko
introclassJava.grade_9013bd3b_000WhiteboxTest#test9
<No Strat> Status: Ko
introclassJava.grade_9013bd3b_000BlackboxTest#test1
<No Strat> Status: Ko
introclassJava.grade_9013bd3b_000BlackboxTest#test2
<No Strat> Status: Ko
introclassJava.grade_9013bd3b_000BlackboxTest#test3
<No Strat> Status: Ko
introclassJava.grade_9013bd3b_000BlackboxTest#test4
<No Strat> Status: Ko
introclassJava.grade_9013bd3b_000BlackboxTest#test5
<No Strat> Status: Ko
introclassJava.grade_9013bd3b_000BlackboxTest#test6
<No Strat> Status: Ko
introclassJava.grade_9013bd3b_000BlackboxTest#test7
<No Strat> Status: Ko
introclassJava.grade_9013bd3b_000BlackboxTest#test8
<No Strat> Status: Ko
introclassJava.grade_9013bd3b_000BlackboxTest#test9
<No Strat> Status: Ko
5.05user 0.18system 0:02.94elapsed 177%CPU (0avgtext+0avgdata 241416maxresident)k
21120inputs+224outputs (1major+63851minor)pagefaults 0swaps


Node: graphene-141.nancy.grid5000.fr



Date: Thu Dec  6 04:11:01 EST 2018

