cd /tmp/NPEFix_IntroClassJava_median_9083480332b4a5e4274f3bf5ef8bd5d1bd75048c0c066e574c27a2de6d919d658efc519e8b6a230a074eb5f2957d5768f4dc981a8e926c3a72993bc448a017f7_003;
export JAVA_TOOL_OPTIONS="-Dfile.encoding=UTF8 -Duser.language=en-US -Duser.country=US -Duser.language=en";
TZ="America/New_York"; export TZ;
export PATH="/usr/lib/jvm/java-1.8.0-openjdk-amd64/bin/:$PATH";
export JAVA_HOME="/usr/lib/jvm/java-1.8.0-openjdk-amd64/bin/";
time java -Xmx4g -Xms1g -cp /home/tdurieux/defects4j4repair/script/../repair_tools/npefix.jar fr.inria.spirals.npefix.main.run.Main \
    --test introclassJava.median_90834803_003BlackboxTest:introclassJava.median_90834803_003WhiteboxTest \
    --iteration 100 \
	--complianceLevel 7 \
	--workingdirectory . \
	--source src/main/java \
	--classpath target/classes:target/test-classes:/home/tdurieux/.m2/repository/junit/junit/4.11/junit-4.11.jar:/home/tdurieux/.m2/repository/org/hamcrest/hamcrest-core/1.3/hamcrest-core-1.3.jar;
	echo "\n\nNode: `hostname`\n";
	echo "\n\nDate: `date`\n";
Picked up JAVA_TOOL_OPTIONS: -Dfile.encoding=UTF8 -Duser.language=en-US -Duser.country=US -Duser.language=en
TernarySplitter  in 3ms
CheckNotNull  in 1ms
ForceNullInit in 25ms
AddImplicitCastChecker --> 0 in 3ms
BeforeDeref --> 40 (failed:0) in 24ms
target--> 40 (failed:0) in 73ms
TryRegister # Try: 0 in 2ms
Assign --> 16 (failed: 0) in 50ms
VarInit --> 5 in 5ms
MethodEncapsulation # Method: 2 in 48ms
ConstructorEncapsulation # Constructor: 10 in 11ms
VariableFor in 3ms
RMI Selector (Host: 127.0.0.1, Port: 10000): KO
introclassJava.median_90834803_003BlackboxTest#test2
<No Strat> Status: Ko
introclassJava.median_90834803_003BlackboxTest#test3
<No Strat> Status: Ko
introclassJava.median_90834803_003BlackboxTest#test4
<No Strat> Status: Ko
introclassJava.median_90834803_003BlackboxTest#test5
<No Strat> Status: Ko
introclassJava.median_90834803_003BlackboxTest#test6
<No Strat> Status: Ko
introclassJava.median_90834803_003BlackboxTest#test7
<No Strat> Status: Ko
introclassJava.median_90834803_003BlackboxTest#test1
<No Strat> Status: Ko
introclassJava.median_90834803_003WhiteboxTest#test2
<No Strat> Status: Ko
introclassJava.median_90834803_003WhiteboxTest#test3
<No Strat> Status: Ko
introclassJava.median_90834803_003WhiteboxTest#test4
<No Strat> Status: Ko
introclassJava.median_90834803_003WhiteboxTest#test5
<No Strat> Status: Ko
introclassJava.median_90834803_003WhiteboxTest#test6
<No Strat> Status: Ko
introclassJava.median_90834803_003WhiteboxTest#test1
<No Strat> Status: Ko
introclassJava.median_90834803_003BlackboxTest#test2
<No Strat> Status: Ko
introclassJava.median_90834803_003BlackboxTest#test3
<No Strat> Status: Ko
introclassJava.median_90834803_003BlackboxTest#test4
<No Strat> Status: Ko
introclassJava.median_90834803_003BlackboxTest#test5
<No Strat> Status: Ko
introclassJava.median_90834803_003BlackboxTest#test6
<No Strat> Status: Ko
introclassJava.median_90834803_003BlackboxTest#test7
<No Strat> Status: Ko
introclassJava.median_90834803_003BlackboxTest#test1
<No Strat> Status: Ko
introclassJava.median_90834803_003WhiteboxTest#test2
<No Strat> Status: Ko
introclassJava.median_90834803_003WhiteboxTest#test3
<No Strat> Status: Ko
introclassJava.median_90834803_003WhiteboxTest#test4
<No Strat> Status: Ko
introclassJava.median_90834803_003WhiteboxTest#test5
<No Strat> Status: Ko
introclassJava.median_90834803_003WhiteboxTest#test6
<No Strat> Status: Ko
introclassJava.median_90834803_003WhiteboxTest#test1
<No Strat> Status: Ko
introclassJava.median_90834803_003BlackboxTest#test2
<No Strat> Status: Ko
introclassJava.median_90834803_003BlackboxTest#test3
<No Strat> Status: Ko
introclassJava.median_90834803_003BlackboxTest#test4
<No Strat> Status: Ko
introclassJava.median_90834803_003BlackboxTest#test5
<No Strat> Status: Ko
introclassJava.median_90834803_003BlackboxTest#test6
<No Strat> Status: Ko
introclassJava.median_90834803_003BlackboxTest#test7
<No Strat> Status: Ko
introclassJava.median_90834803_003BlackboxTest#test1
<No Strat> Status: Ko
introclassJava.median_90834803_003WhiteboxTest#test2
<No Strat> Status: Ko
introclassJava.median_90834803_003WhiteboxTest#test3
<No Strat> Status: Ko
introclassJava.median_90834803_003WhiteboxTest#test4
<No Strat> Status: Ko
introclassJava.median_90834803_003WhiteboxTest#test5
<No Strat> Status: Ko
introclassJava.median_90834803_003WhiteboxTest#test6
<No Strat> Status: Ko
introclassJava.median_90834803_003WhiteboxTest#test1
<No Strat> Status: Ko
introclassJava.median_90834803_003BlackboxTest#test2
<No Strat> Status: Ko
introclassJava.median_90834803_003BlackboxTest#test3
<No Strat> Status: Ko
introclassJava.median_90834803_003BlackboxTest#test4
<No Strat> Status: Ko
introclassJava.median_90834803_003BlackboxTest#test5
<No Strat> Status: Ko
introclassJava.median_90834803_003BlackboxTest#test6
<No Strat> Status: Ko
introclassJava.median_90834803_003BlackboxTest#test7
<No Strat> Status: Ko
introclassJava.median_90834803_003BlackboxTest#test1
<No Strat> Status: Ko
introclassJava.median_90834803_003WhiteboxTest#test2
<No Strat> Status: Ko
introclassJava.median_90834803_003WhiteboxTest#test3
<No Strat> Status: Ko
introclassJava.median_90834803_003WhiteboxTest#test4
<No Strat> Status: Ko
introclassJava.median_90834803_003WhiteboxTest#test5
<No Strat> Status: Ko
introclassJava.median_90834803_003WhiteboxTest#test6
<No Strat> Status: Ko
introclassJava.median_90834803_003WhiteboxTest#test1
<No Strat> Status: Ko
introclassJava.median_90834803_003BlackboxTest#test2
<No Strat> Status: Ko
introclassJava.median_90834803_003BlackboxTest#test3
<No Strat> Status: Ko
introclassJava.median_90834803_003BlackboxTest#test4
<No Strat> Status: Ko
introclassJava.median_90834803_003BlackboxTest#test5
<No Strat> Status: Ko
introclassJava.median_90834803_003BlackboxTest#test6
<No Strat> Status: Ko
introclassJava.median_90834803_003BlackboxTest#test7
<No Strat> Status: Ko
introclassJava.median_90834803_003BlackboxTest#test1
<No Strat> Status: Ko
introclassJava.median_90834803_003WhiteboxTest#test2
<No Strat> Status: Ko
introclassJava.median_90834803_003WhiteboxTest#test3
<No Strat> Status: Ko
introclassJava.median_90834803_003WhiteboxTest#test4
<No Strat> Status: Ko
introclassJava.median_90834803_003WhiteboxTest#test5
<No Strat> Status: Ko
introclassJava.median_90834803_003WhiteboxTest#test6
<No Strat> Status: Ko
introclassJava.median_90834803_003WhiteboxTest#test1
<No Strat> Status: Ko
introclassJava.median_90834803_003BlackboxTest#test2
<No Strat> Status: Ko
introclassJava.median_90834803_003BlackboxTest#test3
<No Strat> Status: Ko
introclassJava.median_90834803_003BlackboxTest#test4
<No Strat> Status: Ko
introclassJava.median_90834803_003BlackboxTest#test5
<No Strat> Status: Ko
introclassJava.median_90834803_003BlackboxTest#test6
<No Strat> Status: Ko
introclassJava.median_90834803_003BlackboxTest#test7
<No Strat> Status: Ko
introclassJava.median_90834803_003BlackboxTest#test1
<No Strat> Status: Ko
introclassJava.median_90834803_003WhiteboxTest#test2
<No Strat> Status: Ko
introclassJava.median_90834803_003WhiteboxTest#test3
<No Strat> Status: Ko
introclassJava.median_90834803_003WhiteboxTest#test4
<No Strat> Status: Ko
introclassJava.median_90834803_003WhiteboxTest#test5
<No Strat> Status: Ko
introclassJava.median_90834803_003WhiteboxTest#test6
<No Strat> Status: Ko
introclassJava.median_90834803_003WhiteboxTest#test1
<No Strat> Status: Ko
4.69user 0.14system 0:03.07elapsed 157%CPU (0avgtext+0avgdata 223036maxresident)k
21112inputs+224outputs (1major+57067minor)pagefaults 0swaps


Node: graphene-65.nancy.grid5000.fr



Date: Thu Dec  6 03:42:08 EST 2018

