cd /tmp/NPEFix_Bears_debezium-debezium_351465554-354212780;
export JAVA_TOOL_OPTIONS="-Dfile.encoding=UTF8 -Duser.language=en-US -Duser.country=US -Duser.language=en";
TZ="America/New_York"; export TZ;
export PATH="/usr/lib/jvm/java-1.8.0-openjdk-amd64/bin/:$PATH";
export JAVA_HOME="/usr/lib/jvm/java-1.8.0-openjdk-amd64/bin/";
time java -Xmx4048m -cp /home/tdurieux/RepairThemAll/script/../repair_tools/npefix.jar fr.inria.spirals.npefix.main.run.Main \
    --test io.debezium.connector.mysql.MySqlDdlParserTest \
    --iteration 100 \
	--complianceLevel 8 \
	--workingdirectory . \
	--source debezium-connector-mysql/src/main/java \
	--classpath debezium-connector-mysql/target/classes:debezium-connector-mysql/target/test-classes:/tmp/NPEFix_Bears_debezium-debezium_351465554-354212780/support/checkstyle/target/classes:/tmp/NPEFix_Bears_debezium-debezium_351465554-354212780/debezium-assembly-descriptors/target/classes:/tmp/NPEFix_Bears_debezium-debezium_351465554-354212780/debezium-core/target/classes:/tmp/NPEFix_Bears_debezium-debezium_351465554-354212780/debezium-embedded/target/classes:/tmp/NPEFix_Bears_debezium-debezium_351465554-354212780/debezium-connector-postgres/target/classes:/tmp/NPEFix_Bears_debezium-debezium_351465554-354212780/debezium-connector-mongodb/target/classes:/home/tdurieux/.m2/repository/org/apache/maven/maven-artifact/3.5.0/maven-artifact-3.5.0.jar:/home/tdurieux/.m2/repository/com/yammer/metrics/metrics-core/2.2.0/metrics-core-2.2.0.jar:/home/tdurieux/.m2/repository/io/confluent/kafka-connect-avro-converter/4.0.0/kafka-connect-avro-converter-4.0.0.jar:/home/tdurieux/.m2/repository/org/apache/avro/avro/1.8.2/avro-1.8.2.jar:/home/tdurieux/.m2/repository/org/apache/kafka/kafka-clients/1.0.1/kafka-clients-1.0.1.jar:/home/tdurieux/.m2/repository/org/glassfish/jersey/core/jersey-common/2.25.1/jersey-common-2.25.1.jar:/home/tdurieux/.m2/repository/org/glassfish/hk2/external/aopalliance-repackaged/2.5.0-b32/aopalliance-repackaged-2.5.0-b32.jar:/home/tdurieux/.m2/repository/io/confluent/kafka-avro-serializer/4.0.0/kafka-avro-serializer-4.0.0.jar:/home/tdurieux/.m2/repository/org/mongodb/bson/3.4.2/bson-3.4.2.jar:/home/tdurieux/.m2/repository/org/apache/kafka/connect-file/1.0.1/connect-file-1.0.1.jar:/home/tdurieux/.m2/repository/org/glassfish/jersey/containers/jersey-container-servlet/2.25.1/jersey-container-servlet-2.25.1.jar:/home/tdurieux/.m2/repository/org/apache/kafka/connect-runtime/1.0.1/connect-runtime-1.0.1.jar:/home/tdurieux/.m2/repository/org/glassfish/hk2/hk2-locator/2.5.0-b32/hk2-locator-2.5.0-b32.jar:/home/tdurieux/.m2/repository/mil/nga/wkb/1.0.2/wkb-1.0.2.jar:/home/tdurieux/.m2/repository/org/apache/zookeeper/zookeeper/3.4.10/zookeeper-3.4.10.jar:/home/tdurieux/.m2/repository/com/thoughtworks/paranamer/paranamer/2.7/paranamer-2.7.jar:/home/tdurieux/.m2/repository/io/debezium/debezium-embedded/0.8.0-SNAPSHOT/debezium-embedded-0.8.0-SNAPSHOT.jar:/home/tdurieux/.m2/repository/org/eclipse/jetty/jetty-security/9.2.22.v20170606/jetty-security-9.2.22.v20170606.jar:/home/tdurieux/.m2/repository/org/apache/commons/commons-lang3/3.4/commons-lang3-3.4.jar:/home/tdurieux/.m2/repository/org/glassfish/jersey/containers/jersey-container-servlet-core/2.25.1/jersey-container-servlet-core-2.25.1.jar:/home/tdurieux/.m2/repository/org/eclipse/jetty/jetty-server/9.2.22.v20170606/jetty-server-9.2.22.v20170606.jar:/home/tdurieux/.m2/repository/org/scala-lang/scala-library/2.11.12/scala-library-2.11.12.jar:/home/tdurieux/.m2/repository/org/codehaus/jackson/jackson-mapper-asl/1.9.13/jackson-mapper-asl-1.9.13.jar:/home/tdurieux/.m2/repository/org/apache/commons/commons-compress/1.8.1/commons-compress-1.8.1.jar:/home/tdurieux/.m2/repository/org/glassfish/jersey/core/jersey-client/2.25.1/jersey-client-2.25.1.jar:/home/tdurieux/.m2/repository/org/glassfish/jersey/media/jersey-media-jaxb/2.25.1/jersey-media-jaxb-2.25.1.jar:/home/tdurieux/.m2/repository/org/apache/kafka/kafka-tools/1.0.1/kafka-tools-1.0.1.jar:/home/tdurieux/.m2/repository/org/apache/kafka/kafka-log4j-appender/1.0.1/kafka-log4j-appender-1.0.1.jar:/home/tdurieux/.m2/repository/org/glassfish/hk2/hk2-api/2.5.0-b32/hk2-api-2.5.0-b32.jar:/home/tdurieux/.m2/repository/org/xerial/snappy/snappy-java/1.1.4/snappy-java-1.1.4.jar:/home/tdurieux/.m2/repository/net/sf/jopt-simple/jopt-simple/5.0.4/jopt-simple-5.0.4.jar:/home/tdurieux/.m2/repository/org/glassfish/jersey/core/jersey-server/2.25.1/jersey-server-2.25.1.jar:/home/tdurieux/.m2/repository/org/eclipse/jetty/jetty-servlet/9.2.22.v20170606/jetty-servlet-9.2.22.v20170606.jar:/home/tdurieux/.m2/repository/org/javassist/javassist/3.21.0-GA/javassist-3.21.0-GA.jar:/home/tdurieux/.m2/repository/javax/ws/rs/javax.ws.rs-api/2.0.1/javax.ws.rs-api-2.0.1.jar:/home/tdurieux/.m2/repository/javax/servlet/javax.servlet-api/3.1.0/javax.servlet-api-3.1.0.jar:/home/tdurieux/.m2/repository/org/eclipse/jetty/jetty-continuation/9.2.22.v20170606/jetty-continuation-9.2.22.v20170606.jar:/home/tdurieux/.m2/repository/org/slf4j/slf4j-api/1.7.25/slf4j-api-1.7.25.jar:/home/tdurieux/.m2/repository/net/sourceforge/argparse4j/argparse4j/0.7.0/argparse4j-0.7.0.jar:/home/tdurieux/.m2/repository/org/glassfish/hk2/osgi-resource-locator/1.0.1/osgi-resource-locator-1.0.1.jar:/home/tdurieux/.m2/repository/org/hamcrest/hamcrest-core/1.3/hamcrest-core-1.3.jar:/home/tdurieux/.m2/repository/org/codehaus/jackson/jackson-core-asl/1.9.13/jackson-core-asl-1.9.13.jar:/home/tdurieux/.m2/repository/org/eclipse/jetty/jetty-io/9.2.22.v20170606/jetty-io-9.2.22.v20170606.jar:/home/tdurieux/.m2/repository/log4j/log4j/1.2.17/log4j-1.2.17.jar:/home/tdurieux/.m2/repository/io/debezium/debezium-embedded/0.8.0-SNAPSHOT/debezium-embedded-0.8.0-SNAPSHOT-tests.jar:/home/tdurieux/.m2/repository/antlr/antlr/2.7.7/antlr-2.7.7.jar:/home/tdurieux/.m2/repository/com/google/guava/guava/18.0/guava-18.0.jar:/home/tdurieux/.m2/repository/javax/annotation/javax.annotation-api/1.2/javax.annotation-api-1.2.jar:/home/tdurieux/.m2/repository/io/debezium/debezium-core/0.8.0-SNAPSHOT/debezium-core-0.8.0-SNAPSHOT.jar:/home/tdurieux/.m2/repository/org/codehaus/plexus/plexus-utils/3.0.24/plexus-utils-3.0.24.jar:/home/tdurieux/.m2/repository/com/google/guava/guava/16.0.1/guava-16.0.1.jar:/home/tdurieux/.m2/repository/org/apache/commons/commons-lang3/3.5/commons-lang3-3.5.jar:/home/tdurieux/.m2/repository/com/fasterxml/jackson/core/jackson-databind/2.9.1/jackson-databind-2.9.1.jar:/home/tdurieux/.m2/repository/jline/jline/0.9.94/jline-0.9.94.jar:/home/tdurieux/.m2/repository/org/javassist/javassist/3.18.1-GA/javassist-3.18.1-GA.jar:/home/tdurieux/.m2/repository/org/apache/commons/commons-math/2.2/commons-math-2.2.jar:/home/tdurieux/.m2/repository/io/confluent/common-config/4.0.0/common-config-4.0.0.jar:/home/tdurieux/.m2/repository/org/lz4/lz4-java/1.4/lz4-java-1.4.jar:/home/tdurieux/.m2/repository/com/github/shyiko/mysql-binlog-connector-java/0.13.0/mysql-binlog-connector-java-0.13.0.jar:/home/tdurieux/.m2/repository/commons-beanutils/commons-beanutils-core/1.8.3/commons-beanutils-core-1.8.3.jar:/home/tdurieux/.m2/repository/org/apache/kafka/connect-transforms/1.0.1/connect-transforms-1.0.1.jar:/home/tdurieux/.m2/repository/org/antlr/antlr4-runtime/4.5/antlr4-runtime-4.5.jar:/home/tdurieux/.m2/repository/io/confluent/common-utils/4.0.0/common-utils-4.0.0.jar:/home/tdurieux/.m2/repository/mysql/mysql-connector-java/5.1.40/mysql-connector-java-5.1.40.jar:/home/tdurieux/.m2/repository/org/glassfish/hk2/external/javax.inject/2.5.0-b32/javax.inject-2.5.0-b32.jar:/home/tdurieux/.m2/repository/commons-cli/commons-cli/1.3/commons-cli-1.3.jar:/home/tdurieux/.m2/repository/commons-logging/commons-logging/1.1.1/commons-logging-1.1.1.jar:/home/tdurieux/.m2/repository/org/reflections/reflections/0.9.11/reflections-0.9.11.jar:/home/tdurieux/.m2/repository/org/apache/curator/curator-test/2.11.0/curator-test-2.11.0.jar:/home/tdurieux/.m2/repository/com/puppycrawl/tools/checkstyle/6.7/checkstyle-6.7.jar:/home/tdurieux/.m2/repository/org/tukaani/xz/1.5/xz-1.5.jar:/home/tdurieux/.m2/repository/org/eclipse/jetty/jetty-http/9.2.22.v20170606/jetty-http-9.2.22.v20170606.jar:/home/tdurieux/.m2/repository/org/mongodb/mongodb-driver/3.4.2/mongodb-driver-3.4.2.jar:/home/tdurieux/.m2/repository/org/slf4j/slf4j-log4j12/1.7.25/slf4j-log4j12-1.7.25.jar:/home/tdurieux/.m2/repository/org/mongodb/mongodb-driver-core/3.4.2/mongodb-driver-core-3.4.2.jar:/home/tdurieux/.m2/repository/io/netty/netty/3.10.5.Final/netty-3.10.5.Final.jar:/home/tdurieux/.m2/repository/org/glassfish/jersey/bundles/repackaged/jersey-guava/2.25.1/jersey-guava-2.25.1.jar:/home/tdurieux/.m2/repository/com/fasterxml/jackson/jaxrs/jackson-jaxrs-base/2.9.1/jackson-jaxrs-base-2.9.1.jar:/home/tdurieux/.m2/repository/com/fasterxml/jackson/module/jackson-module-jaxb-annotations/2.9.1/jackson-module-jaxb-annotations-2.9.1.jar:/home/tdurieux/.m2/repository/io/confluent/kafka-schema-registry-client/4.0.0/kafka-schema-registry-client-4.0.0.jar:/home/tdurieux/.m2/repository/org/easytesting/fest-util/1.1.6/fest-util-1.1.6.jar:/home/tdurieux/.m2/repository/org/easytesting/fest-assert/1.4/fest-assert-1.4.jar:/home/tdurieux/.m2/repository/org/apache/kafka/kafka_2.11/1.0.1/kafka_2.11-1.0.1.jar:/home/tdurieux/.m2/repository/org/glassfish/hk2/hk2-utils/2.5.0-b32/hk2-utils-2.5.0-b32.jar:/home/tdurieux/.m2/repository/org/apache/kafka/connect-json/1.0.1/connect-json-1.0.1.jar:/home/tdurieux/.m2/repository/junit/junit/4.12/junit-4.12.jar:/home/tdurieux/.m2/repository/com/fasterxml/jackson/core/jackson-annotations/2.9.0/jackson-annotations-2.9.0.jar:/home/tdurieux/.m2/repository/com/google/guava/guava/20.0/guava-20.0.jar:/home/tdurieux/.m2/repository/com/fasterxml/jackson/core/jackson-core/2.9.1/jackson-core-2.9.1.jar:/home/tdurieux/.m2/repository/com/fasterxml/jackson/jaxrs/jackson-jaxrs-json-provider/2.9.1/jackson-jaxrs-json-provider-2.9.1.jar:/home/tdurieux/.m2/repository/com/google/protobuf/protobuf-java/2.6.1/protobuf-java-2.6.1.jar:/home/tdurieux/.m2/repository/javax/validation/validation-api/1.1.0.Final/validation-api-1.1.0.Final.jar:/home/tdurieux/.m2/repository/com/101tec/zkclient/0.10/zkclient-0.10.jar:/home/tdurieux/.m2/repository/org/eclipse/jetty/jetty-util/9.2.22.v20170606/jetty-util-9.2.22.v20170606.jar:/home/tdurieux/.m2/repository/io/debezium/debezium-core/0.8.0-SNAPSHOT/debezium-core-0.8.0-SNAPSHOT-tests.jar:/home/tdurieux/.m2/repository/org/eclipse/jetty/jetty-servlets/9.2.22.v20170606/jetty-servlets-9.2.22.v20170606.jar:/home/tdurieux/.m2/repository/org/postgresql/postgresql/42.0.0/postgresql-42.0.0.jar:/home/tdurieux/.m2/repository/org/apache/kafka/connect-api/1.0.1/connect-api-1.0.1.jar;
	echo "\n\nNode: `hostname`\n";
	echo "\n\nDate: `date`\n";
Picked up JAVA_TOOL_OPTIONS: -Dfile.encoding=UTF8 -Duser.language=en-US -Duser.country=US -Duser.language=en
TernarySplitter  in 142ms
assert (this.uponCompletion.get()) == null
this.gtidSourceFilter = (gtidSetExcludes != null) ? Predicates.excludesUuids(gtidSetExcludes) : null
assert (serverName) != null
assert recordedFilename != null
return (largeTxNotBufferedPosition) != null
assert filename != null
assert command != null
return converter != null
assert (this.uponCompletion.get()) == null
assert error != null
CheckNotNull  in 486ms
ForceNullInit in 91ms
AddImplicitCastChecker --> 1 in 215ms
BeforeDeref --> 2020 (failed:0) in 474ms
target--> 511 (failed:0) in 450ms
Exception in thread "main" spoon.SpoonException: The lambda can be based on interface only. But type io.debezium.relational.ddl.DdlChanges$DatabaseStatementStringConsumer is not an interface
	at spoon.support.reflect.code.CtLambdaImpl.getOverriddenMethod(CtLambdaImpl.java:118)
	at spoon.reflect.factory.ExecutableFactory.createReferenceInternal(ExecutableFactory.java:120)
	at spoon.reflect.factory.ExecutableFactory.createReference(ExecutableFactory.java:100)
	at spoon.support.reflect.code.CtLambdaImpl.getReference(CtLambdaImpl.java:241)
	at spoon.reflect.visitor.ImportScannerImpl.addClassImport(ImportScannerImpl.java:280)
	at spoon.reflect.visitor.ImportScannerImpl.visitCtTypeReference(ImportScannerImpl.java:125)
	at spoon.support.reflect.reference.CtTypeReferenceImpl.accept(CtTypeReferenceImpl.java:83)
	at spoon.reflect.visitor.ImportScannerImpl.scan(ImportScannerImpl.java:135)
	at spoon.reflect.visitor.CtScanner.scan(CtScanner.java:157)
	at spoon.reflect.visitor.CtScanner.visitCtLambda(CtScanner.java:603)
	at spoon.support.reflect.code.CtLambdaImpl.accept(CtLambdaImpl.java:66)
	at spoon.reflect.visitor.ImportScannerImpl.scan(ImportScannerImpl.java:135)
	at spoon.reflect.visitor.CtScanner.scan(CtScanner.java:157)
	at spoon.reflect.visitor.CtScanner.scan(CtScanner.java:141)
	at spoon.reflect.visitor.CtScanner.visitCtInvocation(CtScanner.java:496)
	at spoon.support.reflect.code.CtInvocationImpl.accept(CtInvocationImpl.java:56)
	at spoon.reflect.visitor.ImportScannerImpl.scan(ImportScannerImpl.java:135)
	at spoon.reflect.visitor.ImportScannerImpl.computeImports(ImportScannerImpl.java:204)
	at spoon.reflect.visitor.DefaultJavaPrettyPrinter.computeImports(DefaultJavaPrettyPrinter.java:293)
	at spoon.support.reflect.declaration.CtElementImpl.toString(CtElementImpl.java:252)
	at fr.inria.spirals.npefix.transformer.processors.TargetModifier.isToBeProcessed(TargetModifier.java:63)
	at fr.inria.spirals.npefix.transformer.processors.TargetModifier.isToBeProcessed(TargetModifier.java:38)
	at spoon.support.visitor.ProcessingVisitor.scan(ProcessingVisitor.java:80)
	at spoon.reflect.visitor.CtScanner.scan(CtScanner.java:157)
	at spoon.reflect.visitor.CtScanner.scan(CtScanner.java:141)
	at spoon.reflect.visitor.CtScanner.visitCtBlock(CtScanner.java:291)
	at spoon.support.reflect.code.CtBlockImpl.accept(CtBlockImpl.java:48)
	at spoon.reflect.visitor.CtScanner.scan(CtScanner.java:165)
	at spoon.support.visitor.ProcessingVisitor.scan(ProcessingVisitor.java:77)
	at spoon.reflect.visitor.CtScanner.scan(CtScanner.java:157)
	at spoon.reflect.visitor.CtScanner.visitCtIf(CtScanner.java:474)
	at spoon.support.reflect.code.CtIfImpl.accept(CtIfImpl.java:46)
	at spoon.reflect.visitor.CtScanner.scan(CtScanner.java:165)
	at spoon.support.visitor.ProcessingVisitor.scan(ProcessingVisitor.java:77)
	at spoon.reflect.visitor.CtScanner.scan(CtScanner.java:157)
	at spoon.reflect.visitor.CtScanner.scan(CtScanner.java:141)
	at spoon.reflect.visitor.CtScanner.visitCtBlock(CtScanner.java:291)
	at spoon.support.reflect.code.CtBlockImpl.accept(CtBlockImpl.java:48)
	at spoon.reflect.visitor.CtScanner.scan(CtScanner.java:165)
	at spoon.support.visitor.ProcessingVisitor.scan(ProcessingVisitor.java:77)
	at spoon.reflect.visitor.CtScanner.scan(CtScanner.java:157)
	at spoon.reflect.visitor.CtScanner.visitCtIf(CtScanner.java:474)
	at spoon.support.reflect.code.CtIfImpl.accept(CtIfImpl.java:46)
	at spoon.reflect.visitor.CtScanner.scan(CtScanner.java:165)
	at spoon.support.visitor.ProcessingVisitor.scan(ProcessingVisitor.java:77)
	at spoon.reflect.visitor.CtScanner.scan(CtScanner.java:157)
	at spoon.reflect.visitor.CtScanner.scan(CtScanner.java:141)
	at spoon.reflect.visitor.CtScanner.visitCtBlock(CtScanner.java:291)
	at spoon.support.reflect.code.CtBlockImpl.accept(CtBlockImpl.java:48)
	at spoon.reflect.visitor.CtScanner.scan(CtScanner.java:165)
	at spoon.support.visitor.ProcessingVisitor.scan(ProcessingVisitor.java:77)
	at spoon.reflect.visitor.CtScanner.scan(CtScanner.java:157)
	at spoon.reflect.visitor.CtScanner.visitCtIf(CtScanner.java:474)
	at spoon.support.reflect.code.CtIfImpl.accept(CtIfImpl.java:46)
	at spoon.reflect.visitor.CtScanner.scan(CtScanner.java:165)
	at spoon.support.visitor.ProcessingVisitor.scan(ProcessingVisitor.java:77)
	at spoon.reflect.visitor.CtScanner.scan(CtScanner.java:157)
	at spoon.reflect.visitor.CtScanner.scan(CtScanner.java:141)
	at spoon.reflect.visitor.CtScanner.visitCtBlock(CtScanner.java:291)
	at spoon.support.reflect.code.CtBlockImpl.accept(CtBlockImpl.java:48)
	at spoon.reflect.visitor.CtScanner.scan(CtScanner.java:165)
	at spoon.support.visitor.ProcessingVisitor.scan(ProcessingVisitor.java:77)
	at spoon.reflect.visitor.CtScanner.scan(CtScanner.java:157)
	at spoon.reflect.visitor.CtScanner.visitCtIf(CtScanner.java:474)
	at spoon.support.reflect.code.CtIfImpl.accept(CtIfImpl.java:46)
	at spoon.reflect.visitor.CtScanner.scan(CtScanner.java:165)
	at spoon.support.visitor.ProcessingVisitor.scan(ProcessingVisitor.java:77)
	at spoon.reflect.visitor.CtScanner.scan(CtScanner.java:157)
	at spoon.reflect.visitor.CtScanner.scan(CtScanner.java:141)
	at spoon.reflect.visitor.CtScanner.visitCtBlock(CtScanner.java:291)
	at spoon.support.reflect.code.CtBlockImpl.accept(CtBlockImpl.java:48)
	at spoon.reflect.visitor.CtScanner.scan(CtScanner.java:165)
	at spoon.support.visitor.ProcessingVisitor.scan(ProcessingVisitor.java:77)
	at spoon.reflect.visitor.CtScanner.scan(CtScanner.java:157)
	at spoon.reflect.visitor.CtScanner.visitCtIf(CtScanner.java:474)
	at spoon.support.reflect.code.CtIfImpl.accept(CtIfImpl.java:46)
	at spoon.reflect.visitor.CtScanner.scan(CtScanner.java:165)
	at spoon.support.visitor.ProcessingVisitor.scan(ProcessingVisitor.java:77)
	at spoon.reflect.visitor.CtScanner.scan(CtScanner.java:157)
	at spoon.reflect.visitor.CtScanner.scan(CtScanner.java:141)
	at spoon.reflect.visitor.CtScanner.visitCtBlock(CtScanner.java:291)
	at spoon.support.reflect.code.CtBlockImpl.accept(CtBlockImpl.java:48)
	at spoon.reflect.visitor.CtScanner.scan(CtScanner.java:165)
	at spoon.support.visitor.ProcessingVisitor.scan(ProcessingVisitor.java:77)
	at spoon.reflect.visitor.CtScanner.scan(CtScanner.java:157)
	at spoon.reflect.visitor.CtScanner.visitCtMethod(CtScanner.java:549)
	at spoon.support.reflect.declaration.CtMethodImpl.accept(CtMethodImpl.java:70)
	at spoon.reflect.visitor.CtScanner.scan(CtScanner.java:165)
	at spoon.support.visitor.ProcessingVisitor.scan(ProcessingVisitor.java:77)
	at spoon.reflect.visitor.CtScanner.scan(CtScanner.java:157)
	at spoon.reflect.visitor.CtScanner.scan(CtScanner.java:141)
	at spoon.reflect.visitor.CtScanner.visitCtClass(CtScanner.java:327)
	at spoon.support.reflect.declaration.CtClassImpl.accept(CtClassImpl.java:68)
	at spoon.reflect.visitor.CtScanner.scan(CtScanner.java:165)
	at spoon.support.visitor.ProcessingVisitor.scan(ProcessingVisitor.java:77)
	at spoon.support.QueueProcessingManager.process(QueueProcessingManager.java:119)
	at fr.inria.spirals.npefix.main.all.Launcher.instrument(Launcher.java:105)
	at fr.inria.spirals.npefix.main.run.Main.run(Main.java:61)
	at fr.inria.spirals.npefix.main.run.Main.main(Main.java:48)
Command exited with non-zero status 1
26.43user 0.72system 0:07.30elapsed 371%CPU (0avgtext+0avgdata 723632maxresident)k
20784inputs+88outputs (1major+192667minor)pagefaults 0swaps


Node: suno-32.sophia.grid5000.fr



Date: Wed Dec 26 12:40:22 EST 2018

