cd /tmp/DynaMoth_IntroClassJava_digits_2af3c4163b40679ef94bbbbc863c4fa3785c6e164281f5e8850d9e4ffa387e5b162ceb37449ecca33961ff162d861c8d98ff702e723755b6c37c95d5cfaf1c40_000;
export JAVA_TOOL_OPTIONS="-Dfile.encoding=UTF8 -Duser.language=en-US -Duser.country=US -Duser.language=en";
TZ="America/New_York"; export TZ;
export PATH="/usr/lib/jvm/java-1.8.0-openjdk-amd64/bin/:$PATH";
export JAVA_HOME="/usr/lib/jvm/java-1.8.0-openjdk-amd64/bin/";
time java -Xmx4048m -cp /home/tdurieux/RepairThemAll/script/../repair_tools/nopol.jar:/usr/lib/jvm/java-1.8.0-openjdk-amd64/bin//../lib/tools.jar fr.inria.lille.repair.Main \
	--mode repair \
	--type pre_then_cond \
	--oracle angelic \
	--synthesis dynamoth \
	--flocal gzoltar \
	--json \
	--solver z3 \
	--solver-path /home/tdurieux/RepairThemAll/script/../libs/z3/build/z3 \
	--complianceLevel 7 \
	--source src/main/java \
	--classpath "target/classes:target/test-classes:/home/tdurieux/.m2/repository/junit/junit/4.11/junit-4.11.jar:/home/tdurieux/.m2/repository/org/hamcrest/hamcrest-core/1.3/hamcrest-core-1.3.jar:/home/tdurieux/RepairThemAll/script/../repair_tools/nopol.jar";
	echo "\n\nNode: `hostname`\n";
	echo "\n\nDate: `date`\n";
Picked up JAVA_TOOL_OPTIONS: -Dfile.encoding=UTF8 -Duser.language=en-US -Duser.country=US -Duser.language=en
17:16:08.716 [main] INFO  fr.inria.lille.repair.nopol.NoPol - Source files: [src/main/java]
17:16:08.728 [main] INFO  fr.inria.lille.repair.nopol.NoPol - Classpath: [file:/tmp/DynaMoth_IntroClassJava_digits_2af3c4163b40679ef94bbbbc863c4fa3785c6e164281f5e8850d9e4ffa387e5b162ceb37449ecca33961ff162d861c8d98ff702e723755b6c37c95d5cfaf1c40_000/target/classes/, file:/tmp/DynaMoth_IntroClassJava_digits_2af3c4163b40679ef94bbbbc863c4fa3785c6e164281f5e8850d9e4ffa387e5b162ceb37449ecca33961ff162d861c8d98ff702e723755b6c37c95d5cfaf1c40_000/target/test-classes/, file:/home/tdurieux/.m2/repository/junit/junit/4.11/junit-4.11.jar, file:/home/tdurieux/.m2/repository/org/hamcrest/hamcrest-core/1.3/hamcrest-core-1.3.jar, file:/home/tdurieux/RepairThemAll/script/../repair_tools/nopol.jar]
17:16:08.728 [main] INFO  fr.inria.lille.repair.nopol.NoPol - Statement type: PRE_THEN_COND
17:16:08.728 [main] INFO  fr.inria.lille.repair.nopol.NoPol - Args: [introclassJava.digits_2af3c416_000BlackboxTest, introclassJava.digits_2af3c416_000WhiteboxTest]
17:16:08.730 [main] INFO  fr.inria.lille.repair.nopol.NoPol - Config: Config{synthesisDepth=3, collectStaticMethods=true, collectStaticFields=false, collectLiterals=false, onlyOneSynthesisResult=true, sortExpressions=true, maxLineInvocationPerTest=250, timeoutMethodInvocation=2000, dataCollectionTimeoutInSecondForSynthesis=900, addWeight=0.19478, subWeight=0.04554, mulWeight=0.0102, divWeight=0.00613, andWeight=0.10597, orWeight=0.05708, eqWeight=0.22798, nEqWeight=0.0, lessEqWeight=0.0255, lessWeight=0.0947, methodCallWeight=0.1, fieldAccessWeight=0.08099, constantWeight=0.14232, variableWeight=0.05195, mode=REPAIR, type=PRE_THEN_COND, synthesis=DYNAMOTH, oracle=ANGELIC, solver=Z3, solverPath='/home/tdurieux/RepairThemAll/script/../libs/z3/build/z3', projectSources=[src/main/java], projectClasspath='[Ljava.net.URL;@2ff4f00f', projectTests=[introclassJava.digits_2af3c416_000BlackboxTest, introclassJava.digits_2af3c416_000WhiteboxTest], complianceLevel=7, outputFolder=., json=true}
17:16:08.730 [main] INFO  fr.inria.lille.repair.nopol.NoPol - Available processors (cores): 8
17:16:08.737 [main] INFO  fr.inria.lille.repair.nopol.NoPol - Free memory: 467 MB
17:16:08.737 [main] INFO  fr.inria.lille.repair.nopol.NoPol - Maximum memory: 3 GB
17:16:08.737 [main] INFO  fr.inria.lille.repair.nopol.NoPol - Total memory available to JVM: 483 MB
17:16:08.737 [main] INFO  fr.inria.lille.repair.nopol.NoPol - Java version: 1.8.0_181
17:16:08.738 [main] INFO  fr.inria.lille.repair.nopol.NoPol - JAVA_HOME: /usr/lib/jvm/java-1.8.0-openjdk-amd64/bin/
17:16:08.738 [main] INFO  fr.inria.lille.repair.nopol.NoPol - PATH: /usr/lib/jvm/java-1.8.0-openjdk-amd64/bin/:/usr/lib/oar/oardodo:/usr/lib/oar/oardodo:/usr/local/bin:/usr/bin:/bin:/usr/games
17:16:12.215 [pool-2-thread-1] DEBUG fr.inria.lille.repair.nopol.NoPol - statement #1
17:16:12.216 [pool-2-thread-1] DEBUG fr.inria.lille.repair.nopol.NoPol - Analysing SourceLocation introclassJava.digits_2af3c416_000:71 which is executed by 16 tests
-1407757699
17:16:12.531 [pool-2-thread-1] DEBUG fr.inria.lille.repair.nopol.NoPol - looking with class fr.inria.lille.repair.nopol.spoon.smt.ConditionalAdder
org.junit.ComparisonFailure: expected:<Enteraninteger>[678-9]That'sall,haveaniced...> but was:<Enteraninteger>[]That'sall,haveaniced...>
    at org.junit.Assert.assertEquals(Assert.java:115)
    at org.junit.Assert.assertEquals(Assert.java:144)
    at introclassJava.digits_2af3c416_000BlackboxTest.test2(digits_2af3c416_000BlackboxTest.java:23)
    at sun.reflect.NativeMethodAccessorImpl.invoke0(Native Method)
    at sun.reflect.NativeMethodAccessorImpl.invoke(NativeMethodAccessorImpl.java:62)
    at sun.reflect.DelegatingMethodAccessorImpl.invoke(DelegatingMethodAccessorImpl.java:43)
org.junit.ComparisonFailure: expected:<Enteraninteger>[0]That'sall,haveaniced...> but was:<Enteraninteger>[]That'sall,haveaniced...>
    at org.junit.Assert.assertEquals(Assert.java:115)
    at org.junit.Assert.assertEquals(Assert.java:144)
    at introclassJava.digits_2af3c416_000WhiteboxTest.test1(digits_2af3c416_000WhiteboxTest.java:13)
    at sun.reflect.NativeMethodAccessorImpl.invoke0(Native Method)
    at sun.reflect.NativeMethodAccessorImpl.invoke(NativeMethodAccessorImpl.java:62)
    at sun.reflect.DelegatingMethodAccessorImpl.invoke(DelegatingMethodAccessorImpl.java:43)
17:16:12.603 [pool-4-thread-1] INFO  xxl.java.junit.TestCasesListener - Tests run finished (41 ms)
<> Total tests run: 16
<> Ignored tests: 0
<> Failed tests: 2
~ test2(introclassJava.digits_2af3c416_000BlackboxTest)
[expected:<Enteraninteger>[678-9]That'sall,haveaniced...> but was:<Enteraninteger>[]That'sall,haveaniced...>]
org.junit.ComparisonFailure: expected:<Enteraninteger>[678-9]That'sall,haveaniced...> but was:<Enteraninteger>[]That'sall,haveaniced...>    at org.junit.Assert.assertEquals(Assert.java:115)
    at org.junit.Assert.assertEquals(Assert.java:144)
    at introclassJava.digits_2af3c416_000BlackboxTest.test2(digits_2af3c416_000BlackboxTest.java:23)
    at sun.reflect.NativeMethodAccessorImpl.invoke0(Native Method)
    at sun.reflect.NativeMethodAccessorImpl.invoke(NativeMethodAccessorImpl.java:62)
    at sun.reflect.DelegatingMethodAccessorImpl.invoke(DelegatingMethodAccessorImpl.java:43)
~ test1(introclassJava.digits_2af3c416_000WhiteboxTest)
[expected:<Enteraninteger>[0]That'sall,haveaniced...> but was:<Enteraninteger>[]That'sall,haveaniced...>]
org.junit.ComparisonFailure: expected:<Enteraninteger>[0]That'sall,haveaniced...> but was:<Enteraninteger>[]That'sall,haveaniced...>    at org.junit.Assert.assertEquals(Assert.java:115)
    at org.junit.Assert.assertEquals(Assert.java:144)
    at introclassJava.digits_2af3c416_000WhiteboxTest.test1(digits_2af3c416_000WhiteboxTest.java:13)
    at sun.reflect.NativeMethodAccessorImpl.invoke0(Native Method)
    at sun.reflect.NativeMethodAccessorImpl.invoke(NativeMethodAccessorImpl.java:62)
    at sun.reflect.DelegatingMethodAccessorImpl.invoke(DelegatingMethodAccessorImpl.java:43)

17:16:13.195 [pool-2-thread-1] DEBUG fr.inria.lille.repair.nopol.NoPol - statement #2
17:16:13.195 [pool-2-thread-1] DEBUG fr.inria.lille.repair.nopol.NoPol - Analysing SourceLocation introclassJava.digits_2af3c416_000:69 which is executed by 16 tests
-1407757699
17:16:13.260 [pool-2-thread-1] DEBUG fr.inria.lille.repair.nopol.NoPol - looking with class fr.inria.lille.repair.nopol.spoon.smt.ConditionalAdder
org.junit.ComparisonFailure: expected:<Enteraninteger>[678-9]That'sall,haveaniced...> but was:<Enteraninteger>[]That'sall,haveaniced...>
    at org.junit.Assert.assertEquals(Assert.java:115)
    at org.junit.Assert.assertEquals(Assert.java:144)
    at introclassJava.digits_2af3c416_000BlackboxTest.test2(digits_2af3c416_000BlackboxTest.java:23)
    at sun.reflect.NativeMethodAccessorImpl.invoke0(Native Method)
    at sun.reflect.NativeMethodAccessorImpl.invoke(NativeMethodAccessorImpl.java:62)
    at sun.reflect.DelegatingMethodAccessorImpl.invoke(DelegatingMethodAccessorImpl.java:43)
org.junit.ComparisonFailure: expected:<Enteraninteger>[0]That'sall,haveaniced...> but was:<Enteraninteger>[]That'sall,haveaniced...>
    at org.junit.Assert.assertEquals(Assert.java:115)
    at org.junit.Assert.assertEquals(Assert.java:144)
    at introclassJava.digits_2af3c416_000WhiteboxTest.test1(digits_2af3c416_000WhiteboxTest.java:13)
    at sun.reflect.NativeMethodAccessorImpl.invoke0(Native Method)
    at sun.reflect.NativeMethodAccessorImpl.invoke(NativeMethodAccessorImpl.java:62)
    at sun.reflect.DelegatingMethodAccessorImpl.invoke(DelegatingMethodAccessorImpl.java:43)
17:16:13.283 [pool-10-thread-1] INFO  xxl.java.junit.TestCasesListener - Tests run finished (18 ms)
<> Total tests run: 16
<> Ignored tests: 0
<> Failed tests: 2
~ test2(introclassJava.digits_2af3c416_000BlackboxTest)
[expected:<Enteraninteger>[678-9]That'sall,haveaniced...> but was:<Enteraninteger>[]That'sall,haveaniced...>]
org.junit.ComparisonFailure: expected:<Enteraninteger>[678-9]That'sall,haveaniced...> but was:<Enteraninteger>[]That'sall,haveaniced...>    at org.junit.Assert.assertEquals(Assert.java:115)
    at org.junit.Assert.assertEquals(Assert.java:144)
    at introclassJava.digits_2af3c416_000BlackboxTest.test2(digits_2af3c416_000BlackboxTest.java:23)
    at sun.reflect.NativeMethodAccessorImpl.invoke0(Native Method)
    at sun.reflect.NativeMethodAccessorImpl.invoke(NativeMethodAccessorImpl.java:62)
    at sun.reflect.DelegatingMethodAccessorImpl.invoke(DelegatingMethodAccessorImpl.java:43)
~ test1(introclassJava.digits_2af3c416_000WhiteboxTest)
[expected:<Enteraninteger>[0]That'sall,haveaniced...> but was:<Enteraninteger>[]That'sall,haveaniced...>]
org.junit.ComparisonFailure: expected:<Enteraninteger>[0]That'sall,haveaniced...> but was:<Enteraninteger>[]That'sall,haveaniced...>    at org.junit.Assert.assertEquals(Assert.java:115)
    at org.junit.Assert.assertEquals(Assert.java:144)
    at introclassJava.digits_2af3c416_000WhiteboxTest.test1(digits_2af3c416_000WhiteboxTest.java:13)
    at sun.reflect.NativeMethodAccessorImpl.invoke0(Native Method)
    at sun.reflect.NativeMethodAccessorImpl.invoke(NativeMethodAccessorImpl.java:62)
    at sun.reflect.DelegatingMethodAccessorImpl.invoke(DelegatingMethodAccessorImpl.java:43)

17:16:13.428 [pool-2-thread-1] DEBUG fr.inria.lille.repair.nopol.NoPol - statement #3
17:16:13.428 [pool-2-thread-1] DEBUG fr.inria.lille.repair.nopol.NoPol - Analysing SourceLocation introclassJava.digits_2af3c416_000:64 which is executed by 16 tests
-1407757699
17:16:13.489 [pool-2-thread-1] DEBUG fr.inria.lille.repair.nopol.NoPol - looking with class fr.inria.lille.repair.nopol.spoon.smt.ConditionalAdder
org.junit.ComparisonFailure: expected:<Enteraninteger>[678-9]That'sall,haveaniced...> but was:<Enteraninteger>[]That'sall,haveaniced...>
    at org.junit.Assert.assertEquals(Assert.java:115)
    at org.junit.Assert.assertEquals(Assert.java:144)
    at introclassJava.digits_2af3c416_000BlackboxTest.test2(digits_2af3c416_000BlackboxTest.java:23)
    at sun.reflect.NativeMethodAccessorImpl.invoke0(Native Method)
    at sun.reflect.NativeMethodAccessorImpl.invoke(NativeMethodAccessorImpl.java:62)
    at sun.reflect.DelegatingMethodAccessorImpl.invoke(DelegatingMethodAccessorImpl.java:43)
org.junit.ComparisonFailure: expected:<Enteraninteger>[0]That'sall,haveaniced...> but was:<Enteraninteger>[]That'sall,haveaniced...>
    at org.junit.Assert.assertEquals(Assert.java:115)
    at org.junit.Assert.assertEquals(Assert.java:144)
    at introclassJava.digits_2af3c416_000WhiteboxTest.test1(digits_2af3c416_000WhiteboxTest.java:13)
    at sun.reflect.NativeMethodAccessorImpl.invoke0(Native Method)
    at sun.reflect.NativeMethodAccessorImpl.invoke(NativeMethodAccessorImpl.java:62)
    at sun.reflect.DelegatingMethodAccessorImpl.invoke(DelegatingMethodAccessorImpl.java:43)
17:16:13.509 [pool-16-thread-1] INFO  xxl.java.junit.TestCasesListener - Tests run finished (15 ms)
<> Total tests run: 16
<> Ignored tests: 0
<> Failed tests: 2
~ test2(introclassJava.digits_2af3c416_000BlackboxTest)
[expected:<Enteraninteger>[678-9]That'sall,haveaniced...> but was:<Enteraninteger>[]That'sall,haveaniced...>]
org.junit.ComparisonFailure: expected:<Enteraninteger>[678-9]That'sall,haveaniced...> but was:<Enteraninteger>[]That'sall,haveaniced...>    at org.junit.Assert.assertEquals(Assert.java:115)
    at org.junit.Assert.assertEquals(Assert.java:144)
    at introclassJava.digits_2af3c416_000BlackboxTest.test2(digits_2af3c416_000BlackboxTest.java:23)
    at sun.reflect.NativeMethodAccessorImpl.invoke0(Native Method)
    at sun.reflect.NativeMethodAccessorImpl.invoke(NativeMethodAccessorImpl.java:62)
    at sun.reflect.DelegatingMethodAccessorImpl.invoke(DelegatingMethodAccessorImpl.java:43)
~ test1(introclassJava.digits_2af3c416_000WhiteboxTest)
[expected:<Enteraninteger>[0]That'sall,haveaniced...> but was:<Enteraninteger>[]That'sall,haveaniced...>]
org.junit.ComparisonFailure: expected:<Enteraninteger>[0]That'sall,haveaniced...> but was:<Enteraninteger>[]That'sall,haveaniced...>    at org.junit.Assert.assertEquals(Assert.java:115)
    at org.junit.Assert.assertEquals(Assert.java:144)
    at introclassJava.digits_2af3c416_000WhiteboxTest.test1(digits_2af3c416_000WhiteboxTest.java:13)
    at sun.reflect.NativeMethodAccessorImpl.invoke0(Native Method)
    at sun.reflect.NativeMethodAccessorImpl.invoke(NativeMethodAccessorImpl.java:62)
    at sun.reflect.DelegatingMethodAccessorImpl.invoke(DelegatingMethodAccessorImpl.java:43)

17:16:13.639 [pool-2-thread-1] DEBUG fr.inria.lille.repair.nopol.NoPol - statement #4
17:16:13.640 [pool-2-thread-1] DEBUG fr.inria.lille.repair.nopol.NoPol - Analysing SourceLocation introclassJava.digits_2af3c416_000:63 which is executed by 16 tests
-1407757699
17:16:13.700 [pool-2-thread-1] DEBUG fr.inria.lille.repair.nopol.NoPol - looking with class fr.inria.lille.repair.nopol.spoon.smt.ConditionalAdder
org.junit.ComparisonFailure: expected:<Enteraninteger>[678-9]That'sall,haveaniced...> but was:<Enteraninteger>[]That'sall,haveaniced...>
    at org.junit.Assert.assertEquals(Assert.java:115)
    at org.junit.Assert.assertEquals(Assert.java:144)
    at introclassJava.digits_2af3c416_000BlackboxTest.test2(digits_2af3c416_000BlackboxTest.java:23)
    at sun.reflect.NativeMethodAccessorImpl.invoke0(Native Method)
    at sun.reflect.NativeMethodAccessorImpl.invoke(NativeMethodAccessorImpl.java:62)
    at sun.reflect.DelegatingMethodAccessorImpl.invoke(DelegatingMethodAccessorImpl.java:43)
org.junit.ComparisonFailure: expected:<Enteraninteger>[0]That'sall,haveaniced...> but was:<Enteraninteger>[]That'sall,haveaniced...>
    at org.junit.Assert.assertEquals(Assert.java:115)
    at org.junit.Assert.assertEquals(Assert.java:144)
    at introclassJava.digits_2af3c416_000WhiteboxTest.test1(digits_2af3c416_000WhiteboxTest.java:13)
    at sun.reflect.NativeMethodAccessorImpl.invoke0(Native Method)
    at sun.reflect.NativeMethodAccessorImpl.invoke(NativeMethodAccessorImpl.java:62)
    at sun.reflect.DelegatingMethodAccessorImpl.invoke(DelegatingMethodAccessorImpl.java:43)
17:16:13.718 [pool-22-thread-1] INFO  xxl.java.junit.TestCasesListener - Tests run finished (14 ms)
<> Total tests run: 16
<> Ignored tests: 0
<> Failed tests: 2
~ test2(introclassJava.digits_2af3c416_000BlackboxTest)
[expected:<Enteraninteger>[678-9]That'sall,haveaniced...> but was:<Enteraninteger>[]That'sall,haveaniced...>]
org.junit.ComparisonFailure: expected:<Enteraninteger>[678-9]That'sall,haveaniced...> but was:<Enteraninteger>[]That'sall,haveaniced...>    at org.junit.Assert.assertEquals(Assert.java:115)
    at org.junit.Assert.assertEquals(Assert.java:144)
    at introclassJava.digits_2af3c416_000BlackboxTest.test2(digits_2af3c416_000BlackboxTest.java:23)
    at sun.reflect.NativeMethodAccessorImpl.invoke0(Native Method)
    at sun.reflect.NativeMethodAccessorImpl.invoke(NativeMethodAccessorImpl.java:62)
    at sun.reflect.DelegatingMethodAccessorImpl.invoke(DelegatingMethodAccessorImpl.java:43)
~ test1(introclassJava.digits_2af3c416_000WhiteboxTest)
[expected:<Enteraninteger>[0]That'sall,haveaniced...> but was:<Enteraninteger>[]That'sall,haveaniced...>]
org.junit.ComparisonFailure: expected:<Enteraninteger>[0]That'sall,haveaniced...> but was:<Enteraninteger>[]That'sall,haveaniced...>    at org.junit.Assert.assertEquals(Assert.java:115)
    at org.junit.Assert.assertEquals(Assert.java:144)
    at introclassJava.digits_2af3c416_000WhiteboxTest.test1(digits_2af3c416_000WhiteboxTest.java:13)
    at sun.reflect.NativeMethodAccessorImpl.invoke0(Native Method)
    at sun.reflect.NativeMethodAccessorImpl.invoke(NativeMethodAccessorImpl.java:62)
    at sun.reflect.DelegatingMethodAccessorImpl.invoke(DelegatingMethodAccessorImpl.java:43)

17:16:13.847 [pool-2-thread-1] DEBUG fr.inria.lille.repair.nopol.NoPol - statement #5
17:16:13.847 [pool-2-thread-1] DEBUG fr.inria.lille.repair.nopol.NoPol - Analysing SourceLocation introclassJava.digits_2af3c416_000:62 which is executed by 16 tests
-1407757699
17:16:13.911 [pool-2-thread-1] DEBUG fr.inria.lille.repair.nopol.NoPol - looking with class fr.inria.lille.repair.nopol.spoon.smt.ConditionalAdder
org.junit.ComparisonFailure: expected:<Enteraninteger>[678-9]That'sall,haveaniced...> but was:<Enteraninteger>[]That'sall,haveaniced...>
    at org.junit.Assert.assertEquals(Assert.java:115)
    at org.junit.Assert.assertEquals(Assert.java:144)
    at introclassJava.digits_2af3c416_000BlackboxTest.test2(digits_2af3c416_000BlackboxTest.java:23)
    at sun.reflect.NativeMethodAccessorImpl.invoke0(Native Method)
    at sun.reflect.NativeMethodAccessorImpl.invoke(NativeMethodAccessorImpl.java:62)
    at sun.reflect.DelegatingMethodAccessorImpl.invoke(DelegatingMethodAccessorImpl.java:43)
org.junit.ComparisonFailure: expected:<Enteraninteger>[0]That'sall,haveaniced...> but was:<Enteraninteger>[]That'sall,haveaniced...>
    at org.junit.Assert.assertEquals(Assert.java:115)
    at org.junit.Assert.assertEquals(Assert.java:144)
    at introclassJava.digits_2af3c416_000WhiteboxTest.test1(digits_2af3c416_000WhiteboxTest.java:13)
    at sun.reflect.NativeMethodAccessorImpl.invoke0(Native Method)
    at sun.reflect.NativeMethodAccessorImpl.invoke(NativeMethodAccessorImpl.java:62)
    at sun.reflect.DelegatingMethodAccessorImpl.invoke(DelegatingMethodAccessorImpl.java:43)
17:16:13.927 [pool-28-thread-1] INFO  xxl.java.junit.TestCasesListener - Tests run finished (12 ms)
<> Total tests run: 16
<> Ignored tests: 0
<> Failed tests: 2
~ test2(introclassJava.digits_2af3c416_000BlackboxTest)
[expected:<Enteraninteger>[678-9]That'sall,haveaniced...> but was:<Enteraninteger>[]That'sall,haveaniced...>]
org.junit.ComparisonFailure: expected:<Enteraninteger>[678-9]That'sall,haveaniced...> but was:<Enteraninteger>[]That'sall,haveaniced...>    at org.junit.Assert.assertEquals(Assert.java:115)
    at org.junit.Assert.assertEquals(Assert.java:144)
    at introclassJava.digits_2af3c416_000BlackboxTest.test2(digits_2af3c416_000BlackboxTest.java:23)
    at sun.reflect.NativeMethodAccessorImpl.invoke0(Native Method)
    at sun.reflect.NativeMethodAccessorImpl.invoke(NativeMethodAccessorImpl.java:62)
    at sun.reflect.DelegatingMethodAccessorImpl.invoke(DelegatingMethodAccessorImpl.java:43)
~ test1(introclassJava.digits_2af3c416_000WhiteboxTest)
[expected:<Enteraninteger>[0]That'sall,haveaniced...> but was:<Enteraninteger>[]That'sall,haveaniced...>]
org.junit.ComparisonFailure: expected:<Enteraninteger>[0]That'sall,haveaniced...> but was:<Enteraninteger>[]That'sall,haveaniced...>    at org.junit.Assert.assertEquals(Assert.java:115)
    at org.junit.Assert.assertEquals(Assert.java:144)
    at introclassJava.digits_2af3c416_000WhiteboxTest.test1(digits_2af3c416_000WhiteboxTest.java:13)
    at sun.reflect.NativeMethodAccessorImpl.invoke0(Native Method)
    at sun.reflect.NativeMethodAccessorImpl.invoke(NativeMethodAccessorImpl.java:62)
    at sun.reflect.DelegatingMethodAccessorImpl.invoke(DelegatingMethodAccessorImpl.java:43)

17:16:14.039 [pool-2-thread-1] DEBUG fr.inria.lille.repair.nopol.NoPol - statement #6
17:16:14.039 [pool-2-thread-1] DEBUG fr.inria.lille.repair.nopol.NoPol - Analysing SourceLocation introclassJava.digits_2af3c416_000:61 which is executed by 16 tests
-1407757699
17:16:14.096 [pool-2-thread-1] DEBUG fr.inria.lille.repair.nopol.NoPol - looking with class fr.inria.lille.repair.nopol.spoon.smt.ConditionalAdder
org.junit.ComparisonFailure: expected:<Enteraninteger>[678-9]That'sall,haveaniced...> but was:<Enteraninteger>[]That'sall,haveaniced...>
    at org.junit.Assert.assertEquals(Assert.java:115)
    at org.junit.Assert.assertEquals(Assert.java:144)
    at introclassJava.digits_2af3c416_000BlackboxTest.test2(digits_2af3c416_000BlackboxTest.java:23)
    at sun.reflect.NativeMethodAccessorImpl.invoke0(Native Method)
    at sun.reflect.NativeMethodAccessorImpl.invoke(NativeMethodAccessorImpl.java:62)
    at sun.reflect.DelegatingMethodAccessorImpl.invoke(DelegatingMethodAccessorImpl.java:43)
org.junit.ComparisonFailure: expected:<Enteraninteger>[0]That'sall,haveaniced...> but was:<Enteraninteger>[]That'sall,haveaniced...>
    at org.junit.Assert.assertEquals(Assert.java:115)
    at org.junit.Assert.assertEquals(Assert.java:144)
    at introclassJava.digits_2af3c416_000WhiteboxTest.test1(digits_2af3c416_000WhiteboxTest.java:13)
    at sun.reflect.NativeMethodAccessorImpl.invoke0(Native Method)
    at sun.reflect.NativeMethodAccessorImpl.invoke(NativeMethodAccessorImpl.java:62)
    at sun.reflect.DelegatingMethodAccessorImpl.invoke(DelegatingMethodAccessorImpl.java:43)
17:16:14.112 [pool-34-thread-1] INFO  xxl.java.junit.TestCasesListener - Tests run finished (12 ms)
<> Total tests run: 16
<> Ignored tests: 0
<> Failed tests: 2
~ test2(introclassJava.digits_2af3c416_000BlackboxTest)
[expected:<Enteraninteger>[678-9]That'sall,haveaniced...> but was:<Enteraninteger>[]That'sall,haveaniced...>]
org.junit.ComparisonFailure: expected:<Enteraninteger>[678-9]That'sall,haveaniced...> but was:<Enteraninteger>[]That'sall,haveaniced...>    at org.junit.Assert.assertEquals(Assert.java:115)
    at org.junit.Assert.assertEquals(Assert.java:144)
    at introclassJava.digits_2af3c416_000BlackboxTest.test2(digits_2af3c416_000BlackboxTest.java:23)
    at sun.reflect.NativeMethodAccessorImpl.invoke0(Native Method)
    at sun.reflect.NativeMethodAccessorImpl.invoke(NativeMethodAccessorImpl.java:62)
    at sun.reflect.DelegatingMethodAccessorImpl.invoke(DelegatingMethodAccessorImpl.java:43)
~ test1(introclassJava.digits_2af3c416_000WhiteboxTest)
[expected:<Enteraninteger>[0]That'sall,haveaniced...> but was:<Enteraninteger>[]That'sall,haveaniced...>]
org.junit.ComparisonFailure: expected:<Enteraninteger>[0]That'sall,haveaniced...> but was:<Enteraninteger>[]That'sall,haveaniced...>    at org.junit.Assert.assertEquals(Assert.java:115)
    at org.junit.Assert.assertEquals(Assert.java:144)
    at introclassJava.digits_2af3c416_000WhiteboxTest.test1(digits_2af3c416_000WhiteboxTest.java:13)
    at sun.reflect.NativeMethodAccessorImpl.invoke0(Native Method)
    at sun.reflect.NativeMethodAccessorImpl.invoke(NativeMethodAccessorImpl.java:62)
    at sun.reflect.DelegatingMethodAccessorImpl.invoke(DelegatingMethodAccessorImpl.java:43)

17:16:14.229 [pool-2-thread-1] DEBUG fr.inria.lille.repair.nopol.NoPol - statement #7
17:16:14.230 [pool-2-thread-1] DEBUG fr.inria.lille.repair.nopol.NoPol - Analysing SourceLocation introclassJava.digits_2af3c416_000:60 which is executed by 16 tests
-1407757699
17:16:14.303 [pool-2-thread-1] INFO  fr.inria.lille.repair.nopol.NoPol - ----INFORMATION----
17:16:14.311 [pool-2-thread-1] INFO  fr.inria.lille.repair.nopol.NoPol - Nb classes : 6
17:16:14.311 [pool-2-thread-1] INFO  fr.inria.lille.repair.nopol.NoPol - Nb methods : 2
17:16:14.311 [pool-2-thread-1] INFO  fr.inria.lille.repair.nopol.NoPol - Nb Statements Analyzed : 6
17:16:14.312 [pool-2-thread-1] INFO  fr.inria.lille.repair.nopol.NoPol - Nb Statements with Angelic Value Found : 0
17:16:14.312 [pool-2-thread-1] INFO  fr.inria.lille.repair.nopol.NoPol - NoPol Execution time : 5590ms
17:16:14.312 [pool-2-thread-1] INFO  fr.inria.lille.repair.nopol.NoPol - 
NO_ANGELIC_VALUE
Command exited with non-zero status 255
11.89user 0.90system 0:06.73elapsed 189%CPU (0avgtext+0avgdata 351380maxresident)k
46368inputs+5160outputs (3major+124270minor)pagefaults 0swaps


Node: suno-36.sophia.grid5000.fr



Date: Wed Dec  5 17:16:14 EST 2018

