cd /tmp/NPEFix_IntroClassJava_digits_1b31fa5c50f7725ce468ebf24282f2d080a83aed87e4ee35522ae7710c8e0136bc263cc460b8ec7bf2c3519cb59af4a138e114d36541515b2609ab56ad2b8ee9_002;
export JAVA_TOOL_OPTIONS="-Dfile.encoding=UTF8 -Duser.language=en-US -Duser.country=US -Duser.language=en";
TZ="America/New_York"; export TZ;
export PATH="/usr/lib/jvm/java-1.8.0-openjdk-amd64/bin/:$PATH";
export JAVA_HOME="/usr/lib/jvm/java-1.8.0-openjdk-amd64/bin/";
time java -Xmx4g -Xms1g -cp /home/tdurieux/defects4j4repair/script/../repair_tools/npefix.jar fr.inria.spirals.npefix.main.run.Main \
    --test introclassJava.digits_1b31fa5c_002BlackboxTest:introclassJava.digits_1b31fa5c_002WhiteboxTest \
    --iteration 100 \
	--complianceLevel 7 \
	--workingdirectory . \
	--source src/main/java \
	--classpath target/classes:target/test-classes:/home/tdurieux/.m2/repository/junit/junit/4.11/junit-4.11.jar:/home/tdurieux/.m2/repository/org/hamcrest/hamcrest-core/1.3/hamcrest-core-1.3.jar;
	echo "\n\nNode: `hostname`\n";
	echo "\n\nDate: `date`\n";
Picked up JAVA_TOOL_OPTIONS: -Dfile.encoding=UTF8 -Duser.language=en-US -Duser.country=US -Duser.language=en
TernarySplitter  in 4ms
CheckNotNull  in 11ms
ForceNullInit in 22ms
AddImplicitCastChecker --> 0 in 3ms
BeforeDeref --> 27 (failed:0) in 18ms
target--> 28 (failed:0) in 54ms
TryRegister # Try: 0 in 2ms
Assign --> 19 (failed: 0) in 52ms
VarInit --> 5 in 4ms
MethodEncapsulation # Method: 2 in 48ms
ConstructorEncapsulation # Constructor: 10 in 11ms
VariableFor in 2ms
RMI Selector (Host: 127.0.0.1, Port: 10000): KO
introclassJava.digits_1b31fa5c_002WhiteboxTest#test8
<No Strat> Status: Ok
introclassJava.digits_1b31fa5c_002WhiteboxTest#test9
<No Strat> Status: Ok
introclassJava.digits_1b31fa5c_002WhiteboxTest#test10
<No Strat> Status: Ok
introclassJava.digits_1b31fa5c_002WhiteboxTest#test7
<No Strat> Status: Ok
introclassJava.digits_1b31fa5c_002WhiteboxTest#test2
<No Strat> Status: Ok
introclassJava.digits_1b31fa5c_002WhiteboxTest#test3
<No Strat> Status: Ok
introclassJava.digits_1b31fa5c_002WhiteboxTest#test4
<No Strat> Status: Ok
introclassJava.digits_1b31fa5c_002WhiteboxTest#test5
<No Strat> Status: Ok
introclassJava.digits_1b31fa5c_002WhiteboxTest#test6
<No Strat> Status: Ok
introclassJava.digits_1b31fa5c_002WhiteboxTest#test1
<No Strat> Status: Ko
introclassJava.digits_1b31fa5c_002BlackboxTest#test2
<No Strat> Status: Ok
introclassJava.digits_1b31fa5c_002BlackboxTest#test3
<No Strat> Status: Ok
introclassJava.digits_1b31fa5c_002BlackboxTest#test4
<No Strat> Status: Ok
introclassJava.digits_1b31fa5c_002BlackboxTest#test5
<No Strat> Status: Ok
introclassJava.digits_1b31fa5c_002BlackboxTest#test6
<No Strat> Status: Ok
introclassJava.digits_1b31fa5c_002BlackboxTest#test1
<No Strat> Status: Ok
Multirun 16/100 16%
introclassJava.digits_1b31fa5c_002WhiteboxTest#test1
<No Strat> Status: Ko
introclassJava.digits_1b31fa5c_002WhiteboxTest#test1
<No Strat> Status: Ko
introclassJava.digits_1b31fa5c_002WhiteboxTest#test1
<No Strat> Status: Ko
introclassJava.digits_1b31fa5c_002WhiteboxTest#test1
<No Strat> Status: Ko
introclassJava.digits_1b31fa5c_002WhiteboxTest#test1
<No Strat> Status: Ko
introclassJava.digits_1b31fa5c_002WhiteboxTest#test1
<No Strat> Status: Ko
4.32user 0.16system 0:02.70elapsed 165%CPU (0avgtext+0avgdata 219184maxresident)k
21120inputs+208outputs (1major+53525minor)pagefaults 0swaps


Node: graphene-13.nancy.grid5000.fr



Date: Thu Dec  6 03:54:08 EST 2018

