cd /tmp/NPEFix_Bug_dot_jar_Accumulo_5594b2e0;
export JAVA_TOOL_OPTIONS="-Dfile.encoding=UTF8 -Duser.language=en-US -Duser.country=US -Duser.language=en";
TZ="America/New_York"; export TZ;
export PATH="/usr/lib/jvm/java-1.8.0-openjdk-amd64/bin/:$PATH";
export JAVA_HOME="/usr/lib/jvm/java-1.8.0-openjdk-amd64/bin/";
time java -Xmx4048m -cp /home/tdurieux/defects4j4repair/script/../repair_tools/npefix.jar fr.inria.spirals.npefix.main.run.Main \
    --test org.apache.accumulo.server.client.BulkImporterTest \
    --iteration 100 \
	--complianceLevel 7 \
	--workingdirectory . \
	--source src/server/src/main/java \
	--classpath src/server/target/classes:src/server/target/test-classes:/tmp/NPEFix_Bug_dot_jar_Accumulo_5594b2e0/src/trace/target/classes:/tmp/NPEFix_Bug_dot_jar_Accumulo_5594b2e0/src/start/target/classes:/tmp/NPEFix_Bug_dot_jar_Accumulo_5594b2e0/src/core/target/classes:/tmp/NPEFix_Bug_dot_jar_Accumulo_5594b2e0/src/examples/simple/target/classes:/tmp/NPEFix_Bug_dot_jar_Accumulo_5594b2e0/src/examples/wikisearch/ingest/target/classes:/tmp/NPEFix_Bug_dot_jar_Accumulo_5594b2e0/src/examples/wikisearch/query/target/classes:/tmp/NPEFix_Bug_dot_jar_Accumulo_5594b2e0/src/examples/wikisearch/query-war/target/classes:/home/tdurieux/.m2/repository/net/java/dev/jets3t/jets3t/0.7.1/jets3t-0.7.1.jar:/home/tdurieux/.m2/repository/net/sf/kosmosfs/kfs/0.3/kfs-0.3.jar:/home/tdurieux/.m2/repository/xmlenc/xmlenc/0.52/xmlenc-0.52.jar:/home/tdurieux/.m2/repository/org/mortbay/jetty/servlet-api-2.5/6.1.14/servlet-api-2.5-6.1.14.jar:/home/tdurieux/.m2/repository/org/apache/httpcomponents/httpcore/4.0.1/httpcore-4.0.1.jar:/home/tdurieux/.m2/repository/hsqldb/hsqldb/1.8.0.10/hsqldb-1.8.0.10.jar:/home/tdurieux/.m2/repository/com/googlecode/minlog/1.2/minlog-1.2.jar:/home/tdurieux/.m2/repository/asm/asm/3.2/asm-3.2.jar:/home/tdurieux/.m2/repository/commons-configuration/commons-configuration/1.5/commons-configuration-1.5.jar:/home/tdurieux/.m2/repository/tomcat/jasper-compiler/5.5.12/jasper-compiler-5.5.12.jar:/home/tdurieux/.m2/repository/org/apache/commons/commons-jci-core/1.0/commons-jci-core-1.0.jar:/home/tdurieux/.m2/repository/commons-collections/commons-collections/3.2/commons-collections-3.2.jar:/home/tdurieux/.m2/repository/org/apache/accumulo/accumulo-start/1.4.0-incubating-SNAPSHOT/accumulo-start-1.4.0-incubating-SNAPSHOT.jar:/home/tdurieux/.m2/repository/jline/jline/0.9.94/jline-0.9.94.jar:/home/tdurieux/.m2/repository/javaee/javaee-api/5/javaee-api-5.jar:/home/tdurieux/.m2/repository/junit/junit/4.4/junit-4.4.jar:/home/tdurieux/.m2/repository/org/apache/accumulo/cloudtrace/1.4.0-incubating-SNAPSHOT/cloudtrace-1.4.0-incubating-SNAPSHOT.jar:/home/tdurieux/.m2/repository/org/apache/accumulo/wikisearch-ingest/1.4.0-incubating-SNAPSHOT/wikisearch-ingest-1.4.0-incubating-SNAPSHOT.jar:/home/tdurieux/.m2/repository/org/apache/httpcomponents/httpclient/4.0.1/httpclient-4.0.1.jar:/home/tdurieux/.m2/repository/asm/asm/3.1/asm-3.1.jar:/home/tdurieux/.m2/repository/commons-el/commons-el/1.0/commons-el-1.0.jar:/home/tdurieux/.m2/repository/org/apache/lucene/lucene-analyzers/3.0.2/lucene-analyzers-3.0.2.jar:/home/tdurieux/.m2/repository/commons-logging/commons-logging-api/1.0.4/commons-logging-api-1.0.4.jar:/home/tdurieux/.m2/repository/org/apache/hadoop/zookeeper/3.3.1/zookeeper-3.3.1.jar:/home/tdurieux/.m2/repository/xml-apis/xml-apis/1.0.b2/xml-apis-1.0.b2.jar:/home/tdurieux/.m2/repository/org/apache/commons/commons-jexl/2.0.1/commons-jexl-2.0.1.jar:/home/tdurieux/.m2/repository/log4j/log4j/1.2.16/log4j-1.2.16.jar:/home/tdurieux/.m2/repository/com/sun/jersey/jersey-server/1.11/jersey-server-1.11.jar:/home/tdurieux/.m2/repository/commons-httpclient/commons-httpclient/3.0.1/commons-httpclient-3.0.1.jar:/home/tdurieux/.m2/repository/tomcat/jasper-runtime/5.5.12/jasper-runtime-5.5.12.jar:/home/tdurieux/.m2/repository/org/apache/commons/commons-jci-fam/1.0/commons-jci-fam-1.0.jar:/home/tdurieux/.m2/repository/org/eclipse/jdt/core/3.1.1/core-3.1.1.jar:/home/tdurieux/.m2/repository/javax/servlet/servlet-api/2.4/servlet-api-2.4.jar:/home/tdurieux/.m2/repository/commons-io/commons-io/1.4/commons-io-1.4.jar:/home/tdurieux/.m2/repository/ant/ant/1.6.5/ant-1.6.5.jar:/home/tdurieux/.m2/repository/org/slf4j/slf4j-api/1.4.3/slf4j-api-1.4.3.jar:/home/tdurieux/.m2/repository/org/apache/hadoop/hadoop-core/0.20.2/hadoop-core-0.20.2.jar:/home/tdurieux/.m2/repository/com/google/collections/google-collections/1.0/google-collections-1.0.jar:/home/tdurieux/.m2/repository/commons-cli/commons-cli/1.2/commons-cli-1.2.jar:/home/tdurieux/.m2/repository/org/mortbay/jetty/jsp-2.1/6.1.14/jsp-2.1-6.1.14.jar:/home/tdurieux/.m2/repository/org/mortbay/jetty/jetty/6.1.26/jetty-6.1.26.jar:/home/tdurieux/.m2/repository/org/apache/lucene/lucene-core/3.0.2/lucene-core-3.0.2.jar:/home/tdurieux/.m2/repository/commons-logging/commons-logging/1.0.4/commons-logging-1.0.4.jar:/home/tdurieux/.m2/repository/org/apache/lucene/lucene-wikipedia/3.0.2/lucene-wikipedia-3.0.2.jar:/home/tdurieux/.m2/repository/org/mortbay/jetty/jsp-api-2.1/6.1.14/jsp-api-2.1-6.1.14.jar:/home/tdurieux/.m2/repository/org/apache/lucene/lucene-highlighter/3.0.2/lucene-highlighter-3.0.2.jar:/home/tdurieux/.m2/repository/org/mortbay/jetty/servlet-api/2.5-20081211/servlet-api-2.5-20081211.jar:/home/tdurieux/.m2/repository/org/mortbay/jetty/jetty-util/6.1.14/jetty-util-6.1.14.jar:/home/tdurieux/.m2/repository/com/googlecode/kryo/1.04/kryo-1.04.jar:/home/tdurieux/.m2/repository/com/sun/jersey/jersey-core/1.11/jersey-core-1.11.jar:/home/tdurieux/.m2/repository/org/apache/accumulo/accumulo-core/1.4.0-incubating-SNAPSHOT/accumulo-core-1.4.0-incubating-SNAPSHOT.jar:/home/tdurieux/.m2/repository/commons-net/commons-net/1.4.1/commons-net-1.4.1.jar:/home/tdurieux/.m2/repository/commons-digester/commons-digester/1.8/commons-digester-1.8.jar:/home/tdurieux/.m2/repository/org/apache/lucene/lucene-benchmark/3.0.2/lucene-benchmark-3.0.2.jar:/home/tdurieux/.m2/repository/commons-digester/commons-digester/1.7/commons-digester-1.7.jar:/home/tdurieux/.m2/repository/org/slf4j/slf4j-log4j12/1.4.3/slf4j-log4j12-1.4.3.jar:/home/tdurieux/.m2/repository/oro/oro/2.0.8/oro-2.0.8.jar:/home/tdurieux/.m2/repository/commons-lang/commons-lang/2.4/commons-lang-2.4.jar:/home/tdurieux/.m2/repository/org/apache/thrift/libthrift/0.6.1/libthrift-0.6.1.jar:/home/tdurieux/.m2/repository/org/apache/lucene/lucene-demos/3.0.2/lucene-demos-3.0.2.jar:/home/tdurieux/.m2/repository/com/googlecode/reflectasm/1.01/reflectasm-1.01.jar:/home/tdurieux/.m2/repository/commons-codec/commons-codec/1.3/commons-codec-1.3.jar:/home/tdurieux/.m2/repository/commons-beanutils/commons-beanutils-core/1.7.0/commons-beanutils-core-1.7.0.jar:/home/tdurieux/.m2/repository/org/apache/lucene/lucene-memory/3.0.2/lucene-memory-3.0.2.jar:/home/tdurieux/.m2/repository/commons-beanutils/commons-beanutils/1.7.0/commons-beanutils-1.7.0.jar:/home/tdurieux/.m2/repository/javax/javaee-web-api/6.0/javaee-web-api-6.0.jar:/home/tdurieux/.m2/repository/commons-codec/commons-codec/1.5/commons-codec-1.5.jar:/home/tdurieux/.m2/repository/com/google/protobuf/protobuf-java/2.3.0/protobuf-java-2.3.0.jar;
	echo "\n\nNode: `hostname`\n";
	echo "\n\nDate: `date`\n";
Picked up JAVA_TOOL_OPTIONS: -Dfile.encoding=UTF8 -Duser.language=en-US -Duser.country=US -Duser.language=en
TernarySplitter  in 323ms
boolean sameTable = ((us.currentTablet) != null) && (us.currentTablet.getExtent().getTableId().equals(keyExtent.getTableId()))
resp.addCookie(new Cookie("page.refresh.rate", (value == null ? "5" : value)))
boolean perEqual = ((per == null) && (lastEndRow == null)) || (((per != null) && (lastEndRow != null)) && (per.equals(lastEndRow)))
boolean perEqual = ((per == null) && (lastEndRow == null)) || (((per != null) && (lastEndRow != null)) && (per.equals(lastEndRow)))
boolean perEqual = ((per == null) && (lastEndRow == null)) || (((per != null) && (lastEndRow != null)) && (per.equals(lastEndRow)))
boolean perEqual = ((per == null) && (lastEndRow == null)) || (((per != null) && (lastEndRow != null)) && (per.equals(lastEndRow)))
return ((otherMemTable) != null) || ((deletingMemTable) != null)
return ((otherMemTable) != null) || ((deletingMemTable) != null)
String newMapfileLocation = getNextMapFilename(((mergeFile) == null ? "F" : "M"))
ret = (findSplitRow(datafileManager.getFiles())) != null
Tablet.log.error(("MajC Failed, message = " + ((t.getMessage()) == null ? t.getClass().getName() : t.getMessage())), t)
boolean prevEndRowLessThanEndRow = ((per == null) || ((ke.getEndRow()) == null)) || ((per.compareTo(ke.getEndRow())) < 0)
boolean prevEndRowLessThanEndRow = ((per == null) || ((ke.getEndRow()) == null)) || ((per.compareTo(ke.getEndRow())) < 0)
return ((extent.getPrevEndRow()) != null) && (extent.getPrevEndRow().equals(range.getEndRow()))
Range range = new KeyExtent(new Text(tableId), null, ((startRow) == null ? null : new Text(startRow))).toMetadataRange()
return (lock) != null
return (stat != null) && ((stat.getEphemeralOwner()) == (lid.eid))
return ((zc.get((((lid.path) + "/") + (lid.node)), stat)) != null) && ((stat.getEphemeralOwner()) == (lid.eid))
return (entry) != null
return (zooCache.get((((ZKUserPath) + "/") + user))) != null
client.flush(null, SecurityConstants.getSystemCredentials(), lockString(lock), tableId, null, (endRow == null ? null : ByteBuffer.wrap(endRow)))
client.flush(null, SecurityConstants.getSystemCredentials(), lockString(lock), tableId, ByteBuffer.wrap(startRow), (endRow == null ? null : ByteBuffer.wrap(endRow)))
client.compact(null, SecurityConstants.getSystemCredentials(), lockString(lock), tableId, null, (endRow == null ? null : ByteBuffer.wrap(endRow)))
client.compact(null, SecurityConstants.getSystemCredentials(), lockString(lock), tableId, ByteBuffer.wrap(startRow), (endRow == null ? null : ByteBuffer.wrap(endRow)))
String lockString = new String((lockData == null ? new byte[]{  } : lockData))
return new RecoveryStatus(logFile.server, logFile.file, ((sortJob) == null ? 0.0 : sortJob.mapProgress()), ((sortJob) == null ? 0.0 : sortJob.reduceProgress()), ((int) ((System.currentTimeMillis()) - (copyStartTime))), ((sortJob) != null ? 1.0 : (copySize) == 0 ? 0 : (copiedSoFar()) / ((double) (copySize))))
return new RecoveryStatus(logFile.server, logFile.file, ((sortJob) == null ? 0.0 : sortJob.mapProgress()), ((sortJob) == null ? 0.0 : sortJob.reduceProgress()), ((int) ((System.currentTimeMillis()) - (copyStartTime))), ((sortJob) != null ? 1.0 : (copySize) == 0 ? 0 : (copiedSoFar()) / ((double) (copySize))))
return new RecoveryStatus(logFile.server, logFile.file, ((sortJob) == null ? 0.0 : sortJob.mapProgress()), ((sortJob) == null ? 0.0 : sortJob.reduceProgress()), ((int) ((System.currentTimeMillis()) - (copyStartTime))), ((sortJob) != null ? 1.0 : (copySize) == 0 ? 0 : (copiedSoFar()) / ((double) (copySize))))
boolean hasData = ((node.data) != null) && (!(node.data.isEmpty()))
dos.writeBoolean(((server) != null))
dos.writeBoolean(((exception) != null))
showLegend = (c != null) && (Boolean.parseBoolean(c.getValue()))
return (count != null) && ((count.get()) > 0)
return TServerLinkType.displayName((status == null ? null : status.name))
opTimer.stop((("Found root tablet at " + (loc == null ? null : new String(loc))) + " in %DURATION%"))
opTimer.stop((("Found master at " + (loc == null ? null : new String(loc))) + " in %DURATION%"))
compactingByTable.put(table, Math.max((holdTime == null ? 0.0 : holdTime.doubleValue()), status.holdTime))
return (findMapFilesToCompact(tabletFiles, reason)) != null
return (memDumpFile) == null
CheckNotNull  in 2961ms
ForceNullInit in 188ms
AddImplicitCastChecker --> 11 in 339ms
if ((table.scans) == null)
    table.scans = new org.apache.accumulo.core.master.thrift.Compacting();
-->(table.scans)
java.lang.NullPointerException
	at fr.inria.spirals.npefix.transformer.processors.BeforeDerefAdder.process(BeforeDerefAdder.java:175)
	at fr.inria.spirals.npefix.transformer.processors.BeforeDerefAdder.process(BeforeDerefAdder.java:60)
	at spoon.support.visitor.ProcessingVisitor.scan(ProcessingVisitor.java:81)
	at spoon.reflect.visitor.CtScanner.scan(CtScanner.java:157)
	at spoon.reflect.visitor.CtScanner.visitCtBinaryOperator(CtScanner.java:282)
	at spoon.support.reflect.code.CtBinaryOperatorImpl.accept(CtBinaryOperatorImpl.java:44)
	at spoon.reflect.visitor.CtScanner.scan(CtScanner.java:165)
	at spoon.support.visitor.ProcessingVisitor.scan(ProcessingVisitor.java:77)
	at spoon.reflect.visitor.CtScanner.scan(CtScanner.java:157)
	at spoon.reflect.visitor.CtScanner.visitCtIf(CtScanner.java:473)
	at spoon.support.reflect.code.CtIfImpl.accept(CtIfImpl.java:46)
	at spoon.reflect.visitor.CtScanner.scan(CtScanner.java:165)
	at spoon.support.visitor.ProcessingVisitor.scan(ProcessingVisitor.java:77)
	at spoon.reflect.visitor.CtScanner.scan(CtScanner.java:157)
	at spoon.reflect.visitor.CtScanner.scan(CtScanner.java:141)
	at spoon.reflect.visitor.CtScanner.visitCtBlock(CtScanner.java:291)
	at spoon.support.reflect.code.CtBlockImpl.accept(CtBlockImpl.java:48)
	at spoon.reflect.visitor.CtScanner.scan(CtScanner.java:165)
	at spoon.support.visitor.ProcessingVisitor.scan(ProcessingVisitor.java:77)
	at spoon.reflect.visitor.CtScanner.scan(CtScanner.java:157)
	at spoon.reflect.visitor.CtScanner.visitCtForEach(CtScanner.java:465)
	at spoon.support.reflect.code.CtForEachImpl.accept(CtForEachImpl.java:40)
	at spoon.reflect.visitor.CtScanner.scan(CtScanner.java:165)
	at spoon.support.visitor.ProcessingVisitor.scan(ProcessingVisitor.java:77)
	at spoon.reflect.visitor.CtScanner.scan(CtScanner.java:157)
	at spoon.reflect.visitor.CtScanner.scan(CtScanner.java:141)
	at spoon.reflect.visitor.CtScanner.visitCtBlock(CtScanner.java:291)
	at spoon.support.reflect.code.CtBlockImpl.accept(CtBlockImpl.java:48)
	at spoon.reflect.visitor.CtScanner.scan(CtScanner.java:165)
	at spoon.support.visitor.ProcessingVisitor.scan(ProcessingVisitor.java:77)
	at spoon.reflect.visitor.CtScanner.scan(CtScanner.java:157)
	at spoon.reflect.visitor.CtScanner.visitCtMethod(CtScanner.java:549)
	at spoon.support.reflect.declaration.CtMethodImpl.accept(CtMethodImpl.java:70)
	at spoon.reflect.visitor.CtScanner.scan(CtScanner.java:165)
	at spoon.support.visitor.ProcessingVisitor.scan(ProcessingVisitor.java:77)
	at spoon.reflect.visitor.CtScanner.scan(CtScanner.java:157)
	at spoon.reflect.visitor.CtScanner.scan(CtScanner.java:141)
	at spoon.reflect.visitor.CtScanner.visitCtClass(CtScanner.java:327)
	at spoon.support.reflect.declaration.CtClassImpl.accept(CtClassImpl.java:68)
	at spoon.reflect.visitor.CtScanner.scan(CtScanner.java:165)
	at spoon.support.visitor.ProcessingVisitor.scan(ProcessingVisitor.java:77)
	at spoon.support.QueueProcessingManager.process(QueueProcessingManager.java:119)
	at fr.inria.spirals.npefix.main.all.Launcher.instrument(Launcher.java:105)
	at fr.inria.spirals.npefix.main.run.Main.run(Main.java:61)
	at fr.inria.spirals.npefix.main.run.Main.main(Main.java:48)
if ((total.minor) == null)
    total.minor = new org.apache.accumulo.core.master.thrift.Compacting();
-->(total.minor)
java.lang.NullPointerException
	at fr.inria.spirals.npefix.transformer.processors.BeforeDerefAdder.process(BeforeDerefAdder.java:175)
	at fr.inria.spirals.npefix.transformer.processors.BeforeDerefAdder.process(BeforeDerefAdder.java:60)
	at spoon.support.visitor.ProcessingVisitor.scan(ProcessingVisitor.java:81)
	at spoon.reflect.visitor.CtScanner.scan(CtScanner.java:157)
	at spoon.reflect.visitor.CtScanner.visitCtBinaryOperator(CtScanner.java:282)
	at spoon.support.reflect.code.CtBinaryOperatorImpl.accept(CtBinaryOperatorImpl.java:44)
	at spoon.reflect.visitor.CtScanner.scan(CtScanner.java:165)
	at spoon.support.visitor.ProcessingVisitor.scan(ProcessingVisitor.java:77)
	at spoon.reflect.visitor.CtScanner.scan(CtScanner.java:157)
	at spoon.reflect.visitor.CtScanner.visitCtIf(CtScanner.java:473)
	at spoon.support.reflect.code.CtIfImpl.accept(CtIfImpl.java:46)
	at spoon.reflect.visitor.CtScanner.scan(CtScanner.java:165)
	at spoon.support.visitor.ProcessingVisitor.scan(ProcessingVisitor.java:77)
	at spoon.reflect.visitor.CtScanner.scan(CtScanner.java:157)
	at spoon.reflect.visitor.CtScanner.scan(CtScanner.java:141)
	at spoon.reflect.visitor.CtScanner.visitCtBlock(CtScanner.java:291)
	at spoon.support.reflect.code.CtBlockImpl.accept(CtBlockImpl.java:48)
	at spoon.reflect.visitor.CtScanner.scan(CtScanner.java:165)
	at spoon.support.visitor.ProcessingVisitor.scan(ProcessingVisitor.java:77)
	at spoon.reflect.visitor.CtScanner.scan(CtScanner.java:157)
	at spoon.reflect.visitor.CtScanner.visitCtMethod(CtScanner.java:549)
	at spoon.support.reflect.declaration.CtMethodImpl.accept(CtMethodImpl.java:70)
	at spoon.reflect.visitor.CtScanner.scan(CtScanner.java:165)
	at spoon.support.visitor.ProcessingVisitor.scan(ProcessingVisitor.java:77)
	at spoon.reflect.visitor.CtScanner.scan(CtScanner.java:157)
	at spoon.reflect.visitor.CtScanner.scan(CtScanner.java:141)
	at spoon.reflect.visitor.CtScanner.visitCtClass(CtScanner.java:327)
	at spoon.support.reflect.declaration.CtClassImpl.accept(CtClassImpl.java:68)
	at spoon.reflect.visitor.CtScanner.scan(CtScanner.java:165)
	at spoon.support.visitor.ProcessingVisitor.scan(ProcessingVisitor.java:77)
	at spoon.support.QueueProcessingManager.process(QueueProcessingManager.java:119)
	at fr.inria.spirals.npefix.main.all.Launcher.instrument(Launcher.java:105)
	at fr.inria.spirals.npefix.main.run.Main.run(Main.java:61)
	at fr.inria.spirals.npefix.main.run.Main.main(Main.java:48)
if ((total.major) == null)
    total.major = new org.apache.accumulo.core.master.thrift.Compacting();
-->(total.major)
java.lang.NullPointerException
	at fr.inria.spirals.npefix.transformer.processors.BeforeDerefAdder.process(BeforeDerefAdder.java:175)
	at fr.inria.spirals.npefix.transformer.processors.BeforeDerefAdder.process(BeforeDerefAdder.java:60)
	at spoon.support.visitor.ProcessingVisitor.scan(ProcessingVisitor.java:81)
	at spoon.reflect.visitor.CtScanner.scan(CtScanner.java:157)
	at spoon.reflect.visitor.CtScanner.visitCtBinaryOperator(CtScanner.java:282)
	at spoon.support.reflect.code.CtBinaryOperatorImpl.accept(CtBinaryOperatorImpl.java:44)
	at spoon.reflect.visitor.CtScanner.scan(CtScanner.java:165)
	at spoon.support.visitor.ProcessingVisitor.scan(ProcessingVisitor.java:77)
	at spoon.reflect.visitor.CtScanner.scan(CtScanner.java:157)
	at spoon.reflect.visitor.CtScanner.visitCtIf(CtScanner.java:473)
	at spoon.support.reflect.code.CtIfImpl.accept(CtIfImpl.java:46)
	at spoon.reflect.visitor.CtScanner.scan(CtScanner.java:165)
	at spoon.support.visitor.ProcessingVisitor.scan(ProcessingVisitor.java:77)
	at spoon.reflect.visitor.CtScanner.scan(CtScanner.java:157)
	at spoon.reflect.visitor.CtScanner.scan(CtScanner.java:141)
	at spoon.reflect.visitor.CtScanner.visitCtBlock(CtScanner.java:291)
	at spoon.support.reflect.code.CtBlockImpl.accept(CtBlockImpl.java:48)
	at spoon.reflect.visitor.CtScanner.scan(CtScanner.java:165)
	at spoon.support.visitor.ProcessingVisitor.scan(ProcessingVisitor.java:77)
	at spoon.reflect.visitor.CtScanner.scan(CtScanner.java:157)
	at spoon.reflect.visitor.CtScanner.visitCtMethod(CtScanner.java:549)
	at spoon.support.reflect.declaration.CtMethodImpl.accept(CtMethodImpl.java:70)
	at spoon.reflect.visitor.CtScanner.scan(CtScanner.java:165)
	at spoon.support.visitor.ProcessingVisitor.scan(ProcessingVisitor.java:77)
	at spoon.reflect.visitor.CtScanner.scan(CtScanner.java:157)
	at spoon.reflect.visitor.CtScanner.scan(CtScanner.java:141)
	at spoon.reflect.visitor.CtScanner.visitCtClass(CtScanner.java:327)
	at spoon.support.reflect.declaration.CtClassImpl.accept(CtClassImpl.java:68)
	at spoon.reflect.visitor.CtScanner.scan(CtScanner.java:165)
	at spoon.support.visitor.ProcessingVisitor.scan(ProcessingVisitor.java:77)
	at spoon.support.QueueProcessingManager.process(QueueProcessingManager.java:119)
	at fr.inria.spirals.npefix.main.all.Launcher.instrument(Launcher.java:105)
	at fr.inria.spirals.npefix.main.run.Main.run(Main.java:61)
	at fr.inria.spirals.npefix.main.run.Main.main(Main.java:48)
if ((total.scans) == null)
    total.scans = new org.apache.accumulo.core.master.thrift.Compacting();
-->(total.scans)
java.lang.NullPointerException
	at fr.inria.spirals.npefix.transformer.processors.BeforeDerefAdder.process(BeforeDerefAdder.java:175)
	at fr.inria.spirals.npefix.transformer.processors.BeforeDerefAdder.process(BeforeDerefAdder.java:60)
	at spoon.support.visitor.ProcessingVisitor.scan(ProcessingVisitor.java:81)
	at spoon.reflect.visitor.CtScanner.scan(CtScanner.java:157)
	at spoon.reflect.visitor.CtScanner.visitCtBinaryOperator(CtScanner.java:282)
	at spoon.support.reflect.code.CtBinaryOperatorImpl.accept(CtBinaryOperatorImpl.java:44)
	at spoon.reflect.visitor.CtScanner.scan(CtScanner.java:165)
	at spoon.support.visitor.ProcessingVisitor.scan(ProcessingVisitor.java:77)
	at spoon.reflect.visitor.CtScanner.scan(CtScanner.java:157)
	at spoon.reflect.visitor.CtScanner.visitCtIf(CtScanner.java:473)
	at spoon.support.reflect.code.CtIfImpl.accept(CtIfImpl.java:46)
	at spoon.reflect.visitor.CtScanner.scan(CtScanner.java:165)
	at spoon.support.visitor.ProcessingVisitor.scan(ProcessingVisitor.java:77)
	at spoon.reflect.visitor.CtScanner.scan(CtScanner.java:157)
	at spoon.reflect.visitor.CtScanner.scan(CtScanner.java:141)
	at spoon.reflect.visitor.CtScanner.visitCtBlock(CtScanner.java:291)
	at spoon.support.reflect.code.CtBlockImpl.accept(CtBlockImpl.java:48)
	at spoon.reflect.visitor.CtScanner.scan(CtScanner.java:165)
	at spoon.support.visitor.ProcessingVisitor.scan(ProcessingVisitor.java:77)
	at spoon.reflect.visitor.CtScanner.scan(CtScanner.java:157)
	at spoon.reflect.visitor.CtScanner.visitCtMethod(CtScanner.java:549)
	at spoon.support.reflect.declaration.CtMethodImpl.accept(CtMethodImpl.java:70)
	at spoon.reflect.visitor.CtScanner.scan(CtScanner.java:165)
	at spoon.support.visitor.ProcessingVisitor.scan(ProcessingVisitor.java:77)
	at spoon.reflect.visitor.CtScanner.scan(CtScanner.java:157)
	at spoon.reflect.visitor.CtScanner.scan(CtScanner.java:141)
	at spoon.reflect.visitor.CtScanner.visitCtClass(CtScanner.java:327)
	at spoon.support.reflect.declaration.CtClassImpl.accept(CtClassImpl.java:68)
	at spoon.reflect.visitor.CtScanner.scan(CtScanner.java:165)
	at spoon.support.visitor.ProcessingVisitor.scan(ProcessingVisitor.java:77)
	at spoon.support.QueueProcessingManager.process(QueueProcessingManager.java:119)
	at fr.inria.spirals.npefix.main.all.Launcher.instrument(Launcher.java:105)
	at fr.inria.spirals.npefix.main.run.Main.run(Main.java:61)
	at fr.inria.spirals.npefix.main.run.Main.main(Main.java:48)
if ((more.minor) != null) {
    total.minor.running += more.minor.running;
    total.minor.queued += more.minor.queued;
}-->(more.minor)
java.lang.NullPointerException
	at fr.inria.spirals.npefix.transformer.processors.BeforeDerefAdder.process(BeforeDerefAdder.java:175)
	at fr.inria.spirals.npefix.transformer.processors.BeforeDerefAdder.process(BeforeDerefAdder.java:60)
	at spoon.support.visitor.ProcessingVisitor.scan(ProcessingVisitor.java:81)
	at spoon.reflect.visitor.CtScanner.scan(CtScanner.java:157)
	at spoon.reflect.visitor.CtScanner.visitCtBinaryOperator(CtScanner.java:282)
	at spoon.support.reflect.code.CtBinaryOperatorImpl.accept(CtBinaryOperatorImpl.java:44)
	at spoon.reflect.visitor.CtScanner.scan(CtScanner.java:165)
	at spoon.support.visitor.ProcessingVisitor.scan(ProcessingVisitor.java:77)
	at spoon.reflect.visitor.CtScanner.scan(CtScanner.java:157)
	at spoon.reflect.visitor.CtScanner.visitCtIf(CtScanner.java:473)
	at spoon.support.reflect.code.CtIfImpl.accept(CtIfImpl.java:46)
	at spoon.reflect.visitor.CtScanner.scan(CtScanner.java:165)
	at spoon.support.visitor.ProcessingVisitor.scan(ProcessingVisitor.java:77)
	at spoon.reflect.visitor.CtScanner.scan(CtScanner.java:157)
	at spoon.reflect.visitor.CtScanner.scan(CtScanner.java:141)
	at spoon.reflect.visitor.CtScanner.visitCtBlock(CtScanner.java:291)
	at spoon.support.reflect.code.CtBlockImpl.accept(CtBlockImpl.java:48)
	at spoon.reflect.visitor.CtScanner.scan(CtScanner.java:165)
	at spoon.support.visitor.ProcessingVisitor.scan(ProcessingVisitor.java:77)
	at spoon.reflect.visitor.CtScanner.scan(CtScanner.java:157)
	at spoon.reflect.visitor.CtScanner.visitCtMethod(CtScanner.java:549)
	at spoon.support.reflect.declaration.CtMethodImpl.accept(CtMethodImpl.java:70)
	at spoon.reflect.visitor.CtScanner.scan(CtScanner.java:165)
	at spoon.support.visitor.ProcessingVisitor.scan(ProcessingVisitor.java:77)
	at spoon.reflect.visitor.CtScanner.scan(CtScanner.java:157)
	at spoon.reflect.visitor.CtScanner.scan(CtScanner.java:141)
	at spoon.reflect.visitor.CtScanner.visitCtClass(CtScanner.java:327)
	at spoon.support.reflect.declaration.CtClassImpl.accept(CtClassImpl.java:68)
	at spoon.reflect.visitor.CtScanner.scan(CtScanner.java:165)
	at spoon.support.visitor.ProcessingVisitor.scan(ProcessingVisitor.java:77)
	at spoon.support.QueueProcessingManager.process(QueueProcessingManager.java:119)
	at fr.inria.spirals.npefix.main.all.Launcher.instrument(Launcher.java:105)
	at fr.inria.spirals.npefix.main.run.Main.run(Main.java:61)
	at fr.inria.spirals.npefix.main.run.Main.main(Main.java:48)
if ((more.major) != null) {
    total.major.running += more.major.running;
    total.major.queued += more.major.queued;
}-->(more.major)
java.lang.NullPointerException
	at fr.inria.spirals.npefix.transformer.processors.BeforeDerefAdder.process(BeforeDerefAdder.java:175)
	at fr.inria.spirals.npefix.transformer.processors.BeforeDerefAdder.process(BeforeDerefAdder.java:60)
	at spoon.support.visitor.ProcessingVisitor.scan(ProcessingVisitor.java:81)
	at spoon.reflect.visitor.CtScanner.scan(CtScanner.java:157)
	at spoon.reflect.visitor.CtScanner.visitCtBinaryOperator(CtScanner.java:282)
	at spoon.support.reflect.code.CtBinaryOperatorImpl.accept(CtBinaryOperatorImpl.java:44)
	at spoon.reflect.visitor.CtScanner.scan(CtScanner.java:165)
	at spoon.support.visitor.ProcessingVisitor.scan(ProcessingVisitor.java:77)
	at spoon.reflect.visitor.CtScanner.scan(CtScanner.java:157)
	at spoon.reflect.visitor.CtScanner.visitCtIf(CtScanner.java:473)
	at spoon.support.reflect.code.CtIfImpl.accept(CtIfImpl.java:46)
	at spoon.reflect.visitor.CtScanner.scan(CtScanner.java:165)
	at spoon.support.visitor.ProcessingVisitor.scan(ProcessingVisitor.java:77)
	at spoon.reflect.visitor.CtScanner.scan(CtScanner.java:157)
	at spoon.reflect.visitor.CtScanner.scan(CtScanner.java:141)
	at spoon.reflect.visitor.CtScanner.visitCtBlock(CtScanner.java:291)
	at spoon.support.reflect.code.CtBlockImpl.accept(CtBlockImpl.java:48)
	at spoon.reflect.visitor.CtScanner.scan(CtScanner.java:165)
	at spoon.support.visitor.ProcessingVisitor.scan(ProcessingVisitor.java:77)
	at spoon.reflect.visitor.CtScanner.scan(CtScanner.java:157)
	at spoon.reflect.visitor.CtScanner.visitCtMethod(CtScanner.java:549)
	at spoon.support.reflect.declaration.CtMethodImpl.accept(CtMethodImpl.java:70)
	at spoon.reflect.visitor.CtScanner.scan(CtScanner.java:165)
	at spoon.support.visitor.ProcessingVisitor.scan(ProcessingVisitor.java:77)
	at spoon.reflect.visitor.CtScanner.scan(CtScanner.java:157)
	at spoon.reflect.visitor.CtScanner.scan(CtScanner.java:141)
	at spoon.reflect.visitor.CtScanner.visitCtClass(CtScanner.java:327)
	at spoon.support.reflect.declaration.CtClassImpl.accept(CtClassImpl.java:68)
	at spoon.reflect.visitor.CtScanner.scan(CtScanner.java:165)
	at spoon.support.visitor.ProcessingVisitor.scan(ProcessingVisitor.java:77)
	at spoon.support.QueueProcessingManager.process(QueueProcessingManager.java:119)
	at fr.inria.spirals.npefix.main.all.Launcher.instrument(Launcher.java:105)
	at fr.inria.spirals.npefix.main.run.Main.run(Main.java:61)
	at fr.inria.spirals.npefix.main.run.Main.main(Main.java:48)
if ((more.scans) != null) {
    total.scans.running += more.scans.running;
    total.scans.queued += more.scans.queued;
}-->(more.scans)
java.lang.NullPointerException
	at fr.inria.spirals.npefix.transformer.processors.BeforeDerefAdder.process(BeforeDerefAdder.java:175)
	at fr.inria.spirals.npefix.transformer.processors.BeforeDerefAdder.process(BeforeDerefAdder.java:60)
	at spoon.support.visitor.ProcessingVisitor.scan(ProcessingVisitor.java:81)
	at spoon.reflect.visitor.CtScanner.scan(CtScanner.java:157)
	at spoon.reflect.visitor.CtScanner.visitCtBinaryOperator(CtScanner.java:282)
	at spoon.support.reflect.code.CtBinaryOperatorImpl.accept(CtBinaryOperatorImpl.java:44)
	at spoon.reflect.visitor.CtScanner.scan(CtScanner.java:165)
	at spoon.support.visitor.ProcessingVisitor.scan(ProcessingVisitor.java:77)
	at spoon.reflect.visitor.CtScanner.scan(CtScanner.java:157)
	at spoon.reflect.visitor.CtScanner.visitCtIf(CtScanner.java:473)
	at spoon.support.reflect.code.CtIfImpl.accept(CtIfImpl.java:46)
	at spoon.reflect.visitor.CtScanner.scan(CtScanner.java:165)
	at spoon.support.visitor.ProcessingVisitor.scan(ProcessingVisitor.java:77)
	at spoon.reflect.visitor.CtScanner.scan(CtScanner.java:157)
	at spoon.reflect.visitor.CtScanner.scan(CtScanner.java:141)
	at spoon.reflect.visitor.CtScanner.visitCtBlock(CtScanner.java:291)
	at spoon.support.reflect.code.CtBlockImpl.accept(CtBlockImpl.java:48)
	at spoon.reflect.visitor.CtScanner.scan(CtScanner.java:165)
	at spoon.support.visitor.ProcessingVisitor.scan(ProcessingVisitor.java:77)
	at spoon.reflect.visitor.CtScanner.scan(CtScanner.java:157)
	at spoon.reflect.visitor.CtScanner.visitCtMethod(CtScanner.java:549)
	at spoon.support.reflect.declaration.CtMethodImpl.accept(CtMethodImpl.java:70)
	at spoon.reflect.visitor.CtScanner.scan(CtScanner.java:165)
	at spoon.support.visitor.ProcessingVisitor.scan(ProcessingVisitor.java:77)
	at spoon.reflect.visitor.CtScanner.scan(CtScanner.java:157)
	at spoon.reflect.visitor.CtScanner.scan(CtScanner.java:141)
	at spoon.reflect.visitor.CtScanner.visitCtClass(CtScanner.java:327)
	at spoon.support.reflect.declaration.CtClassImpl.accept(CtClassImpl.java:68)
	at spoon.reflect.visitor.CtScanner.scan(CtScanner.java:165)
	at spoon.support.visitor.ProcessingVisitor.scan(ProcessingVisitor.java:77)
	at spoon.support.QueueProcessingManager.process(QueueProcessingManager.java:119)
	at fr.inria.spirals.npefix.main.all.Launcher.instrument(Launcher.java:105)
	at fr.inria.spirals.npefix.main.run.Main.run(Main.java:61)
	at fr.inria.spirals.npefix.main.run.Main.main(Main.java:48)
BeforeDeref --> 10747 (failed:7) in 1816ms
target--> 13018 (failed:0) in 26349ms
TryRegister # Try: 717 in 435ms
Assign --> 3278 (failed: 0) in 16046ms
VarInit --> 1837 in 2409ms
MethodEncapsulation # Method: 2313 in 7021ms
ConstructorEncapsulation # Constructor: 283 in 6411ms
null
null
null
null
null
null
null
null
null
null
null
null
null
VariableFor in 739ms
spoon.compiler.ModelBuildingException: The method estimateSizes(AccumuloConfiguration, Configuration, FileSystem, Map<Path,List<TabletLocator.TabletLocation>>, Collection<Path>, int) in the type BulkImporter is not applicable for the arguments (AccumuloConfiguration, Path, Long, List<KeyExtent>, Configuration, FileSystem) at /tmp/NPEFix_Bug_dot_jar_Accumulo_5594b2e0/BulkImporter.java:1423
	at spoon.support.compiler.jdt.JDTBasedSpoonCompiler.report(JDTBasedSpoonCompiler.java:581)
	at spoon.support.compiler.jdt.JDTBasedSpoonCompiler.reportProblems(JDTBasedSpoonCompiler.java:562)
	at spoon.support.compiler.jdt.JDTBasedSpoonCompiler.compile(JDTBasedSpoonCompiler.java:157)
	at fr.inria.spirals.npefix.main.all.Launcher.instrument(Launcher.java:109)
	at fr.inria.spirals.npefix.main.run.Main.run(Main.java:61)
	at fr.inria.spirals.npefix.main.run.Main.main(Main.java:48)
Exception in thread "main" spoon.compiler.ModelBuildingException: The method estimateSizes(AccumuloConfiguration, Configuration, FileSystem, Map<Path,List<TabletLocator.TabletLocation>>, Collection<Path>, int) in the type BulkImporter is not applicable for the arguments (AccumuloConfiguration, Path, Long, List<KeyExtent>, Configuration, FileSystem) at /tmp/NPEFix_Bug_dot_jar_Accumulo_5594b2e0/BulkImporter.java:1423
	at spoon.support.compiler.jdt.JDTBasedSpoonCompiler.report(JDTBasedSpoonCompiler.java:581)
	at spoon.support.compiler.jdt.JDTBasedSpoonCompiler.reportProblems(JDTBasedSpoonCompiler.java:562)
	at spoon.support.compiler.jdt.JDTBasedSpoonCompiler.compile(JDTBasedSpoonCompiler.java:157)
	at fr.inria.spirals.npefix.main.all.Launcher.instrument(Launcher.java:109)
	at fr.inria.spirals.npefix.main.run.Main.run(Main.java:61)
	at fr.inria.spirals.npefix.main.run.Main.main(Main.java:48)
Command exited with non-zero status 1
517.91user 2.82system 6:24.25elapsed 135%CPU (0avgtext+0avgdata 2109412maxresident)k
23152inputs+33544outputs (2major+555172minor)pagefaults 0swaps


Node: petitprince-6.luxembourg.grid5000.fr



Date: Sat Dec 29 11:06:56 EST 2018

