cd /tmp/DynaMoth_IntroClassJava_smallest_346b1d3c1cdc3032d07222a8a5e0027a2abf95bb1697b9d367d7cca7db1af769d8298e232c56471a122f05e87e79f4bd965855c9c0f8b173ebc0ef5d0abebc7b_010;
export JAVA_TOOL_OPTIONS="-Dfile.encoding=UTF8 -Duser.language=en-US -Duser.country=US -Duser.language=en";
TZ="America/New_York"; export TZ;
export PATH="/usr/lib/jvm/java-1.8.0-openjdk-amd64/bin/:$PATH";
export JAVA_HOME="/usr/lib/jvm/java-1.8.0-openjdk-amd64/bin/";
time java -Xmx4048m -cp /home/tdurieux/RepairThemAll/script/../repair_tools/nopol.jar:/usr/lib/jvm/java-1.8.0-openjdk-amd64/bin//../lib/tools.jar fr.inria.lille.repair.Main \
	--mode repair \
	--type pre_then_cond \
	--oracle angelic \
	--synthesis dynamoth \
	--flocal gzoltar \
	--json \
	--solver z3 \
	--solver-path /home/tdurieux/RepairThemAll/script/../libs/z3/build/z3 \
	--complianceLevel 7 \
	--source src/main/java \
	--classpath "target/classes:target/test-classes:/home/tdurieux/.m2/repository/junit/junit/4.11/junit-4.11.jar:/home/tdurieux/.m2/repository/org/hamcrest/hamcrest-core/1.3/hamcrest-core-1.3.jar:/home/tdurieux/RepairThemAll/script/../repair_tools/nopol.jar";
	echo "\n\nNode: `hostname`\n";
	echo "\n\nDate: `date`\n";
Picked up JAVA_TOOL_OPTIONS: -Dfile.encoding=UTF8 -Duser.language=en-US -Duser.country=US -Duser.language=en
16:25:23.310 [main] INFO  fr.inria.lille.repair.nopol.NoPol - Source files: [src/main/java]
16:25:23.332 [main] INFO  fr.inria.lille.repair.nopol.NoPol - Classpath: [file:/tmp/DynaMoth_IntroClassJava_smallest_346b1d3c1cdc3032d07222a8a5e0027a2abf95bb1697b9d367d7cca7db1af769d8298e232c56471a122f05e87e79f4bd965855c9c0f8b173ebc0ef5d0abebc7b_010/target/classes/, file:/tmp/DynaMoth_IntroClassJava_smallest_346b1d3c1cdc3032d07222a8a5e0027a2abf95bb1697b9d367d7cca7db1af769d8298e232c56471a122f05e87e79f4bd965855c9c0f8b173ebc0ef5d0abebc7b_010/target/test-classes/, file:/home/tdurieux/.m2/repository/junit/junit/4.11/junit-4.11.jar, file:/home/tdurieux/.m2/repository/org/hamcrest/hamcrest-core/1.3/hamcrest-core-1.3.jar, file:/home/tdurieux/RepairThemAll/script/../repair_tools/nopol.jar]
16:25:23.333 [main] INFO  fr.inria.lille.repair.nopol.NoPol - Statement type: PRE_THEN_COND
16:25:23.333 [main] INFO  fr.inria.lille.repair.nopol.NoPol - Args: [introclassJava.smallest_346b1d3c_010BlackboxTest, introclassJava.smallest_346b1d3c_010WhiteboxTest]
16:25:23.335 [main] INFO  fr.inria.lille.repair.nopol.NoPol - Config: Config{synthesisDepth=3, collectStaticMethods=true, collectStaticFields=false, collectLiterals=false, onlyOneSynthesisResult=true, sortExpressions=true, maxLineInvocationPerTest=250, timeoutMethodInvocation=2000, dataCollectionTimeoutInSecondForSynthesis=900, addWeight=0.19478, subWeight=0.04554, mulWeight=0.0102, divWeight=0.00613, andWeight=0.10597, orWeight=0.05708, eqWeight=0.22798, nEqWeight=0.0, lessEqWeight=0.0255, lessWeight=0.0947, methodCallWeight=0.1, fieldAccessWeight=0.08099, constantWeight=0.14232, variableWeight=0.05195, mode=REPAIR, type=PRE_THEN_COND, synthesis=DYNAMOTH, oracle=ANGELIC, solver=Z3, solverPath='/home/tdurieux/RepairThemAll/script/../libs/z3/build/z3', projectSources=[src/main/java], projectClasspath='[Ljava.net.URL;@2ff4f00f', projectTests=[introclassJava.smallest_346b1d3c_010BlackboxTest, introclassJava.smallest_346b1d3c_010WhiteboxTest], complianceLevel=7, outputFolder=., json=true}
16:25:23.335 [main] INFO  fr.inria.lille.repair.nopol.NoPol - Available processors (cores): 8
16:25:23.345 [main] INFO  fr.inria.lille.repair.nopol.NoPol - Free memory: 467 MB
16:25:23.345 [main] INFO  fr.inria.lille.repair.nopol.NoPol - Maximum memory: 3 GB
16:25:23.345 [main] INFO  fr.inria.lille.repair.nopol.NoPol - Total memory available to JVM: 483 MB
16:25:23.345 [main] INFO  fr.inria.lille.repair.nopol.NoPol - Java version: 1.8.0_181
16:25:23.346 [main] INFO  fr.inria.lille.repair.nopol.NoPol - JAVA_HOME: /usr/lib/jvm/java-1.8.0-openjdk-amd64/bin/
16:25:23.346 [main] INFO  fr.inria.lille.repair.nopol.NoPol - PATH: /usr/lib/jvm/java-1.8.0-openjdk-amd64/bin/:/usr/lib/oar/oardodo:/usr/lib/oar/oardodo:/usr/local/bin:/usr/bin:/bin:/usr/games
16:25:27.195 [pool-2-thread-1] DEBUG fr.inria.lille.repair.nopol.NoPol - statement #1
16:25:27.196 [pool-2-thread-1] DEBUG fr.inria.lille.repair.nopol.NoPol - Analysing SourceLocation introclassJava.smallest_346b1d3c_010:80 which is executed by 1 tests
1540764001
16:25:27.521 [pool-2-thread-1] DEBUG fr.inria.lille.repair.nopol.NoPol - looking with class fr.inria.lille.repair.nopol.spoon.smt.ConditionalAdder
org.junit.ComparisonFailure: expected:<...paces>-1isthesmalles[t]> but was:<...paces>-1isthesmalles[]>
    at org.junit.Assert.assertEquals(Assert.java:115)
    at org.junit.Assert.assertEquals(Assert.java:144)
    at introclassJava.smallest_346b1d3c_010BlackboxTest.test8(smallest_346b1d3c_010BlackboxTest.java:77)
    at sun.reflect.NativeMethodAccessorImpl.invoke0(Native Method)
    at sun.reflect.NativeMethodAccessorImpl.invoke(NativeMethodAccessorImpl.java:62)
    at sun.reflect.DelegatingMethodAccessorImpl.invoke(DelegatingMethodAccessorImpl.java:43)
16:25:27.576 [pool-4-thread-1] INFO  xxl.java.junit.TestCasesListener - Tests run finished (27 ms)
<> Total tests run: 8
<> Ignored tests: 0
<> Failed tests: 1
~ test8(introclassJava.smallest_346b1d3c_010BlackboxTest)
[expected:<...paces>-1isthesmalles[t]> but was:<...paces>-1isthesmalles[]>]
org.junit.ComparisonFailure: expected:<...paces>-1isthesmalles[t]> but was:<...paces>-1isthesmalles[]>    at org.junit.Assert.assertEquals(Assert.java:115)
    at org.junit.Assert.assertEquals(Assert.java:144)
    at introclassJava.smallest_346b1d3c_010BlackboxTest.test8(smallest_346b1d3c_010BlackboxTest.java:77)
    at sun.reflect.NativeMethodAccessorImpl.invoke0(Native Method)
    at sun.reflect.NativeMethodAccessorImpl.invoke(NativeMethodAccessorImpl.java:62)
    at sun.reflect.DelegatingMethodAccessorImpl.invoke(DelegatingMethodAccessorImpl.java:43)

16:25:28.203 [pool-2-thread-1] DEBUG fr.inria.lille.repair.nopol.NoPol - statement #2
16:25:28.203 [pool-2-thread-1] DEBUG fr.inria.lille.repair.nopol.NoPol - Analysing SourceLocation introclassJava.smallest_346b1d3c_010:78 which is executed by 1 tests
1540764001
16:25:28.273 [pool-2-thread-1] DEBUG fr.inria.lille.repair.nopol.NoPol - looking with class fr.inria.lille.repair.nopol.spoon.smt.ConditionalAdder
org.junit.ComparisonFailure: expected:<...paces>-1isthesmalles[t]> but was:<...paces>-1isthesmalles[]>
    at org.junit.Assert.assertEquals(Assert.java:115)
    at org.junit.Assert.assertEquals(Assert.java:144)
    at introclassJava.smallest_346b1d3c_010BlackboxTest.test8(smallest_346b1d3c_010BlackboxTest.java:77)
    at sun.reflect.NativeMethodAccessorImpl.invoke0(Native Method)
    at sun.reflect.NativeMethodAccessorImpl.invoke(NativeMethodAccessorImpl.java:62)
    at sun.reflect.DelegatingMethodAccessorImpl.invoke(DelegatingMethodAccessorImpl.java:43)
16:25:28.289 [pool-8-thread-1] INFO  xxl.java.junit.TestCasesListener - Tests run finished (13 ms)
<> Total tests run: 8
<> Ignored tests: 0
<> Failed tests: 1
~ test8(introclassJava.smallest_346b1d3c_010BlackboxTest)
[expected:<...paces>-1isthesmalles[t]> but was:<...paces>-1isthesmalles[]>]
org.junit.ComparisonFailure: expected:<...paces>-1isthesmalles[t]> but was:<...paces>-1isthesmalles[]>    at org.junit.Assert.assertEquals(Assert.java:115)
    at org.junit.Assert.assertEquals(Assert.java:144)
    at introclassJava.smallest_346b1d3c_010BlackboxTest.test8(smallest_346b1d3c_010BlackboxTest.java:77)
    at sun.reflect.NativeMethodAccessorImpl.invoke0(Native Method)
    at sun.reflect.NativeMethodAccessorImpl.invoke(NativeMethodAccessorImpl.java:62)
    at sun.reflect.DelegatingMethodAccessorImpl.invoke(DelegatingMethodAccessorImpl.java:43)

16:25:28.460 [pool-2-thread-1] DEBUG fr.inria.lille.repair.nopol.NoPol - statement #3
16:25:28.461 [pool-2-thread-1] DEBUG fr.inria.lille.repair.nopol.NoPol - Analysing SourceLocation introclassJava.smallest_346b1d3c_010:77 which is executed by 5 tests
1540764001
16:25:28.536 [pool-2-thread-1] DEBUG fr.inria.lille.repair.nopol.NoPol - looking with class fr.inria.lille.repair.nopol.spoon.smt.ConditionalAdder
org.junit.ComparisonFailure: expected:<...paces>-1isthesmalles[t]> but was:<...paces>-1isthesmalles[]>
    at org.junit.Assert.assertEquals(Assert.java:115)
    at org.junit.Assert.assertEquals(Assert.java:144)
    at introclassJava.smallest_346b1d3c_010BlackboxTest.test8(smallest_346b1d3c_010BlackboxTest.java:77)
    at sun.reflect.NativeMethodAccessorImpl.invoke0(Native Method)
    at sun.reflect.NativeMethodAccessorImpl.invoke(NativeMethodAccessorImpl.java:62)
    at sun.reflect.DelegatingMethodAccessorImpl.invoke(DelegatingMethodAccessorImpl.java:43)
16:25:28.549 [pool-12-thread-1] INFO  xxl.java.junit.TestCasesListener - Tests run finished (10 ms)
<> Total tests run: 8
<> Ignored tests: 0
<> Failed tests: 1
~ test8(introclassJava.smallest_346b1d3c_010BlackboxTest)
[expected:<...paces>-1isthesmalles[t]> but was:<...paces>-1isthesmalles[]>]
org.junit.ComparisonFailure: expected:<...paces>-1isthesmalles[t]> but was:<...paces>-1isthesmalles[]>    at org.junit.Assert.assertEquals(Assert.java:115)
    at org.junit.Assert.assertEquals(Assert.java:144)
    at introclassJava.smallest_346b1d3c_010BlackboxTest.test8(smallest_346b1d3c_010BlackboxTest.java:77)
    at sun.reflect.NativeMethodAccessorImpl.invoke0(Native Method)
    at sun.reflect.NativeMethodAccessorImpl.invoke(NativeMethodAccessorImpl.java:62)
    at sun.reflect.DelegatingMethodAccessorImpl.invoke(DelegatingMethodAccessorImpl.java:43)

16:25:28.686 [pool-2-thread-1] DEBUG fr.inria.lille.repair.nopol.NoPol - looking with class fr.inria.lille.repair.nopol.spoon.smt.ConditionalReplacer
org.junit.ComparisonFailure: expected:<...paces>-1isthesmalles[t]> but was:<...paces>-1isthesmalles[]>
    at org.junit.Assert.assertEquals(Assert.java:115)
    at org.junit.Assert.assertEquals(Assert.java:144)
    at introclassJava.smallest_346b1d3c_010BlackboxTest.test8(smallest_346b1d3c_010BlackboxTest.java:77)
    at sun.reflect.NativeMethodAccessorImpl.invoke0(Native Method)
    at sun.reflect.NativeMethodAccessorImpl.invoke(NativeMethodAccessorImpl.java:62)
    at sun.reflect.DelegatingMethodAccessorImpl.invoke(DelegatingMethodAccessorImpl.java:43)
16:25:28.698 [pool-16-thread-1] INFO  xxl.java.junit.TestCasesListener - Tests run finished (9 ms)
<> Total tests run: 8
<> Ignored tests: 0
<> Failed tests: 1
~ test8(introclassJava.smallest_346b1d3c_010BlackboxTest)
[expected:<...paces>-1isthesmalles[t]> but was:<...paces>-1isthesmalles[]>]
org.junit.ComparisonFailure: expected:<...paces>-1isthesmalles[t]> but was:<...paces>-1isthesmalles[]>    at org.junit.Assert.assertEquals(Assert.java:115)
    at org.junit.Assert.assertEquals(Assert.java:144)
    at introclassJava.smallest_346b1d3c_010BlackboxTest.test8(smallest_346b1d3c_010BlackboxTest.java:77)
    at sun.reflect.NativeMethodAccessorImpl.invoke0(Native Method)
    at sun.reflect.NativeMethodAccessorImpl.invoke(NativeMethodAccessorImpl.java:62)
    at sun.reflect.DelegatingMethodAccessorImpl.invoke(DelegatingMethodAccessorImpl.java:43)

16:25:28.830 [pool-2-thread-1] DEBUG fr.inria.lille.repair.nopol.NoPol - statement #4
16:25:28.831 [pool-2-thread-1] DEBUG fr.inria.lille.repair.nopol.NoPol - Analysing SourceLocation introclassJava.smallest_346b1d3c_010:73 which is executed by 16 tests
1540764001
16:25:28.896 [pool-2-thread-1] DEBUG fr.inria.lille.repair.nopol.NoPol - looking with class fr.inria.lille.repair.nopol.spoon.smt.ConditionalAdder
org.junit.ComparisonFailure: expected:<...paces>-1isthesmalles[t]> but was:<...paces>-1isthesmalles[]>
    at org.junit.Assert.assertEquals(Assert.java:115)
    at org.junit.Assert.assertEquals(Assert.java:144)
    at introclassJava.smallest_346b1d3c_010BlackboxTest.test8(smallest_346b1d3c_010BlackboxTest.java:77)
    at sun.reflect.NativeMethodAccessorImpl.invoke0(Native Method)
    at sun.reflect.NativeMethodAccessorImpl.invoke(NativeMethodAccessorImpl.java:62)
    at sun.reflect.DelegatingMethodAccessorImpl.invoke(DelegatingMethodAccessorImpl.java:43)
16:25:28.907 [pool-20-thread-1] INFO  xxl.java.junit.TestCasesListener - Tests run finished (8 ms)
<> Total tests run: 8
<> Ignored tests: 0
<> Failed tests: 1
~ test8(introclassJava.smallest_346b1d3c_010BlackboxTest)
[expected:<...paces>-1isthesmalles[t]> but was:<...paces>-1isthesmalles[]>]
org.junit.ComparisonFailure: expected:<...paces>-1isthesmalles[t]> but was:<...paces>-1isthesmalles[]>    at org.junit.Assert.assertEquals(Assert.java:115)
    at org.junit.Assert.assertEquals(Assert.java:144)
    at introclassJava.smallest_346b1d3c_010BlackboxTest.test8(smallest_346b1d3c_010BlackboxTest.java:77)
    at sun.reflect.NativeMethodAccessorImpl.invoke0(Native Method)
    at sun.reflect.NativeMethodAccessorImpl.invoke(NativeMethodAccessorImpl.java:62)
    at sun.reflect.DelegatingMethodAccessorImpl.invoke(DelegatingMethodAccessorImpl.java:43)

16:25:29.039 [pool-2-thread-1] DEBUG fr.inria.lille.repair.nopol.NoPol - looking with class fr.inria.lille.repair.nopol.spoon.smt.ConditionalReplacer
org.junit.ComparisonFailure: expected:<...paces>-1isthesmalles[t]> but was:<...paces>-1isthesmalles[]>
    at org.junit.Assert.assertEquals(Assert.java:115)
    at org.junit.Assert.assertEquals(Assert.java:144)
    at introclassJava.smallest_346b1d3c_010BlackboxTest.test8(smallest_346b1d3c_010BlackboxTest.java:77)
    at sun.reflect.NativeMethodAccessorImpl.invoke0(Native Method)
    at sun.reflect.NativeMethodAccessorImpl.invoke(NativeMethodAccessorImpl.java:62)
    at sun.reflect.DelegatingMethodAccessorImpl.invoke(DelegatingMethodAccessorImpl.java:43)
16:25:29.050 [pool-24-thread-1] INFO  xxl.java.junit.TestCasesListener - Tests run finished (7 ms)
<> Total tests run: 8
<> Ignored tests: 0
<> Failed tests: 1
~ test8(introclassJava.smallest_346b1d3c_010BlackboxTest)
[expected:<...paces>-1isthesmalles[t]> but was:<...paces>-1isthesmalles[]>]
org.junit.ComparisonFailure: expected:<...paces>-1isthesmalles[t]> but was:<...paces>-1isthesmalles[]>    at org.junit.Assert.assertEquals(Assert.java:115)
    at org.junit.Assert.assertEquals(Assert.java:144)
    at introclassJava.smallest_346b1d3c_010BlackboxTest.test8(smallest_346b1d3c_010BlackboxTest.java:77)
    at sun.reflect.NativeMethodAccessorImpl.invoke0(Native Method)
    at sun.reflect.NativeMethodAccessorImpl.invoke(NativeMethodAccessorImpl.java:62)
    at sun.reflect.DelegatingMethodAccessorImpl.invoke(DelegatingMethodAccessorImpl.java:43)

16:25:29.166 [pool-2-thread-1] DEBUG fr.inria.lille.repair.nopol.NoPol - statement #5
16:25:29.166 [pool-2-thread-1] DEBUG fr.inria.lille.repair.nopol.NoPol - Analysing SourceLocation introclassJava.smallest_346b1d3c_010:72 which is executed by 16 tests
1540764001
16:25:29.226 [pool-2-thread-1] DEBUG fr.inria.lille.repair.nopol.NoPol - looking with class fr.inria.lille.repair.nopol.spoon.smt.ConditionalAdder
org.junit.ComparisonFailure: expected:<...paces>-1isthesmalles[t]> but was:<...paces>-1isthesmalles[]>
    at org.junit.Assert.assertEquals(Assert.java:115)
    at org.junit.Assert.assertEquals(Assert.java:144)
    at introclassJava.smallest_346b1d3c_010BlackboxTest.test8(smallest_346b1d3c_010BlackboxTest.java:77)
    at sun.reflect.NativeMethodAccessorImpl.invoke0(Native Method)
    at sun.reflect.NativeMethodAccessorImpl.invoke(NativeMethodAccessorImpl.java:62)
    at sun.reflect.DelegatingMethodAccessorImpl.invoke(DelegatingMethodAccessorImpl.java:43)
16:25:29.237 [pool-28-thread-1] INFO  xxl.java.junit.TestCasesListener - Tests run finished (8 ms)
<> Total tests run: 8
<> Ignored tests: 0
<> Failed tests: 1
~ test8(introclassJava.smallest_346b1d3c_010BlackboxTest)
[expected:<...paces>-1isthesmalles[t]> but was:<...paces>-1isthesmalles[]>]
org.junit.ComparisonFailure: expected:<...paces>-1isthesmalles[t]> but was:<...paces>-1isthesmalles[]>    at org.junit.Assert.assertEquals(Assert.java:115)
    at org.junit.Assert.assertEquals(Assert.java:144)
    at introclassJava.smallest_346b1d3c_010BlackboxTest.test8(smallest_346b1d3c_010BlackboxTest.java:77)
    at sun.reflect.NativeMethodAccessorImpl.invoke0(Native Method)
    at sun.reflect.NativeMethodAccessorImpl.invoke(NativeMethodAccessorImpl.java:62)
    at sun.reflect.DelegatingMethodAccessorImpl.invoke(DelegatingMethodAccessorImpl.java:43)

16:25:29.347 [pool-2-thread-1] DEBUG fr.inria.lille.repair.nopol.NoPol - statement #6
16:25:29.347 [pool-2-thread-1] DEBUG fr.inria.lille.repair.nopol.NoPol - Analysing SourceLocation introclassJava.smallest_346b1d3c_010:71 which is executed by 16 tests
1540764001
16:25:29.411 [pool-2-thread-1] DEBUG fr.inria.lille.repair.nopol.NoPol - looking with class fr.inria.lille.repair.nopol.spoon.smt.ConditionalAdder
org.junit.ComparisonFailure: expected:<...paces>-1isthesmalles[t]> but was:<...paces>-1isthesmalles[]>
    at org.junit.Assert.assertEquals(Assert.java:115)
    at org.junit.Assert.assertEquals(Assert.java:144)
    at introclassJava.smallest_346b1d3c_010BlackboxTest.test8(smallest_346b1d3c_010BlackboxTest.java:77)
    at sun.reflect.NativeMethodAccessorImpl.invoke0(Native Method)
    at sun.reflect.NativeMethodAccessorImpl.invoke(NativeMethodAccessorImpl.java:62)
    at sun.reflect.DelegatingMethodAccessorImpl.invoke(DelegatingMethodAccessorImpl.java:43)
16:25:29.422 [pool-32-thread-1] INFO  xxl.java.junit.TestCasesListener - Tests run finished (8 ms)
<> Total tests run: 8
<> Ignored tests: 0
<> Failed tests: 1
~ test8(introclassJava.smallest_346b1d3c_010BlackboxTest)
[expected:<...paces>-1isthesmalles[t]> but was:<...paces>-1isthesmalles[]>]
org.junit.ComparisonFailure: expected:<...paces>-1isthesmalles[t]> but was:<...paces>-1isthesmalles[]>    at org.junit.Assert.assertEquals(Assert.java:115)
    at org.junit.Assert.assertEquals(Assert.java:144)
    at introclassJava.smallest_346b1d3c_010BlackboxTest.test8(smallest_346b1d3c_010BlackboxTest.java:77)
    at sun.reflect.NativeMethodAccessorImpl.invoke0(Native Method)
    at sun.reflect.NativeMethodAccessorImpl.invoke(NativeMethodAccessorImpl.java:62)
    at sun.reflect.DelegatingMethodAccessorImpl.invoke(DelegatingMethodAccessorImpl.java:43)

16:25:29.555 [pool-2-thread-1] DEBUG fr.inria.lille.repair.nopol.NoPol - statement #7
16:25:29.556 [pool-2-thread-1] DEBUG fr.inria.lille.repair.nopol.NoPol - Analysing SourceLocation introclassJava.smallest_346b1d3c_010:70 which is executed by 16 tests
1540764001
16:25:29.645 [pool-2-thread-1] DEBUG fr.inria.lille.repair.nopol.NoPol - looking with class fr.inria.lille.repair.nopol.spoon.smt.ConditionalAdder
org.junit.ComparisonFailure: expected:<...paces>-1isthesmalles[t]> but was:<...paces>-1isthesmalles[]>
    at org.junit.Assert.assertEquals(Assert.java:115)
    at org.junit.Assert.assertEquals(Assert.java:144)
    at introclassJava.smallest_346b1d3c_010BlackboxTest.test8(smallest_346b1d3c_010BlackboxTest.java:77)
    at sun.reflect.NativeMethodAccessorImpl.invoke0(Native Method)
    at sun.reflect.NativeMethodAccessorImpl.invoke(NativeMethodAccessorImpl.java:62)
    at sun.reflect.DelegatingMethodAccessorImpl.invoke(DelegatingMethodAccessorImpl.java:43)
16:25:29.655 [pool-36-thread-1] INFO  xxl.java.junit.TestCasesListener - Tests run finished (7 ms)
<> Total tests run: 8
<> Ignored tests: 0
<> Failed tests: 1
~ test8(introclassJava.smallest_346b1d3c_010BlackboxTest)
[expected:<...paces>-1isthesmalles[t]> but was:<...paces>-1isthesmalles[]>]
org.junit.ComparisonFailure: expected:<...paces>-1isthesmalles[t]> but was:<...paces>-1isthesmalles[]>    at org.junit.Assert.assertEquals(Assert.java:115)
    at org.junit.Assert.assertEquals(Assert.java:144)
    at introclassJava.smallest_346b1d3c_010BlackboxTest.test8(smallest_346b1d3c_010BlackboxTest.java:77)
    at sun.reflect.NativeMethodAccessorImpl.invoke0(Native Method)
    at sun.reflect.NativeMethodAccessorImpl.invoke(NativeMethodAccessorImpl.java:62)
    at sun.reflect.DelegatingMethodAccessorImpl.invoke(DelegatingMethodAccessorImpl.java:43)

16:25:29.760 [pool-2-thread-1] DEBUG fr.inria.lille.repair.nopol.NoPol - statement #8
16:25:29.760 [pool-2-thread-1] DEBUG fr.inria.lille.repair.nopol.NoPol - Analysing SourceLocation introclassJava.smallest_346b1d3c_010:69 which is executed by 16 tests
1540764001
16:25:29.815 [pool-2-thread-1] DEBUG fr.inria.lille.repair.nopol.NoPol - looking with class fr.inria.lille.repair.nopol.spoon.smt.ConditionalAdder
org.junit.ComparisonFailure: expected:<...paces>-1isthesmalles[t]> but was:<...paces>-1isthesmalles[]>
    at org.junit.Assert.assertEquals(Assert.java:115)
    at org.junit.Assert.assertEquals(Assert.java:144)
    at introclassJava.smallest_346b1d3c_010BlackboxTest.test8(smallest_346b1d3c_010BlackboxTest.java:77)
    at sun.reflect.NativeMethodAccessorImpl.invoke0(Native Method)
    at sun.reflect.NativeMethodAccessorImpl.invoke(NativeMethodAccessorImpl.java:62)
    at sun.reflect.DelegatingMethodAccessorImpl.invoke(DelegatingMethodAccessorImpl.java:43)
16:25:29.824 [pool-40-thread-1] INFO  xxl.java.junit.TestCasesListener - Tests run finished (7 ms)
<> Total tests run: 8
<> Ignored tests: 0
<> Failed tests: 1
~ test8(introclassJava.smallest_346b1d3c_010BlackboxTest)
[expected:<...paces>-1isthesmalles[t]> but was:<...paces>-1isthesmalles[]>]
org.junit.ComparisonFailure: expected:<...paces>-1isthesmalles[t]> but was:<...paces>-1isthesmalles[]>    at org.junit.Assert.assertEquals(Assert.java:115)
    at org.junit.Assert.assertEquals(Assert.java:144)
    at introclassJava.smallest_346b1d3c_010BlackboxTest.test8(smallest_346b1d3c_010BlackboxTest.java:77)
    at sun.reflect.NativeMethodAccessorImpl.invoke0(Native Method)
    at sun.reflect.NativeMethodAccessorImpl.invoke(NativeMethodAccessorImpl.java:62)
    at sun.reflect.DelegatingMethodAccessorImpl.invoke(DelegatingMethodAccessorImpl.java:43)

16:25:29.926 [pool-2-thread-1] DEBUG fr.inria.lille.repair.nopol.NoPol - statement #9
16:25:29.926 [pool-2-thread-1] DEBUG fr.inria.lille.repair.nopol.NoPol - Analysing SourceLocation introclassJava.smallest_346b1d3c_010:68 which is executed by 16 tests
1540764001
16:25:29.981 [pool-2-thread-1] DEBUG fr.inria.lille.repair.nopol.NoPol - looking with class fr.inria.lille.repair.nopol.spoon.smt.ConditionalAdder
org.junit.ComparisonFailure: expected:<...paces>-1isthesmalles[t]> but was:<...paces>-1isthesmalles[]>
    at org.junit.Assert.assertEquals(Assert.java:115)
    at org.junit.Assert.assertEquals(Assert.java:144)
    at introclassJava.smallest_346b1d3c_010BlackboxTest.test8(smallest_346b1d3c_010BlackboxTest.java:77)
    at sun.reflect.NativeMethodAccessorImpl.invoke0(Native Method)
    at sun.reflect.NativeMethodAccessorImpl.invoke(NativeMethodAccessorImpl.java:62)
    at sun.reflect.DelegatingMethodAccessorImpl.invoke(DelegatingMethodAccessorImpl.java:43)
16:25:29.990 [pool-44-thread-1] INFO  xxl.java.junit.TestCasesListener - Tests run finished (7 ms)
<> Total tests run: 8
<> Ignored tests: 0
<> Failed tests: 1
~ test8(introclassJava.smallest_346b1d3c_010BlackboxTest)
[expected:<...paces>-1isthesmalles[t]> but was:<...paces>-1isthesmalles[]>]
org.junit.ComparisonFailure: expected:<...paces>-1isthesmalles[t]> but was:<...paces>-1isthesmalles[]>    at org.junit.Assert.assertEquals(Assert.java:115)
    at org.junit.Assert.assertEquals(Assert.java:144)
    at introclassJava.smallest_346b1d3c_010BlackboxTest.test8(smallest_346b1d3c_010BlackboxTest.java:77)
    at sun.reflect.NativeMethodAccessorImpl.invoke0(Native Method)
    at sun.reflect.NativeMethodAccessorImpl.invoke(NativeMethodAccessorImpl.java:62)
    at sun.reflect.DelegatingMethodAccessorImpl.invoke(DelegatingMethodAccessorImpl.java:43)

16:25:30.095 [pool-2-thread-1] DEBUG fr.inria.lille.repair.nopol.NoPol - statement #10
16:25:30.095 [pool-2-thread-1] DEBUG fr.inria.lille.repair.nopol.NoPol - Analysing SourceLocation introclassJava.smallest_346b1d3c_010:67 which is executed by 16 tests
1540764001
16:25:30.154 [pool-2-thread-1] DEBUG fr.inria.lille.repair.nopol.NoPol - looking with class fr.inria.lille.repair.nopol.spoon.smt.ConditionalAdder
org.junit.ComparisonFailure: expected:<...paces>-1isthesmalles[t]> but was:<...paces>-1isthesmalles[]>
    at org.junit.Assert.assertEquals(Assert.java:115)
    at org.junit.Assert.assertEquals(Assert.java:144)
    at introclassJava.smallest_346b1d3c_010BlackboxTest.test8(smallest_346b1d3c_010BlackboxTest.java:77)
    at sun.reflect.NativeMethodAccessorImpl.invoke0(Native Method)
    at sun.reflect.NativeMethodAccessorImpl.invoke(NativeMethodAccessorImpl.java:62)
    at sun.reflect.DelegatingMethodAccessorImpl.invoke(DelegatingMethodAccessorImpl.java:43)
16:25:30.177 [pool-48-thread-1] INFO  xxl.java.junit.TestCasesListener - Tests run finished (19 ms)
<> Total tests run: 8
<> Ignored tests: 0
<> Failed tests: 1
~ test8(introclassJava.smallest_346b1d3c_010BlackboxTest)
[expected:<...paces>-1isthesmalles[t]> but was:<...paces>-1isthesmalles[]>]
org.junit.ComparisonFailure: expected:<...paces>-1isthesmalles[t]> but was:<...paces>-1isthesmalles[]>    at org.junit.Assert.assertEquals(Assert.java:115)
    at org.junit.Assert.assertEquals(Assert.java:144)
    at introclassJava.smallest_346b1d3c_010BlackboxTest.test8(smallest_346b1d3c_010BlackboxTest.java:77)
    at sun.reflect.NativeMethodAccessorImpl.invoke0(Native Method)
    at sun.reflect.NativeMethodAccessorImpl.invoke(NativeMethodAccessorImpl.java:62)
    at sun.reflect.DelegatingMethodAccessorImpl.invoke(DelegatingMethodAccessorImpl.java:43)

16:25:30.273 [pool-2-thread-1] DEBUG fr.inria.lille.repair.nopol.NoPol - statement #11
16:25:30.273 [pool-2-thread-1] DEBUG fr.inria.lille.repair.nopol.NoPol - Analysing SourceLocation introclassJava.smallest_346b1d3c_010:66 which is executed by 16 tests
1540764001
16:25:30.327 [pool-2-thread-1] DEBUG fr.inria.lille.repair.nopol.NoPol - looking with class fr.inria.lille.repair.nopol.spoon.smt.ConditionalAdder
org.junit.ComparisonFailure: expected:<...paces>-1isthesmalles[t]> but was:<...paces>-1isthesmalles[]>
    at org.junit.Assert.assertEquals(Assert.java:115)
    at org.junit.Assert.assertEquals(Assert.java:144)
    at introclassJava.smallest_346b1d3c_010BlackboxTest.test8(smallest_346b1d3c_010BlackboxTest.java:77)
    at sun.reflect.NativeMethodAccessorImpl.invoke0(Native Method)
    at sun.reflect.NativeMethodAccessorImpl.invoke(NativeMethodAccessorImpl.java:62)
    at sun.reflect.DelegatingMethodAccessorImpl.invoke(DelegatingMethodAccessorImpl.java:43)
16:25:30.335 [pool-52-thread-1] INFO  xxl.java.junit.TestCasesListener - Tests run finished (6 ms)
<> Total tests run: 8
<> Ignored tests: 0
<> Failed tests: 1
~ test8(introclassJava.smallest_346b1d3c_010BlackboxTest)
[expected:<...paces>-1isthesmalles[t]> but was:<...paces>-1isthesmalles[]>]
org.junit.ComparisonFailure: expected:<...paces>-1isthesmalles[t]> but was:<...paces>-1isthesmalles[]>    at org.junit.Assert.assertEquals(Assert.java:115)
    at org.junit.Assert.assertEquals(Assert.java:144)
    at introclassJava.smallest_346b1d3c_010BlackboxTest.test8(smallest_346b1d3c_010BlackboxTest.java:77)
    at sun.reflect.NativeMethodAccessorImpl.invoke0(Native Method)
    at sun.reflect.NativeMethodAccessorImpl.invoke(NativeMethodAccessorImpl.java:62)
    at sun.reflect.DelegatingMethodAccessorImpl.invoke(DelegatingMethodAccessorImpl.java:43)

16:25:30.447 [pool-51-thread-1] DEBUG f.i.l.r.n.s.d.DynamothSynthesizer - Ignore the test introclassJava.smallest_346b1d3c_010WhiteboxTest#test2
16:25:30.449 [pool-51-thread-1] DEBUG f.i.l.r.n.s.d.DynamothSynthesizer - Ignore the test introclassJava.smallest_346b1d3c_010WhiteboxTest#test1
16:25:30.450 [pool-51-thread-1] DEBUG f.i.l.r.n.s.d.DynamothSynthesizer - Ignore the test introclassJava.smallest_346b1d3c_010WhiteboxTest#test4
16:25:30.451 [pool-51-thread-1] DEBUG f.i.l.r.n.s.d.DynamothSynthesizer - Ignore the test introclassJava.smallest_346b1d3c_010WhiteboxTest#test3
16:25:30.452 [pool-51-thread-1] DEBUG f.i.l.r.n.s.d.DynamothSynthesizer - Ignore the test introclassJava.smallest_346b1d3c_010WhiteboxTest#test6
16:25:30.453 [pool-51-thread-1] DEBUG f.i.l.r.n.s.d.DynamothSynthesizer - Ignore the test introclassJava.smallest_346b1d3c_010WhiteboxTest#test5
16:25:30.454 [pool-51-thread-1] DEBUG f.i.l.r.n.s.d.DynamothSynthesizer - Ignore the test introclassJava.smallest_346b1d3c_010WhiteboxTest#test8
16:25:30.456 [pool-51-thread-1] DEBUG f.i.l.r.n.s.d.DynamothSynthesizer - Ignore the test introclassJava.smallest_346b1d3c_010WhiteboxTest#test7
java -cp /tmp/DynaMoth_IntroClassJava_smallest_346b1d3c1cdc3032d07222a8a5e0027a2abf95bb1697b9d367d7cca7db1af769d8298e232c56471a122f05e87e79f4bd965855c9c0f8b173ebc0ef5d0abebc7b_010/target/classes:/tmp/DynaMoth_IntroClassJava_smallest_346b1d3c1cdc3032d07222a8a5e0027a2abf95bb1697b9d367d7cca7db1af769d8298e232c56471a122f05e87e79f4bd965855c9c0f8b173ebc0ef5d0abebc7b_010/target/test-classes:/home/tdurieux/.m2/repository/junit/junit/4.11/junit-4.11.jar:/home/tdurieux/.m2/repository/org/hamcrest/hamcrest-core/1.3/hamcrest-core-1.3.jar:/home/tdurieux/RepairThemAll/script/../repair_tools/nopol.jar:/home/tdurieux/RepairThemAll/repair_tools/nopol.jar:/usr/lib/jvm/java-8-openjdk-amd64/lib/tools.jar: fr.inria.lille.repair.MethodTestRunner introclassJava.smallest_346b1d3c_010BlackboxTest#test8 introclassJava.smallest_346b1d3c_010BlackboxTest#test7 introclassJava.smallest_346b1d3c_010BlackboxTest#test2 introclassJava.smallest_346b1d3c_010BlackboxTest#test1 introclassJava.smallest_346b1d3c_010BlackboxTest#test6 introclassJava.smallest_346b1d3c_010BlackboxTest#test5 introclassJava.smallest_346b1d3c_010BlackboxTest#test4 introclassJava.smallest_346b1d3c_010BlackboxTest#test3 
16:25:30.965 [pool-51-thread-1] DEBUG f.i.l.r.s.DynamothCodeGenesisImpl - ClassPrepareEvent
16:25:31.060 [pool-51-thread-1] DEBUG f.i.l.r.s.c.spoon.ClassCollector - [class] introclassJava.IntObj
16:25:31.065 [pool-51-thread-1] DEBUG f.i.l.r.s.c.spoon.ClassCollector - [class] introclassJava.smallest_346b1d3c_010
16:25:31.114 [pool-51-thread-1] DEBUG f.i.l.r.s.c.spoon.ClassCollector - [class] java.lang.String
16:25:31.149 [pool-51-thread-1] DEBUG f.i.l.r.s.c.spoon.ClassCollector - [class] java.util.Scanner
16:25:31.232 [pool-51-thread-1] DEBUG f.i.l.r.s.DynamothCodeGenesisImpl - BreakpointEvent
16:25:31.237 [pool-51-thread-1] INFO  f.i.l.r.s.DynamothCodeGenesisImpl - [test] introclassJava.smallest_346b1d3c_010BlackboxTest#test8 iteration 0
16:25:31.244 [pool-51-thread-1] DEBUG f.i.l.r.s.c.SpoonElementsCollector - [data] num_2=instance of introclassJava.IntObj(id=461)
16:25:31.247 [pool-51-thread-1] DEBUG f.i.l.r.s.c.DynamothDataCollector - Collect Level 1
16:25:31.247 [pool-51-thread-1] DEBUG f.i.l.r.s.c.DynamothDataCollector - [data] this=instance of introclassJava.smallest_346b1d3c_010(id=459)
16:25:31.248 [pool-51-thread-1] DEBUG f.i.l.r.s.c.DynamothDataCollector - [data] a
16:25:31.248 [pool-51-thread-1] DEBUG f.i.l.r.s.c.DynamothDataCollector - [data] b
16:25:31.249 [pool-51-thread-1] DEBUG f.i.l.r.s.c.DynamothDataCollector - [data] c
16:25:31.249 [pool-51-thread-1] DEBUG f.i.l.r.s.c.DynamothDataCollector - [data] d
16:25:31.250 [pool-51-thread-1] DEBUG f.i.l.r.s.c.DynamothDataCollector - [data] num_1
16:25:31.250 [pool-51-thread-1] DEBUG f.i.l.r.s.c.DynamothDataCollector - [data] num_2
16:25:31.250 [pool-51-thread-1] DEBUG f.i.l.r.s.c.DynamothDataCollector - [data] num_3
16:25:31.251 [pool-51-thread-1] DEBUG f.i.l.r.s.c.DynamothDataCollector - [data] num_4
16:25:31.269 [pool-51-thread-1] DEBUG f.i.l.r.s.c.DynamothDataCollector - [data] this.scanner
16:25:31.269 [pool-51-thread-1] DEBUG f.i.l.r.s.c.DynamothDataCollector - [data] this.output
16:25:31.292 [pool-51-thread-1] DEBUG f.i.l.r.s.DynamothCodeGenesisImpl - BreakpointEvent
16:25:31.294 [pool-51-thread-1] INFO  f.i.l.r.s.DynamothCodeGenesisImpl - [test] introclassJava.smallest_346b1d3c_010BlackboxTest#test7 iteration 0
16:25:31.295 [pool-51-thread-1] DEBUG f.i.l.r.s.c.SpoonElementsCollector - [data] num_2=instance of introclassJava.IntObj(id=498)
16:25:31.295 [pool-51-thread-1] DEBUG f.i.l.r.s.c.DynamothDataCollector - Collect Level 1
16:25:31.296 [pool-51-thread-1] DEBUG f.i.l.r.s.c.DynamothDataCollector - [data] this=instance of introclassJava.smallest_346b1d3c_010(id=496)
16:25:31.296 [pool-51-thread-1] DEBUG f.i.l.r.s.c.DynamothDataCollector - [data] a
16:25:31.296 [pool-51-thread-1] DEBUG f.i.l.r.s.c.DynamothDataCollector - [data] b
16:25:31.297 [pool-51-thread-1] DEBUG f.i.l.r.s.c.DynamothDataCollector - [data] c
16:25:31.297 [pool-51-thread-1] DEBUG f.i.l.r.s.c.DynamothDataCollector - [data] d
16:25:31.297 [pool-51-thread-1] DEBUG f.i.l.r.s.c.DynamothDataCollector - [data] num_1
16:25:31.298 [pool-51-thread-1] DEBUG f.i.l.r.s.c.DynamothDataCollector - [data] num_2
16:25:31.298 [pool-51-thread-1] DEBUG f.i.l.r.s.c.DynamothDataCollector - [data] num_3
16:25:31.298 [pool-51-thread-1] DEBUG f.i.l.r.s.c.DynamothDataCollector - [data] num_4
16:25:31.303 [pool-51-thread-1] DEBUG f.i.l.r.s.c.DynamothDataCollector - [data] this.scanner
16:25:31.303 [pool-51-thread-1] DEBUG f.i.l.r.s.c.DynamothDataCollector - [data] this.output
16:25:31.314 [pool-51-thread-1] DEBUG f.i.l.r.s.DynamothCodeGenesisImpl - BreakpointEvent
16:25:31.315 [pool-51-thread-1] INFO  f.i.l.r.s.DynamothCodeGenesisImpl - [test] introclassJava.smallest_346b1d3c_010BlackboxTest#test2 iteration 0
16:25:31.316 [pool-51-thread-1] DEBUG f.i.l.r.s.c.SpoonElementsCollector - [data] num_2=instance of introclassJava.IntObj(id=511)
16:25:31.317 [pool-51-thread-1] DEBUG f.i.l.r.s.c.DynamothDataCollector - Collect Level 1
16:25:31.317 [pool-51-thread-1] DEBUG f.i.l.r.s.c.DynamothDataCollector - [data] this=instance of introclassJava.smallest_346b1d3c_010(id=509)
16:25:31.317 [pool-51-thread-1] DEBUG f.i.l.r.s.c.DynamothDataCollector - [data] a
16:25:31.318 [pool-51-thread-1] DEBUG f.i.l.r.s.c.DynamothDataCollector - [data] b
16:25:31.318 [pool-51-thread-1] DEBUG f.i.l.r.s.c.DynamothDataCollector - [data] c
16:25:31.318 [pool-51-thread-1] DEBUG f.i.l.r.s.c.DynamothDataCollector - [data] d
16:25:31.319 [pool-51-thread-1] DEBUG f.i.l.r.s.c.DynamothDataCollector - [data] num_1
16:25:31.319 [pool-51-thread-1] DEBUG f.i.l.r.s.c.DynamothDataCollector - [data] num_2
16:25:31.319 [pool-51-thread-1] DEBUG f.i.l.r.s.c.DynamothDataCollector - [data] num_3
16:25:31.320 [pool-51-thread-1] DEBUG f.i.l.r.s.c.DynamothDataCollector - [data] num_4
16:25:31.323 [pool-51-thread-1] DEBUG f.i.l.r.s.c.DynamothDataCollector - [data] this.scanner
16:25:31.324 [pool-51-thread-1] DEBUG f.i.l.r.s.c.DynamothDataCollector - [data] this.output
16:25:31.334 [pool-51-thread-1] DEBUG f.i.l.r.s.DynamothCodeGenesisImpl - BreakpointEvent
16:25:31.335 [pool-51-thread-1] INFO  f.i.l.r.s.DynamothCodeGenesisImpl - [test] introclassJava.smallest_346b1d3c_010BlackboxTest#test1 iteration 0
16:25:31.336 [pool-51-thread-1] DEBUG f.i.l.r.s.c.SpoonElementsCollector - [data] num_2=instance of introclassJava.IntObj(id=524)
16:25:31.337 [pool-51-thread-1] DEBUG f.i.l.r.s.c.DynamothDataCollector - Collect Level 1
16:25:31.337 [pool-51-thread-1] DEBUG f.i.l.r.s.c.DynamothDataCollector - [data] this=instance of introclassJava.smallest_346b1d3c_010(id=522)
16:25:31.337 [pool-51-thread-1] DEBUG f.i.l.r.s.c.DynamothDataCollector - [data] a
16:25:31.337 [pool-51-thread-1] DEBUG f.i.l.r.s.c.DynamothDataCollector - [data] b
16:25:31.338 [pool-51-thread-1] DEBUG f.i.l.r.s.c.DynamothDataCollector - [data] c
16:25:31.338 [pool-51-thread-1] DEBUG f.i.l.r.s.c.DynamothDataCollector - [data] d
16:25:31.338 [pool-51-thread-1] DEBUG f.i.l.r.s.c.DynamothDataCollector - [data] num_1
16:25:31.339 [pool-51-thread-1] DEBUG f.i.l.r.s.c.DynamothDataCollector - [data] num_2
16:25:31.339 [pool-51-thread-1] DEBUG f.i.l.r.s.c.DynamothDataCollector - [data] num_3
16:25:31.339 [pool-51-thread-1] DEBUG f.i.l.r.s.c.DynamothDataCollector - [data] num_4
16:25:31.343 [pool-51-thread-1] DEBUG f.i.l.r.s.c.DynamothDataCollector - [data] this.scanner
16:25:31.343 [pool-51-thread-1] DEBUG f.i.l.r.s.c.DynamothDataCollector - [data] this.output
16:25:31.353 [pool-51-thread-1] DEBUG f.i.l.r.s.DynamothCodeGenesisImpl - BreakpointEvent
16:25:31.355 [pool-51-thread-1] INFO  f.i.l.r.s.DynamothCodeGenesisImpl - [test] introclassJava.smallest_346b1d3c_010BlackboxTest#test6 iteration 0
16:25:31.355 [pool-51-thread-1] DEBUG f.i.l.r.s.c.SpoonElementsCollector - [data] num_2=instance of introclassJava.IntObj(id=537)
16:25:31.356 [pool-51-thread-1] DEBUG f.i.l.r.s.c.DynamothDataCollector - Collect Level 1
16:25:31.356 [pool-51-thread-1] DEBUG f.i.l.r.s.c.DynamothDataCollector - [data] this=instance of introclassJava.smallest_346b1d3c_010(id=535)
16:25:31.357 [pool-51-thread-1] DEBUG f.i.l.r.s.c.DynamothDataCollector - [data] a
16:25:31.357 [pool-51-thread-1] DEBUG f.i.l.r.s.c.DynamothDataCollector - [data] b
16:25:31.357 [pool-51-thread-1] DEBUG f.i.l.r.s.c.DynamothDataCollector - [data] c
16:25:31.358 [pool-51-thread-1] DEBUG f.i.l.r.s.c.DynamothDataCollector - [data] d
16:25:31.358 [pool-51-thread-1] DEBUG f.i.l.r.s.c.DynamothDataCollector - [data] num_1
16:25:31.358 [pool-51-thread-1] DEBUG f.i.l.r.s.c.DynamothDataCollector - [data] num_2
16:25:31.359 [pool-51-thread-1] DEBUG f.i.l.r.s.c.DynamothDataCollector - [data] num_3
16:25:31.359 [pool-51-thread-1] DEBUG f.i.l.r.s.c.DynamothDataCollector - [data] num_4
16:25:31.362 [pool-51-thread-1] DEBUG f.i.l.r.s.c.DynamothDataCollector - [data] this.scanner
16:25:31.362 [pool-51-thread-1] DEBUG f.i.l.r.s.c.DynamothDataCollector - [data] this.output
16:25:31.375 [pool-51-thread-1] DEBUG f.i.l.r.s.DynamothCodeGenesisImpl - BreakpointEvent
16:25:31.376 [pool-51-thread-1] INFO  f.i.l.r.s.DynamothCodeGenesisImpl - [test] introclassJava.smallest_346b1d3c_010BlackboxTest#test5 iteration 0
16:25:31.377 [pool-51-thread-1] DEBUG f.i.l.r.s.c.SpoonElementsCollector - [data] num_2=instance of introclassJava.IntObj(id=550)
16:25:31.377 [pool-51-thread-1] DEBUG f.i.l.r.s.c.DynamothDataCollector - Collect Level 1
16:25:31.377 [pool-51-thread-1] DEBUG f.i.l.r.s.c.DynamothDataCollector - [data] this=instance of introclassJava.smallest_346b1d3c_010(id=548)
16:25:31.378 [pool-51-thread-1] DEBUG f.i.l.r.s.c.DynamothDataCollector - [data] a
16:25:31.378 [pool-51-thread-1] DEBUG f.i.l.r.s.c.DynamothDataCollector - [data] b
16:25:31.378 [pool-51-thread-1] DEBUG f.i.l.r.s.c.DynamothDataCollector - [data] c
16:25:31.379 [pool-51-thread-1] DEBUG f.i.l.r.s.c.DynamothDataCollector - [data] d
16:25:31.379 [pool-51-thread-1] DEBUG f.i.l.r.s.c.DynamothDataCollector - [data] num_1
16:25:31.379 [pool-51-thread-1] DEBUG f.i.l.r.s.c.DynamothDataCollector - [data] num_2
16:25:31.380 [pool-51-thread-1] DEBUG f.i.l.r.s.c.DynamothDataCollector - [data] num_3
16:25:31.380 [pool-51-thread-1] DEBUG f.i.l.r.s.c.DynamothDataCollector - [data] num_4
16:25:31.383 [pool-51-thread-1] DEBUG f.i.l.r.s.c.DynamothDataCollector - [data] this.scanner
16:25:31.384 [pool-51-thread-1] DEBUG f.i.l.r.s.c.DynamothDataCollector - [data] this.output
16:25:31.394 [pool-51-thread-1] DEBUG f.i.l.r.s.DynamothCodeGenesisImpl - BreakpointEvent
16:25:31.395 [pool-51-thread-1] INFO  f.i.l.r.s.DynamothCodeGenesisImpl - [test] introclassJava.smallest_346b1d3c_010BlackboxTest#test4 iteration 0
16:25:31.395 [pool-51-thread-1] DEBUG f.i.l.r.s.c.SpoonElementsCollector - [data] num_2=instance of introclassJava.IntObj(id=563)
16:25:31.396 [pool-51-thread-1] DEBUG f.i.l.r.s.c.DynamothDataCollector - Collect Level 1
16:25:31.396 [pool-51-thread-1] DEBUG f.i.l.r.s.c.DynamothDataCollector - [data] this=instance of introclassJava.smallest_346b1d3c_010(id=561)
16:25:31.396 [pool-51-thread-1] DEBUG f.i.l.r.s.c.DynamothDataCollector - [data] a
16:25:31.397 [pool-51-thread-1] DEBUG f.i.l.r.s.c.DynamothDataCollector - [data] b
16:25:31.397 [pool-51-thread-1] DEBUG f.i.l.r.s.c.DynamothDataCollector - [data] c
16:25:31.397 [pool-51-thread-1] DEBUG f.i.l.r.s.c.DynamothDataCollector - [data] d
16:25:31.398 [pool-51-thread-1] DEBUG f.i.l.r.s.c.DynamothDataCollector - [data] num_1
16:25:31.398 [pool-51-thread-1] DEBUG f.i.l.r.s.c.DynamothDataCollector - [data] num_2
16:25:31.398 [pool-51-thread-1] DEBUG f.i.l.r.s.c.DynamothDataCollector - [data] num_3
16:25:31.399 [pool-51-thread-1] DEBUG f.i.l.r.s.c.DynamothDataCollector - [data] num_4
16:25:31.402 [pool-51-thread-1] DEBUG f.i.l.r.s.c.DynamothDataCollector - [data] this.scanner
16:25:31.402 [pool-51-thread-1] DEBUG f.i.l.r.s.c.DynamothDataCollector - [data] this.output
16:25:31.411 [pool-51-thread-1] DEBUG f.i.l.r.s.DynamothCodeGenesisImpl - BreakpointEvent
16:25:31.412 [pool-51-thread-1] INFO  f.i.l.r.s.DynamothCodeGenesisImpl - [test] introclassJava.smallest_346b1d3c_010BlackboxTest#test3 iteration 0
16:25:31.413 [pool-51-thread-1] DEBUG f.i.l.r.s.c.SpoonElementsCollector - [data] num_2=instance of introclassJava.IntObj(id=576)
16:25:31.414 [pool-51-thread-1] DEBUG f.i.l.r.s.c.DynamothDataCollector - Collect Level 1
16:25:31.414 [pool-51-thread-1] DEBUG f.i.l.r.s.c.DynamothDataCollector - [data] this=instance of introclassJava.smallest_346b1d3c_010(id=574)
16:25:31.414 [pool-51-thread-1] DEBUG f.i.l.r.s.c.DynamothDataCollector - [data] a
16:25:31.415 [pool-51-thread-1] DEBUG f.i.l.r.s.c.DynamothDataCollector - [data] b
16:25:31.415 [pool-51-thread-1] DEBUG f.i.l.r.s.c.DynamothDataCollector - [data] c
16:25:31.415 [pool-51-thread-1] DEBUG f.i.l.r.s.c.DynamothDataCollector - [data] d
16:25:31.415 [pool-51-thread-1] DEBUG f.i.l.r.s.c.DynamothDataCollector - [data] num_1
16:25:31.416 [pool-51-thread-1] DEBUG f.i.l.r.s.c.DynamothDataCollector - [data] num_2
16:25:31.416 [pool-51-thread-1] DEBUG f.i.l.r.s.c.DynamothDataCollector - [data] num_3
16:25:31.416 [pool-51-thread-1] DEBUG f.i.l.r.s.c.DynamothDataCollector - [data] num_4
16:25:31.419 [pool-51-thread-1] DEBUG f.i.l.r.s.c.DynamothDataCollector - [data] this.scanner
16:25:31.420 [pool-51-thread-1] DEBUG f.i.l.r.s.c.DynamothDataCollector - [data] this.output
16:25:31.427 [pool-51-thread-1] DEBUG f.i.l.r.s.DynamothCodeGenesisImpl - Exit
16:25:31.438 [pool-51-thread-1] DEBUG f.i.l.r.s.collect.DataCombiner - [combine] start on 14 elements
16:25:31.544 [pool-51-thread-1] DEBUG f.i.l.r.s.collect.DataCombiner - [combine] end 11234 evaluated elements


========= Info ==========
Nb constants             3
Nb method invocations    0
Nb field access          2
Nb variables             9
Total                    14
Nb evaluated expressions 5610
Init Execution time      703 ms
Collect Execution time   245 ms
Combine Execution time   117.0 ms
Nb Combination par sec   47949 combinations/sec
Total Execution time     1065 ms
Nb line execution        8
Nb results               0

Results:


========================
         Stat
========================
Operators: 
LE 12
AND 8
Methods: 
format(java.lang.String,java.lang.Object[]) 5
nextInt() 4
Variable: 
value 80
output 10
a 8
b 8
c 8
d 8
scanner 8
num_4 2
num_1 2
num_2 2
num_3 2

 & 3 & 0 & 2 & 9 & 14 & 5610 & 1067 ms & 8 &
16:25:31.547 [pool-2-thread-1] DEBUG fr.inria.lille.repair.nopol.NoPol - statement #12
16:25:31.548 [pool-2-thread-1] DEBUG fr.inria.lille.repair.nopol.NoPol - Analysing SourceLocation introclassJava.smallest_346b1d3c_010:65 which is executed by 16 tests
1540764001
16:25:31.610 [pool-2-thread-1] DEBUG fr.inria.lille.repair.nopol.NoPol - looking with class fr.inria.lille.repair.nopol.spoon.smt.ConditionalAdder
org.junit.ComparisonFailure: expected:<...paces>-1isthesmalles[t]> but was:<...paces>-1isthesmalles[]>
    at org.junit.Assert.assertEquals(Assert.java:115)
    at org.junit.Assert.assertEquals(Assert.java:144)
    at introclassJava.smallest_346b1d3c_010BlackboxTest.test8(smallest_346b1d3c_010BlackboxTest.java:77)
    at sun.reflect.NativeMethodAccessorImpl.invoke0(Native Method)
    at sun.reflect.NativeMethodAccessorImpl.invoke(NativeMethodAccessorImpl.java:62)
    at sun.reflect.DelegatingMethodAccessorImpl.invoke(DelegatingMethodAccessorImpl.java:43)
16:25:31.619 [pool-87-thread-1] INFO  xxl.java.junit.TestCasesListener - Tests run finished (6 ms)
<> Total tests run: 8
<> Ignored tests: 0
<> Failed tests: 1
~ test8(introclassJava.smallest_346b1d3c_010BlackboxTest)
[expected:<...paces>-1isthesmalles[t]> but was:<...paces>-1isthesmalles[]>]
org.junit.ComparisonFailure: expected:<...paces>-1isthesmalles[t]> but was:<...paces>-1isthesmalles[]>    at org.junit.Assert.assertEquals(Assert.java:115)
    at org.junit.Assert.assertEquals(Assert.java:144)
    at introclassJava.smallest_346b1d3c_010BlackboxTest.test8(smallest_346b1d3c_010BlackboxTest.java:77)
    at sun.reflect.NativeMethodAccessorImpl.invoke0(Native Method)
    at sun.reflect.NativeMethodAccessorImpl.invoke(NativeMethodAccessorImpl.java:62)
    at sun.reflect.DelegatingMethodAccessorImpl.invoke(DelegatingMethodAccessorImpl.java:43)

16:25:31.744 [pool-86-thread-1] DEBUG f.i.l.r.n.s.d.DynamothSynthesizer - Ignore the test introclassJava.smallest_346b1d3c_010WhiteboxTest#test2
16:25:31.746 [pool-86-thread-1] DEBUG f.i.l.r.n.s.d.DynamothSynthesizer - Ignore the test introclassJava.smallest_346b1d3c_010WhiteboxTest#test1
16:25:31.747 [pool-86-thread-1] DEBUG f.i.l.r.n.s.d.DynamothSynthesizer - Ignore the test introclassJava.smallest_346b1d3c_010WhiteboxTest#test4
16:25:31.748 [pool-86-thread-1] DEBUG f.i.l.r.n.s.d.DynamothSynthesizer - Ignore the test introclassJava.smallest_346b1d3c_010WhiteboxTest#test3
16:25:31.749 [pool-86-thread-1] DEBUG f.i.l.r.n.s.d.DynamothSynthesizer - Ignore the test introclassJava.smallest_346b1d3c_010WhiteboxTest#test6
16:25:31.750 [pool-86-thread-1] DEBUG f.i.l.r.n.s.d.DynamothSynthesizer - Ignore the test introclassJava.smallest_346b1d3c_010WhiteboxTest#test5
16:25:31.751 [pool-86-thread-1] DEBUG f.i.l.r.n.s.d.DynamothSynthesizer - Ignore the test introclassJava.smallest_346b1d3c_010WhiteboxTest#test8
16:25:31.753 [pool-86-thread-1] DEBUG f.i.l.r.n.s.d.DynamothSynthesizer - Ignore the test introclassJava.smallest_346b1d3c_010WhiteboxTest#test7
java -cp /tmp/DynaMoth_IntroClassJava_smallest_346b1d3c1cdc3032d07222a8a5e0027a2abf95bb1697b9d367d7cca7db1af769d8298e232c56471a122f05e87e79f4bd965855c9c0f8b173ebc0ef5d0abebc7b_010/target/classes:/tmp/DynaMoth_IntroClassJava_smallest_346b1d3c1cdc3032d07222a8a5e0027a2abf95bb1697b9d367d7cca7db1af769d8298e232c56471a122f05e87e79f4bd965855c9c0f8b173ebc0ef5d0abebc7b_010/target/test-classes:/home/tdurieux/.m2/repository/junit/junit/4.11/junit-4.11.jar:/home/tdurieux/.m2/repository/org/hamcrest/hamcrest-core/1.3/hamcrest-core-1.3.jar:/home/tdurieux/RepairThemAll/script/../repair_tools/nopol.jar:/home/tdurieux/RepairThemAll/repair_tools/nopol.jar:/usr/lib/jvm/java-8-openjdk-amd64/lib/tools.jar: fr.inria.lille.repair.MethodTestRunner introclassJava.smallest_346b1d3c_010BlackboxTest#test8 introclassJava.smallest_346b1d3c_010BlackboxTest#test7 introclassJava.smallest_346b1d3c_010BlackboxTest#test2 introclassJava.smallest_346b1d3c_010BlackboxTest#test1 introclassJava.smallest_346b1d3c_010BlackboxTest#test6 introclassJava.smallest_346b1d3c_010BlackboxTest#test5 introclassJava.smallest_346b1d3c_010BlackboxTest#test4 introclassJava.smallest_346b1d3c_010BlackboxTest#test3 
16:25:31.980 [pool-86-thread-1] DEBUG f.i.l.r.s.DynamothCodeGenesisImpl - ClassPrepareEvent
16:25:31.984 [pool-86-thread-1] DEBUG f.i.l.r.s.c.spoon.ClassCollector - [class] introclassJava.IntObj
16:25:31.987 [pool-86-thread-1] DEBUG f.i.l.r.s.c.spoon.ClassCollector - [class] introclassJava.smallest_346b1d3c_010
16:25:31.987 [pool-86-thread-1] DEBUG f.i.l.r.s.c.spoon.ClassCollector - [class] java.lang.String
16:25:31.989 [pool-86-thread-1] DEBUG f.i.l.r.s.c.spoon.ClassCollector - [class] java.util.Scanner
16:25:32.044 [pool-86-thread-1] DEBUG f.i.l.r.s.DynamothCodeGenesisImpl - BreakpointEvent
16:25:32.046 [pool-86-thread-1] INFO  f.i.l.r.s.DynamothCodeGenesisImpl - [test] introclassJava.smallest_346b1d3c_010BlackboxTest#test8 iteration 0
16:25:32.047 [pool-86-thread-1] DEBUG f.i.l.r.s.c.SpoonElementsCollector - [data] num_1=instance of introclassJava.IntObj(id=459)
16:25:32.047 [pool-86-thread-1] DEBUG f.i.l.r.s.c.DynamothDataCollector - Collect Level 1
16:25:32.047 [pool-86-thread-1] DEBUG f.i.l.r.s.c.DynamothDataCollector - [data] this=instance of introclassJava.smallest_346b1d3c_010(id=457)
16:25:32.048 [pool-86-thread-1] DEBUG f.i.l.r.s.c.DynamothDataCollector - [data] a
16:25:32.048 [pool-86-thread-1] DEBUG f.i.l.r.s.c.DynamothDataCollector - [data] b
16:25:32.048 [pool-86-thread-1] DEBUG f.i.l.r.s.c.DynamothDataCollector - [data] c
16:25:32.049 [pool-86-thread-1] DEBUG f.i.l.r.s.c.DynamothDataCollector - [data] d
16:25:32.049 [pool-86-thread-1] DEBUG f.i.l.r.s.c.DynamothDataCollector - [data] num_1
16:25:32.049 [pool-86-thread-1] DEBUG f.i.l.r.s.c.DynamothDataCollector - [data] num_2
16:25:32.049 [pool-86-thread-1] DEBUG f.i.l.r.s.c.DynamothDataCollector - [data] num_3
16:25:32.050 [pool-86-thread-1] DEBUG f.i.l.r.s.c.DynamothDataCollector - [data] num_4
16:25:32.057 [pool-86-thread-1] DEBUG f.i.l.r.s.c.DynamothDataCollector - [data] this.scanner
16:25:32.057 [pool-86-thread-1] DEBUG f.i.l.r.s.c.DynamothDataCollector - [data] this.output
16:25:32.079 [pool-86-thread-1] DEBUG f.i.l.r.s.DynamothCodeGenesisImpl - BreakpointEvent
16:25:32.080 [pool-86-thread-1] INFO  f.i.l.r.s.DynamothCodeGenesisImpl - [test] introclassJava.smallest_346b1d3c_010BlackboxTest#test7 iteration 0
16:25:32.081 [pool-86-thread-1] DEBUG f.i.l.r.s.c.SpoonElementsCollector - [data] num_1=instance of introclassJava.IntObj(id=498)
16:25:32.081 [pool-86-thread-1] DEBUG f.i.l.r.s.c.DynamothDataCollector - Collect Level 1
16:25:32.081 [pool-86-thread-1] DEBUG f.i.l.r.s.c.DynamothDataCollector - [data] this=instance of introclassJava.smallest_346b1d3c_010(id=496)
16:25:32.082 [pool-86-thread-1] DEBUG f.i.l.r.s.c.DynamothDataCollector - [data] a
16:25:32.082 [pool-86-thread-1] DEBUG f.i.l.r.s.c.DynamothDataCollector - [data] b
16:25:32.082 [pool-86-thread-1] DEBUG f.i.l.r.s.c.DynamothDataCollector - [data] c
16:25:32.083 [pool-86-thread-1] DEBUG f.i.l.r.s.c.DynamothDataCollector - [data] d
16:25:32.083 [pool-86-thread-1] DEBUG f.i.l.r.s.c.DynamothDataCollector - [data] num_1
16:25:32.083 [pool-86-thread-1] DEBUG f.i.l.r.s.c.DynamothDataCollector - [data] num_2
16:25:32.083 [pool-86-thread-1] DEBUG f.i.l.r.s.c.DynamothDataCollector - [data] num_3
16:25:32.084 [pool-86-thread-1] DEBUG f.i.l.r.s.c.DynamothDataCollector - [data] num_4
16:25:32.087 [pool-86-thread-1] DEBUG f.i.l.r.s.c.DynamothDataCollector - [data] this.scanner
16:25:32.087 [pool-86-thread-1] DEBUG f.i.l.r.s.c.DynamothDataCollector - [data] this.output
16:25:32.098 [pool-86-thread-1] DEBUG f.i.l.r.s.DynamothCodeGenesisImpl - BreakpointEvent
16:25:32.099 [pool-86-thread-1] INFO  f.i.l.r.s.DynamothCodeGenesisImpl - [test] introclassJava.smallest_346b1d3c_010BlackboxTest#test2 iteration 0
16:25:32.100 [pool-86-thread-1] DEBUG f.i.l.r.s.c.SpoonElementsCollector - [data] num_1=instance of introclassJava.IntObj(id=511)
16:25:32.101 [pool-86-thread-1] DEBUG f.i.l.r.s.c.DynamothDataCollector - Collect Level 1
16:25:32.101 [pool-86-thread-1] DEBUG f.i.l.r.s.c.DynamothDataCollector - [data] this=instance of introclassJava.smallest_346b1d3c_010(id=509)
16:25:32.101 [pool-86-thread-1] DEBUG f.i.l.r.s.c.DynamothDataCollector - [data] a
16:25:32.102 [pool-86-thread-1] DEBUG f.i.l.r.s.c.DynamothDataCollector - [data] b
16:25:32.102 [pool-86-thread-1] DEBUG f.i.l.r.s.c.DynamothDataCollector - [data] c
16:25:32.102 [pool-86-thread-1] DEBUG f.i.l.r.s.c.DynamothDataCollector - [data] d
16:25:32.102 [pool-86-thread-1] DEBUG f.i.l.r.s.c.DynamothDataCollector - [data] num_1
16:25:32.103 [pool-86-thread-1] DEBUG f.i.l.r.s.c.DynamothDataCollector - [data] num_2
16:25:32.103 [pool-86-thread-1] DEBUG f.i.l.r.s.c.DynamothDataCollector - [data] num_3
16:25:32.103 [pool-86-thread-1] DEBUG f.i.l.r.s.c.DynamothDataCollector - [data] num_4
16:25:32.107 [pool-86-thread-1] DEBUG f.i.l.r.s.c.DynamothDataCollector - [data] this.scanner
16:25:32.107 [pool-86-thread-1] DEBUG f.i.l.r.s.c.DynamothDataCollector - [data] this.output
16:25:32.118 [pool-86-thread-1] DEBUG f.i.l.r.s.DynamothCodeGenesisImpl - BreakpointEvent
16:25:32.119 [pool-86-thread-1] INFO  f.i.l.r.s.DynamothCodeGenesisImpl - [test] introclassJava.smallest_346b1d3c_010BlackboxTest#test1 iteration 0
16:25:32.119 [pool-86-thread-1] DEBUG f.i.l.r.s.c.SpoonElementsCollector - [data] num_1=instance of introclassJava.IntObj(id=524)
16:25:32.120 [pool-86-thread-1] DEBUG f.i.l.r.s.c.DynamothDataCollector - Collect Level 1
16:25:32.120 [pool-86-thread-1] DEBUG f.i.l.r.s.c.DynamothDataCollector - [data] this=instance of introclassJava.smallest_346b1d3c_010(id=522)
16:25:32.120 [pool-86-thread-1] DEBUG f.i.l.r.s.c.DynamothDataCollector - [data] a
16:25:32.121 [pool-86-thread-1] DEBUG f.i.l.r.s.c.DynamothDataCollector - [data] b
16:25:32.121 [pool-86-thread-1] DEBUG f.i.l.r.s.c.DynamothDataCollector - [data] c
16:25:32.121 [pool-86-thread-1] DEBUG f.i.l.r.s.c.DynamothDataCollector - [data] d
16:25:32.122 [pool-86-thread-1] DEBUG f.i.l.r.s.c.DynamothDataCollector - [data] num_1
16:25:32.122 [pool-86-thread-1] DEBUG f.i.l.r.s.c.DynamothDataCollector - [data] num_2
16:25:32.122 [pool-86-thread-1] DEBUG f.i.l.r.s.c.DynamothDataCollector - [data] num_3
16:25:32.122 [pool-86-thread-1] DEBUG f.i.l.r.s.c.DynamothDataCollector - [data] num_4
16:25:32.126 [pool-86-thread-1] DEBUG f.i.l.r.s.c.DynamothDataCollector - [data] this.scanner
16:25:32.126 [pool-86-thread-1] DEBUG f.i.l.r.s.c.DynamothDataCollector - [data] this.output
16:25:32.136 [pool-86-thread-1] DEBUG f.i.l.r.s.DynamothCodeGenesisImpl - BreakpointEvent
16:25:32.137 [pool-86-thread-1] INFO  f.i.l.r.s.DynamothCodeGenesisImpl - [test] introclassJava.smallest_346b1d3c_010BlackboxTest#test6 iteration 0
16:25:32.138 [pool-86-thread-1] DEBUG f.i.l.r.s.c.SpoonElementsCollector - [data] num_1=instance of introclassJava.IntObj(id=537)
16:25:32.138 [pool-86-thread-1] DEBUG f.i.l.r.s.c.DynamothDataCollector - Collect Level 1
16:25:32.138 [pool-86-thread-1] DEBUG f.i.l.r.s.c.DynamothDataCollector - [data] this=instance of introclassJava.smallest_346b1d3c_010(id=535)
16:25:32.139 [pool-86-thread-1] DEBUG f.i.l.r.s.c.DynamothDataCollector - [data] a
16:25:32.139 [pool-86-thread-1] DEBUG f.i.l.r.s.c.DynamothDataCollector - [data] b
16:25:32.139 [pool-86-thread-1] DEBUG f.i.l.r.s.c.DynamothDataCollector - [data] c
16:25:32.139 [pool-86-thread-1] DEBUG f.i.l.r.s.c.DynamothDataCollector - [data] d
16:25:32.140 [pool-86-thread-1] DEBUG f.i.l.r.s.c.DynamothDataCollector - [data] num_1
16:25:32.140 [pool-86-thread-1] DEBUG f.i.l.r.s.c.DynamothDataCollector - [data] num_2
16:25:32.140 [pool-86-thread-1] DEBUG f.i.l.r.s.c.DynamothDataCollector - [data] num_3
16:25:32.141 [pool-86-thread-1] DEBUG f.i.l.r.s.c.DynamothDataCollector - [data] num_4
16:25:32.144 [pool-86-thread-1] DEBUG f.i.l.r.s.c.DynamothDataCollector - [data] this.scanner
16:25:32.144 [pool-86-thread-1] DEBUG f.i.l.r.s.c.DynamothDataCollector - [data] this.output
16:25:32.154 [pool-86-thread-1] DEBUG f.i.l.r.s.DynamothCodeGenesisImpl - BreakpointEvent
16:25:32.155 [pool-86-thread-1] INFO  f.i.l.r.s.DynamothCodeGenesisImpl - [test] introclassJava.smallest_346b1d3c_010BlackboxTest#test5 iteration 0
16:25:32.155 [pool-86-thread-1] DEBUG f.i.l.r.s.c.SpoonElementsCollector - [data] num_1=instance of introclassJava.IntObj(id=550)
16:25:32.156 [pool-86-thread-1] DEBUG f.i.l.r.s.c.DynamothDataCollector - Collect Level 1
16:25:32.156 [pool-86-thread-1] DEBUG f.i.l.r.s.c.DynamothDataCollector - [data] this=instance of introclassJava.smallest_346b1d3c_010(id=548)
16:25:32.156 [pool-86-thread-1] DEBUG f.i.l.r.s.c.DynamothDataCollector - [data] a
16:25:32.157 [pool-86-thread-1] DEBUG f.i.l.r.s.c.DynamothDataCollector - [data] b
16:25:32.157 [pool-86-thread-1] DEBUG f.i.l.r.s.c.DynamothDataCollector - [data] c
16:25:32.157 [pool-86-thread-1] DEBUG f.i.l.r.s.c.DynamothDataCollector - [data] d
16:25:32.158 [pool-86-thread-1] DEBUG f.i.l.r.s.c.DynamothDataCollector - [data] num_1
16:25:32.158 [pool-86-thread-1] DEBUG f.i.l.r.s.c.DynamothDataCollector - [data] num_2
16:25:32.158 [pool-86-thread-1] DEBUG f.i.l.r.s.c.DynamothDataCollector - [data] num_3
16:25:32.158 [pool-86-thread-1] DEBUG f.i.l.r.s.c.DynamothDataCollector - [data] num_4
16:25:32.161 [pool-86-thread-1] DEBUG f.i.l.r.s.c.DynamothDataCollector - [data] this.scanner
16:25:32.161 [pool-86-thread-1] DEBUG f.i.l.r.s.c.DynamothDataCollector - [data] this.output
16:25:32.171 [pool-86-thread-1] DEBUG f.i.l.r.s.DynamothCodeGenesisImpl - BreakpointEvent
16:25:32.172 [pool-86-thread-1] INFO  f.i.l.r.s.DynamothCodeGenesisImpl - [test] introclassJava.smallest_346b1d3c_010BlackboxTest#test4 iteration 0
16:25:32.172 [pool-86-thread-1] DEBUG f.i.l.r.s.c.SpoonElementsCollector - [data] num_1=instance of introclassJava.IntObj(id=563)
16:25:32.173 [pool-86-thread-1] DEBUG f.i.l.r.s.c.DynamothDataCollector - Collect Level 1
16:25:32.173 [pool-86-thread-1] DEBUG f.i.l.r.s.c.DynamothDataCollector - [data] this=instance of introclassJava.smallest_346b1d3c_010(id=561)
16:25:32.173 [pool-86-thread-1] DEBUG f.i.l.r.s.c.DynamothDataCollector - [data] a
16:25:32.174 [pool-86-thread-1] DEBUG f.i.l.r.s.c.DynamothDataCollector - [data] b
16:25:32.174 [pool-86-thread-1] DEBUG f.i.l.r.s.c.DynamothDataCollector - [data] c
16:25:32.174 [pool-86-thread-1] DEBUG f.i.l.r.s.c.DynamothDataCollector - [data] d
16:25:32.175 [pool-86-thread-1] DEBUG f.i.l.r.s.c.DynamothDataCollector - [data] num_1
16:25:32.175 [pool-86-thread-1] DEBUG f.i.l.r.s.c.DynamothDataCollector - [data] num_2
16:25:32.175 [pool-86-thread-1] DEBUG f.i.l.r.s.c.DynamothDataCollector - [data] num_3
16:25:32.175 [pool-86-thread-1] DEBUG f.i.l.r.s.c.DynamothDataCollector - [data] num_4
16:25:32.178 [pool-86-thread-1] DEBUG f.i.l.r.s.c.DynamothDataCollector - [data] this.scanner
16:25:32.178 [pool-86-thread-1] DEBUG f.i.l.r.s.c.DynamothDataCollector - [data] this.output
16:25:32.188 [pool-86-thread-1] DEBUG f.i.l.r.s.DynamothCodeGenesisImpl - BreakpointEvent
16:25:32.189 [pool-86-thread-1] INFO  f.i.l.r.s.DynamothCodeGenesisImpl - [test] introclassJava.smallest_346b1d3c_010BlackboxTest#test3 iteration 0
16:25:32.190 [pool-86-thread-1] DEBUG f.i.l.r.s.c.SpoonElementsCollector - [data] num_1=instance of introclassJava.IntObj(id=576)
16:25:32.190 [pool-86-thread-1] DEBUG f.i.l.r.s.c.DynamothDataCollector - Collect Level 1
16:25:32.190 [pool-86-thread-1] DEBUG f.i.l.r.s.c.DynamothDataCollector - [data] this=instance of introclassJava.smallest_346b1d3c_010(id=574)
16:25:32.191 [pool-86-thread-1] DEBUG f.i.l.r.s.c.DynamothDataCollector - [data] a
16:25:32.191 [pool-86-thread-1] DEBUG f.i.l.r.s.c.DynamothDataCollector - [data] b
16:25:32.191 [pool-86-thread-1] DEBUG f.i.l.r.s.c.DynamothDataCollector - [data] c
16:25:32.192 [pool-86-thread-1] DEBUG f.i.l.r.s.c.DynamothDataCollector - [data] d
16:25:32.192 [pool-86-thread-1] DEBUG f.i.l.r.s.c.DynamothDataCollector - [data] num_1
16:25:32.192 [pool-86-thread-1] DEBUG f.i.l.r.s.c.DynamothDataCollector - [data] num_2
16:25:32.193 [pool-86-thread-1] DEBUG f.i.l.r.s.c.DynamothDataCollector - [data] num_3
16:25:32.193 [pool-86-thread-1] DEBUG f.i.l.r.s.c.DynamothDataCollector - [data] num_4
16:25:32.196 [pool-86-thread-1] DEBUG f.i.l.r.s.c.DynamothDataCollector - [data] this.scanner
16:25:32.196 [pool-86-thread-1] DEBUG f.i.l.r.s.c.DynamothDataCollector - [data] this.output
16:25:32.204 [pool-86-thread-1] DEBUG f.i.l.r.s.DynamothCodeGenesisImpl - Exit
16:25:32.206 [pool-86-thread-1] DEBUG f.i.l.r.s.collect.DataCombiner - [combine] start on 14 elements
16:25:32.343 [pool-86-thread-1] DEBUG f.i.l.r.s.collect.DataCombiner - [combine] end 11234 evaluated elements


========= Info ==========
Nb constants             3
Nb method invocations    0
Nb field access          2
Nb variables             9
Total                    14
Nb evaluated expressions 5610
Init Execution time      250 ms
Collect Execution time   187 ms
Combine Execution time   140.0 ms
Nb Combination par sec   40071 combinations/sec
Total Execution time     577 ms
Nb line execution        8
Nb results               0

Results:


========================
         Stat
========================
Operators: 
LE 12
AND 8
Methods: 
format(java.lang.String,java.lang.Object[]) 5
nextInt() 4
Variable: 
value 80
output 10
a 8
b 8
c 8
d 8
scanner 8
num_4 2
num_1 2
num_2 2
num_3 2

 & 3 & 0 & 2 & 9 & 14 & 5610 & 578 ms & 8 &
16:25:32.345 [pool-2-thread-1] DEBUG fr.inria.lille.repair.nopol.NoPol - statement #13
16:25:32.345 [pool-2-thread-1] DEBUG fr.inria.lille.repair.nopol.NoPol - Analysing SourceLocation introclassJava.smallest_346b1d3c_010:64 which is executed by 16 tests
1540764001
16:25:32.425 [pool-2-thread-1] DEBUG fr.inria.lille.repair.nopol.NoPol - statement #14
16:25:32.425 [pool-2-thread-1] DEBUG fr.inria.lille.repair.nopol.NoPol - Analysing SourceLocation introclassJava.smallest_346b1d3c_010:63 which is executed by 16 tests
1540764001
16:25:32.500 [pool-2-thread-1] DEBUG fr.inria.lille.repair.nopol.NoPol - looking with class fr.inria.lille.repair.nopol.spoon.smt.ConditionalAdder
org.junit.ComparisonFailure: expected:<...paces>-1isthesmalles[t]> but was:<...paces>-1isthesmalles[]>
    at org.junit.Assert.assertEquals(Assert.java:115)
    at org.junit.Assert.assertEquals(Assert.java:144)
    at introclassJava.smallest_346b1d3c_010BlackboxTest.test8(smallest_346b1d3c_010BlackboxTest.java:77)
    at sun.reflect.NativeMethodAccessorImpl.invoke0(Native Method)
    at sun.reflect.NativeMethodAccessorImpl.invoke(NativeMethodAccessorImpl.java:62)
    at sun.reflect.DelegatingMethodAccessorImpl.invoke(DelegatingMethodAccessorImpl.java:43)
16:25:32.511 [pool-122-thread-1] INFO  xxl.java.junit.TestCasesListener - Tests run finished (7 ms)
<> Total tests run: 8
<> Ignored tests: 0
<> Failed tests: 1
~ test8(introclassJava.smallest_346b1d3c_010BlackboxTest)
[expected:<...paces>-1isthesmalles[t]> but was:<...paces>-1isthesmalles[]>]
org.junit.ComparisonFailure: expected:<...paces>-1isthesmalles[t]> but was:<...paces>-1isthesmalles[]>    at org.junit.Assert.assertEquals(Assert.java:115)
    at org.junit.Assert.assertEquals(Assert.java:144)
    at introclassJava.smallest_346b1d3c_010BlackboxTest.test8(smallest_346b1d3c_010BlackboxTest.java:77)
    at sun.reflect.NativeMethodAccessorImpl.invoke0(Native Method)
    at sun.reflect.NativeMethodAccessorImpl.invoke(NativeMethodAccessorImpl.java:62)
    at sun.reflect.DelegatingMethodAccessorImpl.invoke(DelegatingMethodAccessorImpl.java:43)

16:25:32.624 [pool-2-thread-1] DEBUG fr.inria.lille.repair.nopol.NoPol - statement #15
16:25:32.624 [pool-2-thread-1] DEBUG fr.inria.lille.repair.nopol.NoPol - Analysing SourceLocation introclassJava.smallest_346b1d3c_010:62 which is executed by 16 tests
1540764001
16:25:32.677 [pool-2-thread-1] DEBUG fr.inria.lille.repair.nopol.NoPol - statement #16
16:25:32.677 [pool-2-thread-1] DEBUG fr.inria.lille.repair.nopol.NoPol - Analysing SourceLocation introclassJava.smallest_346b1d3c_010:61 which is executed by 16 tests
1540764001
16:25:32.732 [pool-2-thread-1] DEBUG fr.inria.lille.repair.nopol.NoPol - statement #17
16:25:32.732 [pool-2-thread-1] DEBUG fr.inria.lille.repair.nopol.NoPol - Analysing SourceLocation introclassJava.smallest_346b1d3c_010:60 which is executed by 16 tests
1540764001
16:25:32.785 [pool-2-thread-1] INFO  fr.inria.lille.repair.nopol.NoPol - ----INFORMATION----
16:25:32.787 [pool-2-thread-1] INFO  fr.inria.lille.repair.nopol.NoPol - Nb classes : 6
16:25:32.787 [pool-2-thread-1] INFO  fr.inria.lille.repair.nopol.NoPol - Nb methods : 2
16:25:32.788 [pool-2-thread-1] INFO  fr.inria.lille.repair.nopol.NoPol - Nb Statements Analyzed : 15
16:25:32.788 [pool-2-thread-1] INFO  fr.inria.lille.repair.nopol.NoPol - Nb Statements with Angelic Value Found : 2
16:25:32.788 [pool-2-thread-1] INFO  fr.inria.lille.repair.nopol.NoPol - NoPol Execution time : 9478ms
16:25:32.788 [pool-2-thread-1] INFO  fr.inria.lille.repair.nopol.NoPol - 
NO_ANGELIC_VALUE
Command exited with non-zero status 255
24.44user 1.50system 0:11.19elapsed 231%CPU (0avgtext+0avgdata 563940maxresident)k
49368inputs+5456outputs (6major+199175minor)pagefaults 0swaps


Node: suno-2.sophia.grid5000.fr



Date: Wed Dec  5 16:25:33 EST 2018

