cd /tmp/DynaMoth_Bug_dot_jar_Wicket_f3d7565c;
export JAVA_TOOL_OPTIONS="-Dfile.encoding=UTF8 -Duser.language=en-US -Duser.country=US -Duser.language=en";
TZ="America/New_York"; export TZ;
export PATH="/usr/lib/jvm/java-1.8.0-openjdk-amd64/bin/:$PATH";
export JAVA_HOME="/usr/lib/jvm/java-1.8.0-openjdk-amd64/bin/";
time java -Xmx4048m -cp /home/tdurieux/defects4j4repair/script/../repair_tools/nopol.jar:/usr/lib/jvm/java-1.8.0-openjdk-amd64/bin//../lib/tools.jar fr.inria.lille.repair.Main \
	--mode repair \
	--type pre_then_cond \
	--oracle angelic \
	--synthesis dynamoth \
	--flocal gzoltar \
	--json \
	--solver z3 \
	--solver-path /home/tdurieux/defects4j4repair/script/../libs/z3/build/z3 \
	--complianceLevel 7 \
	--source wicket-core/src/main/java \
	--classpath ":/tmp/DynaMoth_Bug_dot_jar_Wicket_f3d7565c/wicket-util/target/classes:/home/tdurieux/.m2/repository/javax/inject/javax.inject/1/javax.inject-1.jar:/home/tdurieux/.m2/repository/joda-time/joda-time/1.6.2/joda-time-1.6.2.jar:/home/tdurieux/.m2/repository/velocity/velocity-dep/1.4/velocity-dep-1.4.jar:/home/tdurieux/.m2/repository/cglib/cglib/2.2/cglib-2.2.jar:/home/tdurieux/.m2/repository/org/springframework/spring-context/3.0.5.RELEASE/spring-context-3.0.5.RELEASE.jar:/home/tdurieux/.m2/repository/org/apache/wicket/wicket-extensions/1.5-SNAPSHOT/wicket-extensions-1.5-SNAPSHOT.jar:/home/tdurieux/.m2/repository/org/mockito/mockito-all/1.8.5/mockito-all-1.8.5.jar:/home/tdurieux/.m2/repository/org/springframework/spring-beans/3.0.5.RELEASE/spring-beans-3.0.5.RELEASE.jar:/home/tdurieux/.m2/repository/org/springframework/spring-web/3.0.5.RELEASE/spring-web-3.0.5.RELEASE.jar:/home/tdurieux/.m2/repository/asm/asm-tree/3.1/asm-tree-3.1.jar:/home/tdurieux/.m2/repository/org/apache/geronimo/specs/geronimo-jaspic_1.0_spec/1.0/geronimo-jaspic_1.0_spec-1.0.jar:/home/tdurieux/.m2/repository/javax/servlet/servlet-api/2.5/servlet-api-2.5.jar:/home/tdurieux/.m2/repository/org/springframework/spring-expression/3.0.5.RELEASE/spring-expression-3.0.5.RELEASE.jar:/home/tdurieux/.m2/repository/httpunit/httpunit/1.6.1/httpunit-1.6.1.jar:/home/tdurieux/.m2/repository/org/slf4j/slf4j-api/1.6.1/slf4j-api-1.6.1.jar:/home/tdurieux/.m2/repository/org/apache/wicket/wicket-util/1.5-SNAPSHOT/wicket-util-1.5-SNAPSHOT.jar:/home/tdurieux/.m2/repository/asm/asm/3.1/asm-3.1.jar:/home/tdurieux/.m2/repository/org/apache/wicket/wicket-datetime/1.5-SNAPSHOT/wicket-datetime-1.5-SNAPSHOT.jar:/home/tdurieux/.m2/repository/org/apache/wicket/wicket-auth-roles/1.5-SNAPSHOT/wicket-auth-roles-1.5-SNAPSHOT.jar:/home/tdurieux/.m2/repository/org/apache/wicket/wicket-jmx/1.5-SNAPSHOT/wicket-jmx-1.5-SNAPSHOT.jar:/home/tdurieux/.m2/repository/org/apache/wicket/wicket-guice/1.5-SNAPSHOT/wicket-guice-1.5-SNAPSHOT.jar:/home/tdurieux/.m2/repository/com/uwyn/jhighlight/1.0/jhighlight-1.0.jar:/home/tdurieux/.m2/repository/javax/activation/activation/1.1/activation-1.1.jar:/home/tdurieux/.m2/repository/org/apache/wicket/wicket-spring/1.5-SNAPSHOT/wicket-spring-1.5-SNAPSHOT.jar:/home/tdurieux/.m2/repository/log4j/log4j/1.2.16/log4j-1.2.16.jar:/home/tdurieux/.m2/repository/org/slf4j/jcl-over-slf4j/1.6.1/jcl-over-slf4j-1.6.1.jar:/home/tdurieux/.m2/repository/org/hamcrest/hamcrest-core/1.2.1/hamcrest-core-1.2.1.jar:/home/tdurieux/.m2/repository/commons-httpclient/commons-httpclient/3.1/commons-httpclient-3.1.jar:/home/tdurieux/.m2/repository/easymock/easymock/1.2_Java1.3/easymock-1.2_Java1.3.jar:/home/tdurieux/.m2/repository/asm/asm-commons/3.1/asm-commons-3.1.jar:/home/tdurieux/.m2/repository/org/springframework/spring-asm/3.0.5.RELEASE/spring-asm-3.0.5.RELEASE.jar:/home/tdurieux/.m2/repository/org/apache/wicket/wicket-velocity/1.5-SNAPSHOT/wicket-velocity-1.5-SNAPSHOT.jar:/home/tdurieux/.m2/repository/rhino/js/1.5R4.1/js-1.5R4.1.jar:/home/tdurieux/.m2/repository/org/apache/wicket/wicket-ioc/1.5-SNAPSHOT/wicket-ioc-1.5-SNAPSHOT.jar:/home/tdurieux/.m2/repository/org/springframework/spring-aop/3.0.5.RELEASE/spring-aop-3.0.5.RELEASE.jar:/home/tdurieux/.m2/repository/org/apache/geronimo/specs/geronimo-jta_1.1_spec/1.1.1/geronimo-jta_1.1_spec-1.1.1.jar:/home/tdurieux/.m2/repository/junit/junit/4.8.2/junit-4.8.2.jar:/home/tdurieux/.m2/repository/aopalliance/aopalliance/1.0/aopalliance-1.0.jar:/home/tdurieux/.m2/repository/org/springframework/spring-core/3.0.5.RELEASE/spring-core-3.0.5.RELEASE.jar:/home/tdurieux/.m2/repository/org/apache/wicket/wicket-devutils/1.5-SNAPSHOT/wicket-devutils-1.5-SNAPSHOT.jar:/home/tdurieux/.m2/repository/xerces/xmlParserAPIs/2.2.1/xmlParserAPIs-2.2.1.jar:/home/tdurieux/.m2/repository/org/apache/wicket/wicket-core/1.5-SNAPSHOT/wicket-core-1.5-SNAPSHOT.jar:/home/tdurieux/.m2/repository/jtidy/jtidy/4aug2000r7-dev/jtidy-4aug2000r7-dev.jar:/home/tdurieux/.m2/repository/nekohtml/nekohtml/0.9.1/nekohtml-0.9.1.jar:/home/tdurieux/.m2/repository/org/hamcrest/hamcrest-library/1.2.1/hamcrest-library-1.2.1.jar:/home/tdurieux/.m2/repository/org/eclipse/jetty/aggregate/jetty-all-server/7.4.2.v20110526/jetty-all-server-7.4.2.v20110526.jar:/home/tdurieux/.m2/repository/com/google/inject/guice/3.0/guice-3.0.jar:/home/tdurieux/.m2/repository/org/apache/velocity/velocity/1.7/velocity-1.7.jar:/home/tdurieux/.m2/repository/commons-lang/commons-lang/2.6/commons-lang-2.6.jar:/home/tdurieux/.m2/repository/xerces/xercesImpl/2.6.2/xercesImpl-2.6.2.jar:/home/tdurieux/.m2/repository/org/apache/wicket/wicket-request/1.5-SNAPSHOT/wicket-request-1.5-SNAPSHOT.jar:/home/tdurieux/.m2/repository/org/apache/geronimo/specs/geronimo-annotation_1.0_spec/1.1.1/geronimo-annotation_1.0_spec-1.1.1.jar:/home/tdurieux/.m2/repository/velocity/velocity/1.4/velocity-1.4.jar:/home/tdurieux/.m2/repository/commons-codec/commons-codec/1.2/commons-codec-1.2.jar:/home/tdurieux/.m2/repository/org/slf4j/slf4j-log4j12/1.6.1/slf4j-log4j12-1.6.1.jar:/home/tdurieux/.m2/repository/javax/mail/mail/1.4.1/mail-1.4.1.jar:/home/tdurieux/.m2/repository/commons-collections/commons-collections/3.2.1/commons-collections-3.2.1.jar:/home/tdurieux/defects4j4repair/script/../repair_tools/nopol.jar";
	echo "\n\nNode: `hostname`\n";
	echo "\n\nDate: `date`\n";
Picked up JAVA_TOOL_OPTIONS: -Dfile.encoding=UTF8 -Duser.language=en-US -Duser.country=US -Duser.language=en
java.lang.IllegalArgumentException: File does not exist in: ''
	at xxl.java.library.FileLibrary.fail(FileLibrary.java:129)
	at xxl.java.library.FileLibrary.openFrom(FileLibrary.java:29)
	at xxl.java.library.FileLibrary.urlFrom(FileLibrary.java:100)
	at xxl.java.library.JavaLibrary.classpathFrom(JavaLibrary.java:84)
	at fr.inria.lille.repair.Main.parseArguments(Main.java:161)
	at fr.inria.lille.repair.Main.main(Main.java:66)

Usage: java -jar nopol.jar
                          [(-m|--mode) <repair|ranking>] (-e|--type) <condition|precondition|pre_then_cond|loop|arithmetic> [(-o|--oracle) <angelic|symbolic>] [(-y|--synthesis) <smt|dynamoth>] [(-l|--solver) <z3|cvc4>] [(-p|--solver-path) <solverPath>] (-s|--source) source1:source2:...:sourceN  (-c|--classpath) <classpath> [(-t|--test) test1:test2:...:testN ] [--complianceLevel <complianceLevel>] [--maxTime <maxTime>] [--maxTimeType <maxTimeType>] [(-z|--flocal) < cocospoon|dumb|gzoltar>] [--output <outputFolder>] [--json[:<outputJson>]]

  [(-m|--mode) <repair|ranking>]
        Define the mode of execution. (default: repair)

  (-e|--type) <condition|precondition|pre_then_cond|loop|arithmetic>
        The repair type (example fixing only conditions, or adding
        precondition). REQUIRED OPTION (default: condition)

  [(-o|--oracle) <angelic|symbolic>]
        Define the oracle (only used with repair mode). (default: angelic)

  [(-y|--synthesis) <smt|dynamoth>]
        Define the patch synthesis. (default: smt)

  [(-l|--solver) <z3|cvc4>]
        Define the solver (only used with smt synthesis). (default: z3)

  [(-p|--solver-path) <solverPath>]
        Define the solver binary path (only used with smt synthesis).

  (-s|--source) source1:source2:...:sourceN 
        Define the path to the source code of the project.

  (-c|--classpath) <classpath>
        Define the classpath of the project.

  [(-t|--test) test1:test2:...:testN ]
        Define the tests of the project (both failing and passing),
        fully-qualified, separated with ':' (even if the classpath contains
        other tests, only those are considered.

  [--complianceLevel <complianceLevel>]
        The compliance level of the project. (default: 7)

  [--maxTime <maxTime>]
        The maximum time execution in minute for the whole execution of
        Nopol.(default: 10)

  [--maxTimeType <maxTimeType>]
        The maximum time execution in minute for one type of patch. (default: 5)

  [(-z|--flocal) < cocospoon|dumb|gzoltar>]
        Define the fault localizer to be used. (default: gzoltar)

  [--output <outputFolder>]
        Define the location where the patches will be saved. (default: .)

  [--json[:<outputJson>]]
        Output a json file in the current working directory.

Command exited with non-zero status 255
0.17user 0.02system 0:00.17elapsed 110%CPU (0avgtext+0avgdata 32104maxresident)k
3480inputs+80outputs (1major+4045minor)pagefaults 0swaps


Node: petitprince-3.luxembourg.grid5000.fr



Date: Sun Dec 30 05:44:35 EST 2018

