cd /tmp/jMutRepair_Bug_dot_jar_Commons-Math_4aa4c6d3;
export JAVA_TOOL_OPTIONS="-Dfile.encoding=UTF8 -Duser.language=en-US -Duser.country=US -Duser.language=en";
TZ="America/New_York"; export TZ;
export PATH="/usr/lib/jvm/java-1.8.0-openjdk-amd64/bin/:$PATH";
export JAVA_HOME="/usr/lib/jvm/java-1.8.0-openjdk-amd64/bin/";
time java -Xmx4g -Xms1g -cp /home/tdurieux/defects4j4repair/script/../libs/jtestex7.jar:/home/tdurieux/defects4j4repair/script/../repair_tools/astor.jar fr.inria.main.evolution.AstorMain \
	-mode jMutRepair \
	-location . \
	-id Commons-Math-4aa4c6d3 \
	-failing org.apache.commons.math4.random.EmpiricalDistributionTest:org.apache.commons.math4.ml.neuralnet.sofm.KohonenTrainingTaskTest \
	-jvm4testexecution /home/tdurieux/openjdk-1.7.0/bin/ \
	-jvm4evosuitetestexecution /home/tdurieux/openjdk-1.7.0/bin/ \
	-maxgen 1000000 \
	-maxtime 120 \
	-stopfirst true \
	-seed 0 \
	-scope local \
	-population 1 \
	-javacompliancelevel 7 \
	-srcjavafolder src/main/java \
	-srctestfolder src/test/java \
	-binjavafolder target/classes \
	-bintestfolder target/test-classes \
	-parameters x:x \
	-dependencies /home/tdurieux/.m2/repository/junit/junit/4.11/junit-4.11.jar:/home/tdurieux/.m2/repository/org/hamcrest/hamcrest-core/1.3/hamcrest-core-1.3.jar;
	echo "\n\nNode: `hostname`\n";
	echo "\n\nDate: `date`\n";
Picked up JAVA_TOOL_OPTIONS: -Dfile.encoding=UTF8 -Duser.language=en-US -Duser.country=US -Duser.language=en
[INFO ] fr.inria.astor.core.setup.ProjectConfiguration.getVersionJDK(ProjectConfiguration.java:282) - Version of the JVM used: 1.7.0-u80-unofficial
[INFO ] fr.inria.main.AbstractMain.processArguments(AbstractMain.java:370) - Java version of the JDK used to run tests: 1.7.0-u80-unofficial
[INFO ] fr.inria.main.AbstractMain.processArguments(AbstractMain.java:371) - The compliance of the JVM is:  7
[INFO ] fr.inria.main.AbstractMain.processArguments(AbstractMain.java:645) - command line arguments: [-mode  jMutRepair  -location  .  -id  Commons-Math-4aa4c6d3  -failing  org.apache.commons.math4.random.EmpiricalDistributionTest:org.apache.commons.math4.ml.neuralnet.sofm.KohonenTrainingTaskTest  -jvm4testexecution  /home/tdurieux/openjdk-1.7.0/bin/  -jvm4evosuitetestexecution  /home/tdurieux/openjdk-1.7.0/bin/  -maxgen  1000000  -maxtime  120  -stopfirst  true  -seed  0  -scope  local  -population  1  -javacompliancelevel  7  -srcjavafolder  src/main/java  -srctestfolder  src/test/java  -binjavafolder  target/classes  -bintestfolder  target/test-classes  -parameters  x:x  -dependencies  /home/tdurieux/.m2/repository/junit/junit/4.11/junit-4.11.jar:/home/tdurieux/.m2/repository/org/hamcrest/hamcrest-core/1.3/hamcrest-core-1.3.jar]
[INFO ] fr.inria.main.evolution.AstorMain.execute(AstorMain.java:216) - Running Astor on a JDK at /usr/lib/jvm/java-8-openjdk-amd64/jre
[INFO ] fr.inria.main.AbstractMain.determineSourceFolders(AbstractMain.java:849) - Source folders: [/tmp/jMutRepair_Bug_dot_jar_Commons-Math_4aa4c6d3/./src/main/java]
[INFO ] fr.inria.main.AbstractMain.determineSourceFolders(AbstractMain.java:868) - Source Test folders: [/tmp/jMutRepair_Bug_dot_jar_Commons-Math_4aa4c6d3/./src/test/java]
[INFO ] fr.inria.astor.core.faultlocalization.gzoltar.GZoltarFaultLocalization.calculateSuspicious(GZoltarFaultLocalization.java:75) - -Executing Gzoltar classpath: /tmp/jMutRepair_Bug_dot_jar_Commons-Math_4aa4c6d3/./output_astor/AstorMain-Commons-Math-4aa4c6d3//bin//default from 440 classes with test cases
[INFO ] fr.inria.astor.core.faultlocalization.gzoltar.GZoltarFaultLocalization.searchSuspicious(GZoltarFaultLocalization.java:149) - Gzoltar fault localization: min susp value parameter: 0.1
[INFO ] fr.inria.astor.core.faultlocalization.gzoltar.GZoltarFaultLocalization.searchSuspicious(GZoltarFaultLocalization.java:169) - -gz-Adding classpath: [/tmp/jMutRepair_Bug_dot_jar_Commons-Math_4aa4c6d3/./output_astor/AstorMain-Commons-Math-4aa4c6d3//bin//default, /home/tdurieux/.m2/repository/junit/junit/4.11/junit-4.11.jar, /home/tdurieux/.m2/repository/org/hamcrest/hamcrest-core/1.3/hamcrest-core-1.3.jar]
[INFO ] fr.inria.astor.core.faultlocalization.gzoltar.GZoltarFaultLocalization.searchSuspicious(GZoltarFaultLocalization.java:206) - Test failt: org.apache.commons.math4.random.EmpiricalDistributionTest#testNoBinVariance
[INFO ] fr.inria.astor.core.faultlocalization.gzoltar.GZoltarFaultLocalization.searchSuspicious(GZoltarFaultLocalization.java:218) - Gzoltar Test Result Total:5871, fails: 1, GZoltar suspicious 37169, with positive susp 504
[INFO ] fr.inria.astor.core.faultlocalization.gzoltar.GZoltarFaultLocalization.searchSuspicious(GZoltarFaultLocalization.java:226) - nr test results 5871
[INFO ] fr.inria.astor.core.faultlocalization.gzoltar.GZoltarFaultLocalization.searchSuspicious(GZoltarFaultLocalization.java:271) - Gzoltar found: 106 with susp > 0.1, we consider: 106
[INFO ] fr.inria.astor.core.solutionsearch.AstorCoreEngine.initPopulation(AstorCoreEngine.java:689) - 
---- Creating spoon model
[INFO ] fr.inria.astor.core.solutionsearch.AstorCoreEngine.initModel(AstorCoreEngine.java:781) - Creating model,  Code location from working folder: /tmp/jMutRepair_Bug_dot_jar_Commons-Math_4aa4c6d3/./src/main/java
[INFO ] fr.inria.astor.core.manipulation.MutationSupporter.buildModel(MutationSupporter.java:65) - building model: /tmp/jMutRepair_Bug_dot_jar_Commons-Math_4aa4c6d3/./src/main/java, compliance level: 7
[INFO ] fr.inria.astor.core.manipulation.MutationSupporter.buildModel(MutationSupporter.java:78) - Classpath for building SpoonModel [/home/tdurieux/.m2/repository/junit/junit/4.11/junit-4.11.jar, /home/tdurieux/.m2/repository/org/hamcrest/hamcrest-core/1.3/hamcrest-core-1.3.jar]
[INFO ] fr.inria.astor.core.solutionsearch.AstorCoreEngine.initPopulation(AstorCoreEngine.java:693) - 
---- Initial suspicious size: 104
[INFO ] fr.inria.astor.core.solutionsearch.population.ProgramVariantFactory.createProgramInstance(ProgramVariantFactory.java:127) - Total suspicious from FL: 104,  12
[INFO ] fr.inria.astor.core.solutionsearch.population.ProgramVariantFactory.createProgramInstance(ProgramVariantFactory.java:136) - Total ModPoint created: 12
[INFO ] fr.inria.astor.core.solutionsearch.population.ProgramVariantFactory.createInitialPopulation(ProgramVariantFactory.java:82) - Creating program variant #1, [Variant id: 1, #gens: 12, #ops: 0, parent:-]
[INFO ] fr.inria.astor.core.setup.ConfigurationProperties.print(ConfigurationProperties.java:66) - ----------------------------
[INFO ] fr.inria.astor.core.setup.ConfigurationProperties.print(ConfigurationProperties.java:67) - ---Configuration properties:---Execution values
[INFO ] fr.inria.astor.core.setup.ConfigurationProperties.print(ConfigurationProperties.java:69) - p:lastJUnitVersion= ./examples/libs/junit-4.11.jar
[INFO ] fr.inria.astor.core.setup.ConfigurationProperties.print(ConfigurationProperties.java:69) - p:alternativecompliancelevel= 4
[INFO ] fr.inria.astor.core.setup.ConfigurationProperties.print(ConfigurationProperties.java:69) - p:ignoredTestCases= 
[INFO ] fr.inria.astor.core.setup.ConfigurationProperties.print(ConfigurationProperties.java:69) - p:workingDirectory= /tmp/jMutRepair_Bug_dot_jar_Commons-Math_4aa4c6d3/./output_astor
[INFO ] fr.inria.astor.core.setup.ConfigurationProperties.print(ConfigurationProperties.java:69) - p:manipulatesuper= false
[INFO ] fr.inria.astor.core.setup.ConfigurationProperties.print(ConfigurationProperties.java:69) - p:validation= process
[INFO ] fr.inria.astor.core.setup.ConfigurationProperties.print(ConfigurationProperties.java:69) - p:jvm4testexecution= /home/tdurieux/openjdk-1.7.0/bin/
[INFO ] fr.inria.astor.core.setup.ConfigurationProperties.print(ConfigurationProperties.java:69) - p:operatorspace= mutationspace
[INFO ] fr.inria.astor.core.setup.ConfigurationProperties.print(ConfigurationProperties.java:69) - p:disablelog= false
[INFO ] fr.inria.astor.core.setup.ConfigurationProperties.print(ConfigurationProperties.java:69) - p:binjavafolder= target/classes
[INFO ] fr.inria.astor.core.setup.ConfigurationProperties.print(ConfigurationProperties.java:69) - p:synthesis_depth= 3
[INFO ] fr.inria.astor.core.setup.ConfigurationProperties.print(ConfigurationProperties.java:69) - p:gzoltartestpackagetoexclude= junit.framework
[INFO ] fr.inria.astor.core.setup.ConfigurationProperties.print(ConfigurationProperties.java:69) - p:skipfitnessinitialpopulation= false
[INFO ] fr.inria.astor.core.setup.ConfigurationProperties.print(ConfigurationProperties.java:69) - p:evosuiteresultfolder= evosuite
[INFO ] fr.inria.astor.core.setup.ConfigurationProperties.print(ConfigurationProperties.java:69) - p:flthreshold= 0.1
[INFO ] fr.inria.astor.core.setup.ConfigurationProperties.print(ConfigurationProperties.java:69) - p:regressionforfaultlocalization= true
[INFO ] fr.inria.astor.core.setup.ConfigurationProperties.print(ConfigurationProperties.java:69) - p:collectonlyusedmethod= false
[INFO ] fr.inria.astor.core.setup.ConfigurationProperties.print(ConfigurationProperties.java:69) - p:preservelinenumbers= true
[INFO ] fr.inria.astor.core.setup.ConfigurationProperties.print(ConfigurationProperties.java:69) - p:tmax2= 478430
[INFO ] fr.inria.astor.core.setup.ConfigurationProperties.print(ConfigurationProperties.java:69) - p:tmax1= 10000
[INFO ] fr.inria.astor.core.setup.ConfigurationProperties.print(ConfigurationProperties.java:69) - p:probagenmutation= false
[INFO ] fr.inria.astor.core.setup.ConfigurationProperties.print(ConfigurationProperties.java:69) - p:nomodificationconvergence= 100
[INFO ] fr.inria.astor.core.setup.ConfigurationProperties.print(ConfigurationProperties.java:69) - p:diff_type= relative
[INFO ] fr.inria.astor.core.setup.ConfigurationProperties.print(ConfigurationProperties.java:69) - p:targetelementprocessor= if-conditions
[INFO ] fr.inria.astor.core.setup.ConfigurationProperties.print(ConfigurationProperties.java:69) - p:srctestfolder= src/test/java
[INFO ] fr.inria.astor.core.setup.ConfigurationProperties.print(ConfigurationProperties.java:69) - p:forceExecuteRegression= false
[INFO ] fr.inria.astor.core.setup.ConfigurationProperties.print(ConfigurationProperties.java:69) - p:clusteringfilename= clustering.csv
[INFO ] fr.inria.astor.core.setup.ConfigurationProperties.print(ConfigurationProperties.java:69) - p:failing= org.apache.commons.math4.random.EmpiricalDistributionTest:org.apache.commons.math4.ml.neuralnet.sofm.KohonenTrainingTaskTest
[INFO ] fr.inria.astor.core.setup.ConfigurationProperties.print(ConfigurationProperties.java:69) - p:logtestexecution= false
[INFO ] fr.inria.astor.core.setup.ConfigurationProperties.print(ConfigurationProperties.java:69) - p:evo_buggy_class= true
[INFO ] fr.inria.astor.core.setup.ConfigurationProperties.print(ConfigurationProperties.java:69) - p:numberExecutions= 1
[INFO ] fr.inria.astor.core.setup.ConfigurationProperties.print(ConfigurationProperties.java:69) - p:maxnumbersolutions= 1000000
[INFO ] fr.inria.astor.core.setup.ConfigurationProperties.print(ConfigurationProperties.java:69) - p:evo_affected_by_op= true
[INFO ] fr.inria.astor.core.setup.ConfigurationProperties.print(ConfigurationProperties.java:69) - p:population= 1
[INFO ] fr.inria.astor.core.setup.ConfigurationProperties.print(ConfigurationProperties.java:69) - p:considerzerovaluesusp= false
[INFO ] fr.inria.astor.core.setup.ConfigurationProperties.print(ConfigurationProperties.java:69) - p:maxCombinationVariableLimit= false
[INFO ] fr.inria.astor.core.setup.ConfigurationProperties.print(ConfigurationProperties.java:69) - p:loglevel= INFO
[INFO ] fr.inria.astor.core.setup.ConfigurationProperties.print(ConfigurationProperties.java:69) - p:savesolution= true
[INFO ] fr.inria.astor.core.setup.ConfigurationProperties.print(ConfigurationProperties.java:69) - p:javacompliancelevel= 7
[INFO ] fr.inria.astor.core.setup.ConfigurationProperties.print(ConfigurationProperties.java:69) - p:x= x
[INFO ] fr.inria.astor.core.setup.ConfigurationProperties.print(ConfigurationProperties.java:69) - p:uniqueoptogen= false
[INFO ] fr.inria.astor.core.setup.ConfigurationProperties.print(ConfigurationProperties.java:69) - p:gzoltarpackagetonotinstrument= junit.framework
[INFO ] fr.inria.astor.core.setup.ConfigurationProperties.print(ConfigurationProperties.java:69) - p:projectIdentifier= Commons-Math-4aa4c6d3
[INFO ] fr.inria.astor.core.setup.ConfigurationProperties.print(ConfigurationProperties.java:69) - p:modificationpointnavigation= weight
[INFO ] fr.inria.astor.core.setup.ConfigurationProperties.print(ConfigurationProperties.java:69) - p:stopfirst= true
[INFO ] fr.inria.astor.core.setup.ConfigurationProperties.print(ConfigurationProperties.java:69) - p:multipointmodification= false
[INFO ] fr.inria.astor.core.setup.ConfigurationProperties.print(ConfigurationProperties.java:69) - p:elementsToMutate= 10
[INFO ] fr.inria.astor.core.setup.ConfigurationProperties.print(ConfigurationProperties.java:69) - p:jsonoutputname= astor_output
[INFO ] fr.inria.astor.core.setup.ConfigurationProperties.print(ConfigurationProperties.java:69) - p:evoDSE= false
[INFO ] fr.inria.astor.core.setup.ConfigurationProperties.print(ConfigurationProperties.java:69) - p:bintestfolder= target/test-classes
[INFO ] fr.inria.astor.core.setup.ConfigurationProperties.print(ConfigurationProperties.java:69) - p:testbystep= false
[INFO ] fr.inria.astor.core.setup.ConfigurationProperties.print(ConfigurationProperties.java:69) - p:version-location= ./math-version/
[INFO ] fr.inria.astor.core.setup.ConfigurationProperties.print(ConfigurationProperties.java:69) - p:reintroduce= PARENTS:ORIGINAL
[INFO ] fr.inria.astor.core.setup.ConfigurationProperties.print(ConfigurationProperties.java:69) - p:executorjar= ./lib/jtestex7.jar
[INFO ] fr.inria.astor.core.setup.ConfigurationProperties.print(ConfigurationProperties.java:69) - p:maxGeneration= 1000000
[INFO ] fr.inria.astor.core.setup.ConfigurationProperties.print(ConfigurationProperties.java:69) - p:max_synthesis_step= 10000
[INFO ] fr.inria.astor.core.setup.ConfigurationProperties.print(ConfigurationProperties.java:69) - p:maxVarCombination= 1000
[INFO ] fr.inria.astor.core.setup.ConfigurationProperties.print(ConfigurationProperties.java:69) - p:maxtime= 120
[INFO ] fr.inria.astor.core.setup.ConfigurationProperties.print(ConfigurationProperties.java:69) - p:evosuitejar= ./lib/evosuite-master-1.0.4-SNAPSHOT.jar
[INFO ] fr.inria.astor.core.setup.ConfigurationProperties.print(ConfigurationProperties.java:69) - p:jvmversion= 1.7.0-u80-unofficial
[INFO ] fr.inria.astor.core.setup.ConfigurationProperties.print(ConfigurationProperties.java:69) - p:commandTrunk= 50000
[INFO ] fr.inria.astor.core.setup.ConfigurationProperties.print(ConfigurationProperties.java:69) - p:faultlocalization= gzoltar
[INFO ] fr.inria.astor.core.setup.ConfigurationProperties.print(ConfigurationProperties.java:69) - p:resetmodel= true
[INFO ] fr.inria.astor.core.setup.ConfigurationProperties.print(ConfigurationProperties.java:69) - p:maxsuspcandidates= 1000
[INFO ] fr.inria.astor.core.setup.ConfigurationProperties.print(ConfigurationProperties.java:69) - p:mode= jMutRepair
[INFO ] fr.inria.astor.core.setup.ConfigurationProperties.print(ConfigurationProperties.java:69) - p:learningdir= 
[INFO ] fr.inria.astor.core.setup.ConfigurationProperties.print(ConfigurationProperties.java:69) - p:jvm4evosuitetestexecution= /home/tdurieux/openjdk-1.7.0/bin/
[INFO ] fr.inria.astor.core.setup.ConfigurationProperties.print(ConfigurationProperties.java:69) - p:filterfaultlocalization= true
[INFO ] fr.inria.astor.core.setup.ConfigurationProperties.print(ConfigurationProperties.java:69) - p:mutationrate= 1 
[INFO ] fr.inria.astor.core.setup.ConfigurationProperties.print(ConfigurationProperties.java:69) - p:pathToMVNRepository= 
[INFO ] fr.inria.astor.core.setup.ConfigurationProperties.print(ConfigurationProperties.java:69) - p:resourcesfolder= /src/main/resources:/src/test/resources:
[INFO ] fr.inria.astor.core.setup.ConfigurationProperties.print(ConfigurationProperties.java:69) - p:timezone= America/Los_Angeles
[INFO ] fr.inria.astor.core.setup.ConfigurationProperties.print(ConfigurationProperties.java:69) - p:runjava7code= false
[INFO ] fr.inria.astor.core.setup.ConfigurationProperties.print(ConfigurationProperties.java:69) - p:evoRunOnBuggyClass= true
[INFO ] fr.inria.astor.core.setup.ConfigurationProperties.print(ConfigurationProperties.java:69) - p:compiler= fr.inria.astor.core.manipulation.bytecode.compiler.SpoonClassCompiler
[INFO ] fr.inria.astor.core.setup.ConfigurationProperties.print(ConfigurationProperties.java:69) - p:limitbysuspicious= true
[INFO ] fr.inria.astor.core.setup.ConfigurationProperties.print(ConfigurationProperties.java:69) - p:logsattemps= true
[INFO ] fr.inria.astor.core.setup.ConfigurationProperties.print(ConfigurationProperties.java:69) - p:dependenciespath= /home/tdurieux/.m2/repository/junit/junit/4.11/junit-4.11.jar:/home/tdurieux/.m2/repository/org/hamcrest/hamcrest-core/1.3/hamcrest-core-1.3.jar
[INFO ] fr.inria.astor.core.setup.ConfigurationProperties.print(ConfigurationProperties.java:69) - p:logpatternlayout= [%-5p] %l - %m%n
[INFO ] fr.inria.astor.core.setup.ConfigurationProperties.print(ConfigurationProperties.java:69) - p:packageToInstrument= 
[INFO ] fr.inria.astor.core.setup.ConfigurationProperties.print(ConfigurationProperties.java:69) - p:skipfaultlocalization= false
[INFO ] fr.inria.astor.core.setup.ConfigurationProperties.print(ConfigurationProperties.java:69) - p:scope= local
[INFO ] fr.inria.astor.core.setup.ConfigurationProperties.print(ConfigurationProperties.java:69) - p:transformingredient= false
[INFO ] fr.inria.astor.core.setup.ConfigurationProperties.print(ConfigurationProperties.java:69) - p:fitnessfunction= fr.inria.astor.core.solutionsearch.population.TestCaseFitnessFunction
[INFO ] fr.inria.astor.core.setup.ConfigurationProperties.print(ConfigurationProperties.java:69) - p:maxnumvariablesperingredient= 10
[INFO ] fr.inria.astor.core.setup.ConfigurationProperties.print(ConfigurationProperties.java:69) - p:parsesourcefromoriginal= true
[INFO ] fr.inria.astor.core.setup.ConfigurationProperties.print(ConfigurationProperties.java:69) - p:pvariantfoldername= variant-
[INFO ] fr.inria.astor.core.setup.ConfigurationProperties.print(ConfigurationProperties.java:69) - p:savespoonmodelondisk= false
[INFO ] fr.inria.astor.core.setup.ConfigurationProperties.print(ConfigurationProperties.java:69) - p:srcjavafolder= src/main/java
[INFO ] fr.inria.astor.core.setup.ConfigurationProperties.print(ConfigurationProperties.java:69) - p:populationcontroller= fr.inria.astor.core.solutionsearch.population.TestCaseBasedFitnessPopulationController
[INFO ] fr.inria.astor.core.setup.ConfigurationProperties.print(ConfigurationProperties.java:69) - p:ignoreflakyinfl= false
[INFO ] fr.inria.astor.core.setup.ConfigurationProperties.print(ConfigurationProperties.java:69) - p:cleantemplates= true
[INFO ] fr.inria.astor.core.setup.ConfigurationProperties.print(ConfigurationProperties.java:69) - p:applyCrossover= false
[INFO ] fr.inria.astor.core.setup.ConfigurationProperties.print(ConfigurationProperties.java:69) - p:maxmodificationpoints= 1000
[INFO ] fr.inria.astor.core.setup.ConfigurationProperties.print(ConfigurationProperties.java:69) - p:duplicateingredientsinspace= false
[INFO ] fr.inria.astor.core.setup.ConfigurationProperties.print(ConfigurationProperties.java:69) - p:saveall= false
[INFO ] fr.inria.astor.core.setup.ConfigurationProperties.print(ConfigurationProperties.java:69) - p:seed= 0
[INFO ] fr.inria.astor.core.setup.ConfigurationProperties.print(ConfigurationProperties.java:69) - p:savecompletepatched= true
[INFO ] fr.inria.astor.core.setup.ConfigurationProperties.print(ConfigurationProperties.java:69) - p:resetoperations= false
[INFO ] fr.inria.astor.core.setup.ConfigurationProperties.print(ConfigurationProperties.java:69) - p:processoutputinfile= false
[INFO ] fr.inria.astor.core.setup.ConfigurationProperties.print(ConfigurationProperties.java:69) - p:location= .
[INFO ] fr.inria.astor.core.setup.ConfigurationProperties.print(ConfigurationProperties.java:69) - p:probabilistictransformation= true
[INFO ] fr.inria.astor.core.setup.ConfigurationProperties.print(ConfigurationProperties.java:69) - p:overridemaxtime= true
[INFO ] fr.inria.astor.core.setup.ConfigurationProperties.print(ConfigurationProperties.java:69) - p:allpoints= false
[INFO ] fr.inria.astor.core.setup.ConfigurationProperties.print(ConfigurationProperties.java:69) - p:bugId= 280
[INFO ] fr.inria.astor.core.setup.ConfigurationProperties.print(ConfigurationProperties.java:69) - p:evosuitetimeout= 120
[INFO ] fr.inria.astor.core.setup.ConfigurationProperties.print(ConfigurationProperties.java:69) - p:nrPlaceholders= 1
[INFO ] fr.inria.astor.core.setup.ConfigurationProperties.print(ConfigurationProperties.java:69) - p:forcesubprocesskilling= true
[INFO ] fr.inria.astor.core.setup.ConfigurationProperties.print(ConfigurationProperties.java:71) - ----------------------------
[INFO ] fr.inria.astor.core.solutionsearch.ExhaustiveSearchEngine.startEvolution(ExhaustiveSearchEngine.java:59) - mod_point MP=org.apache.commons.math4.exception.util.ExceptionContext line: 179, pointed element: CtIfImpl
[INFO ] fr.inria.astor.core.solutionsearch.ExhaustiveSearchEngine.startEvolution(ExhaustiveSearchEngine.java:60) - -->op: OP_INSTANCE:
IfExpresionMutOp:(spoon.support.reflect.code.CtBinaryOperatorImpl) `(++count) < len ` -topatch--> `(++count) == len` (spoon.support.reflect.code.CtBinaryOperatorImpl) 
[INFO ] fr.inria.astor.core.solutionsearch.ExhaustiveSearchEngine.startEvolution(ExhaustiveSearchEngine.java:59) - mod_point MP=org.apache.commons.math4.exception.util.ExceptionContext line: 179, pointed element: CtIfImpl
[INFO ] fr.inria.astor.core.solutionsearch.ExhaustiveSearchEngine.startEvolution(ExhaustiveSearchEngine.java:60) - -->op: OP_INSTANCE:
IfExpresionMutOp:(spoon.support.reflect.code.CtBinaryOperatorImpl) `(++count) < len ` -topatch--> `(++count) != len` (spoon.support.reflect.code.CtBinaryOperatorImpl) 
[INFO ] fr.inria.astor.core.solutionsearch.ExhaustiveSearchEngine.startEvolution(ExhaustiveSearchEngine.java:59) - mod_point MP=org.apache.commons.math4.exception.util.ExceptionContext line: 179, pointed element: CtIfImpl
[INFO ] fr.inria.astor.core.solutionsearch.ExhaustiveSearchEngine.startEvolution(ExhaustiveSearchEngine.java:60) - -->op: OP_INSTANCE:
IfExpresionMutOp:(spoon.support.reflect.code.CtBinaryOperatorImpl) `(++count) < len ` -topatch--> `(++count) >= len` (spoon.support.reflect.code.CtBinaryOperatorImpl) 
[INFO ] fr.inria.astor.core.solutionsearch.ExhaustiveSearchEngine.startEvolution(ExhaustiveSearchEngine.java:59) - mod_point MP=org.apache.commons.math4.exception.util.ExceptionContext line: 179, pointed element: CtIfImpl
[INFO ] fr.inria.astor.core.solutionsearch.ExhaustiveSearchEngine.startEvolution(ExhaustiveSearchEngine.java:60) - -->op: OP_INSTANCE:
IfExpresionMutOp:(spoon.support.reflect.code.CtBinaryOperatorImpl) `(++count) < len ` -topatch--> `(++count) > len` (spoon.support.reflect.code.CtBinaryOperatorImpl) 
[INFO ] fr.inria.astor.core.solutionsearch.ExhaustiveSearchEngine.startEvolution(ExhaustiveSearchEngine.java:59) - mod_point MP=org.apache.commons.math4.exception.util.ExceptionContext line: 179, pointed element: CtIfImpl
[INFO ] fr.inria.astor.core.solutionsearch.ExhaustiveSearchEngine.startEvolution(ExhaustiveSearchEngine.java:60) - -->op: OP_INSTANCE:
IfExpresionMutOp:(spoon.support.reflect.code.CtBinaryOperatorImpl) `(++count) < len ` -topatch--> `(++count) <= len` (spoon.support.reflect.code.CtBinaryOperatorImpl) 
[INFO ] fr.inria.astor.core.solutionsearch.ExhaustiveSearchEngine.startEvolution(ExhaustiveSearchEngine.java:59) - mod_point MP=org.apache.commons.math4.exception.util.ExceptionContext line: 179, pointed element: CtIfImpl
[INFO ] fr.inria.astor.core.solutionsearch.ExhaustiveSearchEngine.startEvolution(ExhaustiveSearchEngine.java:60) - -->op: OP_INSTANCE:
IfExpresionMutOp:(spoon.support.reflect.code.CtBinaryOperatorImpl) `(++count) < len ` -topatch--> `!                                                                                                   [...]` (spoon.support.reflect.code.CtUnaryOperatorImpl) 
[INFO ] fr.inria.astor.core.solutionsearch.ExhaustiveSearchEngine.startEvolution(ExhaustiveSearchEngine.java:59) - mod_point MP=org.apache.commons.math4.random.EmpiricalDistribution line: 644, pointed element: CtIfImpl
[INFO ] fr.inria.astor.core.solutionsearch.ExhaustiveSearchEngine.startEvolution(ExhaustiveSearchEngine.java:60) - -->op: OP_INSTANCE:
IfExpresionMutOp:(spoon.support.reflect.code.CtBinaryOperatorImpl) `p == 0.0 ` -topatch--> `p != 0.0` (spoon.support.reflect.code.CtBinaryOperatorImpl) 
[INFO ] fr.inria.astor.core.solutionsearch.ExhaustiveSearchEngine.startEvolution(ExhaustiveSearchEngine.java:59) - mod_point MP=org.apache.commons.math4.random.EmpiricalDistribution line: 644, pointed element: CtIfImpl
[INFO ] fr.inria.astor.core.solutionsearch.ExhaustiveSearchEngine.startEvolution(ExhaustiveSearchEngine.java:60) - -->op: OP_INSTANCE:
IfExpresionMutOp:(spoon.support.reflect.code.CtBinaryOperatorImpl) `p == 0.0 ` -topatch--> `p >= 0.0` (spoon.support.reflect.code.CtBinaryOperatorImpl) 
[INFO ] fr.inria.astor.core.solutionsearch.ExhaustiveSearchEngine.startEvolution(ExhaustiveSearchEngine.java:59) - mod_point MP=org.apache.commons.math4.random.EmpiricalDistribution line: 644, pointed element: CtIfImpl
[INFO ] fr.inria.astor.core.solutionsearch.ExhaustiveSearchEngine.startEvolution(ExhaustiveSearchEngine.java:60) - -->op: OP_INSTANCE:
IfExpresionMutOp:(spoon.support.reflect.code.CtBinaryOperatorImpl) `p == 0.0 ` -topatch--> `p > 0.0` (spoon.support.reflect.code.CtBinaryOperatorImpl) 
[INFO ] fr.inria.astor.core.solutionsearch.ExhaustiveSearchEngine.startEvolution(ExhaustiveSearchEngine.java:59) - mod_point MP=org.apache.commons.math4.random.EmpiricalDistribution line: 644, pointed element: CtIfImpl
[INFO ] fr.inria.astor.core.solutionsearch.ExhaustiveSearchEngine.startEvolution(ExhaustiveSearchEngine.java:60) - -->op: OP_INSTANCE:
IfExpresionMutOp:(spoon.support.reflect.code.CtBinaryOperatorImpl) `p == 0.0 ` -topatch--> `p <= 0.0` (spoon.support.reflect.code.CtBinaryOperatorImpl) 
[INFO ] fr.inria.astor.core.solutionsearch.ExhaustiveSearchEngine.startEvolution(ExhaustiveSearchEngine.java:59) - mod_point MP=org.apache.commons.math4.random.EmpiricalDistribution line: 644, pointed element: CtIfImpl
[INFO ] fr.inria.astor.core.solutionsearch.ExhaustiveSearchEngine.startEvolution(ExhaustiveSearchEngine.java:60) - -->op: OP_INSTANCE:
IfExpresionMutOp:(spoon.support.reflect.code.CtBinaryOperatorImpl) `p == 0.0 ` -topatch--> `p < 0.0` (spoon.support.reflect.code.CtBinaryOperatorImpl) 
[INFO ] fr.inria.astor.core.solutionsearch.ExhaustiveSearchEngine.startEvolution(ExhaustiveSearchEngine.java:59) - mod_point MP=org.apache.commons.math4.random.EmpiricalDistribution line: 644, pointed element: CtIfImpl
[INFO ] fr.inria.astor.core.solutionsearch.ExhaustiveSearchEngine.startEvolution(ExhaustiveSearchEngine.java:60) - -->op: OP_INSTANCE:
IfExpresionMutOp:(spoon.support.reflect.code.CtBinaryOperatorImpl) `p == 0.0 ` -topatch--> `!                                                                                                   [...]` (spoon.support.reflect.code.CtUnaryOperatorImpl) 
[INFO ] fr.inria.astor.core.solutionsearch.ExhaustiveSearchEngine.startEvolution(ExhaustiveSearchEngine.java:59) - mod_point MP=org.apache.commons.math4.random.EmpiricalDistribution line: 648, pointed element: CtIfImpl
[INFO ] fr.inria.astor.core.solutionsearch.ExhaustiveSearchEngine.startEvolution(ExhaustiveSearchEngine.java:60) - -->op: OP_INSTANCE:
IfExpresionMutOp:(spoon.support.reflect.code.CtBinaryOperatorImpl) `p == 1.0 ` -topatch--> `p != 1.0` (spoon.support.reflect.code.CtBinaryOperatorImpl) 
[INFO ] fr.inria.astor.core.solutionsearch.ExhaustiveSearchEngine.startEvolution(ExhaustiveSearchEngine.java:59) - mod_point MP=org.apache.commons.math4.random.EmpiricalDistribution line: 648, pointed element: CtIfImpl
[INFO ] fr.inria.astor.core.solutionsearch.ExhaustiveSearchEngine.startEvolution(ExhaustiveSearchEngine.java:60) - -->op: OP_INSTANCE:
IfExpresionMutOp:(spoon.support.reflect.code.CtBinaryOperatorImpl) `p == 1.0 ` -topatch--> `p >= 1.0` (spoon.support.reflect.code.CtBinaryOperatorImpl) 
[INFO ] fr.inria.astor.core.solutionsearch.ExhaustiveSearchEngine.startEvolution(ExhaustiveSearchEngine.java:59) - mod_point MP=org.apache.commons.math4.random.EmpiricalDistribution line: 648, pointed element: CtIfImpl
[INFO ] fr.inria.astor.core.solutionsearch.ExhaustiveSearchEngine.startEvolution(ExhaustiveSearchEngine.java:60) - -->op: OP_INSTANCE:
IfExpresionMutOp:(spoon.support.reflect.code.CtBinaryOperatorImpl) `p == 1.0 ` -topatch--> `p > 1.0` (spoon.support.reflect.code.CtBinaryOperatorImpl) 
[INFO ] fr.inria.astor.core.solutionsearch.ExhaustiveSearchEngine.startEvolution(ExhaustiveSearchEngine.java:59) - mod_point MP=org.apache.commons.math4.random.EmpiricalDistribution line: 648, pointed element: CtIfImpl
[INFO ] fr.inria.astor.core.solutionsearch.ExhaustiveSearchEngine.startEvolution(ExhaustiveSearchEngine.java:60) - -->op: OP_INSTANCE:
IfExpresionMutOp:(spoon.support.reflect.code.CtBinaryOperatorImpl) `p == 1.0 ` -topatch--> `p <= 1.0` (spoon.support.reflect.code.CtBinaryOperatorImpl) 
[INFO ] fr.inria.astor.core.solutionsearch.ExhaustiveSearchEngine.startEvolution(ExhaustiveSearchEngine.java:59) - mod_point MP=org.apache.commons.math4.random.EmpiricalDistribution line: 648, pointed element: CtIfImpl
[INFO ] fr.inria.astor.core.solutionsearch.ExhaustiveSearchEngine.startEvolution(ExhaustiveSearchEngine.java:60) - -->op: OP_INSTANCE:
IfExpresionMutOp:(spoon.support.reflect.code.CtBinaryOperatorImpl) `p == 1.0 ` -topatch--> `p < 1.0` (spoon.support.reflect.code.CtBinaryOperatorImpl) 
[INFO ] fr.inria.astor.core.solutionsearch.ExhaustiveSearchEngine.startEvolution(ExhaustiveSearchEngine.java:59) - mod_point MP=org.apache.commons.math4.random.EmpiricalDistribution line: 648, pointed element: CtIfImpl
[INFO ] fr.inria.astor.core.solutionsearch.ExhaustiveSearchEngine.startEvolution(ExhaustiveSearchEngine.java:60) - -->op: OP_INSTANCE:
IfExpresionMutOp:(spoon.support.reflect.code.CtBinaryOperatorImpl) `p == 1.0 ` -topatch--> `!                                                                                                   [...]` (spoon.support.reflect.code.CtUnaryOperatorImpl) 
[INFO ] fr.inria.astor.core.solutionsearch.ExhaustiveSearchEngine.startEvolution(ExhaustiveSearchEngine.java:59) - mod_point MP=org.apache.commons.math4.random.EmpiricalDistribution line: 640, pointed element: CtIfImpl
[INFO ] fr.inria.astor.core.solutionsearch.ExhaustiveSearchEngine.startEvolution(ExhaustiveSearchEngine.java:60) - -->op: OP_INSTANCE:
IfExpresionMutOp:(spoon.support.reflect.code.CtBinaryOperatorImpl) `(p < 0.0) || (p > 1.0) ` -topatch--> `(p < 0.0) && (p > 1.0)` (spoon.support.reflect.code.CtBinaryOperatorImpl) 
[INFO ] fr.inria.astor.core.solutionsearch.ExhaustiveSearchEngine.startEvolution(ExhaustiveSearchEngine.java:59) - mod_point MP=org.apache.commons.math4.random.EmpiricalDistribution line: 640, pointed element: CtIfImpl
[INFO ] fr.inria.astor.core.solutionsearch.ExhaustiveSearchEngine.startEvolution(ExhaustiveSearchEngine.java:60) - -->op: OP_INSTANCE:
IfExpresionMutOp:(spoon.support.reflect.code.CtBinaryOperatorImpl) `(p < 0.0) || (p > 1.0) ` -topatch--> `(                                                                                                   [...]` (spoon.support.reflect.code.CtBinaryOperatorImpl) 
[INFO ] fr.inria.astor.core.solutionsearch.ExhaustiveSearchEngine.startEvolution(ExhaustiveSearchEngine.java:59) - mod_point MP=org.apache.commons.math4.random.EmpiricalDistribution line: 640, pointed element: CtIfImpl
[INFO ] fr.inria.astor.core.solutionsearch.ExhaustiveSearchEngine.startEvolution(ExhaustiveSearchEngine.java:60) - -->op: OP_INSTANCE:
IfExpresionMutOp:(spoon.support.reflect.code.CtBinaryOperatorImpl) `(p < 0.0) || (p > 1.0) ` -topatch--> `(                                                                                                   [...]` (spoon.support.reflect.code.CtBinaryOperatorImpl) 
[INFO ] fr.inria.astor.core.solutionsearch.ExhaustiveSearchEngine.startEvolution(ExhaustiveSearchEngine.java:59) - mod_point MP=org.apache.commons.math4.random.EmpiricalDistribution line: 640, pointed element: CtIfImpl
[INFO ] fr.inria.astor.core.solutionsearch.ExhaustiveSearchEngine.startEvolution(ExhaustiveSearchEngine.java:60) - -->op: OP_INSTANCE:
IfExpresionMutOp:(spoon.support.reflect.code.CtBinaryOperatorImpl) `(p < 0.0) || (p > 1.0) ` -topatch--> `(                                                                                                   [...]` (spoon.support.reflect.code.CtBinaryOperatorImpl) 
[INFO ] fr.inria.astor.core.solutionsearch.ExhaustiveSearchEngine.startEvolution(ExhaustiveSearchEngine.java:59) - mod_point MP=org.apache.commons.math4.random.EmpiricalDistribution line: 640, pointed element: CtIfImpl
[INFO ] fr.inria.astor.core.solutionsearch.ExhaustiveSearchEngine.startEvolution(ExhaustiveSearchEngine.java:60) - -->op: OP_INSTANCE:
IfExpresionMutOp:(spoon.support.reflect.code.CtBinaryOperatorImpl) `(p < 0.0) || (p > 1.0) ` -topatch--> `(                                                                                                   [...]` (spoon.support.reflect.code.CtBinaryOperatorImpl) 
[INFO ] fr.inria.astor.core.solutionsearch.ExhaustiveSearchEngine.startEvolution(ExhaustiveSearchEngine.java:59) - mod_point MP=org.apache.commons.math4.random.EmpiricalDistribution line: 640, pointed element: CtIfImpl
[INFO ] fr.inria.astor.core.solutionsearch.ExhaustiveSearchEngine.startEvolution(ExhaustiveSearchEngine.java:60) - -->op: OP_INSTANCE:
IfExpresionMutOp:(spoon.support.reflect.code.CtBinaryOperatorImpl) `(p < 0.0) || (p > 1.0) ` -topatch--> `(                                                                                                   [...]` (spoon.support.reflect.code.CtBinaryOperatorImpl) 
[INFO ] fr.inria.astor.core.solutionsearch.ExhaustiveSearchEngine.startEvolution(ExhaustiveSearchEngine.java:59) - mod_point MP=org.apache.commons.math4.random.EmpiricalDistribution line: 640, pointed element: CtIfImpl
[INFO ] fr.inria.astor.core.solutionsearch.ExhaustiveSearchEngine.startEvolution(ExhaustiveSearchEngine.java:60) - -->op: OP_INSTANCE:
IfExpresionMutOp:(spoon.support.reflect.code.CtBinaryOperatorImpl) `(p < 0.0) || (p > 1.0) ` -topatch--> `(!                                                                                                  [...]` (spoon.support.reflect.code.CtBinaryOperatorImpl) 
[INFO ] fr.inria.astor.core.solutionsearch.ExhaustiveSearchEngine.startEvolution(ExhaustiveSearchEngine.java:59) - mod_point MP=org.apache.commons.math4.random.EmpiricalDistribution line: 640, pointed element: CtIfImpl
[INFO ] fr.inria.astor.core.solutionsearch.ExhaustiveSearchEngine.startEvolution(ExhaustiveSearchEngine.java:60) - -->op: OP_INSTANCE:
IfExpresionMutOp:(spoon.support.reflect.code.CtBinaryOperatorImpl) `(p < 0.0) || (p > 1.0) ` -topatch--> `(p < 0.0) || (p == 1.0)` (spoon.support.reflect.code.CtBinaryOperatorImpl) 
[INFO ] fr.inria.astor.core.solutionsearch.ExhaustiveSearchEngine.startEvolution(ExhaustiveSearchEngine.java:59) - mod_point MP=org.apache.commons.math4.random.EmpiricalDistribution line: 640, pointed element: CtIfImpl
[INFO ] fr.inria.astor.core.solutionsearch.ExhaustiveSearchEngine.startEvolution(ExhaustiveSearchEngine.java:60) - -->op: OP_INSTANCE:
IfExpresionMutOp:(spoon.support.reflect.code.CtBinaryOperatorImpl) `(p < 0.0) || (p > 1.0) ` -topatch--> `(p < 0.0) || (p != 1.0)` (spoon.support.reflect.code.CtBinaryOperatorImpl) 
[INFO ] fr.inria.astor.core.solutionsearch.ExhaustiveSearchEngine.startEvolution(ExhaustiveSearchEngine.java:59) - mod_point MP=org.apache.commons.math4.random.EmpiricalDistribution line: 640, pointed element: CtIfImpl
[INFO ] fr.inria.astor.core.solutionsearch.ExhaustiveSearchEngine.startEvolution(ExhaustiveSearchEngine.java:60) - -->op: OP_INSTANCE:
IfExpresionMutOp:(spoon.support.reflect.code.CtBinaryOperatorImpl) `(p < 0.0) || (p > 1.0) ` -topatch--> `(p < 0.0) || (p >= 1.0)` (spoon.support.reflect.code.CtBinaryOperatorImpl) 
[INFO ] fr.inria.astor.core.solutionsearch.ExhaustiveSearchEngine.startEvolution(ExhaustiveSearchEngine.java:59) - mod_point MP=org.apache.commons.math4.random.EmpiricalDistribution line: 640, pointed element: CtIfImpl
[INFO ] fr.inria.astor.core.solutionsearch.ExhaustiveSearchEngine.startEvolution(ExhaustiveSearchEngine.java:60) - -->op: OP_INSTANCE:
IfExpresionMutOp:(spoon.support.reflect.code.CtBinaryOperatorImpl) `(p < 0.0) || (p > 1.0) ` -topatch--> `(p < 0.0) || (p <= 1.0)` (spoon.support.reflect.code.CtBinaryOperatorImpl) 
[INFO ] fr.inria.astor.core.solutionsearch.ExhaustiveSearchEngine.startEvolution(ExhaustiveSearchEngine.java:59) - mod_point MP=org.apache.commons.math4.random.EmpiricalDistribution line: 640, pointed element: CtIfImpl
[INFO ] fr.inria.astor.core.solutionsearch.ExhaustiveSearchEngine.startEvolution(ExhaustiveSearchEngine.java:60) - -->op: OP_INSTANCE:
IfExpresionMutOp:(spoon.support.reflect.code.CtBinaryOperatorImpl) `(p < 0.0) || (p > 1.0) ` -topatch--> `(p < 0.0) || (p < 1.0)` (spoon.support.reflect.code.CtBinaryOperatorImpl) 
[INFO ] fr.inria.astor.core.solutionsearch.ExhaustiveSearchEngine.startEvolution(ExhaustiveSearchEngine.java:59) - mod_point MP=org.apache.commons.math4.random.EmpiricalDistribution line: 640, pointed element: CtIfImpl
[INFO ] fr.inria.astor.core.solutionsearch.ExhaustiveSearchEngine.startEvolution(ExhaustiveSearchEngine.java:60) - -->op: OP_INSTANCE:
IfExpresionMutOp:(spoon.support.reflect.code.CtBinaryOperatorImpl) `(p < 0.0) || (p > 1.0) ` -topatch--> `(p < 0.0) || (!(p > 1.0))` (spoon.support.reflect.code.CtBinaryOperatorImpl) 
[INFO ] fr.inria.astor.core.solutionsearch.ExhaustiveSearchEngine.startEvolution(ExhaustiveSearchEngine.java:59) - mod_point MP=org.apache.commons.math4.random.EmpiricalDistribution line: 640, pointed element: CtIfImpl
[INFO ] fr.inria.astor.core.solutionsearch.ExhaustiveSearchEngine.startEvolution(ExhaustiveSearchEngine.java:60) - -->op: OP_INSTANCE:
IfExpresionMutOp:(spoon.support.reflect.code.CtBinaryOperatorImpl) `(p < 0.0) || (p > 1.0) ` -topatch--> `!                                                                                                   [...]` (spoon.support.reflect.code.CtUnaryOperatorImpl) 
[INFO ] fr.inria.astor.core.solutionsearch.ExhaustiveSearchEngine.startEvolution(ExhaustiveSearchEngine.java:59) - mod_point MP=org.apache.commons.math4.random.EmpiricalDistribution line: 802, pointed element: CtIfImpl
[INFO ] fr.inria.astor.core.solutionsearch.ExhaustiveSearchEngine.startEvolution(ExhaustiveSearchEngine.java:60) - -->op: OP_INSTANCE:
IfExpresionMutOp:(spoon.support.reflect.code.CtBinaryOperatorImpl) `(bStats.getN()) == 1 ` -topatch--> `(bStats.getN()) != 1` (spoon.support.reflect.code.CtBinaryOperatorImpl) 
[INFO ] fr.inria.astor.core.solutionsearch.ExhaustiveSearchEngine.startEvolution(ExhaustiveSearchEngine.java:59) - mod_point MP=org.apache.commons.math4.random.EmpiricalDistribution line: 802, pointed element: CtIfImpl
[INFO ] fr.inria.astor.core.solutionsearch.ExhaustiveSearchEngine.startEvolution(ExhaustiveSearchEngine.java:60) - -->op: OP_INSTANCE:
IfExpresionMutOp:(spoon.support.reflect.code.CtBinaryOperatorImpl) `(bStats.getN()) == 1 ` -topatch--> `(bStats.getN()) >= 1` (spoon.support.reflect.code.CtBinaryOperatorImpl) 
[INFO ] fr.inria.astor.core.solutionsearch.ExhaustiveSearchEngine.startEvolution(ExhaustiveSearchEngine.java:59) - mod_point MP=org.apache.commons.math4.random.EmpiricalDistribution line: 802, pointed element: CtIfImpl
[INFO ] fr.inria.astor.core.solutionsearch.ExhaustiveSearchEngine.startEvolution(ExhaustiveSearchEngine.java:60) - -->op: OP_INSTANCE:
IfExpresionMutOp:(spoon.support.reflect.code.CtBinaryOperatorImpl) `(bStats.getN()) == 1 ` -topatch--> `(bStats.getN()) > 1` (spoon.support.reflect.code.CtBinaryOperatorImpl) 
[INFO ] fr.inria.astor.core.solutionsearch.ExhaustiveSearchEngine.startEvolution(ExhaustiveSearchEngine.java:59) - mod_point MP=org.apache.commons.math4.random.EmpiricalDistribution line: 802, pointed element: CtIfImpl
[INFO ] fr.inria.astor.core.solutionsearch.ExhaustiveSearchEngine.startEvolution(ExhaustiveSearchEngine.java:60) - -->op: OP_INSTANCE:
IfExpresionMutOp:(spoon.support.reflect.code.CtBinaryOperatorImpl) `(bStats.getN()) == 1 ` -topatch--> `(bStats.getN()) <= 1` (spoon.support.reflect.code.CtBinaryOperatorImpl) 
[INFO ] fr.inria.astor.core.solutionsearch.ExhaustiveSearchEngine.startEvolution(ExhaustiveSearchEngine.java:59) - mod_point MP=org.apache.commons.math4.random.EmpiricalDistribution line: 802, pointed element: CtIfImpl
[INFO ] fr.inria.astor.core.solutionsearch.ExhaustiveSearchEngine.startEvolution(ExhaustiveSearchEngine.java:60) - -->op: OP_INSTANCE:
IfExpresionMutOp:(spoon.support.reflect.code.CtBinaryOperatorImpl) `(bStats.getN()) == 1 ` -topatch--> `(bStats.getN()) < 1` (spoon.support.reflect.code.CtBinaryOperatorImpl) 
[INFO ] fr.inria.astor.core.solutionsearch.ExhaustiveSearchEngine.startEvolution(ExhaustiveSearchEngine.java:59) - mod_point MP=org.apache.commons.math4.random.EmpiricalDistribution line: 802, pointed element: CtIfImpl
[INFO ] fr.inria.astor.core.solutionsearch.ExhaustiveSearchEngine.startEvolution(ExhaustiveSearchEngine.java:60) - -->op: OP_INSTANCE:
IfExpresionMutOp:(spoon.support.reflect.code.CtBinaryOperatorImpl) `(bStats.getN()) == 1 ` -topatch--> `!                                                                                                   [...]` (spoon.support.reflect.code.CtUnaryOperatorImpl) 
[INFO ] fr.inria.astor.core.solutionsearch.ExhaustiveSearchEngine.startEvolution(ExhaustiveSearchEngine.java:59) - mod_point MP=org.apache.commons.math4.random.EmpiricalDistribution line: 407, pointed element: CtIfImpl
[INFO ] fr.inria.astor.core.solutionsearch.ExhaustiveSearchEngine.startEvolution(ExhaustiveSearchEngine.java:60) - -->op: OP_INSTANCE:
IfExpresionMutOp:(spoon.support.reflect.code.CtUnaryOperatorImpl) `!(binStats.isEmpty()) ` -topatch--> `this.binStats.isEmpty()` (spoon.support.reflect.code.CtInvocationImpl) 
[INFO ] fr.inria.astor.core.solutionsearch.ExhaustiveSearchEngine.startEvolution(ExhaustiveSearchEngine.java:59) - mod_point MP=org.apache.commons.math4.distribution.NormalDistribution line: 213, pointed element: CtIfImpl
[INFO ] fr.inria.astor.core.solutionsearch.ExhaustiveSearchEngine.startEvolution(ExhaustiveSearchEngine.java:60) - -->op: OP_INSTANCE:
IfExpresionMutOp:(spoon.support.reflect.code.CtBinaryOperatorImpl) `x0 > x1 ` -topatch--> `x0 == x1` (spoon.support.reflect.code.CtBinaryOperatorImpl) 
[INFO ] fr.inria.astor.core.solutionsearch.ExhaustiveSearchEngine.startEvolution(ExhaustiveSearchEngine.java:59) - mod_point MP=org.apache.commons.math4.distribution.NormalDistribution line: 213, pointed element: CtIfImpl
[INFO ] fr.inria.astor.core.solutionsearch.ExhaustiveSearchEngine.startEvolution(ExhaustiveSearchEngine.java:60) - -->op: OP_INSTANCE:
IfExpresionMutOp:(spoon.support.reflect.code.CtBinaryOperatorImpl) `x0 > x1 ` -topatch--> `x0 != x1` (spoon.support.reflect.code.CtBinaryOperatorImpl) 
[INFO ] fr.inria.astor.core.solutionsearch.ExhaustiveSearchEngine.startEvolution(ExhaustiveSearchEngine.java:59) - mod_point MP=org.apache.commons.math4.distribution.NormalDistribution line: 213, pointed element: CtIfImpl
[INFO ] fr.inria.astor.core.solutionsearch.ExhaustiveSearchEngine.startEvolution(ExhaustiveSearchEngine.java:60) - -->op: OP_INSTANCE:
IfExpresionMutOp:(spoon.support.reflect.code.CtBinaryOperatorImpl) `x0 > x1 ` -topatch--> `x0 >= x1` (spoon.support.reflect.code.CtBinaryOperatorImpl) 
[INFO ] fr.inria.astor.core.solutionsearch.ExhaustiveSearchEngine.startEvolution(ExhaustiveSearchEngine.java:59) - mod_point MP=org.apache.commons.math4.distribution.NormalDistribution line: 213, pointed element: CtIfImpl
[INFO ] fr.inria.astor.core.solutionsearch.ExhaustiveSearchEngine.startEvolution(ExhaustiveSearchEngine.java:60) - -->op: OP_INSTANCE:
IfExpresionMutOp:(spoon.support.reflect.code.CtBinaryOperatorImpl) `x0 > x1 ` -topatch--> `x0 <= x1` (spoon.support.reflect.code.CtBinaryOperatorImpl) 
[INFO ] fr.inria.astor.core.solutionsearch.ExhaustiveSearchEngine.startEvolution(ExhaustiveSearchEngine.java:59) - mod_point MP=org.apache.commons.math4.distribution.NormalDistribution line: 213, pointed element: CtIfImpl
[INFO ] fr.inria.astor.core.solutionsearch.ExhaustiveSearchEngine.startEvolution(ExhaustiveSearchEngine.java:60) - -->op: OP_INSTANCE:
IfExpresionMutOp:(spoon.support.reflect.code.CtBinaryOperatorImpl) `x0 > x1 ` -topatch--> `x0 < x1` (spoon.support.reflect.code.CtBinaryOperatorImpl) 
[INFO ] fr.inria.astor.core.solutionsearch.ExhaustiveSearchEngine.startEvolution(ExhaustiveSearchEngine.java:59) - mod_point MP=org.apache.commons.math4.distribution.NormalDistribution line: 213, pointed element: CtIfImpl
[INFO ] fr.inria.astor.core.solutionsearch.ExhaustiveSearchEngine.startEvolution(ExhaustiveSearchEngine.java:60) - -->op: OP_INSTANCE:
IfExpresionMutOp:(spoon.support.reflect.code.CtBinaryOperatorImpl) `x0 > x1 ` -topatch--> `!                                                                                                   [...]` (spoon.support.reflect.code.CtUnaryOperatorImpl) 
[INFO ] fr.inria.astor.core.solutionsearch.ExhaustiveSearchEngine.startEvolution(ExhaustiveSearchEngine.java:59) - mod_point MP=org.apache.commons.math4.special.Erf line: 115, pointed element: CtIfImpl
[INFO ] fr.inria.astor.core.solutionsearch.ExhaustiveSearchEngine.startEvolution(ExhaustiveSearchEngine.java:60) - -->op: OP_INSTANCE:
IfExpresionMutOp:(spoon.support.reflect.code.CtBinaryOperatorImpl) `x1 > x2 ` -topatch--> `x1 == x2` (spoon.support.reflect.code.CtBinaryOperatorImpl) 
[INFO ] fr.inria.astor.core.solutionsearch.ExhaustiveSearchEngine.startEvolution(ExhaustiveSearchEngine.java:59) - mod_point MP=org.apache.commons.math4.special.Erf line: 115, pointed element: CtIfImpl
[INFO ] fr.inria.astor.core.solutionsearch.ExhaustiveSearchEngine.startEvolution(ExhaustiveSearchEngine.java:60) - -->op: OP_INSTANCE:
IfExpresionMutOp:(spoon.support.reflect.code.CtBinaryOperatorImpl) `x1 > x2 ` -topatch--> `x1 != x2` (spoon.support.reflect.code.CtBinaryOperatorImpl) 
[INFO ] fr.inria.astor.core.solutionsearch.ExhaustiveSearchEngine.startEvolution(ExhaustiveSearchEngine.java:59) - mod_point MP=org.apache.commons.math4.special.Erf line: 115, pointed element: CtIfImpl
[INFO ] fr.inria.astor.core.solutionsearch.ExhaustiveSearchEngine.startEvolution(ExhaustiveSearchEngine.java:60) - -->op: OP_INSTANCE:
IfExpresionMutOp:(spoon.support.reflect.code.CtBinaryOperatorImpl) `x1 > x2 ` -topatch--> `x1 >= x2` (spoon.support.reflect.code.CtBinaryOperatorImpl) 
[INFO ] fr.inria.astor.core.solutionsearch.ExhaustiveSearchEngine.startEvolution(ExhaustiveSearchEngine.java:59) - mod_point MP=org.apache.commons.math4.special.Erf line: 115, pointed element: CtIfImpl
[INFO ] fr.inria.astor.core.solutionsearch.ExhaustiveSearchEngine.startEvolution(ExhaustiveSearchEngine.java:60) - -->op: OP_INSTANCE:
IfExpresionMutOp:(spoon.support.reflect.code.CtBinaryOperatorImpl) `x1 > x2 ` -topatch--> `x1 <= x2` (spoon.support.reflect.code.CtBinaryOperatorImpl) 
[INFO ] fr.inria.astor.core.solutionsearch.ExhaustiveSearchEngine.startEvolution(ExhaustiveSearchEngine.java:59) - mod_point MP=org.apache.commons.math4.special.Erf line: 115, pointed element: CtIfImpl
[INFO ] fr.inria.astor.core.solutionsearch.ExhaustiveSearchEngine.startEvolution(ExhaustiveSearchEngine.java:60) - -->op: OP_INSTANCE:
IfExpresionMutOp:(spoon.support.reflect.code.CtBinaryOperatorImpl) `x1 > x2 ` -topatch--> `x1 < x2` (spoon.support.reflect.code.CtBinaryOperatorImpl) 
[INFO ] fr.inria.astor.core.solutionsearch.ExhaustiveSearchEngine.startEvolution(ExhaustiveSearchEngine.java:59) - mod_point MP=org.apache.commons.math4.special.Erf line: 115, pointed element: CtIfImpl
[INFO ] fr.inria.astor.core.solutionsearch.ExhaustiveSearchEngine.startEvolution(ExhaustiveSearchEngine.java:60) - -->op: OP_INSTANCE:
IfExpresionMutOp:(spoon.support.reflect.code.CtBinaryOperatorImpl) `x1 > x2 ` -topatch--> `!                                                                                                   [...]` (spoon.support.reflect.code.CtUnaryOperatorImpl) 
[INFO ] fr.inria.astor.core.solutionsearch.ExhaustiveSearchEngine.startEvolution(ExhaustiveSearchEngine.java:59) - mod_point MP=org.apache.commons.math4.special.Erf line: 97, pointed element: CtIfImpl
[INFO ] fr.inria.astor.core.solutionsearch.ExhaustiveSearchEngine.startEvolution(ExhaustiveSearchEngine.java:60) - -->op: OP_INSTANCE:
IfExpresionMutOp:(spoon.support.reflect.code.CtBinaryOperatorImpl) `(org.apache.commons.math4.util.FastMath.abs(x)) > 40 ` -topatch--> `(org.apache.commons.math4.util.FastMath.abs(x)) == 40` (spoon.support.reflect.code.CtBinaryOperatorImpl) 
[INFO ] fr.inria.astor.core.solutionsearch.ExhaustiveSearchEngine.startEvolution(ExhaustiveSearchEngine.java:59) - mod_point MP=org.apache.commons.math4.special.Erf line: 97, pointed element: CtIfImpl
[INFO ] fr.inria.astor.core.solutionsearch.ExhaustiveSearchEngine.startEvolution(ExhaustiveSearchEngine.java:60) - -->op: OP_INSTANCE:
IfExpresionMutOp:(spoon.support.reflect.code.CtBinaryOperatorImpl) `(org.apache.commons.math4.util.FastMath.abs(x)) > 40 ` -topatch--> `(org.apache.commons.math4.util.FastMath.abs(x)) != 40` (spoon.support.reflect.code.CtBinaryOperatorImpl) 
[INFO ] fr.inria.astor.core.solutionsearch.ExhaustiveSearchEngine.startEvolution(ExhaustiveSearchEngine.java:59) - mod_point MP=org.apache.commons.math4.special.Erf line: 97, pointed element: CtIfImpl
[INFO ] fr.inria.astor.core.solutionsearch.ExhaustiveSearchEngine.startEvolution(ExhaustiveSearchEngine.java:60) - -->op: OP_INSTANCE:
IfExpresionMutOp:(spoon.support.reflect.code.CtBinaryOperatorImpl) `(org.apache.commons.math4.util.FastMath.abs(x)) > 40 ` -topatch--> `(org.apache.commons.math4.util.FastMath.abs(x)) >= 40` (spoon.support.reflect.code.CtBinaryOperatorImpl) 
[INFO ] fr.inria.astor.core.solutionsearch.ExhaustiveSearchEngine.startEvolution(ExhaustiveSearchEngine.java:59) - mod_point MP=org.apache.commons.math4.special.Erf line: 97, pointed element: CtIfImpl
[INFO ] fr.inria.astor.core.solutionsearch.ExhaustiveSearchEngine.startEvolution(ExhaustiveSearchEngine.java:60) - -->op: OP_INSTANCE:
IfExpresionMutOp:(spoon.support.reflect.code.CtBinaryOperatorImpl) `(org.apache.commons.math4.util.FastMath.abs(x)) > 40 ` -topatch--> `(org.apache.commons.math4.util.FastMath.abs(x)) <= 40` (spoon.support.reflect.code.CtBinaryOperatorImpl) 
[INFO ] fr.inria.astor.core.solutionsearch.ExhaustiveSearchEngine.startEvolution(ExhaustiveSearchEngine.java:59) - mod_point MP=org.apache.commons.math4.special.Erf line: 97, pointed element: CtIfImpl
[INFO ] fr.inria.astor.core.solutionsearch.ExhaustiveSearchEngine.startEvolution(ExhaustiveSearchEngine.java:60) - -->op: OP_INSTANCE:
IfExpresionMutOp:(spoon.support.reflect.code.CtBinaryOperatorImpl) `(org.apache.commons.math4.util.FastMath.abs(x)) > 40 ` -topatch--> `(org.apache.commons.math4.util.FastMath.abs(x)) < 40` (spoon.support.reflect.code.CtBinaryOperatorImpl) 
[INFO ] fr.inria.astor.core.solutionsearch.ExhaustiveSearchEngine.startEvolution(ExhaustiveSearchEngine.java:59) - mod_point MP=org.apache.commons.math4.special.Erf line: 97, pointed element: CtIfImpl
[INFO ] fr.inria.astor.core.solutionsearch.ExhaustiveSearchEngine.startEvolution(ExhaustiveSearchEngine.java:60) - -->op: OP_INSTANCE:
IfExpresionMutOp:(spoon.support.reflect.code.CtBinaryOperatorImpl) `(org.apache.commons.math4.util.FastMath.abs(x)) > 40 ` -topatch--> `!                                                                                                ((o[...]` (spoon.support.reflect.code.CtUnaryOperatorImpl) 
[INFO ] fr.inria.astor.core.solutionsearch.ExhaustiveSearchEngine.startEvolution(ExhaustiveSearchEngine.java:59) - mod_point MP=org.apache.commons.math4.special.Erf line: 66, pointed element: CtIfImpl
[INFO ] fr.inria.astor.core.solutionsearch.ExhaustiveSearchEngine.startEvolution(ExhaustiveSearchEngine.java:60) - -->op: OP_INSTANCE:
IfExpresionMutOp:(spoon.support.reflect.code.CtBinaryOperatorImpl) `(org.apache.commons.math4.util.FastMath.abs(x)) > 40 ` -topatch--> `(org.apache.commons.math4.util.FastMath.abs(x)) == 40` (spoon.support.reflect.code.CtBinaryOperatorImpl) 
[INFO ] fr.inria.astor.core.solutionsearch.ExhaustiveSearchEngine.startEvolution(ExhaustiveSearchEngine.java:59) - mod_point MP=org.apache.commons.math4.special.Erf line: 66, pointed element: CtIfImpl
[INFO ] fr.inria.astor.core.solutionsearch.ExhaustiveSearchEngine.startEvolution(ExhaustiveSearchEngine.java:60) - -->op: OP_INSTANCE:
IfExpresionMutOp:(spoon.support.reflect.code.CtBinaryOperatorImpl) `(org.apache.commons.math4.util.FastMath.abs(x)) > 40 ` -topatch--> `(org.apache.commons.math4.util.FastMath.abs(x)) != 40` (spoon.support.reflect.code.CtBinaryOperatorImpl) 
[INFO ] fr.inria.astor.core.solutionsearch.ExhaustiveSearchEngine.startEvolution(ExhaustiveSearchEngine.java:59) - mod_point MP=org.apache.commons.math4.special.Erf line: 66, pointed element: CtIfImpl
[INFO ] fr.inria.astor.core.solutionsearch.ExhaustiveSearchEngine.startEvolution(ExhaustiveSearchEngine.java:60) - -->op: OP_INSTANCE:
IfExpresionMutOp:(spoon.support.reflect.code.CtBinaryOperatorImpl) `(org.apache.commons.math4.util.FastMath.abs(x)) > 40 ` -topatch--> `(org.apache.commons.math4.util.FastMath.abs(x)) >= 40` (spoon.support.reflect.code.CtBinaryOperatorImpl) 
[INFO ] fr.inria.astor.core.solutionsearch.ExhaustiveSearchEngine.startEvolution(ExhaustiveSearchEngine.java:59) - mod_point MP=org.apache.commons.math4.special.Erf line: 66, pointed element: CtIfImpl
[INFO ] fr.inria.astor.core.solutionsearch.ExhaustiveSearchEngine.startEvolution(ExhaustiveSearchEngine.java:60) - -->op: OP_INSTANCE:
IfExpresionMutOp:(spoon.support.reflect.code.CtBinaryOperatorImpl) `(org.apache.commons.math4.util.FastMath.abs(x)) > 40 ` -topatch--> `(org.apache.commons.math4.util.FastMath.abs(x)) <= 40` (spoon.support.reflect.code.CtBinaryOperatorImpl) 
[INFO ] fr.inria.astor.core.solutionsearch.ExhaustiveSearchEngine.startEvolution(ExhaustiveSearchEngine.java:59) - mod_point MP=org.apache.commons.math4.special.Erf line: 66, pointed element: CtIfImpl
[INFO ] fr.inria.astor.core.solutionsearch.ExhaustiveSearchEngine.startEvolution(ExhaustiveSearchEngine.java:60) - -->op: OP_INSTANCE:
IfExpresionMutOp:(spoon.support.reflect.code.CtBinaryOperatorImpl) `(org.apache.commons.math4.util.FastMath.abs(x)) > 40 ` -topatch--> `(org.apache.commons.math4.util.FastMath.abs(x)) < 40` (spoon.support.reflect.code.CtBinaryOperatorImpl) 
[INFO ] fr.inria.astor.core.solutionsearch.ExhaustiveSearchEngine.startEvolution(ExhaustiveSearchEngine.java:59) - mod_point MP=org.apache.commons.math4.special.Erf line: 66, pointed element: CtIfImpl
[INFO ] fr.inria.astor.core.solutionsearch.ExhaustiveSearchEngine.startEvolution(ExhaustiveSearchEngine.java:60) - -->op: OP_INSTANCE:
IfExpresionMutOp:(spoon.support.reflect.code.CtBinaryOperatorImpl) `(org.apache.commons.math4.util.FastMath.abs(x)) > 40 ` -topatch--> `!                                                                 ((org.apache.commons.math4.util.Fa[...]` (spoon.support.reflect.code.CtUnaryOperatorImpl) 
[INFO ] fr.inria.astor.core.solutionsearch.ExhaustiveSearchEngine.startEvolution(ExhaustiveSearchEngine.java:59) - mod_point MP=org.apache.commons.math4.stat.descriptive.SummaryStatistics line: 218, pointed element: CtIfImpl
[INFO ] fr.inria.astor.core.solutionsearch.ExhaustiveSearchEngine.startEvolution(ExhaustiveSearchEngine.java:60) - -->op: OP_INSTANCE:
IfExpresionMutOp:(spoon.support.reflect.code.CtBinaryOperatorImpl) `(getN()) > 1 ` -topatch--> `(getN()) == 1` (spoon.support.reflect.code.CtBinaryOperatorImpl) 
[INFO ] fr.inria.astor.core.solutionsearch.ExhaustiveSearchEngine.startEvolution(ExhaustiveSearchEngine.java:59) - mod_point MP=org.apache.commons.math4.stat.descriptive.SummaryStatistics line: 218, pointed element: CtIfImpl
[INFO ] fr.inria.astor.core.solutionsearch.ExhaustiveSearchEngine.startEvolution(ExhaustiveSearchEngine.java:60) - -->op: OP_INSTANCE:
IfExpresionMutOp:(spoon.support.reflect.code.CtBinaryOperatorImpl) `(getN()) > 1 ` -topatch--> `(getN()) != 1` (spoon.support.reflect.code.CtBinaryOperatorImpl) 
[INFO ] fr.inria.astor.core.solutionsearch.ExhaustiveSearchEngine.startEvolution(ExhaustiveSearchEngine.java:59) - mod_point MP=org.apache.commons.math4.stat.descriptive.SummaryStatistics line: 218, pointed element: CtIfImpl
[INFO ] fr.inria.astor.core.solutionsearch.ExhaustiveSearchEngine.startEvolution(ExhaustiveSearchEngine.java:60) - -->op: OP_INSTANCE:
IfExpresionMutOp:(spoon.support.reflect.code.CtBinaryOperatorImpl) `(getN()) > 1 ` -topatch--> `(getN()) >= 1` (spoon.support.reflect.code.CtBinaryOperatorImpl) 
[INFO ] fr.inria.astor.core.solutionsearch.ExhaustiveSearchEngine.startEvolution(ExhaustiveSearchEngine.java:59) - mod_point MP=org.apache.commons.math4.stat.descriptive.SummaryStatistics line: 218, pointed element: CtIfImpl
[INFO ] fr.inria.astor.core.solutionsearch.ExhaustiveSearchEngine.startEvolution(ExhaustiveSearchEngine.java:60) - -->op: OP_INSTANCE:
IfExpresionMutOp:(spoon.support.reflect.code.CtBinaryOperatorImpl) `(getN()) > 1 ` -topatch--> `(getN()) <= 1` (spoon.support.reflect.code.CtBinaryOperatorImpl) 
[INFO ] fr.inria.astor.core.solutionsearch.ExhaustiveSearchEngine.startEvolution(ExhaustiveSearchEngine.java:59) - mod_point MP=org.apache.commons.math4.stat.descriptive.SummaryStatistics line: 218, pointed element: CtIfImpl
[INFO ] fr.inria.astor.core.solutionsearch.ExhaustiveSearchEngine.startEvolution(ExhaustiveSearchEngine.java:60) - -->op: OP_INSTANCE:
IfExpresionMutOp:(spoon.support.reflect.code.CtBinaryOperatorImpl) `(getN()) > 1 ` -topatch--> `(getN()) < 1` (spoon.support.reflect.code.CtBinaryOperatorImpl) 
[INFO ] fr.inria.astor.core.solutionsearch.ExhaustiveSearchEngine.startEvolution(ExhaustiveSearchEngine.java:59) - mod_point MP=org.apache.commons.math4.stat.descriptive.SummaryStatistics line: 218, pointed element: CtIfImpl
[INFO ] fr.inria.astor.core.solutionsearch.ExhaustiveSearchEngine.startEvolution(ExhaustiveSearchEngine.java:60) - -->op: OP_INSTANCE:
IfExpresionMutOp:(spoon.support.reflect.code.CtBinaryOperatorImpl) `(getN()) > 1 ` -topatch--> `!                                                                                                   [...]` (spoon.support.reflect.code.CtUnaryOperatorImpl) 
[INFO ] fr.inria.astor.core.solutionsearch.ExhaustiveSearchEngine.startEvolution(ExhaustiveSearchEngine.java:59) - mod_point MP=org.apache.commons.math4.stat.descriptive.SummaryStatistics line: 217, pointed element: CtIfImpl
[INFO ] fr.inria.astor.core.solutionsearch.ExhaustiveSearchEngine.startEvolution(ExhaustiveSearchEngine.java:60) - -->op: OP_INSTANCE:
IfExpresionMutOp:(spoon.support.reflect.code.CtBinaryOperatorImpl) `(getN()) > 0 ` -topatch--> `(getN()) == 0` (spoon.support.reflect.code.CtBinaryOperatorImpl) 
[INFO ] fr.inria.astor.core.solutionsearch.ExhaustiveSearchEngine.startEvolution(ExhaustiveSearchEngine.java:59) - mod_point MP=org.apache.commons.math4.stat.descriptive.SummaryStatistics line: 217, pointed element: CtIfImpl
[INFO ] fr.inria.astor.core.solutionsearch.ExhaustiveSearchEngine.startEvolution(ExhaustiveSearchEngine.java:60) - -->op: OP_INSTANCE:
IfExpresionMutOp:(spoon.support.reflect.code.CtBinaryOperatorImpl) `(getN()) > 0 ` -topatch--> `(getN()) != 0` (spoon.support.reflect.code.CtBinaryOperatorImpl) 
[INFO ] fr.inria.astor.core.solutionsearch.ExhaustiveSearchEngine.startEvolution(ExhaustiveSearchEngine.java:59) - mod_point MP=org.apache.commons.math4.stat.descriptive.SummaryStatistics line: 217, pointed element: CtIfImpl
[INFO ] fr.inria.astor.core.solutionsearch.ExhaustiveSearchEngine.startEvolution(ExhaustiveSearchEngine.java:60) - -->op: OP_INSTANCE:
IfExpresionMutOp:(spoon.support.reflect.code.CtBinaryOperatorImpl) `(getN()) > 0 ` -topatch--> `(getN()) >= 0` (spoon.support.reflect.code.CtBinaryOperatorImpl) 
[INFO ] fr.inria.astor.core.solutionsearch.ExhaustiveSearchEngine.startEvolution(ExhaustiveSearchEngine.java:59) - mod_point MP=org.apache.commons.math4.stat.descriptive.SummaryStatistics line: 217, pointed element: CtIfImpl
[INFO ] fr.inria.astor.core.solutionsearch.ExhaustiveSearchEngine.startEvolution(ExhaustiveSearchEngine.java:60) - -->op: OP_INSTANCE:
IfExpresionMutOp:(spoon.support.reflect.code.CtBinaryOperatorImpl) `(getN()) > 0 ` -topatch--> `(getN()) <= 0` (spoon.support.reflect.code.CtBinaryOperatorImpl) 
[INFO ] fr.inria.astor.core.solutionsearch.ExhaustiveSearchEngine.startEvolution(ExhaustiveSearchEngine.java:59) - mod_point MP=org.apache.commons.math4.stat.descriptive.SummaryStatistics line: 217, pointed element: CtIfImpl
[INFO ] fr.inria.astor.core.solutionsearch.ExhaustiveSearchEngine.startEvolution(ExhaustiveSearchEngine.java:60) - -->op: OP_INSTANCE:
IfExpresionMutOp:(spoon.support.reflect.code.CtBinaryOperatorImpl) `(getN()) > 0 ` -topatch--> `(getN()) < 0` (spoon.support.reflect.code.CtBinaryOperatorImpl) 
[INFO ] fr.inria.astor.core.solutionsearch.ExhaustiveSearchEngine.startEvolution(ExhaustiveSearchEngine.java:59) - mod_point MP=org.apache.commons.math4.stat.descriptive.SummaryStatistics line: 217, pointed element: CtIfImpl
[INFO ] fr.inria.astor.core.solutionsearch.ExhaustiveSearchEngine.startEvolution(ExhaustiveSearchEngine.java:60) - -->op: OP_INSTANCE:
IfExpresionMutOp:(spoon.support.reflect.code.CtBinaryOperatorImpl) `(getN()) > 0 ` -topatch--> `!                                                                                                   [...]` (spoon.support.reflect.code.CtUnaryOperatorImpl) 
[INFO ] fr.inria.astor.core.solutionsearch.AstorCoreEngine.atEnd(AstorCoreEngine.java:168) - Time Repair Loop (s): 324.352
[INFO ] fr.inria.astor.core.solutionsearch.AstorCoreEngine.atEnd(AstorCoreEngine.java:170) - generationsexecuted: 1
[INFO ] fr.inria.astor.core.solutionsearch.AstorCoreEngine.printFinalStatus(AstorCoreEngine.java:234) - 
----SUMMARY_EXECUTION---
[INFO ] fr.inria.astor.core.solutionsearch.AstorCoreEngine.atEnd(AstorCoreEngine.java:184) - 
 --SOLUTIONS DESCRIPTION--


Astor Output:

General stats:
EXECUTION_IDENTIFIER=Commons-Math-4aa4c6d3
TOTAL_TIME=324.352
NR_GENERATIONS=null
NR_RIGHT_COMPILATIONS=75
NR_FAILLING_COMPILATIONS=null
NR_ERRONEOUS_VARIANCES=null
NR_FAILING_VALIDATION_PROCESS=null
OUTPUT_STATUS=EXHAUSTIVE_NAVIGATED

Patch stats:

[INFO ] fr.inria.astor.core.output.PatchJSONStandarOutput.produceOutput(PatchJSONStandarOutput.java:103) - Storing ing JSON at /tmp/jMutRepair_Bug_dot_jar_Commons-Math_4aa4c6d3/./output_astor/AstorMain-Commons-Math-4aa4c6d3//astor_output.json
[INFO ] fr.inria.astor.core.output.PatchJSONStandarOutput.produceOutput(PatchJSONStandarOutput.java:104) - astor_output:
{"general":{"NR_RIGHT_COMPILATIONS":75,"NR_ERRONEOUS_VARIANCES":null,"EXECUTION_IDENTIFIER":"Commons-Math-4aa4c6d3","OUTPUT_STATUS":"EXHAUSTIVE_NAVIGATED","NR_FAILLING_COMPILATIONS":null,"NR_GENERATIONS":null,"TOTAL_TIME":324.352,"NR_FAILING_VALIDATION_PROCESS":null},"patches":[]}
[INFO ] fr.inria.main.evolution.AstorMain.run(AstorMain.java:200) - Time Total(s): 879.474
1217.33user 25.04system 14:40.45elapsed 141%CPU (0avgtext+0avgdata 1597180maxresident)k
85016inputs+91464outputs (30major+12805828minor)pagefaults 0swaps


Node: graphene-18.nancy.grid5000.fr



Date: Tue Feb  5 02:42:21 EST 2019

