cd /tmp/Nopol_IntroClassJava_median_d43d32076778e9cb3a2aa237e806bc00b0eaffde5b75563c9321019a817607f8303e6b982bf49358787264ac38e22026f27bde7e67a87ba43b973c29442f9e93_000;
export JAVA_TOOL_OPTIONS="-Dfile.encoding=UTF8 -Duser.language=en-US -Duser.country=US -Duser.language=en";
TZ="America/New_York"; export TZ;
export PATH="/usr/lib/jvm/java-1.8.0-openjdk-amd64/bin/:$PATH";
export JAVA_HOME="/usr/lib/jvm/java-1.8.0-openjdk-amd64/bin/";
time java -Xmx4048m -cp /home/tdurieux/RepairThemAll/script/../repair_tools/nopol.jar:/usr/lib/jvm/java-1.8.0-openjdk-amd64/bin//../lib/tools.jar fr.inria.lille.repair.Main \
	--mode repair \
	--type pre_then_cond \
	--oracle angelic \
	--synthesis smt \
	--flocal gzoltar \
	--json \
	--solver z3 \
	--solver-path /home/tdurieux/RepairThemAll/script/../libs/z3/build/z3 \
	--complianceLevel 7 \
	--source src/main/java \
	--classpath "target/classes:target/test-classes:/home/tdurieux/.m2/repository/junit/junit/4.11/junit-4.11.jar:/home/tdurieux/.m2/repository/org/hamcrest/hamcrest-core/1.3/hamcrest-core-1.3.jar:/home/tdurieux/RepairThemAll/script/../repair_tools/nopol.jar";
	echo "\n\nNode: `hostname`\n";
	echo "\n\nDate: `date`\n";
Picked up JAVA_TOOL_OPTIONS: -Dfile.encoding=UTF8 -Duser.language=en-US -Duser.country=US -Duser.language=en
15:45:14.537 [main] INFO  fr.inria.lille.repair.nopol.NoPol - Source files: [src/main/java]
15:45:14.548 [main] INFO  fr.inria.lille.repair.nopol.NoPol - Classpath: [file:/tmp/Nopol_IntroClassJava_median_d43d32076778e9cb3a2aa237e806bc00b0eaffde5b75563c9321019a817607f8303e6b982bf49358787264ac38e22026f27bde7e67a87ba43b973c29442f9e93_000/target/classes/, file:/tmp/Nopol_IntroClassJava_median_d43d32076778e9cb3a2aa237e806bc00b0eaffde5b75563c9321019a817607f8303e6b982bf49358787264ac38e22026f27bde7e67a87ba43b973c29442f9e93_000/target/test-classes/, file:/home/tdurieux/.m2/repository/junit/junit/4.11/junit-4.11.jar, file:/home/tdurieux/.m2/repository/org/hamcrest/hamcrest-core/1.3/hamcrest-core-1.3.jar, file:/home/tdurieux/RepairThemAll/script/../repair_tools/nopol.jar]
15:45:14.548 [main] INFO  fr.inria.lille.repair.nopol.NoPol - Statement type: PRE_THEN_COND
15:45:14.548 [main] INFO  fr.inria.lille.repair.nopol.NoPol - Args: [introclassJava.median_d43d3207_000BlackboxTest, introclassJava.median_d43d3207_000WhiteboxTest]
15:45:14.550 [main] INFO  fr.inria.lille.repair.nopol.NoPol - Config: Config{synthesisDepth=3, collectStaticMethods=true, collectStaticFields=false, collectLiterals=false, onlyOneSynthesisResult=true, sortExpressions=true, maxLineInvocationPerTest=250, timeoutMethodInvocation=2000, dataCollectionTimeoutInSecondForSynthesis=900, addWeight=0.19478, subWeight=0.04554, mulWeight=0.0102, divWeight=0.00613, andWeight=0.10597, orWeight=0.05708, eqWeight=0.22798, nEqWeight=0.0, lessEqWeight=0.0255, lessWeight=0.0947, methodCallWeight=0.1, fieldAccessWeight=0.08099, constantWeight=0.14232, variableWeight=0.05195, mode=REPAIR, type=PRE_THEN_COND, synthesis=SMT, oracle=ANGELIC, solver=Z3, solverPath='/home/tdurieux/RepairThemAll/script/../libs/z3/build/z3', projectSources=[src/main/java], projectClasspath='[Ljava.net.URL;@66d33a', projectTests=[introclassJava.median_d43d3207_000BlackboxTest, introclassJava.median_d43d3207_000WhiteboxTest], complianceLevel=7, outputFolder=., json=true}
15:45:14.550 [main] INFO  fr.inria.lille.repair.nopol.NoPol - Available processors (cores): 8
15:45:14.556 [main] INFO  fr.inria.lille.repair.nopol.NoPol - Free memory: 467 MB
15:45:14.557 [main] INFO  fr.inria.lille.repair.nopol.NoPol - Maximum memory: 3 GB
15:45:14.557 [main] INFO  fr.inria.lille.repair.nopol.NoPol - Total memory available to JVM: 483 MB
15:45:14.557 [main] INFO  fr.inria.lille.repair.nopol.NoPol - Java version: 1.8.0_181
15:45:14.558 [main] INFO  fr.inria.lille.repair.nopol.NoPol - JAVA_HOME: /usr/lib/jvm/java-1.8.0-openjdk-amd64/bin/
15:45:14.558 [main] INFO  fr.inria.lille.repair.nopol.NoPol - PATH: /usr/lib/jvm/java-1.8.0-openjdk-amd64/bin/:/usr/lib/oar/oardodo:/usr/lib/oar/oardodo:/usr/local/bin:/usr/bin:/bin:/usr/games
15:45:18.204 [pool-2-thread-1] DEBUG fr.inria.lille.repair.nopol.NoPol - statement #1
15:45:18.205 [pool-2-thread-1] DEBUG fr.inria.lille.repair.nopol.NoPol - Analysing SourceLocation introclassJava.median_d43d3207_000:73 which is executed by 8 tests
-209927666
15:45:18.550 [pool-2-thread-1] DEBUG fr.inria.lille.repair.nopol.NoPol - looking with class fr.inria.lille.repair.nopol.spoon.smt.ConditionalAdder
org.junit.ComparisonFailure: expected:<...rsseparatedbyspaces>[0]isthemedian> but was:<...rsseparatedbyspaces>[1]isthemedian>
    at org.junit.Assert.assertEquals(Assert.java:115)
    at org.junit.Assert.assertEquals(Assert.java:144)
    at introclassJava.median_d43d3207_000WhiteboxTest.test3(median_d43d3207_000WhiteboxTest.java:32)
    at sun.reflect.NativeMethodAccessorImpl.invoke0(Native Method)
    at sun.reflect.NativeMethodAccessorImpl.invoke(NativeMethodAccessorImpl.java:62)
    at sun.reflect.DelegatingMethodAccessorImpl.invoke(DelegatingMethodAccessorImpl.java:43)
15:45:18.601 [pool-4-thread-1] INFO  xxl.java.junit.TestCasesListener - Tests run finished (24 ms)
<> Total tests run: 6
<> Ignored tests: 0
<> Failed tests: 1
~ test3(introclassJava.median_d43d3207_000WhiteboxTest)
[expected:<...rsseparatedbyspaces>[0]isthemedian> but was:<...rsseparatedbyspaces>[1]isthemedian>]
org.junit.ComparisonFailure: expected:<...rsseparatedbyspaces>[0]isthemedian> but was:<...rsseparatedbyspaces>[1]isthemedian>    at org.junit.Assert.assertEquals(Assert.java:115)
    at org.junit.Assert.assertEquals(Assert.java:144)
    at introclassJava.median_d43d3207_000WhiteboxTest.test3(median_d43d3207_000WhiteboxTest.java:32)
    at sun.reflect.NativeMethodAccessorImpl.invoke0(Native Method)
    at sun.reflect.NativeMethodAccessorImpl.invoke(NativeMethodAccessorImpl.java:62)
    at sun.reflect.DelegatingMethodAccessorImpl.invoke(DelegatingMethodAccessorImpl.java:43)

org.junit.ComparisonFailure: expected:<...rsseparatedbyspaces>[0isthemedian]> but was:<...rsseparatedbyspaces>[]>
    at org.junit.Assert.assertEquals(Assert.java:115)
    at org.junit.Assert.assertEquals(Assert.java:144)
    at introclassJava.median_d43d3207_000WhiteboxTest.test3(median_d43d3207_000WhiteboxTest.java:32)
    at sun.reflect.NativeMethodAccessorImpl.invoke0(Native Method)
    at sun.reflect.NativeMethodAccessorImpl.invoke(NativeMethodAccessorImpl.java:62)
    at sun.reflect.DelegatingMethodAccessorImpl.invoke(DelegatingMethodAccessorImpl.java:43)
15:45:19.208 [pool-5-thread-1] INFO  f.i.l.c.t.SpecificationTestCasesListener - Tests run finished (9 ms)
<> Total tests run: 1
<> Ignored tests: 0
<> Failed tests: 1
~ test3(introclassJava.median_d43d3207_000WhiteboxTest)
[expected:<...rsseparatedbyspaces>[0isthemedian]> but was:<...rsseparatedbyspaces>[]>]
org.junit.ComparisonFailure: expected:<...rsseparatedbyspaces>[0isthemedian]> but was:<...rsseparatedbyspaces>[]>    at org.junit.Assert.assertEquals(Assert.java:115)
    at org.junit.Assert.assertEquals(Assert.java:144)
    at introclassJava.median_d43d3207_000WhiteboxTest.test3(median_d43d3207_000WhiteboxTest.java:32)
    at sun.reflect.NativeMethodAccessorImpl.invoke0(Native Method)
    at sun.reflect.NativeMethodAccessorImpl.invoke(NativeMethodAccessorImpl.java:62)
    at sun.reflect.DelegatingMethodAccessorImpl.invoke(DelegatingMethodAccessorImpl.java:43)

org.junit.ComparisonFailure: expected:<...rsseparatedbyspaces>[0]isthemedian> but was:<...rsseparatedbyspaces>[1]isthemedian>
    at org.junit.Assert.assertEquals(Assert.java:115)
    at org.junit.Assert.assertEquals(Assert.java:144)
    at introclassJava.median_d43d3207_000WhiteboxTest.test3(median_d43d3207_000WhiteboxTest.java:32)
    at sun.reflect.NativeMethodAccessorImpl.invoke0(Native Method)
    at sun.reflect.NativeMethodAccessorImpl.invoke(NativeMethodAccessorImpl.java:62)
    at sun.reflect.DelegatingMethodAccessorImpl.invoke(DelegatingMethodAccessorImpl.java:43)
15:45:19.212 [pool-6-thread-1] INFO  f.i.l.c.t.SpecificationTestCasesListener - Tests run finished (3 ms)
<> Total tests run: 1
<> Ignored tests: 0
<> Failed tests: 1
~ test3(introclassJava.median_d43d3207_000WhiteboxTest)
[expected:<...rsseparatedbyspaces>[0]isthemedian> but was:<...rsseparatedbyspaces>[1]isthemedian>]
org.junit.ComparisonFailure: expected:<...rsseparatedbyspaces>[0]isthemedian> but was:<...rsseparatedbyspaces>[1]isthemedian>    at org.junit.Assert.assertEquals(Assert.java:115)
    at org.junit.Assert.assertEquals(Assert.java:144)
    at introclassJava.median_d43d3207_000WhiteboxTest.test3(median_d43d3207_000WhiteboxTest.java:32)
    at sun.reflect.NativeMethodAccessorImpl.invoke0(Native Method)
    at sun.reflect.NativeMethodAccessorImpl.invoke(NativeMethodAccessorImpl.java:62)
    at sun.reflect.DelegatingMethodAccessorImpl.invoke(DelegatingMethodAccessorImpl.java:43)

15:45:19.213 [pool-3-thread-1] DEBUG tests.output - Failing tests with false: 
[test3(introclassJava.median_d43d3207_000WhiteboxTest): expected:<...rsseparatedbyspaces>[0isthemedian]> but was:<...rsseparatedbyspaces>[]>]
15:45:19.213 [pool-3-thread-1] DEBUG tests.output - Failing tests with true: 
[test3(introclassJava.median_d43d3207_000WhiteboxTest): expected:<...rsseparatedbyspaces>[0]isthemedian> but was:<...rsseparatedbyspaces>[1]isthemedian>]
15:45:19.213 [pool-3-thread-1] INFO  f.i.l.r.n.synth.SMTNopolSynthesizer - Not enough specifications: 0. A trivial patch is "true" or "false", please write new tests specifying SourceLocation introclassJava.median_d43d3207_000:73.
15:45:19.213 [pool-2-thread-1] DEBUG fr.inria.lille.repair.nopol.NoPol - statement #2
15:45:19.213 [pool-2-thread-1] DEBUG fr.inria.lille.repair.nopol.NoPol - Analysing SourceLocation introclassJava.median_d43d3207_000:69 which is executed by 11 tests
-209927666
15:45:19.285 [pool-2-thread-1] DEBUG fr.inria.lille.repair.nopol.NoPol - looking with class fr.inria.lille.repair.nopol.spoon.smt.ConditionalAdder
org.junit.ComparisonFailure: expected:<...rsseparatedbyspaces>[0]isthemedian> but was:<...rsseparatedbyspaces>[1]isthemedian>
    at org.junit.Assert.assertEquals(Assert.java:115)
    at org.junit.Assert.assertEquals(Assert.java:144)
    at introclassJava.median_d43d3207_000WhiteboxTest.test3(median_d43d3207_000WhiteboxTest.java:32)
    at sun.reflect.NativeMethodAccessorImpl.invoke0(Native Method)
    at sun.reflect.NativeMethodAccessorImpl.invoke(NativeMethodAccessorImpl.java:62)
    at sun.reflect.DelegatingMethodAccessorImpl.invoke(DelegatingMethodAccessorImpl.java:43)
15:45:19.299 [pool-8-thread-1] INFO  xxl.java.junit.TestCasesListener - Tests run finished (11 ms)
<> Total tests run: 6
<> Ignored tests: 0
<> Failed tests: 1
~ test3(introclassJava.median_d43d3207_000WhiteboxTest)
[expected:<...rsseparatedbyspaces>[0]isthemedian> but was:<...rsseparatedbyspaces>[1]isthemedian>]
org.junit.ComparisonFailure: expected:<...rsseparatedbyspaces>[0]isthemedian> but was:<...rsseparatedbyspaces>[1]isthemedian>    at org.junit.Assert.assertEquals(Assert.java:115)
    at org.junit.Assert.assertEquals(Assert.java:144)
    at introclassJava.median_d43d3207_000WhiteboxTest.test3(median_d43d3207_000WhiteboxTest.java:32)
    at sun.reflect.NativeMethodAccessorImpl.invoke0(Native Method)
    at sun.reflect.NativeMethodAccessorImpl.invoke(NativeMethodAccessorImpl.java:62)
    at sun.reflect.DelegatingMethodAccessorImpl.invoke(DelegatingMethodAccessorImpl.java:43)

org.junit.ComparisonFailure: expected:<...rsseparatedbyspaces>[0isthemedian]> but was:<...rsseparatedbyspaces>[]>
    at org.junit.Assert.assertEquals(Assert.java:115)
    at org.junit.Assert.assertEquals(Assert.java:144)
    at introclassJava.median_d43d3207_000WhiteboxTest.test3(median_d43d3207_000WhiteboxTest.java:32)
    at sun.reflect.NativeMethodAccessorImpl.invoke0(Native Method)
    at sun.reflect.NativeMethodAccessorImpl.invoke(NativeMethodAccessorImpl.java:62)
    at sun.reflect.DelegatingMethodAccessorImpl.invoke(DelegatingMethodAccessorImpl.java:43)
15:45:19.501 [pool-9-thread-1] INFO  f.i.l.c.t.SpecificationTestCasesListener - Tests run finished (4 ms)
<> Total tests run: 1
<> Ignored tests: 0
<> Failed tests: 1
~ test3(introclassJava.median_d43d3207_000WhiteboxTest)
[expected:<...rsseparatedbyspaces>[0isthemedian]> but was:<...rsseparatedbyspaces>[]>]
org.junit.ComparisonFailure: expected:<...rsseparatedbyspaces>[0isthemedian]> but was:<...rsseparatedbyspaces>[]>    at org.junit.Assert.assertEquals(Assert.java:115)
    at org.junit.Assert.assertEquals(Assert.java:144)
    at introclassJava.median_d43d3207_000WhiteboxTest.test3(median_d43d3207_000WhiteboxTest.java:32)
    at sun.reflect.NativeMethodAccessorImpl.invoke0(Native Method)
    at sun.reflect.NativeMethodAccessorImpl.invoke(NativeMethodAccessorImpl.java:62)
    at sun.reflect.DelegatingMethodAccessorImpl.invoke(DelegatingMethodAccessorImpl.java:43)

org.junit.ComparisonFailure: expected:<...rsseparatedbyspaces>[0]isthemedian> but was:<...rsseparatedbyspaces>[1]isthemedian>
    at org.junit.Assert.assertEquals(Assert.java:115)
    at org.junit.Assert.assertEquals(Assert.java:144)
    at introclassJava.median_d43d3207_000WhiteboxTest.test3(median_d43d3207_000WhiteboxTest.java:32)
    at sun.reflect.NativeMethodAccessorImpl.invoke0(Native Method)
    at sun.reflect.NativeMethodAccessorImpl.invoke(NativeMethodAccessorImpl.java:62)
    at sun.reflect.DelegatingMethodAccessorImpl.invoke(DelegatingMethodAccessorImpl.java:43)
15:45:19.504 [pool-10-thread-1] INFO  f.i.l.c.t.SpecificationTestCasesListener - Tests run finished (2 ms)
<> Total tests run: 1
<> Ignored tests: 0
<> Failed tests: 1
~ test3(introclassJava.median_d43d3207_000WhiteboxTest)
[expected:<...rsseparatedbyspaces>[0]isthemedian> but was:<...rsseparatedbyspaces>[1]isthemedian>]
org.junit.ComparisonFailure: expected:<...rsseparatedbyspaces>[0]isthemedian> but was:<...rsseparatedbyspaces>[1]isthemedian>    at org.junit.Assert.assertEquals(Assert.java:115)
    at org.junit.Assert.assertEquals(Assert.java:144)
    at introclassJava.median_d43d3207_000WhiteboxTest.test3(median_d43d3207_000WhiteboxTest.java:32)
    at sun.reflect.NativeMethodAccessorImpl.invoke0(Native Method)
    at sun.reflect.NativeMethodAccessorImpl.invoke(NativeMethodAccessorImpl.java:62)
    at sun.reflect.DelegatingMethodAccessorImpl.invoke(DelegatingMethodAccessorImpl.java:43)

15:45:19.504 [pool-7-thread-1] DEBUG tests.output - Failing tests with false: 
[test3(introclassJava.median_d43d3207_000WhiteboxTest): expected:<...rsseparatedbyspaces>[0isthemedian]> but was:<...rsseparatedbyspaces>[]>]
15:45:19.504 [pool-7-thread-1] DEBUG tests.output - Failing tests with true: 
[test3(introclassJava.median_d43d3207_000WhiteboxTest): expected:<...rsseparatedbyspaces>[0]isthemedian> but was:<...rsseparatedbyspaces>[1]isthemedian>]
15:45:19.505 [pool-7-thread-1] INFO  f.i.l.r.n.synth.SMTNopolSynthesizer - Not enough specifications: 0. A trivial patch is "true" or "false", please write new tests specifying SourceLocation introclassJava.median_d43d3207_000:69.
15:45:19.505 [pool-2-thread-1] DEBUG fr.inria.lille.repair.nopol.NoPol - looking with class fr.inria.lille.repair.nopol.spoon.smt.ConditionalReplacer
org.junit.ComparisonFailure: expected:<...rsseparatedbyspaces>[0]isthemedian> but was:<...rsseparatedbyspaces>[1]isthemedian>
    at org.junit.Assert.assertEquals(Assert.java:115)
    at org.junit.Assert.assertEquals(Assert.java:144)
    at introclassJava.median_d43d3207_000WhiteboxTest.test3(median_d43d3207_000WhiteboxTest.java:32)
    at sun.reflect.NativeMethodAccessorImpl.invoke0(Native Method)
    at sun.reflect.NativeMethodAccessorImpl.invoke(NativeMethodAccessorImpl.java:62)
    at sun.reflect.DelegatingMethodAccessorImpl.invoke(DelegatingMethodAccessorImpl.java:43)
15:45:19.517 [pool-12-thread-1] INFO  xxl.java.junit.TestCasesListener - Tests run finished (9 ms)
<> Total tests run: 6
<> Ignored tests: 0
<> Failed tests: 1
~ test3(introclassJava.median_d43d3207_000WhiteboxTest)
[expected:<...rsseparatedbyspaces>[0]isthemedian> but was:<...rsseparatedbyspaces>[1]isthemedian>]
org.junit.ComparisonFailure: expected:<...rsseparatedbyspaces>[0]isthemedian> but was:<...rsseparatedbyspaces>[1]isthemedian>    at org.junit.Assert.assertEquals(Assert.java:115)
    at org.junit.Assert.assertEquals(Assert.java:144)
    at introclassJava.median_d43d3207_000WhiteboxTest.test3(median_d43d3207_000WhiteboxTest.java:32)
    at sun.reflect.NativeMethodAccessorImpl.invoke0(Native Method)
    at sun.reflect.NativeMethodAccessorImpl.invoke(NativeMethodAccessorImpl.java:62)
    at sun.reflect.DelegatingMethodAccessorImpl.invoke(DelegatingMethodAccessorImpl.java:43)

org.junit.ComparisonFailure: expected:<...rsseparatedbyspaces>[0]isthemedian> but was:<...rsseparatedbyspaces>[1]isthemedian>
    at org.junit.Assert.assertEquals(Assert.java:115)
    at org.junit.Assert.assertEquals(Assert.java:144)
    at introclassJava.median_d43d3207_000WhiteboxTest.test3(median_d43d3207_000WhiteboxTest.java:32)
    at sun.reflect.NativeMethodAccessorImpl.invoke0(Native Method)
    at sun.reflect.NativeMethodAccessorImpl.invoke(NativeMethodAccessorImpl.java:62)
    at sun.reflect.DelegatingMethodAccessorImpl.invoke(DelegatingMethodAccessorImpl.java:43)
15:45:19.681 [pool-13-thread-1] INFO  f.i.l.c.t.SpecificationTestCasesListener - Tests run finished (4 ms)
<> Total tests run: 1
<> Ignored tests: 0
<> Failed tests: 1
~ test3(introclassJava.median_d43d3207_000WhiteboxTest)
[expected:<...rsseparatedbyspaces>[0]isthemedian> but was:<...rsseparatedbyspaces>[1]isthemedian>]
org.junit.ComparisonFailure: expected:<...rsseparatedbyspaces>[0]isthemedian> but was:<...rsseparatedbyspaces>[1]isthemedian>    at org.junit.Assert.assertEquals(Assert.java:115)
    at org.junit.Assert.assertEquals(Assert.java:144)
    at introclassJava.median_d43d3207_000WhiteboxTest.test3(median_d43d3207_000WhiteboxTest.java:32)
    at sun.reflect.NativeMethodAccessorImpl.invoke0(Native Method)
    at sun.reflect.NativeMethodAccessorImpl.invoke(NativeMethodAccessorImpl.java:62)
    at sun.reflect.DelegatingMethodAccessorImpl.invoke(DelegatingMethodAccessorImpl.java:43)

15:45:19.687 [pool-14-thread-1] INFO  f.i.l.c.t.SpecificationTestCasesListener - Tests run finished (1 ms)
<> Total tests run: 1
<> Ignored tests: 0
<> Failed tests: 0

15:45:19.690 [pool-15-thread-1] INFO  f.i.l.r.n.s.ConstraintModelBuilder$1PassingListener - Tests run finished (1 ms)
<> Total tests run: 1
<> Ignored tests: 0
<> Failed tests: 0

15:45:19.692 [pool-16-thread-1] INFO  f.i.l.r.n.s.ConstraintModelBuilder$1PassingListener - Tests run finished (1 ms)
<> Total tests run: 1
<> Ignored tests: 0
<> Failed tests: 0

org.junit.ComparisonFailure: expected:<...rsseparatedbyspaces>[0]isthemedian> but was:<...rsseparatedbyspaces>[1]isthemedian>
    at org.junit.Assert.assertEquals(Assert.java:115)
    at org.junit.Assert.assertEquals(Assert.java:144)
    at introclassJava.median_d43d3207_000WhiteboxTest.test3(median_d43d3207_000WhiteboxTest.java:32)
    at sun.reflect.NativeMethodAccessorImpl.invoke0(Native Method)
    at sun.reflect.NativeMethodAccessorImpl.invoke(NativeMethodAccessorImpl.java:62)
    at sun.reflect.DelegatingMethodAccessorImpl.invoke(DelegatingMethodAccessorImpl.java:43)
15:45:19.695 [pool-17-thread-1] INFO  f.i.l.r.n.s.ConstraintModelBuilder$1PassingListener - Tests run finished (2 ms)
<> Total tests run: 1
<> Ignored tests: 0
<> Failed tests: 1
~ test3(introclassJava.median_d43d3207_000WhiteboxTest)
[expected:<...rsseparatedbyspaces>[0]isthemedian> but was:<...rsseparatedbyspaces>[1]isthemedian>]
org.junit.ComparisonFailure: expected:<...rsseparatedbyspaces>[0]isthemedian> but was:<...rsseparatedbyspaces>[1]isthemedian>    at org.junit.Assert.assertEquals(Assert.java:115)
    at org.junit.Assert.assertEquals(Assert.java:144)
    at introclassJava.median_d43d3207_000WhiteboxTest.test3(median_d43d3207_000WhiteboxTest.java:32)
    at sun.reflect.NativeMethodAccessorImpl.invoke0(Native Method)
    at sun.reflect.NativeMethodAccessorImpl.invoke(NativeMethodAccessorImpl.java:62)
    at sun.reflect.DelegatingMethodAccessorImpl.invoke(DelegatingMethodAccessorImpl.java:43)

15:45:19.698 [pool-18-thread-1] INFO  f.i.l.r.n.s.ConstraintModelBuilder$1PassingListener - Tests run finished (0 ms)
<> Total tests run: 1
<> Ignored tests: 0
<> Failed tests: 0

15:45:19.699 [pool-19-thread-1] INFO  f.i.l.r.n.s.ConstraintModelBuilder$1PassingListener - Tests run finished (0 ms)
<> Total tests run: 1
<> Ignored tests: 0
<> Failed tests: 0

org.junit.ComparisonFailure: expected:<...rsseparatedbyspaces>[2]isthemedian> but was:<...rsseparatedbyspaces>[3]isthemedian>
    at org.junit.Assert.assertEquals(Assert.java:115)
    at org.junit.Assert.assertEquals(Assert.java:144)
    at introclassJava.median_d43d3207_000WhiteboxTest.test6(median_d43d3207_000WhiteboxTest.java:59)
    at sun.reflect.NativeMethodAccessorImpl.invoke0(Native Method)
    at sun.reflect.NativeMethodAccessorImpl.invoke(NativeMethodAccessorImpl.java:62)
    at sun.reflect.DelegatingMethodAccessorImpl.invoke(DelegatingMethodAccessorImpl.java:43)
15:45:19.702 [pool-20-thread-1] INFO  f.i.l.r.n.s.ConstraintModelBuilder$1PassingListener - Tests run finished (2 ms)
<> Total tests run: 1
<> Ignored tests: 0
<> Failed tests: 1
~ test6(introclassJava.median_d43d3207_000WhiteboxTest)
[expected:<...rsseparatedbyspaces>[2]isthemedian> but was:<...rsseparatedbyspaces>[3]isthemedian>]
org.junit.ComparisonFailure: expected:<...rsseparatedbyspaces>[2]isthemedian> but was:<...rsseparatedbyspaces>[3]isthemedian>    at org.junit.Assert.assertEquals(Assert.java:115)
    at org.junit.Assert.assertEquals(Assert.java:144)
    at introclassJava.median_d43d3207_000WhiteboxTest.test6(median_d43d3207_000WhiteboxTest.java:59)
    at sun.reflect.NativeMethodAccessorImpl.invoke0(Native Method)
    at sun.reflect.NativeMethodAccessorImpl.invoke(NativeMethodAccessorImpl.java:62)
    at sun.reflect.DelegatingMethodAccessorImpl.invoke(DelegatingMethodAccessorImpl.java:43)

org.junit.ComparisonFailure: expected:<...rsseparatedbyspaces>[6]isthemedian> but was:<...rsseparatedbyspaces>[8]isthemedian>
    at org.junit.Assert.assertEquals(Assert.java:115)
    at org.junit.Assert.assertEquals(Assert.java:144)
    at introclassJava.median_d43d3207_000BlackboxTest.test1(median_d43d3207_000BlackboxTest.java:14)
    at sun.reflect.NativeMethodAccessorImpl.invoke0(Native Method)
    at sun.reflect.NativeMethodAccessorImpl.invoke(NativeMethodAccessorImpl.java:62)
    at sun.reflect.DelegatingMethodAccessorImpl.invoke(DelegatingMethodAccessorImpl.java:43)
15:45:19.706 [pool-21-thread-1] INFO  f.i.l.r.n.s.ConstraintModelBuilder$1PassingListener - Tests run finished (1 ms)
<> Total tests run: 1
<> Ignored tests: 0
<> Failed tests: 1
~ test1(introclassJava.median_d43d3207_000BlackboxTest)
[expected:<...rsseparatedbyspaces>[6]isthemedian> but was:<...rsseparatedbyspaces>[8]isthemedian>]
org.junit.ComparisonFailure: expected:<...rsseparatedbyspaces>[6]isthemedian> but was:<...rsseparatedbyspaces>[8]isthemedian>    at org.junit.Assert.assertEquals(Assert.java:115)
    at org.junit.Assert.assertEquals(Assert.java:144)
    at introclassJava.median_d43d3207_000BlackboxTest.test1(median_d43d3207_000BlackboxTest.java:14)
    at sun.reflect.NativeMethodAccessorImpl.invoke0(Native Method)
    at sun.reflect.NativeMethodAccessorImpl.invoke(NativeMethodAccessorImpl.java:62)
    at sun.reflect.DelegatingMethodAccessorImpl.invoke(DelegatingMethodAccessorImpl.java:43)

15:45:19.707 [pool-22-thread-1] INFO  f.i.l.r.n.s.ConstraintModelBuilder$1PassingListener - Tests run finished (0 ms)
<> Total tests run: 1
<> Ignored tests: 0
<> Failed tests: 0

15:45:19.709 [pool-23-thread-1] INFO  f.i.l.r.n.s.ConstraintModelBuilder$1PassingListener - Tests run finished (1 ms)
<> Total tests run: 1
<> Ignored tests: 0
<> Failed tests: 0

org.junit.ComparisonFailure: expected:<...rsseparatedbyspaces>[6]isthemedian> but was:<...rsseparatedbyspaces>[2]isthemedian>
    at org.junit.Assert.assertEquals(Assert.java:115)
    at org.junit.Assert.assertEquals(Assert.java:144)
    at introclassJava.median_d43d3207_000BlackboxTest.test6(median_d43d3207_000BlackboxTest.java:59)
    at sun.reflect.NativeMethodAccessorImpl.invoke0(Native Method)
    at sun.reflect.NativeMethodAccessorImpl.invoke(NativeMethodAccessorImpl.java:62)
    at sun.reflect.DelegatingMethodAccessorImpl.invoke(DelegatingMethodAccessorImpl.java:43)
15:45:19.711 [pool-24-thread-1] INFO  f.i.l.r.n.s.ConstraintModelBuilder$1PassingListener - Tests run finished (1 ms)
<> Total tests run: 1
<> Ignored tests: 0
<> Failed tests: 1
~ test6(introclassJava.median_d43d3207_000BlackboxTest)
[expected:<...rsseparatedbyspaces>[6]isthemedian> but was:<...rsseparatedbyspaces>[2]isthemedian>]
org.junit.ComparisonFailure: expected:<...rsseparatedbyspaces>[6]isthemedian> but was:<...rsseparatedbyspaces>[2]isthemedian>    at org.junit.Assert.assertEquals(Assert.java:115)
    at org.junit.Assert.assertEquals(Assert.java:144)
    at introclassJava.median_d43d3207_000BlackboxTest.test6(median_d43d3207_000BlackboxTest.java:59)
    at sun.reflect.NativeMethodAccessorImpl.invoke0(Native Method)
    at sun.reflect.NativeMethodAccessorImpl.invoke(NativeMethodAccessorImpl.java:62)
    at sun.reflect.DelegatingMethodAccessorImpl.invoke(DelegatingMethodAccessorImpl.java:43)

15:45:19.713 [pool-25-thread-1] INFO  f.i.l.r.n.s.ConstraintModelBuilder$1PassingListener - Tests run finished (1 ms)
<> Total tests run: 1
<> Ignored tests: 0
<> Failed tests: 0

15:45:19.715 [pool-26-thread-1] INFO  f.i.l.r.n.s.ConstraintModelBuilder$1PassingListener - Tests run finished (1 ms)
<> Total tests run: 1
<> Ignored tests: 0
<> Failed tests: 0

org.junit.ComparisonFailure: expected:<...rsseparatedbyspaces>[1]isthemedian> but was:<...rsseparatedbyspaces>[0]isthemedian>
    at org.junit.Assert.assertEquals(Assert.java:115)
    at org.junit.Assert.assertEquals(Assert.java:144)
    at introclassJava.median_d43d3207_000WhiteboxTest.test2(median_d43d3207_000WhiteboxTest.java:23)
    at sun.reflect.NativeMethodAccessorImpl.invoke0(Native Method)
    at sun.reflect.NativeMethodAccessorImpl.invoke(NativeMethodAccessorImpl.java:62)
    at sun.reflect.DelegatingMethodAccessorImpl.invoke(DelegatingMethodAccessorImpl.java:43)
15:45:19.717 [pool-27-thread-1] INFO  f.i.l.r.n.s.ConstraintModelBuilder$1PassingListener - Tests run finished (1 ms)
<> Total tests run: 1
<> Ignored tests: 0
<> Failed tests: 1
~ test2(introclassJava.median_d43d3207_000WhiteboxTest)
[expected:<...rsseparatedbyspaces>[1]isthemedian> but was:<...rsseparatedbyspaces>[0]isthemedian>]
org.junit.ComparisonFailure: expected:<...rsseparatedbyspaces>[1]isthemedian> but was:<...rsseparatedbyspaces>[0]isthemedian>    at org.junit.Assert.assertEquals(Assert.java:115)
    at org.junit.Assert.assertEquals(Assert.java:144)
    at introclassJava.median_d43d3207_000WhiteboxTest.test2(median_d43d3207_000WhiteboxTest.java:23)
    at sun.reflect.NativeMethodAccessorImpl.invoke0(Native Method)
    at sun.reflect.NativeMethodAccessorImpl.invoke(NativeMethodAccessorImpl.java:62)
    at sun.reflect.DelegatingMethodAccessorImpl.invoke(DelegatingMethodAccessorImpl.java:43)

15:45:19.719 [pool-28-thread-1] INFO  f.i.l.r.n.s.ConstraintModelBuilder$1PassingListener - Tests run finished (1 ms)
<> Total tests run: 1
<> Ignored tests: 0
<> Failed tests: 0

org.junit.ComparisonFailure: expected:<...rsseparatedbyspaces>[0]isthemedian> but was:<...rsseparatedbyspaces>[1]isthemedian>
    at org.junit.Assert.assertEquals(Assert.java:115)
    at org.junit.Assert.assertEquals(Assert.java:144)
    at introclassJava.median_d43d3207_000WhiteboxTest.test4(median_d43d3207_000WhiteboxTest.java:41)
    at sun.reflect.NativeMethodAccessorImpl.invoke0(Native Method)
    at sun.reflect.NativeMethodAccessorImpl.invoke(NativeMethodAccessorImpl.java:62)
    at sun.reflect.DelegatingMethodAccessorImpl.invoke(DelegatingMethodAccessorImpl.java:43)
15:45:19.721 [pool-29-thread-1] INFO  f.i.l.r.n.s.ConstraintModelBuilder$1PassingListener - Tests run finished (1 ms)
<> Total tests run: 1
<> Ignored tests: 0
<> Failed tests: 1
~ test4(introclassJava.median_d43d3207_000WhiteboxTest)
[expected:<...rsseparatedbyspaces>[0]isthemedian> but was:<...rsseparatedbyspaces>[1]isthemedian>]
org.junit.ComparisonFailure: expected:<...rsseparatedbyspaces>[0]isthemedian> but was:<...rsseparatedbyspaces>[1]isthemedian>    at org.junit.Assert.assertEquals(Assert.java:115)
    at org.junit.Assert.assertEquals(Assert.java:144)
    at introclassJava.median_d43d3207_000WhiteboxTest.test4(median_d43d3207_000WhiteboxTest.java:41)
    at sun.reflect.NativeMethodAccessorImpl.invoke0(Native Method)
    at sun.reflect.NativeMethodAccessorImpl.invoke(NativeMethodAccessorImpl.java:62)
    at sun.reflect.DelegatingMethodAccessorImpl.invoke(DelegatingMethodAccessorImpl.java:43)

org.junit.ComparisonFailure: expected:<...rsseparatedbyspaces>[1]isthemedian> but was:<...rsseparatedbyspaces>[2]isthemedian>
    at org.junit.Assert.assertEquals(Assert.java:115)
    at org.junit.Assert.assertEquals(Assert.java:144)
    at introclassJava.median_d43d3207_000WhiteboxTest.test5(median_d43d3207_000WhiteboxTest.java:50)
    at sun.reflect.NativeMethodAccessorImpl.invoke0(Native Method)
    at sun.reflect.NativeMethodAccessorImpl.invoke(NativeMethodAccessorImpl.java:62)
    at sun.reflect.DelegatingMethodAccessorImpl.invoke(DelegatingMethodAccessorImpl.java:43)
15:45:19.724 [pool-30-thread-1] INFO  f.i.l.r.n.s.ConstraintModelBuilder$1PassingListener - Tests run finished (1 ms)
<> Total tests run: 1
<> Ignored tests: 0
<> Failed tests: 1
~ test5(introclassJava.median_d43d3207_000WhiteboxTest)
[expected:<...rsseparatedbyspaces>[1]isthemedian> but was:<...rsseparatedbyspaces>[2]isthemedian>]
org.junit.ComparisonFailure: expected:<...rsseparatedbyspaces>[1]isthemedian> but was:<...rsseparatedbyspaces>[2]isthemedian>    at org.junit.Assert.assertEquals(Assert.java:115)
    at org.junit.Assert.assertEquals(Assert.java:144)
    at introclassJava.median_d43d3207_000WhiteboxTest.test5(median_d43d3207_000WhiteboxTest.java:50)
    at sun.reflect.NativeMethodAccessorImpl.invoke0(Native Method)
    at sun.reflect.NativeMethodAccessorImpl.invoke(NativeMethodAccessorImpl.java:62)
    at sun.reflect.DelegatingMethodAccessorImpl.invoke(DelegatingMethodAccessorImpl.java:43)

15:45:19.725 [pool-31-thread-1] INFO  f.i.l.r.n.s.ConstraintModelBuilder$1PassingListener - Tests run finished (1 ms)
<> Total tests run: 1
<> Ignored tests: 0
<> Failed tests: 0

15:45:19.727 [pool-32-thread-1] INFO  f.i.l.r.n.s.ConstraintModelBuilder$1PassingListener - Tests run finished (1 ms)
<> Total tests run: 1
<> Ignored tests: 0
<> Failed tests: 0

org.junit.ComparisonFailure: expected:<...rsseparatedbyspaces>[6]isthemedian> but was:<...rsseparatedbyspaces>[8]isthemedian>
    at org.junit.Assert.assertEquals(Assert.java:115)
    at org.junit.Assert.assertEquals(Assert.java:144)
    at introclassJava.median_d43d3207_000BlackboxTest.test2(median_d43d3207_000BlackboxTest.java:23)
    at sun.reflect.NativeMethodAccessorImpl.invoke0(Native Method)
    at sun.reflect.NativeMethodAccessorImpl.invoke(NativeMethodAccessorImpl.java:62)
    at sun.reflect.DelegatingMethodAccessorImpl.invoke(DelegatingMethodAccessorImpl.java:43)
15:45:19.729 [pool-33-thread-1] INFO  f.i.l.r.n.s.ConstraintModelBuilder$1PassingListener - Tests run finished (1 ms)
<> Total tests run: 1
<> Ignored tests: 0
<> Failed tests: 1
~ test2(introclassJava.median_d43d3207_000BlackboxTest)
[expected:<...rsseparatedbyspaces>[6]isthemedian> but was:<...rsseparatedbyspaces>[8]isthemedian>]
org.junit.ComparisonFailure: expected:<...rsseparatedbyspaces>[6]isthemedian> but was:<...rsseparatedbyspaces>[8]isthemedian>    at org.junit.Assert.assertEquals(Assert.java:115)
    at org.junit.Assert.assertEquals(Assert.java:144)
    at introclassJava.median_d43d3207_000BlackboxTest.test2(median_d43d3207_000BlackboxTest.java:23)
    at sun.reflect.NativeMethodAccessorImpl.invoke0(Native Method)
    at sun.reflect.NativeMethodAccessorImpl.invoke(NativeMethodAccessorImpl.java:62)
    at sun.reflect.DelegatingMethodAccessorImpl.invoke(DelegatingMethodAccessorImpl.java:43)

org.junit.ComparisonFailure: expected:<...rsseparatedbyspaces>[6]isthemedian> but was:<...rsseparatedbyspaces>[2]isthemedian>
    at org.junit.Assert.assertEquals(Assert.java:115)
    at org.junit.Assert.assertEquals(Assert.java:144)
    at introclassJava.median_d43d3207_000BlackboxTest.test5(median_d43d3207_000BlackboxTest.java:50)
    at sun.reflect.NativeMethodAccessorImpl.invoke0(Native Method)
    at sun.reflect.NativeMethodAccessorImpl.invoke(NativeMethodAccessorImpl.java:62)
    at sun.reflect.DelegatingMethodAccessorImpl.invoke(DelegatingMethodAccessorImpl.java:43)
15:45:19.731 [pool-34-thread-1] INFO  f.i.l.r.n.s.ConstraintModelBuilder$1PassingListener - Tests run finished (1 ms)
<> Total tests run: 1
<> Ignored tests: 0
<> Failed tests: 1
~ test5(introclassJava.median_d43d3207_000BlackboxTest)
[expected:<...rsseparatedbyspaces>[6]isthemedian> but was:<...rsseparatedbyspaces>[2]isthemedian>]
org.junit.ComparisonFailure: expected:<...rsseparatedbyspaces>[6]isthemedian> but was:<...rsseparatedbyspaces>[2]isthemedian>    at org.junit.Assert.assertEquals(Assert.java:115)
    at org.junit.Assert.assertEquals(Assert.java:144)
    at introclassJava.median_d43d3207_000BlackboxTest.test5(median_d43d3207_000BlackboxTest.java:50)
    at sun.reflect.NativeMethodAccessorImpl.invoke0(Native Method)
    at sun.reflect.NativeMethodAccessorImpl.invoke(NativeMethodAccessorImpl.java:62)
    at sun.reflect.DelegatingMethodAccessorImpl.invoke(DelegatingMethodAccessorImpl.java:43)

15:45:19.733 [pool-35-thread-1] INFO  f.i.l.r.n.s.ConstraintModelBuilder$1PassingListener - Tests run finished (1 ms)
<> Total tests run: 1
<> Ignored tests: 0
<> Failed tests: 0

15:45:19.734 [pool-36-thread-1] INFO  f.i.l.r.n.s.ConstraintModelBuilder$1PassingListener - Tests run finished (1 ms)
<> Total tests run: 1
<> Ignored tests: 0
<> Failed tests: 0

15:45:19.736 [pool-37-thread-1] INFO  f.i.l.c.t.SpecificationTestCasesListener - Tests run finished (1 ms)
<> Total tests run: 1
<> Ignored tests: 0
<> Failed tests: 0

15:45:19.738 [pool-38-thread-1] INFO  f.i.l.c.t.SpecificationTestCasesListener - Tests run finished (1 ms)
<> Total tests run: 1
<> Ignored tests: 0
<> Failed tests: 0

15:45:19.740 [pool-39-thread-1] INFO  f.i.l.c.t.SpecificationTestCasesListener - Tests run finished (1 ms)
<> Total tests run: 1
<> Ignored tests: 0
<> Failed tests: 0

15:45:19.742 [pool-40-thread-1] INFO  f.i.l.c.t.SpecificationTestCasesListener - Tests run finished (1 ms)
<> Total tests run: 1
<> Ignored tests: 0
<> Failed tests: 0

15:45:19.744 [pool-41-thread-1] INFO  f.i.l.c.t.SpecificationTestCasesListener - Tests run finished (1 ms)
<> Total tests run: 1
<> Ignored tests: 0
<> Failed tests: 0

15:45:19.745 [pool-42-thread-1] INFO  f.i.l.c.t.SpecificationTestCasesListener - Tests run finished (0 ms)
<> Total tests run: 1
<> Ignored tests: 0
<> Failed tests: 0

15:45:19.747 [pool-43-thread-1] INFO  f.i.l.c.t.SpecificationTestCasesListener - Tests run finished (1 ms)
<> Total tests run: 1
<> Ignored tests: 0
<> Failed tests: 0

15:45:19.749 [pool-44-thread-1] INFO  f.i.l.c.t.SpecificationTestCasesListener - Tests run finished (1 ms)
<> Total tests run: 1
<> Ignored tests: 0
<> Failed tests: 0

15:45:19.959 [pool-11-thread-1] DEBUG f.i.l.c.s.ConstraintBasedSynthesis - Operators:
15:45:20.080 [pool-11-thread-1] DEBUG f.i.l.c.s.ConstraintBasedSynthesis - Operators:
== of arity: 2
!= of arity: 2
< of arity: 2
<= of arity: 2
15:45:20.141 [pool-11-thread-1] DEBUG f.i.l.c.s.ConstraintBasedSynthesis - Operators:
== of arity: 2
!= of arity: 2
< of arity: 2
<= of arity: 2
! of arity: 1
|| of arity: 2
&& of arity: 2
15:45:20.258 [pool-11-thread-1] DEBUG f.i.l.c.s.ConstraintBasedSynthesis - Successful code synthesis: ((((int2.value) < (int3.value)) && ((int2.value) > (int1.value))) || (((int2.value) > (int3.value)) && ((int2.value) < (int1.value)))) || ((!(((int2.value) < (int1.value)))) && (((int2.value) < (int3.value))))
15:45:20.259 [pool-11-thread-1] INFO  f.i.l.repair.nopol.patch.TestPatch - Applying patch: introclassJava.median_d43d3207_000:69: CONDITIONAL ((((int2.value) < (int3.value)) && ((int2.value) > (int1.value))) || (((int2.value) > (int3.value)) && ((int2.value) < (int1.value)))) || ((!(((int2.value) < (int1.value)))) && (((int2.value) < (int3.value))))
15:45:20.390 [pool-11-thread-1] INFO  f.i.l.repair.nopol.patch.TestPatch - Running test suite to check the patch "((((int2.value) < (int3.value)) && ((int2.value) > (int1.value))) || (((int2.value) > (int3.value)) && ((int2.value) < (int1.value)))) || ((!(((int2.value) < (int1.value)))) && (((int2.value) < (int3.value))))" is working
15:45:20.407 [pool-2-thread-1] INFO  fr.inria.lille.repair.nopol.NoPol - ----INFORMATION----
15:45:20.411 [pool-2-thread-1] INFO  fr.inria.lille.repair.nopol.NoPol - Nb classes : 6
15:45:20.411 [pool-2-thread-1] INFO  fr.inria.lille.repair.nopol.NoPol - Nb methods : 2
15:45:20.411 [pool-2-thread-1] INFO  fr.inria.lille.repair.nopol.NoPol - Nb Statements Analyzed : 3
15:45:20.412 [pool-2-thread-1] INFO  fr.inria.lille.repair.nopol.NoPol - Nb Statements with Angelic Value Found : 1
15:45:20.412 [pool-2-thread-1] INFO  fr.inria.lille.repair.nopol.NoPol - Nb inputs in SMT : 5
15:45:20.412 [pool-2-thread-1] INFO  fr.inria.lille.repair.nopol.NoPol - Nb SMT level: 3
15:45:20.412 [pool-2-thread-1] INFO  fr.inria.lille.repair.nopol.NoPol - Nb SMT components: [7] [== of arity: 2, != of arity: 2, < of arity: 2, <= of arity: 2, ! of arity: 1, || of arity: 2, && of arity: 2]
15:45:20.412 [pool-2-thread-1] INFO  fr.inria.lille.repair.nopol.NoPol -                   class java.lang.Boolean: 7
15:45:20.412 [pool-2-thread-1] INFO  fr.inria.lille.repair.nopol.NoPol - Nb variables in SMT : 19
15:45:20.412 [pool-2-thread-1] INFO  fr.inria.lille.repair.nopol.NoPol - NoPol Execution time : 5873ms
15:45:20.412 [pool-2-thread-1] INFO  fr.inria.lille.repair.nopol.NoPol - 
15:45:20.412 [pool-2-thread-1] INFO  fr.inria.lille.repair.nopol.NoPol - ----PATCH FOUND----
15:45:20.412 [pool-2-thread-1] INFO  fr.inria.lille.repair.nopol.NoPol - ((((int2.value) < (int3.value)) && ((int2.value) > (int1.value))) || (((int2.value) > (int3.value)) && ((int2.value) < (int1.value)))) || ((!(((int2.value) < (int1.value)))) && (((int2.value) < (int3.value))))
15:45:20.413 [pool-2-thread-1] INFO  fr.inria.lille.repair.nopol.NoPol - Nb test that executes the patch: 11
15:45:20.413 [pool-2-thread-1] INFO  fr.inria.lille.repair.nopol.NoPol - introclassJava.median_d43d3207_000:69: CONDITIONAL
15:45:20.423 [pool-2-thread-1] INFO  fr.inria.lille.repair.nopol.NoPol - --- a/src/main/java/introclassJava/median_d43d3207_000.java
+++ b/src/main/java/introclassJava/median_d43d3207_000.java
@@ -68,4 +68,3 @@
             output += (String.format ("%d is the median\n", int1.value));
-        } else if ((int2.value < int3.value && int2.value > int1.value)
-                   || (int2.value > int3.value && int2.value < int1.value)) {
+        } else if (((((int2.value) < (int3.value)) && ((int2.value) > (int1.value))) || (((int2.value) > (int3.value)) && ((int2.value) < (int1.value)))) || ((!(((int2.value) < (int1.value)))) && (((int2.value) < (int3.value))))) {
             output += (String.format ("%d is the median\n", int2.value));

PATCH
11.21user 0.83system 0:07.30elapsed 165%CPU (0avgtext+0avgdata 320848maxresident)k
62624inputs+5376outputs (24major+117641minor)pagefaults 0swaps


Node: suno-23.sophia.grid5000.fr



Date: Wed Dec  5 15:45:20 EST 2018

