cd /tmp/NPEFix_Bug_dot_jar_Commons-Math_5fe9b36c;
export JAVA_TOOL_OPTIONS="-Dfile.encoding=UTF8 -Duser.language=en-US -Duser.country=US -Duser.language=en";
TZ="America/New_York"; export TZ;
export PATH="/usr/lib/jvm/java-1.8.0-openjdk-amd64/bin/:$PATH";
export JAVA_HOME="/usr/lib/jvm/java-1.8.0-openjdk-amd64/bin/";
time java -Xmx4048m -cp /home/tdurieux/defects4j4repair/script/../repair_tools/npefix.jar fr.inria.spirals.npefix.main.run.Main \
    --test org.apache.commons.math.distribution.NormalDistributionTest \
    --iteration 100 \
	--complianceLevel 7 \
	--workingdirectory . \
	--source src/main/java \
	--classpath target/classes:target/test-classes:/home/tdurieux/.m2/repository/junit/junit/4.4/junit-4.4.jar;
	echo "\n\nNode: `hostname`\n";
	echo "\n\nDate: `date`\n";
Picked up JAVA_TOOL_OPTIONS: -Dfile.encoding=UTF8 -Duser.language=en-US -Duser.country=US -Duser.language=en
TernarySplitter  in 313ms
throw MathRuntimeException.createIllegalArgumentException(LocalizedFormats.DIMENSIONS_MISMATCH_SIMPLE, (x == null ? 0 : x.length), (y == null ? 0 : y.length))
throw MathRuntimeException.createIllegalArgumentException(LocalizedFormats.DIMENSIONS_MISMATCH_SIMPLE, (x == null ? 0 : x.length), (y == null ? 0 : y.length))
this.point = (point == null) ? null : point.clone()
this.value = (value == null) ? null : value.clone()
this(prototypeStatistics, (prototypeStatistics == null ? null : new SummaryStatistics(prototypeStatistics)))
return !((x == null) ^ (y == null))
return !((x == null) ^ (y == null))
return !((x == null) ^ (y == null))
return !((x == null) ^ (y == null))
this.arguments = new Object[]{ rootCause == null ? "" : rootCause.getMessage() }
this.point = (point == null) ? null : point.clone()
return ((key) == null ? (oP.getKey()) == null : key.equals(oP.getKey())) && ((value) == null ? (oP.getValue()) == null : value.equals(oP.getValue()))
return ((key) == null ? (oP.getKey()) == null : key.equals(oP.getKey())) && ((value) == null ? (oP.getValue()) == null : value.equals(oP.getValue()))
return ((key) == null ? (oP.getKey()) == null : key.equals(oP.getKey())) && ((value) == null ? (oP.getValue()) == null : value.equals(oP.getValue()))
return ((key) == null ? (oP.getKey()) == null : key.equals(oP.getKey())) && ((value) == null ? (oP.getValue()) == null : value.equals(oP.getValue()))
return ((key) == null ? 0 : key.hashCode()) ^ ((value) == null ? 0 : value.hashCode())
return ((key) == null ? 0 : key.hashCode()) ^ ((value) == null ? 0 : value.hashCode())
this.arguments = new Object[]{ rootCause == null ? "" : rootCause.getMessage() }
return (first) != null
CheckNotNull  in 848ms
ForceNullInit in 306ms
AddImplicitCastChecker --> 4 in 486ms
BeforeDeref --> 8801 (failed:0) in 2080ms
target--> 11689 (failed:0) in 3604ms
TryRegister # Try: 90 in 425ms
Assign --> 6131 (failed: 0) in 3184ms
VarInit --> 4105 in 1372ms
MethodEncapsulation # Method: 3810 in 2724ms
ConstructorEncapsulation # Constructor: 777 in 1821ms
VariableFor in 711ms
RMI Selector (Host: 127.0.0.1, Port: 10000): KO
org.apache.commons.math.distribution.NormalDistributionTest#testInverseCumulativeProbabilityExtremes
<No Strat> Status: Ok
org.apache.commons.math.distribution.NormalDistributionTest#testExtremeValues
<No Strat> Status: Ko
org.apache.commons.math.distribution.NormalDistributionTest#testDensity
<No Strat> Status: Ok
org.apache.commons.math.distribution.NormalDistributionTest#testPreconditions
<No Strat> Status: Ok
org.apache.commons.math.distribution.NormalDistributionTest#testGetMean
<No Strat> Status: Ok
org.apache.commons.math.distribution.NormalDistributionTest#testQuantiles
<No Strat> Status: Ok
org.apache.commons.math.distribution.NormalDistributionTest#testGetStandardDeviation
<No Strat> Status: Ok
org.apache.commons.math.distribution.NormalDistributionTest#testMath280
<No Strat> Status: Ok
Multirun 8/100 8%
org.apache.commons.math.distribution.NormalDistributionTest#testExtremeValues
<No Strat> Status: Ko
org.apache.commons.math.distribution.NormalDistributionTest#testExtremeValues
<No Strat> Status: Ko
org.apache.commons.math.distribution.NormalDistributionTest#testExtremeValues
<No Strat> Status: Ko
org.apache.commons.math.distribution.NormalDistributionTest#testExtremeValues
<No Strat> Status: Ko
org.apache.commons.math.distribution.NormalDistributionTest#testExtremeValues
<No Strat> Status: Ko
org.apache.commons.math.distribution.NormalDistributionTest#testExtremeValues
<No Strat> Status: Ko
2529.23user 4.24system 38:57.20elapsed 108%CPU (0avgtext+0avgdata 1934064maxresident)k
20544inputs+37536outputs (1major+532004minor)pagefaults 0swaps


Node: petitprince-3.luxembourg.grid5000.fr



Date: Sat Dec 29 20:09:44 EST 2018

