cd /tmp/Kali_Bears_spring-projects-spring-data-commons_185852074-193313389;
export JAVA_TOOL_OPTIONS="-Dfile.encoding=UTF8 -Duser.language=en-US -Duser.country=US -Duser.language=en";
TZ="America/New_York"; export TZ;
export PATH="/usr/lib/jvm/java-1.8.0-openjdk-amd64/bin/:$PATH";
export JAVA_HOME="/usr/lib/jvm/java-1.8.0-openjdk-amd64/bin/";
timeout 120m java -Xmx4g -Xms1g -cp /home/tdurieux/defects4j4repair/script/../libs/jmetal.jar:/home/tdurieux/defects4j4repair/script/../repair_tools/arja.jar us.msu.cse.repair.Main \
	Kali \
	-DexternalProjRoot /home/tdurieux/defects4j4repair/script/../libs/arja_external \
	-DsrcJavaDir /tmp/Kali_Bears_spring-projects-spring-data-commons_185852074-193313389/src/main/java \
	-DbinJavaDir /tmp/Kali_Bears_spring-projects-spring-data-commons_185852074-193313389/target/classes \
	-DbinTestDir /tmp/Kali_Bears_spring-projects-spring-data-commons_185852074-193313389/target/test-classes \
	-DdiffFormat true \
	-Dseed 0 \
	-Ddependences /home/tdurieux/.m2/repository/javax/inject/javax.inject/1/javax.inject-1.jar:/home/tdurieux/.m2/repository/com/jayway/jsonpath/json-path/2.0.0/json-path-2.0.0.jar:/home/tdurieux/.m2/repository/javax/annotation/jsr250-api/1.0/jsr250-api-1.0.jar:/home/tdurieux/.m2/repository/com/mysema/querydsl/querydsl-core/3.6.9/querydsl-core-3.6.9.jar:/home/tdurieux/.m2/repository/org/eclipse/jdt/core/compiler/ecj/4.3.1/ecj-4.3.1.jar:/home/tdurieux/.m2/repository/ch/qos/logback/logback-core/1.1.7/logback-core-1.1.7.jar:/home/tdurieux/.m2/repository/org/apache/geronimo/specs/geronimo-jcdi_1.0_spec/1.0/geronimo-jcdi_1.0_spec-1.0.jar:/home/tdurieux/.m2/repository/org/hamcrest/hamcrest-library/1.3/hamcrest-library-1.3.jar:/home/tdurieux/.m2/repository/xmlunit/xmlunit/1.6/xmlunit-1.6.jar:/home/tdurieux/.m2/repository/org/springframework/spring-webmvc/4.1.9.RELEASE/spring-webmvc-4.1.9.RELEASE.jar:/home/tdurieux/.m2/repository/org/objenesis/objenesis/2.1/objenesis-2.1.jar:/home/tdurieux/.m2/repository/ch/qos/logback/logback-classic/1.1.7/logback-classic-1.1.7.jar:/home/tdurieux/.m2/repository/org/springframework/spring-test/4.1.9.RELEASE/spring-test-4.1.9.RELEASE.jar:/home/tdurieux/.m2/repository/net/minidev/asm/1.0.2/asm-1.0.2.jar:/home/tdurieux/.m2/repository/org/apache/openwebbeans/test/cditest-owb/1.2.8/cditest-owb-1.2.8.jar:/home/tdurieux/.m2/repository/org/springframework/spring-oxm/4.1.9.RELEASE/spring-oxm-4.1.9.RELEASE.jar:/home/tdurieux/.m2/repository/com/fasterxml/jackson/core/jackson-core/2.6.7/jackson-core-2.6.7.jar:/home/tdurieux/.m2/repository/asm/asm/3.3.1/asm-3.3.1.jar:/home/tdurieux/.m2/repository/com/mysema/querydsl/querydsl-codegen/3.6.9/querydsl-codegen-3.6.9.jar:/home/tdurieux/.m2/repository/org/springframework/spring-web/4.1.9.RELEASE/spring-web-4.1.9.RELEASE.jar:/home/tdurieux/.m2/repository/com/mysema/querydsl/querydsl-apt/3.6.9/querydsl-apt-3.6.9.jar:/home/tdurieux/.m2/repository/javax/activation/activation/1.1/activation-1.1.jar:/home/tdurieux/.m2/repository/org/springframework/spring-tx/4.1.9.RELEASE/spring-tx-4.1.9.RELEASE.jar:/home/tdurieux/.m2/repository/com/fasterxml/jackson/core/jackson-databind/2.6.7/jackson-databind-2.6.7.jar:/home/tdurieux/.m2/repository/org/threeten/threetenbp/1.3.2/threetenbp-1.3.2.jar:/home/tdurieux/.m2/repository/com/mysema/codegen/codegen/0.6.8/codegen-0.6.8.jar:/home/tdurieux/.m2/repository/org/mockito/mockito-core/1.10.19/mockito-core-1.10.19.jar:/home/tdurieux/.m2/repository/org/apache/openwebbeans/openwebbeans-spi/1.2.8/openwebbeans-spi-1.2.8.jar:/home/tdurieux/.m2/repository/javax/servlet/javax.servlet-api/3.0.1/javax.servlet-api-3.0.1.jar:/home/tdurieux/.m2/repository/com/mysema/querydsl/querydsl-collections/3.6.9/querydsl-collections-3.6.9.jar:/home/tdurieux/.m2/repository/aopalliance/aopalliance/1.0/aopalliance-1.0.jar:/home/tdurieux/.m2/repository/org/apache/openwebbeans/test/cditest/1.2.8/cditest-1.2.8.jar:/home/tdurieux/.m2/repository/com/fasterxml/jackson/core/jackson-annotations/2.6.0/jackson-annotations-2.6.0.jar:/home/tdurieux/.m2/repository/org/apache/xbean/xbean-finder-shaded/4.1/xbean-finder-shaded-4.1.jar:/home/tdurieux/.m2/repository/net/minidev/json-smart/2.1.1/json-smart-2.1.1.jar:/home/tdurieux/.m2/repository/org/hamcrest/hamcrest-core/1.3/hamcrest-core-1.3.jar:/home/tdurieux/.m2/repository/org/springframework/spring-expression/4.1.9.RELEASE/spring-expression-4.1.9.RELEASE.jar:/home/tdurieux/.m2/repository/com/infradna/tool/bridge-method-annotation/1.13/bridge-method-annotation-1.13.jar:/home/tdurieux/.m2/repository/org/springframework/hateoas/spring-hateoas/0.19.0.RELEASE/spring-hateoas-0.19.0.RELEASE.jar:/home/tdurieux/.m2/repository/org/apache/xbean/xbean-asm5-shaded/4.1/xbean-asm5-shaded-4.1.jar:/home/tdurieux/.m2/repository/com/sun/xml/bind/jaxb-impl/2.2.3U1/jaxb-impl-2.2.3U1.jar:/home/tdurieux/.m2/repository/org/springframework/spring-context/4.1.9.RELEASE/spring-context-4.1.9.RELEASE.jar:/home/tdurieux/.m2/repository/org/jboss/interceptor/jboss-interceptor-api/1.1/jboss-interceptor-api-1.1.jar:/home/tdurieux/.m2/repository/org/codehaus/groovy/groovy-all/2.4.4/groovy-all-2.4.4.jar:/home/tdurieux/.m2/repository/org/slf4j/slf4j-api/1.7.21/slf4j-api-1.7.21.jar:/home/tdurieux/.m2/repository/org/springframework/spring-aop/4.1.9.RELEASE/spring-aop-4.1.9.RELEASE.jar:/home/tdurieux/.m2/repository/org/slf4j/jcl-over-slf4j/1.7.21/jcl-over-slf4j-1.7.21.jar:/home/tdurieux/.m2/repository/org/springframework/spring-core/4.1.9.RELEASE/spring-core-4.1.9.RELEASE.jar:/home/tdurieux/.m2/repository/joda-time/joda-time/2.8.2/joda-time-2.8.2.jar:/home/tdurieux/.m2/repository/javax/xml/stream/stax-api/1.0-2/stax-api-1.0-2.jar:/home/tdurieux/.m2/repository/junit/junit/4.12/junit-4.12.jar:/home/tdurieux/.m2/repository/org/apache/geronimo/specs/geronimo-atinject_1.0_spec/1.0/geronimo-atinject_1.0_spec-1.0.jar:/home/tdurieux/.m2/repository/com/mysema/commons/mysema-commons-lang/0.2.4/mysema-commons-lang-0.2.4.jar:/home/tdurieux/.m2/repository/org/springframework/spring-beans/4.1.9.RELEASE/spring-beans-4.1.9.RELEASE.jar:/home/tdurieux/.m2/repository/javax/enterprise/cdi-api/1.0/cdi-api-1.0.jar:/home/tdurieux/.m2/repository/org/apache/openwebbeans/openwebbeans-impl/1.2.8/openwebbeans-impl-1.2.8.jar:/home/tdurieux/.m2/repository/javax/ejb/ejb-api/3.0/ejb-api-3.0.jar:/home/tdurieux/.m2/repository/javax/xml/bind/jaxb-api/2.2.2/jaxb-api-2.2.2.jar:/home/tdurieux/.m2/repository/javax/transaction/javax.transaction-api/1.2/javax.transaction-api-1.2.jar:/home/tdurieux/.m2/repository/com/google/code/findbugs/jsr305/1.3.9/jsr305-1.3.9.jar:/home/tdurieux/.m2/repository/com/google/guava/guava/18.0/guava-18.0.jar:/home/tdurieux/.m2/repository/javax/el/el-api/1.0/el-api-1.0.jar;
	echo "\n\nNode: `hostname`\n";
	echo "\n\nDate: `date`\n";
Picked up JAVA_TOOL_OPTIONS: -Dfile.encoding=UTF8 -Duser.language=en-US -Duser.country=US -Duser.language=en
Fault localization starts...
Number of positive tests: 1130
Number of negative tests: 1
Fault localization is finished!
AST parsing starts...
AST parsing is finished!
Detection of local variables starts...
Detection of local variables is finished!
Detection of fields starts...
Detection of fields is finished!
Detection of methods starts...
Detection of methods is finished!
Ingredient screener starts...
Ingredient screener is finished!
Initialization of manipulations starts...
Initialization of manipulations is finished!
Filtering of the tests starts...
Number of positive tests considered: 0
Filtering of the tests is finished!


Node: graphene-62.nancy.grid5000.fr



Date: Thu Dec 27 05:28:40 EST 2018

