cd /tmp/jMutRepair_Bears_FasterXML-jackson-databind_223024976-223291136;
export JAVA_TOOL_OPTIONS="-Dfile.encoding=UTF8 -Duser.language=en-US -Duser.country=US -Duser.language=en";
TZ="America/New_York"; export TZ;
export PATH="/usr/lib/jvm/java-1.8.0-openjdk-amd64/bin/:$PATH";
export JAVA_HOME="/usr/lib/jvm/java-1.8.0-openjdk-amd64/bin/";
time java -Xmx4g -Xms1g -cp /home/tdurieux/defects4j4repair/script/../libs/jtestex7.jar:/home/tdurieux/defects4j4repair/script/../repair_tools/astor.jar fr.inria.main.evolution.AstorMain \
	-mode jMutRepair \
	-location . \
	-id FasterXML-jackson-databind-223024976-223291136 \
	-failing com.fasterxml.jackson.databind.objectid.AlwaysAsReferenceFirstTest \
	-jvm4testexecution /usr/lib/jvm/java-1.8.0-openjdk-amd64/bin/ \
	-jvm4evosuitetestexecution /usr/lib/jvm/java-1.8.0-openjdk-amd64/bin/ \
	-maxgen 1000000 \
	-maxtime 120 \
	-stopfirst true \
	-seed 0 \
	-scope local \
	-population 1 \
	-javacompliancelevel 8 \
	-srcjavafolder src/main/java \
	-srctestfolder src/test/java \
	-binjavafolder target/classes \
	-bintestfolder target/test-classes \
	-parameters x:x \
	-dependencies /home/tdurieux/.m2/repository/com/fasterxml/jackson/core/jackson-core/2.7.9/jackson-core-2.7.9.jar:/home/tdurieux/.m2/repository/javax/measure/jsr-275/0.9.1/jsr-275-0.9.1.jar:/home/tdurieux/.m2/repository/junit/junit/4.12/junit-4.12.jar:/home/tdurieux/.m2/repository/org/powermock/powermock-module-junit4-common/1.6.3/powermock-module-junit4-common-1.6.3.jar:/home/tdurieux/.m2/repository/org/powermock/powermock-reflect/1.6.3/powermock-reflect-1.6.3.jar:/home/tdurieux/.m2/repository/org/objenesis/objenesis/2.1/objenesis-2.1.jar:/home/tdurieux/.m2/repository/com/fasterxml/jackson/core/jackson-annotations/2.7.0/jackson-annotations-2.7.0.jar:/home/tdurieux/.m2/repository/org/powermock/powermock-core/1.6.3/powermock-core-1.6.3.jar:/home/tdurieux/.m2/repository/org/powermock/powermock-module-junit4/1.6.3/powermock-module-junit4-1.6.3.jar:/home/tdurieux/.m2/repository/org/powermock/powermock-api-mockito/1.6.3/powermock-api-mockito-1.6.3.jar:/home/tdurieux/.m2/repository/org/mockito/mockito-all/1.10.19/mockito-all-1.10.19.jar:/home/tdurieux/.m2/repository/org/hamcrest/hamcrest-core/1.3/hamcrest-core-1.3.jar:/home/tdurieux/.m2/repository/org/javassist/javassist/3.20.0-GA/javassist-3.20.0-GA.jar:/home/tdurieux/.m2/repository/org/powermock/powermock-api-support/1.6.3/powermock-api-support-1.6.3.jar;
	echo "\n\nNode: `hostname`\n";
	echo "\n\nDate: `date`\n";
Picked up JAVA_TOOL_OPTIONS: -Dfile.encoding=UTF8 -Duser.language=en-US -Duser.country=US -Duser.language=en
2018-12-27 03:18:37,146 INFO main - command line arguments: [-mode  jMutRepair  -location  .  -id  FasterXML-jackson-databind-223024976-223291136  -failing  com.fasterxml.jackson.databind.objectid.AlwaysAsReferenceFirstTest  -jvm4testexecution  /usr/lib/jvm/java-1.8.0-openjdk-amd64/bin/  -jvm4evosuitetestexecution  /usr/lib/jvm/java-1.8.0-openjdk-amd64/bin/  -maxgen  1000000  -maxtime  120  -stopfirst  true  -seed  0  -scope  local  -population  1  -javacompliancelevel  8  -srcjavafolder  src/main/java  -srctestfolder  src/test/java  -binjavafolder  target/classes  -bintestfolder  target/test-classes  -parameters  x:x  -dependencies  /home/tdurieux/.m2/repository/com/fasterxml/jackson/core/jackson-core/2.7.9/jackson-core-2.7.9.jar:/home/tdurieux/.m2/repository/javax/measure/jsr-275/0.9.1/jsr-275-0.9.1.jar:/home/tdurieux/.m2/repository/junit/junit/4.12/junit-4.12.jar:/home/tdurieux/.m2/repository/org/powermock/powermock-module-junit4-common/1.6.3/powermock-module-junit4-common-1.6.3.jar:/home/tdurieux/.m2/repository/org/powermock/powermock-reflect/1.6.3/powermock-reflect-1.6.3.jar:/home/tdurieux/.m2/repository/org/objenesis/objenesis/2.1/objenesis-2.1.jar:/home/tdurieux/.m2/repository/com/fasterxml/jackson/core/jackson-annotations/2.7.0/jackson-annotations-2.7.0.jar:/home/tdurieux/.m2/repository/org/powermock/powermock-core/1.6.3/powermock-core-1.6.3.jar:/home/tdurieux/.m2/repository/org/powermock/powermock-module-junit4/1.6.3/powermock-module-junit4-1.6.3.jar:/home/tdurieux/.m2/repository/org/powermock/powermock-api-mockito/1.6.3/powermock-api-mockito-1.6.3.jar:/home/tdurieux/.m2/repository/org/mockito/mockito-all/1.10.19/mockito-all-1.10.19.jar:/home/tdurieux/.m2/repository/org/hamcrest/hamcrest-core/1.3/hamcrest-core-1.3.jar:/home/tdurieux/.m2/repository/org/javassist/javassist/3.20.0-GA/javassist-3.20.0-GA.jar:/home/tdurieux/.m2/repository/org/powermock/powermock-api-support/1.6.3/powermock-api-support-1.6.3.jar]
2018-12-27 03:18:37,148 INFO fr.inria.main.evolution.AstorMain - Running Astor on a JDK at /usr/lib/jvm/java-8-openjdk-amd64/jre
[INFO ] fr.inria.main.AbstractMain.determineSourceFolders(AbstractMain.java:842) - Source folders: [/tmp/jMutRepair_Bears_FasterXML-jackson-databind_223024976-223291136/./src/main/java]
[INFO ] fr.inria.main.AbstractMain.determineSourceFolders(AbstractMain.java:861) - Source Test folders: [/tmp/jMutRepair_Bears_FasterXML-jackson-databind_223024976-223291136/./src/test/java]
[INFO ] fr.inria.astor.core.faultlocalization.gzoltar.GZoltarFaultLocalization.calculateSuspicious(GZoltarFaultLocalization.java:75) - -Executing Gzoltar classpath: /tmp/jMutRepair_Bears_FasterXML-jackson-databind_223024976-223291136/./output_astor/AstorMain-FasterXML-jackson-databind-223024976-223291136//bin//default from 341 classes with test cases
[INFO ] fr.inria.astor.core.faultlocalization.gzoltar.GZoltarFaultLocalization.searchSuspicious(GZoltarFaultLocalization.java:149) - Gzoltar fault localization: min susp value parameter: 0.1
[INFO ] fr.inria.astor.core.faultlocalization.gzoltar.GZoltarFaultLocalization.searchSuspicious(GZoltarFaultLocalization.java:169) - -gz-Adding classpath: [/tmp/jMutRepair_Bears_FasterXML-jackson-databind_223024976-223291136/./output_astor/AstorMain-FasterXML-jackson-databind-223024976-223291136//bin//default, /home/tdurieux/.m2/repository/com/fasterxml/jackson/core/jackson-core/2.7.9/jackson-core-2.7.9.jar, /home/tdurieux/.m2/repository/javax/measure/jsr-275/0.9.1/jsr-275-0.9.1.jar, /home/tdurieux/.m2/repository/junit/junit/4.12/junit-4.12.jar, /home/tdurieux/.m2/repository/org/powermock/powermock-module-junit4-common/1.6.3/powermock-module-junit4-common-1.6.3.jar, /home/tdurieux/.m2/repository/org/powermock/powermock-reflect/1.6.3/powermock-reflect-1.6.3.jar, /home/tdurieux/.m2/repository/org/objenesis/objenesis/2.1/objenesis-2.1.jar, /home/tdurieux/.m2/repository/com/fasterxml/jackson/core/jackson-annotations/2.7.0/jackson-annotations-2.7.0.jar, /home/tdurieux/.m2/repository/org/powermock/powermock-core/1.6.3/powermock-core-1.6.3.jar, /home/tdurieux/.m2/repository/org/powermock/powermock-module-junit4/1.6.3/powermock-module-junit4-1.6.3.jar, /home/tdurieux/.m2/repository/org/powermock/powermock-api-mockito/1.6.3/powermock-api-mockito-1.6.3.jar, /home/tdurieux/.m2/repository/org/mockito/mockito-all/1.10.19/mockito-all-1.10.19.jar, /home/tdurieux/.m2/repository/org/hamcrest/hamcrest-core/1.3/hamcrest-core-1.3.jar, /home/tdurieux/.m2/repository/org/javassist/javassist/3.20.0-GA/javassist-3.20.0-GA.jar, /home/tdurieux/.m2/repository/org/powermock/powermock-api-support/1.6.3/powermock-api-support-1.6.3.jar]
[INFO ] fr.inria.astor.core.faultlocalization.gzoltar.GZoltarFaultLocalization.searchSuspicious(GZoltarFaultLocalization.java:206) - Test failt: com.fasterxml.jackson.databind.deser.TestAbstract#testAbstractFailure
[INFO ] fr.inria.astor.core.faultlocalization.gzoltar.GZoltarFaultLocalization.searchSuspicious(GZoltarFaultLocalization.java:206) - Test failt: com.fasterxml.jackson.databind.introspect.TestScalaLikeImplicitProperties#testVarProperty
[INFO ] fr.inria.astor.core.faultlocalization.gzoltar.GZoltarFaultLocalization.searchSuspicious(GZoltarFaultLocalization.java:206) - Test failt: com.fasterxml.jackson.databind.introspect.TestScalaLikeImplicitProperties#testVarWithBeanProperty
[INFO ] fr.inria.astor.core.faultlocalization.gzoltar.GZoltarFaultLocalization.searchSuspicious(GZoltarFaultLocalization.java:206) - Test failt: com.fasterxml.jackson.databind.util.TestClassUtil#testDescs
[INFO ] fr.inria.astor.core.faultlocalization.gzoltar.GZoltarFaultLocalization.searchSuspicious(GZoltarFaultLocalization.java:206) - Test failt: com.fasterxml.jackson.databind.util.TestClassUtil#testExceptionHelpers
[INFO ] fr.inria.astor.core.faultlocalization.gzoltar.GZoltarFaultLocalization.searchSuspicious(GZoltarFaultLocalization.java:206) - Test failt: com.fasterxml.jackson.databind.deser.TestConfig#testOverrideIntrospectors
[INFO ] fr.inria.astor.core.faultlocalization.gzoltar.GZoltarFaultLocalization.searchSuspicious(GZoltarFaultLocalization.java:206) - Test failt: com.fasterxml.jackson.databind.filter.TestMapFiltering#testMapFilteringWithAnnotations
[INFO ] fr.inria.astor.core.faultlocalization.gzoltar.GZoltarFaultLocalization.searchSuspicious(GZoltarFaultLocalization.java:206) - Test failt: com.fasterxml.jackson.databind.filter.TestMapFiltering#testMapNullSerialization
[INFO ] fr.inria.astor.core.faultlocalization.gzoltar.GZoltarFaultLocalization.searchSuspicious(GZoltarFaultLocalization.java:206) - Test failt: com.fasterxml.jackson.failing.ReadWriteOnlyProp935Test#testReadOnlyAndWriteOnly
[INFO ] fr.inria.astor.core.faultlocalization.gzoltar.GZoltarFaultLocalization.searchSuspicious(GZoltarFaultLocalization.java:206) - Test failt: com.fasterxml.jackson.databind.deser.TestAnyProperties#testBrokenWithDoubleAnnotations
[INFO ] fr.inria.astor.core.faultlocalization.gzoltar.GZoltarFaultLocalization.searchSuspicious(GZoltarFaultLocalization.java:206) - Test failt: com.fasterxml.jackson.failing.RequireSetterForGetter736Test#testNeedForSetters
[INFO ] fr.inria.astor.core.faultlocalization.gzoltar.GZoltarFaultLocalization.searchSuspicious(GZoltarFaultLocalization.java:206) - Test failt: com.fasterxml.jackson.databind.deser.TestExceptionDeserialization#testFailingNoSerdeConstructor
[INFO ] fr.inria.astor.core.faultlocalization.gzoltar.GZoltarFaultLocalization.searchSuspicious(GZoltarFaultLocalization.java:206) - Test failt: com.fasterxml.jackson.databind.deser.TestExceptionHandling#testExceptionWithEmpty
[INFO ] fr.inria.astor.core.faultlocalization.gzoltar.GZoltarFaultLocalization.searchSuspicious(GZoltarFaultLocalization.java:206) - Test failt: com.fasterxml.jackson.databind.deser.TestExceptionHandling#testExceptionWithEOF
[INFO ] fr.inria.astor.core.faultlocalization.gzoltar.GZoltarFaultLocalization.searchSuspicious(GZoltarFaultLocalization.java:206) - Test failt: com.fasterxml.jackson.databind.introspect.TestAutoDetect#testPrivateCtor
[INFO ] fr.inria.astor.core.faultlocalization.gzoltar.GZoltarFaultLocalization.searchSuspicious(GZoltarFaultLocalization.java:206) - Test failt: com.fasterxml.jackson.failing.ImplicitParamsForCreator806Test#testImplicitNameWithNamingStrategy
[INFO ] fr.inria.astor.core.faultlocalization.gzoltar.GZoltarFaultLocalization.searchSuspicious(GZoltarFaultLocalization.java:206) - Test failt: com.fasterxml.jackson.databind.TestStdDateFormat#testLenient
[INFO ] fr.inria.astor.core.faultlocalization.gzoltar.GZoltarFaultLocalization.searchSuspicious(GZoltarFaultLocalization.java:206) - Test failt: com.fasterxml.jackson.databind.TestStdDateFormat#testInvalid
[INFO ] fr.inria.astor.core.faultlocalization.gzoltar.GZoltarFaultLocalization.searchSuspicious(GZoltarFaultLocalization.java:206) - Test failt: com.fasterxml.jackson.databind.ser.TestFeatures#testPerClassAutoDetection
[INFO ] fr.inria.astor.core.faultlocalization.gzoltar.GZoltarFaultLocalization.searchSuspicious(GZoltarFaultLocalization.java:206) - Test failt: com.fasterxml.jackson.databind.ser.TestFeatures#testPerClassAutoDetectionForIsGetter
[INFO ] fr.inria.astor.core.faultlocalization.gzoltar.GZoltarFaultLocalization.searchSuspicious(GZoltarFaultLocalization.java:206) - Test failt: com.fasterxml.jackson.failing.TestSetterlessProperties501#testSetterlessWithPolymorphic
[INFO ] fr.inria.astor.core.faultlocalization.gzoltar.GZoltarFaultLocalization.searchSuspicious(GZoltarFaultLocalization.java:206) - Test failt: com.fasterxml.jackson.databind.contextual.TestContextualWithAnnDeserializer#testAnnotatedContextual
[INFO ] fr.inria.astor.core.faultlocalization.gzoltar.GZoltarFaultLocalization.searchSuspicious(GZoltarFaultLocalization.java:206) - Test failt: com.fasterxml.jackson.databind.jsontype.TestExternalId#testWithAsValue
[INFO ] fr.inria.astor.core.faultlocalization.gzoltar.GZoltarFaultLocalization.searchSuspicious(GZoltarFaultLocalization.java:206) - Test failt: com.fasterxml.jackson.databind.deser.TestExceptionHandlingWithJsonCreatorDeserialization#testShouldThrowJsonMappingExceptionWithPathReference
[INFO ] fr.inria.astor.core.faultlocalization.gzoltar.GZoltarFaultLocalization.searchSuspicious(GZoltarFaultLocalization.java:206) - Test failt: com.fasterxml.jackson.failing.InnerClassCreator1502Test#testIssue1501
[INFO ] fr.inria.astor.core.faultlocalization.gzoltar.GZoltarFaultLocalization.searchSuspicious(GZoltarFaultLocalization.java:206) - Test failt: com.fasterxml.jackson.failing.InnerClassCreator1502Test#testIssue1502
[INFO ] fr.inria.astor.core.faultlocalization.gzoltar.GZoltarFaultLocalization.searchSuspicious(GZoltarFaultLocalization.java:206) - Test failt: com.fasterxml.jackson.databind.TestObjectMapperBeanDeserializer#testFromLongCtor
[INFO ] fr.inria.astor.core.faultlocalization.gzoltar.GZoltarFaultLocalization.searchSuspicious(GZoltarFaultLocalization.java:206) - Test failt: com.fasterxml.jackson.databind.TestObjectMapperBeanDeserializer#testFromDoubleCtor
[INFO ] fr.inria.astor.core.faultlocalization.gzoltar.GZoltarFaultLocalization.searchSuspicious(GZoltarFaultLocalization.java:206) - Test failt: com.fasterxml.jackson.databind.TestObjectMapperBeanDeserializer#testFromIntCtor
[INFO ] fr.inria.astor.core.faultlocalization.gzoltar.GZoltarFaultLocalization.searchSuspicious(GZoltarFaultLocalization.java:206) - Test failt: com.fasterxml.jackson.databind.deser.TestDateDeserialization#testInvalidFormat
[INFO ] fr.inria.astor.core.faultlocalization.gzoltar.GZoltarFaultLocalization.searchSuspicious(GZoltarFaultLocalization.java:206) - Test failt: com.fasterxml.jackson.databind.creators.TestCreators2#testIgnoredSingleArgCtor
[INFO ] fr.inria.astor.core.faultlocalization.gzoltar.GZoltarFaultLocalization.searchSuspicious(GZoltarFaultLocalization.java:206) - Test failt: com.fasterxml.jackson.databind.jsontype.TestSubtypes#testDefaultImplViaModule
[INFO ] fr.inria.astor.core.faultlocalization.gzoltar.GZoltarFaultLocalization.searchSuspicious(GZoltarFaultLocalization.java:206) - Test failt: com.fasterxml.jackson.failing.TestUnwrappedWithUnknown650#testFailOnUnknownPropertyUnwrapped
[INFO ] fr.inria.astor.core.faultlocalization.gzoltar.GZoltarFaultLocalization.searchSuspicious(GZoltarFaultLocalization.java:206) - Test failt: com.fasterxml.jackson.failing.BuilderDeserializationTest921#testWithBuilder
[INFO ] fr.inria.astor.core.faultlocalization.gzoltar.GZoltarFaultLocalization.searchSuspicious(GZoltarFaultLocalization.java:206) - Test failt: com.fasterxml.jackson.databind.convert.TestBeanConversions#testErrorReporting
[INFO ] fr.inria.astor.core.faultlocalization.gzoltar.GZoltarFaultLocalization.searchSuspicious(GZoltarFaultLocalization.java:206) - Test failt: com.fasterxml.jackson.failing.TestObjectIdDeserialization#testForwardReferenceInEnumMap
[INFO ] fr.inria.astor.core.faultlocalization.gzoltar.GZoltarFaultLocalization.searchSuspicious(GZoltarFaultLocalization.java:206) - Test failt: com.fasterxml.jackson.failing.TestObjectIdDeserialization#testForwardReferenceInArray
[INFO ] fr.inria.astor.core.faultlocalization.gzoltar.GZoltarFaultLocalization.searchSuspicious(GZoltarFaultLocalization.java:206) - Test failt: com.fasterxml.jackson.failing.TestObjectIdDeserialization#testForwardReferenceWithDefensiveCopy
[INFO ] fr.inria.astor.core.faultlocalization.gzoltar.GZoltarFaultLocalization.searchSuspicious(GZoltarFaultLocalization.java:206) - Test failt: com.fasterxml.jackson.databind.convert.NumericConversionTest#testDoubleToInt
[INFO ] fr.inria.astor.core.faultlocalization.gzoltar.GZoltarFaultLocalization.searchSuspicious(GZoltarFaultLocalization.java:206) - Test failt: com.fasterxml.jackson.databind.convert.NumericConversionTest#testDoubleToLong
[INFO ] fr.inria.astor.core.faultlocalization.gzoltar.GZoltarFaultLocalization.searchSuspicious(GZoltarFaultLocalization.java:206) - Test failt: com.fasterxml.jackson.failing.TestUnwrappedMap171#testMapUnwrapDeserialize
[INFO ] fr.inria.astor.core.faultlocalization.gzoltar.GZoltarFaultLocalization.searchSuspicious(GZoltarFaultLocalization.java:206) - Test failt: com.fasterxml.jackson.failing.TestUnwrappedMap171#testMapUnwrapSerialize
[INFO ] fr.inria.astor.core.faultlocalization.gzoltar.GZoltarFaultLocalization.searchSuspicious(GZoltarFaultLocalization.java:206) - Test failt: com.fasterxml.jackson.databind.introspect.NoClassDefFoundWorkaroundTest#testClassIsMissing
[INFO ] fr.inria.astor.core.faultlocalization.gzoltar.GZoltarFaultLocalization.searchSuspicious(GZoltarFaultLocalization.java:206) - Test failt: com.fasterxml.jackson.databind.introspect.NoClassDefFoundWorkaroundTest#testUseMissingClass
[INFO ] fr.inria.astor.core.faultlocalization.gzoltar.GZoltarFaultLocalization.searchSuspicious(GZoltarFaultLocalization.java:206) - Test failt: com.fasterxml.jackson.databind.ser.TestConfig#testOverrideIntrospectors
[INFO ] fr.inria.astor.core.faultlocalization.gzoltar.GZoltarFaultLocalization.searchSuspicious(GZoltarFaultLocalization.java:206) - Test failt: com.fasterxml.jackson.databind.jsontype.TestDefaultForObject#testNoGoWithExternalProperty
[INFO ] fr.inria.astor.core.faultlocalization.gzoltar.GZoltarFaultLocalization.searchSuspicious(GZoltarFaultLocalization.java:206) - Test failt: com.fasterxml.jackson.databind.jsontype.TestDefaultForObject#testAbstractBean
[INFO ] fr.inria.astor.core.faultlocalization.gzoltar.GZoltarFaultLocalization.searchSuspicious(GZoltarFaultLocalization.java:206) - Test failt: com.fasterxml.jackson.databind.deser.TestExceptionHandlingWithDefaultDeserialization#testShouldThrowJsonMappingExceptionWithPathReference
[INFO ] fr.inria.astor.core.faultlocalization.gzoltar.GZoltarFaultLocalization.searchSuspicious(GZoltarFaultLocalization.java:206) - Test failt: com.fasterxml.jackson.databind.deser.TestSimpleTypes#testEmptyToNullCoercionForPrimitives
[INFO ] fr.inria.astor.core.faultlocalization.gzoltar.GZoltarFaultLocalization.searchSuspicious(GZoltarFaultLocalization.java:206) - Test failt: com.fasterxml.jackson.databind.type.TestTypeFactory#testParametricTypes
[INFO ] fr.inria.astor.core.faultlocalization.gzoltar.GZoltarFaultLocalization.searchSuspicious(GZoltarFaultLocalization.java:206) - Test failt: com.fasterxml.jackson.databind.creators.BuilderSimpleTest#testBuilderMethodReturnInvalidType
[INFO ] fr.inria.astor.core.faultlocalization.gzoltar.GZoltarFaultLocalization.searchSuspicious(GZoltarFaultLocalization.java:206) - Test failt: com.fasterxml.jackson.databind.creators.MultiArgConstructorTest#testMultiArgNotVisible
[INFO ] fr.inria.astor.core.faultlocalization.gzoltar.GZoltarFaultLocalization.searchSuspicious(GZoltarFaultLocalization.java:206) - Test failt: com.fasterxml.jackson.databind.deser.TestJdkTypes#testNullForPrimitives
[INFO ] fr.inria.astor.core.faultlocalization.gzoltar.GZoltarFaultLocalization.searchSuspicious(GZoltarFaultLocalization.java:206) - Test failt: com.fasterxml.jackson.failing.TestPolymorphicDeserialization283#testName
[INFO ] fr.inria.astor.core.faultlocalization.gzoltar.GZoltarFaultLocalization.searchSuspicious(GZoltarFaultLocalization.java:206) - Test failt: com.fasterxml.jackson.databind.interop.TestFormatDetection#testInvalid
[INFO ] fr.inria.astor.core.faultlocalization.gzoltar.GZoltarFaultLocalization.searchSuspicious(GZoltarFaultLocalization.java:206) - Test failt: com.fasterxml.jackson.failing.ExternalId96Test#testWithDefaultAndMissing
[INFO ] fr.inria.astor.core.faultlocalization.gzoltar.GZoltarFaultLocalization.searchSuspicious(GZoltarFaultLocalization.java:206) - Test failt: com.fasterxml.jackson.databind.objectid.TestObjectIdSerialization#testInvalidProp
[INFO ] fr.inria.astor.core.faultlocalization.gzoltar.GZoltarFaultLocalization.searchSuspicious(GZoltarFaultLocalization.java:206) - Test failt: com.fasterxml.jackson.databind.ser.DateSerializationTest#testSqlDate
[INFO ] fr.inria.astor.core.faultlocalization.gzoltar.GZoltarFaultLocalization.searchSuspicious(GZoltarFaultLocalization.java:206) - Test failt: com.fasterxml.jackson.databind.deser.TestCollectionDeserialization#testArrayIndexForExceptions
[INFO ] fr.inria.astor.core.faultlocalization.gzoltar.GZoltarFaultLocalization.searchSuspicious(GZoltarFaultLocalization.java:206) - Test failt: com.fasterxml.jackson.failing.TestNonStaticInnerClassInList32#testInnerList
[INFO ] fr.inria.astor.core.faultlocalization.gzoltar.GZoltarFaultLocalization.searchSuspicious(GZoltarFaultLocalization.java:206) - Test failt: com.fasterxml.jackson.databind.module.TestSimpleModule#testWithoutModule
[INFO ] fr.inria.astor.core.faultlocalization.gzoltar.GZoltarFaultLocalization.searchSuspicious(GZoltarFaultLocalization.java:206) - Test failt: com.fasterxml.jackson.databind.ser.TestJsonValue#testPolymorphicSerdeWithDelegate
[INFO ] fr.inria.astor.core.faultlocalization.gzoltar.GZoltarFaultLocalization.searchSuspicious(GZoltarFaultLocalization.java:206) - Test failt: com.fasterxml.jackson.databind.deser.TestEnumDeserialization#testNumbersToEnums
[INFO ] fr.inria.astor.core.faultlocalization.gzoltar.GZoltarFaultLocalization.searchSuspicious(GZoltarFaultLocalization.java:206) - Test failt: com.fasterxml.jackson.databind.deser.TestEnumDeserialization#testDoNotAllowUnknownEnumValuesAsMapKeysWhenReadAsNullDisabled
[INFO ] fr.inria.astor.core.faultlocalization.gzoltar.GZoltarFaultLocalization.searchSuspicious(GZoltarFaultLocalization.java:206) - Test failt: com.fasterxml.jackson.databind.node.TestTreeTraversingParser#testTextAsBinary
[INFO ] fr.inria.astor.core.faultlocalization.gzoltar.GZoltarFaultLocalization.searchSuspicious(GZoltarFaultLocalization.java:206) - Test failt: com.fasterxml.jackson.failing.TestUnwrappedWithCreator265#testUnwrappedWithCreator
[INFO ] fr.inria.astor.core.faultlocalization.gzoltar.GZoltarFaultLocalization.searchSuspicious(GZoltarFaultLocalization.java:206) - Test failt: com.fasterxml.jackson.databind.filter.TestJsonFilter#testMissingFilter
[INFO ] fr.inria.astor.core.faultlocalization.gzoltar.GZoltarFaultLocalization.searchSuspicious(GZoltarFaultLocalization.java:206) - Test failt: com.fasterxml.jackson.databind.mixins.TestMixinSerForMethods#testObjectMixin
[INFO ] fr.inria.astor.core.faultlocalization.gzoltar.GZoltarFaultLocalization.searchSuspicious(GZoltarFaultLocalization.java:206) - Test failt: com.fasterxml.jackson.databind.mixins.TestMixinSerForMethods#testCustomResolver
[INFO ] fr.inria.astor.core.faultlocalization.gzoltar.GZoltarFaultLocalization.searchSuspicious(GZoltarFaultLocalization.java:218) - Gzoltar Test Result Total:1618, fails: 69, GZoltar suspicious 23075, with positive susp 8484
[INFO ] fr.inria.astor.core.faultlocalization.gzoltar.GZoltarFaultLocalization.searchSuspicious(GZoltarFaultLocalization.java:226) - nr test results 1618
[INFO ] fr.inria.astor.core.faultlocalization.gzoltar.GZoltarFaultLocalization.searchSuspicious(GZoltarFaultLocalization.java:271) - Gzoltar found: 1000 with susp > 0.1, we consider: 1000
[INFO ] fr.inria.astor.core.solutionsearch.AstorCoreEngine.initPopulation(AstorCoreEngine.java:689) - 
---- Creating spoon model
[INFO ] fr.inria.astor.core.solutionsearch.AstorCoreEngine.initModel(AstorCoreEngine.java:781) - Creating model,  Code location from working folder: /tmp/jMutRepair_Bears_FasterXML-jackson-databind_223024976-223291136/./output_astor/AstorMain-FasterXML-jackson-databind-223024976-223291136//src//default
[INFO ] fr.inria.astor.core.manipulation.MutationSupporter.buildModel(MutationSupporter.java:65) - building model: /tmp/jMutRepair_Bears_FasterXML-jackson-databind_223024976-223291136/./output_astor/AstorMain-FasterXML-jackson-databind-223024976-223291136//src//default, compliance level: 8
[INFO ] fr.inria.astor.core.manipulation.MutationSupporter.buildModel(MutationSupporter.java:78) - Classpath for building SpoonModel [/home/tdurieux/.m2/repository/com/fasterxml/jackson/core/jackson-core/2.7.9/jackson-core-2.7.9.jar, /home/tdurieux/.m2/repository/javax/measure/jsr-275/0.9.1/jsr-275-0.9.1.jar, /home/tdurieux/.m2/repository/junit/junit/4.12/junit-4.12.jar, /home/tdurieux/.m2/repository/org/powermock/powermock-module-junit4-common/1.6.3/powermock-module-junit4-common-1.6.3.jar, /home/tdurieux/.m2/repository/org/powermock/powermock-reflect/1.6.3/powermock-reflect-1.6.3.jar, /home/tdurieux/.m2/repository/org/objenesis/objenesis/2.1/objenesis-2.1.jar, /home/tdurieux/.m2/repository/com/fasterxml/jackson/core/jackson-annotations/2.7.0/jackson-annotations-2.7.0.jar, /home/tdurieux/.m2/repository/org/powermock/powermock-core/1.6.3/powermock-core-1.6.3.jar, /home/tdurieux/.m2/repository/org/powermock/powermock-module-junit4/1.6.3/powermock-module-junit4-1.6.3.jar, /home/tdurieux/.m2/repository/org/powermock/powermock-api-mockito/1.6.3/powermock-api-mockito-1.6.3.jar, /home/tdurieux/.m2/repository/org/mockito/mockito-all/1.10.19/mockito-all-1.10.19.jar, /home/tdurieux/.m2/repository/org/hamcrest/hamcrest-core/1.3/hamcrest-core-1.3.jar, /home/tdurieux/.m2/repository/org/javassist/javassist/3.20.0-GA/javassist-3.20.0-GA.jar, /home/tdurieux/.m2/repository/org/powermock/powermock-api-support/1.6.3/powermock-api-support-1.6.3.jar]
[ERROR] fr.inria.astor.core.solutionsearch.AstorCoreEngine.initModel(AstorCoreEngine.java:788) - Problem compiling the model with compliance level 8
[ERROR] fr.inria.astor.core.solutionsearch.AstorCoreEngine.initModel(AstorCoreEngine.java:790) - com.fasterxml.jackson.databind.cfg.PackageVersion cannot be resolved to a variable at /tmp/jMutRepair_Bears_FasterXML-jackson-databind_223024976-223291136/output_astor/AstorMain-FasterXML-jackson-databind-223024976-223291136/src/default/com/fasterxml/jackson/databind/introspect/NopAnnotationIntrospector.java:28
Exception in thread "main" spoon.compiler.ModelBuildingException: com.fasterxml.jackson.databind.cfg.PackageVersion cannot be resolved to a variable at /tmp/jMutRepair_Bears_FasterXML-jackson-databind_223024976-223291136/output_astor/AstorMain-FasterXML-jackson-databind-223024976-223291136/src/default/com/fasterxml/jackson/databind/introspect/NopAnnotationIntrospector.java:28
	at spoon.support.compiler.jdt.JDTBasedSpoonCompiler.report(JDTBasedSpoonCompiler.java:641)
	at spoon.support.compiler.jdt.JDTBasedSpoonCompiler.reportProblems(JDTBasedSpoonCompiler.java:622)
	at spoon.support.compiler.jdt.JDTBasedSpoonCompiler.build(JDTBasedSpoonCompiler.java:131)
	at spoon.support.compiler.jdt.JDTBasedSpoonCompiler.build(JDTBasedSpoonCompiler.java:113)
	at fr.inria.astor.core.manipulation.MutationSupporter.buildModel(MutationSupporter.java:81)
	at fr.inria.astor.core.solutionsearch.AstorCoreEngine.initModel(AstorCoreEngine.java:785)
	at fr.inria.astor.core.solutionsearch.AstorCoreEngine.initPopulation(AstorCoreEngine.java:691)
	at fr.inria.main.evolution.AstorMain.createEngine(AstorMain.java:127)
	at fr.inria.main.evolution.AstorMain.run(AstorMain.java:179)
	at fr.inria.main.evolution.AstorMain.execute(AstorMain.java:236)
	at fr.inria.main.evolution.AstorMain.main(AstorMain.java:210)
Command exited with non-zero status 1
66.48user 3.39system 0:28.42elapsed 245%CPU (0avgtext+0avgdata 1483836maxresident)k
47448inputs+49024outputs (3major+758981minor)pagefaults 0swaps


Node: graphene-65.nancy.grid5000.fr



Date: Thu Dec 27 03:19:05 EST 2018

