cd /tmp/jGenProg_IntroClassJava_grade_5b504b3547416bfd54f138b3caa529ad72d157744b787e0e6f4745a2ff0fc5cc33bc87904b2d7cda9c7858087b2e04ece46d53fe9edd208f68d30a0ae70f363f_000;
export JAVA_TOOL_OPTIONS="-Dfile.encoding=UTF8 -Duser.language=en-US -Duser.country=US -Duser.language=en";
TZ="America/New_York"; export TZ;
export PATH="/usr/lib/jvm/java-1.8.0-openjdk-amd64/bin/:$PATH";
export JAVA_HOME="/usr/lib/jvm/java-1.8.0-openjdk-amd64/bin/";
time java -Xmx4g -Xms1g -cp /home/tdurieux/defects4j4repair/script/../libs/jtestex7.jar:/home/tdurieux/defects4j4repair/script/../repair_tools/astor.jar fr.inria.main.evolution.AstorMain \
	-mode jgenprog \
	-location . \
	-id grade-5b504b3547416bfd54f138b3caa529ad72d157744b787e0e6f4745a2ff0fc5cc33bc87904b2d7cda9c7858087b2e04ece46d53fe9edd208f68d30a0ae70f363f_000 \
	-failing introclassJava.grade_5b504b35_000BlackboxTest:introclassJava.grade_5b504b35_000WhiteboxTest \
	-jvm4testexecution /home/tdurieux/openjdk-1.7.0/bin/ \
	-jvm4evosuitetestexecution /home/tdurieux/openjdk-1.7.0/bin/ \
	-maxgen 1000000 \
	-maxtime 120 \
	-stopfirst true \
	-seed 0 \
	-scope local \
	-population 1 \
	-javacompliancelevel 7 \
	-srcjavafolder src/main/java \
	-srctestfolder src/test/java \
	-binjavafolder target/classes \
	-bintestfolder target/test-classes \
	-parameters x:x \
	-dependencies /home/tdurieux/.m2/repository/junit/junit/4.11/junit-4.11.jar:/home/tdurieux/.m2/repository/org/hamcrest/hamcrest-core/1.3/hamcrest-core-1.3.jar;
	echo "\n\nNode: `hostname`\n";
	echo "\n\nDate: `date`\n";
Picked up JAVA_TOOL_OPTIONS: -Dfile.encoding=UTF8 -Duser.language=en-US -Duser.country=US -Duser.language=en
2018-12-07 03:19:02,157 INFO main - command line arguments: [-mode  jgenprog  -location  .  -id  grade-5b504b3547416bfd54f138b3caa529ad72d157744b787e0e6f4745a2ff0fc5cc33bc87904b2d7cda9c7858087b2e04ece46d53fe9edd208f68d30a0ae70f363f_000  -failing  introclassJava.grade_5b504b35_000BlackboxTest:introclassJava.grade_5b504b35_000WhiteboxTest  -jvm4testexecution  /home/tdurieux/openjdk-1.7.0/bin/  -jvm4evosuitetestexecution  /home/tdurieux/openjdk-1.7.0/bin/  -maxgen  1000000  -maxtime  120  -stopfirst  true  -seed  0  -scope  local  -population  1  -javacompliancelevel  7  -srcjavafolder  src/main/java  -srctestfolder  src/test/java  -binjavafolder  target/classes  -bintestfolder  target/test-classes  -parameters  x:x  -dependencies  /home/tdurieux/.m2/repository/junit/junit/4.11/junit-4.11.jar:/home/tdurieux/.m2/repository/org/hamcrest/hamcrest-core/1.3/hamcrest-core-1.3.jar]
2018-12-07 03:19:02,159 INFO fr.inria.main.evolution.AstorMain - Running Astor on a JDK at /usr/lib/jvm/java-8-openjdk-amd64/jre
[INFO ] fr.inria.main.AbstractMain.determineSourceFolders(AbstractMain.java:842) - Source folders: [/tmp/jGenProg_IntroClassJava_grade_5b504b3547416bfd54f138b3caa529ad72d157744b787e0e6f4745a2ff0fc5cc33bc87904b2d7cda9c7858087b2e04ece46d53fe9edd208f68d30a0ae70f363f_000/./src/main/java]
[INFO ] fr.inria.main.AbstractMain.determineSourceFolders(AbstractMain.java:861) - Source Test folders: [/tmp/jGenProg_IntroClassJava_grade_5b504b3547416bfd54f138b3caa529ad72d157744b787e0e6f4745a2ff0fc5cc33bc87904b2d7cda9c7858087b2e04ece46d53fe9edd208f68d30a0ae70f363f_000/./src/test/java]
[INFO ] fr.inria.astor.core.faultlocalization.gzoltar.GZoltarFaultLocalization.calculateSuspicious(GZoltarFaultLocalization.java:75) - -Executing Gzoltar classpath: /tmp/jGenProg_IntroClassJava_grade_5b504b3547416bfd54f138b3caa529ad72d157744b787e0e6f4745a2ff0fc5cc33bc87904b2d7cda9c7858087b2e04ece46d53fe9edd208f68d30a0ae70f363f_000/./output_astor/AstorMain-grade-5b504b3547416bfd54f138b3caa529ad72d157744b787e0e6f4745a2ff0fc5cc33bc87904b2d7cda9c7858087b2e04ece46d53fe9edd208f68d30a0ae70f363f_000//bin//default from 2 classes with test cases
[INFO ] fr.inria.astor.core.faultlocalization.gzoltar.GZoltarFaultLocalization.searchSuspicious(GZoltarFaultLocalization.java:149) - Gzoltar fault localization: min susp value parameter: 0.1
[INFO ] fr.inria.astor.core.faultlocalization.gzoltar.GZoltarFaultLocalization.searchSuspicious(GZoltarFaultLocalization.java:169) - -gz-Adding classpath: [/tmp/jGenProg_IntroClassJava_grade_5b504b3547416bfd54f138b3caa529ad72d157744b787e0e6f4745a2ff0fc5cc33bc87904b2d7cda9c7858087b2e04ece46d53fe9edd208f68d30a0ae70f363f_000/./output_astor/AstorMain-grade-5b504b3547416bfd54f138b3caa529ad72d157744b787e0e6f4745a2ff0fc5cc33bc87904b2d7cda9c7858087b2e04ece46d53fe9edd208f68d30a0ae70f363f_000//bin//default, /home/tdurieux/.m2/repository/junit/junit/4.11/junit-4.11.jar, /home/tdurieux/.m2/repository/org/hamcrest/hamcrest-core/1.3/hamcrest-core-1.3.jar]
[INFO ] fr.inria.astor.core.faultlocalization.gzoltar.GZoltarFaultLocalization.searchSuspicious(GZoltarFaultLocalization.java:206) - Test failt: introclassJava.grade_5b504b35_000BlackboxTest#test9
[INFO ] fr.inria.astor.core.faultlocalization.gzoltar.GZoltarFaultLocalization.searchSuspicious(GZoltarFaultLocalization.java:206) - Test failt: introclassJava.grade_5b504b35_000WhiteboxTest#test9
[INFO ] fr.inria.astor.core.faultlocalization.gzoltar.GZoltarFaultLocalization.searchSuspicious(GZoltarFaultLocalization.java:218) - Gzoltar Test Result Total:18, fails: 2, GZoltar suspicious 21, with positive susp 17
[INFO ] fr.inria.astor.core.faultlocalization.gzoltar.GZoltarFaultLocalization.searchSuspicious(GZoltarFaultLocalization.java:226) - nr test results 18
[INFO ] fr.inria.astor.core.faultlocalization.gzoltar.GZoltarFaultLocalization.searchSuspicious(GZoltarFaultLocalization.java:271) - Gzoltar found: 17 with susp > 0.1, we consider: 17
[INFO ] fr.inria.astor.core.solutionsearch.AstorCoreEngine.initPopulation(AstorCoreEngine.java:689) - 
---- Creating spoon model
[INFO ] fr.inria.astor.core.solutionsearch.AstorCoreEngine.initModel(AstorCoreEngine.java:781) - Creating model,  Code location from working folder: /tmp/jGenProg_IntroClassJava_grade_5b504b3547416bfd54f138b3caa529ad72d157744b787e0e6f4745a2ff0fc5cc33bc87904b2d7cda9c7858087b2e04ece46d53fe9edd208f68d30a0ae70f363f_000/./output_astor/AstorMain-grade-5b504b3547416bfd54f138b3caa529ad72d157744b787e0e6f4745a2ff0fc5cc33bc87904b2d7cda9c7858087b2e04ece46d53fe9edd208f68d30a0ae70f363f_000//src//default
[INFO ] fr.inria.astor.core.manipulation.MutationSupporter.buildModel(MutationSupporter.java:65) - building model: /tmp/jGenProg_IntroClassJava_grade_5b504b3547416bfd54f138b3caa529ad72d157744b787e0e6f4745a2ff0fc5cc33bc87904b2d7cda9c7858087b2e04ece46d53fe9edd208f68d30a0ae70f363f_000/./output_astor/AstorMain-grade-5b504b3547416bfd54f138b3caa529ad72d157744b787e0e6f4745a2ff0fc5cc33bc87904b2d7cda9c7858087b2e04ece46d53fe9edd208f68d30a0ae70f363f_000//src//default, compliance level: 7
[INFO ] fr.inria.astor.core.manipulation.MutationSupporter.buildModel(MutationSupporter.java:78) - Classpath for building SpoonModel [/home/tdurieux/.m2/repository/junit/junit/4.11/junit-4.11.jar, /home/tdurieux/.m2/repository/org/hamcrest/hamcrest-core/1.3/hamcrest-core-1.3.jar]
[INFO ] fr.inria.astor.core.solutionsearch.AstorCoreEngine.initPopulation(AstorCoreEngine.java:693) - 
---- Initial suspicious size: 17
[INFO ] fr.inria.astor.core.solutionsearch.population.ProgramVariantFactory.createProgramInstance(ProgramVariantFactory.java:127) - Total suspicious from FL: 17,  19
[INFO ] fr.inria.astor.core.solutionsearch.population.ProgramVariantFactory.createProgramInstance(ProgramVariantFactory.java:136) - Total ModPoint created: 19
[INFO ] fr.inria.astor.core.solutionsearch.population.ProgramVariantFactory.createInitialPopulation(ProgramVariantFactory.java:82) - Creating program variant #1, [Variant id: 1, #gens: 19, #ops: 0, parent:-]
[INFO ] fr.inria.astor.core.setup.ConfigurationProperties.print(ConfigurationProperties.java:66) - ----------------------------
[INFO ] fr.inria.astor.core.setup.ConfigurationProperties.print(ConfigurationProperties.java:67) - ---Configuration properties:---Execution values
[INFO ] fr.inria.astor.core.setup.ConfigurationProperties.print(ConfigurationProperties.java:69) - p:lastJUnitVersion= ./examples/libs/junit-4.11.jar
[INFO ] fr.inria.astor.core.setup.ConfigurationProperties.print(ConfigurationProperties.java:69) - p:alternativecompliancelevel= 4
[INFO ] fr.inria.astor.core.setup.ConfigurationProperties.print(ConfigurationProperties.java:69) - p:ignoredTestCases= 
[INFO ] fr.inria.astor.core.setup.ConfigurationProperties.print(ConfigurationProperties.java:69) - p:workingDirectory= /tmp/jGenProg_IntroClassJava_grade_5b504b3547416bfd54f138b3caa529ad72d157744b787e0e6f4745a2ff0fc5cc33bc87904b2d7cda9c7858087b2e04ece46d53fe9edd208f68d30a0ae70f363f_000/./output_astor
[INFO ] fr.inria.astor.core.setup.ConfigurationProperties.print(ConfigurationProperties.java:69) - p:manipulatesuper= false
[INFO ] fr.inria.astor.core.setup.ConfigurationProperties.print(ConfigurationProperties.java:69) - p:validation= process
[INFO ] fr.inria.astor.core.setup.ConfigurationProperties.print(ConfigurationProperties.java:69) - p:jvm4testexecution= /home/tdurieux/openjdk-1.7.0/bin/
[INFO ] fr.inria.astor.core.setup.ConfigurationProperties.print(ConfigurationProperties.java:69) - p:operatorspace= irr-statements
[INFO ] fr.inria.astor.core.setup.ConfigurationProperties.print(ConfigurationProperties.java:69) - p:disablelog= false
[INFO ] fr.inria.astor.core.setup.ConfigurationProperties.print(ConfigurationProperties.java:69) - p:binjavafolder= target/classes
[INFO ] fr.inria.astor.core.setup.ConfigurationProperties.print(ConfigurationProperties.java:69) - p:synthesis_depth= 3
[INFO ] fr.inria.astor.core.setup.ConfigurationProperties.print(ConfigurationProperties.java:69) - p:gzoltartestpackagetoexclude= junit.framework
[INFO ] fr.inria.astor.core.setup.ConfigurationProperties.print(ConfigurationProperties.java:69) - p:skipfitnessinitialpopulation= false
[INFO ] fr.inria.astor.core.setup.ConfigurationProperties.print(ConfigurationProperties.java:69) - p:evosuiteresultfolder= evosuite
[INFO ] fr.inria.astor.core.setup.ConfigurationProperties.print(ConfigurationProperties.java:69) - p:flthreshold= 0.1
[INFO ] fr.inria.astor.core.setup.ConfigurationProperties.print(ConfigurationProperties.java:69) - p:regressionforfaultlocalization= true
[INFO ] fr.inria.astor.core.setup.ConfigurationProperties.print(ConfigurationProperties.java:69) - p:collectonlyusedmethod= false
[INFO ] fr.inria.astor.core.setup.ConfigurationProperties.print(ConfigurationProperties.java:69) - p:preservelinenumbers= true
[INFO ] fr.inria.astor.core.setup.ConfigurationProperties.print(ConfigurationProperties.java:69) - p:tmax2= 1192
[INFO ] fr.inria.astor.core.setup.ConfigurationProperties.print(ConfigurationProperties.java:69) - p:tmax1= 10000
[INFO ] fr.inria.astor.core.setup.ConfigurationProperties.print(ConfigurationProperties.java:69) - p:probagenmutation= false
[INFO ] fr.inria.astor.core.setup.ConfigurationProperties.print(ConfigurationProperties.java:69) - p:nomodificationconvergence= 100
[INFO ] fr.inria.astor.core.setup.ConfigurationProperties.print(ConfigurationProperties.java:69) - p:targetelementprocessor= statements
[INFO ] fr.inria.astor.core.setup.ConfigurationProperties.print(ConfigurationProperties.java:69) - p:srctestfolder= src/test/java
[INFO ] fr.inria.astor.core.setup.ConfigurationProperties.print(ConfigurationProperties.java:69) - p:forceExecuteRegression= false
[INFO ] fr.inria.astor.core.setup.ConfigurationProperties.print(ConfigurationProperties.java:69) - p:clusteringfilename= clustering.csv
[INFO ] fr.inria.astor.core.setup.ConfigurationProperties.print(ConfigurationProperties.java:69) - p:failing= introclassJava.grade_5b504b35_000BlackboxTest:introclassJava.grade_5b504b35_000WhiteboxTest
[INFO ] fr.inria.astor.core.setup.ConfigurationProperties.print(ConfigurationProperties.java:69) - p:logtestexecution= false
[INFO ] fr.inria.astor.core.setup.ConfigurationProperties.print(ConfigurationProperties.java:69) - p:evo_buggy_class= true
[INFO ] fr.inria.astor.core.setup.ConfigurationProperties.print(ConfigurationProperties.java:69) - p:numberExecutions= 1
[INFO ] fr.inria.astor.core.setup.ConfigurationProperties.print(ConfigurationProperties.java:69) - p:maxnumbersolutions= 1000000
[INFO ] fr.inria.astor.core.setup.ConfigurationProperties.print(ConfigurationProperties.java:69) - p:evo_affected_by_op= true
[INFO ] fr.inria.astor.core.setup.ConfigurationProperties.print(ConfigurationProperties.java:69) - p:population= 1
[INFO ] fr.inria.astor.core.setup.ConfigurationProperties.print(ConfigurationProperties.java:69) - p:considerzerovaluesusp= false
[INFO ] fr.inria.astor.core.setup.ConfigurationProperties.print(ConfigurationProperties.java:69) - p:maxCombinationVariableLimit= false
[INFO ] fr.inria.astor.core.setup.ConfigurationProperties.print(ConfigurationProperties.java:69) - p:loglevel= INFO
[INFO ] fr.inria.astor.core.setup.ConfigurationProperties.print(ConfigurationProperties.java:69) - p:savesolution= true
[INFO ] fr.inria.astor.core.setup.ConfigurationProperties.print(ConfigurationProperties.java:69) - p:javacompliancelevel= 7
[INFO ] fr.inria.astor.core.setup.ConfigurationProperties.print(ConfigurationProperties.java:69) - p:x= x
[INFO ] fr.inria.astor.core.setup.ConfigurationProperties.print(ConfigurationProperties.java:69) - p:uniqueoptogen= false
[INFO ] fr.inria.astor.core.setup.ConfigurationProperties.print(ConfigurationProperties.java:69) - p:gzoltarpackagetonotinstrument= junit.framework
[INFO ] fr.inria.astor.core.setup.ConfigurationProperties.print(ConfigurationProperties.java:69) - p:projectIdentifier= grade-5b504b3547416bfd54f138b3caa529ad72d157744b787e0e6f4745a2ff0fc5cc33bc87904b2d7cda9c7858087b2e04ece46d53fe9edd208f68d30a0ae70f363f_000
[INFO ] fr.inria.astor.core.setup.ConfigurationProperties.print(ConfigurationProperties.java:69) - p:modificationpointnavigation= weight
[INFO ] fr.inria.astor.core.setup.ConfigurationProperties.print(ConfigurationProperties.java:69) - p:stopfirst= true
[INFO ] fr.inria.astor.core.setup.ConfigurationProperties.print(ConfigurationProperties.java:69) - p:multipointmodification= false
[INFO ] fr.inria.astor.core.setup.ConfigurationProperties.print(ConfigurationProperties.java:69) - p:elementsToMutate= 10
[INFO ] fr.inria.astor.core.setup.ConfigurationProperties.print(ConfigurationProperties.java:69) - p:jsonoutputname= astor_output
[INFO ] fr.inria.astor.core.setup.ConfigurationProperties.print(ConfigurationProperties.java:69) - p:evoDSE= false
[INFO ] fr.inria.astor.core.setup.ConfigurationProperties.print(ConfigurationProperties.java:69) - p:bintestfolder= target/test-classes
[INFO ] fr.inria.astor.core.setup.ConfigurationProperties.print(ConfigurationProperties.java:69) - p:testbystep= false
[INFO ] fr.inria.astor.core.setup.ConfigurationProperties.print(ConfigurationProperties.java:69) - p:version-location= ./math-version/
[INFO ] fr.inria.astor.core.setup.ConfigurationProperties.print(ConfigurationProperties.java:69) - p:reintroduce= PARENTS:ORIGINAL
[INFO ] fr.inria.astor.core.setup.ConfigurationProperties.print(ConfigurationProperties.java:69) - p:executorjar= ./lib/jtestex7.jar
[INFO ] fr.inria.astor.core.setup.ConfigurationProperties.print(ConfigurationProperties.java:69) - p:maxGeneration= 1000000
[INFO ] fr.inria.astor.core.setup.ConfigurationProperties.print(ConfigurationProperties.java:69) - p:max_synthesis_step= 10000
[INFO ] fr.inria.astor.core.setup.ConfigurationProperties.print(ConfigurationProperties.java:69) - p:maxVarCombination= 1000
[INFO ] fr.inria.astor.core.setup.ConfigurationProperties.print(ConfigurationProperties.java:69) - p:maxtime= 120
[INFO ] fr.inria.astor.core.setup.ConfigurationProperties.print(ConfigurationProperties.java:69) - p:evosuitejar= ./lib/evosuite-master-1.0.4-SNAPSHOT.jar
[INFO ] fr.inria.astor.core.setup.ConfigurationProperties.print(ConfigurationProperties.java:69) - p:jvmversion= 1.7.0-u80-unofficial
[INFO ] fr.inria.astor.core.setup.ConfigurationProperties.print(ConfigurationProperties.java:69) - p:commandTrunk= 50000
[INFO ] fr.inria.astor.core.setup.ConfigurationProperties.print(ConfigurationProperties.java:69) - p:faultlocalization= gzoltar
[INFO ] fr.inria.astor.core.setup.ConfigurationProperties.print(ConfigurationProperties.java:69) - p:resetmodel= true
[INFO ] fr.inria.astor.core.setup.ConfigurationProperties.print(ConfigurationProperties.java:69) - p:maxsuspcandidates= 1000
[INFO ] fr.inria.astor.core.setup.ConfigurationProperties.print(ConfigurationProperties.java:69) - p:mode= jgenprog
[INFO ] fr.inria.astor.core.setup.ConfigurationProperties.print(ConfigurationProperties.java:69) - p:learningdir= 
[INFO ] fr.inria.astor.core.setup.ConfigurationProperties.print(ConfigurationProperties.java:69) - p:jvm4evosuitetestexecution= /home/tdurieux/openjdk-1.7.0/bin/
[INFO ] fr.inria.astor.core.setup.ConfigurationProperties.print(ConfigurationProperties.java:69) - p:filterfaultlocalization= true
[INFO ] fr.inria.astor.core.setup.ConfigurationProperties.print(ConfigurationProperties.java:69) - p:mutationrate= 1 
[INFO ] fr.inria.astor.core.setup.ConfigurationProperties.print(ConfigurationProperties.java:69) - p:pathToMVNRepository= 
[INFO ] fr.inria.astor.core.setup.ConfigurationProperties.print(ConfigurationProperties.java:69) - p:resourcesfolder= /src/main/resources:/src/test/resources:
[INFO ] fr.inria.astor.core.setup.ConfigurationProperties.print(ConfigurationProperties.java:69) - p:runjava7code= false
[INFO ] fr.inria.astor.core.setup.ConfigurationProperties.print(ConfigurationProperties.java:69) - p:timezone= America/Los_Angeles
[INFO ] fr.inria.astor.core.setup.ConfigurationProperties.print(ConfigurationProperties.java:69) - p:evoRunOnBuggyClass= true
[INFO ] fr.inria.astor.core.setup.ConfigurationProperties.print(ConfigurationProperties.java:69) - p:compiler= fr.inria.astor.core.manipulation.bytecode.compiler.SpoonClassCompiler
[INFO ] fr.inria.astor.core.setup.ConfigurationProperties.print(ConfigurationProperties.java:69) - p:limitbysuspicious= true
[INFO ] fr.inria.astor.core.setup.ConfigurationProperties.print(ConfigurationProperties.java:69) - p:logsattemps= true
[INFO ] fr.inria.astor.core.setup.ConfigurationProperties.print(ConfigurationProperties.java:69) - p:dependenciespath= /home/tdurieux/.m2/repository/junit/junit/4.11/junit-4.11.jar:/home/tdurieux/.m2/repository/org/hamcrest/hamcrest-core/1.3/hamcrest-core-1.3.jar
[INFO ] fr.inria.astor.core.setup.ConfigurationProperties.print(ConfigurationProperties.java:69) - p:logpatternlayout= [%-5p] %l - %m%n
[INFO ] fr.inria.astor.core.setup.ConfigurationProperties.print(ConfigurationProperties.java:69) - p:packageToInstrument= 
[INFO ] fr.inria.astor.core.setup.ConfigurationProperties.print(ConfigurationProperties.java:69) - p:skipfaultlocalization= false
[INFO ] fr.inria.astor.core.setup.ConfigurationProperties.print(ConfigurationProperties.java:69) - p:scope= local
[INFO ] fr.inria.astor.core.setup.ConfigurationProperties.print(ConfigurationProperties.java:69) - p:transformingredient= false
[INFO ] fr.inria.astor.core.setup.ConfigurationProperties.print(ConfigurationProperties.java:69) - p:fitnessfunction= fr.inria.astor.core.solutionsearch.population.TestCaseFitnessFunction
[INFO ] fr.inria.astor.core.setup.ConfigurationProperties.print(ConfigurationProperties.java:69) - p:maxnumvariablesperingredient= 10
[INFO ] fr.inria.astor.core.setup.ConfigurationProperties.print(ConfigurationProperties.java:69) - p:parsesourcefromoriginal= false
[INFO ] fr.inria.astor.core.setup.ConfigurationProperties.print(ConfigurationProperties.java:69) - p:pvariantfoldername= variant-
[INFO ] fr.inria.astor.core.setup.ConfigurationProperties.print(ConfigurationProperties.java:69) - p:savespoonmodelondisk= false
[INFO ] fr.inria.astor.core.setup.ConfigurationProperties.print(ConfigurationProperties.java:69) - p:srcjavafolder= src/main/java
[INFO ] fr.inria.astor.core.setup.ConfigurationProperties.print(ConfigurationProperties.java:69) - p:populationcontroller= fr.inria.astor.core.solutionsearch.population.TestCaseBasedFitnessPopulationController
[INFO ] fr.inria.astor.core.setup.ConfigurationProperties.print(ConfigurationProperties.java:69) - p:ignoreflakyinfl= false
[INFO ] fr.inria.astor.core.setup.ConfigurationProperties.print(ConfigurationProperties.java:69) - p:cleantemplates= true
[INFO ] fr.inria.astor.core.setup.ConfigurationProperties.print(ConfigurationProperties.java:69) - p:applyCrossover= false
[INFO ] fr.inria.astor.core.setup.ConfigurationProperties.print(ConfigurationProperties.java:69) - p:maxmodificationpoints= 1000
[INFO ] fr.inria.astor.core.setup.ConfigurationProperties.print(ConfigurationProperties.java:69) - p:duplicateingredientsinspace= false
[INFO ] fr.inria.astor.core.setup.ConfigurationProperties.print(ConfigurationProperties.java:69) - p:saveall= false
[INFO ] fr.inria.astor.core.setup.ConfigurationProperties.print(ConfigurationProperties.java:69) - p:seed= 0
[INFO ] fr.inria.astor.core.setup.ConfigurationProperties.print(ConfigurationProperties.java:69) - p:savecompletepatched= true
[INFO ] fr.inria.astor.core.setup.ConfigurationProperties.print(ConfigurationProperties.java:69) - p:resetoperations= false
[INFO ] fr.inria.astor.core.setup.ConfigurationProperties.print(ConfigurationProperties.java:69) - p:processoutputinfile= false
[INFO ] fr.inria.astor.core.setup.ConfigurationProperties.print(ConfigurationProperties.java:69) - p:location= .
[INFO ] fr.inria.astor.core.setup.ConfigurationProperties.print(ConfigurationProperties.java:69) - p:probabilistictransformation= true
[INFO ] fr.inria.astor.core.setup.ConfigurationProperties.print(ConfigurationProperties.java:69) - p:overridemaxtime= true
[INFO ] fr.inria.astor.core.setup.ConfigurationProperties.print(ConfigurationProperties.java:69) - p:allpoints= false
[INFO ] fr.inria.astor.core.setup.ConfigurationProperties.print(ConfigurationProperties.java:69) - p:bugId= 280
[INFO ] fr.inria.astor.core.setup.ConfigurationProperties.print(ConfigurationProperties.java:69) - p:evosuitetimeout= 120
[INFO ] fr.inria.astor.core.setup.ConfigurationProperties.print(ConfigurationProperties.java:69) - p:nrPlaceholders= 1
[INFO ] fr.inria.astor.core.setup.ConfigurationProperties.print(ConfigurationProperties.java:69) - p:forcesubprocesskilling= true
[INFO ] fr.inria.astor.core.setup.ConfigurationProperties.print(ConfigurationProperties.java:71) - ----------------------------
[INFO ] fr.inria.astor.core.solutionsearch.EvolutionarySearchEngine.startEvolution(EvolutionarySearchEngine.java:40) - 
----Starting Solution Search
[ERROR] fr.inria.astor.core.solutionsearch.AstorCoreEngine.validateReversedOriginalVariant(AstorCoreEngine.java:346) - Error variant :34 the model was not the same from the original after this generation
[ERROR] fr.inria.astor.core.solutionsearch.AstorCoreEngine.validateReversedOriginalVariant(AstorCoreEngine.java:364) - Undo Error: diff: 
/var/lib/oar/.batch_job_bashrc: line 5: /home/tdurieux/.bashrc: No such file or directory
--- introclassJava.grade_5b504b35_000
+++ introclassJava.grade_5b504b35_000
@@ -17,25 +17,25 @@
 	public void exec() throws java.lang.Exception {
 		introclassJava.FloatObj a = new introclassJava.FloatObj(); 		introclassJava.FloatObj b = new introclassJava.FloatObj(); 		introclassJava.FloatObj c = 
 		new introclassJava.FloatObj(); 		introclassJava.FloatObj d = new introclassJava.FloatObj(); 		introclassJava.FloatObj grade = new introclassJava.FloatObj();
-		output += java.lang.String.format("Enter thresholds for A, B, C, D\n");
-		output += java.lang.String.format("in that order, decreasing percentages > ");
+		this.output += java.lang.String.format("Enter thresholds for A, B, C, D\n");
+		this.output += java.lang.String.format("in that order, decreasing percentages > ");
 		a.value = scanner.nextFloat();
 		b.value = scanner.nextFloat();
 		c.value = scanner.nextFloat();
 		d.value = scanner.nextFloat();
-		output += 
+		this.output += 
 		java.lang.String.format("Thank you. Now enter student score (percent) >");
 		grade.value = scanner.nextFloat();
 		if ((grade.value) >= (a.value)) {
-			output += java.lang.String.format("Student has an A grade\n");
+			this.output += java.lang.String.format("Student has an A grade\n");
 		}else 			if ((grade.value) >= (b.value)) {
-				output += java.lang.String.format("Student has an B grade\n");
+				this.output += java.lang.String.format("Student has an B grade\n");
 			}else 				if ((grade.value) >= (c.value)) {
-					output += java.lang.String.format("Student has an C grade\n");
+					this.output += java.lang.String.format("Student has an C grade\n");
 				}else 					if ((grade.value) >= (d.value)) {
-						output += java.lang.String.format("Student has an D grade\n");
+						this.output += java.lang.String.format("Student has an D grade\n");
 					}else {
-						output += java.lang.String.format("Student has an F grade\n");
+						this.output += java.lang.String.format("Student has an F grade\n");
 					}
 		if (true)
 			return;

[ERROR] fr.inria.astor.core.solutionsearch.AstorCoreEngine.validateReversedOriginalVariant(AstorCoreEngine.java:346) - Error variant :152 the model was not the same from the original after this generation
[ERROR] fr.inria.astor.core.solutionsearch.AstorCoreEngine.validateReversedOriginalVariant(AstorCoreEngine.java:364) - Undo Error: diff: 
/var/lib/oar/.batch_job_bashrc: line 5: /home/tdurieux/.bashrc: No such file or directory
--- introclassJava.grade_5b504b35_000
+++ introclassJava.grade_5b504b35_000
@@ -30,13 +30,13 @@
 			this.output += java.lang.String.format("Student has an A grade\n");
 		}else 			if ((grade.value) >= (b.value)) {
 				this.output += java.lang.String.format("Student has an B grade\n");
-			}else 				if ((grade.value) >= (c.value)) {
+			}else { 				if ((grade.value) >= (c.value)) {
 					this.output += java.lang.String.format("Student has an C grade\n");
 				}else 					if ((grade.value) >= (d.value)) {
 						this.output += java.lang.String.format("Student has an D grade\n");
 					}else {
 						this.output += java.lang.String.format("Student has an F grade\n");
-					}
+					}}
 		if (true)
 			return;
 	}

[ERROR] fr.inria.astor.core.solutionsearch.AstorCoreEngine.validateReversedOriginalVariant(AstorCoreEngine.java:346) - Error variant :260 the model was not the same from the original after this generation
[ERROR] fr.inria.astor.core.solutionsearch.AstorCoreEngine.validateReversedOriginalVariant(AstorCoreEngine.java:364) - Undo Error: diff: 
/var/lib/oar/.batch_job_bashrc: line 5: /home/tdurieux/.bashrc: No such file or directory
--- introclassJava.grade_5b504b35_000
+++ introclassJava.grade_5b504b35_000
@@ -38,6 +38,6 @@
 						this.output += java.lang.String.format("Student has an F grade\n");
 					}}
 		if (true)
-			return;
+		{ 			return;}
 	}
 }
\ No newline at end of file

[ERROR] fr.inria.astor.core.solutionsearch.AstorCoreEngine.validateReversedOriginalVariant(AstorCoreEngine.java:346) - Error variant :268 the model was not the same from the original after this generation
[ERROR] fr.inria.astor.core.solutionsearch.AstorCoreEngine.validateReversedOriginalVariant(AstorCoreEngine.java:364) - Undo Error: diff: 
/var/lib/oar/.batch_job_bashrc: line 5: /home/tdurieux/.bashrc: No such file or directory
--- introclassJava.grade_5b504b35_000
+++ introclassJava.grade_5b504b35_000
@@ -28,7 +28,7 @@
 		grade.value = scanner.nextFloat();
 		if ((grade.value) >= (a.value)) {
 			this.output += java.lang.String.format("Student has an A grade\n");
-		}else 			if ((grade.value) >= (b.value)) {
+		}else { 			if ((grade.value) >= (b.value)) {
 				this.output += java.lang.String.format("Student has an B grade\n");
 			}else { 				if ((grade.value) >= (c.value)) {
 					this.output += java.lang.String.format("Student has an C grade\n");
@@ -36,7 +36,7 @@
 						this.output += java.lang.String.format("Student has an D grade\n");
 					}else {
 						this.output += java.lang.String.format("Student has an F grade\n");
-					}}
+					}}}
 		if (true) 
 		{ 			return;}
 	}

[ERROR] fr.inria.astor.core.solutionsearch.AstorCoreEngine.validateReversedOriginalVariant(AstorCoreEngine.java:346) - Error variant :484 the model was not the same from the original after this generation
[ERROR] fr.inria.astor.core.solutionsearch.AstorCoreEngine.validateReversedOriginalVariant(AstorCoreEngine.java:364) - Undo Error: diff: 
/var/lib/oar/.batch_job_bashrc: line 5: /home/tdurieux/.bashrc: No such file or directory
--- introclassJava.grade_5b504b35_000
+++ introclassJava.grade_5b504b35_000
@@ -32,11 +32,11 @@
 				this.output += java.lang.String.format("Student has an B grade\n");
 			}else { 				if ((grade.value) >= (c.value)) {
 					this.output += java.lang.String.format("Student has an C grade\n");
-				}else 					if ((grade.value) >= (d.value)) {
+				}else { 					if ((grade.value) >= (d.value)) {
 						this.output += java.lang.String.format("Student has an D grade\n");
 					}else {
 						this.output += java.lang.String.format("Student has an F grade\n");
-					}}}
+					}}}}
 		if (true) 
 		{ 			return;}
 	}

