cd /tmp/DynaMoth_Bug_dot_jar_Commons-Math_6dd3724b;
export JAVA_TOOL_OPTIONS="-Dfile.encoding=UTF8 -Duser.language=en-US -Duser.country=US -Duser.language=en";
TZ="America/New_York"; export TZ;
export PATH="/usr/lib/jvm/java-1.8.0-openjdk-amd64/bin/:$PATH";
export JAVA_HOME="/usr/lib/jvm/java-1.8.0-openjdk-amd64/bin/";
time java -Xmx4048m -cp /home/tdurieux/defects4j4repair/script/../repair_tools/nopol.jar:/usr/lib/jvm/java-1.8.0-openjdk-amd64/bin//../lib/tools.jar fr.inria.lille.repair.Main \
	--mode repair \
	--type pre_then_cond \
	--oracle angelic \
	--synthesis dynamoth \
	--flocal gzoltar \
	--json \
	--solver z3 \
	--solver-path /home/tdurieux/defects4j4repair/script/../libs/z3/build/z3 \
	--complianceLevel 7 \
	--source src/main/java \
	--classpath "target/classes:target/test-classes:/home/tdurieux/.m2/repository/junit/junit/4.4/junit-4.4.jar:/home/tdurieux/defects4j4repair/script/../repair_tools/nopol.jar";
	echo "\n\nNode: `hostname`\n";
	echo "\n\nDate: `date`\n";
Picked up JAVA_TOOL_OPTIONS: -Dfile.encoding=UTF8 -Duser.language=en-US -Duser.country=US -Duser.language=en
16:33:44.128 [main] INFO  fr.inria.lille.repair.nopol.NoPol - Source files: [src/main/java]
16:33:44.148 [main] INFO  fr.inria.lille.repair.nopol.NoPol - Classpath: [file:/tmp/DynaMoth_Bug_dot_jar_Commons-Math_6dd3724b/target/classes/, file:/tmp/DynaMoth_Bug_dot_jar_Commons-Math_6dd3724b/target/test-classes/, file:/home/tdurieux/.m2/repository/junit/junit/4.4/junit-4.4.jar, file:/home/tdurieux/defects4j4repair/script/../repair_tools/nopol.jar]
16:33:44.148 [main] INFO  fr.inria.lille.repair.nopol.NoPol - Statement type: PRE_THEN_COND
16:33:44.148 [main] INFO  fr.inria.lille.repair.nopol.NoPol - Args: [org.apache.commons.math.ArgumentOutsideDomainExceptionTest, org.apache.commons.math.ConvergenceExceptionTest, org.apache.commons.math.DuplicateSampleAbscissaExceptionTest, org.apache.commons.math.FunctionEvaluationExceptionTest, org.apache.commons.math.MathConfigurationExceptionTest, org.apache.commons.math.MathExceptionTest, org.apache.commons.math.MaxIterationsExceededExceptionTest, org.apache.commons.math.analysis.BinaryFunctionTest, org.apache.commons.math.analysis.ComposableFunctionTest, org.apache.commons.math.analysis.integration.LegendreGaussIntegratorTest, org.apache.commons.math.analysis.integration.RombergIntegratorTest, org.apache.commons.math.analysis.integration.SimpsonIntegratorTest, org.apache.commons.math.analysis.integration.TrapezoidIntegratorTest, org.apache.commons.math.analysis.interpolation.DividedDifferenceInterpolatorTest, org.apache.commons.math.analysis.interpolation.LoessInterpolatorTest, org.apache.commons.math.analysis.interpolation.MicrosphereInterpolatorTest, org.apache.commons.math.analysis.interpolation.NevilleInterpolatorTest, org.apache.commons.math.analysis.interpolation.SplineInterpolatorTest, org.apache.commons.math.analysis.polynomials.PolynomialFunctionLagrangeFormTest, org.apache.commons.math.analysis.polynomials.PolynomialFunctionNewtonFormTest, org.apache.commons.math.analysis.polynomials.PolynomialFunctionTest, org.apache.commons.math.analysis.polynomials.PolynomialSplineFunctionTest, org.apache.commons.math.analysis.polynomials.PolynomialsUtilsTest, org.apache.commons.math.analysis.solvers.BisectionSolverTest, org.apache.commons.math.analysis.solvers.BrentSolverTest, org.apache.commons.math.analysis.solvers.LaguerreSolverTest, org.apache.commons.math.analysis.solvers.MullerSolverTest, org.apache.commons.math.analysis.solvers.NewtonSolverTest, org.apache.commons.math.analysis.solvers.RiddersSolverTest, org.apache.commons.math.analysis.solvers.UnivariateRealSolverFactoryImplTest, org.apache.commons.math.analysis.solvers.UnivariateRealSolverUtilsTest, org.apache.commons.math.complex.ComplexFieldTest, org.apache.commons.math.complex.ComplexFormatTest, org.apache.commons.math.complex.ComplexTest, org.apache.commons.math.complex.ComplexUtilsTest, org.apache.commons.math.complex.FrenchComplexFormatTest, org.apache.commons.math.distribution.BetaDistributionTest, org.apache.commons.math.distribution.BinomialDistributionTest, org.apache.commons.math.distribution.CauchyDistributionTest, org.apache.commons.math.distribution.ChiSquareDistributionTest, org.apache.commons.math.distribution.ExponentialDistributionTest, org.apache.commons.math.distribution.FDistributionTest, org.apache.commons.math.distribution.GammaDistributionTest, org.apache.commons.math.distribution.HypergeometricDistributionTest, org.apache.commons.math.distribution.NormalDistributionTest, org.apache.commons.math.distribution.PascalDistributionTest, org.apache.commons.math.distribution.PoissonDistributionTest, org.apache.commons.math.distribution.TDistributionTest, org.apache.commons.math.distribution.WeibullDistributionTest, org.apache.commons.math.distribution.ZipfDistributionTest, org.apache.commons.math.estimation.EstimatedParameterTest, org.apache.commons.math.estimation.GaussNewtonEstimatorTest, org.apache.commons.math.estimation.LevenbergMarquardtEstimatorTest, org.apache.commons.math.estimation.MinpackTest, org.apache.commons.math.estimation.WeightedMeasurementTest, org.apache.commons.math.fraction.BigFractionFieldTest, org.apache.commons.math.fraction.BigFractionFormatTest, org.apache.commons.math.fraction.BigFractionTest, org.apache.commons.math.fraction.FractionFieldTest, org.apache.commons.math.fraction.FractionFormatTest, org.apache.commons.math.fraction.FractionTest, org.apache.commons.math.genetics.BinaryChromosomeTest, org.apache.commons.math.genetics.BinaryMutationTest, org.apache.commons.math.genetics.ChromosomeTest, org.apache.commons.math.genetics.ElitisticListPopulationTest, org.apache.commons.math.genetics.FitnessCachingTest, org.apache.commons.math.genetics.FixedGenerationCountTest, org.apache.commons.math.genetics.GeneticAlgorithmTestBinary, org.apache.commons.math.genetics.GeneticAlgorithmTestPermutations, org.apache.commons.math.genetics.ListPopulationTest, org.apache.commons.math.genetics.OnePointCrossoverTest, org.apache.commons.math.genetics.RandomKeyMutationTest, org.apache.commons.math.genetics.RandomKeyTest, org.apache.commons.math.genetics.TournamentSelectionTest, org.apache.commons.math.geometry.FrenchVector3DFormatTest, org.apache.commons.math.geometry.RotationOrderTest, org.apache.commons.math.geometry.RotationTest, org.apache.commons.math.geometry.Vector3DFormatTest, org.apache.commons.math.geometry.Vector3DTest, org.apache.commons.math.linear.AbstractRealVectorTest, org.apache.commons.math.linear.Array2DRowRealMatrixTest, org.apache.commons.math.linear.ArrayFieldVectorTest, org.apache.commons.math.linear.ArrayRealVectorTest, org.apache.commons.math.linear.BiDiagonalTransformerTest, org.apache.commons.math.linear.BigMatrixImplTest, org.apache.commons.math.linear.BlockFieldMatrixTest, org.apache.commons.math.linear.BlockRealMatrixTest, org.apache.commons.math.linear.CholeskyDecompositionImplTest, org.apache.commons.math.linear.CholeskySolverTest, org.apache.commons.math.linear.EigenDecompositionImplTest, org.apache.commons.math.linear.EigenSolverTest, org.apache.commons.math.linear.FieldLUDecompositionImplTest, org.apache.commons.math.linear.FieldMatrixImplTest, org.apache.commons.math.linear.FrenchRealVectorFormatTest, org.apache.commons.math.linear.InvalidMatrixExceptionTest, org.apache.commons.math.linear.LUDecompositionImplTest, org.apache.commons.math.linear.LUSolverTest, org.apache.commons.math.linear.MatrixIndexExceptionTest, org.apache.commons.math.linear.MatrixUtilsTest, org.apache.commons.math.linear.QRDecompositionImplTest, org.apache.commons.math.linear.QRSolverTest, org.apache.commons.math.linear.RealMatrixImplTest, org.apache.commons.math.linear.RealVectorFormatTest, org.apache.commons.math.linear.SingularValueDecompositionImplTest, org.apache.commons.math.linear.SingularValueSolverTest, org.apache.commons.math.linear.SparseFieldMatrixTest, org.apache.commons.math.linear.SparseFieldVectorTest, org.apache.commons.math.linear.SparseRealMatrixTest, org.apache.commons.math.linear.SparseRealVectorTest, org.apache.commons.math.linear.TriDiagonalTransformerTest, org.apache.commons.math.ode.ContinuousOutputModelTest, org.apache.commons.math.ode.FirstOrderConverterTest, org.apache.commons.math.ode.events.EventStateTest, org.apache.commons.math.ode.nonstiff.AdamsBashforthIntegratorTest, org.apache.commons.math.ode.nonstiff.AdamsMoultonIntegratorTest, org.apache.commons.math.ode.nonstiff.ClassicalRungeKuttaIntegratorTest, org.apache.commons.math.ode.nonstiff.ClassicalRungeKuttaStepInterpolatorTest, org.apache.commons.math.ode.nonstiff.DormandPrince54IntegratorTest, org.apache.commons.math.ode.nonstiff.DormandPrince54StepInterpolatorTest, org.apache.commons.math.ode.nonstiff.DormandPrince853IntegratorTest, org.apache.commons.math.ode.nonstiff.DormandPrince853StepInterpolatorTest, org.apache.commons.math.ode.nonstiff.EulerIntegratorTest, org.apache.commons.math.ode.nonstiff.EulerStepInterpolatorTest, org.apache.commons.math.ode.nonstiff.GillIntegratorTest, org.apache.commons.math.ode.nonstiff.GillStepInterpolatorTest, org.apache.commons.math.ode.nonstiff.GraggBulirschStoerIntegratorTest, org.apache.commons.math.ode.nonstiff.GraggBulirschStoerStepInterpolatorTest, org.apache.commons.math.ode.nonstiff.HighamHall54IntegratorTest, org.apache.commons.math.ode.nonstiff.HighamHall54StepInterpolatorTest, org.apache.commons.math.ode.nonstiff.MidpointIntegratorTest, org.apache.commons.math.ode.nonstiff.MidpointStepInterpolatorTest, org.apache.commons.math.ode.nonstiff.ThreeEighthesIntegratorTest, org.apache.commons.math.ode.nonstiff.ThreeEighthesStepInterpolatorTest, org.apache.commons.math.ode.sampling.DummyStepInterpolatorTest, org.apache.commons.math.ode.sampling.NordsieckStepInterpolatorTest, org.apache.commons.math.ode.sampling.StepNormalizerTest, org.apache.commons.math.optimization.MultiStartDifferentiableMultivariateRealOptimizerTest, org.apache.commons.math.optimization.MultiStartDifferentiableMultivariateVectorialOptimizerTest, org.apache.commons.math.optimization.MultiStartMultivariateRealOptimizerTest, org.apache.commons.math.optimization.MultiStartUnivariateRealOptimizerTest, org.apache.commons.math.optimization.direct.MultiDirectionalTest, org.apache.commons.math.optimization.direct.NelderMeadTest, org.apache.commons.math.optimization.fitting.CurveFitterTest, org.apache.commons.math.optimization.fitting.HarmonicFitterTest, org.apache.commons.math.optimization.fitting.PolynomialFitterTest, org.apache.commons.math.optimization.general.GaussNewtonOptimizerTest, org.apache.commons.math.optimization.general.LevenbergMarquardtOptimizerTest, org.apache.commons.math.optimization.general.MinpackTest, org.apache.commons.math.optimization.general.NonLinearConjugateGradientOptimizerTest, org.apache.commons.math.optimization.linear.SimplexSolverTest, org.apache.commons.math.optimization.linear.SimplexTableauTest, org.apache.commons.math.optimization.univariate.BrentMinimizerTest, org.apache.commons.math.random.AbstractRandomGeneratorTest, org.apache.commons.math.random.CorrelatedRandomVectorGeneratorTest, org.apache.commons.math.random.EmpiricalDistributionTest, org.apache.commons.math.random.GaussianRandomGeneratorTest, org.apache.commons.math.random.MersenneTwisterTest, org.apache.commons.math.random.RandomAdaptorTest, org.apache.commons.math.random.RandomDataTest, org.apache.commons.math.random.UncorrelatedRandomVectorGeneratorTest, org.apache.commons.math.random.UniformRandomGeneratorTest, org.apache.commons.math.random.ValueServerTest, org.apache.commons.math.special.BetaTest, org.apache.commons.math.special.ErfTest, org.apache.commons.math.special.GammaTest, org.apache.commons.math.stat.CertifiedDataTest, org.apache.commons.math.stat.FrequencyTest, org.apache.commons.math.stat.StatUtilsTest, org.apache.commons.math.stat.clustering.EuclideanIntegerPointTest, org.apache.commons.math.stat.clustering.KMeansPlusPlusClustererTest, org.apache.commons.math.stat.correlation.CovarianceTest, org.apache.commons.math.stat.correlation.PearsonsCorrelationTest, org.apache.commons.math.stat.correlation.SpearmansRankCorrelationTest, org.apache.commons.math.stat.data.LewTest, org.apache.commons.math.stat.data.LotteryTest, org.apache.commons.math.stat.descriptive.AbstractUnivariateStatisticTest, org.apache.commons.math.stat.descriptive.AggregateSummaryStatisticsTest, org.apache.commons.math.stat.descriptive.DescriptiveStatisticsTest, org.apache.commons.math.stat.descriptive.InteractionTest, org.apache.commons.math.stat.descriptive.ListUnivariateImplTest, org.apache.commons.math.stat.descriptive.MixedListUnivariateImplTest, org.apache.commons.math.stat.descriptive.MultivariateSummaryStatisticsTest, org.apache.commons.math.stat.descriptive.StatisticalSummaryValuesTest, org.apache.commons.math.stat.descriptive.SummaryStatisticsTest, org.apache.commons.math.stat.descriptive.SynchronizedDescriptiveStatisticsTest, org.apache.commons.math.stat.descriptive.SynchronizedMultivariateSummaryStatisticsTest, org.apache.commons.math.stat.descriptive.SynchronizedSummaryStatisticsTest, org.apache.commons.math.stat.descriptive.moment.FirstMomentTest, org.apache.commons.math.stat.descriptive.moment.FourthMomentTest, org.apache.commons.math.stat.descriptive.moment.GeometricMeanTest, org.apache.commons.math.stat.descriptive.moment.KurtosisTest, org.apache.commons.math.stat.descriptive.moment.MeanTest, org.apache.commons.math.stat.descriptive.moment.SecondMomentTest, org.apache.commons.math.stat.descriptive.moment.SkewnessTest, org.apache.commons.math.stat.descriptive.moment.StandardDeviationTest, org.apache.commons.math.stat.descriptive.moment.ThirdMomentTest, org.apache.commons.math.stat.descriptive.moment.VarianceTest, org.apache.commons.math.stat.descriptive.moment.VectorialCovarianceTest, org.apache.commons.math.stat.descriptive.moment.VectorialMeanTest, org.apache.commons.math.stat.descriptive.rank.MaxTest, org.apache.commons.math.stat.descriptive.rank.MedianTest, org.apache.commons.math.stat.descriptive.rank.MinTest, org.apache.commons.math.stat.descriptive.rank.PercentileTest, org.apache.commons.math.stat.descriptive.summary.ProductTest, org.apache.commons.math.stat.descriptive.summary.SumLogTest, org.apache.commons.math.stat.descriptive.summary.SumSqTest, org.apache.commons.math.stat.descriptive.summary.SumTest, org.apache.commons.math.stat.inference.ChiSquareFactoryTest, org.apache.commons.math.stat.inference.ChiSquareTestTest, org.apache.commons.math.stat.inference.OneWayAnovaTest, org.apache.commons.math.stat.inference.TTestFactoryTest, org.apache.commons.math.stat.inference.TTestTest, org.apache.commons.math.stat.inference.TestUtilsTest, org.apache.commons.math.stat.ranking.NaturalRankingTest, org.apache.commons.math.stat.regression.GLSMultipleLinearRegressionTest, org.apache.commons.math.stat.regression.OLSMultipleLinearRegressionTest, org.apache.commons.math.stat.regression.SimpleRegressionTest, org.apache.commons.math.transform.FastCosineTransformerTest, org.apache.commons.math.transform.FastFourierTransformerTest, org.apache.commons.math.transform.FastHadamardTransformerTest, org.apache.commons.math.transform.FastSineTransformerTest, org.apache.commons.math.util.BigRealFieldTest, org.apache.commons.math.util.BigRealTest, org.apache.commons.math.util.ContinuedFractionTest, org.apache.commons.math.util.DefaultTransformerTest, org.apache.commons.math.util.MathUtilsTest, org.apache.commons.math.util.OpenIntToDoubleHashMapTest, org.apache.commons.math.util.OpenIntToFieldTest, org.apache.commons.math.util.ResizableDoubleArrayTest, org.apache.commons.math.util.TransformerMapTest]
16:33:44.150 [main] INFO  fr.inria.lille.repair.nopol.NoPol - Config: Config{synthesisDepth=3, collectStaticMethods=true, collectStaticFields=false, collectLiterals=false, onlyOneSynthesisResult=true, sortExpressions=true, maxLineInvocationPerTest=250, timeoutMethodInvocation=2000, dataCollectionTimeoutInSecondForSynthesis=900, addWeight=0.19478, subWeight=0.04554, mulWeight=0.0102, divWeight=0.00613, andWeight=0.10597, orWeight=0.05708, eqWeight=0.22798, nEqWeight=0.0, lessEqWeight=0.0255, lessWeight=0.0947, methodCallWeight=0.1, fieldAccessWeight=0.08099, constantWeight=0.14232, variableWeight=0.05195, mode=REPAIR, type=PRE_THEN_COND, synthesis=DYNAMOTH, oracle=ANGELIC, solver=Z3, solverPath='/home/tdurieux/defects4j4repair/script/../libs/z3/build/z3', projectSources=[src/main/java], projectClasspath='[Ljava.net.URL;@2ff4f00f', projectTests=[org.apache.commons.math.ArgumentOutsideDomainExceptionTest, org.apache.commons.math.ConvergenceExceptionTest, org.apache.commons.math.DuplicateSampleAbscissaExceptionTest, org.apache.commons.math.FunctionEvaluationExceptionTest, org.apache.commons.math.MathConfigurationExceptionTest, org.apache.commons.math.MathExceptionTest, org.apache.commons.math.MaxIterationsExceededExceptionTest, org.apache.commons.math.analysis.BinaryFunctionTest, org.apache.commons.math.analysis.ComposableFunctionTest, org.apache.commons.math.analysis.integration.LegendreGaussIntegratorTest, org.apache.commons.math.analysis.integration.RombergIntegratorTest, org.apache.commons.math.analysis.integration.SimpsonIntegratorTest, org.apache.commons.math.analysis.integration.TrapezoidIntegratorTest, org.apache.commons.math.analysis.interpolation.DividedDifferenceInterpolatorTest, org.apache.commons.math.analysis.interpolation.LoessInterpolatorTest, org.apache.commons.math.analysis.interpolation.MicrosphereInterpolatorTest, org.apache.commons.math.analysis.interpolation.NevilleInterpolatorTest, org.apache.commons.math.analysis.interpolation.SplineInterpolatorTest, org.apache.commons.math.analysis.polynomials.PolynomialFunctionLagrangeFormTest, org.apache.commons.math.analysis.polynomials.PolynomialFunctionNewtonFormTest, org.apache.commons.math.analysis.polynomials.PolynomialFunctionTest, org.apache.commons.math.analysis.polynomials.PolynomialSplineFunctionTest, org.apache.commons.math.analysis.polynomials.PolynomialsUtilsTest, org.apache.commons.math.analysis.solvers.BisectionSolverTest, org.apache.commons.math.analysis.solvers.BrentSolverTest, org.apache.commons.math.analysis.solvers.LaguerreSolverTest, org.apache.commons.math.analysis.solvers.MullerSolverTest, org.apache.commons.math.analysis.solvers.NewtonSolverTest, org.apache.commons.math.analysis.solvers.RiddersSolverTest, org.apache.commons.math.analysis.solvers.UnivariateRealSolverFactoryImplTest, org.apache.commons.math.analysis.solvers.UnivariateRealSolverUtilsTest, org.apache.commons.math.complex.ComplexFieldTest, org.apache.commons.math.complex.ComplexFormatTest, org.apache.commons.math.complex.ComplexTest, org.apache.commons.math.complex.ComplexUtilsTest, org.apache.commons.math.complex.FrenchComplexFormatTest, org.apache.commons.math.distribution.BetaDistributionTest, org.apache.commons.math.distribution.BinomialDistributionTest, org.apache.commons.math.distribution.CauchyDistributionTest, org.apache.commons.math.distribution.ChiSquareDistributionTest, org.apache.commons.math.distribution.ExponentialDistributionTest, org.apache.commons.math.distribution.FDistributionTest, org.apache.commons.math.distribution.GammaDistributionTest, org.apache.commons.math.distribution.HypergeometricDistributionTest, org.apache.commons.math.distribution.NormalDistributionTest, org.apache.commons.math.distribution.PascalDistributionTest, org.apache.commons.math.distribution.PoissonDistributionTest, org.apache.commons.math.distribution.TDistributionTest, org.apache.commons.math.distribution.WeibullDistributionTest, org.apache.commons.math.distribution.ZipfDistributionTest, org.apache.commons.math.estimation.EstimatedParameterTest, org.apache.commons.math.estimation.GaussNewtonEstimatorTest, org.apache.commons.math.estimation.LevenbergMarquardtEstimatorTest, org.apache.commons.math.estimation.MinpackTest, org.apache.commons.math.estimation.WeightedMeasurementTest, org.apache.commons.math.fraction.BigFractionFieldTest, org.apache.commons.math.fraction.BigFractionFormatTest, org.apache.commons.math.fraction.BigFractionTest, org.apache.commons.math.fraction.FractionFieldTest, org.apache.commons.math.fraction.FractionFormatTest, org.apache.commons.math.fraction.FractionTest, org.apache.commons.math.genetics.BinaryChromosomeTest, org.apache.commons.math.genetics.BinaryMutationTest, org.apache.commons.math.genetics.ChromosomeTest, org.apache.commons.math.genetics.ElitisticListPopulationTest, org.apache.commons.math.genetics.FitnessCachingTest, org.apache.commons.math.genetics.FixedGenerationCountTest, org.apache.commons.math.genetics.GeneticAlgorithmTestBinary, org.apache.commons.math.genetics.GeneticAlgorithmTestPermutations, org.apache.commons.math.genetics.ListPopulationTest, org.apache.commons.math.genetics.OnePointCrossoverTest, org.apache.commons.math.genetics.RandomKeyMutationTest, org.apache.commons.math.genetics.RandomKeyTest, org.apache.commons.math.genetics.TournamentSelectionTest, org.apache.commons.math.geometry.FrenchVector3DFormatTest, org.apache.commons.math.geometry.RotationOrderTest, org.apache.commons.math.geometry.RotationTest, org.apache.commons.math.geometry.Vector3DFormatTest, org.apache.commons.math.geometry.Vector3DTest, org.apache.commons.math.linear.AbstractRealVectorTest, org.apache.commons.math.linear.Array2DRowRealMatrixTest, org.apache.commons.math.linear.ArrayFieldVectorTest, org.apache.commons.math.linear.ArrayRealVectorTest, org.apache.commons.math.linear.BiDiagonalTransformerTest, org.apache.commons.math.linear.BigMatrixImplTest, org.apache.commons.math.linear.BlockFieldMatrixTest, org.apache.commons.math.linear.BlockRealMatrixTest, org.apache.commons.math.linear.CholeskyDecompositionImplTest, org.apache.commons.math.linear.CholeskySolverTest, org.apache.commons.math.linear.EigenDecompositionImplTest, org.apache.commons.math.linear.EigenSolverTest, org.apache.commons.math.linear.FieldLUDecompositionImplTest, org.apache.commons.math.linear.FieldMatrixImplTest, org.apache.commons.math.linear.FrenchRealVectorFormatTest, org.apache.commons.math.linear.InvalidMatrixExceptionTest, org.apache.commons.math.linear.LUDecompositionImplTest, org.apache.commons.math.linear.LUSolverTest, org.apache.commons.math.linear.MatrixIndexExceptionTest, org.apache.commons.math.linear.MatrixUtilsTest, org.apache.commons.math.linear.QRDecompositionImplTest, org.apache.commons.math.linear.QRSolverTest, org.apache.commons.math.linear.RealMatrixImplTest, org.apache.commons.math.linear.RealVectorFormatTest, org.apache.commons.math.linear.SingularValueDecompositionImplTest, org.apache.commons.math.linear.SingularValueSolverTest, org.apache.commons.math.linear.SparseFieldMatrixTest, org.apache.commons.math.linear.SparseFieldVectorTest, org.apache.commons.math.linear.SparseRealMatrixTest, org.apache.commons.math.linear.SparseRealVectorTest, org.apache.commons.math.linear.TriDiagonalTransformerTest, org.apache.commons.math.ode.ContinuousOutputModelTest, org.apache.commons.math.ode.FirstOrderConverterTest, org.apache.commons.math.ode.events.EventStateTest, org.apache.commons.math.ode.nonstiff.AdamsBashforthIntegratorTest, org.apache.commons.math.ode.nonstiff.AdamsMoultonIntegratorTest, org.apache.commons.math.ode.nonstiff.ClassicalRungeKuttaIntegratorTest, org.apache.commons.math.ode.nonstiff.ClassicalRungeKuttaStepInterpolatorTest, org.apache.commons.math.ode.nonstiff.DormandPrince54IntegratorTest, org.apache.commons.math.ode.nonstiff.DormandPrince54StepInterpolatorTest, org.apache.commons.math.ode.nonstiff.DormandPrince853IntegratorTest, org.apache.commons.math.ode.nonstiff.DormandPrince853StepInterpolatorTest, org.apache.commons.math.ode.nonstiff.EulerIntegratorTest, org.apache.commons.math.ode.nonstiff.EulerStepInterpolatorTest, org.apache.commons.math.ode.nonstiff.GillIntegratorTest, org.apache.commons.math.ode.nonstiff.GillStepInterpolatorTest, org.apache.commons.math.ode.nonstiff.GraggBulirschStoerIntegratorTest, org.apache.commons.math.ode.nonstiff.GraggBulirschStoerStepInterpolatorTest, org.apache.commons.math.ode.nonstiff.HighamHall54IntegratorTest, org.apache.commons.math.ode.nonstiff.HighamHall54StepInterpolatorTest, org.apache.commons.math.ode.nonstiff.MidpointIntegratorTest, org.apache.commons.math.ode.nonstiff.MidpointStepInterpolatorTest, org.apache.commons.math.ode.nonstiff.ThreeEighthesIntegratorTest, org.apache.commons.math.ode.nonstiff.ThreeEighthesStepInterpolatorTest, org.apache.commons.math.ode.sampling.DummyStepInterpolatorTest, org.apache.commons.math.ode.sampling.NordsieckStepInterpolatorTest, org.apache.commons.math.ode.sampling.StepNormalizerTest, org.apache.commons.math.optimization.MultiStartDifferentiableMultivariateRealOptimizerTest, org.apache.commons.math.optimization.MultiStartDifferentiableMultivariateVectorialOptimizerTest, org.apache.commons.math.optimization.MultiStartMultivariateRealOptimizerTest, org.apache.commons.math.optimization.MultiStartUnivariateRealOptimizerTest, org.apache.commons.math.optimization.direct.MultiDirectionalTest, org.apache.commons.math.optimization.direct.NelderMeadTest, org.apache.commons.math.optimization.fitting.CurveFitterTest, org.apache.commons.math.optimization.fitting.HarmonicFitterTest, org.apache.commons.math.optimization.fitting.PolynomialFitterTest, org.apache.commons.math.optimization.general.GaussNewtonOptimizerTest, org.apache.commons.math.optimization.general.LevenbergMarquardtOptimizerTest, org.apache.commons.math.optimization.general.MinpackTest, org.apache.commons.math.optimization.general.NonLinearConjugateGradientOptimizerTest, org.apache.commons.math.optimization.linear.SimplexSolverTest, org.apache.commons.math.optimization.linear.SimplexTableauTest, org.apache.commons.math.optimization.univariate.BrentMinimizerTest, org.apache.commons.math.random.AbstractRandomGeneratorTest, org.apache.commons.math.random.CorrelatedRandomVectorGeneratorTest, org.apache.commons.math.random.EmpiricalDistributionTest, org.apache.commons.math.random.GaussianRandomGeneratorTest, org.apache.commons.math.random.MersenneTwisterTest, org.apache.commons.math.random.RandomAdaptorTest, org.apache.commons.math.random.RandomDataTest, org.apache.commons.math.random.UncorrelatedRandomVectorGeneratorTest, org.apache.commons.math.random.UniformRandomGeneratorTest, org.apache.commons.math.random.ValueServerTest, org.apache.commons.math.special.BetaTest, org.apache.commons.math.special.ErfTest, org.apache.commons.math.special.GammaTest, org.apache.commons.math.stat.CertifiedDataTest, org.apache.commons.math.stat.FrequencyTest, org.apache.commons.math.stat.StatUtilsTest, org.apache.commons.math.stat.clustering.EuclideanIntegerPointTest, org.apache.commons.math.stat.clustering.KMeansPlusPlusClustererTest, org.apache.commons.math.stat.correlation.CovarianceTest, org.apache.commons.math.stat.correlation.PearsonsCorrelationTest, org.apache.commons.math.stat.correlation.SpearmansRankCorrelationTest, org.apache.commons.math.stat.data.LewTest, org.apache.commons.math.stat.data.LotteryTest, org.apache.commons.math.stat.descriptive.AbstractUnivariateStatisticTest, org.apache.commons.math.stat.descriptive.AggregateSummaryStatisticsTest, org.apache.commons.math.stat.descriptive.DescriptiveStatisticsTest, org.apache.commons.math.stat.descriptive.InteractionTest, org.apache.commons.math.stat.descriptive.ListUnivariateImplTest, org.apache.commons.math.stat.descriptive.MixedListUnivariateImplTest, org.apache.commons.math.stat.descriptive.MultivariateSummaryStatisticsTest, org.apache.commons.math.stat.descriptive.StatisticalSummaryValuesTest, org.apache.commons.math.stat.descriptive.SummaryStatisticsTest, org.apache.commons.math.stat.descriptive.SynchronizedDescriptiveStatisticsTest, org.apache.commons.math.stat.descriptive.SynchronizedMultivariateSummaryStatisticsTest, org.apache.commons.math.stat.descriptive.SynchronizedSummaryStatisticsTest, org.apache.commons.math.stat.descriptive.moment.FirstMomentTest, org.apache.commons.math.stat.descriptive.moment.FourthMomentTest, org.apache.commons.math.stat.descriptive.moment.GeometricMeanTest, org.apache.commons.math.stat.descriptive.moment.KurtosisTest, org.apache.commons.math.stat.descriptive.moment.MeanTest, org.apache.commons.math.stat.descriptive.moment.SecondMomentTest, org.apache.commons.math.stat.descriptive.moment.SkewnessTest, org.apache.commons.math.stat.descriptive.moment.StandardDeviationTest, org.apache.commons.math.stat.descriptive.moment.ThirdMomentTest, org.apache.commons.math.stat.descriptive.moment.VarianceTest, org.apache.commons.math.stat.descriptive.moment.VectorialCovarianceTest, org.apache.commons.math.stat.descriptive.moment.VectorialMeanTest, org.apache.commons.math.stat.descriptive.rank.MaxTest, org.apache.commons.math.stat.descriptive.rank.MedianTest, org.apache.commons.math.stat.descriptive.rank.MinTest, org.apache.commons.math.stat.descriptive.rank.PercentileTest, org.apache.commons.math.stat.descriptive.summary.ProductTest, org.apache.commons.math.stat.descriptive.summary.SumLogTest, org.apache.commons.math.stat.descriptive.summary.SumSqTest, org.apache.commons.math.stat.descriptive.summary.SumTest, org.apache.commons.math.stat.inference.ChiSquareFactoryTest, org.apache.commons.math.stat.inference.ChiSquareTestTest, org.apache.commons.math.stat.inference.OneWayAnovaTest, org.apache.commons.math.stat.inference.TTestFactoryTest, org.apache.commons.math.stat.inference.TTestTest, org.apache.commons.math.stat.inference.TestUtilsTest, org.apache.commons.math.stat.ranking.NaturalRankingTest, org.apache.commons.math.stat.regression.GLSMultipleLinearRegressionTest, org.apache.commons.math.stat.regression.OLSMultipleLinearRegressionTest, org.apache.commons.math.stat.regression.SimpleRegressionTest, org.apache.commons.math.transform.FastCosineTransformerTest, org.apache.commons.math.transform.FastFourierTransformerTest, org.apache.commons.math.transform.FastHadamardTransformerTest, org.apache.commons.math.transform.FastSineTransformerTest, org.apache.commons.math.util.BigRealFieldTest, org.apache.commons.math.util.BigRealTest, org.apache.commons.math.util.ContinuedFractionTest, org.apache.commons.math.util.DefaultTransformerTest, org.apache.commons.math.util.MathUtilsTest, org.apache.commons.math.util.OpenIntToDoubleHashMapTest, org.apache.commons.math.util.OpenIntToFieldTest, org.apache.commons.math.util.ResizableDoubleArrayTest, org.apache.commons.math.util.TransformerMapTest], complianceLevel=7, outputFolder=., json=true}
16:33:44.151 [main] INFO  fr.inria.lille.repair.nopol.NoPol - Available processors (cores): 24
16:33:44.157 [main] INFO  fr.inria.lille.repair.nopol.NoPol - Free memory: 430 MB
16:33:44.157 [main] INFO  fr.inria.lille.repair.nopol.NoPol - Maximum memory: 3 GB
16:33:44.157 [main] INFO  fr.inria.lille.repair.nopol.NoPol - Total memory available to JVM: 483 MB
16:33:44.157 [main] INFO  fr.inria.lille.repair.nopol.NoPol - Java version: 1.8.0_181
16:33:44.158 [main] INFO  fr.inria.lille.repair.nopol.NoPol - JAVA_HOME: /usr/lib/jvm/java-1.8.0-openjdk-amd64/bin/
16:33:44.158 [main] INFO  fr.inria.lille.repair.nopol.NoPol - PATH: /usr/lib/jvm/java-1.8.0-openjdk-amd64/bin/:/usr/lib/oar/oardodo:/usr/lib/oar/oardodo:/usr/local/bin:/usr/bin:/bin:/usr/games
16:34:04.858 [pool-2-thread-1] DEBUG fr.inria.lille.repair.nopol.NoPol - statement #1
16:34:04.859 [pool-2-thread-1] DEBUG fr.inria.lille.repair.nopol.NoPol - Analysing SourceLocation org.apache.commons.math.stat.Frequency:342 which is executed by 1 tests
1933944125
16:34:05.229 [pool-2-thread-1] DEBUG fr.inria.lille.repair.nopol.NoPol - statement #2
16:34:05.230 [pool-2-thread-1] DEBUG fr.inria.lille.repair.nopol.NoPol - Analysing SourceLocation org.apache.commons.math.stat.Frequency:303 which is executed by 1 tests
1933944125
16:34:05.433 [pool-2-thread-1] DEBUG fr.inria.lille.repair.nopol.NoPol - statement #3
16:34:05.434 [pool-2-thread-1] DEBUG fr.inria.lille.repair.nopol.NoPol - Analysing SourceLocation org.apache.commons.math.stat.Frequency:331 which is executed by 2 tests
1933944125
16:34:05.607 [pool-2-thread-1] DEBUG fr.inria.lille.repair.nopol.NoPol - statement #4
16:34:05.607 [pool-2-thread-1] DEBUG fr.inria.lille.repair.nopol.NoPol - Analysing SourceLocation org.apache.commons.math.stat.Frequency:444 which is executed by 3 tests
1933944125
16:34:05.729 [pool-2-thread-1] DEBUG fr.inria.lille.repair.nopol.NoPol - statement #5
16:34:05.730 [pool-2-thread-1] DEBUG fr.inria.lille.repair.nopol.NoPol - Analysing SourceLocation org.apache.commons.math.stat.Frequency:386 which is executed by 3 tests
1933944125
16:34:05.838 [pool-2-thread-1] DEBUG fr.inria.lille.repair.nopol.NoPol - looking with class fr.inria.lille.repair.nopol.spoon.smt.ConditionalAdder
junit.framework.AssertionFailedError: three (Object) pct expected:<0.5> but was:<1.0>
    at junit.framework.Assert.fail(Assert.java:57)
    at junit.framework.Assert.failNotEquals(Assert.java:329)
    at junit.framework.Assert.assertEquals(Assert.java:120)
    at junit.framework.TestCase.assertEquals(TestCase.java:279)
    at org.apache.commons.math.stat.FrequencyTest.testPcts(FrequencyTest.java:148)
    at sun.reflect.NativeMethodAccessorImpl.invoke0(Native Method)
16:34:05.892 [pool-4-thread-1] INFO  xxl.java.junit.TestCasesListener - Tests run finished (25 ms)
<> Total tests run: 8
<> Ignored tests: 0
<> Failed tests: 1
~ testPcts(org.apache.commons.math.stat.FrequencyTest)
[three (Object) pct expected:<0.5> but was:<1.0>]
junit.framework.AssertionFailedError: three (Object) pct expected:<0.5> but was:<1.0>    at junit.framework.Assert.fail(Assert.java:57)
    at junit.framework.Assert.failNotEquals(Assert.java:329)
    at junit.framework.Assert.assertEquals(Assert.java:120)
    at junit.framework.TestCase.assertEquals(TestCase.java:279)
    at org.apache.commons.math.stat.FrequencyTest.testPcts(FrequencyTest.java:148)
    at sun.reflect.NativeMethodAccessorImpl.invoke0(Native Method)

16:34:06.686 [pool-2-thread-1] DEBUG fr.inria.lille.repair.nopol.NoPol - statement #6
16:34:06.686 [pool-2-thread-1] DEBUG fr.inria.lille.repair.nopol.NoPol - Analysing SourceLocation org.apache.commons.math.stat.Frequency:408 which is executed by 4 tests
1933944125
16:34:06.818 [pool-2-thread-1] DEBUG fr.inria.lille.repair.nopol.NoPol - looking with class fr.inria.lille.repair.nopol.spoon.smt.ConditionalAdder
junit.framework.AssertionFailedError: three (Object) pct expected:<0.5> but was:<1.0>
    at junit.framework.Assert.fail(Assert.java:57)
    at junit.framework.Assert.failNotEquals(Assert.java:329)
    at junit.framework.Assert.assertEquals(Assert.java:120)
    at junit.framework.TestCase.assertEquals(TestCase.java:279)
    at org.apache.commons.math.stat.FrequencyTest.testPcts(FrequencyTest.java:148)
    at sun.reflect.NativeMethodAccessorImpl.invoke0(Native Method)
16:34:06.832 [pool-8-thread-1] INFO  xxl.java.junit.TestCasesListener - Tests run finished (10 ms)
<> Total tests run: 8
<> Ignored tests: 0
<> Failed tests: 1
~ testPcts(org.apache.commons.math.stat.FrequencyTest)
[three (Object) pct expected:<0.5> but was:<1.0>]
junit.framework.AssertionFailedError: three (Object) pct expected:<0.5> but was:<1.0>    at junit.framework.Assert.fail(Assert.java:57)
    at junit.framework.Assert.failNotEquals(Assert.java:329)
    at junit.framework.Assert.assertEquals(Assert.java:120)
    at junit.framework.TestCase.assertEquals(TestCase.java:279)
    at org.apache.commons.math.stat.FrequencyTest.testPcts(FrequencyTest.java:148)
    at sun.reflect.NativeMethodAccessorImpl.invoke0(Native Method)

16:34:07.155 [pool-2-thread-1] DEBUG fr.inria.lille.repair.nopol.NoPol - statement #7
16:34:07.156 [pool-2-thread-1] DEBUG fr.inria.lille.repair.nopol.NoPol - Analysing SourceLocation org.apache.commons.math.stat.Frequency:320 which is executed by 4 tests
1933944125
16:34:07.249 [pool-2-thread-1] DEBUG fr.inria.lille.repair.nopol.NoPol - statement #8
16:34:07.250 [pool-2-thread-1] DEBUG fr.inria.lille.repair.nopol.NoPol - Analysing SourceLocation org.apache.commons.math.stat.Frequency:495 which is executed by 5 tests
1933944125
16:34:07.342 [pool-2-thread-1] DEBUG fr.inria.lille.repair.nopol.NoPol - statement #9
16:34:07.343 [pool-2-thread-1] DEBUG fr.inria.lille.repair.nopol.NoPol - Analysing SourceLocation org.apache.commons.math.stat.Frequency:407 which is executed by 5 tests
1933944125
16:34:07.440 [pool-2-thread-1] DEBUG fr.inria.lille.repair.nopol.NoPol - looking with class fr.inria.lille.repair.nopol.spoon.smt.ConditionalAdder
junit.framework.AssertionFailedError: three (Object) pct expected:<0.5> but was:<1.0>
    at junit.framework.Assert.fail(Assert.java:57)
    at junit.framework.Assert.failNotEquals(Assert.java:329)
    at junit.framework.Assert.assertEquals(Assert.java:120)
    at junit.framework.TestCase.assertEquals(TestCase.java:279)
    at org.apache.commons.math.stat.FrequencyTest.testPcts(FrequencyTest.java:148)
    at sun.reflect.NativeMethodAccessorImpl.invoke0(Native Method)
16:34:07.452 [pool-12-thread-1] INFO  xxl.java.junit.TestCasesListener - Tests run finished (9 ms)
<> Total tests run: 8
<> Ignored tests: 0
<> Failed tests: 1
~ testPcts(org.apache.commons.math.stat.FrequencyTest)
[three (Object) pct expected:<0.5> but was:<1.0>]
junit.framework.AssertionFailedError: three (Object) pct expected:<0.5> but was:<1.0>    at junit.framework.Assert.fail(Assert.java:57)
    at junit.framework.Assert.failNotEquals(Assert.java:329)
    at junit.framework.Assert.assertEquals(Assert.java:120)
    at junit.framework.TestCase.assertEquals(TestCase.java:279)
    at org.apache.commons.math.stat.FrequencyTest.testPcts(FrequencyTest.java:148)
    at sun.reflect.NativeMethodAccessorImpl.invoke0(Native Method)

16:34:07.698 [pool-2-thread-1] DEBUG fr.inria.lille.repair.nopol.NoPol - looking with class fr.inria.lille.repair.nopol.spoon.smt.ConditionalReplacer
junit.framework.AssertionFailedError: three (Object) pct expected:<0.5> but was:<1.0>
    at junit.framework.Assert.fail(Assert.java:57)
    at junit.framework.Assert.failNotEquals(Assert.java:329)
    at junit.framework.Assert.assertEquals(Assert.java:120)
    at junit.framework.TestCase.assertEquals(TestCase.java:279)
    at org.apache.commons.math.stat.FrequencyTest.testPcts(FrequencyTest.java:148)
    at sun.reflect.NativeMethodAccessorImpl.invoke0(Native Method)
16:34:07.710 [pool-16-thread-1] INFO  xxl.java.junit.TestCasesListener - Tests run finished (9 ms)
<> Total tests run: 8
<> Ignored tests: 0
<> Failed tests: 1
~ testPcts(org.apache.commons.math.stat.FrequencyTest)
[three (Object) pct expected:<0.5> but was:<1.0>]
junit.framework.AssertionFailedError: three (Object) pct expected:<0.5> but was:<1.0>    at junit.framework.Assert.fail(Assert.java:57)
    at junit.framework.Assert.failNotEquals(Assert.java:329)
    at junit.framework.Assert.assertEquals(Assert.java:120)
    at junit.framework.TestCase.assertEquals(TestCase.java:279)
    at org.apache.commons.math.stat.FrequencyTest.testPcts(FrequencyTest.java:148)
    at sun.reflect.NativeMethodAccessorImpl.invoke0(Native Method)

16:34:07.915 [pool-2-thread-1] DEBUG fr.inria.lille.repair.nopol.NoPol - statement #10
16:34:07.916 [pool-2-thread-1] DEBUG fr.inria.lille.repair.nopol.NoPol - Analysing SourceLocation org.apache.commons.math.stat.Frequency:403 which is executed by 5 tests
1933944125
16:34:08.007 [pool-2-thread-1] DEBUG fr.inria.lille.repair.nopol.NoPol - looking with class fr.inria.lille.repair.nopol.spoon.smt.ConditionalAdder
junit.framework.AssertionFailedError: three (Object) pct expected:<0.5> but was:<1.0>
    at junit.framework.Assert.fail(Assert.java:57)
    at junit.framework.Assert.failNotEquals(Assert.java:329)
    at junit.framework.Assert.assertEquals(Assert.java:120)
    at junit.framework.TestCase.assertEquals(TestCase.java:279)
    at org.apache.commons.math.stat.FrequencyTest.testPcts(FrequencyTest.java:148)
    at sun.reflect.NativeMethodAccessorImpl.invoke0(Native Method)
16:34:08.022 [pool-20-thread-1] INFO  xxl.java.junit.TestCasesListener - Tests run finished (11 ms)
<> Total tests run: 8
<> Ignored tests: 0
<> Failed tests: 1
~ testPcts(org.apache.commons.math.stat.FrequencyTest)
[three (Object) pct expected:<0.5> but was:<1.0>]
junit.framework.AssertionFailedError: three (Object) pct expected:<0.5> but was:<1.0>    at junit.framework.Assert.fail(Assert.java:57)
    at junit.framework.Assert.failNotEquals(Assert.java:329)
    at junit.framework.Assert.assertEquals(Assert.java:120)
    at junit.framework.TestCase.assertEquals(TestCase.java:279)
    at org.apache.commons.math.stat.FrequencyTest.testPcts(FrequencyTest.java:148)
    at sun.reflect.NativeMethodAccessorImpl.invoke0(Native Method)

16:34:08.221 [pool-2-thread-1] DEBUG fr.inria.lille.repair.nopol.NoPol - looking with class fr.inria.lille.repair.nopol.spoon.smt.ConditionalReplacer
junit.framework.AssertionFailedError: three (Object) pct expected:<0.5> but was:<1.0>
    at junit.framework.Assert.fail(Assert.java:57)
    at junit.framework.Assert.failNotEquals(Assert.java:329)
    at junit.framework.Assert.assertEquals(Assert.java:120)
    at junit.framework.TestCase.assertEquals(TestCase.java:279)
    at org.apache.commons.math.stat.FrequencyTest.testPcts(FrequencyTest.java:148)
    at sun.reflect.NativeMethodAccessorImpl.invoke0(Native Method)
16:34:08.233 [pool-24-thread-1] INFO  xxl.java.junit.TestCasesListener - Tests run finished (9 ms)
<> Total tests run: 8
<> Ignored tests: 0
<> Failed tests: 1
~ testPcts(org.apache.commons.math.stat.FrequencyTest)
[three (Object) pct expected:<0.5> but was:<1.0>]
junit.framework.AssertionFailedError: three (Object) pct expected:<0.5> but was:<1.0>    at junit.framework.Assert.fail(Assert.java:57)
    at junit.framework.Assert.failNotEquals(Assert.java:329)
    at junit.framework.Assert.assertEquals(Assert.java:120)
    at junit.framework.TestCase.assertEquals(TestCase.java:279)
    at org.apache.commons.math.stat.FrequencyTest.testPcts(FrequencyTest.java:148)
    at sun.reflect.NativeMethodAccessorImpl.invoke0(Native Method)

16:34:08.469 [pool-2-thread-1] DEBUG fr.inria.lille.repair.nopol.NoPol - statement #11
16:34:08.469 [pool-2-thread-1] DEBUG fr.inria.lille.repair.nopol.NoPol - Analysing SourceLocation org.apache.commons.math.stat.Frequency:401 which is executed by 5 tests
1933944125
16:34:08.575 [pool-2-thread-1] DEBUG fr.inria.lille.repair.nopol.NoPol - statement #12
16:34:08.576 [pool-2-thread-1] DEBUG fr.inria.lille.repair.nopol.NoPol - Analysing SourceLocation org.apache.commons.math.stat.Frequency:397 which is executed by 5 tests
1933944125
16:34:08.665 [pool-2-thread-1] DEBUG fr.inria.lille.repair.nopol.NoPol - looking with class fr.inria.lille.repair.nopol.spoon.smt.ConditionalAdder
junit.framework.AssertionFailedError: three (Object) pct expected:<0.5> but was:<1.0>
    at junit.framework.Assert.fail(Assert.java:57)
    at junit.framework.Assert.failNotEquals(Assert.java:329)
    at junit.framework.Assert.assertEquals(Assert.java:120)
    at junit.framework.TestCase.assertEquals(TestCase.java:279)
    at org.apache.commons.math.stat.FrequencyTest.testPcts(FrequencyTest.java:148)
    at sun.reflect.NativeMethodAccessorImpl.invoke0(Native Method)
16:34:08.677 [pool-28-thread-1] INFO  xxl.java.junit.TestCasesListener - Tests run finished (9 ms)
<> Total tests run: 8
<> Ignored tests: 0
<> Failed tests: 1
~ testPcts(org.apache.commons.math.stat.FrequencyTest)
[three (Object) pct expected:<0.5> but was:<1.0>]
junit.framework.AssertionFailedError: three (Object) pct expected:<0.5> but was:<1.0>    at junit.framework.Assert.fail(Assert.java:57)
    at junit.framework.Assert.failNotEquals(Assert.java:329)
    at junit.framework.Assert.assertEquals(Assert.java:120)
    at junit.framework.TestCase.assertEquals(TestCase.java:279)
    at org.apache.commons.math.stat.FrequencyTest.testPcts(FrequencyTest.java:148)
    at sun.reflect.NativeMethodAccessorImpl.invoke0(Native Method)

16:34:09.079 [pool-2-thread-1] DEBUG fr.inria.lille.repair.nopol.NoPol - statement #13
16:34:09.079 [pool-2-thread-1] DEBUG fr.inria.lille.repair.nopol.NoPol - Analysing SourceLocation org.apache.commons.math.stat.Frequency:396 which is executed by 5 tests
1933944125
16:34:09.187 [pool-2-thread-1] DEBUG fr.inria.lille.repair.nopol.NoPol - looking with class fr.inria.lille.repair.nopol.spoon.smt.ConditionalAdder
junit.framework.AssertionFailedError: three (Object) pct expected:<0.5> but was:<1.0>
    at junit.framework.Assert.fail(Assert.java:57)
    at junit.framework.Assert.failNotEquals(Assert.java:329)
    at junit.framework.Assert.assertEquals(Assert.java:120)
    at junit.framework.TestCase.assertEquals(TestCase.java:279)
    at org.apache.commons.math.stat.FrequencyTest.testPcts(FrequencyTest.java:148)
    at sun.reflect.NativeMethodAccessorImpl.invoke0(Native Method)
16:34:09.199 [pool-32-thread-1] INFO  xxl.java.junit.TestCasesListener - Tests run finished (9 ms)
<> Total tests run: 8
<> Ignored tests: 0
<> Failed tests: 1
~ testPcts(org.apache.commons.math.stat.FrequencyTest)
[three (Object) pct expected:<0.5> but was:<1.0>]
junit.framework.AssertionFailedError: three (Object) pct expected:<0.5> but was:<1.0>    at junit.framework.Assert.fail(Assert.java:57)
    at junit.framework.Assert.failNotEquals(Assert.java:329)
    at junit.framework.Assert.assertEquals(Assert.java:120)
    at junit.framework.TestCase.assertEquals(TestCase.java:279)
    at org.apache.commons.math.stat.FrequencyTest.testPcts(FrequencyTest.java:148)
    at sun.reflect.NativeMethodAccessorImpl.invoke0(Native Method)

16:34:09.383 [pool-2-thread-1] DEBUG fr.inria.lille.repair.nopol.NoPol - looking with class fr.inria.lille.repair.nopol.spoon.smt.ConditionalReplacer
junit.framework.AssertionFailedError: three (Object) pct expected:<0.5> but was:<1.0>
    at junit.framework.Assert.fail(Assert.java:57)
    at junit.framework.Assert.failNotEquals(Assert.java:329)
    at junit.framework.Assert.assertEquals(Assert.java:120)
    at junit.framework.TestCase.assertEquals(TestCase.java:279)
    at org.apache.commons.math.stat.FrequencyTest.testPcts(FrequencyTest.java:148)
    at sun.reflect.NativeMethodAccessorImpl.invoke0(Native Method)
16:34:09.394 [pool-36-thread-1] INFO  xxl.java.junit.TestCasesListener - Tests run finished (9 ms)
<> Total tests run: 8
<> Ignored tests: 0
<> Failed tests: 1
~ testPcts(org.apache.commons.math.stat.FrequencyTest)
[three (Object) pct expected:<0.5> but was:<1.0>]
junit.framework.AssertionFailedError: three (Object) pct expected:<0.5> but was:<1.0>    at junit.framework.Assert.fail(Assert.java:57)
    at junit.framework.Assert.failNotEquals(Assert.java:329)
    at junit.framework.Assert.assertEquals(Assert.java:120)
    at junit.framework.TestCase.assertEquals(TestCase.java:279)
    at org.apache.commons.math.stat.FrequencyTest.testPcts(FrequencyTest.java:148)
    at sun.reflect.NativeMethodAccessorImpl.invoke0(Native Method)

16:34:09.558 [pool-2-thread-1] DEBUG fr.inria.lille.repair.nopol.NoPol - statement #14
16:34:09.559 [pool-2-thread-1] DEBUG fr.inria.lille.repair.nopol.NoPol - Analysing SourceLocation org.apache.commons.math.stat.Frequency:395 which is executed by 5 tests
1933944125
16:34:09.648 [pool-2-thread-1] DEBUG fr.inria.lille.repair.nopol.NoPol - statement #15
16:34:09.648 [pool-2-thread-1] DEBUG fr.inria.lille.repair.nopol.NoPol - Analysing SourceLocation org.apache.commons.math.stat.Frequency:392 which is executed by 5 tests
1933944125
16:34:09.735 [pool-2-thread-1] DEBUG fr.inria.lille.repair.nopol.NoPol - statement #16
16:34:09.736 [pool-2-thread-1] DEBUG fr.inria.lille.repair.nopol.NoPol - Analysing SourceLocation org.apache.commons.math.stat.Frequency:390 which is executed by 5 tests
1933944125
16:34:09.827 [pool-2-thread-1] DEBUG fr.inria.lille.repair.nopol.NoPol - looking with class fr.inria.lille.repair.nopol.spoon.smt.ConditionalAdder
junit.framework.AssertionFailedError: three (Object) pct expected:<0.5> but was:<1.0>
    at junit.framework.Assert.fail(Assert.java:57)
    at junit.framework.Assert.failNotEquals(Assert.java:329)
    at junit.framework.Assert.assertEquals(Assert.java:120)
    at junit.framework.TestCase.assertEquals(TestCase.java:279)
    at org.apache.commons.math.stat.FrequencyTest.testPcts(FrequencyTest.java:148)
    at sun.reflect.NativeMethodAccessorImpl.invoke0(Native Method)
16:34:09.838 [pool-40-thread-1] INFO  xxl.java.junit.TestCasesListener - Tests run finished (8 ms)
<> Total tests run: 8
<> Ignored tests: 0
<> Failed tests: 1
~ testPcts(org.apache.commons.math.stat.FrequencyTest)
[three (Object) pct expected:<0.5> but was:<1.0>]
junit.framework.AssertionFailedError: three (Object) pct expected:<0.5> but was:<1.0>    at junit.framework.Assert.fail(Assert.java:57)
    at junit.framework.Assert.failNotEquals(Assert.java:329)
    at junit.framework.Assert.assertEquals(Assert.java:120)
    at junit.framework.TestCase.assertEquals(TestCase.java:279)
    at org.apache.commons.math.stat.FrequencyTest.testPcts(FrequencyTest.java:148)
    at sun.reflect.NativeMethodAccessorImpl.invoke0(Native Method)

16:34:09.993 [pool-2-thread-1] DEBUG fr.inria.lille.repair.nopol.NoPol - statement #17
16:34:09.993 [pool-2-thread-1] DEBUG fr.inria.lille.repair.nopol.NoPol - Analysing SourceLocation org.apache.commons.math.stat.Frequency:389 which is executed by 5 tests
1933944125
16:34:10.084 [pool-2-thread-1] DEBUG fr.inria.lille.repair.nopol.NoPol - looking with class fr.inria.lille.repair.nopol.spoon.smt.ConditionalAdder
junit.framework.AssertionFailedError: three (Object) pct expected:<0.5> but was:<1.0>
    at junit.framework.Assert.fail(Assert.java:57)
    at junit.framework.Assert.failNotEquals(Assert.java:329)
    at junit.framework.Assert.assertEquals(Assert.java:120)
    at junit.framework.TestCase.assertEquals(TestCase.java:279)
    at org.apache.commons.math.stat.FrequencyTest.testPcts(FrequencyTest.java:148)
    at sun.reflect.NativeMethodAccessorImpl.invoke0(Native Method)
16:34:10.096 [pool-44-thread-1] INFO  xxl.java.junit.TestCasesListener - Tests run finished (9 ms)
<> Total tests run: 8
<> Ignored tests: 0
<> Failed tests: 1
~ testPcts(org.apache.commons.math.stat.FrequencyTest)
[three (Object) pct expected:<0.5> but was:<1.0>]
junit.framework.AssertionFailedError: three (Object) pct expected:<0.5> but was:<1.0>    at junit.framework.Assert.fail(Assert.java:57)
    at junit.framework.Assert.failNotEquals(Assert.java:329)
    at junit.framework.Assert.assertEquals(Assert.java:120)
    at junit.framework.TestCase.assertEquals(TestCase.java:279)
    at org.apache.commons.math.stat.FrequencyTest.testPcts(FrequencyTest.java:148)
    at sun.reflect.NativeMethodAccessorImpl.invoke0(Native Method)

16:34:10.244 [pool-2-thread-1] DEBUG fr.inria.lille.repair.nopol.NoPol - looking with class fr.inria.lille.repair.nopol.spoon.smt.ConditionalReplacer
junit.framework.AssertionFailedError: three (Object) pct expected:<0.5> but was:<1.0>
    at junit.framework.Assert.fail(Assert.java:57)
    at junit.framework.Assert.failNotEquals(Assert.java:329)
    at junit.framework.Assert.assertEquals(Assert.java:120)
    at junit.framework.TestCase.assertEquals(TestCase.java:279)
    at org.apache.commons.math.stat.FrequencyTest.testPcts(FrequencyTest.java:148)
    at sun.reflect.NativeMethodAccessorImpl.invoke0(Native Method)
16:34:10.256 [pool-48-thread-1] INFO  xxl.java.junit.TestCasesListener - Tests run finished (9 ms)
<> Total tests run: 8
<> Ignored tests: 0
<> Failed tests: 1
~ testPcts(org.apache.commons.math.stat.FrequencyTest)
[three (Object) pct expected:<0.5> but was:<1.0>]
junit.framework.AssertionFailedError: three (Object) pct expected:<0.5> but was:<1.0>    at junit.framework.Assert.fail(Assert.java:57)
    at junit.framework.Assert.failNotEquals(Assert.java:329)
    at junit.framework.Assert.assertEquals(Assert.java:120)
    at junit.framework.TestCase.assertEquals(TestCase.java:279)
    at org.apache.commons.math.stat.FrequencyTest.testPcts(FrequencyTest.java:148)
    at sun.reflect.NativeMethodAccessorImpl.invoke0(Native Method)

16:34:10.418 [pool-2-thread-1] DEBUG fr.inria.lille.repair.nopol.NoPol - statement #18
16:34:10.418 [pool-2-thread-1] DEBUG fr.inria.lille.repair.nopol.NoPol - Analysing SourceLocation org.apache.commons.math.stat.Frequency:388 which is executed by 5 tests
1933944125
16:34:10.507 [pool-2-thread-1] DEBUG fr.inria.lille.repair.nopol.NoPol - statement #19
16:34:10.508 [pool-2-thread-1] DEBUG fr.inria.lille.repair.nopol.NoPol - Analysing SourceLocation org.apache.commons.math.stat.Frequency:385 which is executed by 5 tests
1933944125
16:34:10.609 [pool-2-thread-1] DEBUG fr.inria.lille.repair.nopol.NoPol - looking with class fr.inria.lille.repair.nopol.spoon.smt.ConditionalAdder
junit.framework.AssertionFailedError: three (Object) pct expected:<0.5> but was:<1.0>
    at junit.framework.Assert.fail(Assert.java:57)
    at junit.framework.Assert.failNotEquals(Assert.java:329)
    at junit.framework.Assert.assertEquals(Assert.java:120)
    at junit.framework.TestCase.assertEquals(TestCase.java:279)
    at org.apache.commons.math.stat.FrequencyTest.testPcts(FrequencyTest.java:148)
    at sun.reflect.NativeMethodAccessorImpl.invoke0(Native Method)
16:34:10.621 [pool-52-thread-1] INFO  xxl.java.junit.TestCasesListener - Tests run finished (9 ms)
<> Total tests run: 8
<> Ignored tests: 0
<> Failed tests: 1
~ testPcts(org.apache.commons.math.stat.FrequencyTest)
[three (Object) pct expected:<0.5> but was:<1.0>]
junit.framework.AssertionFailedError: three (Object) pct expected:<0.5> but was:<1.0>    at junit.framework.Assert.fail(Assert.java:57)
    at junit.framework.Assert.failNotEquals(Assert.java:329)
    at junit.framework.Assert.assertEquals(Assert.java:120)
    at junit.framework.TestCase.assertEquals(TestCase.java:279)
    at org.apache.commons.math.stat.FrequencyTest.testPcts(FrequencyTest.java:148)
    at sun.reflect.NativeMethodAccessorImpl.invoke0(Native Method)

16:34:10.798 [pool-2-thread-1] DEBUG fr.inria.lille.repair.nopol.NoPol - looking with class fr.inria.lille.repair.nopol.spoon.smt.ConditionalReplacer
junit.framework.AssertionFailedError: three (Object) pct expected:<0.5> but was:<1.0>
    at junit.framework.Assert.fail(Assert.java:57)
    at junit.framework.Assert.failNotEquals(Assert.java:329)
    at junit.framework.Assert.assertEquals(Assert.java:120)
    at junit.framework.TestCase.assertEquals(TestCase.java:279)
    at org.apache.commons.math.stat.FrequencyTest.testPcts(FrequencyTest.java:148)
    at sun.reflect.NativeMethodAccessorImpl.invoke0(Native Method)
16:34:10.809 [pool-56-thread-1] INFO  xxl.java.junit.TestCasesListener - Tests run finished (8 ms)
<> Total tests run: 8
<> Ignored tests: 0
<> Failed tests: 1
~ testPcts(org.apache.commons.math.stat.FrequencyTest)
[three (Object) pct expected:<0.5> but was:<1.0>]
junit.framework.AssertionFailedError: three (Object) pct expected:<0.5> but was:<1.0>    at junit.framework.Assert.fail(Assert.java:57)
    at junit.framework.Assert.failNotEquals(Assert.java:329)
    at junit.framework.Assert.assertEquals(Assert.java:120)
    at junit.framework.TestCase.assertEquals(TestCase.java:279)
    at org.apache.commons.math.stat.FrequencyTest.testPcts(FrequencyTest.java:148)
    at sun.reflect.NativeMethodAccessorImpl.invoke0(Native Method)

16:34:10.958 [pool-2-thread-1] DEBUG fr.inria.lille.repair.nopol.NoPol - statement #20
16:34:10.958 [pool-2-thread-1] DEBUG fr.inria.lille.repair.nopol.NoPol - Analysing SourceLocation org.apache.commons.math.stat.Frequency:317 which is executed by 5 tests
1933944125
16:34:11.046 [pool-2-thread-1] DEBUG fr.inria.lille.repair.nopol.NoPol - looking with class fr.inria.lille.repair.nopol.spoon.smt.ConditionalAdder
junit.framework.AssertionFailedError: three (Object) pct expected:<0.5> but was:<1.0>
    at junit.framework.Assert.fail(Assert.java:57)
    at junit.framework.Assert.failNotEquals(Assert.java:329)
    at junit.framework.Assert.assertEquals(Assert.java:120)
    at junit.framework.TestCase.assertEquals(TestCase.java:279)
    at org.apache.commons.math.stat.FrequencyTest.testPcts(FrequencyTest.java:148)
    at sun.reflect.NativeMethodAccessorImpl.invoke0(Native Method)
16:34:11.058 [pool-60-thread-1] INFO  xxl.java.junit.TestCasesListener - Tests run finished (8 ms)
<> Total tests run: 8
<> Ignored tests: 0
<> Failed tests: 1
~ testPcts(org.apache.commons.math.stat.FrequencyTest)
[three (Object) pct expected:<0.5> but was:<1.0>]
junit.framework.AssertionFailedError: three (Object) pct expected:<0.5> but was:<1.0>    at junit.framework.Assert.fail(Assert.java:57)
    at junit.framework.Assert.failNotEquals(Assert.java:329)
    at junit.framework.Assert.assertEquals(Assert.java:120)
    at junit.framework.TestCase.assertEquals(TestCase.java:279)
    at org.apache.commons.math.stat.FrequencyTest.testPcts(FrequencyTest.java:148)
    at sun.reflect.NativeMethodAccessorImpl.invoke0(Native Method)

16:34:11.202 [pool-2-thread-1] DEBUG fr.inria.lille.repair.nopol.NoPol - looking with class fr.inria.lille.repair.nopol.spoon.smt.ConditionalReplacer
junit.framework.AssertionFailedError: three (Object) pct expected:<0.5> but was:<1.0>
    at junit.framework.Assert.fail(Assert.java:57)
    at junit.framework.Assert.failNotEquals(Assert.java:329)
    at junit.framework.Assert.assertEquals(Assert.java:120)
    at junit.framework.TestCase.assertEquals(TestCase.java:279)
    at org.apache.commons.math.stat.FrequencyTest.testPcts(FrequencyTest.java:148)
    at sun.reflect.NativeMethodAccessorImpl.invoke0(Native Method)
16:34:11.213 [pool-64-thread-1] INFO  xxl.java.junit.TestCasesListener - Tests run finished (9 ms)
<> Total tests run: 8
<> Ignored tests: 0
<> Failed tests: 1
~ testPcts(org.apache.commons.math.stat.FrequencyTest)
[three (Object) pct expected:<0.5> but was:<1.0>]
junit.framework.AssertionFailedError: three (Object) pct expected:<0.5> but was:<1.0>    at junit.framework.Assert.fail(Assert.java:57)
    at junit.framework.Assert.failNotEquals(Assert.java:329)
    at junit.framework.Assert.assertEquals(Assert.java:120)
    at junit.framework.TestCase.assertEquals(TestCase.java:279)
    at org.apache.commons.math.stat.FrequencyTest.testPcts(FrequencyTest.java:148)
    at sun.reflect.NativeMethodAccessorImpl.invoke0(Native Method)

16:34:11.365 [pool-2-thread-1] DEBUG fr.inria.lille.repair.nopol.NoPol - statement #21
16:34:11.365 [pool-2-thread-1] DEBUG fr.inria.lille.repair.nopol.NoPol - Analysing SourceLocation org.apache.commons.math.stat.Frequency:316 which is executed by 5 tests
1933944125
16:34:11.454 [pool-2-thread-1] DEBUG fr.inria.lille.repair.nopol.NoPol - statement #22
16:34:11.454 [pool-2-thread-1] DEBUG fr.inria.lille.repair.nopol.NoPol - Analysing SourceLocation org.apache.commons.math.stat.Frequency:492 which is executed by 6 tests
1933944125
16:34:11.541 [pool-2-thread-1] DEBUG fr.inria.lille.repair.nopol.NoPol - looking with class fr.inria.lille.repair.nopol.spoon.smt.ConditionalAdder
junit.framework.AssertionFailedError: three (Object) pct expected:<0.5> but was:<1.0>
    at junit.framework.Assert.fail(Assert.java:57)
    at junit.framework.Assert.failNotEquals(Assert.java:329)
    at junit.framework.Assert.assertEquals(Assert.java:120)
    at junit.framework.TestCase.assertEquals(TestCase.java:279)
    at org.apache.commons.math.stat.FrequencyTest.testPcts(FrequencyTest.java:148)
    at sun.reflect.NativeMethodAccessorImpl.invoke0(Native Method)
16:34:11.552 [pool-68-thread-1] INFO  xxl.java.junit.TestCasesListener - Tests run finished (8 ms)
<> Total tests run: 8
<> Ignored tests: 0
<> Failed tests: 1
~ testPcts(org.apache.commons.math.stat.FrequencyTest)
[three (Object) pct expected:<0.5> but was:<1.0>]
junit.framework.AssertionFailedError: three (Object) pct expected:<0.5> but was:<1.0>    at junit.framework.Assert.fail(Assert.java:57)
    at junit.framework.Assert.failNotEquals(Assert.java:329)
    at junit.framework.Assert.assertEquals(Assert.java:120)
    at junit.framework.TestCase.assertEquals(TestCase.java:279)
    at org.apache.commons.math.stat.FrequencyTest.testPcts(FrequencyTest.java:148)
    at sun.reflect.NativeMethodAccessorImpl.invoke0(Native Method)

16:34:11.696 [pool-2-thread-1] DEBUG fr.inria.lille.repair.nopol.NoPol - looking with class fr.inria.lille.repair.nopol.spoon.smt.ConditionalReplacer
junit.framework.AssertionFailedError: three (Object) pct expected:<0.5> but was:<1.0>
    at junit.framework.Assert.fail(Assert.java:57)
    at junit.framework.Assert.failNotEquals(Assert.java:329)
    at junit.framework.Assert.assertEquals(Assert.java:120)
    at junit.framework.TestCase.assertEquals(TestCase.java:279)
    at org.apache.commons.math.stat.FrequencyTest.testPcts(FrequencyTest.java:148)
    at sun.reflect.NativeMethodAccessorImpl.invoke0(Native Method)
16:34:11.706 [pool-72-thread-1] INFO  xxl.java.junit.TestCasesListener - Tests run finished (8 ms)
<> Total tests run: 8
<> Ignored tests: 0
<> Failed tests: 1
~ testPcts(org.apache.commons.math.stat.FrequencyTest)
[three (Object) pct expected:<0.5> but was:<1.0>]
junit.framework.AssertionFailedError: three (Object) pct expected:<0.5> but was:<1.0>    at junit.framework.Assert.fail(Assert.java:57)
    at junit.framework.Assert.failNotEquals(Assert.java:329)
    at junit.framework.Assert.assertEquals(Assert.java:120)
    at junit.framework.TestCase.assertEquals(TestCase.java:279)
    at org.apache.commons.math.stat.FrequencyTest.testPcts(FrequencyTest.java:148)
    at sun.reflect.NativeMethodAccessorImpl.invoke0(Native Method)

16:34:11.857 [pool-2-thread-1] DEBUG fr.inria.lille.repair.nopol.NoPol - statement #23
16:34:11.858 [pool-2-thread-1] DEBUG fr.inria.lille.repair.nopol.NoPol - Analysing SourceLocation org.apache.commons.math.stat.Frequency:491 which is executed by 6 tests
1933944125
16:34:11.944 [pool-2-thread-1] DEBUG fr.inria.lille.repair.nopol.NoPol - statement #24
16:34:11.945 [pool-2-thread-1] DEBUG fr.inria.lille.repair.nopol.NoPol - Analysing SourceLocation org.apache.commons.math.stat.Frequency:382 which is executed by 6 tests
1933944125
16:34:12.031 [pool-2-thread-1] DEBUG fr.inria.lille.repair.nopol.NoPol - looking with class fr.inria.lille.repair.nopol.spoon.smt.ConditionalAdder
junit.framework.AssertionFailedError: three (Object) pct expected:<0.5> but was:<1.0>
    at junit.framework.Assert.fail(Assert.java:57)
    at junit.framework.Assert.failNotEquals(Assert.java:329)
    at junit.framework.Assert.assertEquals(Assert.java:120)
    at junit.framework.TestCase.assertEquals(TestCase.java:279)
    at org.apache.commons.math.stat.FrequencyTest.testPcts(FrequencyTest.java:148)
    at sun.reflect.NativeMethodAccessorImpl.invoke0(Native Method)
16:34:12.042 [pool-76-thread-1] INFO  xxl.java.junit.TestCasesListener - Tests run finished (8 ms)
<> Total tests run: 8
<> Ignored tests: 0
<> Failed tests: 1
~ testPcts(org.apache.commons.math.stat.FrequencyTest)
[three (Object) pct expected:<0.5> but was:<1.0>]
junit.framework.AssertionFailedError: three (Object) pct expected:<0.5> but was:<1.0>    at junit.framework.Assert.fail(Assert.java:57)
    at junit.framework.Assert.failNotEquals(Assert.java:329)
    at junit.framework.Assert.assertEquals(Assert.java:120)
    at junit.framework.TestCase.assertEquals(TestCase.java:279)
    at org.apache.commons.math.stat.FrequencyTest.testPcts(FrequencyTest.java:148)
    at sun.reflect.NativeMethodAccessorImpl.invoke0(Native Method)

16:34:12.186 [pool-2-thread-1] DEBUG fr.inria.lille.repair.nopol.NoPol - looking with class fr.inria.lille.repair.nopol.spoon.smt.ConditionalReplacer
junit.framework.AssertionFailedError: three (Object) pct expected:<0.5> but was:<1.0>
    at junit.framework.Assert.fail(Assert.java:57)
    at junit.framework.Assert.failNotEquals(Assert.java:329)
    at junit.framework.Assert.assertEquals(Assert.java:120)
    at junit.framework.TestCase.assertEquals(TestCase.java:279)
    at org.apache.commons.math.stat.FrequencyTest.testPcts(FrequencyTest.java:148)
    at sun.reflect.NativeMethodAccessorImpl.invoke0(Native Method)
16:34:12.198 [pool-80-thread-1] INFO  xxl.java.junit.TestCasesListener - Tests run finished (8 ms)
<> Total tests run: 8
<> Ignored tests: 0
<> Failed tests: 1
~ testPcts(org.apache.commons.math.stat.FrequencyTest)
[three (Object) pct expected:<0.5> but was:<1.0>]
junit.framework.AssertionFailedError: three (Object) pct expected:<0.5> but was:<1.0>    at junit.framework.Assert.fail(Assert.java:57)
    at junit.framework.Assert.failNotEquals(Assert.java:329)
    at junit.framework.Assert.assertEquals(Assert.java:120)
    at junit.framework.TestCase.assertEquals(TestCase.java:279)
    at org.apache.commons.math.stat.FrequencyTest.testPcts(FrequencyTest.java:148)
    at sun.reflect.NativeMethodAccessorImpl.invoke0(Native Method)

16:34:12.363 [pool-2-thread-1] DEBUG fr.inria.lille.repair.nopol.NoPol - statement #25
16:34:12.364 [pool-2-thread-1] DEBUG fr.inria.lille.repair.nopol.NoPol - Analysing SourceLocation org.apache.commons.math.stat.Frequency:218 which is executed by 8 tests
1933944125
16:34:12.463 [pool-2-thread-1] DEBUG fr.inria.lille.repair.nopol.NoPol - looking with class fr.inria.lille.repair.nopol.spoon.smt.ConditionalAdder
junit.framework.AssertionFailedError: three (Object) pct expected:<0.5> but was:<1.0>
    at junit.framework.Assert.fail(Assert.java:57)
    at junit.framework.Assert.failNotEquals(Assert.java:329)
    at junit.framework.Assert.assertEquals(Assert.java:120)
    at junit.framework.TestCase.assertEquals(TestCase.java:279)
    at org.apache.commons.math.stat.FrequencyTest.testPcts(FrequencyTest.java:148)
    at sun.reflect.NativeMethodAccessorImpl.invoke0(Native Method)
16:34:12.473 [pool-84-thread-1] INFO  xxl.java.junit.TestCasesListener - Tests run finished (7 ms)
<> Total tests run: 8
<> Ignored tests: 0
<> Failed tests: 1
~ testPcts(org.apache.commons.math.stat.FrequencyTest)
[three (Object) pct expected:<0.5> but was:<1.0>]
junit.framework.AssertionFailedError: three (Object) pct expected:<0.5> but was:<1.0>    at junit.framework.Assert.fail(Assert.java:57)
    at junit.framework.Assert.failNotEquals(Assert.java:329)
    at junit.framework.Assert.assertEquals(Assert.java:120)
    at junit.framework.TestCase.assertEquals(TestCase.java:279)
    at org.apache.commons.math.stat.FrequencyTest.testPcts(FrequencyTest.java:148)
    at sun.reflect.NativeMethodAccessorImpl.invoke0(Native Method)

16:35:06.267 [pool-2-thread-1] DEBUG fr.inria.lille.repair.nopol.NoPol - statement #26
16:35:06.267 [pool-2-thread-1] DEBUG fr.inria.lille.repair.nopol.NoPol - Analysing SourceLocation org.apache.commons.math.stat.Frequency:220 which is executed by 9 tests
1933944125
16:35:06.376 [pool-2-thread-1] DEBUG fr.inria.lille.repair.nopol.NoPol - statement #27
16:35:06.376 [pool-2-thread-1] DEBUG fr.inria.lille.repair.nopol.NoPol - Analysing SourceLocation org.apache.commons.math.stat.Frequency:217 which is executed by 9 tests
1933944125
16:35:06.467 [pool-2-thread-1] DEBUG fr.inria.lille.repair.nopol.NoPol - looking with class fr.inria.lille.repair.nopol.spoon.smt.ConditionalAdder
junit.framework.AssertionFailedError: three (Object) pct expected:<0.5> but was:<1.0>
    at junit.framework.Assert.fail(Assert.java:57)
    at junit.framework.Assert.failNotEquals(Assert.java:329)
    at junit.framework.Assert.assertEquals(Assert.java:120)
    at junit.framework.TestCase.assertEquals(TestCase.java:279)
    at org.apache.commons.math.stat.FrequencyTest.testPcts(FrequencyTest.java:148)
    at sun.reflect.NativeMethodAccessorImpl.invoke0(Native Method)
16:35:06.481 [pool-88-thread-1] INFO  xxl.java.junit.TestCasesListener - Tests run finished (11 ms)
<> Total tests run: 8
<> Ignored tests: 0
<> Failed tests: 1
~ testPcts(org.apache.commons.math.stat.FrequencyTest)
[three (Object) pct expected:<0.5> but was:<1.0>]
junit.framework.AssertionFailedError: three (Object) pct expected:<0.5> but was:<1.0>    at junit.framework.Assert.fail(Assert.java:57)
    at junit.framework.Assert.failNotEquals(Assert.java:329)
    at junit.framework.Assert.assertEquals(Assert.java:120)
    at junit.framework.TestCase.assertEquals(TestCase.java:279)
    at org.apache.commons.math.stat.FrequencyTest.testPcts(FrequencyTest.java:148)
    at sun.reflect.NativeMethodAccessorImpl.invoke0(Native Method)

16:35:06.630 [pool-2-thread-1] DEBUG fr.inria.lille.repair.nopol.NoPol - statement #28
16:35:06.630 [pool-2-thread-1] DEBUG fr.inria.lille.repair.nopol.NoPol - Analysing SourceLocation org.apache.commons.math.stat.Frequency:216 which is executed by 9 tests
1933944125
16:35:06.717 [pool-2-thread-1] DEBUG fr.inria.lille.repair.nopol.NoPol - statement #29
16:35:06.717 [pool-2-thread-1] DEBUG fr.inria.lille.repair.nopol.NoPol - Analysing SourceLocation org.apache.commons.math.stat.Frequency:215 which is executed by 9 tests
1933944125
16:35:06.804 [pool-2-thread-1] DEBUG fr.inria.lille.repair.nopol.NoPol - statement #30
16:35:06.804 [pool-2-thread-1] DEBUG fr.inria.lille.repair.nopol.NoPol - Analysing SourceLocation org.apache.commons.math.stat.Frequency:159 which is executed by 14 tests
1933944125
16:35:06.890 [pool-2-thread-1] DEBUG fr.inria.lille.repair.nopol.NoPol - statement #31
16:35:06.891 [pool-2-thread-1] DEBUG fr.inria.lille.repair.nopol.NoPol - Analysing SourceLocation org.apache.commons.math.stat.Frequency:158 which is executed by 15 tests
1933944125
16:35:06.977 [pool-2-thread-1] DEBUG fr.inria.lille.repair.nopol.NoPol - looking with class fr.inria.lille.repair.nopol.spoon.smt.ConditionalAdder
junit.framework.AssertionFailedError: three (Object) pct expected:<0.5> but was:<1.0>
    at junit.framework.Assert.fail(Assert.java:57)
    at junit.framework.Assert.failNotEquals(Assert.java:329)
    at junit.framework.Assert.assertEquals(Assert.java:120)
    at junit.framework.TestCase.assertEquals(TestCase.java:279)
    at org.apache.commons.math.stat.FrequencyTest.testPcts(FrequencyTest.java:148)
    at sun.reflect.NativeMethodAccessorImpl.invoke0(Native Method)
16:35:06.987 [pool-92-thread-1] INFO  xxl.java.junit.TestCasesListener - Tests run finished (8 ms)
<> Total tests run: 8
<> Ignored tests: 0
<> Failed tests: 1
~ testPcts(org.apache.commons.math.stat.FrequencyTest)
[three (Object) pct expected:<0.5> but was:<1.0>]
junit.framework.AssertionFailedError: three (Object) pct expected:<0.5> but was:<1.0>    at junit.framework.Assert.fail(Assert.java:57)
    at junit.framework.Assert.failNotEquals(Assert.java:329)
    at junit.framework.Assert.assertEquals(Assert.java:120)
    at junit.framework.TestCase.assertEquals(TestCase.java:279)
    at org.apache.commons.math.stat.FrequencyTest.testPcts(FrequencyTest.java:148)
    at sun.reflect.NativeMethodAccessorImpl.invoke0(Native Method)

16:35:07.120 [pool-2-thread-1] DEBUG fr.inria.lille.repair.nopol.NoPol - statement #32
16:35:07.121 [pool-2-thread-1] DEBUG fr.inria.lille.repair.nopol.NoPol - Analysing SourceLocation org.apache.commons.math.stat.Frequency:178 which is executed by 15 tests
1933944125
16:35:07.225 [pool-2-thread-1] DEBUG fr.inria.lille.repair.nopol.NoPol - statement #33
16:35:07.226 [pool-2-thread-1] DEBUG fr.inria.lille.repair.nopol.NoPol - Analysing SourceLocation org.apache.commons.math.stat.Frequency:177 which is executed by 15 tests
1933944125
16:35:07.314 [pool-2-thread-1] DEBUG fr.inria.lille.repair.nopol.NoPol - looking with class fr.inria.lille.repair.nopol.spoon.smt.ConditionalAdder
junit.framework.AssertionFailedError: three (Object) pct expected:<0.5> but was:<1.0>
    at junit.framework.Assert.fail(Assert.java:57)
    at junit.framework.Assert.failNotEquals(Assert.java:329)
    at junit.framework.Assert.assertEquals(Assert.java:120)
    at junit.framework.TestCase.assertEquals(TestCase.java:279)
    at org.apache.commons.math.stat.FrequencyTest.testPcts(FrequencyTest.java:148)
    at sun.reflect.NativeMethodAccessorImpl.invoke0(Native Method)
16:35:07.325 [pool-96-thread-1] INFO  xxl.java.junit.TestCasesListener - Tests run finished (7 ms)
<> Total tests run: 8
<> Ignored tests: 0
<> Failed tests: 1
~ testPcts(org.apache.commons.math.stat.FrequencyTest)
[three (Object) pct expected:<0.5> but was:<1.0>]
junit.framework.AssertionFailedError: three (Object) pct expected:<0.5> but was:<1.0>    at junit.framework.Assert.fail(Assert.java:57)
    at junit.framework.Assert.failNotEquals(Assert.java:329)
    at junit.framework.Assert.assertEquals(Assert.java:120)
    at junit.framework.TestCase.assertEquals(TestCase.java:279)
    at org.apache.commons.math.stat.FrequencyTest.testPcts(FrequencyTest.java:148)
    at sun.reflect.NativeMethodAccessorImpl.invoke0(Native Method)

16:35:07.461 [pool-2-thread-1] DEBUG fr.inria.lille.repair.nopol.NoPol - statement #34
16:35:07.461 [pool-2-thread-1] DEBUG fr.inria.lille.repair.nopol.NoPol - Analysing SourceLocation org.apache.commons.math.stat.Frequency:251 which is executed by 30 tests
1933944125
16:35:07.552 [pool-2-thread-1] DEBUG fr.inria.lille.repair.nopol.NoPol - looking with class fr.inria.lille.repair.nopol.spoon.smt.ConditionalAdder
junit.framework.AssertionFailedError: three (Object) pct expected:<0.5> but was:<1.0>
    at junit.framework.Assert.fail(Assert.java:57)
    at junit.framework.Assert.failNotEquals(Assert.java:329)
    at junit.framework.Assert.assertEquals(Assert.java:120)
    at junit.framework.TestCase.assertEquals(TestCase.java:279)
    at org.apache.commons.math.stat.FrequencyTest.testPcts(FrequencyTest.java:148)
    at sun.reflect.NativeMethodAccessorImpl.invoke0(Native Method)
16:35:07.564 [pool-100-thread-1] INFO  xxl.java.junit.TestCasesListener - Tests run finished (8 ms)
<> Total tests run: 8
<> Ignored tests: 0
<> Failed tests: 1
~ testPcts(org.apache.commons.math.stat.FrequencyTest)
[three (Object) pct expected:<0.5> but was:<1.0>]
junit.framework.AssertionFailedError: three (Object) pct expected:<0.5> but was:<1.0>    at junit.framework.Assert.fail(Assert.java:57)
    at junit.framework.Assert.failNotEquals(Assert.java:329)
    at junit.framework.Assert.assertEquals(Assert.java:120)
    at junit.framework.TestCase.assertEquals(TestCase.java:279)
    at org.apache.commons.math.stat.FrequencyTest.testPcts(FrequencyTest.java:148)
    at sun.reflect.NativeMethodAccessorImpl.invoke0(Native Method)

16:35:07.699 [pool-2-thread-1] DEBUG fr.inria.lille.repair.nopol.NoPol - statement #35
16:35:07.699 [pool-2-thread-1] DEBUG fr.inria.lille.repair.nopol.NoPol - Analysing SourceLocation org.apache.commons.math.stat.Frequency:142 which is executed by 30 tests
1933944125
16:35:07.785 [pool-2-thread-1] DEBUG fr.inria.lille.repair.nopol.NoPol - looking with class fr.inria.lille.repair.nopol.spoon.smt.ConditionalAdder
junit.framework.AssertionFailedError: three (Object) pct expected:<0.5> but was:<1.0>
    at junit.framework.Assert.fail(Assert.java:57)
    at junit.framework.Assert.failNotEquals(Assert.java:329)
    at junit.framework.Assert.assertEquals(Assert.java:120)
    at junit.framework.TestCase.assertEquals(TestCase.java:279)
    at org.apache.commons.math.stat.FrequencyTest.testPcts(FrequencyTest.java:148)
    at sun.reflect.NativeMethodAccessorImpl.invoke0(Native Method)
16:35:07.796 [pool-104-thread-1] INFO  xxl.java.junit.TestCasesListener - Tests run finished (8 ms)
<> Total tests run: 8
<> Ignored tests: 0
<> Failed tests: 1
~ testPcts(org.apache.commons.math.stat.FrequencyTest)
[three (Object) pct expected:<0.5> but was:<1.0>]
junit.framework.AssertionFailedError: three (Object) pct expected:<0.5> but was:<1.0>    at junit.framework.Assert.fail(Assert.java:57)
    at junit.framework.Assert.failNotEquals(Assert.java:329)
    at junit.framework.Assert.assertEquals(Assert.java:120)
    at junit.framework.TestCase.assertEquals(TestCase.java:279)
    at org.apache.commons.math.stat.FrequencyTest.testPcts(FrequencyTest.java:148)
    at sun.reflect.NativeMethodAccessorImpl.invoke0(Native Method)

16:35:07.934 [pool-2-thread-1] DEBUG fr.inria.lille.repair.nopol.NoPol - statement #36
16:35:07.934 [pool-2-thread-1] DEBUG fr.inria.lille.repair.nopol.NoPol - Analysing SourceLocation org.apache.commons.math.stat.Frequency:256 which is executed by 31 tests
1933944125
16:35:08.019 [pool-2-thread-1] DEBUG fr.inria.lille.repair.nopol.NoPol - statement #37
16:35:08.020 [pool-2-thread-1] DEBUG fr.inria.lille.repair.nopol.NoPol - Analysing SourceLocation org.apache.commons.math.stat.Frequency:255 which is executed by 31 tests
1933944125
16:35:08.105 [pool-2-thread-1] DEBUG fr.inria.lille.repair.nopol.NoPol - statement #38
16:35:08.106 [pool-2-thread-1] DEBUG fr.inria.lille.repair.nopol.NoPol - Analysing SourceLocation org.apache.commons.math.stat.Frequency:250 which is executed by 31 tests
1933944125
16:35:08.192 [pool-2-thread-1] DEBUG fr.inria.lille.repair.nopol.NoPol - looking with class fr.inria.lille.repair.nopol.spoon.smt.ConditionalAdder
junit.framework.AssertionFailedError: three (Object) pct expected:<0.5> but was:<1.0>
    at junit.framework.Assert.fail(Assert.java:57)
    at junit.framework.Assert.failNotEquals(Assert.java:329)
    at junit.framework.Assert.assertEquals(Assert.java:120)
    at junit.framework.TestCase.assertEquals(TestCase.java:279)
    at org.apache.commons.math.stat.FrequencyTest.testPcts(FrequencyTest.java:148)
    at sun.reflect.NativeMethodAccessorImpl.invoke0(Native Method)
16:35:08.203 [pool-108-thread-1] INFO  xxl.java.junit.TestCasesListener - Tests run finished (8 ms)
<> Total tests run: 8
<> Ignored tests: 0
<> Failed tests: 1
~ testPcts(org.apache.commons.math.stat.FrequencyTest)
[three (Object) pct expected:<0.5> but was:<1.0>]
junit.framework.AssertionFailedError: three (Object) pct expected:<0.5> but was:<1.0>    at junit.framework.Assert.fail(Assert.java:57)
    at junit.framework.Assert.failNotEquals(Assert.java:329)
    at junit.framework.Assert.assertEquals(Assert.java:120)
    at junit.framework.TestCase.assertEquals(TestCase.java:279)
    at org.apache.commons.math.stat.FrequencyTest.testPcts(FrequencyTest.java:148)
    at sun.reflect.NativeMethodAccessorImpl.invoke0(Native Method)

16:35:08.354 [pool-2-thread-1] DEBUG fr.inria.lille.repair.nopol.NoPol - looking with class fr.inria.lille.repair.nopol.spoon.smt.ConditionalReplacer
junit.framework.AssertionFailedError: three (Object) pct expected:<0.5> but was:<1.0>
    at junit.framework.Assert.fail(Assert.java:57)
    at junit.framework.Assert.failNotEquals(Assert.java:329)
    at junit.framework.Assert.assertEquals(Assert.java:120)
    at junit.framework.TestCase.assertEquals(TestCase.java:279)
    at org.apache.commons.math.stat.FrequencyTest.testPcts(FrequencyTest.java:148)
    at sun.reflect.NativeMethodAccessorImpl.invoke0(Native Method)
16:35:08.365 [pool-112-thread-1] INFO  xxl.java.junit.TestCasesListener - Tests run finished (8 ms)
<> Total tests run: 8
<> Ignored tests: 0
<> Failed tests: 1
~ testPcts(org.apache.commons.math.stat.FrequencyTest)
[three (Object) pct expected:<0.5> but was:<1.0>]
junit.framework.AssertionFailedError: three (Object) pct expected:<0.5> but was:<1.0>    at junit.framework.Assert.fail(Assert.java:57)
    at junit.framework.Assert.failNotEquals(Assert.java:329)
    at junit.framework.Assert.assertEquals(Assert.java:120)
    at junit.framework.TestCase.assertEquals(TestCase.java:279)
    at org.apache.commons.math.stat.FrequencyTest.testPcts(FrequencyTest.java:148)
    at sun.reflect.NativeMethodAccessorImpl.invoke0(Native Method)

16:35:08.525 [pool-2-thread-1] DEBUG fr.inria.lille.repair.nopol.NoPol - statement #39
16:35:08.526 [pool-2-thread-1] DEBUG fr.inria.lille.repair.nopol.NoPol - Analysing SourceLocation org.apache.commons.math.stat.Frequency:249 which is executed by 31 tests
1933944125
16:35:08.626 [pool-2-thread-1] DEBUG fr.inria.lille.repair.nopol.NoPol - statement #40
16:35:08.627 [pool-2-thread-1] DEBUG fr.inria.lille.repair.nopol.NoPol - Analysing SourceLocation org.apache.commons.math.stat.Frequency:247 which is executed by 31 tests
1933944125
16:35:08.731 [pool-2-thread-1] DEBUG fr.inria.lille.repair.nopol.NoPol - statement #41
16:35:08.731 [pool-2-thread-1] DEBUG fr.inria.lille.repair.nopol.NoPol - Analysing SourceLocation org.apache.commons.math.stat.Frequency:244 which is executed by 31 tests
1933944125
16:35:08.836 [pool-2-thread-1] DEBUG fr.inria.lille.repair.nopol.NoPol - looking with class fr.inria.lille.repair.nopol.spoon.smt.ConditionalAdder
junit.framework.AssertionFailedError: three (Object) pct expected:<0.5> but was:<1.0>
    at junit.framework.Assert.fail(Assert.java:57)
    at junit.framework.Assert.failNotEquals(Assert.java:329)
    at junit.framework.Assert.assertEquals(Assert.java:120)
    at junit.framework.TestCase.assertEquals(TestCase.java:279)
    at org.apache.commons.math.stat.FrequencyTest.testPcts(FrequencyTest.java:148)
    at sun.reflect.NativeMethodAccessorImpl.invoke0(Native Method)
16:35:08.846 [pool-116-thread-1] INFO  xxl.java.junit.TestCasesListener - Tests run finished (8 ms)
<> Total tests run: 8
<> Ignored tests: 0
<> Failed tests: 1
~ testPcts(org.apache.commons.math.stat.FrequencyTest)
[three (Object) pct expected:<0.5> but was:<1.0>]
junit.framework.AssertionFailedError: three (Object) pct expected:<0.5> but was:<1.0>    at junit.framework.Assert.fail(Assert.java:57)
    at junit.framework.Assert.failNotEquals(Assert.java:329)
    at junit.framework.Assert.assertEquals(Assert.java:120)
    at junit.framework.TestCase.assertEquals(TestCase.java:279)
    at org.apache.commons.math.stat.FrequencyTest.testPcts(FrequencyTest.java:148)
    at sun.reflect.NativeMethodAccessorImpl.invoke0(Native Method)

16:35:09.001 [pool-2-thread-1] DEBUG fr.inria.lille.repair.nopol.NoPol - looking with class fr.inria.lille.repair.nopol.spoon.smt.ConditionalReplacer
junit.framework.AssertionFailedError: three (Object) pct expected:<0.5> but was:<1.0>
    at junit.framework.Assert.fail(Assert.java:57)
    at junit.framework.Assert.failNotEquals(Assert.java:329)
    at junit.framework.Assert.assertEquals(Assert.java:120)
    at junit.framework.TestCase.assertEquals(TestCase.java:279)
    at org.apache.commons.math.stat.FrequencyTest.testPcts(FrequencyTest.java:148)
    at sun.reflect.NativeMethodAccessorImpl.invoke0(Native Method)
16:35:09.012 [pool-120-thread-1] INFO  xxl.java.junit.TestCasesListener - Tests run finished (8 ms)
<> Total tests run: 8
<> Ignored tests: 0
<> Failed tests: 1
~ testPcts(org.apache.commons.math.stat.FrequencyTest)
[three (Object) pct expected:<0.5> but was:<1.0>]
junit.framework.AssertionFailedError: three (Object) pct expected:<0.5> but was:<1.0>    at junit.framework.Assert.fail(Assert.java:57)
    at junit.framework.Assert.failNotEquals(Assert.java:329)
    at junit.framework.Assert.assertEquals(Assert.java:120)
    at junit.framework.TestCase.assertEquals(TestCase.java:279)
    at org.apache.commons.math.stat.FrequencyTest.testPcts(FrequencyTest.java:148)
    at sun.reflect.NativeMethodAccessorImpl.invoke0(Native Method)

16:35:09.165 [pool-2-thread-1] DEBUG fr.inria.lille.repair.nopol.NoPol - statement #42
16:35:09.165 [pool-2-thread-1] DEBUG fr.inria.lille.repair.nopol.NoPol - Analysing SourceLocation org.apache.commons.math.stat.Frequency:150 which is executed by 32 tests
1933944125
16:35:09.268 [pool-2-thread-1] DEBUG fr.inria.lille.repair.nopol.NoPol - statement #43
16:35:09.268 [pool-2-thread-1] DEBUG fr.inria.lille.repair.nopol.NoPol - Analysing SourceLocation org.apache.commons.math.stat.Frequency:149 which is executed by 32 tests
1933944125
16:35:09.371 [pool-2-thread-1] DEBUG fr.inria.lille.repair.nopol.NoPol - statement #44
16:35:09.372 [pool-2-thread-1] DEBUG fr.inria.lille.repair.nopol.NoPol - Analysing SourceLocation org.apache.commons.math.stat.Frequency:140 which is executed by 32 tests
1933944125
16:35:09.476 [pool-2-thread-1] DEBUG fr.inria.lille.repair.nopol.NoPol - looking with class fr.inria.lille.repair.nopol.spoon.smt.ConditionalAdder
junit.framework.AssertionFailedError: three (Object) pct expected:<0.5> but was:<1.0>
    at junit.framework.Assert.fail(Assert.java:57)
    at junit.framework.Assert.failNotEquals(Assert.java:329)
    at junit.framework.Assert.assertEquals(Assert.java:120)
    at junit.framework.TestCase.assertEquals(TestCase.java:279)
    at org.apache.commons.math.stat.FrequencyTest.testPcts(FrequencyTest.java:148)
    at sun.reflect.NativeMethodAccessorImpl.invoke0(Native Method)
16:35:09.488 [pool-124-thread-1] INFO  xxl.java.junit.TestCasesListener - Tests run finished (9 ms)
<> Total tests run: 8
<> Ignored tests: 0
<> Failed tests: 1
~ testPcts(org.apache.commons.math.stat.FrequencyTest)
[three (Object) pct expected:<0.5> but was:<1.0>]
junit.framework.AssertionFailedError: three (Object) pct expected:<0.5> but was:<1.0>    at junit.framework.Assert.fail(Assert.java:57)
    at junit.framework.Assert.failNotEquals(Assert.java:329)
    at junit.framework.Assert.assertEquals(Assert.java:120)
    at junit.framework.TestCase.assertEquals(TestCase.java:279)
    at org.apache.commons.math.stat.FrequencyTest.testPcts(FrequencyTest.java:148)
    at sun.reflect.NativeMethodAccessorImpl.invoke0(Native Method)

16:35:09.643 [pool-2-thread-1] DEBUG fr.inria.lille.repair.nopol.NoPol - statement #45
16:35:09.643 [pool-2-thread-1] DEBUG fr.inria.lille.repair.nopol.NoPol - Analysing SourceLocation org.apache.commons.math.stat.Frequency:139 which is executed by 32 tests
1933944125
16:35:09.746 [pool-2-thread-1] DEBUG fr.inria.lille.repair.nopol.NoPol - looking with class fr.inria.lille.repair.nopol.spoon.smt.ConditionalAdder
junit.framework.AssertionFailedError: three (Object) pct expected:<0.5> but was:<1.0>
    at junit.framework.Assert.fail(Assert.java:57)
    at junit.framework.Assert.failNotEquals(Assert.java:329)
    at junit.framework.Assert.assertEquals(Assert.java:120)
    at junit.framework.TestCase.assertEquals(TestCase.java:279)
    at org.apache.commons.math.stat.FrequencyTest.testPcts(FrequencyTest.java:148)
    at sun.reflect.NativeMethodAccessorImpl.invoke0(Native Method)
16:35:09.757 [pool-128-thread-1] INFO  xxl.java.junit.TestCasesListener - Tests run finished (8 ms)
<> Total tests run: 8
<> Ignored tests: 0
<> Failed tests: 1
~ testPcts(org.apache.commons.math.stat.FrequencyTest)
[three (Object) pct expected:<0.5> but was:<1.0>]
junit.framework.AssertionFailedError: three (Object) pct expected:<0.5> but was:<1.0>    at junit.framework.Assert.fail(Assert.java:57)
    at junit.framework.Assert.failNotEquals(Assert.java:329)
    at junit.framework.Assert.assertEquals(Assert.java:120)
    at junit.framework.TestCase.assertEquals(TestCase.java:279)
    at org.apache.commons.math.stat.FrequencyTest.testPcts(FrequencyTest.java:148)
    at sun.reflect.NativeMethodAccessorImpl.invoke0(Native Method)

16:35:09.915 [pool-2-thread-1] DEBUG fr.inria.lille.repair.nopol.NoPol - looking with class fr.inria.lille.repair.nopol.spoon.smt.ConditionalReplacer
junit.framework.AssertionFailedError: three (Object) pct expected:<0.5> but was:<1.0>
    at junit.framework.Assert.fail(Assert.java:57)
    at junit.framework.Assert.failNotEquals(Assert.java:329)
    at junit.framework.Assert.assertEquals(Assert.java:120)
    at junit.framework.TestCase.assertEquals(TestCase.java:279)
    at org.apache.commons.math.stat.FrequencyTest.testPcts(FrequencyTest.java:148)
    at sun.reflect.NativeMethodAccessorImpl.invoke0(Native Method)
16:35:09.925 [pool-132-thread-1] INFO  xxl.java.junit.TestCasesListener - Tests run finished (8 ms)
<> Total tests run: 8
<> Ignored tests: 0
<> Failed tests: 1
~ testPcts(org.apache.commons.math.stat.FrequencyTest)
[three (Object) pct expected:<0.5> but was:<1.0>]
junit.framework.AssertionFailedError: three (Object) pct expected:<0.5> but was:<1.0>    at junit.framework.Assert.fail(Assert.java:57)
    at junit.framework.Assert.failNotEquals(Assert.java:329)
    at junit.framework.Assert.assertEquals(Assert.java:120)
    at junit.framework.TestCase.assertEquals(TestCase.java:279)
    at org.apache.commons.math.stat.FrequencyTest.testPcts(FrequencyTest.java:148)
    at sun.reflect.NativeMethodAccessorImpl.invoke0(Native Method)

16:35:10.513 [pool-2-thread-1] DEBUG fr.inria.lille.repair.nopol.NoPol - statement #46
16:35:10.513 [pool-2-thread-1] DEBUG fr.inria.lille.repair.nopol.NoPol - Analysing SourceLocation org.apache.commons.math.stat.Frequency:138 which is executed by 32 tests
1933944125
16:35:10.597 [pool-2-thread-1] DEBUG fr.inria.lille.repair.nopol.NoPol - statement #47
16:35:10.597 [pool-2-thread-1] DEBUG fr.inria.lille.repair.nopol.NoPol - Analysing SourceLocation org.apache.commons.math.stat.Frequency:134 which is executed by 32 tests
1933944125
16:35:10.681 [pool-2-thread-1] DEBUG fr.inria.lille.repair.nopol.NoPol - looking with class fr.inria.lille.repair.nopol.spoon.smt.ConditionalAdder
junit.framework.AssertionFailedError: three (Object) pct expected:<0.5> but was:<1.0>
    at junit.framework.Assert.fail(Assert.java:57)
    at junit.framework.Assert.failNotEquals(Assert.java:329)
    at junit.framework.Assert.assertEquals(Assert.java:120)
    at junit.framework.TestCase.assertEquals(TestCase.java:279)
    at org.apache.commons.math.stat.FrequencyTest.testPcts(FrequencyTest.java:148)
    at sun.reflect.NativeMethodAccessorImpl.invoke0(Native Method)
16:35:10.691 [pool-136-thread-1] INFO  xxl.java.junit.TestCasesListener - Tests run finished (7 ms)
<> Total tests run: 8
<> Ignored tests: 0
<> Failed tests: 1
~ testPcts(org.apache.commons.math.stat.FrequencyTest)
[three (Object) pct expected:<0.5> but was:<1.0>]
junit.framework.AssertionFailedError: three (Object) pct expected:<0.5> but was:<1.0>    at junit.framework.Assert.fail(Assert.java:57)
    at junit.framework.Assert.failNotEquals(Assert.java:329)
    at junit.framework.Assert.assertEquals(Assert.java:120)
    at junit.framework.TestCase.assertEquals(TestCase.java:279)
    at org.apache.commons.math.stat.FrequencyTest.testPcts(FrequencyTest.java:148)
    at sun.reflect.NativeMethodAccessorImpl.invoke0(Native Method)

16:35:10.820 [pool-2-thread-1] DEBUG fr.inria.lille.repair.nopol.NoPol - looking with class fr.inria.lille.repair.nopol.spoon.smt.ConditionalReplacer
junit.framework.AssertionFailedError: three (Object) pct expected:<0.5> but was:<1.0>
    at junit.framework.Assert.fail(Assert.java:57)
    at junit.framework.Assert.failNotEquals(Assert.java:329)
    at junit.framework.Assert.assertEquals(Assert.java:120)
    at junit.framework.TestCase.assertEquals(TestCase.java:279)
    at org.apache.commons.math.stat.FrequencyTest.testPcts(FrequencyTest.java:148)
    at sun.reflect.NativeMethodAccessorImpl.invoke0(Native Method)
16:35:10.830 [pool-140-thread-1] INFO  xxl.java.junit.TestCasesListener - Tests run finished (8 ms)
<> Total tests run: 8
<> Ignored tests: 0
<> Failed tests: 1
~ testPcts(org.apache.commons.math.stat.FrequencyTest)
[three (Object) pct expected:<0.5> but was:<1.0>]
junit.framework.AssertionFailedError: three (Object) pct expected:<0.5> but was:<1.0>    at junit.framework.Assert.fail(Assert.java:57)
    at junit.framework.Assert.failNotEquals(Assert.java:329)
    at junit.framework.Assert.assertEquals(Assert.java:120)
    at junit.framework.TestCase.assertEquals(TestCase.java:279)
    at org.apache.commons.math.stat.FrequencyTest.testPcts(FrequencyTest.java:148)
    at sun.reflect.NativeMethodAccessorImpl.invoke0(Native Method)

16:35:10.955 [pool-2-thread-1] DEBUG fr.inria.lille.repair.nopol.NoPol - statement #48
16:35:10.956 [pool-2-thread-1] DEBUG fr.inria.lille.repair.nopol.NoPol - Analysing SourceLocation org.apache.commons.math.stat.Frequency:133 which is executed by 32 tests
1933944125
16:35:11.049 [pool-2-thread-1] INFO  fr.inria.lille.repair.nopol.NoPol - ----INFORMATION----
16:35:11.215 [pool-2-thread-1] INFO  fr.inria.lille.repair.nopol.NoPol - Nb classes : 398
16:35:11.215 [pool-2-thread-1] INFO  fr.inria.lille.repair.nopol.NoPol - Nb methods : 2928
16:35:11.215 [pool-2-thread-1] INFO  fr.inria.lille.repair.nopol.NoPol - Nb Statements Analyzed : 35
16:35:11.216 [pool-2-thread-1] INFO  fr.inria.lille.repair.nopol.NoPol - Nb Statements with Angelic Value Found : 0
16:35:11.216 [pool-2-thread-1] INFO  fr.inria.lille.repair.nopol.NoPol - NoPol Execution time : 86924ms
16:35:11.216 [pool-2-thread-1] INFO  fr.inria.lille.repair.nopol.NoPol - 
NO_ANGELIC_VALUE
Command exited with non-zero status 255
367.32user 7.01system 1:28.74elapsed 421%CPU (0avgtext+0avgdata 3734592maxresident)k
45872inputs+5560outputs (3major+1263356minor)pagefaults 0swaps


Node: petitprince-10.luxembourg.grid5000.fr



Date: Sun Dec 30 16:35:11 EST 2018

