cd /tmp/DynaMoth_Bug_dot_jar_Wicket_12e1f39b;
export JAVA_TOOL_OPTIONS="-Dfile.encoding=UTF8 -Duser.language=en-US -Duser.country=US -Duser.language=en";
TZ="America/New_York"; export TZ;
export PATH="/usr/lib/jvm/java-1.8.0-openjdk-amd64/bin/:$PATH";
export JAVA_HOME="/usr/lib/jvm/java-1.8.0-openjdk-amd64/bin/";
time java -Xmx4048m -cp /home/tdurieux/defects4j4repair/script/../repair_tools/nopol.jar:/usr/lib/jvm/java-1.8.0-openjdk-amd64/bin//../lib/tools.jar fr.inria.lille.repair.Main \
	--mode repair \
	--type pre_then_cond \
	--oracle angelic \
	--synthesis dynamoth \
	--flocal gzoltar \
	--json \
	--solver z3 \
	--solver-path /home/tdurieux/defects4j4repair/script/../libs/z3/build/z3 \
	--complianceLevel 7 \
	--source wicket/src/main/java \
	--classpath "wicket/target/classes:/home/tdurieux/.m2/repository/javax/servlet/servlet-api/2.3/servlet-api-2.3.jar:/home/tdurieux/.m2/repository/org/apache/wicket/wicket-ioc/1.5-SNAPSHOT/wicket-ioc-1.5-SNAPSHOT.jar:/home/tdurieux/.m2/repository/org/mortbay/jetty/jetty-util/6.1.5/jetty-util-6.1.5.jar:/home/tdurieux/.m2/repository/org/mortbay/jetty/servlet-api-2.5/6.1.5/servlet-api-2.5-6.1.5.jar:/home/tdurieux/.m2/repository/joda-time/joda-time/1.6/joda-time-1.6.jar:/home/tdurieux/.m2/repository/velocity/velocity-dep/1.4/velocity-dep-1.4.jar:/home/tdurieux/.m2/repository/javax/portlet/portlet-api/2.0/portlet-api-2.0.jar:/home/tdurieux/.m2/repository/aopalliance/aopalliance/1.0/aopalliance-1.0.jar:/home/tdurieux/.m2/repository/org/apache/wicket/wicket-extensions/1.5-SNAPSHOT/wicket-extensions-1.5-SNAPSHOT.jar:/home/tdurieux/.m2/repository/org/apache/wicket/wicket-devutils/1.5-SNAPSHOT/wicket-devutils-1.5-SNAPSHOT.jar:/home/tdurieux/.m2/repository/org/mortbay/jetty/jetty-management/6.1.5/jetty-management-6.1.5.jar:/home/tdurieux/.m2/repository/xerces/xmlParserAPIs/2.2.1/xmlParserAPIs-2.2.1.jar:/home/tdurieux/.m2/repository/mx4j/mx4j-tools/3.0.1/mx4j-tools-3.0.1.jar:/home/tdurieux/.m2/repository/commons-lang/commons-lang/2.1/commons-lang-2.1.jar:/home/tdurieux/.m2/repository/com/google/inject/guice/2.0/guice-2.0.jar:/home/tdurieux/.m2/repository/org/slf4j/slf4j-api/1.5.8/slf4j-api-1.5.8.jar:/home/tdurieux/.m2/repository/org/mortbay/jetty/jetty/6.1.5/jetty-6.1.5.jar:/home/tdurieux/.m2/repository/org/springframework/spring/2.5.6/spring-2.5.6.jar:/home/tdurieux/.m2/repository/jtidy/jtidy/4aug2000r7-dev/jtidy-4aug2000r7-dev.jar:/home/tdurieux/.m2/repository/org/mockito/mockito-all/1.8.0/mockito-all-1.8.0.jar:/home/tdurieux/.m2/repository/cglib/cglib-nodep/2.1_3/cglib-nodep-2.1_3.jar:/home/tdurieux/.m2/repository/nekohtml/nekohtml/0.9.1/nekohtml-0.9.1.jar:/home/tdurieux/.m2/repository/httpunit/httpunit/1.6.1/httpunit-1.6.1.jar:/home/tdurieux/.m2/repository/org/apache/wicket/wicket-datetime/1.5-SNAPSHOT/wicket-datetime-1.5-SNAPSHOT.jar:/home/tdurieux/.m2/repository/org/apache/wicket/wicket-auth-roles/1.5-SNAPSHOT/wicket-auth-roles-1.5-SNAPSHOT.jar:/home/tdurieux/.m2/repository/xerces/xercesImpl/2.6.2/xercesImpl-2.6.2.jar:/home/tdurieux/.m2/repository/org/apache/wicket/wicket-jmx/1.5-SNAPSHOT/wicket-jmx-1.5-SNAPSHOT.jar:/home/tdurieux/.m2/repository/org/apache/wicket/wicket-guice/1.5-SNAPSHOT/wicket-guice-1.5-SNAPSHOT.jar:/home/tdurieux/.m2/repository/com/uwyn/jhighlight/1.0/jhighlight-1.0.jar:/home/tdurieux/.m2/repository/org/apache/wicket/wicket-spring/1.5-SNAPSHOT/wicket-spring-1.5-SNAPSHOT.jar:/home/tdurieux/.m2/repository/log4j/log4j/1.2.13/log4j-1.2.13.jar:/home/tdurieux/.m2/repository/junit/junit/4.7/junit-4.7.jar:/home/tdurieux/.m2/repository/mx4j/mx4j/3.0.1/mx4j-3.0.1.jar:/home/tdurieux/.m2/repository/org/slf4j/slf4j-log4j12/1.5.8/slf4j-log4j12-1.5.8.jar:/home/tdurieux/.m2/repository/commons-logging/commons-logging/1.1/commons-logging-1.1.jar:/home/tdurieux/.m2/repository/velocity/velocity/1.4/velocity-1.4.jar:/home/tdurieux/.m2/repository/commons-httpclient/commons-httpclient/3.0.1/commons-httpclient-3.0.1.jar:/home/tdurieux/.m2/repository/easymock/easymock/1.2_Java1.3/easymock-1.2_Java1.3.jar:/home/tdurieux/.m2/repository/commons-codec/commons-codec/1.2/commons-codec-1.2.jar:/home/tdurieux/.m2/repository/org/apache/wicket/wicket-velocity/1.5-SNAPSHOT/wicket-velocity-1.5-SNAPSHOT.jar:/home/tdurieux/.m2/repository/rhino/js/1.5R4.1/js-1.5R4.1.jar:/home/tdurieux/defects4j4repair/script/../repair_tools/nopol.jar";
	echo "\n\nNode: `hostname`\n";
	echo "\n\nDate: `date`\n";
Picked up JAVA_TOOL_OPTIONS: -Dfile.encoding=UTF8 -Duser.language=en-US -Duser.country=US -Duser.language=en
07:18:35.943 [main] INFO  fr.inria.lille.repair.nopol.NoPol - Source files: [wicket/src/main/java]
07:18:35.960 [main] INFO  fr.inria.lille.repair.nopol.NoPol - Classpath: [file:/tmp/DynaMoth_Bug_dot_jar_Wicket_12e1f39b/wicket/target/classes/, file:/home/tdurieux/.m2/repository/javax/servlet/servlet-api/2.3/servlet-api-2.3.jar, file:/home/tdurieux/.m2/repository/org/apache/wicket/wicket-ioc/1.5-SNAPSHOT/wicket-ioc-1.5-SNAPSHOT.jar, file:/home/tdurieux/.m2/repository/org/mortbay/jetty/jetty-util/6.1.5/jetty-util-6.1.5.jar, file:/home/tdurieux/.m2/repository/org/mortbay/jetty/servlet-api-2.5/6.1.5/servlet-api-2.5-6.1.5.jar, file:/home/tdurieux/.m2/repository/joda-time/joda-time/1.6/joda-time-1.6.jar, file:/home/tdurieux/.m2/repository/velocity/velocity-dep/1.4/velocity-dep-1.4.jar, file:/home/tdurieux/.m2/repository/javax/portlet/portlet-api/2.0/portlet-api-2.0.jar, file:/home/tdurieux/.m2/repository/aopalliance/aopalliance/1.0/aopalliance-1.0.jar, file:/home/tdurieux/.m2/repository/org/apache/wicket/wicket-extensions/1.5-SNAPSHOT/wicket-extensions-1.5-SNAPSHOT.jar, file:/home/tdurieux/.m2/repository/org/apache/wicket/wicket-devutils/1.5-SNAPSHOT/wicket-devutils-1.5-SNAPSHOT.jar, file:/home/tdurieux/.m2/repository/org/mortbay/jetty/jetty-management/6.1.5/jetty-management-6.1.5.jar, file:/home/tdurieux/.m2/repository/xerces/xmlParserAPIs/2.2.1/xmlParserAPIs-2.2.1.jar, file:/home/tdurieux/.m2/repository/mx4j/mx4j-tools/3.0.1/mx4j-tools-3.0.1.jar, file:/home/tdurieux/.m2/repository/commons-lang/commons-lang/2.1/commons-lang-2.1.jar, file:/home/tdurieux/.m2/repository/com/google/inject/guice/2.0/guice-2.0.jar, file:/home/tdurieux/.m2/repository/org/slf4j/slf4j-api/1.5.8/slf4j-api-1.5.8.jar, file:/home/tdurieux/.m2/repository/org/mortbay/jetty/jetty/6.1.5/jetty-6.1.5.jar, file:/home/tdurieux/.m2/repository/org/springframework/spring/2.5.6/spring-2.5.6.jar, file:/home/tdurieux/.m2/repository/jtidy/jtidy/4aug2000r7-dev/jtidy-4aug2000r7-dev.jar, file:/home/tdurieux/.m2/repository/org/mockito/mockito-all/1.8.0/mockito-all-1.8.0.jar, file:/home/tdurieux/.m2/repository/cglib/cglib-nodep/2.1_3/cglib-nodep-2.1_3.jar, file:/home/tdurieux/.m2/repository/nekohtml/nekohtml/0.9.1/nekohtml-0.9.1.jar, file:/home/tdurieux/.m2/repository/httpunit/httpunit/1.6.1/httpunit-1.6.1.jar, file:/home/tdurieux/.m2/repository/org/apache/wicket/wicket-datetime/1.5-SNAPSHOT/wicket-datetime-1.5-SNAPSHOT.jar, file:/home/tdurieux/.m2/repository/org/apache/wicket/wicket-auth-roles/1.5-SNAPSHOT/wicket-auth-roles-1.5-SNAPSHOT.jar, file:/home/tdurieux/.m2/repository/xerces/xercesImpl/2.6.2/xercesImpl-2.6.2.jar, file:/home/tdurieux/.m2/repository/org/apache/wicket/wicket-jmx/1.5-SNAPSHOT/wicket-jmx-1.5-SNAPSHOT.jar, file:/home/tdurieux/.m2/repository/org/apache/wicket/wicket-guice/1.5-SNAPSHOT/wicket-guice-1.5-SNAPSHOT.jar, file:/home/tdurieux/.m2/repository/com/uwyn/jhighlight/1.0/jhighlight-1.0.jar, file:/home/tdurieux/.m2/repository/org/apache/wicket/wicket-spring/1.5-SNAPSHOT/wicket-spring-1.5-SNAPSHOT.jar, file:/home/tdurieux/.m2/repository/log4j/log4j/1.2.13/log4j-1.2.13.jar, file:/home/tdurieux/.m2/repository/junit/junit/4.7/junit-4.7.jar, file:/home/tdurieux/.m2/repository/mx4j/mx4j/3.0.1/mx4j-3.0.1.jar, file:/home/tdurieux/.m2/repository/org/slf4j/slf4j-log4j12/1.5.8/slf4j-log4j12-1.5.8.jar, file:/home/tdurieux/.m2/repository/commons-logging/commons-logging/1.1/commons-logging-1.1.jar, file:/home/tdurieux/.m2/repository/velocity/velocity/1.4/velocity-1.4.jar, file:/home/tdurieux/.m2/repository/commons-httpclient/commons-httpclient/3.0.1/commons-httpclient-3.0.1.jar, file:/home/tdurieux/.m2/repository/easymock/easymock/1.2_Java1.3/easymock-1.2_Java1.3.jar, file:/home/tdurieux/.m2/repository/commons-codec/commons-codec/1.2/commons-codec-1.2.jar, file:/home/tdurieux/.m2/repository/org/apache/wicket/wicket-velocity/1.5-SNAPSHOT/wicket-velocity-1.5-SNAPSHOT.jar, file:/home/tdurieux/.m2/repository/rhino/js/1.5R4.1/js-1.5R4.1.jar, file:/home/tdurieux/defects4j4repair/script/../repair_tools/nopol.jar]
07:18:35.960 [main] INFO  fr.inria.lille.repair.nopol.NoPol - Statement type: PRE_THEN_COND
07:18:35.960 [main] INFO  fr.inria.lille.repair.nopol.NoPol - Args: []
07:18:35.962 [main] INFO  fr.inria.lille.repair.nopol.NoPol - Config: Config{synthesisDepth=3, collectStaticMethods=true, collectStaticFields=false, collectLiterals=false, onlyOneSynthesisResult=true, sortExpressions=true, maxLineInvocationPerTest=250, timeoutMethodInvocation=2000, dataCollectionTimeoutInSecondForSynthesis=900, addWeight=0.19478, subWeight=0.04554, mulWeight=0.0102, divWeight=0.00613, andWeight=0.10597, orWeight=0.05708, eqWeight=0.22798, nEqWeight=0.0, lessEqWeight=0.0255, lessWeight=0.0947, methodCallWeight=0.1, fieldAccessWeight=0.08099, constantWeight=0.14232, variableWeight=0.05195, mode=REPAIR, type=PRE_THEN_COND, synthesis=DYNAMOTH, oracle=ANGELIC, solver=Z3, solverPath='/home/tdurieux/defects4j4repair/script/../libs/z3/build/z3', projectSources=[wicket/src/main/java], projectClasspath='[Ljava.net.URL;@2ff4f00f', projectTests=[], complianceLevel=7, outputFolder=., json=true}
07:18:35.963 [main] INFO  fr.inria.lille.repair.nopol.NoPol - Available processors (cores): 24
07:18:35.969 [main] INFO  fr.inria.lille.repair.nopol.NoPol - Free memory: 460 MB
07:18:35.969 [main] INFO  fr.inria.lille.repair.nopol.NoPol - Maximum memory: 3 GB
07:18:35.969 [main] INFO  fr.inria.lille.repair.nopol.NoPol - Total memory available to JVM: 483 MB
07:18:35.969 [main] INFO  fr.inria.lille.repair.nopol.NoPol - Java version: 1.8.0_181
07:18:35.970 [main] INFO  fr.inria.lille.repair.nopol.NoPol - JAVA_HOME: /usr/lib/jvm/java-1.8.0-openjdk-amd64/bin/
07:18:35.971 [main] INFO  fr.inria.lille.repair.nopol.NoPol - PATH: /usr/lib/jvm/java-1.8.0-openjdk-amd64/bin/:/usr/lib/oar/oardodo:/usr/lib/oar/oardodo:/usr/local/bin:/usr/bin:/bin:/usr/games
07:18:45.874 [pool-2-thread-1] DEBUG fr.inria.lille.repair.nopol.NoPol - OOPS, no statement at all, no test results
07:18:45.874 [pool-2-thread-1] INFO  fr.inria.lille.repair.nopol.NoPol - ----INFORMATION----
07:18:46.349 [pool-2-thread-1] INFO  fr.inria.lille.repair.nopol.NoPol - Nb classes : 896
07:18:46.350 [pool-2-thread-1] INFO  fr.inria.lille.repair.nopol.NoPol - Nb methods : 5725
07:18:46.351 [pool-2-thread-1] INFO  fr.inria.lille.repair.nopol.NoPol - Nb Statements Analyzed : 0
07:18:46.352 [pool-2-thread-1] INFO  fr.inria.lille.repair.nopol.NoPol - Nb Statements with Angelic Value Found : 0
07:18:46.352 [pool-2-thread-1] INFO  fr.inria.lille.repair.nopol.NoPol - NoPol Execution time : 9934ms
07:18:46.352 [pool-2-thread-1] INFO  fr.inria.lille.repair.nopol.NoPol - 
NO_ANGELIC_VALUE
Command exited with non-zero status 255
59.36user 1.56system 0:11.69elapsed 521%CPU (0avgtext+0avgdata 677016maxresident)k
53656inputs+5216outputs (32major+237677minor)pagefaults 0swaps


Node: petitprince-6.luxembourg.grid5000.fr



Date: Sun Dec 30 07:18:46 EST 2018

