cd /tmp/Cardumen_Bears_aicis-fresco_363993941-363994940;
export JAVA_TOOL_OPTIONS="-Dfile.encoding=UTF8 -Duser.language=en-US -Duser.country=US -Duser.language=en";
TZ="America/New_York"; export TZ;
export PATH="/usr/lib/jvm/java-1.8.0-openjdk-amd64/bin/:$PATH";
export JAVA_HOME="/usr/lib/jvm/java-1.8.0-openjdk-amd64/bin/";
time java -Xmx4g -Xms1g -cp /home/tdurieux/defects4j4repair/script/../libs/jtestex7.jar:/home/tdurieux/defects4j4repair/script/../repair_tools/astor.jar fr.inria.main.evolution.AstorMain \
	-mode cardumen \
	-location . \
	-id aicis-fresco-363993941-363994940 \
	-failing dk.alexandra.fresco.suite.spdz.TestSpdzBasicArithmetic3Parties \
	-jvm4testexecution /usr/lib/jvm/java-1.8.0-openjdk-amd64/bin/ \
	-jvm4evosuitetestexecution /usr/lib/jvm/java-1.8.0-openjdk-amd64/bin/ \
	-maxgen 1000000 \
	-maxtime 120 \
	-stopfirst true \
	-seed 0 \
	-scope local \
	-population 1 \
	-javacompliancelevel 8 \
	-srcjavafolder  \
	-srctestfolder  \
	-binjavafolder  \
	-bintestfolder  \
	-parameters x:x \
	-dependencies /tmp/Cardumen_Bears_aicis-fresco_363993941-363994940/core/target/classes:/tmp/Cardumen_Bears_aicis-fresco_363993941-363994940/tools/ot/target/classes:/tmp/Cardumen_Bears_aicis-fresco_363993941-363994940/tools/mascot/target/classes:/tmp/Cardumen_Bears_aicis-fresco_363993941-363994940/suite/spdz/target/classes:/tmp/Cardumen_Bears_aicis-fresco_363993941-363994940/suite/spdz2k/target/classes:/tmp/Cardumen_Bears_aicis-fresco_363993941-363994940/suite/tinytables/target/classes:/tmp/Cardumen_Bears_aicis-fresco_363993941-363994940/demos/common/target/classes:/tmp/Cardumen_Bears_aicis-fresco_363993941-363994940/demos/psi/target/classes:/tmp/Cardumen_Bears_aicis-fresco_363993941-363994940/demos/aes/target/classes:/tmp/Cardumen_Bears_aicis-fresco_363993941-363994940/demos/distance/target/classes:/tmp/Cardumen_Bears_aicis-fresco_363993941-363994940/demos/sum/target/classes:/tmp/Cardumen_Bears_aicis-fresco_363993941-363994940/demos/aggregation/target/classes:/home/tdurieux/.m2/repository/com/esotericsoftware/jsonbeans/0.7/jsonbeans-0.7.jar:/home/tdurieux/.m2/repository/scapi/scapi/dfc8b2da384d87310c8f755b301bc085b1557671/scapi-dfc8b2da384d87310c8f755b301bc085b1557671.jar:/home/tdurieux/.m2/repository/ch/qos/logback/logback-core/1.2.3/logback-core-1.2.3.jar:/home/tdurieux/.m2/repository/junit/junit/4.12/junit-4.12.jar:/home/tdurieux/.m2/repository/org/hamcrest/hamcrest-library/1.3/hamcrest-library-1.3.jar:/home/tdurieux/.m2/repository/dk/alexandra/fresco/ot/1.0.1-SNAPSHOT/ot-1.0.1-SNAPSHOT.jar:/home/tdurieux/.m2/repository/dk/alexandra/fresco/core/1.0.1-SNAPSHOT/core-1.0.1-SNAPSHOT-tests.jar:/home/tdurieux/.m2/repository/com/esotericsoftware/minlog/minlog/1.2/minlog-1.2.jar:/home/tdurieux/.m2/repository/dk/alexandra/fresco/demos-common/1.0.1-SNAPSHOT/demos-common-1.0.1-SNAPSHOT.jar:/home/tdurieux/.m2/repository/com/esotericsoftware/kryo/kryo/2.24.0/kryo-2.24.0.jar:/home/tdurieux/.m2/repository/dk/alexandra/fresco/mascot/1.0.1-SNAPSHOT/mascot-1.0.1-SNAPSHOT.jar:/home/tdurieux/.m2/repository/org/apache/commons/commons-exec/1.2/commons-exec-1.2.jar:/home/tdurieux/.m2/repository/org/bouncycastle/bcprov-jdk15on/1.53/bcprov-jdk15on-1.53.jar:/home/tdurieux/.m2/repository/dk/alexandra/fresco/spdz/1.0.1-SNAPSHOT/spdz-1.0.1-SNAPSHOT.jar:/home/tdurieux/.m2/repository/com/esotericsoftware/kryonet/2.22.0-RC1/kryonet-2.22.0-RC1.jar:/home/tdurieux/.m2/repository/org/objenesis/objenesis/2.1/objenesis-2.1.jar:/home/tdurieux/.m2/repository/dk/alexandra/fresco/spdz/1.0.1-SNAPSHOT/spdz-1.0.1-SNAPSHOT-tests.jar:/home/tdurieux/.m2/repository/ch/qos/logback/logback-classic/1.2.3/logback-classic-1.2.3.jar:/home/tdurieux/.m2/repository/org/slf4j/slf4j-api/1.7.25/slf4j-api-1.7.25.jar:/home/tdurieux/.m2/repository/commons-cli/commons-cli/1.3/commons-cli-1.3.jar:/home/tdurieux/.m2/repository/org/apache/commons/commons-math3/3.5/commons-math3-3.5.jar:/home/tdurieux/.m2/repository/dk/alexandra/fresco/tinytables/1.0.1-SNAPSHOT/tinytables-1.0.1-SNAPSHOT.jar:/home/tdurieux/.m2/repository/org/hamcrest/hamcrest-core/1.3/hamcrest-core-1.3.jar:/home/tdurieux/.m2/repository/dk/alexandra/fresco/core/1.0.1-SNAPSHOT/core-1.0.1-SNAPSHOT.jar;
	echo "\n\nNode: `hostname`\n";
	echo "\n\nDate: `date`\n";
Picked up JAVA_TOOL_OPTIONS: -Dfile.encoding=UTF8 -Duser.language=en-US -Duser.country=US -Duser.language=en
Exception in thread "main" org.apache.commons.cli.MissingArgumentException: Missing argument for option: srcjavafolder
	at org.apache.commons.cli.Parser.processArgs(Parser.java:343)
	at org.apache.commons.cli.Parser.processOption(Parser.java:393)
	at org.apache.commons.cli.Parser.parse(Parser.java:199)
	at org.apache.commons.cli.Parser.parse(Parser.java:85)
	at fr.inria.main.AbstractMain.processArguments(AbstractMain.java:322)
	at fr.inria.main.evolution.AstorMain.execute(AstorMain.java:214)
	at fr.inria.main.evolution.AstorMain.main(AstorMain.java:210)
Command exited with non-zero status 1
0.22user 0.03system 0:00.33elapsed 79%CPU (0avgtext+0avgdata 40520maxresident)k
6696inputs+120outputs (1major+6118minor)pagefaults 0swaps


Node: grisou-16.nancy.grid5000.fr



Date: Thu Dec 27 18:11:28 EST 2018

