cd /tmp/NPEFix_IntroClassJava_smallest_cb243bebea400595cc274d1246f3307c507ba6a0e891f6e318cde2b80a72de40dab19eb7f76d3b6573a08e446bce6fb4435cdb016ae6489973b855a9bddd3b11_000;
export JAVA_TOOL_OPTIONS="-Dfile.encoding=UTF8 -Duser.language=en-US -Duser.country=US -Duser.language=en";
TZ="America/New_York"; export TZ;
export PATH="/usr/lib/jvm/java-1.8.0-openjdk-amd64/bin/:$PATH";
export JAVA_HOME="/usr/lib/jvm/java-1.8.0-openjdk-amd64/bin/";
time java -Xmx4g -Xms1g -cp /home/tdurieux/defects4j4repair/script/../repair_tools/npefix.jar fr.inria.spirals.npefix.main.run.Main \
    --test introclassJava.smallest_cb243beb_000BlackboxTest:introclassJava.smallest_cb243beb_000WhiteboxTest \
    --iteration 100 \
	--complianceLevel 7 \
	--workingdirectory . \
	--source src/main/java \
	--classpath target/classes:target/test-classes:/home/tdurieux/.m2/repository/junit/junit/4.11/junit-4.11.jar:/home/tdurieux/.m2/repository/org/hamcrest/hamcrest-core/1.3/hamcrest-core-1.3.jar;
	echo "\n\nNode: `hostname`\n";
	echo "\n\nDate: `date`\n";
Picked up JAVA_TOOL_OPTIONS: -Dfile.encoding=UTF8 -Duser.language=en-US -Duser.country=US -Duser.language=en
TernarySplitter  in 3ms
CheckNotNull  in 1ms
ForceNullInit in 30ms
AddImplicitCastChecker --> 0 in 4ms
BeforeDeref --> 30 (failed:0) in 19ms
target--> 30 (failed:0) in 52ms
TryRegister # Try: 0 in 3ms
Assign --> 17 (failed: 0) in 51ms
VarInit --> 6 in 4ms
MethodEncapsulation # Method: 2 in 46ms
ConstructorEncapsulation # Constructor: 10 in 11ms
VariableFor in 3ms
RMI Selector (Host: 127.0.0.1, Port: 10000): KO
introclassJava.smallest_cb243beb_000WhiteboxTest#test2
<No Strat> Status: Ok
introclassJava.smallest_cb243beb_000WhiteboxTest#test3
<No Strat> Status: Ko
introclassJava.smallest_cb243beb_000WhiteboxTest#test4
<No Strat> Status: Ok
introclassJava.smallest_cb243beb_000WhiteboxTest#test5
<No Strat> Status: Ko
introclassJava.smallest_cb243beb_000WhiteboxTest#test6
<No Strat> Status: Ok
introclassJava.smallest_cb243beb_000WhiteboxTest#test7
<No Strat> Status: Ko
introclassJava.smallest_cb243beb_000WhiteboxTest#test8
<No Strat> Status: Ok
introclassJava.smallest_cb243beb_000WhiteboxTest#test1
<No Strat> Status: Ko
introclassJava.smallest_cb243beb_000BlackboxTest#test2
<No Strat> Status: Ko
introclassJava.smallest_cb243beb_000BlackboxTest#test3
<No Strat> Status: Ko
introclassJava.smallest_cb243beb_000BlackboxTest#test4
<No Strat> Status: Ko
introclassJava.smallest_cb243beb_000BlackboxTest#test5
<No Strat> Status: Ko
introclassJava.smallest_cb243beb_000BlackboxTest#test6
<No Strat> Status: Ok
introclassJava.smallest_cb243beb_000BlackboxTest#test7
<No Strat> Status: Ko
introclassJava.smallest_cb243beb_000BlackboxTest#test8
<No Strat> Status: Ok
introclassJava.smallest_cb243beb_000BlackboxTest#test1
<No Strat> Status: Ok
Multirun 16/100 16%
introclassJava.smallest_cb243beb_000WhiteboxTest#test3
<No Strat> Status: Ko
introclassJava.smallest_cb243beb_000WhiteboxTest#test5
<No Strat> Status: Ko
introclassJava.smallest_cb243beb_000WhiteboxTest#test7
<No Strat> Status: Ko
introclassJava.smallest_cb243beb_000WhiteboxTest#test1
<No Strat> Status: Ko
introclassJava.smallest_cb243beb_000BlackboxTest#test2
<No Strat> Status: Ko
introclassJava.smallest_cb243beb_000BlackboxTest#test3
<No Strat> Status: Ko
introclassJava.smallest_cb243beb_000BlackboxTest#test4
<No Strat> Status: Ko
introclassJava.smallest_cb243beb_000BlackboxTest#test5
<No Strat> Status: Ko
introclassJava.smallest_cb243beb_000BlackboxTest#test7
<No Strat> Status: Ko
introclassJava.smallest_cb243beb_000WhiteboxTest#test3
<No Strat> Status: Ko
introclassJava.smallest_cb243beb_000WhiteboxTest#test5
<No Strat> Status: Ko
introclassJava.smallest_cb243beb_000WhiteboxTest#test7
<No Strat> Status: Ko
introclassJava.smallest_cb243beb_000WhiteboxTest#test1
<No Strat> Status: Ko
introclassJava.smallest_cb243beb_000BlackboxTest#test2
<No Strat> Status: Ko
introclassJava.smallest_cb243beb_000BlackboxTest#test3
<No Strat> Status: Ko
introclassJava.smallest_cb243beb_000BlackboxTest#test4
<No Strat> Status: Ko
introclassJava.smallest_cb243beb_000BlackboxTest#test5
<No Strat> Status: Ko
introclassJava.smallest_cb243beb_000BlackboxTest#test7
<No Strat> Status: Ko
introclassJava.smallest_cb243beb_000WhiteboxTest#test3
<No Strat> Status: Ko
introclassJava.smallest_cb243beb_000WhiteboxTest#test5
<No Strat> Status: Ko
introclassJava.smallest_cb243beb_000WhiteboxTest#test7
<No Strat> Status: Ko
introclassJava.smallest_cb243beb_000WhiteboxTest#test1
<No Strat> Status: Ko
introclassJava.smallest_cb243beb_000BlackboxTest#test2
<No Strat> Status: Ko
introclassJava.smallest_cb243beb_000BlackboxTest#test3
<No Strat> Status: Ko
introclassJava.smallest_cb243beb_000BlackboxTest#test4
<No Strat> Status: Ko
introclassJava.smallest_cb243beb_000BlackboxTest#test5
<No Strat> Status: Ko
introclassJava.smallest_cb243beb_000BlackboxTest#test7
<No Strat> Status: Ko
introclassJava.smallest_cb243beb_000WhiteboxTest#test3
<No Strat> Status: Ko
introclassJava.smallest_cb243beb_000WhiteboxTest#test5
<No Strat> Status: Ko
introclassJava.smallest_cb243beb_000WhiteboxTest#test7
<No Strat> Status: Ko
introclassJava.smallest_cb243beb_000WhiteboxTest#test1
<No Strat> Status: Ko
introclassJava.smallest_cb243beb_000BlackboxTest#test2
<No Strat> Status: Ko
introclassJava.smallest_cb243beb_000BlackboxTest#test3
<No Strat> Status: Ko
introclassJava.smallest_cb243beb_000BlackboxTest#test4
<No Strat> Status: Ko
introclassJava.smallest_cb243beb_000BlackboxTest#test5
<No Strat> Status: Ko
introclassJava.smallest_cb243beb_000BlackboxTest#test7
<No Strat> Status: Ko
introclassJava.smallest_cb243beb_000WhiteboxTest#test3
<No Strat> Status: Ko
introclassJava.smallest_cb243beb_000WhiteboxTest#test5
<No Strat> Status: Ko
introclassJava.smallest_cb243beb_000WhiteboxTest#test7
<No Strat> Status: Ko
introclassJava.smallest_cb243beb_000WhiteboxTest#test1
<No Strat> Status: Ko
introclassJava.smallest_cb243beb_000BlackboxTest#test2
<No Strat> Status: Ko
introclassJava.smallest_cb243beb_000BlackboxTest#test3
<No Strat> Status: Ko
introclassJava.smallest_cb243beb_000BlackboxTest#test4
<No Strat> Status: Ko
introclassJava.smallest_cb243beb_000BlackboxTest#test5
<No Strat> Status: Ko
introclassJava.smallest_cb243beb_000BlackboxTest#test7
<No Strat> Status: Ko
introclassJava.smallest_cb243beb_000WhiteboxTest#test3
<No Strat> Status: Ko
introclassJava.smallest_cb243beb_000WhiteboxTest#test5
<No Strat> Status: Ko
introclassJava.smallest_cb243beb_000WhiteboxTest#test7
<No Strat> Status: Ko
introclassJava.smallest_cb243beb_000WhiteboxTest#test1
<No Strat> Status: Ko
introclassJava.smallest_cb243beb_000BlackboxTest#test2
<No Strat> Status: Ko
introclassJava.smallest_cb243beb_000BlackboxTest#test3
<No Strat> Status: Ko
introclassJava.smallest_cb243beb_000BlackboxTest#test4
<No Strat> Status: Ko
introclassJava.smallest_cb243beb_000BlackboxTest#test5
<No Strat> Status: Ko
introclassJava.smallest_cb243beb_000BlackboxTest#test7
<No Strat> Status: Ko
4.66user 0.23system 0:02.80elapsed 174%CPU (0avgtext+0avgdata 224596maxresident)k
21464inputs+216outputs (1major+56367minor)pagefaults 0swaps


Node: graphene-126.nancy.grid5000.fr



Date: Thu Dec  6 03:48:54 EST 2018

