cd /tmp/NPEFix_IntroClassJava_median_e9c6206d3a4862876b0dead881ac55078f11e291f60215ab028651f06fcbee2a591a31a7727037774542df4fe051a89460d85f6067a0b9729ae86e4afe1e6e92_001;
export JAVA_TOOL_OPTIONS="-Dfile.encoding=UTF8 -Duser.language=en-US -Duser.country=US -Duser.language=en";
TZ="America/New_York"; export TZ;
export PATH="/usr/lib/jvm/java-1.8.0-openjdk-amd64/bin/:$PATH";
export JAVA_HOME="/usr/lib/jvm/java-1.8.0-openjdk-amd64/bin/";
time java -Xmx4g -Xms1g -cp /home/tdurieux/defects4j4repair/script/../repair_tools/npefix.jar fr.inria.spirals.npefix.main.run.Main \
    --test introclassJava.median_e9c6206d_001BlackboxTest:introclassJava.median_e9c6206d_001WhiteboxTest \
    --iteration 100 \
	--complianceLevel 7 \
	--workingdirectory . \
	--source src/main/java \
	--classpath target/classes:target/test-classes:/home/tdurieux/.m2/repository/junit/junit/4.11/junit-4.11.jar:/home/tdurieux/.m2/repository/org/hamcrest/hamcrest-core/1.3/hamcrest-core-1.3.jar;
	echo "\n\nNode: `hostname`\n";
	echo "\n\nDate: `date`\n";
Picked up JAVA_TOOL_OPTIONS: -Dfile.encoding=UTF8 -Duser.language=en-US -Duser.country=US -Duser.language=en
TernarySplitter  in 3ms
CheckNotNull  in 1ms
ForceNullInit in 35ms
AddImplicitCastChecker --> 0 in 4ms
BeforeDeref --> 40 (failed:0) in 23ms
target--> 40 (failed:0) in 74ms
TryRegister # Try: 0 in 3ms
Assign --> 14 (failed: 0) in 56ms
VarInit --> 4 in 4ms
MethodEncapsulation # Method: 2 in 51ms
ConstructorEncapsulation # Constructor: 10 in 10ms
VariableFor in 2ms
RMI Selector (Host: 127.0.0.1, Port: 10000): KO
introclassJava.median_e9c6206d_001WhiteboxTest#test2
<No Strat> Status: Ok
introclassJava.median_e9c6206d_001WhiteboxTest#test3
<No Strat> Status: Ko
introclassJava.median_e9c6206d_001WhiteboxTest#test4
<No Strat> Status: Ko
introclassJava.median_e9c6206d_001WhiteboxTest#test5
<No Strat> Status: Ok
introclassJava.median_e9c6206d_001WhiteboxTest#test6
<No Strat> Status: Ok
introclassJava.median_e9c6206d_001WhiteboxTest#test1
<No Strat> Status: Ko
introclassJava.median_e9c6206d_001BlackboxTest#test2
<No Strat> Status: Ok
introclassJava.median_e9c6206d_001BlackboxTest#test3
<No Strat> Status: Ok
introclassJava.median_e9c6206d_001BlackboxTest#test4
<No Strat> Status: Ok
introclassJava.median_e9c6206d_001BlackboxTest#test5
<No Strat> Status: Ok
introclassJava.median_e9c6206d_001BlackboxTest#test6
<No Strat> Status: Ok
introclassJava.median_e9c6206d_001BlackboxTest#test7
<No Strat> Status: Ko
introclassJava.median_e9c6206d_001BlackboxTest#test1
<No Strat> Status: Ok
Multirun 13/100 13%
introclassJava.median_e9c6206d_001WhiteboxTest#test3
<No Strat> Status: Ko
introclassJava.median_e9c6206d_001WhiteboxTest#test4
<No Strat> Status: Ko
introclassJava.median_e9c6206d_001WhiteboxTest#test1
<No Strat> Status: Ko
introclassJava.median_e9c6206d_001BlackboxTest#test7
<No Strat> Status: Ko
introclassJava.median_e9c6206d_001WhiteboxTest#test3
<No Strat> Status: Ko
introclassJava.median_e9c6206d_001WhiteboxTest#test4
<No Strat> Status: Ko
introclassJava.median_e9c6206d_001WhiteboxTest#test1
<No Strat> Status: Ko
introclassJava.median_e9c6206d_001BlackboxTest#test7
<No Strat> Status: Ko
introclassJava.median_e9c6206d_001WhiteboxTest#test3
<No Strat> Status: Ko
introclassJava.median_e9c6206d_001WhiteboxTest#test4
<No Strat> Status: Ko
introclassJava.median_e9c6206d_001WhiteboxTest#test1
<No Strat> Status: Ko
introclassJava.median_e9c6206d_001BlackboxTest#test7
<No Strat> Status: Ko
introclassJava.median_e9c6206d_001WhiteboxTest#test3
<No Strat> Status: Ko
introclassJava.median_e9c6206d_001WhiteboxTest#test4
<No Strat> Status: Ko
introclassJava.median_e9c6206d_001WhiteboxTest#test1
<No Strat> Status: Ko
introclassJava.median_e9c6206d_001BlackboxTest#test7
<No Strat> Status: Ko
introclassJava.median_e9c6206d_001WhiteboxTest#test3
<No Strat> Status: Ko
introclassJava.median_e9c6206d_001WhiteboxTest#test4
<No Strat> Status: Ko
introclassJava.median_e9c6206d_001WhiteboxTest#test1
<No Strat> Status: Ko
introclassJava.median_e9c6206d_001BlackboxTest#test7
<No Strat> Status: Ko
introclassJava.median_e9c6206d_001WhiteboxTest#test3
<No Strat> Status: Ko
introclassJava.median_e9c6206d_001WhiteboxTest#test4
<No Strat> Status: Ko
introclassJava.median_e9c6206d_001WhiteboxTest#test1
<No Strat> Status: Ko
introclassJava.median_e9c6206d_001BlackboxTest#test7
<No Strat> Status: Ko
4.92user 0.20system 0:02.73elapsed 187%CPU (0avgtext+0avgdata 229980maxresident)k
20856inputs+224outputs (1major+59350minor)pagefaults 0swaps


Node: graphene-67.nancy.grid5000.fr



Date: Thu Dec  6 03:42:01 EST 2018

