cd /tmp/NPEFix_IntroClassJava_digits_48b82975576f07f162163145b334648a73321d003a0a8cd4577172e48ce4836e63953dffd4460a9a7aadc511a695ff93de0ce2baf953e4b78b747440caa736a6_000;
export JAVA_TOOL_OPTIONS="-Dfile.encoding=UTF8 -Duser.language=en-US -Duser.country=US -Duser.language=en";
TZ="America/New_York"; export TZ;
export PATH="/usr/lib/jvm/java-1.8.0-openjdk-amd64/bin/:$PATH";
export JAVA_HOME="/usr/lib/jvm/java-1.8.0-openjdk-amd64/bin/";
time java -Xmx4g -Xms1g -cp /home/tdurieux/defects4j4repair/script/../repair_tools/npefix.jar fr.inria.spirals.npefix.main.run.Main \
    --test introclassJava.digits_48b82975_000BlackboxTest:introclassJava.digits_48b82975_000WhiteboxTest \
    --iteration 100 \
	--complianceLevel 7 \
	--workingdirectory . \
	--source src/main/java \
	--classpath target/classes:target/test-classes:/home/tdurieux/.m2/repository/junit/junit/4.11/junit-4.11.jar:/home/tdurieux/.m2/repository/org/hamcrest/hamcrest-core/1.3/hamcrest-core-1.3.jar;
	echo "\n\nNode: `hostname`\n";
	echo "\n\nDate: `date`\n";
Picked up JAVA_TOOL_OPTIONS: -Dfile.encoding=UTF8 -Duser.language=en-US -Duser.country=US -Duser.language=en
TernarySplitter  in 4ms
CheckNotNull  in 12ms
ForceNullInit in 27ms
AddImplicitCastChecker --> 0 in 4ms
BeforeDeref --> 20 (failed:0) in 15ms
target--> 22 (failed:0) in 45ms
TryRegister # Try: 0 in 1ms
Assign --> 17 (failed: 0) in 48ms
VarInit --> 2 in 3ms
MethodEncapsulation # Method: 2 in 43ms
ConstructorEncapsulation # Constructor: 10 in 11ms
VariableFor in 2ms
RMI Selector (Host: 127.0.0.1, Port: 10000): KO
introclassJava.digits_48b82975_000WhiteboxTest#test10
<No Strat> Status: Ok
introclassJava.digits_48b82975_000WhiteboxTest#test1
<No Strat> Status: Ko
introclassJava.digits_48b82975_000WhiteboxTest#test4
<No Strat> Status: Ok
introclassJava.digits_48b82975_000WhiteboxTest#test5
<No Strat> Status: Ok
introclassJava.digits_48b82975_000WhiteboxTest#test6
<No Strat> Status: Ok
introclassJava.digits_48b82975_000WhiteboxTest#test8
<No Strat> Status: Ok
introclassJava.digits_48b82975_000WhiteboxTest#test9
<No Strat> Status: Ok
introclassJava.digits_48b82975_000WhiteboxTest#test3
<No Strat> Status: Ok
introclassJava.digits_48b82975_000WhiteboxTest#test2
<No Strat> Status: Ok
introclassJava.digits_48b82975_000WhiteboxTest#test7
<No Strat> Status: Ok
introclassJava.digits_48b82975_000BlackboxTest#test1
<No Strat> Status: Ok
introclassJava.digits_48b82975_000BlackboxTest#test4
<No Strat> Status: Ok
introclassJava.digits_48b82975_000BlackboxTest#test5
<No Strat> Status: Ok
introclassJava.digits_48b82975_000BlackboxTest#test6
<No Strat> Status: Ok
introclassJava.digits_48b82975_000BlackboxTest#test3
<No Strat> Status: Ok
introclassJava.digits_48b82975_000BlackboxTest#test2
<No Strat> Status: Ok
Multirun 16/100 16%
introclassJava.digits_48b82975_000WhiteboxTest#test1
<No Strat> Status: Ko
introclassJava.digits_48b82975_000WhiteboxTest#test1
<No Strat> Status: Ko
introclassJava.digits_48b82975_000WhiteboxTest#test1
<No Strat> Status: Ko
introclassJava.digits_48b82975_000WhiteboxTest#test1
<No Strat> Status: Ko
introclassJava.digits_48b82975_000WhiteboxTest#test1
<No Strat> Status: Ko
introclassJava.digits_48b82975_000WhiteboxTest#test1
<No Strat> Status: Ko
4.35user 0.16system 0:02.53elapsed 178%CPU (0avgtext+0avgdata 198748maxresident)k
20872inputs+200outputs (1major+50171minor)pagefaults 0swaps


Node: graphene-118.nancy.grid5000.fr



Date: Thu Dec  6 03:53:59 EST 2018

