cd /tmp/NPEFix_IntroClassJava_syllables_ca5057661022789c0b40bc1574ab8b0826b3d22f70de1a10b2d2122137774c6aec73fe789a94b2362628481da623120033956bd376b41b825a72dbd8b50aff2f_003;
export JAVA_TOOL_OPTIONS="-Dfile.encoding=UTF8 -Duser.language=en-US -Duser.country=US -Duser.language=en";
TZ="America/New_York"; export TZ;
export PATH="/usr/lib/jvm/java-1.8.0-openjdk-amd64/bin/:$PATH";
export JAVA_HOME="/usr/lib/jvm/java-1.8.0-openjdk-amd64/bin/";
time java -Xmx4g -Xms1g -cp /home/tdurieux/defects4j4repair/script/../repair_tools/npefix.jar fr.inria.spirals.npefix.main.run.Main \
    --test introclassJava.syllables_ca505766_003BlackboxTest:introclassJava.syllables_ca505766_003WhiteboxTest \
    --iteration 100 \
	--complianceLevel 7 \
	--workingdirectory . \
	--source src/main/java \
	--classpath target/classes:target/test-classes:/home/tdurieux/.m2/repository/junit/junit/4.11/junit-4.11.jar:/home/tdurieux/.m2/repository/org/hamcrest/hamcrest-core/1.3/hamcrest-core-1.3.jar;
	echo "\n\nNode: `hostname`\n";
	echo "\n\nDate: `date`\n";
Picked up JAVA_TOOL_OPTIONS: -Dfile.encoding=UTF8 -Duser.language=en-US -Duser.country=US -Duser.language=en
TernarySplitter  in 4ms
CheckNotNull  in 13ms
ForceNullInit in 25ms
AddImplicitCastChecker --> 0 in 4ms
BeforeDeref --> 30 (failed:0) in 21ms
target--> 38 (failed:0) in 66ms
TryRegister # Try: 0 in 3ms
Assign --> 25 (failed: 0) in 55ms
VarInit --> 8 in 5ms
MethodEncapsulation # Method: 2 in 50ms
ConstructorEncapsulation # Constructor: 10 in 17ms
VariableFor in 2ms
RMI Selector (Host: 127.0.0.1, Port: 10000): KO
introclassJava.syllables_ca505766_003WhiteboxTest#test2
<No Strat> Status: Ko
introclassJava.syllables_ca505766_003WhiteboxTest#test3
<No Strat> Status: Ko
introclassJava.syllables_ca505766_003WhiteboxTest#test4
<No Strat> Status: Ko
introclassJava.syllables_ca505766_003WhiteboxTest#test5
<No Strat> Status: Ko
introclassJava.syllables_ca505766_003WhiteboxTest#test6
<No Strat> Status: Ko
introclassJava.syllables_ca505766_003WhiteboxTest#test10
<No Strat> Status: Ko
introclassJava.syllables_ca505766_003WhiteboxTest#test7
<No Strat> Status: Ko
introclassJava.syllables_ca505766_003WhiteboxTest#test8
<No Strat> Status: Ko
introclassJava.syllables_ca505766_003WhiteboxTest#test9
<No Strat> Status: Ko
introclassJava.syllables_ca505766_003WhiteboxTest#test1
<No Strat> Status: Ko
introclassJava.syllables_ca505766_003BlackboxTest#test2
<No Strat> Status: Ko
introclassJava.syllables_ca505766_003BlackboxTest#test3
<No Strat> Status: Ko
introclassJava.syllables_ca505766_003BlackboxTest#test4
<No Strat> Status: Ko
introclassJava.syllables_ca505766_003BlackboxTest#test5
<No Strat> Status: Ko
introclassJava.syllables_ca505766_003BlackboxTest#test6
<No Strat> Status: Ko
introclassJava.syllables_ca505766_003BlackboxTest#test1
<No Strat> Status: Ko
introclassJava.syllables_ca505766_003WhiteboxTest#test2
<No Strat> Status: Ko
introclassJava.syllables_ca505766_003WhiteboxTest#test3
<No Strat> Status: Ko
introclassJava.syllables_ca505766_003WhiteboxTest#test4
<No Strat> Status: Ko
introclassJava.syllables_ca505766_003WhiteboxTest#test5
<No Strat> Status: Ko
introclassJava.syllables_ca505766_003WhiteboxTest#test6
<No Strat> Status: Ko
introclassJava.syllables_ca505766_003WhiteboxTest#test10
<No Strat> Status: Ko
introclassJava.syllables_ca505766_003WhiteboxTest#test7
<No Strat> Status: Ko
introclassJava.syllables_ca505766_003WhiteboxTest#test8
<No Strat> Status: Ko
introclassJava.syllables_ca505766_003WhiteboxTest#test9
<No Strat> Status: Ko
introclassJava.syllables_ca505766_003WhiteboxTest#test1
<No Strat> Status: Ko
introclassJava.syllables_ca505766_003BlackboxTest#test2
<No Strat> Status: Ko
introclassJava.syllables_ca505766_003BlackboxTest#test3
<No Strat> Status: Ko
introclassJava.syllables_ca505766_003BlackboxTest#test4
<No Strat> Status: Ko
introclassJava.syllables_ca505766_003BlackboxTest#test5
<No Strat> Status: Ko
introclassJava.syllables_ca505766_003BlackboxTest#test6
<No Strat> Status: Ko
introclassJava.syllables_ca505766_003BlackboxTest#test1
<No Strat> Status: Ko
introclassJava.syllables_ca505766_003WhiteboxTest#test2
<No Strat> Status: Ko
introclassJava.syllables_ca505766_003WhiteboxTest#test3
<No Strat> Status: Ko
introclassJava.syllables_ca505766_003WhiteboxTest#test4
<No Strat> Status: Ko
introclassJava.syllables_ca505766_003WhiteboxTest#test5
<No Strat> Status: Ko
introclassJava.syllables_ca505766_003WhiteboxTest#test6
<No Strat> Status: Ko
introclassJava.syllables_ca505766_003WhiteboxTest#test10
<No Strat> Status: Ko
introclassJava.syllables_ca505766_003WhiteboxTest#test7
<No Strat> Status: Ko
introclassJava.syllables_ca505766_003WhiteboxTest#test8
<No Strat> Status: Ko
introclassJava.syllables_ca505766_003WhiteboxTest#test9
<No Strat> Status: Ko
introclassJava.syllables_ca505766_003WhiteboxTest#test1
<No Strat> Status: Ko
introclassJava.syllables_ca505766_003BlackboxTest#test2
<No Strat> Status: Ko
introclassJava.syllables_ca505766_003BlackboxTest#test3
<No Strat> Status: Ko
introclassJava.syllables_ca505766_003BlackboxTest#test4
<No Strat> Status: Ko
introclassJava.syllables_ca505766_003BlackboxTest#test5
<No Strat> Status: Ko
introclassJava.syllables_ca505766_003BlackboxTest#test6
<No Strat> Status: Ko
introclassJava.syllables_ca505766_003BlackboxTest#test1
<No Strat> Status: Ko
introclassJava.syllables_ca505766_003WhiteboxTest#test2
<No Strat> Status: Ko
introclassJava.syllables_ca505766_003WhiteboxTest#test3
<No Strat> Status: Ko
introclassJava.syllables_ca505766_003WhiteboxTest#test4
<No Strat> Status: Ko
introclassJava.syllables_ca505766_003WhiteboxTest#test5
<No Strat> Status: Ko
introclassJava.syllables_ca505766_003WhiteboxTest#test6
<No Strat> Status: Ko
introclassJava.syllables_ca505766_003WhiteboxTest#test10
<No Strat> Status: Ko
introclassJava.syllables_ca505766_003WhiteboxTest#test7
<No Strat> Status: Ko
introclassJava.syllables_ca505766_003WhiteboxTest#test8
<No Strat> Status: Ko
introclassJava.syllables_ca505766_003WhiteboxTest#test9
<No Strat> Status: Ko
introclassJava.syllables_ca505766_003WhiteboxTest#test1
<No Strat> Status: Ko
introclassJava.syllables_ca505766_003BlackboxTest#test2
<No Strat> Status: Ko
introclassJava.syllables_ca505766_003BlackboxTest#test3
<No Strat> Status: Ko
introclassJava.syllables_ca505766_003BlackboxTest#test4
<No Strat> Status: Ko
introclassJava.syllables_ca505766_003BlackboxTest#test5
<No Strat> Status: Ko
introclassJava.syllables_ca505766_003BlackboxTest#test6
<No Strat> Status: Ko
introclassJava.syllables_ca505766_003BlackboxTest#test1
<No Strat> Status: Ko
introclassJava.syllables_ca505766_003WhiteboxTest#test2
<No Strat> Status: Ko
introclassJava.syllables_ca505766_003WhiteboxTest#test3
<No Strat> Status: Ko
introclassJava.syllables_ca505766_003WhiteboxTest#test4
<No Strat> Status: Ko
introclassJava.syllables_ca505766_003WhiteboxTest#test5
<No Strat> Status: Ko
introclassJava.syllables_ca505766_003WhiteboxTest#test6
<No Strat> Status: Ko
introclassJava.syllables_ca505766_003WhiteboxTest#test10
<No Strat> Status: Ko
introclassJava.syllables_ca505766_003WhiteboxTest#test7
<No Strat> Status: Ko
introclassJava.syllables_ca505766_003WhiteboxTest#test8
<No Strat> Status: Ko
introclassJava.syllables_ca505766_003WhiteboxTest#test9
<No Strat> Status: Ko
introclassJava.syllables_ca505766_003WhiteboxTest#test1
<No Strat> Status: Ko
introclassJava.syllables_ca505766_003BlackboxTest#test2
<No Strat> Status: Ko
introclassJava.syllables_ca505766_003BlackboxTest#test3
<No Strat> Status: Ko
introclassJava.syllables_ca505766_003BlackboxTest#test4
<No Strat> Status: Ko
introclassJava.syllables_ca505766_003BlackboxTest#test5
<No Strat> Status: Ko
introclassJava.syllables_ca505766_003BlackboxTest#test6
<No Strat> Status: Ko
introclassJava.syllables_ca505766_003BlackboxTest#test1
<No Strat> Status: Ko
introclassJava.syllables_ca505766_003WhiteboxTest#test2
<No Strat> Status: Ko
introclassJava.syllables_ca505766_003WhiteboxTest#test3
<No Strat> Status: Ko
introclassJava.syllables_ca505766_003WhiteboxTest#test4
<No Strat> Status: Ko
introclassJava.syllables_ca505766_003WhiteboxTest#test5
<No Strat> Status: Ko
introclassJava.syllables_ca505766_003WhiteboxTest#test6
<No Strat> Status: Ko
introclassJava.syllables_ca505766_003WhiteboxTest#test10
<No Strat> Status: Ko
introclassJava.syllables_ca505766_003WhiteboxTest#test7
<No Strat> Status: Ko
introclassJava.syllables_ca505766_003WhiteboxTest#test8
<No Strat> Status: Ko
introclassJava.syllables_ca505766_003WhiteboxTest#test9
<No Strat> Status: Ko
introclassJava.syllables_ca505766_003WhiteboxTest#test1
<No Strat> Status: Ko
introclassJava.syllables_ca505766_003BlackboxTest#test2
<No Strat> Status: Ko
introclassJava.syllables_ca505766_003BlackboxTest#test3
<No Strat> Status: Ko
introclassJava.syllables_ca505766_003BlackboxTest#test4
<No Strat> Status: Ko
introclassJava.syllables_ca505766_003BlackboxTest#test5
<No Strat> Status: Ko
introclassJava.syllables_ca505766_003BlackboxTest#test6
<No Strat> Status: Ko
introclassJava.syllables_ca505766_003BlackboxTest#test1
<No Strat> Status: Ko
5.05user 0.25system 0:02.90elapsed 182%CPU (0avgtext+0avgdata 229432maxresident)k
21112inputs+224outputs (1major+66507minor)pagefaults 0swaps


Node: graphene-122.nancy.grid5000.fr



Date: Thu Dec  6 04:11:04 EST 2018

