cd /tmp/NPEFix_IntroClassJava_grade_95362737dcd262ddd67b0fe1381c25f1e6b885860b4e51efb6f57223dceb77b4c6c7d855e3fe891c10cd51b48c9b052cf2c74f181a28d3020d77a4a2d6e4db18_014;
export JAVA_TOOL_OPTIONS="-Dfile.encoding=UTF8 -Duser.language=en-US -Duser.country=US -Duser.language=en";
TZ="America/New_York"; export TZ;
export PATH="/usr/lib/jvm/java-1.8.0-openjdk-amd64/bin/:$PATH";
export JAVA_HOME="/usr/lib/jvm/java-1.8.0-openjdk-amd64/bin/";
time java -Xmx4g -Xms1g -cp /home/tdurieux/defects4j4repair/script/../repair_tools/npefix.jar fr.inria.spirals.npefix.main.run.Main \
    --test introclassJava.grade_95362737_014BlackboxTest:introclassJava.grade_95362737_014WhiteboxTest \
    --iteration 100 \
	--complianceLevel 7 \
	--workingdirectory . \
	--source src/main/java \
	--classpath target/classes:target/test-classes:/home/tdurieux/.m2/repository/junit/junit/4.11/junit-4.11.jar:/home/tdurieux/.m2/repository/org/hamcrest/hamcrest-core/1.3/hamcrest-core-1.3.jar;
	echo "\n\nNode: `hostname`\n";
	echo "\n\nDate: `date`\n";
Picked up JAVA_TOOL_OPTIONS: -Dfile.encoding=UTF8 -Duser.language=en-US -Duser.country=US -Duser.language=en
TernarySplitter  in 4ms
CheckNotNull  in 2ms
ForceNullInit in 33ms
AddImplicitCastChecker --> 0 in 5ms
BeforeDeref --> 33 (failed:0) in 22ms
target--> 33 (failed:0) in 56ms
TryRegister # Try: 0 in 3ms
Assign --> 19 (failed: 0) in 52ms
VarInit --> 6 in 5ms
MethodEncapsulation # Method: 2 in 55ms
ConstructorEncapsulation # Constructor: 10 in 11ms
VariableFor in 2ms
RMI Selector (Host: 127.0.0.1, Port: 10000): KO
introclassJava.grade_95362737_014WhiteboxTest#test2
<No Strat> Status: Ko
introclassJava.grade_95362737_014WhiteboxTest#test3
<No Strat> Status: Ko
introclassJava.grade_95362737_014WhiteboxTest#test4
<No Strat> Status: Ko
introclassJava.grade_95362737_014WhiteboxTest#test5
<No Strat> Status: Ko
introclassJava.grade_95362737_014WhiteboxTest#test6
<No Strat> Status: Ko
introclassJava.grade_95362737_014WhiteboxTest#test7
<No Strat> Status: Ko
introclassJava.grade_95362737_014WhiteboxTest#test8
<No Strat> Status: Ko
introclassJava.grade_95362737_014WhiteboxTest#test9
<No Strat> Status: Ok
introclassJava.grade_95362737_014WhiteboxTest#test1
<No Strat> Status: Ko
introclassJava.grade_95362737_014BlackboxTest#test2
<No Strat> Status: Ko
introclassJava.grade_95362737_014BlackboxTest#test3
<No Strat> Status: Ko
introclassJava.grade_95362737_014BlackboxTest#test4
<No Strat> Status: Ko
introclassJava.grade_95362737_014BlackboxTest#test5
<No Strat> Status: Ko
introclassJava.grade_95362737_014BlackboxTest#test6
<No Strat> Status: Ko
introclassJava.grade_95362737_014BlackboxTest#test7
<No Strat> Status: Ko
introclassJava.grade_95362737_014BlackboxTest#test8
<No Strat> Status: Ko
introclassJava.grade_95362737_014BlackboxTest#test9
<No Strat> Status: Ok
introclassJava.grade_95362737_014BlackboxTest#test1
<No Strat> Status: Ko
Multirun 18/100 18%
introclassJava.grade_95362737_014WhiteboxTest#test2
<No Strat> Status: Ko
introclassJava.grade_95362737_014WhiteboxTest#test3
<No Strat> Status: Ko
introclassJava.grade_95362737_014WhiteboxTest#test4
<No Strat> Status: Ko
introclassJava.grade_95362737_014WhiteboxTest#test5
<No Strat> Status: Ko
introclassJava.grade_95362737_014WhiteboxTest#test6
<No Strat> Status: Ko
introclassJava.grade_95362737_014WhiteboxTest#test7
<No Strat> Status: Ko
introclassJava.grade_95362737_014WhiteboxTest#test8
<No Strat> Status: Ko
introclassJava.grade_95362737_014WhiteboxTest#test1
<No Strat> Status: Ko
introclassJava.grade_95362737_014BlackboxTest#test2
<No Strat> Status: Ko
introclassJava.grade_95362737_014BlackboxTest#test3
<No Strat> Status: Ko
introclassJava.grade_95362737_014BlackboxTest#test4
<No Strat> Status: Ko
introclassJava.grade_95362737_014BlackboxTest#test5
<No Strat> Status: Ko
introclassJava.grade_95362737_014BlackboxTest#test6
<No Strat> Status: Ko
introclassJava.grade_95362737_014BlackboxTest#test7
<No Strat> Status: Ko
introclassJava.grade_95362737_014BlackboxTest#test8
<No Strat> Status: Ko
introclassJava.grade_95362737_014BlackboxTest#test1
<No Strat> Status: Ko
introclassJava.grade_95362737_014WhiteboxTest#test2
<No Strat> Status: Ko
introclassJava.grade_95362737_014WhiteboxTest#test3
<No Strat> Status: Ko
introclassJava.grade_95362737_014WhiteboxTest#test4
<No Strat> Status: Ko
introclassJava.grade_95362737_014WhiteboxTest#test5
<No Strat> Status: Ko
introclassJava.grade_95362737_014WhiteboxTest#test6
<No Strat> Status: Ko
introclassJava.grade_95362737_014WhiteboxTest#test7
<No Strat> Status: Ko
introclassJava.grade_95362737_014WhiteboxTest#test8
<No Strat> Status: Ko
introclassJava.grade_95362737_014WhiteboxTest#test1
<No Strat> Status: Ko
introclassJava.grade_95362737_014BlackboxTest#test2
<No Strat> Status: Ko
introclassJava.grade_95362737_014BlackboxTest#test3
<No Strat> Status: Ko
introclassJava.grade_95362737_014BlackboxTest#test4
<No Strat> Status: Ko
introclassJava.grade_95362737_014BlackboxTest#test5
<No Strat> Status: Ko
introclassJava.grade_95362737_014BlackboxTest#test6
<No Strat> Status: Ko
introclassJava.grade_95362737_014BlackboxTest#test7
<No Strat> Status: Ko
introclassJava.grade_95362737_014BlackboxTest#test8
<No Strat> Status: Ko
introclassJava.grade_95362737_014BlackboxTest#test1
<No Strat> Status: Ko
introclassJava.grade_95362737_014WhiteboxTest#test2
<No Strat> Status: Ko
introclassJava.grade_95362737_014WhiteboxTest#test3
<No Strat> Status: Ko
introclassJava.grade_95362737_014WhiteboxTest#test4
<No Strat> Status: Ko
introclassJava.grade_95362737_014WhiteboxTest#test5
<No Strat> Status: Ko
introclassJava.grade_95362737_014WhiteboxTest#test6
<No Strat> Status: Ko
introclassJava.grade_95362737_014WhiteboxTest#test7
<No Strat> Status: Ko
introclassJava.grade_95362737_014WhiteboxTest#test8
<No Strat> Status: Ko
introclassJava.grade_95362737_014WhiteboxTest#test1
<No Strat> Status: Ko
introclassJava.grade_95362737_014BlackboxTest#test2
<No Strat> Status: Ko
introclassJava.grade_95362737_014BlackboxTest#test3
<No Strat> Status: Ko
introclassJava.grade_95362737_014BlackboxTest#test4
<No Strat> Status: Ko
introclassJava.grade_95362737_014BlackboxTest#test5
<No Strat> Status: Ko
introclassJava.grade_95362737_014BlackboxTest#test6
<No Strat> Status: Ko
introclassJava.grade_95362737_014BlackboxTest#test7
<No Strat> Status: Ko
introclassJava.grade_95362737_014BlackboxTest#test8
<No Strat> Status: Ko
introclassJava.grade_95362737_014BlackboxTest#test1
<No Strat> Status: Ko
introclassJava.grade_95362737_014WhiteboxTest#test2
<No Strat> Status: Ko
introclassJava.grade_95362737_014WhiteboxTest#test3
<No Strat> Status: Ko
introclassJava.grade_95362737_014WhiteboxTest#test4
<No Strat> Status: Ko
introclassJava.grade_95362737_014WhiteboxTest#test5
<No Strat> Status: Ko
introclassJava.grade_95362737_014WhiteboxTest#test6
<No Strat> Status: Ko
introclassJava.grade_95362737_014WhiteboxTest#test7
<No Strat> Status: Ko
introclassJava.grade_95362737_014WhiteboxTest#test8
<No Strat> Status: Ko
introclassJava.grade_95362737_014WhiteboxTest#test1
<No Strat> Status: Ko
introclassJava.grade_95362737_014BlackboxTest#test2
<No Strat> Status: Ko
introclassJava.grade_95362737_014BlackboxTest#test3
<No Strat> Status: Ko
introclassJava.grade_95362737_014BlackboxTest#test4
<No Strat> Status: Ko
introclassJava.grade_95362737_014BlackboxTest#test5
<No Strat> Status: Ko
introclassJava.grade_95362737_014BlackboxTest#test6
<No Strat> Status: Ko
introclassJava.grade_95362737_014BlackboxTest#test7
<No Strat> Status: Ko
introclassJava.grade_95362737_014BlackboxTest#test8
<No Strat> Status: Ko
introclassJava.grade_95362737_014BlackboxTest#test1
<No Strat> Status: Ko
introclassJava.grade_95362737_014WhiteboxTest#test2
<No Strat> Status: Ko
introclassJava.grade_95362737_014WhiteboxTest#test3
<No Strat> Status: Ko
introclassJava.grade_95362737_014WhiteboxTest#test4
<No Strat> Status: Ko
introclassJava.grade_95362737_014WhiteboxTest#test5
<No Strat> Status: Ko
introclassJava.grade_95362737_014WhiteboxTest#test6
<No Strat> Status: Ko
introclassJava.grade_95362737_014WhiteboxTest#test7
<No Strat> Status: Ko
introclassJava.grade_95362737_014WhiteboxTest#test8
<No Strat> Status: Ko
introclassJava.grade_95362737_014WhiteboxTest#test1
<No Strat> Status: Ko
introclassJava.grade_95362737_014BlackboxTest#test2
<No Strat> Status: Ko
introclassJava.grade_95362737_014BlackboxTest#test3
<No Strat> Status: Ko
introclassJava.grade_95362737_014BlackboxTest#test4
<No Strat> Status: Ko
introclassJava.grade_95362737_014BlackboxTest#test5
<No Strat> Status: Ko
introclassJava.grade_95362737_014BlackboxTest#test6
<No Strat> Status: Ko
introclassJava.grade_95362737_014BlackboxTest#test7
<No Strat> Status: Ko
introclassJava.grade_95362737_014BlackboxTest#test8
<No Strat> Status: Ko
introclassJava.grade_95362737_014BlackboxTest#test1
<No Strat> Status: Ko
introclassJava.grade_95362737_014WhiteboxTest#test2
<No Strat> Status: Ko
introclassJava.grade_95362737_014WhiteboxTest#test3
<No Strat> Status: Ko
introclassJava.grade_95362737_014WhiteboxTest#test4
<No Strat> Status: Ko
introclassJava.grade_95362737_014WhiteboxTest#test5
<No Strat> Status: Ko
introclassJava.grade_95362737_014WhiteboxTest#test6
<No Strat> Status: Ko
introclassJava.grade_95362737_014WhiteboxTest#test7
<No Strat> Status: Ko
introclassJava.grade_95362737_014WhiteboxTest#test8
<No Strat> Status: Ko
introclassJava.grade_95362737_014WhiteboxTest#test1
<No Strat> Status: Ko
introclassJava.grade_95362737_014BlackboxTest#test2
<No Strat> Status: Ko
introclassJava.grade_95362737_014BlackboxTest#test3
<No Strat> Status: Ko
introclassJava.grade_95362737_014BlackboxTest#test4
<No Strat> Status: Ko
introclassJava.grade_95362737_014BlackboxTest#test5
<No Strat> Status: Ko
introclassJava.grade_95362737_014BlackboxTest#test6
<No Strat> Status: Ko
introclassJava.grade_95362737_014BlackboxTest#test7
<No Strat> Status: Ko
introclassJava.grade_95362737_014BlackboxTest#test8
<No Strat> Status: Ko
introclassJava.grade_95362737_014BlackboxTest#test1
<No Strat> Status: Ko
5.04user 0.27system 0:03.01elapsed 176%CPU (0avgtext+0avgdata 238260maxresident)k
20872inputs+224outputs (1major+61710minor)pagefaults 0swaps


Node: graphene-59.nancy.grid5000.fr



Date: Thu Dec  6 04:05:01 EST 2018

