cd /tmp/DynaMoth_IntroClassJava_digits_cd2d9b5b5cff96b07c5b22c0d139ffa2aa36b01823c9eb4db6eca19065a0ce2c4d2516bfcc2f1bc95daeae5b0bbd5e9c15b83feda776735e7bc3de6c49d25144_003;
export JAVA_TOOL_OPTIONS="-Dfile.encoding=UTF8 -Duser.language=en-US -Duser.country=US -Duser.language=en";
TZ="America/New_York"; export TZ;
export PATH="/usr/lib/jvm/java-1.8.0-openjdk-amd64/bin/:$PATH";
export JAVA_HOME="/usr/lib/jvm/java-1.8.0-openjdk-amd64/bin/";
time java -Xmx4048m -cp /home/tdurieux/RepairThemAll/script/../repair_tools/nopol.jar:/usr/lib/jvm/java-1.8.0-openjdk-amd64/bin//../lib/tools.jar fr.inria.lille.repair.Main \
	--mode repair \
	--type pre_then_cond \
	--oracle angelic \
	--synthesis dynamoth \
	--flocal gzoltar \
	--json \
	--solver z3 \
	--solver-path /home/tdurieux/RepairThemAll/script/../libs/z3/build/z3 \
	--complianceLevel 7 \
	--source src/main/java \
	--classpath "target/classes:target/test-classes:/home/tdurieux/.m2/repository/junit/junit/4.11/junit-4.11.jar:/home/tdurieux/.m2/repository/org/hamcrest/hamcrest-core/1.3/hamcrest-core-1.3.jar:/home/tdurieux/RepairThemAll/script/../repair_tools/nopol.jar";
	echo "\n\nNode: `hostname`\n";
	echo "\n\nDate: `date`\n";
Picked up JAVA_TOOL_OPTIONS: -Dfile.encoding=UTF8 -Duser.language=en-US -Duser.country=US -Duser.language=en
17:24:06.632 [main] INFO  fr.inria.lille.repair.nopol.NoPol - Source files: [src/main/java]
17:24:06.654 [main] INFO  fr.inria.lille.repair.nopol.NoPol - Classpath: [file:/tmp/DynaMoth_IntroClassJava_digits_cd2d9b5b5cff96b07c5b22c0d139ffa2aa36b01823c9eb4db6eca19065a0ce2c4d2516bfcc2f1bc95daeae5b0bbd5e9c15b83feda776735e7bc3de6c49d25144_003/target/classes/, file:/tmp/DynaMoth_IntroClassJava_digits_cd2d9b5b5cff96b07c5b22c0d139ffa2aa36b01823c9eb4db6eca19065a0ce2c4d2516bfcc2f1bc95daeae5b0bbd5e9c15b83feda776735e7bc3de6c49d25144_003/target/test-classes/, file:/home/tdurieux/.m2/repository/junit/junit/4.11/junit-4.11.jar, file:/home/tdurieux/.m2/repository/org/hamcrest/hamcrest-core/1.3/hamcrest-core-1.3.jar, file:/home/tdurieux/RepairThemAll/script/../repair_tools/nopol.jar]
17:24:06.654 [main] INFO  fr.inria.lille.repair.nopol.NoPol - Statement type: PRE_THEN_COND
17:24:06.654 [main] INFO  fr.inria.lille.repair.nopol.NoPol - Args: [introclassJava.digits_cd2d9b5b_003BlackboxTest, introclassJava.digits_cd2d9b5b_003WhiteboxTest]
17:24:06.656 [main] INFO  fr.inria.lille.repair.nopol.NoPol - Config: Config{synthesisDepth=3, collectStaticMethods=true, collectStaticFields=false, collectLiterals=false, onlyOneSynthesisResult=true, sortExpressions=true, maxLineInvocationPerTest=250, timeoutMethodInvocation=2000, dataCollectionTimeoutInSecondForSynthesis=900, addWeight=0.19478, subWeight=0.04554, mulWeight=0.0102, divWeight=0.00613, andWeight=0.10597, orWeight=0.05708, eqWeight=0.22798, nEqWeight=0.0, lessEqWeight=0.0255, lessWeight=0.0947, methodCallWeight=0.1, fieldAccessWeight=0.08099, constantWeight=0.14232, variableWeight=0.05195, mode=REPAIR, type=PRE_THEN_COND, synthesis=DYNAMOTH, oracle=ANGELIC, solver=Z3, solverPath='/home/tdurieux/RepairThemAll/script/../libs/z3/build/z3', projectSources=[src/main/java], projectClasspath='[Ljava.net.URL;@2ff4f00f', projectTests=[introclassJava.digits_cd2d9b5b_003BlackboxTest, introclassJava.digits_cd2d9b5b_003WhiteboxTest], complianceLevel=7, outputFolder=., json=true}
17:24:06.656 [main] INFO  fr.inria.lille.repair.nopol.NoPol - Available processors (cores): 24
17:24:06.663 [main] INFO  fr.inria.lille.repair.nopol.NoPol - Free memory: 1 GB
17:24:06.663 [main] INFO  fr.inria.lille.repair.nopol.NoPol - Maximum memory: 3 GB
17:24:06.663 [main] INFO  fr.inria.lille.repair.nopol.NoPol - Total memory available to JVM: 1 GB
17:24:06.664 [main] INFO  fr.inria.lille.repair.nopol.NoPol - Java version: 1.8.0_181
17:24:06.665 [main] INFO  fr.inria.lille.repair.nopol.NoPol - JAVA_HOME: /usr/lib/jvm/java-1.8.0-openjdk-amd64/bin/
17:24:06.665 [main] INFO  fr.inria.lille.repair.nopol.NoPol - PATH: /usr/lib/jvm/java-1.8.0-openjdk-amd64/bin/:/usr/lib/oar/oardodo:/usr/lib/oar/oardodo:/usr/local/bin:/usr/bin:/bin:/usr/games
17:24:09.469 [pool-2-thread-1] DEBUG fr.inria.lille.repair.nopol.NoPol - statement #1
17:24:09.469 [pool-2-thread-1] DEBUG fr.inria.lille.repair.nopol.NoPol - Analysing SourceLocation introclassJava.digits_cd2d9b5b_003:71 which is executed by 16 tests
631311511
17:24:09.771 [pool-2-thread-1] DEBUG fr.inria.lille.repair.nopol.NoPol - looking with class fr.inria.lille.repair.nopol.spoon.smt.ConditionalAdder
org.junit.ComparisonFailure: expected:<Enteraninteger>[0]That'sall,haveaniced...> but was:<Enteraninteger>[]That'sall,haveaniced...>
    at org.junit.Assert.assertEquals(Assert.java:115)
    at org.junit.Assert.assertEquals(Assert.java:144)
    at introclassJava.digits_cd2d9b5b_003WhiteboxTest.test1(digits_cd2d9b5b_003WhiteboxTest.java:13)
    at sun.reflect.NativeMethodAccessorImpl.invoke0(Native Method)
    at sun.reflect.NativeMethodAccessorImpl.invoke(NativeMethodAccessorImpl.java:62)
    at sun.reflect.DelegatingMethodAccessorImpl.invoke(DelegatingMethodAccessorImpl.java:43)
org.junit.ComparisonFailure: expected:<Enteraninteger>[67]8-9That'sall,haveani...> but was:<Enteraninteger>[-6-7-]8-9That'sall,haveani...>
    at org.junit.Assert.assertEquals(Assert.java:115)
    at org.junit.Assert.assertEquals(Assert.java:144)
    at introclassJava.digits_cd2d9b5b_003BlackboxTest.test2(digits_cd2d9b5b_003BlackboxTest.java:23)
    at sun.reflect.NativeMethodAccessorImpl.invoke0(Native Method)
    at sun.reflect.NativeMethodAccessorImpl.invoke(NativeMethodAccessorImpl.java:62)
    at sun.reflect.DelegatingMethodAccessorImpl.invoke(DelegatingMethodAccessorImpl.java:43)
17:24:09.830 [pool-4-thread-1] INFO  xxl.java.junit.TestCasesListener - Tests run finished (33 ms)
<> Total tests run: 16
<> Ignored tests: 0
<> Failed tests: 2
~ test1(introclassJava.digits_cd2d9b5b_003WhiteboxTest)
[expected:<Enteraninteger>[0]That'sall,haveaniced...> but was:<Enteraninteger>[]That'sall,haveaniced...>]
org.junit.ComparisonFailure: expected:<Enteraninteger>[0]That'sall,haveaniced...> but was:<Enteraninteger>[]That'sall,haveaniced...>    at org.junit.Assert.assertEquals(Assert.java:115)
    at org.junit.Assert.assertEquals(Assert.java:144)
    at introclassJava.digits_cd2d9b5b_003WhiteboxTest.test1(digits_cd2d9b5b_003WhiteboxTest.java:13)
    at sun.reflect.NativeMethodAccessorImpl.invoke0(Native Method)
    at sun.reflect.NativeMethodAccessorImpl.invoke(NativeMethodAccessorImpl.java:62)
    at sun.reflect.DelegatingMethodAccessorImpl.invoke(DelegatingMethodAccessorImpl.java:43)
~ test2(introclassJava.digits_cd2d9b5b_003BlackboxTest)
[expected:<Enteraninteger>[67]8-9That'sall,haveani...> but was:<Enteraninteger>[-6-7-]8-9That'sall,haveani...>]
org.junit.ComparisonFailure: expected:<Enteraninteger>[67]8-9That'sall,haveani...> but was:<Enteraninteger>[-6-7-]8-9That'sall,haveani...>    at org.junit.Assert.assertEquals(Assert.java:115)
    at org.junit.Assert.assertEquals(Assert.java:144)
    at introclassJava.digits_cd2d9b5b_003BlackboxTest.test2(digits_cd2d9b5b_003BlackboxTest.java:23)
    at sun.reflect.NativeMethodAccessorImpl.invoke0(Native Method)
    at sun.reflect.NativeMethodAccessorImpl.invoke(NativeMethodAccessorImpl.java:62)
    at sun.reflect.DelegatingMethodAccessorImpl.invoke(DelegatingMethodAccessorImpl.java:43)

17:24:10.327 [pool-2-thread-1] DEBUG fr.inria.lille.repair.nopol.NoPol - statement #2
17:24:10.328 [pool-2-thread-1] DEBUG fr.inria.lille.repair.nopol.NoPol - Analysing SourceLocation introclassJava.digits_cd2d9b5b_003:69 which is executed by 16 tests
631311511
17:24:10.397 [pool-2-thread-1] DEBUG fr.inria.lille.repair.nopol.NoPol - looking with class fr.inria.lille.repair.nopol.spoon.smt.ConditionalAdder
org.junit.ComparisonFailure: expected:<Enteraninteger>[0]That'sall,haveaniced...> but was:<Enteraninteger>[]That'sall,haveaniced...>
    at org.junit.Assert.assertEquals(Assert.java:115)
    at org.junit.Assert.assertEquals(Assert.java:144)
    at introclassJava.digits_cd2d9b5b_003WhiteboxTest.test1(digits_cd2d9b5b_003WhiteboxTest.java:13)
    at sun.reflect.NativeMethodAccessorImpl.invoke0(Native Method)
    at sun.reflect.NativeMethodAccessorImpl.invoke(NativeMethodAccessorImpl.java:62)
    at sun.reflect.DelegatingMethodAccessorImpl.invoke(DelegatingMethodAccessorImpl.java:43)
org.junit.ComparisonFailure: expected:<Enteraninteger>[67]8-9That'sall,haveani...> but was:<Enteraninteger>[-6-7-]8-9That'sall,haveani...>
    at org.junit.Assert.assertEquals(Assert.java:115)
    at org.junit.Assert.assertEquals(Assert.java:144)
    at introclassJava.digits_cd2d9b5b_003BlackboxTest.test2(digits_cd2d9b5b_003BlackboxTest.java:23)
    at sun.reflect.NativeMethodAccessorImpl.invoke0(Native Method)
    at sun.reflect.NativeMethodAccessorImpl.invoke(NativeMethodAccessorImpl.java:62)
    at sun.reflect.DelegatingMethodAccessorImpl.invoke(DelegatingMethodAccessorImpl.java:43)
17:24:10.417 [pool-10-thread-1] INFO  xxl.java.junit.TestCasesListener - Tests run finished (15 ms)
<> Total tests run: 16
<> Ignored tests: 0
<> Failed tests: 2
~ test1(introclassJava.digits_cd2d9b5b_003WhiteboxTest)
[expected:<Enteraninteger>[0]That'sall,haveaniced...> but was:<Enteraninteger>[]That'sall,haveaniced...>]
org.junit.ComparisonFailure: expected:<Enteraninteger>[0]That'sall,haveaniced...> but was:<Enteraninteger>[]That'sall,haveaniced...>    at org.junit.Assert.assertEquals(Assert.java:115)
    at org.junit.Assert.assertEquals(Assert.java:144)
    at introclassJava.digits_cd2d9b5b_003WhiteboxTest.test1(digits_cd2d9b5b_003WhiteboxTest.java:13)
    at sun.reflect.NativeMethodAccessorImpl.invoke0(Native Method)
    at sun.reflect.NativeMethodAccessorImpl.invoke(NativeMethodAccessorImpl.java:62)
    at sun.reflect.DelegatingMethodAccessorImpl.invoke(DelegatingMethodAccessorImpl.java:43)
~ test2(introclassJava.digits_cd2d9b5b_003BlackboxTest)
[expected:<Enteraninteger>[67]8-9That'sall,haveani...> but was:<Enteraninteger>[-6-7-]8-9That'sall,haveani...>]
org.junit.ComparisonFailure: expected:<Enteraninteger>[67]8-9That'sall,haveani...> but was:<Enteraninteger>[-6-7-]8-9That'sall,haveani...>    at org.junit.Assert.assertEquals(Assert.java:115)
    at org.junit.Assert.assertEquals(Assert.java:144)
    at introclassJava.digits_cd2d9b5b_003BlackboxTest.test2(digits_cd2d9b5b_003BlackboxTest.java:23)
    at sun.reflect.NativeMethodAccessorImpl.invoke0(Native Method)
    at sun.reflect.NativeMethodAccessorImpl.invoke(NativeMethodAccessorImpl.java:62)
    at sun.reflect.DelegatingMethodAccessorImpl.invoke(DelegatingMethodAccessorImpl.java:43)

17:24:10.537 [pool-2-thread-1] DEBUG fr.inria.lille.repair.nopol.NoPol - statement #3
17:24:10.537 [pool-2-thread-1] DEBUG fr.inria.lille.repair.nopol.NoPol - Analysing SourceLocation introclassJava.digits_cd2d9b5b_003:64 which is executed by 16 tests
631311511
17:24:10.592 [pool-2-thread-1] DEBUG fr.inria.lille.repair.nopol.NoPol - looking with class fr.inria.lille.repair.nopol.spoon.smt.ConditionalAdder
org.junit.ComparisonFailure: expected:<Enteraninteger>[0]That'sall,haveaniced...> but was:<Enteraninteger>[]That'sall,haveaniced...>
    at org.junit.Assert.assertEquals(Assert.java:115)
    at org.junit.Assert.assertEquals(Assert.java:144)
    at introclassJava.digits_cd2d9b5b_003WhiteboxTest.test1(digits_cd2d9b5b_003WhiteboxTest.java:13)
    at sun.reflect.NativeMethodAccessorImpl.invoke0(Native Method)
    at sun.reflect.NativeMethodAccessorImpl.invoke(NativeMethodAccessorImpl.java:62)
    at sun.reflect.DelegatingMethodAccessorImpl.invoke(DelegatingMethodAccessorImpl.java:43)
org.junit.ComparisonFailure: expected:<Enteraninteger>[67]8-9That'sall,haveani...> but was:<Enteraninteger>[-6-7-]8-9That'sall,haveani...>
    at org.junit.Assert.assertEquals(Assert.java:115)
    at org.junit.Assert.assertEquals(Assert.java:144)
    at introclassJava.digits_cd2d9b5b_003BlackboxTest.test2(digits_cd2d9b5b_003BlackboxTest.java:23)
    at sun.reflect.NativeMethodAccessorImpl.invoke0(Native Method)
    at sun.reflect.NativeMethodAccessorImpl.invoke(NativeMethodAccessorImpl.java:62)
    at sun.reflect.DelegatingMethodAccessorImpl.invoke(DelegatingMethodAccessorImpl.java:43)
17:24:10.612 [pool-16-thread-1] INFO  xxl.java.junit.TestCasesListener - Tests run finished (14 ms)
<> Total tests run: 16
<> Ignored tests: 0
<> Failed tests: 2
~ test1(introclassJava.digits_cd2d9b5b_003WhiteboxTest)
[expected:<Enteraninteger>[0]That'sall,haveaniced...> but was:<Enteraninteger>[]That'sall,haveaniced...>]
org.junit.ComparisonFailure: expected:<Enteraninteger>[0]That'sall,haveaniced...> but was:<Enteraninteger>[]That'sall,haveaniced...>    at org.junit.Assert.assertEquals(Assert.java:115)
    at org.junit.Assert.assertEquals(Assert.java:144)
    at introclassJava.digits_cd2d9b5b_003WhiteboxTest.test1(digits_cd2d9b5b_003WhiteboxTest.java:13)
    at sun.reflect.NativeMethodAccessorImpl.invoke0(Native Method)
    at sun.reflect.NativeMethodAccessorImpl.invoke(NativeMethodAccessorImpl.java:62)
    at sun.reflect.DelegatingMethodAccessorImpl.invoke(DelegatingMethodAccessorImpl.java:43)
~ test2(introclassJava.digits_cd2d9b5b_003BlackboxTest)
[expected:<Enteraninteger>[67]8-9That'sall,haveani...> but was:<Enteraninteger>[-6-7-]8-9That'sall,haveani...>]
org.junit.ComparisonFailure: expected:<Enteraninteger>[67]8-9That'sall,haveani...> but was:<Enteraninteger>[-6-7-]8-9That'sall,haveani...>    at org.junit.Assert.assertEquals(Assert.java:115)
    at org.junit.Assert.assertEquals(Assert.java:144)
    at introclassJava.digits_cd2d9b5b_003BlackboxTest.test2(digits_cd2d9b5b_003BlackboxTest.java:23)
    at sun.reflect.NativeMethodAccessorImpl.invoke0(Native Method)
    at sun.reflect.NativeMethodAccessorImpl.invoke(NativeMethodAccessorImpl.java:62)
    at sun.reflect.DelegatingMethodAccessorImpl.invoke(DelegatingMethodAccessorImpl.java:43)

17:24:10.724 [pool-2-thread-1] DEBUG fr.inria.lille.repair.nopol.NoPol - statement #4
17:24:10.725 [pool-2-thread-1] DEBUG fr.inria.lille.repair.nopol.NoPol - Analysing SourceLocation introclassJava.digits_cd2d9b5b_003:63 which is executed by 16 tests
631311511
17:24:10.779 [pool-2-thread-1] DEBUG fr.inria.lille.repair.nopol.NoPol - looking with class fr.inria.lille.repair.nopol.spoon.smt.ConditionalAdder
org.junit.ComparisonFailure: expected:<Enteraninteger>[0]That'sall,haveaniced...> but was:<Enteraninteger>[]That'sall,haveaniced...>
    at org.junit.Assert.assertEquals(Assert.java:115)
    at org.junit.Assert.assertEquals(Assert.java:144)
    at introclassJava.digits_cd2d9b5b_003WhiteboxTest.test1(digits_cd2d9b5b_003WhiteboxTest.java:13)
    at sun.reflect.NativeMethodAccessorImpl.invoke0(Native Method)
    at sun.reflect.NativeMethodAccessorImpl.invoke(NativeMethodAccessorImpl.java:62)
    at sun.reflect.DelegatingMethodAccessorImpl.invoke(DelegatingMethodAccessorImpl.java:43)
org.junit.ComparisonFailure: expected:<Enteraninteger>[67]8-9That'sall,haveani...> but was:<Enteraninteger>[-6-7-]8-9That'sall,haveani...>
    at org.junit.Assert.assertEquals(Assert.java:115)
    at org.junit.Assert.assertEquals(Assert.java:144)
    at introclassJava.digits_cd2d9b5b_003BlackboxTest.test2(digits_cd2d9b5b_003BlackboxTest.java:23)
    at sun.reflect.NativeMethodAccessorImpl.invoke0(Native Method)
    at sun.reflect.NativeMethodAccessorImpl.invoke(NativeMethodAccessorImpl.java:62)
    at sun.reflect.DelegatingMethodAccessorImpl.invoke(DelegatingMethodAccessorImpl.java:43)
17:24:10.793 [pool-22-thread-1] INFO  xxl.java.junit.TestCasesListener - Tests run finished (11 ms)
<> Total tests run: 16
<> Ignored tests: 0
<> Failed tests: 2
~ test1(introclassJava.digits_cd2d9b5b_003WhiteboxTest)
[expected:<Enteraninteger>[0]That'sall,haveaniced...> but was:<Enteraninteger>[]That'sall,haveaniced...>]
org.junit.ComparisonFailure: expected:<Enteraninteger>[0]That'sall,haveaniced...> but was:<Enteraninteger>[]That'sall,haveaniced...>    at org.junit.Assert.assertEquals(Assert.java:115)
    at org.junit.Assert.assertEquals(Assert.java:144)
    at introclassJava.digits_cd2d9b5b_003WhiteboxTest.test1(digits_cd2d9b5b_003WhiteboxTest.java:13)
    at sun.reflect.NativeMethodAccessorImpl.invoke0(Native Method)
    at sun.reflect.NativeMethodAccessorImpl.invoke(NativeMethodAccessorImpl.java:62)
    at sun.reflect.DelegatingMethodAccessorImpl.invoke(DelegatingMethodAccessorImpl.java:43)
~ test2(introclassJava.digits_cd2d9b5b_003BlackboxTest)
[expected:<Enteraninteger>[67]8-9That'sall,haveani...> but was:<Enteraninteger>[-6-7-]8-9That'sall,haveani...>]
org.junit.ComparisonFailure: expected:<Enteraninteger>[67]8-9That'sall,haveani...> but was:<Enteraninteger>[-6-7-]8-9That'sall,haveani...>    at org.junit.Assert.assertEquals(Assert.java:115)
    at org.junit.Assert.assertEquals(Assert.java:144)
    at introclassJava.digits_cd2d9b5b_003BlackboxTest.test2(digits_cd2d9b5b_003BlackboxTest.java:23)
    at sun.reflect.NativeMethodAccessorImpl.invoke0(Native Method)
    at sun.reflect.NativeMethodAccessorImpl.invoke(NativeMethodAccessorImpl.java:62)
    at sun.reflect.DelegatingMethodAccessorImpl.invoke(DelegatingMethodAccessorImpl.java:43)

17:24:10.921 [pool-2-thread-1] DEBUG fr.inria.lille.repair.nopol.NoPol - statement #5
17:24:10.921 [pool-2-thread-1] DEBUG fr.inria.lille.repair.nopol.NoPol - Analysing SourceLocation introclassJava.digits_cd2d9b5b_003:62 which is executed by 16 tests
631311511
17:24:10.979 [pool-2-thread-1] DEBUG fr.inria.lille.repair.nopol.NoPol - looking with class fr.inria.lille.repair.nopol.spoon.smt.ConditionalAdder
org.junit.ComparisonFailure: expected:<Enteraninteger>[0]That'sall,haveaniced...> but was:<Enteraninteger>[]That'sall,haveaniced...>
    at org.junit.Assert.assertEquals(Assert.java:115)
    at org.junit.Assert.assertEquals(Assert.java:144)
    at introclassJava.digits_cd2d9b5b_003WhiteboxTest.test1(digits_cd2d9b5b_003WhiteboxTest.java:13)
    at sun.reflect.NativeMethodAccessorImpl.invoke0(Native Method)
    at sun.reflect.NativeMethodAccessorImpl.invoke(NativeMethodAccessorImpl.java:62)
    at sun.reflect.DelegatingMethodAccessorImpl.invoke(DelegatingMethodAccessorImpl.java:43)
org.junit.ComparisonFailure: expected:<Enteraninteger>[67]8-9That'sall,haveani...> but was:<Enteraninteger>[-6-7-]8-9That'sall,haveani...>
    at org.junit.Assert.assertEquals(Assert.java:115)
    at org.junit.Assert.assertEquals(Assert.java:144)
    at introclassJava.digits_cd2d9b5b_003BlackboxTest.test2(digits_cd2d9b5b_003BlackboxTest.java:23)
    at sun.reflect.NativeMethodAccessorImpl.invoke0(Native Method)
    at sun.reflect.NativeMethodAccessorImpl.invoke(NativeMethodAccessorImpl.java:62)
    at sun.reflect.DelegatingMethodAccessorImpl.invoke(DelegatingMethodAccessorImpl.java:43)
17:24:10.993 [pool-28-thread-1] INFO  xxl.java.junit.TestCasesListener - Tests run finished (11 ms)
<> Total tests run: 16
<> Ignored tests: 0
<> Failed tests: 2
~ test1(introclassJava.digits_cd2d9b5b_003WhiteboxTest)
[expected:<Enteraninteger>[0]That'sall,haveaniced...> but was:<Enteraninteger>[]That'sall,haveaniced...>]
org.junit.ComparisonFailure: expected:<Enteraninteger>[0]That'sall,haveaniced...> but was:<Enteraninteger>[]That'sall,haveaniced...>    at org.junit.Assert.assertEquals(Assert.java:115)
    at org.junit.Assert.assertEquals(Assert.java:144)
    at introclassJava.digits_cd2d9b5b_003WhiteboxTest.test1(digits_cd2d9b5b_003WhiteboxTest.java:13)
    at sun.reflect.NativeMethodAccessorImpl.invoke0(Native Method)
    at sun.reflect.NativeMethodAccessorImpl.invoke(NativeMethodAccessorImpl.java:62)
    at sun.reflect.DelegatingMethodAccessorImpl.invoke(DelegatingMethodAccessorImpl.java:43)
~ test2(introclassJava.digits_cd2d9b5b_003BlackboxTest)
[expected:<Enteraninteger>[67]8-9That'sall,haveani...> but was:<Enteraninteger>[-6-7-]8-9That'sall,haveani...>]
org.junit.ComparisonFailure: expected:<Enteraninteger>[67]8-9That'sall,haveani...> but was:<Enteraninteger>[-6-7-]8-9That'sall,haveani...>    at org.junit.Assert.assertEquals(Assert.java:115)
    at org.junit.Assert.assertEquals(Assert.java:144)
    at introclassJava.digits_cd2d9b5b_003BlackboxTest.test2(digits_cd2d9b5b_003BlackboxTest.java:23)
    at sun.reflect.NativeMethodAccessorImpl.invoke0(Native Method)
    at sun.reflect.NativeMethodAccessorImpl.invoke(NativeMethodAccessorImpl.java:62)
    at sun.reflect.DelegatingMethodAccessorImpl.invoke(DelegatingMethodAccessorImpl.java:43)

17:24:11.101 [pool-2-thread-1] DEBUG fr.inria.lille.repair.nopol.NoPol - statement #6
17:24:11.101 [pool-2-thread-1] DEBUG fr.inria.lille.repair.nopol.NoPol - Analysing SourceLocation introclassJava.digits_cd2d9b5b_003:61 which is executed by 16 tests
631311511
17:24:11.145 [pool-2-thread-1] DEBUG fr.inria.lille.repair.nopol.NoPol - looking with class fr.inria.lille.repair.nopol.spoon.smt.ConditionalAdder
org.junit.ComparisonFailure: expected:<Enteraninteger>[0]That'sall,haveaniced...> but was:<Enteraninteger>[]That'sall,haveaniced...>
    at org.junit.Assert.assertEquals(Assert.java:115)
    at org.junit.Assert.assertEquals(Assert.java:144)
    at introclassJava.digits_cd2d9b5b_003WhiteboxTest.test1(digits_cd2d9b5b_003WhiteboxTest.java:13)
    at sun.reflect.NativeMethodAccessorImpl.invoke0(Native Method)
    at sun.reflect.NativeMethodAccessorImpl.invoke(NativeMethodAccessorImpl.java:62)
    at sun.reflect.DelegatingMethodAccessorImpl.invoke(DelegatingMethodAccessorImpl.java:43)
org.junit.ComparisonFailure: expected:<Enteraninteger>[67]8-9That'sall,haveani...> but was:<Enteraninteger>[-6-7-]8-9That'sall,haveani...>
    at org.junit.Assert.assertEquals(Assert.java:115)
    at org.junit.Assert.assertEquals(Assert.java:144)
    at introclassJava.digits_cd2d9b5b_003BlackboxTest.test2(digits_cd2d9b5b_003BlackboxTest.java:23)
    at sun.reflect.NativeMethodAccessorImpl.invoke0(Native Method)
    at sun.reflect.NativeMethodAccessorImpl.invoke(NativeMethodAccessorImpl.java:62)
    at sun.reflect.DelegatingMethodAccessorImpl.invoke(DelegatingMethodAccessorImpl.java:43)
17:24:11.157 [pool-34-thread-1] INFO  xxl.java.junit.TestCasesListener - Tests run finished (9 ms)
<> Total tests run: 16
<> Ignored tests: 0
<> Failed tests: 2
~ test1(introclassJava.digits_cd2d9b5b_003WhiteboxTest)
[expected:<Enteraninteger>[0]That'sall,haveaniced...> but was:<Enteraninteger>[]That'sall,haveaniced...>]
org.junit.ComparisonFailure: expected:<Enteraninteger>[0]That'sall,haveaniced...> but was:<Enteraninteger>[]That'sall,haveaniced...>    at org.junit.Assert.assertEquals(Assert.java:115)
    at org.junit.Assert.assertEquals(Assert.java:144)
    at introclassJava.digits_cd2d9b5b_003WhiteboxTest.test1(digits_cd2d9b5b_003WhiteboxTest.java:13)
    at sun.reflect.NativeMethodAccessorImpl.invoke0(Native Method)
    at sun.reflect.NativeMethodAccessorImpl.invoke(NativeMethodAccessorImpl.java:62)
    at sun.reflect.DelegatingMethodAccessorImpl.invoke(DelegatingMethodAccessorImpl.java:43)
~ test2(introclassJava.digits_cd2d9b5b_003BlackboxTest)
[expected:<Enteraninteger>[67]8-9That'sall,haveani...> but was:<Enteraninteger>[-6-7-]8-9That'sall,haveani...>]
org.junit.ComparisonFailure: expected:<Enteraninteger>[67]8-9That'sall,haveani...> but was:<Enteraninteger>[-6-7-]8-9That'sall,haveani...>    at org.junit.Assert.assertEquals(Assert.java:115)
    at org.junit.Assert.assertEquals(Assert.java:144)
    at introclassJava.digits_cd2d9b5b_003BlackboxTest.test2(digits_cd2d9b5b_003BlackboxTest.java:23)
    at sun.reflect.NativeMethodAccessorImpl.invoke0(Native Method)
    at sun.reflect.NativeMethodAccessorImpl.invoke(NativeMethodAccessorImpl.java:62)
    at sun.reflect.DelegatingMethodAccessorImpl.invoke(DelegatingMethodAccessorImpl.java:43)

17:24:11.241 [pool-2-thread-1] DEBUG fr.inria.lille.repair.nopol.NoPol - statement #7
17:24:11.241 [pool-2-thread-1] DEBUG fr.inria.lille.repair.nopol.NoPol - Analysing SourceLocation introclassJava.digits_cd2d9b5b_003:60 which is executed by 16 tests
631311511
17:24:11.281 [pool-2-thread-1] DEBUG fr.inria.lille.repair.nopol.NoPol - statement #8
17:24:11.282 [pool-2-thread-1] DEBUG fr.inria.lille.repair.nopol.NoPol - Analysing SourceLocation introclassJava.digits_cd2d9b5b_003:67 which is executed by 15 tests
631311511
17:24:11.321 [pool-2-thread-1] DEBUG fr.inria.lille.repair.nopol.NoPol - looking with class fr.inria.lille.repair.nopol.spoon.smt.ConditionalAdder
org.junit.ComparisonFailure: expected:<Enteraninteger>[67]8-9That'sall,haveani...> but was:<Enteraninteger>[-6-7-]8-9That'sall,haveani...>
    at org.junit.Assert.assertEquals(Assert.java:115)
    at org.junit.Assert.assertEquals(Assert.java:144)
    at introclassJava.digits_cd2d9b5b_003BlackboxTest.test2(digits_cd2d9b5b_003BlackboxTest.java:23)
    at sun.reflect.NativeMethodAccessorImpl.invoke0(Native Method)
    at sun.reflect.NativeMethodAccessorImpl.invoke(NativeMethodAccessorImpl.java:62)
    at sun.reflect.DelegatingMethodAccessorImpl.invoke(DelegatingMethodAccessorImpl.java:43)
17:24:11.328 [pool-40-thread-1] INFO  xxl.java.junit.TestCasesListener - Tests run finished (4 ms)
<> Total tests run: 6
<> Ignored tests: 0
<> Failed tests: 1
~ test2(introclassJava.digits_cd2d9b5b_003BlackboxTest)
[expected:<Enteraninteger>[67]8-9That'sall,haveani...> but was:<Enteraninteger>[-6-7-]8-9That'sall,haveani...>]
org.junit.ComparisonFailure: expected:<Enteraninteger>[67]8-9That'sall,haveani...> but was:<Enteraninteger>[-6-7-]8-9That'sall,haveani...>    at org.junit.Assert.assertEquals(Assert.java:115)
    at org.junit.Assert.assertEquals(Assert.java:144)
    at introclassJava.digits_cd2d9b5b_003BlackboxTest.test2(digits_cd2d9b5b_003BlackboxTest.java:23)
    at sun.reflect.NativeMethodAccessorImpl.invoke0(Native Method)
    at sun.reflect.NativeMethodAccessorImpl.invoke(NativeMethodAccessorImpl.java:62)
    at sun.reflect.DelegatingMethodAccessorImpl.invoke(DelegatingMethodAccessorImpl.java:43)

17:24:12.416 [pool-2-thread-1] DEBUG fr.inria.lille.repair.nopol.NoPol - statement #9
17:24:12.416 [pool-2-thread-1] DEBUG fr.inria.lille.repair.nopol.NoPol - Analysing SourceLocation introclassJava.digits_cd2d9b5b_003:66 which is executed by 15 tests
631311511
17:24:12.460 [pool-2-thread-1] DEBUG fr.inria.lille.repair.nopol.NoPol - looking with class fr.inria.lille.repair.nopol.spoon.smt.ConditionalAdder
org.junit.ComparisonFailure: expected:<Enteraninteger>[67]8-9That'sall,haveani...> but was:<Enteraninteger>[-6-7-]8-9That'sall,haveani...>
    at org.junit.Assert.assertEquals(Assert.java:115)
    at org.junit.Assert.assertEquals(Assert.java:144)
    at introclassJava.digits_cd2d9b5b_003BlackboxTest.test2(digits_cd2d9b5b_003BlackboxTest.java:23)
    at sun.reflect.NativeMethodAccessorImpl.invoke0(Native Method)
    at sun.reflect.NativeMethodAccessorImpl.invoke(NativeMethodAccessorImpl.java:62)
    at sun.reflect.DelegatingMethodAccessorImpl.invoke(DelegatingMethodAccessorImpl.java:43)
17:24:12.466 [pool-44-thread-1] INFO  xxl.java.junit.TestCasesListener - Tests run finished (4 ms)
<> Total tests run: 6
<> Ignored tests: 0
<> Failed tests: 1
~ test2(introclassJava.digits_cd2d9b5b_003BlackboxTest)
[expected:<Enteraninteger>[67]8-9That'sall,haveani...> but was:<Enteraninteger>[-6-7-]8-9That'sall,haveani...>]
org.junit.ComparisonFailure: expected:<Enteraninteger>[67]8-9That'sall,haveani...> but was:<Enteraninteger>[-6-7-]8-9That'sall,haveani...>    at org.junit.Assert.assertEquals(Assert.java:115)
    at org.junit.Assert.assertEquals(Assert.java:144)
    at introclassJava.digits_cd2d9b5b_003BlackboxTest.test2(digits_cd2d9b5b_003BlackboxTest.java:23)
    at sun.reflect.NativeMethodAccessorImpl.invoke0(Native Method)
    at sun.reflect.NativeMethodAccessorImpl.invoke(NativeMethodAccessorImpl.java:62)
    at sun.reflect.DelegatingMethodAccessorImpl.invoke(DelegatingMethodAccessorImpl.java:43)

17:24:12.542 [pool-2-thread-1] DEBUG fr.inria.lille.repair.nopol.NoPol - statement #10
17:24:12.542 [pool-2-thread-1] DEBUG fr.inria.lille.repair.nopol.NoPol - Analysing SourceLocation introclassJava.digits_cd2d9b5b_003:65 which is executed by 15 tests
631311511
17:24:12.591 [pool-2-thread-1] DEBUG fr.inria.lille.repair.nopol.NoPol - looking with class fr.inria.lille.repair.nopol.spoon.smt.ConditionalAdder
org.junit.ComparisonFailure: expected:<Enteraninteger>[67]8-9That'sall,haveani...> but was:<Enteraninteger>[-6-7-]8-9That'sall,haveani...>
    at org.junit.Assert.assertEquals(Assert.java:115)
    at org.junit.Assert.assertEquals(Assert.java:144)
    at introclassJava.digits_cd2d9b5b_003BlackboxTest.test2(digits_cd2d9b5b_003BlackboxTest.java:23)
    at sun.reflect.NativeMethodAccessorImpl.invoke0(Native Method)
    at sun.reflect.NativeMethodAccessorImpl.invoke(NativeMethodAccessorImpl.java:62)
    at sun.reflect.DelegatingMethodAccessorImpl.invoke(DelegatingMethodAccessorImpl.java:43)
17:24:12.598 [pool-48-thread-1] INFO  xxl.java.junit.TestCasesListener - Tests run finished (5 ms)
<> Total tests run: 6
<> Ignored tests: 0
<> Failed tests: 1
~ test2(introclassJava.digits_cd2d9b5b_003BlackboxTest)
[expected:<Enteraninteger>[67]8-9That'sall,haveani...> but was:<Enteraninteger>[-6-7-]8-9That'sall,haveani...>]
org.junit.ComparisonFailure: expected:<Enteraninteger>[67]8-9That'sall,haveani...> but was:<Enteraninteger>[-6-7-]8-9That'sall,haveani...>    at org.junit.Assert.assertEquals(Assert.java:115)
    at org.junit.Assert.assertEquals(Assert.java:144)
    at introclassJava.digits_cd2d9b5b_003BlackboxTest.test2(digits_cd2d9b5b_003BlackboxTest.java:23)
    at sun.reflect.NativeMethodAccessorImpl.invoke0(Native Method)
    at sun.reflect.NativeMethodAccessorImpl.invoke(NativeMethodAccessorImpl.java:62)
    at sun.reflect.DelegatingMethodAccessorImpl.invoke(DelegatingMethodAccessorImpl.java:43)

17:24:12.664 [pool-2-thread-1] INFO  fr.inria.lille.repair.nopol.NoPol - ----INFORMATION----
17:24:12.670 [pool-2-thread-1] INFO  fr.inria.lille.repair.nopol.NoPol - Nb classes : 6
17:24:12.670 [pool-2-thread-1] INFO  fr.inria.lille.repair.nopol.NoPol - Nb methods : 2
17:24:12.670 [pool-2-thread-1] INFO  fr.inria.lille.repair.nopol.NoPol - Nb Statements Analyzed : 9
17:24:12.670 [pool-2-thread-1] INFO  fr.inria.lille.repair.nopol.NoPol - Nb Statements with Angelic Value Found : 0
17:24:12.670 [pool-2-thread-1] INFO  fr.inria.lille.repair.nopol.NoPol - NoPol Execution time : 6034ms
17:24:12.670 [pool-2-thread-1] INFO  fr.inria.lille.repair.nopol.NoPol - 
NO_ANGELIC_VALUE
Command exited with non-zero status 255
15.43user 1.30system 0:07.10elapsed 235%CPU (0avgtext+0avgdata 1255756maxresident)k
45776inputs+5184outputs (3major+358439minor)pagefaults 0swaps


Node: uvb-41.sophia.grid5000.fr



Date: Wed Dec  5 17:24:13 EST 2018

