cd /tmp/NPEFix_IntroClassJava_grade_f5b56c79c624eac7c37c45c1540916bb9b5f5db93e2a426a282a5d0eacde86b4b1e5d1d119eeb06f0ead94d2e4f228dca8dde4ef511af4bc59a18d272d820a0e_010;
export JAVA_TOOL_OPTIONS="-Dfile.encoding=UTF8 -Duser.language=en-US -Duser.country=US -Duser.language=en";
TZ="America/New_York"; export TZ;
export PATH="/usr/lib/jvm/java-1.8.0-openjdk-amd64/bin/:$PATH";
export JAVA_HOME="/usr/lib/jvm/java-1.8.0-openjdk-amd64/bin/";
time java -Xmx4g -Xms1g -cp /home/tdurieux/defects4j4repair/script/../repair_tools/npefix.jar fr.inria.spirals.npefix.main.run.Main \
    --test introclassJava.grade_f5b56c79_010BlackboxTest:introclassJava.grade_f5b56c79_010WhiteboxTest \
    --iteration 100 \
	--complianceLevel 7 \
	--workingdirectory . \
	--source src/main/java \
	--classpath target/classes:target/test-classes:/home/tdurieux/.m2/repository/junit/junit/4.11/junit-4.11.jar:/home/tdurieux/.m2/repository/org/hamcrest/hamcrest-core/1.3/hamcrest-core-1.3.jar;
	echo "\n\nNode: `hostname`\n";
	echo "\n\nDate: `date`\n";
Picked up JAVA_TOOL_OPTIONS: -Dfile.encoding=UTF8 -Duser.language=en-US -Duser.country=US -Duser.language=en
TernarySplitter  in 3ms
CheckNotNull  in 1ms
ForceNullInit in 31ms
AddImplicitCastChecker --> 0 in 5ms
BeforeDeref --> 31 (failed:0) in 21ms
target--> 31 (failed:0) in 62ms
TryRegister # Try: 0 in 2ms
Assign --> 20 (failed: 0) in 52ms
VarInit --> 6 in 4ms
MethodEncapsulation # Method: 2 in 49ms
ConstructorEncapsulation # Constructor: 10 in 11ms
VariableFor in 2ms
RMI Selector (Host: 127.0.0.1, Port: 10000): KO
introclassJava.grade_f5b56c79_010WhiteboxTest#test2
<No Strat> Status: Ko
introclassJava.grade_f5b56c79_010WhiteboxTest#test3
<No Strat> Status: Ok
introclassJava.grade_f5b56c79_010WhiteboxTest#test4
<No Strat> Status: Ok
introclassJava.grade_f5b56c79_010WhiteboxTest#test5
<No Strat> Status: Ok
introclassJava.grade_f5b56c79_010WhiteboxTest#test6
<No Strat> Status: Ok
introclassJava.grade_f5b56c79_010WhiteboxTest#test7
<No Strat> Status: Ok
introclassJava.grade_f5b56c79_010WhiteboxTest#test8
<No Strat> Status: Ok
introclassJava.grade_f5b56c79_010WhiteboxTest#test9
<No Strat> Status: Ok
introclassJava.grade_f5b56c79_010WhiteboxTest#test1
<No Strat> Status: Ko
introclassJava.grade_f5b56c79_010BlackboxTest#test2
<No Strat> Status: Ko
introclassJava.grade_f5b56c79_010BlackboxTest#test3
<No Strat> Status: Ok
introclassJava.grade_f5b56c79_010BlackboxTest#test4
<No Strat> Status: Ok
introclassJava.grade_f5b56c79_010BlackboxTest#test5
<No Strat> Status: Ok
introclassJava.grade_f5b56c79_010BlackboxTest#test6
<No Strat> Status: Ok
introclassJava.grade_f5b56c79_010BlackboxTest#test7
<No Strat> Status: Ok
introclassJava.grade_f5b56c79_010BlackboxTest#test8
<No Strat> Status: Ok
introclassJava.grade_f5b56c79_010BlackboxTest#test9
<No Strat> Status: Ok
introclassJava.grade_f5b56c79_010BlackboxTest#test1
<No Strat> Status: Ko
Multirun 18/100 18%
introclassJava.grade_f5b56c79_010WhiteboxTest#test2
<No Strat> Status: Ko
introclassJava.grade_f5b56c79_010WhiteboxTest#test1
<No Strat> Status: Ko
introclassJava.grade_f5b56c79_010BlackboxTest#test2
<No Strat> Status: Ko
introclassJava.grade_f5b56c79_010BlackboxTest#test1
<No Strat> Status: Ko
introclassJava.grade_f5b56c79_010WhiteboxTest#test2
<No Strat> Status: Ko
introclassJava.grade_f5b56c79_010WhiteboxTest#test1
<No Strat> Status: Ko
introclassJava.grade_f5b56c79_010BlackboxTest#test2
<No Strat> Status: Ko
introclassJava.grade_f5b56c79_010BlackboxTest#test1
<No Strat> Status: Ko
introclassJava.grade_f5b56c79_010WhiteboxTest#test2
<No Strat> Status: Ko
introclassJava.grade_f5b56c79_010WhiteboxTest#test1
<No Strat> Status: Ko
introclassJava.grade_f5b56c79_010BlackboxTest#test2
<No Strat> Status: Ko
introclassJava.grade_f5b56c79_010BlackboxTest#test1
<No Strat> Status: Ko
introclassJava.grade_f5b56c79_010WhiteboxTest#test2
<No Strat> Status: Ko
introclassJava.grade_f5b56c79_010WhiteboxTest#test1
<No Strat> Status: Ko
introclassJava.grade_f5b56c79_010BlackboxTest#test2
<No Strat> Status: Ko
introclassJava.grade_f5b56c79_010BlackboxTest#test1
<No Strat> Status: Ko
introclassJava.grade_f5b56c79_010WhiteboxTest#test2
<No Strat> Status: Ko
introclassJava.grade_f5b56c79_010WhiteboxTest#test1
<No Strat> Status: Ko
introclassJava.grade_f5b56c79_010BlackboxTest#test2
<No Strat> Status: Ko
introclassJava.grade_f5b56c79_010BlackboxTest#test1
<No Strat> Status: Ko
introclassJava.grade_f5b56c79_010WhiteboxTest#test2
<No Strat> Status: Ko
introclassJava.grade_f5b56c79_010WhiteboxTest#test1
<No Strat> Status: Ko
introclassJava.grade_f5b56c79_010BlackboxTest#test2
<No Strat> Status: Ko
introclassJava.grade_f5b56c79_010BlackboxTest#test1
<No Strat> Status: Ko
4.77user 0.18system 0:02.70elapsed 183%CPU (0avgtext+0avgdata 211180maxresident)k
20872inputs+216outputs (1major+52870minor)pagefaults 0swaps


Node: graphene-30.nancy.grid5000.fr



Date: Thu Dec  6 04:06:01 EST 2018

