cd /tmp/NPEFix_QuixBugs_LEVENSHTEIN_;
export JAVA_TOOL_OPTIONS="-Dfile.encoding=UTF8 -Duser.language=en-US -Duser.country=US -Duser.language=en";
TZ="America/New_York"; export TZ;
export PATH="/usr/lib/jvm/java-1.8.0-openjdk-amd64/bin/:$PATH";
export JAVA_HOME="/usr/lib/jvm/java-1.8.0-openjdk-amd64/bin/";
time java -Xmx4g -Xms1g -cp /home/tdurieux/defects4j4repair/script/../repair_tools/npefix.jar fr.inria.spirals.npefix.main.run.Main \
    --test java_testcases.junit.LEVENSHTEIN_Test \
    --iteration 100 \
	--complianceLevel 8 \
	--workingdirectory . \
	--source src/main/java \
	--classpath target/classes:target/test-classes:/home/tdurieux/.m2/repository/junit/junit/4.11/junit-4.11.jar:/home/tdurieux/.m2/repository/org/hamcrest/hamcrest-core/1.3/hamcrest-core-1.3.jar;
	echo "\n\nNode: `hostname`\n";
	echo "\n\nDate: `date`\n";
Picked up JAVA_TOOL_OPTIONS: -Dfile.encoding=UTF8 -Duser.language=en-US -Duser.country=US -Duser.language=en
TernarySplitter  in 12ms
CheckNotNull  in 7ms
ForceNullInit in 2ms
AddImplicitCastChecker --> 0 in 4ms
BeforeDeref --> 14 (failed:0) in 32ms
target--> 14 (failed:0) in 28ms
TryRegister # Try: 0 in 2ms
Assign --> 25 (failed: 0) in 39ms
VarInit --> 0 in 2ms
MethodEncapsulation # Method: 9 in 66ms
ConstructorEncapsulation # Constructor: 7 in 34ms
VariableFor in 3ms
RMI Selector (Host: 127.0.0.1, Port: 10000): KO
java_testcases.junit.LEVENSHTEIN_Test#test_0
<No Strat> Status: Ko
java_testcases.junit.LEVENSHTEIN_Test#test_1
<No Strat> Status: Ko
java_testcases.junit.LEVENSHTEIN_Test#test_2
<No Strat> Status: Ko
java_testcases.junit.LEVENSHTEIN_Test#test_4
<No Strat> Status: Ko
java_testcases.junit.LEVENSHTEIN_Test#test_5
<No Strat> Status: Ok
java_testcases.junit.LEVENSHTEIN_Test#test_6
<No Strat> Status: Ko
Multirun 6/100 6%
java_testcases.junit.LEVENSHTEIN_Test#test_0
<No Strat> Status: Ko
java_testcases.junit.LEVENSHTEIN_Test#test_1
<No Strat> Status: Ko
java_testcases.junit.LEVENSHTEIN_Test#test_2
<No Strat> Status: Ko
java_testcases.junit.LEVENSHTEIN_Test#test_4
<No Strat> Status: Ko
java_testcases.junit.LEVENSHTEIN_Test#test_6
<No Strat> Status: Ko
java_testcases.junit.LEVENSHTEIN_Test#test_0
<No Strat> Status: Ko
java_testcases.junit.LEVENSHTEIN_Test#test_1
<No Strat> Status: Ko
java_testcases.junit.LEVENSHTEIN_Test#test_2
<No Strat> Status: Ko
java_testcases.junit.LEVENSHTEIN_Test#test_4
<No Strat> Status: Ko
java_testcases.junit.LEVENSHTEIN_Test#test_6
<No Strat> Status: Ko
java_testcases.junit.LEVENSHTEIN_Test#test_0
<No Strat> Status: Ko
java_testcases.junit.LEVENSHTEIN_Test#test_1
<No Strat> Status: Ko
java_testcases.junit.LEVENSHTEIN_Test#test_2
<No Strat> Status: Ko
java_testcases.junit.LEVENSHTEIN_Test#test_4
<No Strat> Status: Ko
java_testcases.junit.LEVENSHTEIN_Test#test_6
<No Strat> Status: Ko
java_testcases.junit.LEVENSHTEIN_Test#test_0
<No Strat> Status: Ko
java_testcases.junit.LEVENSHTEIN_Test#test_1
<No Strat> Status: Ko
java_testcases.junit.LEVENSHTEIN_Test#test_2
<No Strat> Status: Ko
java_testcases.junit.LEVENSHTEIN_Test#test_4
<No Strat> Status: Ko
java_testcases.junit.LEVENSHTEIN_Test#test_6
<No Strat> Status: Ko
java_testcases.junit.LEVENSHTEIN_Test#test_0
<No Strat> Status: Ko
java_testcases.junit.LEVENSHTEIN_Test#test_1
<No Strat> Status: Ko
java_testcases.junit.LEVENSHTEIN_Test#test_2
<No Strat> Status: Ko
java_testcases.junit.LEVENSHTEIN_Test#test_4
<No Strat> Status: Ko
java_testcases.junit.LEVENSHTEIN_Test#test_6
<No Strat> Status: Ko
java_testcases.junit.LEVENSHTEIN_Test#test_0
<No Strat> Status: Ko
java_testcases.junit.LEVENSHTEIN_Test#test_1
<No Strat> Status: Ko
java_testcases.junit.LEVENSHTEIN_Test#test_2
<No Strat> Status: Ko
java_testcases.junit.LEVENSHTEIN_Test#test_4
<No Strat> Status: Ko
java_testcases.junit.LEVENSHTEIN_Test#test_6
<No Strat> Status: Ko
439.06user 0.61system 1:19.87elapsed 550%CPU (0avgtext+0avgdata 466760maxresident)k
20648inputs+536outputs (1major+121461minor)pagefaults 0swaps


Node: griffon-15.nancy.grid5000.fr



Date: Sun Dec  2 05:25:41 EST 2018

