cd /tmp/Arja_Bears_FasterXML-jackson-databind_214497429-214500046;
export JAVA_TOOL_OPTIONS=-Dfile.encoding=UTF8;
TZ="America/New_York"; export TZ;
export PATH="/usr/lib/jvm/java-1.8.0-openjdk-amd64/bin/:$PATH";
export JAVA_HOME="/usr/lib/jvm/java-1.8.0-openjdk-amd64/bin/";
time java -Xmx4048m -cp /home/tdurieux/defects4j4repair/script/../libs/jmetal.jar:/home/tdurieux/defects4j4repair/script/../repair_tools/arja.jar us.msu.cse.repair.Main \
	Arja \
	-DexternalProjRoot /home/tdurieux/defects4j4repair/script/../libs/arja_external \
	-DsrcJavaDir /tmp/Arja_Bears_FasterXML-jackson-databind_214497429-214500046/src/main:/tmp/Arja_Bears_FasterXML-jackson-databind_214497429-214500046/target/generated-sources \
	-DbinJavaDir /tmp/Arja_Bears_FasterXML-jackson-databind_214497429-214500046/target/classes \
	-DbinTestDir /tmp/Arja_Bears_FasterXML-jackson-databind_214497429-214500046/target/test-classes \
	-Ddependences /home/tdurieux/.m2/repository/com/fasterxml/jackson/core/jackson-annotations/2.8.0/jackson-annotations-2.8.0.jar:/home/tdurieux/.m2/repository/com/fasterxml/jackson/core/jackson-core/2.8.8-SNAPSHOT/jackson-core-2.8.8-SNAPSHOT.jar:/home/tdurieux/.m2/repository/junit/junit/4.12/junit-4.12.jar:/home/tdurieux/.m2/repository/org/hamcrest/hamcrest-core/1.3/hamcrest-core-1.3.jar:/home/tdurieux/.m2/repository/org/powermock/powermock-module-junit4/1.6.5/powermock-module-junit4-1.6.5.jar:/home/tdurieux/.m2/repository/org/powermock/powermock-module-junit4-common/1.6.5/powermock-module-junit4-common-1.6.5.jar:/home/tdurieux/.m2/repository/org/powermock/powermock-core/1.6.5/powermock-core-1.6.5.jar:/home/tdurieux/.m2/repository/org/javassist/javassist/3.20.0-GA/javassist-3.20.0-GA.jar:/home/tdurieux/.m2/repository/org/powermock/powermock-reflect/1.6.5/powermock-reflect-1.6.5.jar:/home/tdurieux/.m2/repository/org/powermock/powermock-api-mockito/1.6.5/powermock-api-mockito-1.6.5.jar:/home/tdurieux/.m2/repository/org/mockito/mockito-core/1.10.19/mockito-core-1.10.19.jar:/home/tdurieux/.m2/repository/org/objenesis/objenesis/2.1/objenesis-2.1.jar:/home/tdurieux/.m2/repository/org/powermock/powermock-api-mockito-common/1.6.5/powermock-api-mockito-common-1.6.5.jar:/home/tdurieux/.m2/repository/org/powermock/powermock-api-support/1.6.5/powermock-api-support-1.6.5.jar:/home/tdurieux/.m2/repository/javax/measure/jsr-275/0.9.1/jsr-275-0.9.1.jar:/home/tdurieux/.m2/repository/com/google/jimfs/jimfs/1.1/jimfs-1.1.jar:/home/tdurieux/.m2/repository/com/google/guava/guava/18.0/guava-18.0.jar;
	echo "\n\nNode: `hostname`\n";
	echo "\n\nDate: `date`\n";
Picked up JAVA_TOOL_OPTIONS: -Dfile.encoding=UTF8
[dependences, binJavaDir, binTestDir, srcJavaDir, externalProjRoot]
[dependences, binJavaDir, binTestDir, srcJavaDir, externalProjRoot]
Fault localization starts...
Number of positive tests: 1709
Number of negative tests: 30
Fault localization is finished!
AST parsing starts...
Exception in thread "main" java.lang.IllegalArgumentException: Parameter 'directory' is not a directory
	at org.apache.commons.io.FileUtils.validateListFilesParameters(FileUtils.java:545)
	at org.apache.commons.io.FileUtils.listFiles(FileUtils.java:521)
	at us.msu.cse.repair.core.AbstractRepairProblem.invokeASTRequestor(AbstractRepairProblem.java:347)
	at us.msu.cse.repair.core.AbstractRepairProblem.invokeModules(AbstractRepairProblem.java:265)
	at us.msu.cse.repair.core.AbstractRepairProblem.<init>(AbstractRepairProblem.java:238)
	at us.msu.cse.repair.ec.problems.ArjaProblem.<init>(ArjaProblem.java:43)
	at us.msu.cse.repair.ArjaMain.main(ArjaMain.java:40)
	at us.msu.cse.repair.Main.main(Main.java:8)
Command exited with non-zero status 1
93.06user 5.37system 0:30.16elapsed 326%CPU (0avgtext+0avgdata 1308260maxresident)k
29928inputs+5528outputs (10major+652544minor)pagefaults 0swaps


Node: granduc-20.luxembourg.grid5000.fr



Date: Tue Nov 27 19:58:22 EST 2018

