cd /tmp/NPEFix_IntroClassJava_digits_65e02c1a7db366f566151b090498b01baa8231549ff586b6c37cba7c8951f271f45aca0808dbfe94f7f522878f43ff552458aec08affbb85a4524c37cafa3918_004;
export JAVA_TOOL_OPTIONS="-Dfile.encoding=UTF8 -Duser.language=en-US -Duser.country=US -Duser.language=en";
TZ="America/New_York"; export TZ;
export PATH="/usr/lib/jvm/java-1.8.0-openjdk-amd64/bin/:$PATH";
export JAVA_HOME="/usr/lib/jvm/java-1.8.0-openjdk-amd64/bin/";
time java -Xmx4g -Xms1g -cp /home/tdurieux/defects4j4repair/script/../repair_tools/npefix.jar fr.inria.spirals.npefix.main.run.Main \
    --test introclassJava.digits_65e02c1a_004BlackboxTest:introclassJava.digits_65e02c1a_004WhiteboxTest \
    --iteration 100 \
	--complianceLevel 7 \
	--workingdirectory . \
	--source src/main/java \
	--classpath target/classes:target/test-classes:/home/tdurieux/.m2/repository/junit/junit/4.11/junit-4.11.jar:/home/tdurieux/.m2/repository/org/hamcrest/hamcrest-core/1.3/hamcrest-core-1.3.jar;
	echo "\n\nNode: `hostname`\n";
	echo "\n\nDate: `date`\n";
Picked up JAVA_TOOL_OPTIONS: -Dfile.encoding=UTF8 -Duser.language=en-US -Duser.country=US -Duser.language=en
TernarySplitter  in 10ms
CheckNotNull  in 67ms
ForceNullInit in 24ms
AddImplicitCastChecker --> 0 in 7ms
BeforeDeref --> 300 (failed:0) in 97ms
target--> 300 (failed:0) in 357ms
TryRegister # Try: 0 in 9ms
Assign --> 52 (failed: 0) in 201ms
VarInit --> 13 in 12ms
MethodEncapsulation # Method: 2 in 94ms
ConstructorEncapsulation # Constructor: 10 in 17ms
VariableFor in 10ms
RMI Selector (Host: 127.0.0.1, Port: 10000): KO
introclassJava.digits_65e02c1a_004WhiteboxTest#test10
<No Strat> Status: Ko
introclassJava.digits_65e02c1a_004WhiteboxTest#test2
<No Strat> Status: Ok
introclassJava.digits_65e02c1a_004WhiteboxTest#test3
<No Strat> Status: Ok
introclassJava.digits_65e02c1a_004WhiteboxTest#test4
<No Strat> Status: Ok
introclassJava.digits_65e02c1a_004WhiteboxTest#test5
<No Strat> Status: Ok
introclassJava.digits_65e02c1a_004WhiteboxTest#test6
<No Strat> Status: Ok
introclassJava.digits_65e02c1a_004WhiteboxTest#test1
<No Strat> Status: Ok
introclassJava.digits_65e02c1a_004WhiteboxTest#test8
<No Strat> Status: Ok
introclassJava.digits_65e02c1a_004WhiteboxTest#test9
<No Strat> Status: Ok
introclassJava.digits_65e02c1a_004WhiteboxTest#test7
<No Strat> Status: Ok
introclassJava.digits_65e02c1a_004BlackboxTest#test2
<No Strat> Status: Ko
introclassJava.digits_65e02c1a_004BlackboxTest#test3
<No Strat> Status: Ok
introclassJava.digits_65e02c1a_004BlackboxTest#test4
<No Strat> Status: Ok
introclassJava.digits_65e02c1a_004BlackboxTest#test5
<No Strat> Status: Ok
introclassJava.digits_65e02c1a_004BlackboxTest#test6
<No Strat> Status: Ok
introclassJava.digits_65e02c1a_004BlackboxTest#test1
<No Strat> Status: Ok
Multirun 16/100 16%
introclassJava.digits_65e02c1a_004WhiteboxTest#test10
<No Strat> Status: Ko
introclassJava.digits_65e02c1a_004BlackboxTest#test2
<No Strat> Status: Ko
introclassJava.digits_65e02c1a_004WhiteboxTest#test10
<No Strat> Status: Ko
introclassJava.digits_65e02c1a_004BlackboxTest#test2
<No Strat> Status: Ko
introclassJava.digits_65e02c1a_004WhiteboxTest#test10
<No Strat> Status: Ko
introclassJava.digits_65e02c1a_004BlackboxTest#test2
<No Strat> Status: Ko
introclassJava.digits_65e02c1a_004WhiteboxTest#test10
<No Strat> Status: Ko
introclassJava.digits_65e02c1a_004BlackboxTest#test2
<No Strat> Status: Ko
introclassJava.digits_65e02c1a_004WhiteboxTest#test10
<No Strat> Status: Ko
introclassJava.digits_65e02c1a_004BlackboxTest#test2
<No Strat> Status: Ko
introclassJava.digits_65e02c1a_004WhiteboxTest#test10
<No Strat> Status: Ko
introclassJava.digits_65e02c1a_004BlackboxTest#test2
<No Strat> Status: Ko
8.49user 0.29system 0:03.94elapsed 222%CPU (0avgtext+0avgdata 365236maxresident)k
21120inputs+624outputs (1major+96196minor)pagefaults 0swaps


Node: graphene-106.nancy.grid5000.fr



Date: Thu Dec  6 03:53:57 EST 2018

