cd /tmp/Nopol_IntroClassJava_median_3b2376ab97bb5d1a5dbbf2b45cf062db320757549c761936d19df05e856de894e45695014cd8063cdc22148b13fa1803b3c9e77356931d66f4fbec0efacf7829_003;
export JAVA_TOOL_OPTIONS="-Dfile.encoding=UTF8 -Duser.language=en-US -Duser.country=US -Duser.language=en";
TZ="America/New_York"; export TZ;
export PATH="/usr/lib/jvm/java-1.8.0-openjdk-amd64/bin/:$PATH";
export JAVA_HOME="/usr/lib/jvm/java-1.8.0-openjdk-amd64/bin/";
time java -Xmx4048m -cp /home/tdurieux/RepairThemAll/script/../repair_tools/nopol.jar:/usr/lib/jvm/java-1.8.0-openjdk-amd64/bin//../lib/tools.jar fr.inria.lille.repair.Main \
	--mode repair \
	--type pre_then_cond \
	--oracle angelic \
	--synthesis smt \
	--flocal gzoltar \
	--json \
	--solver z3 \
	--solver-path /home/tdurieux/RepairThemAll/script/../libs/z3/build/z3 \
	--complianceLevel 7 \
	--source src/main/java \
	--classpath "target/classes:target/test-classes:/home/tdurieux/.m2/repository/junit/junit/4.11/junit-4.11.jar:/home/tdurieux/.m2/repository/org/hamcrest/hamcrest-core/1.3/hamcrest-core-1.3.jar:/home/tdurieux/RepairThemAll/script/../repair_tools/nopol.jar";
	echo "\n\nNode: `hostname`\n";
	echo "\n\nDate: `date`\n";
Picked up JAVA_TOOL_OPTIONS: -Dfile.encoding=UTF8 -Duser.language=en-US -Duser.country=US -Duser.language=en
15:52:39.750 [main] INFO  fr.inria.lille.repair.nopol.NoPol - Source files: [src/main/java]
15:52:39.790 [main] INFO  fr.inria.lille.repair.nopol.NoPol - Classpath: [file:/tmp/Nopol_IntroClassJava_median_3b2376ab97bb5d1a5dbbf2b45cf062db320757549c761936d19df05e856de894e45695014cd8063cdc22148b13fa1803b3c9e77356931d66f4fbec0efacf7829_003/target/classes/, file:/tmp/Nopol_IntroClassJava_median_3b2376ab97bb5d1a5dbbf2b45cf062db320757549c761936d19df05e856de894e45695014cd8063cdc22148b13fa1803b3c9e77356931d66f4fbec0efacf7829_003/target/test-classes/, file:/home/tdurieux/.m2/repository/junit/junit/4.11/junit-4.11.jar, file:/home/tdurieux/.m2/repository/org/hamcrest/hamcrest-core/1.3/hamcrest-core-1.3.jar, file:/home/tdurieux/RepairThemAll/script/../repair_tools/nopol.jar]
15:52:39.790 [main] INFO  fr.inria.lille.repair.nopol.NoPol - Statement type: PRE_THEN_COND
15:52:39.790 [main] INFO  fr.inria.lille.repair.nopol.NoPol - Args: [introclassJava.median_3b2376ab_003BlackboxTest, introclassJava.median_3b2376ab_003WhiteboxTest]
15:52:39.792 [main] INFO  fr.inria.lille.repair.nopol.NoPol - Config: Config{synthesisDepth=3, collectStaticMethods=true, collectStaticFields=false, collectLiterals=false, onlyOneSynthesisResult=true, sortExpressions=true, maxLineInvocationPerTest=250, timeoutMethodInvocation=2000, dataCollectionTimeoutInSecondForSynthesis=900, addWeight=0.19478, subWeight=0.04554, mulWeight=0.0102, divWeight=0.00613, andWeight=0.10597, orWeight=0.05708, eqWeight=0.22798, nEqWeight=0.0, lessEqWeight=0.0255, lessWeight=0.0947, methodCallWeight=0.1, fieldAccessWeight=0.08099, constantWeight=0.14232, variableWeight=0.05195, mode=REPAIR, type=PRE_THEN_COND, synthesis=SMT, oracle=ANGELIC, solver=Z3, solverPath='/home/tdurieux/RepairThemAll/script/../libs/z3/build/z3', projectSources=[src/main/java], projectClasspath='[Ljava.net.URL;@66d33a', projectTests=[introclassJava.median_3b2376ab_003BlackboxTest, introclassJava.median_3b2376ab_003WhiteboxTest], complianceLevel=7, outputFolder=., json=true}
15:52:39.792 [main] INFO  fr.inria.lille.repair.nopol.NoPol - Available processors (cores): 24
15:52:39.798 [main] INFO  fr.inria.lille.repair.nopol.NoPol - Free memory: 1 GB
15:52:39.798 [main] INFO  fr.inria.lille.repair.nopol.NoPol - Maximum memory: 3 GB
15:52:39.798 [main] INFO  fr.inria.lille.repair.nopol.NoPol - Total memory available to JVM: 1 GB
15:52:39.798 [main] INFO  fr.inria.lille.repair.nopol.NoPol - Java version: 1.8.0_181
15:52:39.799 [main] INFO  fr.inria.lille.repair.nopol.NoPol - JAVA_HOME: /usr/lib/jvm/java-1.8.0-openjdk-amd64/bin/
15:52:39.800 [main] INFO  fr.inria.lille.repair.nopol.NoPol - PATH: /usr/lib/jvm/java-1.8.0-openjdk-amd64/bin/:/usr/lib/oar/oardodo:/usr/lib/oar/oardodo:/usr/local/bin:/usr/bin:/bin:/usr/games
15:52:42.549 [pool-2-thread-1] DEBUG fr.inria.lille.repair.nopol.NoPol - statement #1
15:52:42.549 [pool-2-thread-1] DEBUG fr.inria.lille.repair.nopol.NoPol - Analysing SourceLocation introclassJava.median_3b2376ab_003:80 which is executed by 6 tests
-1354067238
15:52:42.870 [pool-2-thread-1] DEBUG fr.inria.lille.repair.nopol.NoPol - looking with class fr.inria.lille.repair.nopol.spoon.smt.ConditionalAdder
org.junit.ComparisonFailure: expected:<...rsseparatedbyspaces>[6]isthemedian> but was:<...rsseparatedbyspaces>[8]isthemedian>
    at org.junit.Assert.assertEquals(Assert.java:115)
    at org.junit.Assert.assertEquals(Assert.java:144)
    at introclassJava.median_3b2376ab_003BlackboxTest.test3(median_3b2376ab_003BlackboxTest.java:32)
    at sun.reflect.NativeMethodAccessorImpl.invoke0(Native Method)
    at sun.reflect.NativeMethodAccessorImpl.invoke(NativeMethodAccessorImpl.java:62)
    at sun.reflect.DelegatingMethodAccessorImpl.invoke(DelegatingMethodAccessorImpl.java:43)
org.junit.ComparisonFailure: expected:<...rsseparatedbyspaces>[6]isthemedian> but was:<...rsseparatedbyspaces>[8]isthemedian>
    at org.junit.Assert.assertEquals(Assert.java:115)
    at org.junit.Assert.assertEquals(Assert.java:144)
    at introclassJava.median_3b2376ab_003BlackboxTest.test5(median_3b2376ab_003BlackboxTest.java:50)
    at sun.reflect.NativeMethodAccessorImpl.invoke0(Native Method)
    at sun.reflect.NativeMethodAccessorImpl.invoke(NativeMethodAccessorImpl.java:62)
    at sun.reflect.DelegatingMethodAccessorImpl.invoke(DelegatingMethodAccessorImpl.java:43)
org.junit.ComparisonFailure: expected:<...rsseparatedbyspaces>[6]isthemedian> but was:<...rsseparatedbyspaces>[8]isthemedian>
    at org.junit.Assert.assertEquals(Assert.java:115)
    at org.junit.Assert.assertEquals(Assert.java:144)
    at introclassJava.median_3b2376ab_003BlackboxTest.test3(median_3b2376ab_003BlackboxTest.java:32)
    at sun.reflect.NativeMethodAccessorImpl.invoke0(Native Method)
    at sun.reflect.NativeMethodAccessorImpl.invoke(NativeMethodAccessorImpl.java:62)
    at sun.reflect.DelegatingMethodAccessorImpl.invoke(DelegatingMethodAccessorImpl.java:43)
org.junit.ComparisonFailure: expected:<...rsseparatedbyspaces>[6]isthemedian> but was:<...rsseparatedbyspaces>[8]isthemedian>
    at org.junit.Assert.assertEquals(Assert.java:115)
    at org.junit.Assert.assertEquals(Assert.java:144)
    at introclassJava.median_3b2376ab_003BlackboxTest.test5(median_3b2376ab_003BlackboxTest.java:50)
    at sun.reflect.NativeMethodAccessorImpl.invoke0(Native Method)
    at sun.reflect.NativeMethodAccessorImpl.invoke(NativeMethodAccessorImpl.java:62)
    at sun.reflect.DelegatingMethodAccessorImpl.invoke(DelegatingMethodAccessorImpl.java:43)
org.junit.ComparisonFailure: expected:<...rsseparatedbyspaces>[1]isthemedian> but was:<...rsseparatedbyspaces>[2]isthemedian>
    at org.junit.Assert.assertEquals(Assert.java:115)
    at org.junit.Assert.assertEquals(Assert.java:144)
    at introclassJava.median_3b2376ab_003WhiteboxTest.test2(median_3b2376ab_003WhiteboxTest.java:23)
    at sun.reflect.NativeMethodAccessorImpl.invoke0(Native Method)
    at sun.reflect.NativeMethodAccessorImpl.invoke(NativeMethodAccessorImpl.java:62)
    at sun.reflect.DelegatingMethodAccessorImpl.invoke(DelegatingMethodAccessorImpl.java:43)
org.junit.ComparisonFailure: expected:<...rsseparatedbyspaces>[0]isthemedian> but was:<...rsseparatedbyspaces>[1]isthemedian>
    at org.junit.Assert.assertEquals(Assert.java:115)
    at org.junit.Assert.assertEquals(Assert.java:144)
    at introclassJava.median_3b2376ab_003WhiteboxTest.test3(median_3b2376ab_003WhiteboxTest.java:32)
    at sun.reflect.NativeMethodAccessorImpl.invoke0(Native Method)
    at sun.reflect.NativeMethodAccessorImpl.invoke(NativeMethodAccessorImpl.java:62)
    at sun.reflect.DelegatingMethodAccessorImpl.invoke(DelegatingMethodAccessorImpl.java:43)
org.junit.ComparisonFailure: expected:<...rsseparatedbyspaces>[1]isthemedian> but was:<...rsseparatedbyspaces>[2]isthemedian>
    at org.junit.Assert.assertEquals(Assert.java:115)
    at org.junit.Assert.assertEquals(Assert.java:144)
    at introclassJava.median_3b2376ab_003WhiteboxTest.test2(median_3b2376ab_003WhiteboxTest.java:23)
    at sun.reflect.NativeMethodAccessorImpl.invoke0(Native Method)
    at sun.reflect.NativeMethodAccessorImpl.invoke(NativeMethodAccessorImpl.java:62)
    at sun.reflect.DelegatingMethodAccessorImpl.invoke(DelegatingMethodAccessorImpl.java:43)
org.junit.ComparisonFailure: expected:<...rsseparatedbyspaces>[0]isthemedian> but was:<...rsseparatedbyspaces>[1]isthemedian>
    at org.junit.Assert.assertEquals(Assert.java:115)
    at org.junit.Assert.assertEquals(Assert.java:144)
    at introclassJava.median_3b2376ab_003WhiteboxTest.test3(median_3b2376ab_003WhiteboxTest.java:32)
    at sun.reflect.NativeMethodAccessorImpl.invoke0(Native Method)
    at sun.reflect.NativeMethodAccessorImpl.invoke(NativeMethodAccessorImpl.java:62)
    at sun.reflect.DelegatingMethodAccessorImpl.invoke(DelegatingMethodAccessorImpl.java:43)
15:52:42.934 [pool-4-thread-1] INFO  xxl.java.junit.TestCasesListener - Tests run finished (39 ms)
<> Total tests run: 26
<> Ignored tests: 0
<> Failed tests: 8
~ test3(introclassJava.median_3b2376ab_003BlackboxTest)
[expected:<...rsseparatedbyspaces>[6]isthemedian> but was:<...rsseparatedbyspaces>[8]isthemedian>]
org.junit.ComparisonFailure: expected:<...rsseparatedbyspaces>[6]isthemedian> but was:<...rsseparatedbyspaces>[8]isthemedian>    at org.junit.Assert.assertEquals(Assert.java:115)
    at org.junit.Assert.assertEquals(Assert.java:144)
    at introclassJava.median_3b2376ab_003BlackboxTest.test3(median_3b2376ab_003BlackboxTest.java:32)
    at sun.reflect.NativeMethodAccessorImpl.invoke0(Native Method)
    at sun.reflect.NativeMethodAccessorImpl.invoke(NativeMethodAccessorImpl.java:62)
    at sun.reflect.DelegatingMethodAccessorImpl.invoke(DelegatingMethodAccessorImpl.java:43)
~ test5(introclassJava.median_3b2376ab_003BlackboxTest)
[expected:<...rsseparatedbyspaces>[6]isthemedian> but was:<...rsseparatedbyspaces>[8]isthemedian>]
org.junit.ComparisonFailure: expected:<...rsseparatedbyspaces>[6]isthemedian> but was:<...rsseparatedbyspaces>[8]isthemedian>    at org.junit.Assert.assertEquals(Assert.java:115)
    at org.junit.Assert.assertEquals(Assert.java:144)
    at introclassJava.median_3b2376ab_003BlackboxTest.test5(median_3b2376ab_003BlackboxTest.java:50)
    at sun.reflect.NativeMethodAccessorImpl.invoke0(Native Method)
    at sun.reflect.NativeMethodAccessorImpl.invoke(NativeMethodAccessorImpl.java:62)
    at sun.reflect.DelegatingMethodAccessorImpl.invoke(DelegatingMethodAccessorImpl.java:43)
~ test3(introclassJava.median_3b2376ab_003BlackboxTest)
[expected:<...rsseparatedbyspaces>[6]isthemedian> but was:<...rsseparatedbyspaces>[8]isthemedian>]
org.junit.ComparisonFailure: expected:<...rsseparatedbyspaces>[6]isthemedian> but was:<...rsseparatedbyspaces>[8]isthemedian>    at org.junit.Assert.assertEquals(Assert.java:115)
    at org.junit.Assert.assertEquals(Assert.java:144)
    at introclassJava.median_3b2376ab_003BlackboxTest.test3(median_3b2376ab_003BlackboxTest.java:32)
    at sun.reflect.NativeMethodAccessorImpl.invoke0(Native Method)
    at sun.reflect.NativeMethodAccessorImpl.invoke(NativeMethodAccessorImpl.java:62)
    at sun.reflect.DelegatingMethodAccessorImpl.invoke(DelegatingMethodAccessorImpl.java:43)
~ test5(introclassJava.median_3b2376ab_003BlackboxTest)
[expected:<...rsseparatedbyspaces>[6]isthemedian> but was:<...rsseparatedbyspaces>[8]isthemedian>]
org.junit.ComparisonFailure: expected:<...rsseparatedbyspaces>[6]isthemedian> but was:<...rsseparatedbyspaces>[8]isthemedian>    at org.junit.Assert.assertEquals(Assert.java:115)
    at org.junit.Assert.assertEquals(Assert.java:144)
    at introclassJava.median_3b2376ab_003BlackboxTest.test5(median_3b2376ab_003BlackboxTest.java:50)
    at sun.reflect.NativeMethodAccessorImpl.invoke0(Native Method)
    at sun.reflect.NativeMethodAccessorImpl.invoke(NativeMethodAccessorImpl.java:62)
    at sun.reflect.DelegatingMethodAccessorImpl.invoke(DelegatingMethodAccessorImpl.java:43)
~ test2(introclassJava.median_3b2376ab_003WhiteboxTest)
[expected:<...rsseparatedbyspaces>[1]isthemedian> but was:<...rsseparatedbyspaces>[2]isthemedian>]
org.junit.ComparisonFailure: expected:<...rsseparatedbyspaces>[1]isthemedian> but was:<...rsseparatedbyspaces>[2]isthemedian>    at org.junit.Assert.assertEquals(Assert.java:115)
    at org.junit.Assert.assertEquals(Assert.java:144)
    at introclassJava.median_3b2376ab_003WhiteboxTest.test2(median_3b2376ab_003WhiteboxTest.java:23)
    at sun.reflect.NativeMethodAccessorImpl.invoke0(Native Method)
    at sun.reflect.NativeMethodAccessorImpl.invoke(NativeMethodAccessorImpl.java:62)
    at sun.reflect.DelegatingMethodAccessorImpl.invoke(DelegatingMethodAccessorImpl.java:43)
~ test3(introclassJava.median_3b2376ab_003WhiteboxTest)
[expected:<...rsseparatedbyspaces>[0]isthemedian> but was:<...rsseparatedbyspaces>[1]isthemedian>]
org.junit.ComparisonFailure: expected:<...rsseparatedbyspaces>[0]isthemedian> but was:<...rsseparatedbyspaces>[1]isthemedian>    at org.junit.Assert.assertEquals(Assert.java:115)
    at org.junit.Assert.assertEquals(Assert.java:144)
    at introclassJava.median_3b2376ab_003WhiteboxTest.test3(median_3b2376ab_003WhiteboxTest.java:32)
    at sun.reflect.NativeMethodAccessorImpl.invoke0(Native Method)
    at sun.reflect.NativeMethodAccessorImpl.invoke(NativeMethodAccessorImpl.java:62)
    at sun.reflect.DelegatingMethodAccessorImpl.invoke(DelegatingMethodAccessorImpl.java:43)
~ test2(introclassJava.median_3b2376ab_003WhiteboxTest)
[expected:<...rsseparatedbyspaces>[1]isthemedian> but was:<...rsseparatedbyspaces>[2]isthemedian>]
org.junit.ComparisonFailure: expected:<...rsseparatedbyspaces>[1]isthemedian> but was:<...rsseparatedbyspaces>[2]isthemedian>    at org.junit.Assert.assertEquals(Assert.java:115)
    at org.junit.Assert.assertEquals(Assert.java:144)
    at introclassJava.median_3b2376ab_003WhiteboxTest.test2(median_3b2376ab_003WhiteboxTest.java:23)
    at sun.reflect.NativeMethodAccessorImpl.invoke0(Native Method)
    at sun.reflect.NativeMethodAccessorImpl.invoke(NativeMethodAccessorImpl.java:62)
    at sun.reflect.DelegatingMethodAccessorImpl.invoke(DelegatingMethodAccessorImpl.java:43)
~ test3(introclassJava.median_3b2376ab_003WhiteboxTest)
[expected:<...rsseparatedbyspaces>[0]isthemedian> but was:<...rsseparatedbyspaces>[1]isthemedian>]
org.junit.ComparisonFailure: expected:<...rsseparatedbyspaces>[0]isthemedian> but was:<...rsseparatedbyspaces>[1]isthemedian>    at org.junit.Assert.assertEquals(Assert.java:115)
    at org.junit.Assert.assertEquals(Assert.java:144)
    at introclassJava.median_3b2376ab_003WhiteboxTest.test3(median_3b2376ab_003WhiteboxTest.java:32)
    at sun.reflect.NativeMethodAccessorImpl.invoke0(Native Method)
    at sun.reflect.NativeMethodAccessorImpl.invoke(NativeMethodAccessorImpl.java:62)
    at sun.reflect.DelegatingMethodAccessorImpl.invoke(DelegatingMethodAccessorImpl.java:43)

org.junit.ComparisonFailure: expected:<...rsseparatedbyspaces>[1isthemedian]> but was:<...rsseparatedbyspaces>[]>
    at org.junit.Assert.assertEquals(Assert.java:115)
    at org.junit.Assert.assertEquals(Assert.java:144)
    at introclassJava.median_3b2376ab_003WhiteboxTest.test2(median_3b2376ab_003WhiteboxTest.java:23)
    at sun.reflect.NativeMethodAccessorImpl.invoke0(Native Method)
    at sun.reflect.NativeMethodAccessorImpl.invoke(NativeMethodAccessorImpl.java:62)
    at sun.reflect.DelegatingMethodAccessorImpl.invoke(DelegatingMethodAccessorImpl.java:43)
15:52:43.408 [pool-5-thread-1] INFO  f.i.l.c.t.SpecificationTestCasesListener - Tests run finished (6 ms)
<> Total tests run: 1
<> Ignored tests: 0
<> Failed tests: 1
~ test2(introclassJava.median_3b2376ab_003WhiteboxTest)
[expected:<...rsseparatedbyspaces>[1isthemedian]> but was:<...rsseparatedbyspaces>[]>]
org.junit.ComparisonFailure: expected:<...rsseparatedbyspaces>[1isthemedian]> but was:<...rsseparatedbyspaces>[]>    at org.junit.Assert.assertEquals(Assert.java:115)
    at org.junit.Assert.assertEquals(Assert.java:144)
    at introclassJava.median_3b2376ab_003WhiteboxTest.test2(median_3b2376ab_003WhiteboxTest.java:23)
    at sun.reflect.NativeMethodAccessorImpl.invoke0(Native Method)
    at sun.reflect.NativeMethodAccessorImpl.invoke(NativeMethodAccessorImpl.java:62)
    at sun.reflect.DelegatingMethodAccessorImpl.invoke(DelegatingMethodAccessorImpl.java:43)

org.junit.ComparisonFailure: expected:<...rsseparatedbyspaces>[0isthemedian]> but was:<...rsseparatedbyspaces>[]>
    at org.junit.Assert.assertEquals(Assert.java:115)
    at org.junit.Assert.assertEquals(Assert.java:144)
    at introclassJava.median_3b2376ab_003WhiteboxTest.test3(median_3b2376ab_003WhiteboxTest.java:32)
    at sun.reflect.NativeMethodAccessorImpl.invoke0(Native Method)
    at sun.reflect.NativeMethodAccessorImpl.invoke(NativeMethodAccessorImpl.java:62)
    at sun.reflect.DelegatingMethodAccessorImpl.invoke(DelegatingMethodAccessorImpl.java:43)
15:52:43.410 [pool-6-thread-1] INFO  f.i.l.c.t.SpecificationTestCasesListener - Tests run finished (1 ms)
<> Total tests run: 1
<> Ignored tests: 0
<> Failed tests: 1
~ test3(introclassJava.median_3b2376ab_003WhiteboxTest)
[expected:<...rsseparatedbyspaces>[0isthemedian]> but was:<...rsseparatedbyspaces>[]>]
org.junit.ComparisonFailure: expected:<...rsseparatedbyspaces>[0isthemedian]> but was:<...rsseparatedbyspaces>[]>    at org.junit.Assert.assertEquals(Assert.java:115)
    at org.junit.Assert.assertEquals(Assert.java:144)
    at introclassJava.median_3b2376ab_003WhiteboxTest.test3(median_3b2376ab_003WhiteboxTest.java:32)
    at sun.reflect.NativeMethodAccessorImpl.invoke0(Native Method)
    at sun.reflect.NativeMethodAccessorImpl.invoke(NativeMethodAccessorImpl.java:62)
    at sun.reflect.DelegatingMethodAccessorImpl.invoke(DelegatingMethodAccessorImpl.java:43)

org.junit.ComparisonFailure: expected:<...rsseparatedbyspaces>[6isthemedian]> but was:<...rsseparatedbyspaces>[]>
    at org.junit.Assert.assertEquals(Assert.java:115)
    at org.junit.Assert.assertEquals(Assert.java:144)
    at introclassJava.median_3b2376ab_003BlackboxTest.test5(median_3b2376ab_003BlackboxTest.java:50)
    at sun.reflect.NativeMethodAccessorImpl.invoke0(Native Method)
    at sun.reflect.NativeMethodAccessorImpl.invoke(NativeMethodAccessorImpl.java:62)
    at sun.reflect.DelegatingMethodAccessorImpl.invoke(DelegatingMethodAccessorImpl.java:43)
15:52:43.415 [pool-7-thread-1] INFO  f.i.l.c.t.SpecificationTestCasesListener - Tests run finished (1 ms)
<> Total tests run: 1
<> Ignored tests: 0
<> Failed tests: 1
~ test5(introclassJava.median_3b2376ab_003BlackboxTest)
[expected:<...rsseparatedbyspaces>[6isthemedian]> but was:<...rsseparatedbyspaces>[]>]
org.junit.ComparisonFailure: expected:<...rsseparatedbyspaces>[6isthemedian]> but was:<...rsseparatedbyspaces>[]>    at org.junit.Assert.assertEquals(Assert.java:115)
    at org.junit.Assert.assertEquals(Assert.java:144)
    at introclassJava.median_3b2376ab_003BlackboxTest.test5(median_3b2376ab_003BlackboxTest.java:50)
    at sun.reflect.NativeMethodAccessorImpl.invoke0(Native Method)
    at sun.reflect.NativeMethodAccessorImpl.invoke(NativeMethodAccessorImpl.java:62)
    at sun.reflect.DelegatingMethodAccessorImpl.invoke(DelegatingMethodAccessorImpl.java:43)

org.junit.ComparisonFailure: expected:<...rsseparatedbyspaces>[6isthemedian]> but was:<...rsseparatedbyspaces>[]>
    at org.junit.Assert.assertEquals(Assert.java:115)
    at org.junit.Assert.assertEquals(Assert.java:144)
    at introclassJava.median_3b2376ab_003BlackboxTest.test3(median_3b2376ab_003BlackboxTest.java:32)
    at sun.reflect.NativeMethodAccessorImpl.invoke0(Native Method)
    at sun.reflect.NativeMethodAccessorImpl.invoke(NativeMethodAccessorImpl.java:62)
    at sun.reflect.DelegatingMethodAccessorImpl.invoke(DelegatingMethodAccessorImpl.java:43)
15:52:43.417 [pool-8-thread-1] INFO  f.i.l.c.t.SpecificationTestCasesListener - Tests run finished (1 ms)
<> Total tests run: 1
<> Ignored tests: 0
<> Failed tests: 1
~ test3(introclassJava.median_3b2376ab_003BlackboxTest)
[expected:<...rsseparatedbyspaces>[6isthemedian]> but was:<...rsseparatedbyspaces>[]>]
org.junit.ComparisonFailure: expected:<...rsseparatedbyspaces>[6isthemedian]> but was:<...rsseparatedbyspaces>[]>    at org.junit.Assert.assertEquals(Assert.java:115)
    at org.junit.Assert.assertEquals(Assert.java:144)
    at introclassJava.median_3b2376ab_003BlackboxTest.test3(median_3b2376ab_003BlackboxTest.java:32)
    at sun.reflect.NativeMethodAccessorImpl.invoke0(Native Method)
    at sun.reflect.NativeMethodAccessorImpl.invoke(NativeMethodAccessorImpl.java:62)
    at sun.reflect.DelegatingMethodAccessorImpl.invoke(DelegatingMethodAccessorImpl.java:43)

org.junit.ComparisonFailure: expected:<...rsseparatedbyspaces>[1]isthemedian> but was:<...rsseparatedbyspaces>[2]isthemedian>
    at org.junit.Assert.assertEquals(Assert.java:115)
    at org.junit.Assert.assertEquals(Assert.java:144)
    at introclassJava.median_3b2376ab_003WhiteboxTest.test2(median_3b2376ab_003WhiteboxTest.java:23)
    at sun.reflect.NativeMethodAccessorImpl.invoke0(Native Method)
    at sun.reflect.NativeMethodAccessorImpl.invoke(NativeMethodAccessorImpl.java:62)
    at sun.reflect.DelegatingMethodAccessorImpl.invoke(DelegatingMethodAccessorImpl.java:43)
15:52:43.419 [pool-9-thread-1] INFO  f.i.l.c.t.SpecificationTestCasesListener - Tests run finished (1 ms)
<> Total tests run: 1
<> Ignored tests: 0
<> Failed tests: 1
~ test2(introclassJava.median_3b2376ab_003WhiteboxTest)
[expected:<...rsseparatedbyspaces>[1]isthemedian> but was:<...rsseparatedbyspaces>[2]isthemedian>]
org.junit.ComparisonFailure: expected:<...rsseparatedbyspaces>[1]isthemedian> but was:<...rsseparatedbyspaces>[2]isthemedian>    at org.junit.Assert.assertEquals(Assert.java:115)
    at org.junit.Assert.assertEquals(Assert.java:144)
    at introclassJava.median_3b2376ab_003WhiteboxTest.test2(median_3b2376ab_003WhiteboxTest.java:23)
    at sun.reflect.NativeMethodAccessorImpl.invoke0(Native Method)
    at sun.reflect.NativeMethodAccessorImpl.invoke(NativeMethodAccessorImpl.java:62)
    at sun.reflect.DelegatingMethodAccessorImpl.invoke(DelegatingMethodAccessorImpl.java:43)

org.junit.ComparisonFailure: expected:<...rsseparatedbyspaces>[0]isthemedian> but was:<...rsseparatedbyspaces>[1]isthemedian>
    at org.junit.Assert.assertEquals(Assert.java:115)
    at org.junit.Assert.assertEquals(Assert.java:144)
    at introclassJava.median_3b2376ab_003WhiteboxTest.test3(median_3b2376ab_003WhiteboxTest.java:32)
    at sun.reflect.NativeMethodAccessorImpl.invoke0(Native Method)
    at sun.reflect.NativeMethodAccessorImpl.invoke(NativeMethodAccessorImpl.java:62)
    at sun.reflect.DelegatingMethodAccessorImpl.invoke(DelegatingMethodAccessorImpl.java:43)
15:52:43.421 [pool-10-thread-1] INFO  f.i.l.c.t.SpecificationTestCasesListener - Tests run finished (1 ms)
<> Total tests run: 1
<> Ignored tests: 0
<> Failed tests: 1
~ test3(introclassJava.median_3b2376ab_003WhiteboxTest)
[expected:<...rsseparatedbyspaces>[0]isthemedian> but was:<...rsseparatedbyspaces>[1]isthemedian>]
org.junit.ComparisonFailure: expected:<...rsseparatedbyspaces>[0]isthemedian> but was:<...rsseparatedbyspaces>[1]isthemedian>    at org.junit.Assert.assertEquals(Assert.java:115)
    at org.junit.Assert.assertEquals(Assert.java:144)
    at introclassJava.median_3b2376ab_003WhiteboxTest.test3(median_3b2376ab_003WhiteboxTest.java:32)
    at sun.reflect.NativeMethodAccessorImpl.invoke0(Native Method)
    at sun.reflect.NativeMethodAccessorImpl.invoke(NativeMethodAccessorImpl.java:62)
    at sun.reflect.DelegatingMethodAccessorImpl.invoke(DelegatingMethodAccessorImpl.java:43)

org.junit.ComparisonFailure: expected:<...rsseparatedbyspaces>[6]isthemedian> but was:<...rsseparatedbyspaces>[8]isthemedian>
    at org.junit.Assert.assertEquals(Assert.java:115)
    at org.junit.Assert.assertEquals(Assert.java:144)
    at introclassJava.median_3b2376ab_003BlackboxTest.test5(median_3b2376ab_003BlackboxTest.java:50)
    at sun.reflect.NativeMethodAccessorImpl.invoke0(Native Method)
    at sun.reflect.NativeMethodAccessorImpl.invoke(NativeMethodAccessorImpl.java:62)
    at sun.reflect.DelegatingMethodAccessorImpl.invoke(DelegatingMethodAccessorImpl.java:43)
15:52:43.423 [pool-11-thread-1] INFO  f.i.l.c.t.SpecificationTestCasesListener - Tests run finished (1 ms)
<> Total tests run: 1
<> Ignored tests: 0
<> Failed tests: 1
~ test5(introclassJava.median_3b2376ab_003BlackboxTest)
[expected:<...rsseparatedbyspaces>[6]isthemedian> but was:<...rsseparatedbyspaces>[8]isthemedian>]
org.junit.ComparisonFailure: expected:<...rsseparatedbyspaces>[6]isthemedian> but was:<...rsseparatedbyspaces>[8]isthemedian>    at org.junit.Assert.assertEquals(Assert.java:115)
    at org.junit.Assert.assertEquals(Assert.java:144)
    at introclassJava.median_3b2376ab_003BlackboxTest.test5(median_3b2376ab_003BlackboxTest.java:50)
    at sun.reflect.NativeMethodAccessorImpl.invoke0(Native Method)
    at sun.reflect.NativeMethodAccessorImpl.invoke(NativeMethodAccessorImpl.java:62)
    at sun.reflect.DelegatingMethodAccessorImpl.invoke(DelegatingMethodAccessorImpl.java:43)

org.junit.ComparisonFailure: expected:<...rsseparatedbyspaces>[6]isthemedian> but was:<...rsseparatedbyspaces>[8]isthemedian>
    at org.junit.Assert.assertEquals(Assert.java:115)
    at org.junit.Assert.assertEquals(Assert.java:144)
    at introclassJava.median_3b2376ab_003BlackboxTest.test3(median_3b2376ab_003BlackboxTest.java:32)
    at sun.reflect.NativeMethodAccessorImpl.invoke0(Native Method)
    at sun.reflect.NativeMethodAccessorImpl.invoke(NativeMethodAccessorImpl.java:62)
    at sun.reflect.DelegatingMethodAccessorImpl.invoke(DelegatingMethodAccessorImpl.java:43)
15:52:43.425 [pool-12-thread-1] INFO  f.i.l.c.t.SpecificationTestCasesListener - Tests run finished (1 ms)
<> Total tests run: 1
<> Ignored tests: 0
<> Failed tests: 1
~ test3(introclassJava.median_3b2376ab_003BlackboxTest)
[expected:<...rsseparatedbyspaces>[6]isthemedian> but was:<...rsseparatedbyspaces>[8]isthemedian>]
org.junit.ComparisonFailure: expected:<...rsseparatedbyspaces>[6]isthemedian> but was:<...rsseparatedbyspaces>[8]isthemedian>    at org.junit.Assert.assertEquals(Assert.java:115)
    at org.junit.Assert.assertEquals(Assert.java:144)
    at introclassJava.median_3b2376ab_003BlackboxTest.test3(median_3b2376ab_003BlackboxTest.java:32)
    at sun.reflect.NativeMethodAccessorImpl.invoke0(Native Method)
    at sun.reflect.NativeMethodAccessorImpl.invoke(NativeMethodAccessorImpl.java:62)
    at sun.reflect.DelegatingMethodAccessorImpl.invoke(DelegatingMethodAccessorImpl.java:43)

15:52:43.426 [pool-3-thread-1] DEBUG tests.output - Failing tests with false: 
[test2(introclassJava.median_3b2376ab_003WhiteboxTest): expected:<...rsseparatedbyspaces>[1isthemedian]> but was:<...rsseparatedbyspaces>[]>, test3(introclassJava.median_3b2376ab_003WhiteboxTest): expected:<...rsseparatedbyspaces>[0isthemedian]> but was:<...rsseparatedbyspaces>[]>, test5(introclassJava.median_3b2376ab_003BlackboxTest): expected:<...rsseparatedbyspaces>[6isthemedian]> but was:<...rsseparatedbyspaces>[]>, test3(introclassJava.median_3b2376ab_003BlackboxTest): expected:<...rsseparatedbyspaces>[6isthemedian]> but was:<...rsseparatedbyspaces>[]>]
15:52:43.427 [pool-3-thread-1] DEBUG tests.output - Failing tests with true: 
[test2(introclassJava.median_3b2376ab_003WhiteboxTest): expected:<...rsseparatedbyspaces>[1]isthemedian> but was:<...rsseparatedbyspaces>[2]isthemedian>, test3(introclassJava.median_3b2376ab_003WhiteboxTest): expected:<...rsseparatedbyspaces>[0]isthemedian> but was:<...rsseparatedbyspaces>[1]isthemedian>, test5(introclassJava.median_3b2376ab_003BlackboxTest): expected:<...rsseparatedbyspaces>[6]isthemedian> but was:<...rsseparatedbyspaces>[8]isthemedian>, test3(introclassJava.median_3b2376ab_003BlackboxTest): expected:<...rsseparatedbyspaces>[6]isthemedian> but was:<...rsseparatedbyspaces>[8]isthemedian>]
15:52:43.427 [pool-3-thread-1] INFO  f.i.l.r.n.synth.SMTNopolSynthesizer - Not enough specifications: 0. A trivial patch is "true" or "false", please write new tests specifying SourceLocation introclassJava.median_3b2376ab_003:80.
15:52:43.427 [pool-2-thread-1] DEBUG fr.inria.lille.repair.nopol.NoPol - looking with class fr.inria.lille.repair.nopol.spoon.smt.ConditionalReplacer
org.junit.ComparisonFailure: expected:<...rsseparatedbyspaces>[6]isthemedian> but was:<...rsseparatedbyspaces>[8]isthemedian>
    at org.junit.Assert.assertEquals(Assert.java:115)
    at org.junit.Assert.assertEquals(Assert.java:144)
    at introclassJava.median_3b2376ab_003BlackboxTest.test3(median_3b2376ab_003BlackboxTest.java:32)
    at sun.reflect.NativeMethodAccessorImpl.invoke0(Native Method)
    at sun.reflect.NativeMethodAccessorImpl.invoke(NativeMethodAccessorImpl.java:62)
    at sun.reflect.DelegatingMethodAccessorImpl.invoke(DelegatingMethodAccessorImpl.java:43)
org.junit.ComparisonFailure: expected:<...rsseparatedbyspaces>[6]isthemedian> but was:<...rsseparatedbyspaces>[8]isthemedian>
    at org.junit.Assert.assertEquals(Assert.java:115)
    at org.junit.Assert.assertEquals(Assert.java:144)
    at introclassJava.median_3b2376ab_003BlackboxTest.test5(median_3b2376ab_003BlackboxTest.java:50)
    at sun.reflect.NativeMethodAccessorImpl.invoke0(Native Method)
    at sun.reflect.NativeMethodAccessorImpl.invoke(NativeMethodAccessorImpl.java:62)
    at sun.reflect.DelegatingMethodAccessorImpl.invoke(DelegatingMethodAccessorImpl.java:43)
org.junit.ComparisonFailure: expected:<...rsseparatedbyspaces>[6]isthemedian> but was:<...rsseparatedbyspaces>[8]isthemedian>
    at org.junit.Assert.assertEquals(Assert.java:115)
    at org.junit.Assert.assertEquals(Assert.java:144)
    at introclassJava.median_3b2376ab_003BlackboxTest.test3(median_3b2376ab_003BlackboxTest.java:32)
    at sun.reflect.NativeMethodAccessorImpl.invoke0(Native Method)
    at sun.reflect.NativeMethodAccessorImpl.invoke(NativeMethodAccessorImpl.java:62)
    at sun.reflect.DelegatingMethodAccessorImpl.invoke(DelegatingMethodAccessorImpl.java:43)
org.junit.ComparisonFailure: expected:<...rsseparatedbyspaces>[6]isthemedian> but was:<...rsseparatedbyspaces>[8]isthemedian>
    at org.junit.Assert.assertEquals(Assert.java:115)
    at org.junit.Assert.assertEquals(Assert.java:144)
    at introclassJava.median_3b2376ab_003BlackboxTest.test5(median_3b2376ab_003BlackboxTest.java:50)
    at sun.reflect.NativeMethodAccessorImpl.invoke0(Native Method)
    at sun.reflect.NativeMethodAccessorImpl.invoke(NativeMethodAccessorImpl.java:62)
    at sun.reflect.DelegatingMethodAccessorImpl.invoke(DelegatingMethodAccessorImpl.java:43)
org.junit.ComparisonFailure: expected:<...rsseparatedbyspaces>[1]isthemedian> but was:<...rsseparatedbyspaces>[2]isthemedian>
    at org.junit.Assert.assertEquals(Assert.java:115)
    at org.junit.Assert.assertEquals(Assert.java:144)
    at introclassJava.median_3b2376ab_003WhiteboxTest.test2(median_3b2376ab_003WhiteboxTest.java:23)
    at sun.reflect.NativeMethodAccessorImpl.invoke0(Native Method)
    at sun.reflect.NativeMethodAccessorImpl.invoke(NativeMethodAccessorImpl.java:62)
    at sun.reflect.DelegatingMethodAccessorImpl.invoke(DelegatingMethodAccessorImpl.java:43)
org.junit.ComparisonFailure: expected:<...rsseparatedbyspaces>[0]isthemedian> but was:<...rsseparatedbyspaces>[1]isthemedian>
    at org.junit.Assert.assertEquals(Assert.java:115)
    at org.junit.Assert.assertEquals(Assert.java:144)
    at introclassJava.median_3b2376ab_003WhiteboxTest.test3(median_3b2376ab_003WhiteboxTest.java:32)
    at sun.reflect.NativeMethodAccessorImpl.invoke0(Native Method)
    at sun.reflect.NativeMethodAccessorImpl.invoke(NativeMethodAccessorImpl.java:62)
    at sun.reflect.DelegatingMethodAccessorImpl.invoke(DelegatingMethodAccessorImpl.java:43)
org.junit.ComparisonFailure: expected:<...rsseparatedbyspaces>[1]isthemedian> but was:<...rsseparatedbyspaces>[2]isthemedian>
    at org.junit.Assert.assertEquals(Assert.java:115)
    at org.junit.Assert.assertEquals(Assert.java:144)
    at introclassJava.median_3b2376ab_003WhiteboxTest.test2(median_3b2376ab_003WhiteboxTest.java:23)
    at sun.reflect.NativeMethodAccessorImpl.invoke0(Native Method)
    at sun.reflect.NativeMethodAccessorImpl.invoke(NativeMethodAccessorImpl.java:62)
    at sun.reflect.DelegatingMethodAccessorImpl.invoke(DelegatingMethodAccessorImpl.java:43)
org.junit.ComparisonFailure: expected:<...rsseparatedbyspaces>[0]isthemedian> but was:<...rsseparatedbyspaces>[1]isthemedian>
    at org.junit.Assert.assertEquals(Assert.java:115)
    at org.junit.Assert.assertEquals(Assert.java:144)
    at introclassJava.median_3b2376ab_003WhiteboxTest.test3(median_3b2376ab_003WhiteboxTest.java:32)
    at sun.reflect.NativeMethodAccessorImpl.invoke0(Native Method)
    at sun.reflect.NativeMethodAccessorImpl.invoke(NativeMethodAccessorImpl.java:62)
    at sun.reflect.DelegatingMethodAccessorImpl.invoke(DelegatingMethodAccessorImpl.java:43)
15:52:43.451 [pool-14-thread-1] INFO  xxl.java.junit.TestCasesListener - Tests run finished (20 ms)
<> Total tests run: 26
<> Ignored tests: 0
<> Failed tests: 8
~ test3(introclassJava.median_3b2376ab_003BlackboxTest)
[expected:<...rsseparatedbyspaces>[6]isthemedian> but was:<...rsseparatedbyspaces>[8]isthemedian>]
org.junit.ComparisonFailure: expected:<...rsseparatedbyspaces>[6]isthemedian> but was:<...rsseparatedbyspaces>[8]isthemedian>    at org.junit.Assert.assertEquals(Assert.java:115)
    at org.junit.Assert.assertEquals(Assert.java:144)
    at introclassJava.median_3b2376ab_003BlackboxTest.test3(median_3b2376ab_003BlackboxTest.java:32)
    at sun.reflect.NativeMethodAccessorImpl.invoke0(Native Method)
    at sun.reflect.NativeMethodAccessorImpl.invoke(NativeMethodAccessorImpl.java:62)
    at sun.reflect.DelegatingMethodAccessorImpl.invoke(DelegatingMethodAccessorImpl.java:43)
~ test5(introclassJava.median_3b2376ab_003BlackboxTest)
[expected:<...rsseparatedbyspaces>[6]isthemedian> but was:<...rsseparatedbyspaces>[8]isthemedian>]
org.junit.ComparisonFailure: expected:<...rsseparatedbyspaces>[6]isthemedian> but was:<...rsseparatedbyspaces>[8]isthemedian>    at org.junit.Assert.assertEquals(Assert.java:115)
    at org.junit.Assert.assertEquals(Assert.java:144)
    at introclassJava.median_3b2376ab_003BlackboxTest.test5(median_3b2376ab_003BlackboxTest.java:50)
    at sun.reflect.NativeMethodAccessorImpl.invoke0(Native Method)
    at sun.reflect.NativeMethodAccessorImpl.invoke(NativeMethodAccessorImpl.java:62)
    at sun.reflect.DelegatingMethodAccessorImpl.invoke(DelegatingMethodAccessorImpl.java:43)
~ test3(introclassJava.median_3b2376ab_003BlackboxTest)
[expected:<...rsseparatedbyspaces>[6]isthemedian> but was:<...rsseparatedbyspaces>[8]isthemedian>]
org.junit.ComparisonFailure: expected:<...rsseparatedbyspaces>[6]isthemedian> but was:<...rsseparatedbyspaces>[8]isthemedian>    at org.junit.Assert.assertEquals(Assert.java:115)
    at org.junit.Assert.assertEquals(Assert.java:144)
    at introclassJava.median_3b2376ab_003BlackboxTest.test3(median_3b2376ab_003BlackboxTest.java:32)
    at sun.reflect.NativeMethodAccessorImpl.invoke0(Native Method)
    at sun.reflect.NativeMethodAccessorImpl.invoke(NativeMethodAccessorImpl.java:62)
    at sun.reflect.DelegatingMethodAccessorImpl.invoke(DelegatingMethodAccessorImpl.java:43)
~ test5(introclassJava.median_3b2376ab_003BlackboxTest)
[expected:<...rsseparatedbyspaces>[6]isthemedian> but was:<...rsseparatedbyspaces>[8]isthemedian>]
org.junit.ComparisonFailure: expected:<...rsseparatedbyspaces>[6]isthemedian> but was:<...rsseparatedbyspaces>[8]isthemedian>    at org.junit.Assert.assertEquals(Assert.java:115)
    at org.junit.Assert.assertEquals(Assert.java:144)
    at introclassJava.median_3b2376ab_003BlackboxTest.test5(median_3b2376ab_003BlackboxTest.java:50)
    at sun.reflect.NativeMethodAccessorImpl.invoke0(Native Method)
    at sun.reflect.NativeMethodAccessorImpl.invoke(NativeMethodAccessorImpl.java:62)
    at sun.reflect.DelegatingMethodAccessorImpl.invoke(DelegatingMethodAccessorImpl.java:43)
~ test2(introclassJava.median_3b2376ab_003WhiteboxTest)
[expected:<...rsseparatedbyspaces>[1]isthemedian> but was:<...rsseparatedbyspaces>[2]isthemedian>]
org.junit.ComparisonFailure: expected:<...rsseparatedbyspaces>[1]isthemedian> but was:<...rsseparatedbyspaces>[2]isthemedian>    at org.junit.Assert.assertEquals(Assert.java:115)
    at org.junit.Assert.assertEquals(Assert.java:144)
    at introclassJava.median_3b2376ab_003WhiteboxTest.test2(median_3b2376ab_003WhiteboxTest.java:23)
    at sun.reflect.NativeMethodAccessorImpl.invoke0(Native Method)
    at sun.reflect.NativeMethodAccessorImpl.invoke(NativeMethodAccessorImpl.java:62)
    at sun.reflect.DelegatingMethodAccessorImpl.invoke(DelegatingMethodAccessorImpl.java:43)
~ test3(introclassJava.median_3b2376ab_003WhiteboxTest)
[expected:<...rsseparatedbyspaces>[0]isthemedian> but was:<...rsseparatedbyspaces>[1]isthemedian>]
org.junit.ComparisonFailure: expected:<...rsseparatedbyspaces>[0]isthemedian> but was:<...rsseparatedbyspaces>[1]isthemedian>    at org.junit.Assert.assertEquals(Assert.java:115)
    at org.junit.Assert.assertEquals(Assert.java:144)
    at introclassJava.median_3b2376ab_003WhiteboxTest.test3(median_3b2376ab_003WhiteboxTest.java:32)
    at sun.reflect.NativeMethodAccessorImpl.invoke0(Native Method)
    at sun.reflect.NativeMethodAccessorImpl.invoke(NativeMethodAccessorImpl.java:62)
    at sun.reflect.DelegatingMethodAccessorImpl.invoke(DelegatingMethodAccessorImpl.java:43)
~ test2(introclassJava.median_3b2376ab_003WhiteboxTest)
[expected:<...rsseparatedbyspaces>[1]isthemedian> but was:<...rsseparatedbyspaces>[2]isthemedian>]
org.junit.ComparisonFailure: expected:<...rsseparatedbyspaces>[1]isthemedian> but was:<...rsseparatedbyspaces>[2]isthemedian>    at org.junit.Assert.assertEquals(Assert.java:115)
    at org.junit.Assert.assertEquals(Assert.java:144)
    at introclassJava.median_3b2376ab_003WhiteboxTest.test2(median_3b2376ab_003WhiteboxTest.java:23)
    at sun.reflect.NativeMethodAccessorImpl.invoke0(Native Method)
    at sun.reflect.NativeMethodAccessorImpl.invoke(NativeMethodAccessorImpl.java:62)
    at sun.reflect.DelegatingMethodAccessorImpl.invoke(DelegatingMethodAccessorImpl.java:43)
~ test3(introclassJava.median_3b2376ab_003WhiteboxTest)
[expected:<...rsseparatedbyspaces>[0]isthemedian> but was:<...rsseparatedbyspaces>[1]isthemedian>]
org.junit.ComparisonFailure: expected:<...rsseparatedbyspaces>[0]isthemedian> but was:<...rsseparatedbyspaces>[1]isthemedian>    at org.junit.Assert.assertEquals(Assert.java:115)
    at org.junit.Assert.assertEquals(Assert.java:144)
    at introclassJava.median_3b2376ab_003WhiteboxTest.test3(median_3b2376ab_003WhiteboxTest.java:32)
    at sun.reflect.NativeMethodAccessorImpl.invoke0(Native Method)
    at sun.reflect.NativeMethodAccessorImpl.invoke(NativeMethodAccessorImpl.java:62)
    at sun.reflect.DelegatingMethodAccessorImpl.invoke(DelegatingMethodAccessorImpl.java:43)

org.junit.ComparisonFailure: expected:<...rsseparatedbyspaces>[1]isthemedian> but was:<...rsseparatedbyspaces>[2]isthemedian>
    at org.junit.Assert.assertEquals(Assert.java:115)
    at org.junit.Assert.assertEquals(Assert.java:144)
    at introclassJava.median_3b2376ab_003WhiteboxTest.test2(median_3b2376ab_003WhiteboxTest.java:23)
    at sun.reflect.NativeMethodAccessorImpl.invoke0(Native Method)
    at sun.reflect.NativeMethodAccessorImpl.invoke(NativeMethodAccessorImpl.java:62)
    at sun.reflect.DelegatingMethodAccessorImpl.invoke(DelegatingMethodAccessorImpl.java:43)
15:52:43.586 [pool-15-thread-1] INFO  f.i.l.c.t.SpecificationTestCasesListener - Tests run finished (2 ms)
<> Total tests run: 1
<> Ignored tests: 0
<> Failed tests: 1
~ test2(introclassJava.median_3b2376ab_003WhiteboxTest)
[expected:<...rsseparatedbyspaces>[1]isthemedian> but was:<...rsseparatedbyspaces>[2]isthemedian>]
org.junit.ComparisonFailure: expected:<...rsseparatedbyspaces>[1]isthemedian> but was:<...rsseparatedbyspaces>[2]isthemedian>    at org.junit.Assert.assertEquals(Assert.java:115)
    at org.junit.Assert.assertEquals(Assert.java:144)
    at introclassJava.median_3b2376ab_003WhiteboxTest.test2(median_3b2376ab_003WhiteboxTest.java:23)
    at sun.reflect.NativeMethodAccessorImpl.invoke0(Native Method)
    at sun.reflect.NativeMethodAccessorImpl.invoke(NativeMethodAccessorImpl.java:62)
    at sun.reflect.DelegatingMethodAccessorImpl.invoke(DelegatingMethodAccessorImpl.java:43)

15:52:43.588 [pool-16-thread-1] INFO  f.i.l.c.t.SpecificationTestCasesListener - Tests run finished (1 ms)
<> Total tests run: 1
<> Ignored tests: 0
<> Failed tests: 0

org.junit.ComparisonFailure: expected:<...rsseparatedbyspaces>[6]isthemedian> but was:<...rsseparatedbyspaces>[8]isthemedian>
    at org.junit.Assert.assertEquals(Assert.java:115)
    at org.junit.Assert.assertEquals(Assert.java:144)
    at introclassJava.median_3b2376ab_003BlackboxTest.test5(median_3b2376ab_003BlackboxTest.java:50)
    at sun.reflect.NativeMethodAccessorImpl.invoke0(Native Method)
    at sun.reflect.NativeMethodAccessorImpl.invoke(NativeMethodAccessorImpl.java:62)
    at sun.reflect.DelegatingMethodAccessorImpl.invoke(DelegatingMethodAccessorImpl.java:43)
15:52:43.590 [pool-17-thread-1] INFO  f.i.l.c.t.SpecificationTestCasesListener - Tests run finished (1 ms)
<> Total tests run: 1
<> Ignored tests: 0
<> Failed tests: 1
~ test5(introclassJava.median_3b2376ab_003BlackboxTest)
[expected:<...rsseparatedbyspaces>[6]isthemedian> but was:<...rsseparatedbyspaces>[8]isthemedian>]
org.junit.ComparisonFailure: expected:<...rsseparatedbyspaces>[6]isthemedian> but was:<...rsseparatedbyspaces>[8]isthemedian>    at org.junit.Assert.assertEquals(Assert.java:115)
    at org.junit.Assert.assertEquals(Assert.java:144)
    at introclassJava.median_3b2376ab_003BlackboxTest.test5(median_3b2376ab_003BlackboxTest.java:50)
    at sun.reflect.NativeMethodAccessorImpl.invoke0(Native Method)
    at sun.reflect.NativeMethodAccessorImpl.invoke(NativeMethodAccessorImpl.java:62)
    at sun.reflect.DelegatingMethodAccessorImpl.invoke(DelegatingMethodAccessorImpl.java:43)

15:52:43.592 [pool-18-thread-1] INFO  f.i.l.c.t.SpecificationTestCasesListener - Tests run finished (1 ms)
<> Total tests run: 1
<> Ignored tests: 0
<> Failed tests: 0

15:52:43.594 [pool-19-thread-1] INFO  f.i.l.c.t.SpecificationTestCasesListener - Tests run finished (1 ms)
<> Total tests run: 1
<> Ignored tests: 0
<> Failed tests: 0

org.junit.ComparisonFailure: expected:<...rsseparatedbyspaces>[0]isthemedian> but was:<...rsseparatedbyspaces>[1]isthemedian>
    at org.junit.Assert.assertEquals(Assert.java:115)
    at org.junit.Assert.assertEquals(Assert.java:144)
    at introclassJava.median_3b2376ab_003WhiteboxTest.test3(median_3b2376ab_003WhiteboxTest.java:32)
    at sun.reflect.NativeMethodAccessorImpl.invoke0(Native Method)
    at sun.reflect.NativeMethodAccessorImpl.invoke(NativeMethodAccessorImpl.java:62)
    at sun.reflect.DelegatingMethodAccessorImpl.invoke(DelegatingMethodAccessorImpl.java:43)
15:52:43.596 [pool-20-thread-1] INFO  f.i.l.c.t.SpecificationTestCasesListener - Tests run finished (1 ms)
<> Total tests run: 1
<> Ignored tests: 0
<> Failed tests: 1
~ test3(introclassJava.median_3b2376ab_003WhiteboxTest)
[expected:<...rsseparatedbyspaces>[0]isthemedian> but was:<...rsseparatedbyspaces>[1]isthemedian>]
org.junit.ComparisonFailure: expected:<...rsseparatedbyspaces>[0]isthemedian> but was:<...rsseparatedbyspaces>[1]isthemedian>    at org.junit.Assert.assertEquals(Assert.java:115)
    at org.junit.Assert.assertEquals(Assert.java:144)
    at introclassJava.median_3b2376ab_003WhiteboxTest.test3(median_3b2376ab_003WhiteboxTest.java:32)
    at sun.reflect.NativeMethodAccessorImpl.invoke0(Native Method)
    at sun.reflect.NativeMethodAccessorImpl.invoke(NativeMethodAccessorImpl.java:62)
    at sun.reflect.DelegatingMethodAccessorImpl.invoke(DelegatingMethodAccessorImpl.java:43)

15:52:43.599 [pool-21-thread-1] INFO  f.i.l.c.t.SpecificationTestCasesListener - Tests run finished (3 ms)
<> Total tests run: 1
<> Ignored tests: 0
<> Failed tests: 0

org.junit.ComparisonFailure: expected:<...rsseparatedbyspaces>[6]isthemedian> but was:<...rsseparatedbyspaces>[8]isthemedian>
    at org.junit.Assert.assertEquals(Assert.java:115)
    at org.junit.Assert.assertEquals(Assert.java:144)
    at introclassJava.median_3b2376ab_003BlackboxTest.test3(median_3b2376ab_003BlackboxTest.java:32)
    at sun.reflect.NativeMethodAccessorImpl.invoke0(Native Method)
    at sun.reflect.NativeMethodAccessorImpl.invoke(NativeMethodAccessorImpl.java:62)
    at sun.reflect.DelegatingMethodAccessorImpl.invoke(DelegatingMethodAccessorImpl.java:43)
15:52:43.600 [pool-22-thread-1] INFO  f.i.l.c.t.SpecificationTestCasesListener - Tests run finished (1 ms)
<> Total tests run: 1
<> Ignored tests: 0
<> Failed tests: 1
~ test3(introclassJava.median_3b2376ab_003BlackboxTest)
[expected:<...rsseparatedbyspaces>[6]isthemedian> but was:<...rsseparatedbyspaces>[8]isthemedian>]
org.junit.ComparisonFailure: expected:<...rsseparatedbyspaces>[6]isthemedian> but was:<...rsseparatedbyspaces>[8]isthemedian>    at org.junit.Assert.assertEquals(Assert.java:115)
    at org.junit.Assert.assertEquals(Assert.java:144)
    at introclassJava.median_3b2376ab_003BlackboxTest.test3(median_3b2376ab_003BlackboxTest.java:32)
    at sun.reflect.NativeMethodAccessorImpl.invoke0(Native Method)
    at sun.reflect.NativeMethodAccessorImpl.invoke(NativeMethodAccessorImpl.java:62)
    at sun.reflect.DelegatingMethodAccessorImpl.invoke(DelegatingMethodAccessorImpl.java:43)

15:52:43.603 [pool-23-thread-1] INFO  f.i.l.r.n.s.ConstraintModelBuilder$1PassingListener - Tests run finished (0 ms)
<> Total tests run: 1
<> Ignored tests: 0
<> Failed tests: 0

org.junit.ComparisonFailure: expected:<...rsseparatedbyspaces>[6]isthemedian> but was:<...rsseparatedbyspaces>[8]isthemedian>
    at org.junit.Assert.assertEquals(Assert.java:115)
    at org.junit.Assert.assertEquals(Assert.java:144)
    at introclassJava.median_3b2376ab_003BlackboxTest.test5(median_3b2376ab_003BlackboxTest.java:50)
    at sun.reflect.NativeMethodAccessorImpl.invoke0(Native Method)
    at sun.reflect.NativeMethodAccessorImpl.invoke(NativeMethodAccessorImpl.java:62)
    at sun.reflect.DelegatingMethodAccessorImpl.invoke(DelegatingMethodAccessorImpl.java:43)
15:52:43.605 [pool-24-thread-1] INFO  f.i.l.r.n.s.ConstraintModelBuilder$1PassingListener - Tests run finished (1 ms)
<> Total tests run: 1
<> Ignored tests: 0
<> Failed tests: 1
~ test5(introclassJava.median_3b2376ab_003BlackboxTest)
[expected:<...rsseparatedbyspaces>[6]isthemedian> but was:<...rsseparatedbyspaces>[8]isthemedian>]
org.junit.ComparisonFailure: expected:<...rsseparatedbyspaces>[6]isthemedian> but was:<...rsseparatedbyspaces>[8]isthemedian>    at org.junit.Assert.assertEquals(Assert.java:115)
    at org.junit.Assert.assertEquals(Assert.java:144)
    at introclassJava.median_3b2376ab_003BlackboxTest.test5(median_3b2376ab_003BlackboxTest.java:50)
    at sun.reflect.NativeMethodAccessorImpl.invoke0(Native Method)
    at sun.reflect.NativeMethodAccessorImpl.invoke(NativeMethodAccessorImpl.java:62)
    at sun.reflect.DelegatingMethodAccessorImpl.invoke(DelegatingMethodAccessorImpl.java:43)

15:52:43.606 [pool-25-thread-1] INFO  f.i.l.r.n.s.ConstraintModelBuilder$1PassingListener - Tests run finished (0 ms)
<> Total tests run: 1
<> Ignored tests: 0
<> Failed tests: 0

15:52:43.608 [pool-26-thread-1] INFO  f.i.l.r.n.s.ConstraintModelBuilder$1PassingListener - Tests run finished (0 ms)
<> Total tests run: 1
<> Ignored tests: 0
<> Failed tests: 0

org.junit.ComparisonFailure: expected:<...rsseparatedbyspaces>[1]isthemedian> but was:<...rsseparatedbyspaces>[2]isthemedian>
    at org.junit.Assert.assertEquals(Assert.java:115)
    at org.junit.Assert.assertEquals(Assert.java:144)
    at introclassJava.median_3b2376ab_003WhiteboxTest.test2(median_3b2376ab_003WhiteboxTest.java:23)
    at sun.reflect.NativeMethodAccessorImpl.invoke0(Native Method)
    at sun.reflect.NativeMethodAccessorImpl.invoke(NativeMethodAccessorImpl.java:62)
    at sun.reflect.DelegatingMethodAccessorImpl.invoke(DelegatingMethodAccessorImpl.java:43)
15:52:43.610 [pool-27-thread-1] INFO  f.i.l.r.n.s.ConstraintModelBuilder$1PassingListener - Tests run finished (1 ms)
<> Total tests run: 1
<> Ignored tests: 0
<> Failed tests: 1
~ test2(introclassJava.median_3b2376ab_003WhiteboxTest)
[expected:<...rsseparatedbyspaces>[1]isthemedian> but was:<...rsseparatedbyspaces>[2]isthemedian>]
org.junit.ComparisonFailure: expected:<...rsseparatedbyspaces>[1]isthemedian> but was:<...rsseparatedbyspaces>[2]isthemedian>    at org.junit.Assert.assertEquals(Assert.java:115)
    at org.junit.Assert.assertEquals(Assert.java:144)
    at introclassJava.median_3b2376ab_003WhiteboxTest.test2(median_3b2376ab_003WhiteboxTest.java:23)
    at sun.reflect.NativeMethodAccessorImpl.invoke0(Native Method)
    at sun.reflect.NativeMethodAccessorImpl.invoke(NativeMethodAccessorImpl.java:62)
    at sun.reflect.DelegatingMethodAccessorImpl.invoke(DelegatingMethodAccessorImpl.java:43)

15:52:43.611 [pool-28-thread-1] INFO  f.i.l.r.n.s.ConstraintModelBuilder$1PassingListener - Tests run finished (0 ms)
<> Total tests run: 1
<> Ignored tests: 0
<> Failed tests: 0

org.junit.ComparisonFailure: expected:<...rsseparatedbyspaces>[6]isthemedian> but was:<...rsseparatedbyspaces>[8]isthemedian>
    at org.junit.Assert.assertEquals(Assert.java:115)
    at org.junit.Assert.assertEquals(Assert.java:144)
    at introclassJava.median_3b2376ab_003BlackboxTest.test3(median_3b2376ab_003BlackboxTest.java:32)
    at sun.reflect.NativeMethodAccessorImpl.invoke0(Native Method)
    at sun.reflect.NativeMethodAccessorImpl.invoke(NativeMethodAccessorImpl.java:62)
    at sun.reflect.DelegatingMethodAccessorImpl.invoke(DelegatingMethodAccessorImpl.java:43)
15:52:43.614 [pool-29-thread-1] INFO  f.i.l.r.n.s.ConstraintModelBuilder$1PassingListener - Tests run finished (2 ms)
<> Total tests run: 1
<> Ignored tests: 0
<> Failed tests: 1
~ test3(introclassJava.median_3b2376ab_003BlackboxTest)
[expected:<...rsseparatedbyspaces>[6]isthemedian> but was:<...rsseparatedbyspaces>[8]isthemedian>]
org.junit.ComparisonFailure: expected:<...rsseparatedbyspaces>[6]isthemedian> but was:<...rsseparatedbyspaces>[8]isthemedian>    at org.junit.Assert.assertEquals(Assert.java:115)
    at org.junit.Assert.assertEquals(Assert.java:144)
    at introclassJava.median_3b2376ab_003BlackboxTest.test3(median_3b2376ab_003BlackboxTest.java:32)
    at sun.reflect.NativeMethodAccessorImpl.invoke0(Native Method)
    at sun.reflect.NativeMethodAccessorImpl.invoke(NativeMethodAccessorImpl.java:62)
    at sun.reflect.DelegatingMethodAccessorImpl.invoke(DelegatingMethodAccessorImpl.java:43)

15:52:43.615 [pool-30-thread-1] INFO  f.i.l.r.n.s.ConstraintModelBuilder$1PassingListener - Tests run finished (0 ms)
<> Total tests run: 1
<> Ignored tests: 0
<> Failed tests: 0

15:52:43.617 [pool-31-thread-1] INFO  f.i.l.r.n.s.ConstraintModelBuilder$1PassingListener - Tests run finished (1 ms)
<> Total tests run: 1
<> Ignored tests: 0
<> Failed tests: 0

15:52:43.618 [pool-32-thread-1] INFO  f.i.l.r.n.s.ConstraintModelBuilder$1PassingListener - Tests run finished (0 ms)
<> Total tests run: 1
<> Ignored tests: 0
<> Failed tests: 0

15:52:43.619 [pool-33-thread-1] INFO  f.i.l.r.n.s.ConstraintModelBuilder$1PassingListener - Tests run finished (0 ms)
<> Total tests run: 1
<> Ignored tests: 0
<> Failed tests: 0

org.junit.ComparisonFailure: expected:<...rsseparatedbyspaces>[0]isthemedian> but was:<...rsseparatedbyspaces>[1]isthemedian>
    at org.junit.Assert.assertEquals(Assert.java:115)
    at org.junit.Assert.assertEquals(Assert.java:144)
    at introclassJava.median_3b2376ab_003WhiteboxTest.test3(median_3b2376ab_003WhiteboxTest.java:32)
    at sun.reflect.NativeMethodAccessorImpl.invoke0(Native Method)
    at sun.reflect.NativeMethodAccessorImpl.invoke(NativeMethodAccessorImpl.java:62)
    at sun.reflect.DelegatingMethodAccessorImpl.invoke(DelegatingMethodAccessorImpl.java:43)
15:52:43.621 [pool-34-thread-1] INFO  f.i.l.r.n.s.ConstraintModelBuilder$1PassingListener - Tests run finished (1 ms)
<> Total tests run: 1
<> Ignored tests: 0
<> Failed tests: 1
~ test3(introclassJava.median_3b2376ab_003WhiteboxTest)
[expected:<...rsseparatedbyspaces>[0]isthemedian> but was:<...rsseparatedbyspaces>[1]isthemedian>]
org.junit.ComparisonFailure: expected:<...rsseparatedbyspaces>[0]isthemedian> but was:<...rsseparatedbyspaces>[1]isthemedian>    at org.junit.Assert.assertEquals(Assert.java:115)
    at org.junit.Assert.assertEquals(Assert.java:144)
    at introclassJava.median_3b2376ab_003WhiteboxTest.test3(median_3b2376ab_003WhiteboxTest.java:32)
    at sun.reflect.NativeMethodAccessorImpl.invoke0(Native Method)
    at sun.reflect.NativeMethodAccessorImpl.invoke(NativeMethodAccessorImpl.java:62)
    at sun.reflect.DelegatingMethodAccessorImpl.invoke(DelegatingMethodAccessorImpl.java:43)

15:52:43.851 [pool-13-thread-1] DEBUG f.i.l.c.s.ConstraintBasedSynthesis - Operators:
15:52:43.970 [pool-13-thread-1] DEBUG f.i.l.c.s.ConstraintBasedSynthesis - Operators:
== of arity: 2
!= of arity: 2
< of arity: 2
<= of arity: 2
15:52:44.004 [pool-13-thread-1] DEBUG f.i.l.c.s.ConstraintBasedSynthesis - Operators:
== of arity: 2
!= of arity: 2
< of arity: 2
<= of arity: 2
! of arity: 1
|| of arity: 2
&& of arity: 2
15:52:44.060 [pool-13-thread-1] DEBUG f.i.l.c.s.ConstraintBasedSynthesis - Successful code synthesis: !((n3.value) > (n1.value))
15:52:44.061 [pool-13-thread-1] INFO  f.i.l.repair.nopol.patch.TestPatch - Applying patch: introclassJava.median_3b2376ab_003:80: CONDITIONAL !((n3.value) > (n1.value))
15:52:44.168 [pool-13-thread-1] INFO  f.i.l.repair.nopol.patch.TestPatch - Running test suite to check the patch "!((n3.value) > (n1.value))" is working
15:52:44.180 [pool-2-thread-1] INFO  fr.inria.lille.repair.nopol.NoPol - ----INFORMATION----
15:52:44.184 [pool-2-thread-1] INFO  fr.inria.lille.repair.nopol.NoPol - Nb classes : 6
15:52:44.184 [pool-2-thread-1] INFO  fr.inria.lille.repair.nopol.NoPol - Nb methods : 2
15:52:44.185 [pool-2-thread-1] INFO  fr.inria.lille.repair.nopol.NoPol - Nb Statements Analyzed : 2
15:52:44.185 [pool-2-thread-1] INFO  fr.inria.lille.repair.nopol.NoPol - Nb Statements with Angelic Value Found : 1
15:52:44.185 [pool-2-thread-1] INFO  fr.inria.lille.repair.nopol.NoPol - Nb inputs in SMT : 2
15:52:44.185 [pool-2-thread-1] INFO  fr.inria.lille.repair.nopol.NoPol - Nb SMT level: 3
15:52:44.185 [pool-2-thread-1] INFO  fr.inria.lille.repair.nopol.NoPol - Nb SMT components: [7] [== of arity: 2, != of arity: 2, < of arity: 2, <= of arity: 2, ! of arity: 1, || of arity: 2, && of arity: 2]
15:52:44.185 [pool-2-thread-1] INFO  fr.inria.lille.repair.nopol.NoPol -                   class java.lang.Boolean: 7
15:52:44.185 [pool-2-thread-1] INFO  fr.inria.lille.repair.nopol.NoPol - Nb variables in SMT : 14
15:52:44.185 [pool-2-thread-1] INFO  fr.inria.lille.repair.nopol.NoPol - NoPol Execution time : 4433ms
15:52:44.185 [pool-2-thread-1] INFO  fr.inria.lille.repair.nopol.NoPol - 
15:52:44.185 [pool-2-thread-1] INFO  fr.inria.lille.repair.nopol.NoPol - ----PATCH FOUND----
15:52:44.185 [pool-2-thread-1] INFO  fr.inria.lille.repair.nopol.NoPol - !((n3.value) > (n1.value))
15:52:44.186 [pool-2-thread-1] INFO  fr.inria.lille.repair.nopol.NoPol - Nb test that executes the patch: 6
15:52:44.186 [pool-2-thread-1] INFO  fr.inria.lille.repair.nopol.NoPol - introclassJava.median_3b2376ab_003:80: CONDITIONAL
15:52:44.198 [pool-2-thread-1] INFO  fr.inria.lille.repair.nopol.NoPol - --- a/src/main/java/introclassJava/median_3b2376ab_003.java
+++ b/src/main/java/introclassJava/median_3b2376ab_003.java
@@ -79,3 +79,3 @@
                 output += (String.format ("%d is the median\n", n2.value));
-            } else if (n3.value > n1.value) {
+            } else if (!((n3.value) > (n1.value))) {
                 output += (String.format ("%d is the median\n", n3.value));

PATCH
9.86user 0.94system 0:05.63elapsed 191%CPU (0avgtext+0avgdata 418564maxresident)k
63144inputs+5408outputs (24major+154953minor)pagefaults 0swaps


Node: uvb-18.sophia.grid5000.fr



Date: Wed Dec  5 15:52:44 EST 2018

