cd /tmp/GenProg_Bears_aicis-fresco_370628089-370634151;
export JAVA_TOOL_OPTIONS="-Dfile.encoding=UTF8 -Duser.language=en-US -Duser.country=US -Duser.language=en";
TZ="America/New_York"; export TZ;
export PATH="/usr/lib/jvm/java-1.8.0-openjdk-amd64/bin/:$PATH";
export JAVA_HOME="/usr/lib/jvm/java-1.8.0-openjdk-amd64/bin/";
timeout 120m java -Xmx4g -Xms1g -cp /home/tdurieux/defects4j4repair/script/../libs/jmetal.jar:/home/tdurieux/defects4j4repair/script/../repair_tools/arja.jar us.msu.cse.repair.Main \
	GenProg \
	-DexternalProjRoot /home/tdurieux/defects4j4repair/script/../libs/arja_external \
	-DsrcJavaDir  \
	-DbinJavaDir  \
	-DbinTestDir  \
	-DdiffFormat true \
	-Dseed 0 \
	-Ddependences /tmp/GenProg_Bears_aicis-fresco_370628089-370634151/core/target/classes:/tmp/GenProg_Bears_aicis-fresco_370628089-370634151/tools/ot/target/classes:/tmp/GenProg_Bears_aicis-fresco_370628089-370634151/tools/mascot/target/classes:/tmp/GenProg_Bears_aicis-fresco_370628089-370634151/suite/spdz/target/classes:/tmp/GenProg_Bears_aicis-fresco_370628089-370634151/suite/spdz2k/target/classes:/tmp/GenProg_Bears_aicis-fresco_370628089-370634151/suite/tinytables/target/classes:/tmp/GenProg_Bears_aicis-fresco_370628089-370634151/demos/common/target/classes:/tmp/GenProg_Bears_aicis-fresco_370628089-370634151/demos/psi/target/classes:/tmp/GenProg_Bears_aicis-fresco_370628089-370634151/demos/aes/target/classes:/tmp/GenProg_Bears_aicis-fresco_370628089-370634151/demos/distance/target/classes:/tmp/GenProg_Bears_aicis-fresco_370628089-370634151/demos/sum/target/classes:/tmp/GenProg_Bears_aicis-fresco_370628089-370634151/demos/aggregation/target/classes:/home/tdurieux/.m2/repository/com/esotericsoftware/jsonbeans/0.7/jsonbeans-0.7.jar:/home/tdurieux/.m2/repository/scapi/scapi/dfc8b2da384d87310c8f755b301bc085b1557671/scapi-dfc8b2da384d87310c8f755b301bc085b1557671.jar:/home/tdurieux/.m2/repository/ch/qos/logback/logback-core/1.2.3/logback-core-1.2.3.jar:/home/tdurieux/.m2/repository/junit/junit/4.12/junit-4.12.jar:/home/tdurieux/.m2/repository/org/hamcrest/hamcrest-library/1.3/hamcrest-library-1.3.jar:/home/tdurieux/.m2/repository/dk/alexandra/fresco/ot/1.0.1-SNAPSHOT/ot-1.0.1-SNAPSHOT.jar:/home/tdurieux/.m2/repository/dk/alexandra/fresco/core/1.0.1-SNAPSHOT/core-1.0.1-SNAPSHOT-tests.jar:/home/tdurieux/.m2/repository/com/esotericsoftware/minlog/minlog/1.2/minlog-1.2.jar:/home/tdurieux/.m2/repository/dk/alexandra/fresco/demos-common/1.0.1-SNAPSHOT/demos-common-1.0.1-SNAPSHOT.jar:/home/tdurieux/.m2/repository/com/esotericsoftware/kryo/kryo/2.24.0/kryo-2.24.0.jar:/home/tdurieux/.m2/repository/dk/alexandra/fresco/mascot/1.0.1-SNAPSHOT/mascot-1.0.1-SNAPSHOT.jar:/home/tdurieux/.m2/repository/org/apache/commons/commons-exec/1.2/commons-exec-1.2.jar:/home/tdurieux/.m2/repository/org/bouncycastle/bcprov-jdk15on/1.53/bcprov-jdk15on-1.53.jar:/home/tdurieux/.m2/repository/dk/alexandra/fresco/spdz/1.0.1-SNAPSHOT/spdz-1.0.1-SNAPSHOT.jar:/home/tdurieux/.m2/repository/com/esotericsoftware/kryonet/2.22.0-RC1/kryonet-2.22.0-RC1.jar:/home/tdurieux/.m2/repository/org/objenesis/objenesis/2.1/objenesis-2.1.jar:/home/tdurieux/.m2/repository/dk/alexandra/fresco/spdz/1.0.1-SNAPSHOT/spdz-1.0.1-SNAPSHOT-tests.jar:/home/tdurieux/.m2/repository/ch/qos/logback/logback-classic/1.2.3/logback-classic-1.2.3.jar:/home/tdurieux/.m2/repository/org/slf4j/slf4j-api/1.7.25/slf4j-api-1.7.25.jar:/home/tdurieux/.m2/repository/commons-cli/commons-cli/1.3/commons-cli-1.3.jar:/home/tdurieux/.m2/repository/org/apache/commons/commons-math3/3.5/commons-math3-3.5.jar:/home/tdurieux/.m2/repository/dk/alexandra/fresco/tinytables/1.0.1-SNAPSHOT/tinytables-1.0.1-SNAPSHOT.jar:/home/tdurieux/.m2/repository/org/hamcrest/hamcrest-core/1.3/hamcrest-core-1.3.jar:/home/tdurieux/.m2/repository/dk/alexandra/fresco/core/1.0.1-SNAPSHOT/core-1.0.1-SNAPSHOT.jar;
	echo "\n\nNode: `hostname`\n";
	echo "\n\nDate: `date`\n";
Picked up JAVA_TOOL_OPTIONS: -Dfile.encoding=UTF8 -Duser.language=en-US -Duser.country=US -Duser.language=en
Exception in thread "main" java.lang.IllegalArgumentException: Parameter 'directory' is not a directory
	at org.apache.commons.io.FileUtils.validateListFilesParameters(FileUtils.java:545)
	at org.apache.commons.io.FileUtils.listFiles(FileUtils.java:521)
	at us.msu.cse.repair.core.util.ClassFinder.scanTestDir(ClassFinder.java:75)
	at us.msu.cse.repair.core.util.ClassFinder.<init>(ClassFinder.java:48)
	at us.msu.cse.repair.core.AbstractRepairProblem.invokeClassFinder(AbstractRepairProblem.java:284)
	at us.msu.cse.repair.core.AbstractRepairProblem.invokeModules(AbstractRepairProblem.java:268)
	at us.msu.cse.repair.core.AbstractRepairProblem.<init>(AbstractRepairProblem.java:244)
	at us.msu.cse.repair.ec.problems.GenProgProblem.<init>(GenProgProblem.java:33)
	at us.msu.cse.repair.GenProgMain.main(GenProgMain.java:38)
	at us.msu.cse.repair.Main.main(Main.java:10)


Node: grisou-2.nancy.grid5000.fr



Date: Thu Dec 27 12:32:35 EST 2018

