debconf: unable to initialize frontend: Dialog
debconf: (Dialog frontend will not work on a dumb terminal, an emacs shell buffer, or without a controlling terminal.)
debconf: falling back to frontend: Readline
debconf: unable to initialize frontend: Readline
debconf: (This frontend requires a controlling tty.)
debconf: falling back to frontend: Teletype
dpkg-preconfigure: unable to re-open stdin: 
Traceback (most recent call last):
  File "/home/tdurieux/RepairThemAll/script/runner/local/LocalRunner.py", line 42, in run
    task.run()
  File "/home/tdurieux/RepairThemAll/script/runner/RepairTask.py", line 27, in run
    return self.tool.repair(self)
  File "/home/tdurieux/RepairThemAll/script/core/repair_tools/Arja.py", line 39, in repair
    classpath = bug.classpath(repair_task)
  File "/home/tdurieux/RepairThemAll/script/core/Bug.py", line 59, in classpath
    return self.benchmark.classpath(repair_task)
  File "/home/tdurieux/RepairThemAll/script/core/benchmarks/BugDotJar.py", line 164, in classpath
    info = self._get_project_info(repair_task.bug)
  File "/home/tdurieux/RepairThemAll/script/core/benchmarks/BugDotJar.py", line 96, in _get_project_info
    info = json.loads(subprocess.check_output(cmd, shell=True))
  File "/usr/lib/python2.7/subprocess.py", line 219, in check_output
    raise CalledProcessError(retcode, cmd, output=output)
CalledProcessError: Command 'cd /tmp/Kali_Bug_dot_jar_Camel_4954d573;
mvn com.github.tdurieux:project-config-maven-plugin:1.0-SNAPSHOT:info -q;
' returned non-zero exit status 1
