cd /tmp/NPEFix_Bug_dot_jar_Accumulo_9396979b;
export JAVA_TOOL_OPTIONS="-Dfile.encoding=UTF8 -Duser.language=en-US -Duser.country=US -Duser.language=en";
TZ="America/New_York"; export TZ;
export PATH="/usr/lib/jvm/java-1.8.0-openjdk-amd64/bin/:$PATH";
export JAVA_HOME="/usr/lib/jvm/java-1.8.0-openjdk-amd64/bin/";
time java -Xmx4048m -cp /home/tdurieux/defects4j4repair/script/../repair_tools/npefix.jar fr.inria.spirals.npefix.main.run.Main \
    --test org.apache.accumulo.server.constraints.MetadataConstraintsTest \
    --iteration 100 \
	--complianceLevel 7 \
	--workingdirectory . \
	--source server/src/main/java \
	--classpath server/target/classes:server/target/test-classes:/tmp/NPEFix_Bug_dot_jar_Accumulo_9396979b/trace/target/classes:/tmp/NPEFix_Bug_dot_jar_Accumulo_9396979b/start/target/classes:/tmp/NPEFix_Bug_dot_jar_Accumulo_9396979b/fate/target/classes:/tmp/NPEFix_Bug_dot_jar_Accumulo_9396979b/core/target/classes:/tmp/NPEFix_Bug_dot_jar_Accumulo_9396979b/examples/simple/target/classes:/tmp/NPEFix_Bug_dot_jar_Accumulo_9396979b/test/target/classes:/tmp/NPEFix_Bug_dot_jar_Accumulo_9396979b/proxy/target/classes:/home/tdurieux/.m2/repository/com/google/guava/guava/13.0.1/guava-13.0.1.jar:/home/tdurieux/.m2/repository/net/java/dev/jets3t/jets3t/0.7.1/jets3t-0.7.1.jar:/home/tdurieux/.m2/repository/net/sf/kosmosfs/kfs/0.3/kfs-0.3.jar:/home/tdurieux/.m2/repository/xmlenc/xmlenc/0.52/xmlenc-0.52.jar:/home/tdurieux/.m2/repository/org/mortbay/jetty/servlet-api-2.5/6.1.14/servlet-api-2.5-6.1.14.jar:/home/tdurieux/.m2/repository/org/powermock/powermock-module-junit4-common/1.4.12/powermock-module-junit4-common-1.4.12.jar:/home/tdurieux/.m2/repository/org/mortbay/jetty/jetty-util/6.1.26/jetty-util-6.1.26.jar:/home/tdurieux/.m2/repository/hsqldb/hsqldb/1.8.0.10/hsqldb-1.8.0.10.jar:/home/tdurieux/.m2/repository/org/powermock/powermock-reflect/1.4.12/powermock-reflect-1.4.12.jar:/home/tdurieux/.m2/repository/regexp/regexp/1.3/regexp-1.3.jar:/home/tdurieux/.m2/repository/commons-configuration/commons-configuration/1.5/commons-configuration-1.5.jar:/home/tdurieux/.m2/repository/org/apache/commons/commons-vfs2/2.0/commons-vfs2-2.0.jar:/home/tdurieux/.m2/repository/tomcat/jasper-compiler/5.5.12/jasper-compiler-5.5.12.jar:/home/tdurieux/.m2/repository/com/google/code/gson/gson/2.2.2/gson-2.2.2.jar:/home/tdurieux/.m2/repository/commons-collections/commons-collections/3.2/commons-collections-3.2.jar:/home/tdurieux/.m2/repository/jline/jline/0.9.94/jline-0.9.94.jar:/home/tdurieux/.m2/repository/org/apache/accumulo/accumulo-test/1.6.0-SNAPSHOT/accumulo-test-1.6.0-SNAPSHOT.jar:/home/tdurieux/.m2/repository/javax/ws/rs/jsr311-api/1.0/jsr311-api-1.0.jar:/home/tdurieux/.m2/repository/org/apache/commons/commons-math/2.2/commons-math-2.2.jar:/home/tdurieux/.m2/repository/org/apache/ftpserver/ftpserver-deprecated/1.0.0-M2/ftpserver-deprecated-1.0.0-M2.jar:/home/tdurieux/.m2/repository/commons-el/commons-el/1.0/commons-el-1.0.jar:/home/tdurieux/.m2/repository/org/slf4j/slf4j-nop/1.7.2/slf4j-nop-1.7.2.jar:/home/tdurieux/.m2/repository/com/beust/jcommander/1.30/jcommander-1.30.jar:/home/tdurieux/.m2/repository/cglib/cglib-nodep/2.2.2/cglib-nodep-2.2.2.jar:/home/tdurieux/.m2/repository/org/easymock/easymock/3.1/easymock-3.1.jar:/home/tdurieux/.m2/repository/log4j/log4j/1.2.16/log4j-1.2.16.jar:/home/tdurieux/.m2/repository/org/apache/httpcomponents/httpclient/4.1.3/httpclient-4.1.3.jar:/home/tdurieux/.m2/repository/org/codehaus/jackson/jackson-core-asl/1.0.1/jackson-core-asl-1.0.1.jar:/home/tdurieux/.m2/repository/commons-httpclient/commons-httpclient/3.0.1/commons-httpclient-3.0.1.jar:/home/tdurieux/.m2/repository/tomcat/jasper-runtime/5.5.12/jasper-runtime-5.5.12.jar:/home/tdurieux/.m2/repository/org/apache/maven/scm/maven-scm-api/1.4/maven-scm-api-1.4.jar:/home/tdurieux/.m2/repository/org/codehaus/jackson/jackson-mapper-asl/1.0.1/jackson-mapper-asl-1.0.1.jar:/home/tdurieux/.m2/repository/org/eclipse/jdt/core/3.1.1/core-3.1.1.jar:/home/tdurieux/.m2/repository/org/apache/hadoop/hadoop-test/1.0.4/hadoop-test-1.0.4.jar:/home/tdurieux/.m2/repository/javax/servlet/servlet-api/2.4/servlet-api-2.4.jar:/home/tdurieux/.m2/repository/org/apache/accumulo/accumulo-start/1.6.0-SNAPSHOT/accumulo-start-1.6.0-SNAPSHOT.jar:/home/tdurieux/.m2/repository/org/apache/accumulo/accumulo-server/1.6.0-SNAPSHOT/accumulo-server-1.6.0-SNAPSHOT.jar:/home/tdurieux/.m2/repository/commons-io/commons-io/1.4/commons-io-1.4.jar:/home/tdurieux/.m2/repository/org/objenesis/objenesis/1.2/objenesis-1.2.jar:/home/tdurieux/.m2/repository/ant/ant/1.6.5/ant-1.6.5.jar:/home/tdurieux/.m2/repository/org/apache/accumulo/accumulo-trace/1.6.0-SNAPSHOT/accumulo-trace-1.6.0-SNAPSHOT.jar:/home/tdurieux/.m2/repository/org/slf4j/slf4j-api/1.4.3/slf4j-api-1.4.3.jar:/home/tdurieux/.m2/repository/org/apache/zookeeper/zookeeper/3.3.1/zookeeper-3.3.1.jar:/home/tdurieux/.m2/repository/commons-cli/commons-cli/1.2/commons-cli-1.2.jar:/home/tdurieux/.m2/repository/org/apache/thrift/libthrift/0.9.0/libthrift-0.9.0.jar:/home/tdurieux/.m2/repository/org/mortbay/jetty/jsp-2.1/6.1.14/jsp-2.1-6.1.14.jar:/home/tdurieux/.m2/repository/org/mortbay/jetty/jetty/6.1.26/jetty-6.1.26.jar:/home/tdurieux/.m2/repository/commons-logging/commons-logging/1.0.4/commons-logging-1.0.4.jar:/home/tdurieux/.m2/repository/org/apache/accumulo/accumulo-core/1.6.0-SNAPSHOT/accumulo-core-1.6.0-SNAPSHOT.jar:/home/tdurieux/.m2/repository/org/apache/httpcomponents/httpcore/4.1.3/httpcore-4.1.3.jar:/home/tdurieux/.m2/repository/org/mortbay/jetty/jsp-api-2.1/6.1.14/jsp-api-2.1-6.1.14.jar:/home/tdurieux/.m2/repository/org/apache/ftpserver/ftplet-api/1.0.0/ftplet-api-1.0.0.jar:/home/tdurieux/.m2/repository/org/apache/maven/scm/maven-scm-provider-svnexe/1.4/maven-scm-provider-svnexe-1.4.jar:/home/tdurieux/.m2/repository/org/hamcrest/hamcrest-core/1.3/hamcrest-core-1.3.jar:/home/tdurieux/.m2/repository/org/powermock/powermock-api-easymock/1.4.12/powermock-api-easymock-1.4.12.jar:/home/tdurieux/.m2/repository/org/mortbay/jetty/servlet-api/2.5-20081211/servlet-api-2.5-20081211.jar:/home/tdurieux/.m2/repository/org/apache/mina/mina-core/2.0.0-M5/mina-core-2.0.0-M5.jar:/home/tdurieux/.m2/repository/org/powermock/powermock-api-support/1.4.12/powermock-api-support-1.4.12.jar:/home/tdurieux/.m2/repository/org/apache/ftpserver/ftpserver-core/1.0.0/ftpserver-core-1.0.0.jar:/home/tdurieux/.m2/repository/commons-net/commons-net/1.4.1/commons-net-1.4.1.jar:/home/tdurieux/.m2/repository/junit/junit/4.11/junit-4.11.jar:/home/tdurieux/.m2/repository/org/apache/accumulo/accumulo-proxy/1.6.0-SNAPSHOT/accumulo-proxy-1.6.0-SNAPSHOT.jar:/home/tdurieux/.m2/repository/commons-digester/commons-digester/1.8/commons-digester-1.8.jar:/home/tdurieux/.m2/repository/org/powermock/powermock-core/1.4.12/powermock-core-1.4.12.jar:/home/tdurieux/.m2/repository/org/apache/hadoop/hadoop-core/1.0.4/hadoop-core-1.0.4.jar:/home/tdurieux/.m2/repository/org/slf4j/slf4j-log4j12/1.4.3/slf4j-log4j12-1.4.3.jar:/home/tdurieux/.m2/repository/oro/oro/2.0.8/oro-2.0.8.jar:/home/tdurieux/.m2/repository/org/apache/hadoop/hadoop-tools/1.0.4/hadoop-tools-1.0.4.jar:/home/tdurieux/.m2/repository/commons-lang/commons-lang/2.4/commons-lang-2.4.jar:/home/tdurieux/.m2/repository/org/codehaus/plexus/plexus-utils/1.5.6/plexus-utils-1.5.6.jar:/home/tdurieux/.m2/repository/org/javassist/javassist/3.16.1-GA/javassist-3.16.1-GA.jar:/home/tdurieux/.m2/repository/org/powermock/powermock-module-junit4/1.4.12/powermock-module-junit4-1.4.12.jar:/home/tdurieux/.m2/repository/org/apache/accumulo/accumulo-examples-simple/1.6.0-SNAPSHOT/accumulo-examples-simple-1.6.0-SNAPSHOT.jar:/home/tdurieux/.m2/repository/commons-codec/commons-codec/1.3/commons-codec-1.3.jar:/home/tdurieux/.m2/repository/commons-beanutils/commons-beanutils-core/1.7.0/commons-beanutils-core-1.7.0.jar:/home/tdurieux/.m2/repository/org/apache/maven/scm/maven-scm-provider-svn-commons/1.4/maven-scm-provider-svn-commons-1.4.jar:/home/tdurieux/.m2/repository/commons-beanutils/commons-beanutils/1.7.0/commons-beanutils-1.7.0.jar:/home/tdurieux/.m2/repository/org/apache/accumulo/accumulo-fate/1.6.0-SNAPSHOT/accumulo-fate-1.6.0-SNAPSHOT.jar;
	echo "\n\nNode: `hostname`\n";
	echo "\n\nDate: `date`\n";
Picked up JAVA_TOOL_OPTIONS: -Dfile.encoding=UTF8 -Duser.language=en-US -Duser.country=US -Duser.language=en
TernarySplitter  in 263ms
TabletServer.log.warn(("exception while scanning tablet " + (scanSession == null ? "(unknown)" : scanSession.extent)), e)
boolean sameTable = ((us.currentTablet) != null) && (us.currentTablet.getExtent().getTableId().equals(keyExtent.getTableId()))
out.writeBoolean(((startRow) != null))
out.writeBoolean(((endRow) != null))
resp.addCookie(new Cookie("page.refresh.rate", (value == null ? "5" : value)))
boolean perEqual = ((per == null) && (lastEndRow == null)) || (((per != null) && (lastEndRow != null)) && (per.equals(lastEndRow)))
boolean perEqual = ((per == null) && (lastEndRow == null)) || (((per != null) && (lastEndRow != null)) && (per.equals(lastEndRow)))
boolean perEqual = ((per == null) && (lastEndRow == null)) || (((per != null) && (lastEndRow != null)) && (per.equals(lastEndRow)))
boolean perEqual = ((per == null) && (lastEndRow == null)) || (((per != null) && (lastEndRow != null)) && (per.equals(lastEndRow)))
return ((otherMemTable) != null) || ((deletingMemTable) != null)
return ((otherMemTable) != null) || ((deletingMemTable) != null)
String newMapfileLocation = getNextMapFilename(((mergeFile) == null ? "F" : "M"))
ret = (findSplitRow(datafileManager.getFiles())) != null
Tablet.log.error(("MajC Failed, message = " + ((t.getMessage()) == null ? t.getClass().getName() : t.getMessage())), t)
return !((children == null) || (children.isEmpty()))
boolean prevEndRowLessThanEndRow = ((per == null) || ((ke.getEndRow()) == null)) || ((per.compareTo(ke.getEndRow())) < 0)
boolean prevEndRowLessThanEndRow = ((per == null) || ((ke.getEndRow()) == null)) || ((per.compareTo(ke.getEndRow())) < 0)
return ((extent.getPrevEndRow()) != null) && (extent.getPrevEndRow().equals(range.getEndRow()))
Range range = new KeyExtent(new Text(tableId), null, ((startRow) == null ? null : new Text(startRow))).toMetadataRange()
return (entry) != null
return (zooCache.get((((ZKUserPath) + "/") + user))) != null
client.flush(Tracer.traceInfo(), SecurityConstants.getSystemCredentials(), lockString(lock), tableId, null, (endRow == null ? null : ByteBuffer.wrap(endRow)))
client.flush(Tracer.traceInfo(), SecurityConstants.getSystemCredentials(), lockString(lock), tableId, ByteBuffer.wrap(startRow), (endRow == null ? null : ByteBuffer.wrap(endRow)))
client.compact(Tracer.traceInfo(), SecurityConstants.getSystemCredentials(), lockString(lock), tableId, null, (endRow == null ? null : ByteBuffer.wrap(endRow)))
client.compact(Tracer.traceInfo(), SecurityConstants.getSystemCredentials(), lockString(lock), tableId, ByteBuffer.wrap(startRow), (endRow == null ? null : ByteBuffer.wrap(endRow)))
boolean hasData = ((node.data) != null) && (!(node.data.isEmpty()))
dos.writeBoolean(((server) != null))
dos.writeBoolean(((exception) != null))
showLegend = (c != null) && (Boolean.parseBoolean(c.getValue()))
GarbageCollectWriteAheadLogs walogCollector = new GarbageCollectWriteAheadLogs(instance, fs, ((trash) == null))
return TServerLinkType.displayName((status == null ? null : status.name))
String metaRow = tableId + (endRow == null ? "<" : ";" + endRow)
opTimer.stop((("Found root tablet at " + (loc == null ? null : new String(loc))) + " in %DURATION%"))
opTimer.stop((("Found master at " + (loc == null ? null : new String(loc))) + " in %DURATION%"))
compactingByTable.put(table, Math.max((holdTime == null ? 0.0 : holdTime.doubleValue()), status.holdTime))
return (findMapFilesToCompact(tabletFiles, reason)) != null
return (memDumpFile) == null
CheckNotNull  in 3352ms
ForceNullInit in 174ms
AddImplicitCastChecker --> 10 in 376ms
if ((table.scans) == null)
    table.scans = new org.apache.accumulo.core.master.thrift.Compacting();
-->(table.scans)
java.lang.NullPointerException
	at fr.inria.spirals.npefix.transformer.processors.BeforeDerefAdder.process(BeforeDerefAdder.java:175)
	at fr.inria.spirals.npefix.transformer.processors.BeforeDerefAdder.process(BeforeDerefAdder.java:60)
	at spoon.support.visitor.ProcessingVisitor.scan(ProcessingVisitor.java:81)
	at spoon.reflect.visitor.CtScanner.scan(CtScanner.java:157)
	at spoon.reflect.visitor.CtScanner.visitCtBinaryOperator(CtScanner.java:282)
	at spoon.support.reflect.code.CtBinaryOperatorImpl.accept(CtBinaryOperatorImpl.java:44)
	at spoon.reflect.visitor.CtScanner.scan(CtScanner.java:165)
	at spoon.support.visitor.ProcessingVisitor.scan(ProcessingVisitor.java:77)
	at spoon.reflect.visitor.CtScanner.scan(CtScanner.java:157)
	at spoon.reflect.visitor.CtScanner.visitCtIf(CtScanner.java:473)
	at spoon.support.reflect.code.CtIfImpl.accept(CtIfImpl.java:46)
	at spoon.reflect.visitor.CtScanner.scan(CtScanner.java:165)
	at spoon.support.visitor.ProcessingVisitor.scan(ProcessingVisitor.java:77)
	at spoon.reflect.visitor.CtScanner.scan(CtScanner.java:157)
	at spoon.reflect.visitor.CtScanner.scan(CtScanner.java:141)
	at spoon.reflect.visitor.CtScanner.visitCtBlock(CtScanner.java:291)
	at spoon.support.reflect.code.CtBlockImpl.accept(CtBlockImpl.java:48)
	at spoon.reflect.visitor.CtScanner.scan(CtScanner.java:165)
	at spoon.support.visitor.ProcessingVisitor.scan(ProcessingVisitor.java:77)
	at spoon.reflect.visitor.CtScanner.scan(CtScanner.java:157)
	at spoon.reflect.visitor.CtScanner.visitCtForEach(CtScanner.java:465)
	at spoon.support.reflect.code.CtForEachImpl.accept(CtForEachImpl.java:40)
	at spoon.reflect.visitor.CtScanner.scan(CtScanner.java:165)
	at spoon.support.visitor.ProcessingVisitor.scan(ProcessingVisitor.java:77)
	at spoon.reflect.visitor.CtScanner.scan(CtScanner.java:157)
	at spoon.reflect.visitor.CtScanner.scan(CtScanner.java:141)
	at spoon.reflect.visitor.CtScanner.visitCtBlock(CtScanner.java:291)
	at spoon.support.reflect.code.CtBlockImpl.accept(CtBlockImpl.java:48)
	at spoon.reflect.visitor.CtScanner.scan(CtScanner.java:165)
	at spoon.support.visitor.ProcessingVisitor.scan(ProcessingVisitor.java:77)
	at spoon.reflect.visitor.CtScanner.scan(CtScanner.java:157)
	at spoon.reflect.visitor.CtScanner.visitCtMethod(CtScanner.java:549)
	at spoon.support.reflect.declaration.CtMethodImpl.accept(CtMethodImpl.java:70)
	at spoon.reflect.visitor.CtScanner.scan(CtScanner.java:165)
	at spoon.support.visitor.ProcessingVisitor.scan(ProcessingVisitor.java:77)
	at spoon.reflect.visitor.CtScanner.scan(CtScanner.java:157)
	at spoon.reflect.visitor.CtScanner.scan(CtScanner.java:141)
	at spoon.reflect.visitor.CtScanner.visitCtClass(CtScanner.java:327)
	at spoon.support.reflect.declaration.CtClassImpl.accept(CtClassImpl.java:68)
	at spoon.reflect.visitor.CtScanner.scan(CtScanner.java:165)
	at spoon.support.visitor.ProcessingVisitor.scan(ProcessingVisitor.java:77)
	at spoon.support.QueueProcessingManager.process(QueueProcessingManager.java:119)
	at fr.inria.spirals.npefix.main.all.Launcher.instrument(Launcher.java:105)
	at fr.inria.spirals.npefix.main.run.Main.run(Main.java:61)
	at fr.inria.spirals.npefix.main.run.Main.main(Main.java:48)
if ((total.minors) == null)
    total.minors = new org.apache.accumulo.core.master.thrift.Compacting();
-->(total.minors)
java.lang.NullPointerException
	at fr.inria.spirals.npefix.transformer.processors.BeforeDerefAdder.process(BeforeDerefAdder.java:175)
	at fr.inria.spirals.npefix.transformer.processors.BeforeDerefAdder.process(BeforeDerefAdder.java:60)
	at spoon.support.visitor.ProcessingVisitor.scan(ProcessingVisitor.java:81)
	at spoon.reflect.visitor.CtScanner.scan(CtScanner.java:157)
	at spoon.reflect.visitor.CtScanner.visitCtBinaryOperator(CtScanner.java:282)
	at spoon.support.reflect.code.CtBinaryOperatorImpl.accept(CtBinaryOperatorImpl.java:44)
	at spoon.reflect.visitor.CtScanner.scan(CtScanner.java:165)
	at spoon.support.visitor.ProcessingVisitor.scan(ProcessingVisitor.java:77)
	at spoon.reflect.visitor.CtScanner.scan(CtScanner.java:157)
	at spoon.reflect.visitor.CtScanner.visitCtIf(CtScanner.java:473)
	at spoon.support.reflect.code.CtIfImpl.accept(CtIfImpl.java:46)
	at spoon.reflect.visitor.CtScanner.scan(CtScanner.java:165)
	at spoon.support.visitor.ProcessingVisitor.scan(ProcessingVisitor.java:77)
	at spoon.reflect.visitor.CtScanner.scan(CtScanner.java:157)
	at spoon.reflect.visitor.CtScanner.scan(CtScanner.java:141)
	at spoon.reflect.visitor.CtScanner.visitCtBlock(CtScanner.java:291)
	at spoon.support.reflect.code.CtBlockImpl.accept(CtBlockImpl.java:48)
	at spoon.reflect.visitor.CtScanner.scan(CtScanner.java:165)
	at spoon.support.visitor.ProcessingVisitor.scan(ProcessingVisitor.java:77)
	at spoon.reflect.visitor.CtScanner.scan(CtScanner.java:157)
	at spoon.reflect.visitor.CtScanner.visitCtMethod(CtScanner.java:549)
	at spoon.support.reflect.declaration.CtMethodImpl.accept(CtMethodImpl.java:70)
	at spoon.reflect.visitor.CtScanner.scan(CtScanner.java:165)
	at spoon.support.visitor.ProcessingVisitor.scan(ProcessingVisitor.java:77)
	at spoon.reflect.visitor.CtScanner.scan(CtScanner.java:157)
	at spoon.reflect.visitor.CtScanner.scan(CtScanner.java:141)
	at spoon.reflect.visitor.CtScanner.visitCtClass(CtScanner.java:327)
	at spoon.support.reflect.declaration.CtClassImpl.accept(CtClassImpl.java:68)
	at spoon.reflect.visitor.CtScanner.scan(CtScanner.java:165)
	at spoon.support.visitor.ProcessingVisitor.scan(ProcessingVisitor.java:77)
	at spoon.support.QueueProcessingManager.process(QueueProcessingManager.java:119)
	at fr.inria.spirals.npefix.main.all.Launcher.instrument(Launcher.java:105)
	at fr.inria.spirals.npefix.main.run.Main.run(Main.java:61)
	at fr.inria.spirals.npefix.main.run.Main.main(Main.java:48)
if ((total.majors) == null)
    total.majors = new org.apache.accumulo.core.master.thrift.Compacting();
-->(total.majors)
java.lang.NullPointerException
	at fr.inria.spirals.npefix.transformer.processors.BeforeDerefAdder.process(BeforeDerefAdder.java:175)
	at fr.inria.spirals.npefix.transformer.processors.BeforeDerefAdder.process(BeforeDerefAdder.java:60)
	at spoon.support.visitor.ProcessingVisitor.scan(ProcessingVisitor.java:81)
	at spoon.reflect.visitor.CtScanner.scan(CtScanner.java:157)
	at spoon.reflect.visitor.CtScanner.visitCtBinaryOperator(CtScanner.java:282)
	at spoon.support.reflect.code.CtBinaryOperatorImpl.accept(CtBinaryOperatorImpl.java:44)
	at spoon.reflect.visitor.CtScanner.scan(CtScanner.java:165)
	at spoon.support.visitor.ProcessingVisitor.scan(ProcessingVisitor.java:77)
	at spoon.reflect.visitor.CtScanner.scan(CtScanner.java:157)
	at spoon.reflect.visitor.CtScanner.visitCtIf(CtScanner.java:473)
	at spoon.support.reflect.code.CtIfImpl.accept(CtIfImpl.java:46)
	at spoon.reflect.visitor.CtScanner.scan(CtScanner.java:165)
	at spoon.support.visitor.ProcessingVisitor.scan(ProcessingVisitor.java:77)
	at spoon.reflect.visitor.CtScanner.scan(CtScanner.java:157)
	at spoon.reflect.visitor.CtScanner.scan(CtScanner.java:141)
	at spoon.reflect.visitor.CtScanner.visitCtBlock(CtScanner.java:291)
	at spoon.support.reflect.code.CtBlockImpl.accept(CtBlockImpl.java:48)
	at spoon.reflect.visitor.CtScanner.scan(CtScanner.java:165)
	at spoon.support.visitor.ProcessingVisitor.scan(ProcessingVisitor.java:77)
	at spoon.reflect.visitor.CtScanner.scan(CtScanner.java:157)
	at spoon.reflect.visitor.CtScanner.visitCtMethod(CtScanner.java:549)
	at spoon.support.reflect.declaration.CtMethodImpl.accept(CtMethodImpl.java:70)
	at spoon.reflect.visitor.CtScanner.scan(CtScanner.java:165)
	at spoon.support.visitor.ProcessingVisitor.scan(ProcessingVisitor.java:77)
	at spoon.reflect.visitor.CtScanner.scan(CtScanner.java:157)
	at spoon.reflect.visitor.CtScanner.scan(CtScanner.java:141)
	at spoon.reflect.visitor.CtScanner.visitCtClass(CtScanner.java:327)
	at spoon.support.reflect.declaration.CtClassImpl.accept(CtClassImpl.java:68)
	at spoon.reflect.visitor.CtScanner.scan(CtScanner.java:165)
	at spoon.support.visitor.ProcessingVisitor.scan(ProcessingVisitor.java:77)
	at spoon.support.QueueProcessingManager.process(QueueProcessingManager.java:119)
	at fr.inria.spirals.npefix.main.all.Launcher.instrument(Launcher.java:105)
	at fr.inria.spirals.npefix.main.run.Main.run(Main.java:61)
	at fr.inria.spirals.npefix.main.run.Main.main(Main.java:48)
if ((total.scans) == null)
    total.scans = new org.apache.accumulo.core.master.thrift.Compacting();
-->(total.scans)
java.lang.NullPointerException
	at fr.inria.spirals.npefix.transformer.processors.BeforeDerefAdder.process(BeforeDerefAdder.java:175)
	at fr.inria.spirals.npefix.transformer.processors.BeforeDerefAdder.process(BeforeDerefAdder.java:60)
	at spoon.support.visitor.ProcessingVisitor.scan(ProcessingVisitor.java:81)
	at spoon.reflect.visitor.CtScanner.scan(CtScanner.java:157)
	at spoon.reflect.visitor.CtScanner.visitCtBinaryOperator(CtScanner.java:282)
	at spoon.support.reflect.code.CtBinaryOperatorImpl.accept(CtBinaryOperatorImpl.java:44)
	at spoon.reflect.visitor.CtScanner.scan(CtScanner.java:165)
	at spoon.support.visitor.ProcessingVisitor.scan(ProcessingVisitor.java:77)
	at spoon.reflect.visitor.CtScanner.scan(CtScanner.java:157)
	at spoon.reflect.visitor.CtScanner.visitCtIf(CtScanner.java:473)
	at spoon.support.reflect.code.CtIfImpl.accept(CtIfImpl.java:46)
	at spoon.reflect.visitor.CtScanner.scan(CtScanner.java:165)
	at spoon.support.visitor.ProcessingVisitor.scan(ProcessingVisitor.java:77)
	at spoon.reflect.visitor.CtScanner.scan(CtScanner.java:157)
	at spoon.reflect.visitor.CtScanner.scan(CtScanner.java:141)
	at spoon.reflect.visitor.CtScanner.visitCtBlock(CtScanner.java:291)
	at spoon.support.reflect.code.CtBlockImpl.accept(CtBlockImpl.java:48)
	at spoon.reflect.visitor.CtScanner.scan(CtScanner.java:165)
	at spoon.support.visitor.ProcessingVisitor.scan(ProcessingVisitor.java:77)
	at spoon.reflect.visitor.CtScanner.scan(CtScanner.java:157)
	at spoon.reflect.visitor.CtScanner.visitCtMethod(CtScanner.java:549)
	at spoon.support.reflect.declaration.CtMethodImpl.accept(CtMethodImpl.java:70)
	at spoon.reflect.visitor.CtScanner.scan(CtScanner.java:165)
	at spoon.support.visitor.ProcessingVisitor.scan(ProcessingVisitor.java:77)
	at spoon.reflect.visitor.CtScanner.scan(CtScanner.java:157)
	at spoon.reflect.visitor.CtScanner.scan(CtScanner.java:141)
	at spoon.reflect.visitor.CtScanner.visitCtClass(CtScanner.java:327)
	at spoon.support.reflect.declaration.CtClassImpl.accept(CtClassImpl.java:68)
	at spoon.reflect.visitor.CtScanner.scan(CtScanner.java:165)
	at spoon.support.visitor.ProcessingVisitor.scan(ProcessingVisitor.java:77)
	at spoon.support.QueueProcessingManager.process(QueueProcessingManager.java:119)
	at fr.inria.spirals.npefix.main.all.Launcher.instrument(Launcher.java:105)
	at fr.inria.spirals.npefix.main.run.Main.run(Main.java:61)
	at fr.inria.spirals.npefix.main.run.Main.main(Main.java:48)
if ((more.minors) != null) {
    total.minors.running += more.minors.running;
    total.minors.queued += more.minors.queued;
}-->(more.minors)
java.lang.NullPointerException
	at fr.inria.spirals.npefix.transformer.processors.BeforeDerefAdder.process(BeforeDerefAdder.java:175)
	at fr.inria.spirals.npefix.transformer.processors.BeforeDerefAdder.process(BeforeDerefAdder.java:60)
	at spoon.support.visitor.ProcessingVisitor.scan(ProcessingVisitor.java:81)
	at spoon.reflect.visitor.CtScanner.scan(CtScanner.java:157)
	at spoon.reflect.visitor.CtScanner.visitCtBinaryOperator(CtScanner.java:282)
	at spoon.support.reflect.code.CtBinaryOperatorImpl.accept(CtBinaryOperatorImpl.java:44)
	at spoon.reflect.visitor.CtScanner.scan(CtScanner.java:165)
	at spoon.support.visitor.ProcessingVisitor.scan(ProcessingVisitor.java:77)
	at spoon.reflect.visitor.CtScanner.scan(CtScanner.java:157)
	at spoon.reflect.visitor.CtScanner.visitCtIf(CtScanner.java:473)
	at spoon.support.reflect.code.CtIfImpl.accept(CtIfImpl.java:46)
	at spoon.reflect.visitor.CtScanner.scan(CtScanner.java:165)
	at spoon.support.visitor.ProcessingVisitor.scan(ProcessingVisitor.java:77)
	at spoon.reflect.visitor.CtScanner.scan(CtScanner.java:157)
	at spoon.reflect.visitor.CtScanner.scan(CtScanner.java:141)
	at spoon.reflect.visitor.CtScanner.visitCtBlock(CtScanner.java:291)
	at spoon.support.reflect.code.CtBlockImpl.accept(CtBlockImpl.java:48)
	at spoon.reflect.visitor.CtScanner.scan(CtScanner.java:165)
	at spoon.support.visitor.ProcessingVisitor.scan(ProcessingVisitor.java:77)
	at spoon.reflect.visitor.CtScanner.scan(CtScanner.java:157)
	at spoon.reflect.visitor.CtScanner.visitCtMethod(CtScanner.java:549)
	at spoon.support.reflect.declaration.CtMethodImpl.accept(CtMethodImpl.java:70)
	at spoon.reflect.visitor.CtScanner.scan(CtScanner.java:165)
	at spoon.support.visitor.ProcessingVisitor.scan(ProcessingVisitor.java:77)
	at spoon.reflect.visitor.CtScanner.scan(CtScanner.java:157)
	at spoon.reflect.visitor.CtScanner.scan(CtScanner.java:141)
	at spoon.reflect.visitor.CtScanner.visitCtClass(CtScanner.java:327)
	at spoon.support.reflect.declaration.CtClassImpl.accept(CtClassImpl.java:68)
	at spoon.reflect.visitor.CtScanner.scan(CtScanner.java:165)
	at spoon.support.visitor.ProcessingVisitor.scan(ProcessingVisitor.java:77)
	at spoon.support.QueueProcessingManager.process(QueueProcessingManager.java:119)
	at fr.inria.spirals.npefix.main.all.Launcher.instrument(Launcher.java:105)
	at fr.inria.spirals.npefix.main.run.Main.run(Main.java:61)
	at fr.inria.spirals.npefix.main.run.Main.main(Main.java:48)
if ((more.majors) != null) {
    total.majors.running += more.majors.running;
    total.majors.queued += more.majors.queued;
}-->(more.majors)
java.lang.NullPointerException
	at fr.inria.spirals.npefix.transformer.processors.BeforeDerefAdder.process(BeforeDerefAdder.java:175)
	at fr.inria.spirals.npefix.transformer.processors.BeforeDerefAdder.process(BeforeDerefAdder.java:60)
	at spoon.support.visitor.ProcessingVisitor.scan(ProcessingVisitor.java:81)
	at spoon.reflect.visitor.CtScanner.scan(CtScanner.java:157)
	at spoon.reflect.visitor.CtScanner.visitCtBinaryOperator(CtScanner.java:282)
	at spoon.support.reflect.code.CtBinaryOperatorImpl.accept(CtBinaryOperatorImpl.java:44)
	at spoon.reflect.visitor.CtScanner.scan(CtScanner.java:165)
	at spoon.support.visitor.ProcessingVisitor.scan(ProcessingVisitor.java:77)
	at spoon.reflect.visitor.CtScanner.scan(CtScanner.java:157)
	at spoon.reflect.visitor.CtScanner.visitCtIf(CtScanner.java:473)
	at spoon.support.reflect.code.CtIfImpl.accept(CtIfImpl.java:46)
	at spoon.reflect.visitor.CtScanner.scan(CtScanner.java:165)
	at spoon.support.visitor.ProcessingVisitor.scan(ProcessingVisitor.java:77)
	at spoon.reflect.visitor.CtScanner.scan(CtScanner.java:157)
	at spoon.reflect.visitor.CtScanner.scan(CtScanner.java:141)
	at spoon.reflect.visitor.CtScanner.visitCtBlock(CtScanner.java:291)
	at spoon.support.reflect.code.CtBlockImpl.accept(CtBlockImpl.java:48)
	at spoon.reflect.visitor.CtScanner.scan(CtScanner.java:165)
	at spoon.support.visitor.ProcessingVisitor.scan(ProcessingVisitor.java:77)
	at spoon.reflect.visitor.CtScanner.scan(CtScanner.java:157)
	at spoon.reflect.visitor.CtScanner.visitCtMethod(CtScanner.java:549)
	at spoon.support.reflect.declaration.CtMethodImpl.accept(CtMethodImpl.java:70)
	at spoon.reflect.visitor.CtScanner.scan(CtScanner.java:165)
	at spoon.support.visitor.ProcessingVisitor.scan(ProcessingVisitor.java:77)
	at spoon.reflect.visitor.CtScanner.scan(CtScanner.java:157)
	at spoon.reflect.visitor.CtScanner.scan(CtScanner.java:141)
	at spoon.reflect.visitor.CtScanner.visitCtClass(CtScanner.java:327)
	at spoon.support.reflect.declaration.CtClassImpl.accept(CtClassImpl.java:68)
	at spoon.reflect.visitor.CtScanner.scan(CtScanner.java:165)
	at spoon.support.visitor.ProcessingVisitor.scan(ProcessingVisitor.java:77)
	at spoon.support.QueueProcessingManager.process(QueueProcessingManager.java:119)
	at fr.inria.spirals.npefix.main.all.Launcher.instrument(Launcher.java:105)
	at fr.inria.spirals.npefix.main.run.Main.run(Main.java:61)
	at fr.inria.spirals.npefix.main.run.Main.main(Main.java:48)
if ((more.scans) != null) {
    total.scans.running += more.scans.running;
    total.scans.queued += more.scans.queued;
}-->(more.scans)
java.lang.NullPointerException
	at fr.inria.spirals.npefix.transformer.processors.BeforeDerefAdder.process(BeforeDerefAdder.java:175)
	at fr.inria.spirals.npefix.transformer.processors.BeforeDerefAdder.process(BeforeDerefAdder.java:60)
	at spoon.support.visitor.ProcessingVisitor.scan(ProcessingVisitor.java:81)
	at spoon.reflect.visitor.CtScanner.scan(CtScanner.java:157)
	at spoon.reflect.visitor.CtScanner.visitCtBinaryOperator(CtScanner.java:282)
	at spoon.support.reflect.code.CtBinaryOperatorImpl.accept(CtBinaryOperatorImpl.java:44)
	at spoon.reflect.visitor.CtScanner.scan(CtScanner.java:165)
	at spoon.support.visitor.ProcessingVisitor.scan(ProcessingVisitor.java:77)
	at spoon.reflect.visitor.CtScanner.scan(CtScanner.java:157)
	at spoon.reflect.visitor.CtScanner.visitCtIf(CtScanner.java:473)
	at spoon.support.reflect.code.CtIfImpl.accept(CtIfImpl.java:46)
	at spoon.reflect.visitor.CtScanner.scan(CtScanner.java:165)
	at spoon.support.visitor.ProcessingVisitor.scan(ProcessingVisitor.java:77)
	at spoon.reflect.visitor.CtScanner.scan(CtScanner.java:157)
	at spoon.reflect.visitor.CtScanner.scan(CtScanner.java:141)
	at spoon.reflect.visitor.CtScanner.visitCtBlock(CtScanner.java:291)
	at spoon.support.reflect.code.CtBlockImpl.accept(CtBlockImpl.java:48)
	at spoon.reflect.visitor.CtScanner.scan(CtScanner.java:165)
	at spoon.support.visitor.ProcessingVisitor.scan(ProcessingVisitor.java:77)
	at spoon.reflect.visitor.CtScanner.scan(CtScanner.java:157)
	at spoon.reflect.visitor.CtScanner.visitCtMethod(CtScanner.java:549)
	at spoon.support.reflect.declaration.CtMethodImpl.accept(CtMethodImpl.java:70)
	at spoon.reflect.visitor.CtScanner.scan(CtScanner.java:165)
	at spoon.support.visitor.ProcessingVisitor.scan(ProcessingVisitor.java:77)
	at spoon.reflect.visitor.CtScanner.scan(CtScanner.java:157)
	at spoon.reflect.visitor.CtScanner.scan(CtScanner.java:141)
	at spoon.reflect.visitor.CtScanner.visitCtClass(CtScanner.java:327)
	at spoon.support.reflect.declaration.CtClassImpl.accept(CtClassImpl.java:68)
	at spoon.reflect.visitor.CtScanner.scan(CtScanner.java:165)
	at spoon.support.visitor.ProcessingVisitor.scan(ProcessingVisitor.java:77)
	at spoon.support.QueueProcessingManager.process(QueueProcessingManager.java:119)
	at fr.inria.spirals.npefix.main.all.Launcher.instrument(Launcher.java:105)
	at fr.inria.spirals.npefix.main.run.Main.run(Main.java:61)
	at fr.inria.spirals.npefix.main.run.Main.main(Main.java:48)
BeforeDeref --> 11228 (failed:7) in 1936ms
target--> 13620 (failed:0) in 26151ms
TryRegister # Try: 690 in 425ms
Assign --> 3314 (failed: 0) in 14165ms
VarInit --> 1819 in 2481ms
MethodEncapsulation # Method: 2337 in 7061ms
ConstructorEncapsulation # Constructor: 295 in 6095ms
null
null
null
null
null
null
null
null
null
null
null
null
null
null
VariableFor in 654ms
Exception in thread "main" spoon.SpoonException: spoon.SpoonException: Cannot create MethodTypingContext for method declared in different ClassTypingContext
	at spoon.Launcher.prettyprint(Launcher.java:729)
	at fr.inria.spirals.npefix.main.all.Launcher.instrument(Launcher.java:107)
	at fr.inria.spirals.npefix.main.run.Main.run(Main.java:61)
	at fr.inria.spirals.npefix.main.run.Main.main(Main.java:48)
Caused by: spoon.SpoonException: Cannot create MethodTypingContext for method declared in different ClassTypingContext
	at spoon.support.visitor.MethodTypingContext.setMethod(MethodTypingContext.java:71)
	at spoon.support.visitor.ClassTypingContext.isSameSignature(ClassTypingContext.java:616)
	at spoon.support.visitor.ClassTypingContext.isSameSignature(ClassTypingContext.java:312)
	at spoon.support.reflect.declaration.CtTypeImpl$2.accept(CtTypeImpl.java:959)
	at spoon.support.reflect.declaration.CtTypeImpl$2.accept(CtTypeImpl.java:955)
	at spoon.reflect.visitor.chain.CtQueryImpl$OutputFunctionWrapper._accept(CtQueryImpl.java:444)
	at spoon.reflect.visitor.chain.CtQueryImpl$AbstractStep.accept(CtQueryImpl.java:308)
	at spoon.reflect.visitor.filter.AllTypeMembersFunction$1.accept(AllTypeMembersFunction.java:78)
	at spoon.reflect.visitor.filter.AllTypeMembersFunction$1.accept(AllTypeMembersFunction.java:73)
	at spoon.reflect.visitor.chain.CtQueryImpl$OutputFunctionWrapper._accept(CtQueryImpl.java:444)
	at spoon.reflect.visitor.chain.CtQueryImpl$AbstractStep.accept(CtQueryImpl.java:308)
	at spoon.reflect.visitor.filter.SuperInheritanceHierarchyFunction.sendResult(SuperInheritanceHierarchyFunction.java:360)
	at spoon.reflect.visitor.filter.SuperInheritanceHierarchyFunction.visitSuperInterfaces(SuperInheritanceHierarchyFunction.java:308)
	at spoon.reflect.visitor.filter.SuperInheritanceHierarchyFunction.visitSuperClasses(SuperInheritanceHierarchyFunction.java:266)
	at spoon.reflect.visitor.filter.SuperInheritanceHierarchyFunction.apply(SuperInheritanceHierarchyFunction.java:248)
	at spoon.reflect.visitor.filter.SuperInheritanceHierarchyFunction.apply(SuperInheritanceHierarchyFunction.java:51)
	at spoon.reflect.visitor.chain.CtQueryImpl$LazyFunctionWrapper._accept(CtQueryImpl.java:478)
	at spoon.reflect.visitor.chain.CtQueryImpl$AbstractStep.accept(CtQueryImpl.java:308)
	at spoon.reflect.visitor.chain.CtQueryImpl.forEach(CtQueryImpl.java:94)
	at spoon.reflect.visitor.filter.AllTypeMembersFunction.apply(AllTypeMembersFunction.java:73)
	at spoon.reflect.visitor.filter.AllTypeMembersFunction.apply(AllTypeMembersFunction.java:36)
	at spoon.reflect.visitor.chain.CtQueryImpl$LazyFunctionWrapper._accept(CtQueryImpl.java:478)
	at spoon.reflect.visitor.chain.CtQueryImpl$AbstractStep.accept(CtQueryImpl.java:308)
	at spoon.reflect.visitor.chain.CtQueryImpl.forEach(CtQueryImpl.java:94)
	at spoon.support.reflect.declaration.CtTypeImpl.getAllMethods(CtTypeImpl.java:955)
	at spoon.reflect.visitor.ImportScannerImpl.isInCollisionWithLocalMethod(ImportScannerImpl.java:408)
	at spoon.reflect.visitor.ImportScannerImpl.addMethodImport(ImportScannerImpl.java:431)
	at spoon.reflect.visitor.ImportScannerImpl.visitCtExecutableReference(ImportScannerImpl.java:106)
	at spoon.support.reflect.reference.CtExecutableReferenceImpl.accept(CtExecutableReferenceImpl.java:84)
	at spoon.reflect.visitor.ImportScannerImpl.scan(ImportScannerImpl.java:135)
	at spoon.reflect.visitor.CtScanner.scan(CtScanner.java:157)
	at spoon.reflect.visitor.CtScanner.visitCtInvocation(CtScanner.java:495)
	at spoon.support.reflect.code.CtInvocationImpl.accept(CtInvocationImpl.java:56)
	at spoon.reflect.visitor.ImportScannerImpl.scan(ImportScannerImpl.java:135)
	at spoon.reflect.visitor.CtScanner.scan(CtScanner.java:157)
	at spoon.reflect.visitor.CtScanner.scan(CtScanner.java:141)
	at spoon.reflect.visitor.CtScanner.visitCtInvocation(CtScanner.java:496)
	at spoon.support.reflect.code.CtInvocationImpl.accept(CtInvocationImpl.java:56)
	at spoon.reflect.visitor.ImportScannerImpl.scan(ImportScannerImpl.java:135)
	at spoon.reflect.visitor.CtScanner.scan(CtScanner.java:157)
	at spoon.reflect.visitor.CtScanner.visitCtLocalVariable(CtScanner.java:514)
	at spoon.support.reflect.code.CtLocalVariableImpl.accept(CtLocalVariableImpl.java:60)
	at spoon.reflect.visitor.ImportScannerImpl.scan(ImportScannerImpl.java:135)
	at spoon.reflect.visitor.CtScanner.scan(CtScanner.java:157)
	at spoon.reflect.visitor.CtScanner.scan(CtScanner.java:141)
	at spoon.reflect.visitor.CtScanner.visitCtBlock(CtScanner.java:291)
	at spoon.support.reflect.code.CtBlockImpl.accept(CtBlockImpl.java:48)
	at spoon.reflect.visitor.ImportScannerImpl.scan(ImportScannerImpl.java:135)
	at spoon.reflect.visitor.CtScanner.scan(CtScanner.java:157)
	at spoon.reflect.visitor.CtScanner.visitCtTry(CtScanner.java:712)
	at spoon.support.reflect.code.CtTryImpl.accept(CtTryImpl.java:53)
	at spoon.reflect.visitor.ImportScannerImpl.scan(ImportScannerImpl.java:135)
	at spoon.reflect.visitor.CtScanner.scan(CtScanner.java:157)
	at spoon.reflect.visitor.CtScanner.scan(CtScanner.java:141)
	at spoon.reflect.visitor.CtScanner.visitCtBlock(CtScanner.java:291)
	at spoon.support.reflect.code.CtBlockImpl.accept(CtBlockImpl.java:48)
	at spoon.reflect.visitor.ImportScannerImpl.scan(ImportScannerImpl.java:135)
	at spoon.reflect.visitor.CtScanner.scan(CtScanner.java:157)
	at spoon.reflect.visitor.CtScanner.visitCtMethod(CtScanner.java:549)
	at spoon.support.reflect.declaration.CtMethodImpl.accept(CtMethodImpl.java:70)
	at spoon.reflect.visitor.ImportScannerImpl.scan(ImportScannerImpl.java:135)
	at spoon.reflect.visitor.CtScanner.scan(CtScanner.java:157)
	at spoon.reflect.visitor.CtScanner.scan(CtScanner.java:141)
	at spoon.reflect.visitor.CtScanner.visitCtClass(CtScanner.java:327)
	at spoon.reflect.visitor.ImportScannerImpl.visitCtClass(ImportScannerImpl.java:173)
	at spoon.support.reflect.declaration.CtClassImpl.accept(CtClassImpl.java:68)
	at spoon.reflect.visitor.ImportScannerImpl.scan(ImportScannerImpl.java:135)
	at spoon.reflect.visitor.ImportScannerImpl.computeImports(ImportScannerImpl.java:200)
	at spoon.reflect.visitor.DefaultJavaPrettyPrinter.computeImports(DefaultJavaPrettyPrinter.java:284)
	at spoon.reflect.visitor.DefaultJavaPrettyPrinter.calculate(DefaultJavaPrettyPrinter.java:1794)
	at spoon.support.JavaOutputProcessor.createJavaFile(JavaOutputProcessor.java:134)
	at spoon.support.JavaOutputProcessor.process(JavaOutputProcessor.java:174)
	at spoon.support.JavaOutputProcessor.process(JavaOutputProcessor.java:44)
	at spoon.support.visitor.ProcessingVisitor.scan(ProcessingVisitor.java:74)
	at spoon.reflect.visitor.CtScanner.scan(CtScanner.java:157)
	at spoon.reflect.visitor.CtScanner.scan(CtScanner.java:141)
	at spoon.reflect.visitor.CtScanner.visitCtPackage(CtScanner.java:640)
	at spoon.support.reflect.declaration.CtPackageImpl.accept(CtPackageImpl.java:56)
	at spoon.reflect.visitor.CtScanner.scan(CtScanner.java:165)
	at spoon.support.visitor.ProcessingVisitor.scan(ProcessingVisitor.java:77)
	at spoon.reflect.visitor.CtScanner.scan(CtScanner.java:157)
	at spoon.reflect.visitor.CtScanner.scan(CtScanner.java:141)
	at spoon.reflect.visitor.CtScanner.visitCtPackage(CtScanner.java:639)
	at spoon.support.reflect.declaration.CtPackageImpl.accept(CtPackageImpl.java:56)
	at spoon.reflect.visitor.CtScanner.scan(CtScanner.java:165)
	at spoon.support.visitor.ProcessingVisitor.scan(ProcessingVisitor.java:77)
	at spoon.reflect.visitor.CtScanner.scan(CtScanner.java:157)
	at spoon.reflect.visitor.CtScanner.scan(CtScanner.java:141)
	at spoon.reflect.visitor.CtScanner.visitCtPackage(CtScanner.java:639)
	at spoon.support.reflect.declaration.CtPackageImpl.accept(CtPackageImpl.java:56)
	at spoon.reflect.visitor.CtScanner.scan(CtScanner.java:165)
	at spoon.support.visitor.ProcessingVisitor.scan(ProcessingVisitor.java:77)
	at spoon.reflect.visitor.CtScanner.scan(CtScanner.java:157)
	at spoon.reflect.visitor.CtScanner.scan(CtScanner.java:141)
	at spoon.reflect.visitor.CtScanner.visitCtPackage(CtScanner.java:639)
	at spoon.support.reflect.declaration.CtPackageImpl.accept(CtPackageImpl.java:56)
	at spoon.reflect.visitor.CtScanner.scan(CtScanner.java:165)
	at spoon.support.visitor.ProcessingVisitor.scan(ProcessingVisitor.java:77)
	at spoon.reflect.visitor.CtScanner.scan(CtScanner.java:157)
	at spoon.reflect.visitor.CtScanner.scan(CtScanner.java:141)
	at spoon.reflect.visitor.CtScanner.visitCtPackage(CtScanner.java:639)
	at spoon.support.reflect.declaration.CtPackageImpl.accept(CtPackageImpl.java:56)
	at spoon.reflect.visitor.CtScanner.scan(CtScanner.java:165)
	at spoon.support.visitor.ProcessingVisitor.scan(ProcessingVisitor.java:77)
	at spoon.reflect.visitor.CtScanner.scan(CtScanner.java:157)
	at spoon.reflect.visitor.CtScanner.scan(CtScanner.java:141)
	at spoon.reflect.visitor.CtScanner.visitCtPackage(CtScanner.java:639)
	at spoon.support.reflect.declaration.CtPackageImpl.accept(CtPackageImpl.java:56)
	at spoon.reflect.visitor.CtScanner.scan(CtScanner.java:165)
	at spoon.support.visitor.ProcessingVisitor.scan(ProcessingVisitor.java:77)
	at spoon.support.QueueProcessingManager.process(QueueProcessingManager.java:119)
	at spoon.support.QueueProcessingManager.process(QueueProcessingManager.java:131)
	at spoon.support.compiler.jdt.JDTBasedSpoonCompiler.generateProcessedSourceFilesUsingTypes(JDTBasedSpoonCompiler.java:439)
	at spoon.support.compiler.jdt.JDTBasedSpoonCompiler.generateProcessedSourceFiles(JDTBasedSpoonCompiler.java:195)
	at spoon.Launcher.prettyprint(Launcher.java:727)
	... 3 more
Command exited with non-zero status 1
159.87user 2.05system 1:16.07elapsed 212%CPU (0avgtext+0avgdata 1967684maxresident)k
21000inputs+4232outputs (1major+511403minor)pagefaults 0swaps


Node: petitprince-3.luxembourg.grid5000.fr



Date: Sat Dec 29 08:42:45 EST 2018

