cd /tmp/RSRepair_Bug_dot_jar_Wicket_e1953357;
export JAVA_TOOL_OPTIONS="-Dfile.encoding=UTF8 -Duser.language=en-US -Duser.country=US -Duser.language=en";
TZ="America/New_York"; export TZ;
export PATH="/home/tdurieux/defects4j4repair/openjdk-1.7.0/bin/:$PATH";
export JAVA_HOME="/home/tdurieux/defects4j4repair/openjdk-1.7.0/bin/";
timeout 120m java -Xmx4048m -cp /home/tdurieux/defects4j4repair/script/../libs/jmetal.jar:/home/tdurieux/defects4j4repair/script/../repair_tools/arja.jar us.msu.cse.repair.Main \
	RSRepair \
	-DexternalProjRoot /home/tdurieux/defects4j4repair/script/../libs/arja_external \
	-DsrcJavaDir /tmp/RSRepair_Bug_dot_jar_Wicket_e1953357/wicket-core/src/main/java \
	-DbinJavaDir  \
	-DbinTestDir  \
	-DdiffFormat true \
	-Dseed 0 \
	-Ddependences /tmp/RSRepair_Bug_dot_jar_Wicket_e1953357/wicket-util/target/classes:/home/tdurieux/.m2/repository/javax/inject/javax.inject/1/javax.inject-1.jar:/home/tdurieux/.m2/repository/joda-time/joda-time/2.0/joda-time-2.0.jar:/home/tdurieux/.m2/repository/velocity/velocity-dep/1.4/velocity-dep-1.4.jar:/home/tdurieux/.m2/repository/org/slf4j/jcl-over-slf4j/1.6.4/jcl-over-slf4j-1.6.4.jar:/home/tdurieux/.m2/repository/org/slf4j/slf4j-api/1.6.4/slf4j-api-1.6.4.jar:/home/tdurieux/.m2/repository/org/springframework/spring-aop/3.0.6.RELEASE/spring-aop-3.0.6.RELEASE.jar:/home/tdurieux/.m2/repository/org/mockito/mockito-all/1.8.5/mockito-all-1.8.5.jar:/home/tdurieux/.m2/repository/asm/asm-tree/3.1/asm-tree-3.1.jar:/home/tdurieux/.m2/repository/org/springframework/spring-core/3.0.6.RELEASE/spring-core-3.0.6.RELEASE.jar:/home/tdurieux/.m2/repository/org/apache/geronimo/specs/geronimo-jaspic_1.0_spec/1.0/geronimo-jaspic_1.0_spec-1.0.jar:/home/tdurieux/.m2/repository/javax/servlet/servlet-api/2.5/servlet-api-2.5.jar:/home/tdurieux/.m2/repository/org/apache/wicket/wicket-spring/6.0-SNAPSHOT/wicket-spring-6.0-SNAPSHOT.jar:/home/tdurieux/.m2/repository/httpunit/httpunit/1.6.1/httpunit-1.6.1.jar:/home/tdurieux/.m2/repository/org/springframework/spring-asm/3.0.6.RELEASE/spring-asm-3.0.6.RELEASE.jar:/home/tdurieux/.m2/repository/cglib/cglib/2.2.2/cglib-2.2.2.jar:/home/tdurieux/.m2/repository/org/apache/wicket/wicket-jmx/6.0-SNAPSHOT/wicket-jmx-6.0-SNAPSHOT.jar:/home/tdurieux/.m2/repository/asm/asm/3.3.1/asm-3.3.1.jar:/home/tdurieux/.m2/repository/com/uwyn/jhighlight/1.0/jhighlight-1.0.jar:/home/tdurieux/.m2/repository/javax/activation/activation/1.1/activation-1.1.jar:/home/tdurieux/.m2/repository/org/apache/wicket/wicket-devutils/6.0-SNAPSHOT/wicket-devutils-6.0-SNAPSHOT.jar:/home/tdurieux/.m2/repository/log4j/log4j/1.2.16/log4j-1.2.16.jar:/home/tdurieux/.m2/repository/org/apache/wicket/wicket-core/6.0-SNAPSHOT/wicket-core-6.0-SNAPSHOT.jar:/home/tdurieux/.m2/repository/org/hamcrest/hamcrest-core/1.2.1/hamcrest-core-1.2.1.jar:/home/tdurieux/.m2/repository/easymock/easymock/1.2_Java1.3/easymock-1.2_Java1.3.jar:/home/tdurieux/.m2/repository/asm/asm-commons/3.1/asm-commons-3.1.jar:/home/tdurieux/.m2/repository/rhino/js/1.5R4.1/js-1.5R4.1.jar:/home/tdurieux/.m2/repository/org/slf4j/slf4j-log4j12/1.6.4/slf4j-log4j12-1.6.4.jar:/home/tdurieux/.m2/repository/org/springframework/spring-context/3.0.6.RELEASE/spring-context-3.0.6.RELEASE.jar:/home/tdurieux/.m2/repository/org/apache/wicket/wicket-util/6.0-SNAPSHOT/wicket-util-6.0-SNAPSHOT.jar:/home/tdurieux/.m2/repository/org/apache/wicket/wicket-datetime/6.0-SNAPSHOT/wicket-datetime-6.0-SNAPSHOT.jar:/home/tdurieux/.m2/repository/org/apache/geronimo/specs/geronimo-jta_1.1_spec/1.1.1/geronimo-jta_1.1_spec-1.1.1.jar:/home/tdurieux/.m2/repository/junit/junit/4.8.2/junit-4.8.2.jar:/home/tdurieux/.m2/repository/org/apache/wicket/wicket-request/6.0-SNAPSHOT/wicket-request-6.0-SNAPSHOT.jar:/home/tdurieux/.m2/repository/aopalliance/aopalliance/1.0/aopalliance-1.0.jar:/home/tdurieux/.m2/repository/org/springframework/spring-beans/3.0.6.RELEASE/spring-beans-3.0.6.RELEASE.jar:/home/tdurieux/.m2/repository/org/apache/wicket/wicket-extensions/6.0-SNAPSHOT/wicket-extensions-6.0-SNAPSHOT.jar:/home/tdurieux/.m2/repository/xerces/xmlParserAPIs/2.2.1/xmlParserAPIs-2.2.1.jar:/home/tdurieux/.m2/repository/org/apache/wicket/wicket-guice/6.0-SNAPSHOT/wicket-guice-6.0-SNAPSHOT.jar:/home/tdurieux/.m2/repository/org/codehaus/jackson/jackson-mapper-asl/1.8.5/jackson-mapper-asl-1.8.5.jar:/home/tdurieux/.m2/repository/org/codehaus/jackson/jackson-core-asl/1.8.5/jackson-core-asl-1.8.5.jar:/home/tdurieux/.m2/repository/org/springframework/spring-web/3.0.6.RELEASE/spring-web-3.0.6.RELEASE.jar:/home/tdurieux/.m2/repository/org/apache/wicket/wicket-velocity/6.0-SNAPSHOT/wicket-velocity-6.0-SNAPSHOT.jar:/home/tdurieux/.m2/repository/jtidy/jtidy/4aug2000r7-dev/jtidy-4aug2000r7-dev.jar:/home/tdurieux/.m2/repository/org/springframework/spring-expression/3.0.6.RELEASE/spring-expression-3.0.6.RELEASE.jar:/home/tdurieux/.m2/repository/nekohtml/nekohtml/0.9.1/nekohtml-0.9.1.jar:/home/tdurieux/.m2/repository/org/hamcrest/hamcrest-library/1.2.1/hamcrest-library-1.2.1.jar:/home/tdurieux/.m2/repository/org/eclipse/jetty/aggregate/jetty-all-server/7.4.2.v20110526/jetty-all-server-7.4.2.v20110526.jar:/home/tdurieux/.m2/repository/com/google/inject/guice/3.0/guice-3.0.jar:/home/tdurieux/.m2/repository/org/apache/velocity/velocity/1.7/velocity-1.7.jar:/home/tdurieux/.m2/repository/org/apache/wicket/wicket-auth-roles/6.0-SNAPSHOT/wicket-auth-roles-6.0-SNAPSHOT.jar:/home/tdurieux/.m2/repository/commons-lang/commons-lang/2.6/commons-lang-2.6.jar:/home/tdurieux/.m2/repository/xerces/xercesImpl/2.6.2/xercesImpl-2.6.2.jar:/home/tdurieux/.m2/repository/org/apache/geronimo/specs/geronimo-annotation_1.0_spec/1.1.1/geronimo-annotation_1.0_spec-1.1.1.jar:/home/tdurieux/.m2/repository/velocity/velocity/1.4/velocity-1.4.jar:/home/tdurieux/.m2/repository/org/apache/wicket/wicket-ioc/6.0-SNAPSHOT/wicket-ioc-6.0-SNAPSHOT.jar:/home/tdurieux/.m2/repository/javax/mail/mail/1.4.1/mail-1.4.1.jar:/home/tdurieux/.m2/repository/commons-collections/commons-collections/3.2.1/commons-collections-3.2.1.jar;
	echo "\n\nNode: `hostname`\n";
	echo "\n\nDate: `date`\n";
Picked up JAVA_TOOL_OPTIONS: -Dfile.encoding=UTF8 -Duser.language=en-US -Duser.country=US -Duser.language=en
Exception in thread "main" java.lang.IllegalArgumentException: Parameter 'directory' is not a directory
	at org.apache.commons.io.FileUtils.validateListFilesParameters(FileUtils.java:545)
	at org.apache.commons.io.FileUtils.listFiles(FileUtils.java:521)
	at us.msu.cse.repair.core.util.ClassFinder.scanTestDir(ClassFinder.java:75)
	at us.msu.cse.repair.core.util.ClassFinder.<init>(ClassFinder.java:48)
	at us.msu.cse.repair.core.AbstractRepairProblem.invokeClassFinder(AbstractRepairProblem.java:284)
	at us.msu.cse.repair.core.AbstractRepairProblem.invokeModules(AbstractRepairProblem.java:268)
	at us.msu.cse.repair.core.AbstractRepairProblem.<init>(AbstractRepairProblem.java:244)
	at us.msu.cse.repair.ec.problems.GenProgProblem.<init>(GenProgProblem.java:33)
	at us.msu.cse.repair.RSRepairMain.main(RSRepairMain.java:32)
	at us.msu.cse.repair.Main.main(Main.java:12)


Node: chiclet-3.lille.grid5000.fr



Date: Sat Dec 29 11:13:24 EST 2018

