cd /tmp/NPEFix_Bug_dot_jar_Jackrabbit-Oak_e6c31270;
export JAVA_TOOL_OPTIONS="-Dfile.encoding=UTF8 -Duser.language=en-US -Duser.country=US -Duser.language=en";
TZ="America/New_York"; export TZ;
export PATH="/usr/lib/jvm/java-1.8.0-openjdk-amd64/bin/:$PATH";
export JAVA_HOME="/usr/lib/jvm/java-1.8.0-openjdk-amd64/bin/";
time java -Xmx4048m -cp /home/tdurieux/defects4j4repair/script/../repair_tools/npefix.jar fr.inria.spirals.npefix.main.run.Main \
    --test org.apache.jackrabbit.oak.jcr.CRUDTest \
    --iteration 100 \
	--complianceLevel 7 \
	--workingdirectory . \
	--source oak-jcr/src/main/java \
	--classpath oak-jcr/target/classes:oak-jcr/target/test-classes:/tmp/NPEFix_Bug_dot_jar_Jackrabbit-Oak_e6c31270/oak-commons/target/classes:/tmp/NPEFix_Bug_dot_jar_Jackrabbit-Oak_e6c31270/oak-mk-api/target/classes:/tmp/NPEFix_Bug_dot_jar_Jackrabbit-Oak_e6c31270/oak-mk/target/classes:/tmp/NPEFix_Bug_dot_jar_Jackrabbit-Oak_e6c31270/oak-mk-remote/target/classes:/tmp/NPEFix_Bug_dot_jar_Jackrabbit-Oak_e6c31270/oak-it/mk/target/classes:/tmp/NPEFix_Bug_dot_jar_Jackrabbit-Oak_e6c31270/oak-core/target/classes:/tmp/NPEFix_Bug_dot_jar_Jackrabbit-Oak_e6c31270/oak-sling/target/classes:/tmp/NPEFix_Bug_dot_jar_Jackrabbit-Oak_e6c31270/oak-http/target/classes:/tmp/NPEFix_Bug_dot_jar_Jackrabbit-Oak_e6c31270/oak-run/target/classes:/tmp/NPEFix_Bug_dot_jar_Jackrabbit-Oak_e6c31270/oak-it/osgi/target/classes:/tmp/NPEFix_Bug_dot_jar_Jackrabbit-Oak_e6c31270/oak-bench/base/target/classes:/tmp/NPEFix_Bug_dot_jar_Jackrabbit-Oak_e6c31270/oak-bench/latest/target/classes:/home/tdurieux/.m2/repository/ch/qos/logback/logback-core/1.0.1/logback-core-1.0.1.jar:/home/tdurieux/.m2/repository/com/google/guava/guava/13.0.1/guava-13.0.1.jar:/home/tdurieux/.m2/repository/org/apache/jackrabbit/oak-http/0.6-SNAPSHOT/oak-http-0.6-SNAPSHOT.jar:/home/tdurieux/.m2/repository/org/ops4j/base/ops4j-base-net/1.3.0/ops4j-base-net-1.3.0.jar:/home/tdurieux/.m2/repository/org/osgi/org.osgi.core/4.2.0/org.osgi.core-4.2.0.jar:/home/tdurieux/.m2/repository/org/sonatype/aether/aether-spi/1.11/aether-spi-1.11.jar:/home/tdurieux/.m2/repository/org/ops4j/pax/swissbox/pax-swissbox-optional-jcl/1.5.0/pax-swissbox-optional-jcl-1.5.0.jar:/home/tdurieux/.m2/repository/org/slf4j/slf4j-api/1.6.4/slf4j-api-1.6.4.jar:/home/tdurieux/.m2/repository/org/mongodb/mongo-java-driver/2.7.1/mongo-java-driver-2.7.1.jar:/home/tdurieux/.m2/repository/org/ops4j/pax/exam/pax-exam-junit4/2.4.0/pax-exam-junit4-2.4.0.jar:/home/tdurieux/.m2/repository/org/apache/xbean/xbean-reflect/3.4/xbean-reflect-3.4.jar:/home/tdurieux/.m2/repository/org/eclipse/jetty/jetty-io/8.1.2.v20120308/jetty-io-8.1.2.v20120308.jar:/home/tdurieux/.m2/repository/org/ops4j/base/ops4j-base-lang/1.3.0/ops4j-base-lang-1.3.0.jar:/home/tdurieux/.m2/repository/javax/servlet/servlet-api/2.5/servlet-api-2.5.jar:/home/tdurieux/.m2/repository/org/ops4j/pax/exam/pax-exam/2.4.0/pax-exam-2.4.0.jar:/home/tdurieux/.m2/repository/com/googlecode/json-simple/json-simple/1.1/json-simple-1.1.jar:/home/tdurieux/.m2/repository/org/slf4j/slf4j-api/1.5.8/slf4j-api-1.5.8.jar:/home/tdurieux/.m2/repository/org/apache/jackrabbit/jackrabbit-spi-commons/2.5.2/jackrabbit-spi-commons-2.5.2.jar:/home/tdurieux/.m2/repository/org/apache/maven/maven-model-builder/3.0.3/maven-model-builder-3.0.3.jar:/home/tdurieux/.m2/repository/com/google/code/findbugs/jsr305/2.0.0/jsr305-2.0.0.jar:/home/tdurieux/.m2/repository/org/apache/jackrabbit/oak-commons/0.6-SNAPSHOT/oak-commons-0.6-SNAPSHOT.jar:/home/tdurieux/.m2/repository/org/apache/felix/org.apache.felix.framework/4.0.1/org.apache.felix.framework-4.0.1.jar:/home/tdurieux/.m2/repository/org/sonatype/aether/aether-impl/1.11/aether-impl-1.11.jar:/home/tdurieux/.m2/repository/org/ops4j/base/ops4j-base-spi/1.3.0/ops4j-base-spi-1.3.0.jar:/home/tdurieux/.m2/repository/org/apache/jackrabbit/oak-jcr/0.6-SNAPSHOT/oak-jcr-0.6-SNAPSHOT.jar:/home/tdurieux/.m2/repository/org/ops4j/pax/url/pax-url-classpath/1.4.0/pax-url-classpath-1.4.0.jar:/home/tdurieux/.m2/repository/org/ops4j/pax/tinybundles/tinybundles/1.0.0/tinybundles-1.0.0.jar:/home/tdurieux/.m2/repository/org/ops4j/pax/swissbox/pax-swissbox-core/1.5.0/pax-swissbox-core-1.5.0.jar:/home/tdurieux/.m2/repository/org/apache/sling/org.apache.sling.jcr.api/2.1.0/org.apache.sling.jcr.api-2.1.0.jar:/home/tdurieux/.m2/repository/org/apache/maven/wagon/wagon-file/1.0-beta-7/wagon-file-1.0-beta-7.jar:/home/tdurieux/.m2/repository/org/apache/maven/wagon/wagon-http-shared/1.0-beta-7/wagon-http-shared-1.0-beta-7.jar:/home/tdurieux/.m2/repository/org/apache/jackrabbit/oak-mk-api/0.6-SNAPSHOT/oak-mk-api-0.6-SNAPSHOT.jar:/home/tdurieux/.m2/repository/com/google/collections/google-collections/1.0/google-collections-1.0.jar:/home/tdurieux/.m2/repository/org/slf4j/slf4j-nop/1.5.8/slf4j-nop-1.5.8.jar:/home/tdurieux/.m2/repository/com/fasterxml/jackson/core/jackson-databind/2.0.0/jackson-databind-2.0.0.jar:/home/tdurieux/.m2/repository/org/apache/jackrabbit/jackrabbit-spi/2.5.2/jackrabbit-spi-2.5.2.jar:/home/tdurieux/.m2/repository/org/ops4j/pax/swissbox/pax-swissbox-framework/1.5.0/pax-swissbox-framework-1.5.0.jar:/home/tdurieux/.m2/repository/com/fasterxml/jackson/dataformat/jackson-dataformat-smile/2.0.2/jackson-dataformat-smile-2.0.2.jar:/home/tdurieux/.m2/repository/commons-logging/commons-logging/1.0.4/commons-logging-1.0.4.jar:/home/tdurieux/.m2/repository/org/ops4j/pax/url/pax-url-commons/1.4.0/pax-url-commons-1.4.0.jar:/home/tdurieux/.m2/repository/org/sonatype/aether/aether-connector-wagon/1.11/aether-connector-wagon-1.11.jar:/home/tdurieux/.m2/repository/asm/asm/3.0/asm-3.0.jar:/home/tdurieux/.m2/repository/org/sonatype/aether/aether-api/1.11/aether-api-1.11.jar:/home/tdurieux/.m2/repository/biz/aQute/bndlib/1.50.0/bndlib-1.50.0.jar:/home/tdurieux/.m2/repository/com/fasterxml/jackson/core/jackson-core/2.0.0/jackson-core-2.0.0.jar:/home/tdurieux/.m2/repository/commons-fileupload/commons-fileupload/1.2.1/commons-fileupload-1.2.1.jar:/home/tdurieux/.m2/repository/org/hamcrest/hamcrest-core/1.1/hamcrest-core-1.1.jar:/home/tdurieux/.m2/repository/javax/jcr/jcr/2.0/jcr-2.0.jar:/home/tdurieux/.m2/repository/org/eclipse/jetty/jetty-http/8.1.2.v20120308/jetty-http-8.1.2.v20120308.jar:/home/tdurieux/.m2/repository/org/apache/geronimo/specs/geronimo-atinject_1.0_spec/1.0/geronimo-atinject_1.0_spec-1.0.jar:/home/tdurieux/.m2/repository/org/ops4j/base/ops4j-base-store/1.3.0/ops4j-base-store-1.3.0.jar:/home/tdurieux/.m2/repository/org/apache/felix/org.apache.felix.scr.annotations/1.6.0/org.apache.felix.scr.annotations-1.6.0.jar:/home/tdurieux/.m2/repository/org/apache/maven/wagon/wagon-provider-api/1.0-beta-7/wagon-provider-api-1.0-beta-7.jar:/home/tdurieux/.m2/repository/org/apache/jackrabbit/oak-it-mk/0.6-SNAPSHOT/oak-it-mk-0.6-SNAPSHOT.jar:/home/tdurieux/.m2/repository/commons-codec/commons-codec/1.2/commons-codec-1.2.jar:/home/tdurieux/.m2/repository/com/h2database/h2/1.3.158/h2-1.3.158.jar:/home/tdurieux/.m2/repository/org/apache/jackrabbit/oak-mk-remote/0.6-SNAPSHOT/oak-mk-remote-0.6-SNAPSHOT.jar:/home/tdurieux/.m2/repository/org/slf4j/jcl-over-slf4j/1.6.4/jcl-over-slf4j-1.6.4.jar:/home/tdurieux/.m2/repository/concurrent/concurrent/1.3.4/concurrent-1.3.4.jar:/home/tdurieux/.m2/repository/org/ops4j/base/ops4j-base-io/1.3.0/ops4j-base-io-1.3.0.jar:/home/tdurieux/.m2/repository/org/ops4j/pax/url/pax-url-aether/1.3.3/pax-url-aether-1.3.3.jar:/home/tdurieux/.m2/repository/org/eclipse/jetty/orbit/javax.servlet/3.0.0.v201112011016/javax.servlet-3.0.0.v201112011016.jar:/home/tdurieux/.m2/repository/org/apache/maven/maven-model/3.0.3/maven-model-3.0.3.jar:/home/tdurieux/.m2/repository/org/ops4j/pax/swissbox/pax-swissbox-lifecycle/1.5.0/pax-swissbox-lifecycle-1.5.0.jar:/home/tdurieux/.m2/repository/org/ops4j/base/ops4j-base-util-property/1.3.0/ops4j-base-util-property-1.3.0.jar:/home/tdurieux/.m2/repository/org/ops4j/pax/url/pax-url-link/1.4.0/pax-url-link-1.4.0.jar:/home/tdurieux/.m2/repository/org/eclipse/jetty/jetty-server/8.1.2.v20120308/jetty-server-8.1.2.v20120308.jar:/home/tdurieux/.m2/repository/org/apache/maven/maven-aether-provider/3.0.3/maven-aether-provider-3.0.3.jar:/home/tdurieux/.m2/repository/org/apache/jackrabbit/jackrabbit-jcr-tests/2.5.2/jackrabbit-jcr-tests-2.5.2.jar:/home/tdurieux/.m2/repository/org/apache/jackrabbit/jackrabbit-api/2.5.2/jackrabbit-api-2.5.2.jar:/home/tdurieux/.m2/repository/org/eclipse/jetty/jetty-util/8.1.2.v20120308/jetty-util-8.1.2.v20120308.jar:/home/tdurieux/.m2/repository/org/ops4j/base/ops4j-base-monitors/1.3.0/ops4j-base-monitors-1.3.0.jar:/home/tdurieux/.m2/repository/org/apache/jackrabbit/oak-mk/0.6-SNAPSHOT/oak-mk-0.6-SNAPSHOT.jar:/home/tdurieux/.m2/repository/org/sonatype/aether/aether-util/1.11/aether-util-1.11.jar:/home/tdurieux/.m2/repository/org/eclipse/jetty/jetty-servlet/8.1.2.v20120308/jetty-servlet-8.1.2.v20120308.jar:/home/tdurieux/.m2/repository/commons-httpclient/commons-httpclient/3.1/commons-httpclient-3.1.jar:/home/tdurieux/.m2/repository/org/ops4j/base/ops4j-base-exec/1.3.0/ops4j-base-exec-1.3.0.jar:/home/tdurieux/.m2/repository/org/ops4j/pax/exam/pax-exam-link-assembly/2.4.0/pax-exam-link-assembly-2.4.0.jar:/home/tdurieux/.m2/repository/org/apache/lucene/lucene-analyzers-common/4.0.0-ALPHA/lucene-analyzers-common-4.0.0-ALPHA.jar:/home/tdurieux/.m2/repository/org/codehaus/plexus/plexus-classworlds/2.4/plexus-classworlds-2.4.jar:/home/tdurieux/.m2/repository/org/osgi/org.osgi.compendium/4.2.0/org.osgi.compendium-4.2.0.jar:/home/tdurieux/.m2/repository/commons-io/commons-io/1.4/commons-io-1.4.jar:/home/tdurieux/.m2/repository/org/codehaus/plexus/plexus-interpolation/1.14/plexus-interpolation-1.14.jar:/home/tdurieux/.m2/repository/org/apache/maven/wagon/wagon-http-lightweight/1.0-beta-7/wagon-http-lightweight-1.0-beta-7.jar:/home/tdurieux/.m2/repository/org/apache/commons/commons-math/2.0/commons-math-2.0.jar:/home/tdurieux/.m2/repository/org/eclipse/jetty/jetty-security/8.1.2.v20120308/jetty-security-8.1.2.v20120308.jar:/home/tdurieux/.m2/repository/org/eclipse/jetty/jetty-continuation/8.1.2.v20120308/jetty-continuation-8.1.2.v20120308.jar:/home/tdurieux/.m2/repository/org/apache/maven/maven-repository-metadata/3.0.3/maven-repository-metadata-3.0.3.jar:/home/tdurieux/.m2/repository/org/apache/lucene/lucene-analyzers-common/4.0.0-BETA/lucene-analyzers-common-4.0.0-BETA.jar:/home/tdurieux/.m2/repository/ch/qos/logback/logback-classic/1.0.1/logback-classic-1.0.1.jar:/home/tdurieux/.m2/repository/com/fasterxml/jackson/core/jackson-annotations/2.0.0/jackson-annotations-2.0.0.jar:/home/tdurieux/.m2/repository/org/apache/jackrabbit/oak-core/0.6-SNAPSHOT/oak-core-0.6-SNAPSHOT.jar:/home/tdurieux/.m2/repository/org/codehaus/plexus/plexus-utils/2.0.5/plexus-utils-2.0.5.jar:/home/tdurieux/.m2/repository/org/apache/lucene/lucene-core/4.0.0-BETA/lucene-core-4.0.0-BETA.jar:/home/tdurieux/.m2/repository/org/slf4j/slf4j-simple/1.6.1/slf4j-simple-1.6.1.jar:/home/tdurieux/.m2/repository/org/apache/jackrabbit/jackrabbit-jcr-server/2.5.2/jackrabbit-jcr-server-2.5.2.jar:/home/tdurieux/.m2/repository/org/ops4j/pax/exam/pax-exam-container-native/2.4.0/pax-exam-container-native-2.4.0.jar:/home/tdurieux/.m2/repository/org/ops4j/pax/swissbox/pax-swissbox-property/1.5.0/pax-swissbox-property-1.5.0.jar:/home/tdurieux/.m2/repository/org/apache/lucene/lucene-core/4.0.0-ALPHA/lucene-core-4.0.0-ALPHA.jar:/home/tdurieux/.m2/repository/org/codehaus/plexus/plexus-component-annotations/1.5.5/plexus-component-annotations-1.5.5.jar:/home/tdurieux/.m2/repository/junit/junit/4.10/junit-4.10.jar:/home/tdurieux/.m2/repository/org/apache/jackrabbit/jackrabbit-jcr-commons/2.5.2/jackrabbit-jcr-commons-2.5.2.jar:/home/tdurieux/.m2/repository/org/ops4j/pax/exam/pax-exam-spi/2.4.0/pax-exam-spi-2.4.0.jar:/home/tdurieux/.m2/repository/org/apache/jackrabbit/oak-bench-base/0.6-SNAPSHOT/oak-bench-base-0.6-SNAPSHOT.jar:/home/tdurieux/.m2/repository/org/apache/tika/tika-core/1.2/tika-core-1.2.jar:/home/tdurieux/.m2/repository/org/apache/tika/tika-core/1.1/tika-core-1.1.jar:/home/tdurieux/.m2/repository/org/codehaus/plexus/plexus-container-default/1.5.4/plexus-container-default-1.5.4.jar:/home/tdurieux/.m2/repository/commons-collections/commons-collections/3.2.1/commons-collections-3.2.1.jar:/home/tdurieux/.m2/repository/org/apache/jackrabbit/jackrabbit-webdav/2.5.2/jackrabbit-webdav-2.5.2.jar;
	echo "\n\nNode: `hostname`\n";
	echo "\n\nDate: `date`\n";
Picked up JAVA_TOOL_OPTIONS: -Dfile.encoding=UTF8 -Duser.language=en-US -Duser.country=US -Duser.language=en
TernarySplitter  in 93ms
return (autoRefresh) || ((((sessionOpCount) <= 1) && ((observationManager) != null)) && (observationManager.hasEvents()))
return (dlg.getChild(oakPath)) != null
return (dlg.getProperty(oakPath)) != null
return (dlg.getProperty(lockOwner)) != null
return (dlg.getNode(oakPath)) != null
return (loc.getProperty()) != null
return (current) != null
return (current) != null
return (getLocationOrNull()) == null
return ((location.getStatus()) == (REMOVED)) || ((location.getPath()) == null)
CheckNotNull  in 542ms
ForceNullInit in 28ms
AddImplicitCastChecker --> 16 in 78ms
BeforeDeref --> 966 (failed:0) in 327ms
target--> 1052 (failed:0) in 8672ms
TryRegister # Try: 42 in 44ms
Assign --> 347 (failed: 0) in 2149ms
VarInit --> 103 in 485ms
MethodEncapsulation # Method: 663 in 559ms
ConstructorEncapsulation # Constructor: 63 in 137ms
VariableFor in 79ms
spoon.compiler.ModelBuildingException: The local variable path may not have been initialized at /tmp/NPEFix_Bug_dot_jar_Jackrabbit-Oak_e6c31270/PropertyImpl.java:999
	at spoon.support.compiler.jdt.JDTBasedSpoonCompiler.report(JDTBasedSpoonCompiler.java:581)
	at spoon.support.compiler.jdt.JDTBasedSpoonCompiler.reportProblems(JDTBasedSpoonCompiler.java:562)
	at spoon.support.compiler.jdt.JDTBasedSpoonCompiler.compile(JDTBasedSpoonCompiler.java:157)
	at fr.inria.spirals.npefix.main.all.Launcher.instrument(Launcher.java:109)
	at fr.inria.spirals.npefix.main.run.Main.run(Main.java:61)
	at fr.inria.spirals.npefix.main.run.Main.main(Main.java:48)
Exception in thread "main" spoon.compiler.ModelBuildingException: The local variable path may not have been initialized at /tmp/NPEFix_Bug_dot_jar_Jackrabbit-Oak_e6c31270/PropertyImpl.java:999
	at spoon.support.compiler.jdt.JDTBasedSpoonCompiler.report(JDTBasedSpoonCompiler.java:581)
	at spoon.support.compiler.jdt.JDTBasedSpoonCompiler.reportProblems(JDTBasedSpoonCompiler.java:562)
	at spoon.support.compiler.jdt.JDTBasedSpoonCompiler.compile(JDTBasedSpoonCompiler.java:157)
	at fr.inria.spirals.npefix.main.all.Launcher.instrument(Launcher.java:109)
	at fr.inria.spirals.npefix.main.run.Main.run(Main.java:61)
	at fr.inria.spirals.npefix.main.run.Main.main(Main.java:48)
Command exited with non-zero status 1
109.08user 1.67system 1:06.58elapsed 166%CPU (0avgtext+0avgdata 1690060maxresident)k
18352inputs+4304outputs (1major+471439minor)pagefaults 0swaps


Node: petitprince-2.luxembourg.grid5000.fr



Date: Sat Dec 29 22:12:36 EST 2018

