cd /tmp/NPEFix_Bug_dot_jar_Logging-Log4J2_3cee912e;
export JAVA_TOOL_OPTIONS="-Dfile.encoding=UTF8 -Duser.language=en-US -Duser.country=US -Duser.language=en";
TZ="America/New_York"; export TZ;
export PATH="/usr/lib/jvm/java-1.8.0-openjdk-amd64/bin/:$PATH";
export JAVA_HOME="/usr/lib/jvm/java-1.8.0-openjdk-amd64/bin/";
time java -Xmx4048m -cp /home/tdurieux/defects4j4repair/script/../repair_tools/npefix.jar fr.inria.spirals.npefix.main.run.Main \
    --test org.apache.logging.log4j.core.async.AsyncLoggerConfigTest \
    --iteration 100 \
	--complianceLevel 7 \
	--workingdirectory . \
	--source log4j-core/src/main/java \
	--classpath log4j-core/target/classes:log4j-core/target/test-classes:/tmp/NPEFix_Bug_dot_jar_Logging-Log4J2_3cee912e/log4j-api/target/classes:/tmp/NPEFix_Bug_dot_jar_Logging-Log4J2_3cee912e/log4j-1.2-api/target/classes:/tmp/NPEFix_Bug_dot_jar_Logging-Log4J2_3cee912e/log4j-slf4j-impl/target/classes:/tmp/NPEFix_Bug_dot_jar_Logging-Log4J2_3cee912e/log4j-to-slf4j/target/classes:/tmp/NPEFix_Bug_dot_jar_Logging-Log4J2_3cee912e/log4j-jcl/target/classes:/tmp/NPEFix_Bug_dot_jar_Logging-Log4J2_3cee912e/log4j-flume-ng/target/classes:/tmp/NPEFix_Bug_dot_jar_Logging-Log4J2_3cee912e/log4j-web/target/classes:/tmp/NPEFix_Bug_dot_jar_Logging-Log4J2_3cee912e/log4j-taglib/target/classes:/tmp/NPEFix_Bug_dot_jar_Logging-Log4J2_3cee912e/log4j-jmx-gui/target/classes:/tmp/NPEFix_Bug_dot_jar_Logging-Log4J2_3cee912e/log4j-samples/flume-common/target/classes:/tmp/NPEFix_Bug_dot_jar_Logging-Log4J2_3cee912e/log4j-samples/flume-remote/target/classes:/tmp/NPEFix_Bug_dot_jar_Logging-Log4J2_3cee912e/log4j-samples/flume-embedded/target/classes:/tmp/NPEFix_Bug_dot_jar_Logging-Log4J2_3cee912e/log4j-nosql/target/classes:/tmp/NPEFix_Bug_dot_jar_Logging-Log4J2_3cee912e/log4j-perf/target/classes:/tmp/NPEFix_Bug_dot_jar_Logging-Log4J2_3cee912e/log4j-iostreams/target/classes:/tmp/NPEFix_Bug_dot_jar_Logging-Log4J2_3cee912e/log4j-jul/target/classes:/home/tdurieux/.m2/repository/com/thoughtworks/paranamer/paranamer/2.3/paranamer-2.3.jar:/home/tdurieux/.m2/repository/org/apache/httpcomponents/httpcore/4.0.1/httpcore-4.0.1.jar:/home/tdurieux/.m2/repository/org/apache/httpcomponents/httpclient/4.2.5/httpclient-4.2.5.jar:/home/tdurieux/.m2/repository/hsqldb/hsqldb/1.8.0.10/hsqldb-1.8.0.10.jar:/home/tdurieux/.m2/repository/org/apache/mina/mina-core/2.0.4/mina-core-2.0.4.jar:/home/tdurieux/.m2/repository/org/springframework/spring-expression/3.2.11.RELEASE/spring-expression-3.2.11.RELEASE.jar:/home/tdurieux/.m2/repository/joda-time/joda-time/2.1/joda-time-2.1.jar:/home/tdurieux/.m2/repository/org/eclipse/aether/aether-api/1.0.0.v20140518/aether-api-1.0.0.v20140518.jar:/home/tdurieux/.m2/repository/org/osgi/org.osgi.core/4.3.1/org.osgi.core-4.3.1.jar:/home/tdurieux/.m2/repository/org/apache/commons/commons-math3/3.2/commons-math3-3.2.jar:/home/tdurieux/.m2/repository/tomcat/jasper-compiler/5.5.12/jasper-compiler-5.5.12.jar:/home/tdurieux/.m2/repository/commons-pool/commons-pool/1.5.4/commons-pool-1.5.4.jar:/home/tdurieux/.m2/repository/org/springframework/spring-aop/3.2.11.RELEASE/spring-aop-3.2.11.RELEASE.jar:/home/tdurieux/.m2/repository/org/eclipse/persistence/javax.persistence/2.1.0/javax.persistence-2.1.0.jar:/home/tdurieux/.m2/repository/javax/jmdns/jmdns/3.4.1/jmdns-3.4.1.jar:/home/tdurieux/.m2/repository/com/google/code/gson/gson/2.2.4/gson-2.2.4.jar:/home/tdurieux/.m2/repository/javax/servlet/servlet-api/2.5/servlet-api-2.5.jar:/home/tdurieux/.m2/repository/org/fusesource/jansi/jansi/1.11/jansi-1.11.jar:/home/tdurieux/.m2/repository/org/springframework/spring-oxm/3.2.11.RELEASE/spring-oxm-3.2.11.RELEASE.jar:/home/tdurieux/.m2/repository/org/apache/logging/log4j/log4j-jcl/2.3-SNAPSHOT/log4j-jcl-2.3-SNAPSHOT.jar:/home/tdurieux/.m2/repository/commons-dbcp/commons-dbcp/1.4/commons-dbcp-1.4.jar:/home/tdurieux/.m2/repository/org/codehaus/woodstox/stax2-api/3.1.4/stax2-api-3.1.4.jar:/home/tdurieux/.m2/repository/com/sleepycat/je/5.0.73/je-5.0.73.jar:/home/tdurieux/.m2/repository/org/apache/maven/maven-artifact/3.2.5/maven-artifact-3.2.5.jar:/home/tdurieux/.m2/repository/org/eclipse/persistence/org.eclipse.persistence.antlr/2.5.2/org.eclipse.persistence.antlr-2.5.2.jar:/home/tdurieux/.m2/repository/org/apache/flume/flume-ng-node/1.5.2/flume-ng-node-1.5.2.jar:/home/tdurieux/.m2/repository/org/hamcrest/hamcrest-all/1.3/hamcrest-all-1.3.jar:/home/tdurieux/.m2/repository/com/lmax/disruptor/3.3.2/disruptor-3.3.2.jar:/home/tdurieux/.m2/repository/org/apache/flume/flume-ng-sdk/1.5.2/flume-ng-sdk-1.5.2.jar:/home/tdurieux/.m2/repository/javax/persistence/persistence-api/1.0.2/persistence-api-1.0.2.jar:/home/tdurieux/.m2/repository/org/apache/flume/flume-ng-core/1.5.2/flume-ng-core-1.5.2.jar:/usr/lib/jvm/java-8-openjdk-amd64/jre/../lib/jconsole.jar:/home/tdurieux/.m2/repository/cglib/cglib-nodep/2.2.2/cglib-nodep-2.2.2.jar:/home/tdurieux/.m2/repository/org/apache/maven/maven-model/3.2.5/maven-model-3.2.5.jar:/home/tdurieux/.m2/repository/org/apache/logging/log4j/log4j-api/2.3-SNAPSHOT/log4j-api-2.3-SNAPSHOT-tests.jar:/home/tdurieux/.m2/repository/javax/activation/activation/1.1/activation-1.1.jar:/home/tdurieux/.m2/repository/org/sonatype/plexus/plexus-cipher/1.4/plexus-cipher-1.4.jar:/home/tdurieux/.m2/repository/org/apache/derby/derby/10.8.2.2/derby-10.8.2.2.jar:/home/tdurieux/.m2/repository/org/mortbay/jetty/servlet-api/2.5-20110124/servlet-api-2.5-20110124.jar:/home/tdurieux/.m2/repository/commons-httpclient/commons-httpclient/3.0.1/commons-httpclient-3.0.1.jar:/home/tdurieux/.m2/repository/tomcat/jasper-runtime/5.5.12/jasper-runtime-5.5.12.jar:/home/tdurieux/.m2/repository/org/codehaus/jackson/jackson-mapper-asl/1.9.13/jackson-mapper-asl-1.9.13.jar:/home/tdurieux/.m2/repository/org/springframework/ws/spring-ws-core/2.1.4.RELEASE/spring-ws-core-2.1.4.RELEASE.jar:/home/tdurieux/.m2/repository/javax/servlet/javax.servlet-api/3.0.1/javax.servlet-api-3.0.1.jar:/home/tdurieux/.m2/repository/org/apache/logging/log4j/log4j-slf4j-impl/2.3-SNAPSHOT/log4j-slf4j-impl-2.3-SNAPSHOT.jar:/home/tdurieux/.m2/repository/commons-beanutils/commons-beanutils-core/1.8.0/commons-beanutils-core-1.8.0.jar:/home/tdurieux/.m2/repository/org/eclipse/persistence/org.eclipse.persistence.jpa.jpql/2.5.2/org.eclipse.persistence.jpa.jpql-2.5.2.jar:/home/tdurieux/.m2/repository/com/fasterxml/jackson/core/jackson-databind/2.5.1/jackson-databind-2.5.1.jar:/home/tdurieux/.m2/repository/org/hsqldb/hsqldb/2.3.2/hsqldb-2.3.2.jar:/home/tdurieux/.m2/repository/org/eclipse/sisu/org.eclipse.sisu.inject/0.3.0.M1/org.eclipse.sisu.inject-0.3.0.M1.jar:/home/tdurieux/.m2/repository/org/apache/felix/org.apache.felix.framework/4.6.0/org.apache.felix.framework-4.6.0.jar:/home/tdurieux/.m2/repository/org/sonatype/sisu/sisu-guice/3.2.3/sisu-guice-3.2.3-no_aop.jar:/home/tdurieux/.m2/repository/aopalliance/aopalliance/1.0/aopalliance-1.0.jar:/home/tdurieux/.m2/repository/commons-io/commons-io/2.4/commons-io-2.4.jar:/home/tdurieux/.m2/repository/org/apache/avro/avro/1.7.3/avro-1.7.3.jar:/home/tdurieux/.m2/repository/org/mortbay/jetty/jsp-2.1/6.1.14/jsp-2.1-6.1.14.jar:/home/tdurieux/.m2/repository/org/springframework/spring-context/3.2.11.RELEASE/spring-context-3.2.11.RELEASE.jar:/home/tdurieux/.m2/repository/org/slf4j/slf4j-ext/1.7.7/slf4j-ext-1.7.7.jar:/home/tdurieux/.m2/repository/org/mortbay/jetty/jetty/6.1.26/jetty-6.1.26.jar:/home/tdurieux/.m2/repository/org/openjdk/jmh/jmh-core/1.1.1/jmh-core-1.1.1.jar:/home/tdurieux/.m2/repository/org/mortbay/jetty/jsp-api-2.1/6.1.14/jsp-api-2.1-6.1.14.jar:/home/tdurieux/.m2/repository/org/hamcrest/hamcrest-core/1.3/hamcrest-core-1.3.jar:/home/tdurieux/.m2/repository/org/objenesis/objenesis/1.3/objenesis-1.3.jar:/home/tdurieux/.m2/repository/org/xerial/snappy/snappy-java/1.0.4.1/snappy-java-1.0.4.1.jar:/home/tdurieux/.m2/repository/org/codehaus/jackson/jackson-core-asl/1.9.13/jackson-core-asl-1.9.13.jar:/home/tdurieux/.m2/repository/org/mockejb/mockejb/0.6-beta2/mockejb-0.6-beta2.jar:/home/tdurieux/.m2/repository/org/apache/thrift/libthrift/0.7.0/libthrift-0.7.0.jar:/home/tdurieux/.m2/repository/org/apache/maven/maven-settings/3.2.5/maven-settings-3.2.5.jar:/home/tdurieux/.m2/repository/org/openjdk/jmh/jmh-generator-annprocess/1.1.1/jmh-generator-annprocess-1.1.1.jar:/home/tdurieux/.m2/repository/javax/xml/stream/stax-api/1.0-2/stax-api-1.0-2.jar:/home/tdurieux/.m2/repository/commons-codec/commons-codec/1.10/commons-codec-1.10.jar:/home/tdurieux/.m2/repository/commons-net/commons-net/1.4.1/commons-net-1.4.1.jar:/home/tdurieux/.m2/repository/ch/qos/logback/logback-core/1.1.3/logback-core-1.1.3-tests.jar:/home/tdurieux/.m2/repository/com/fasterxml/jackson/core/jackson-core/2.5.1/jackson-core-2.5.1.jar:/home/tdurieux/.m2/repository/commons-digester/commons-digester/1.8/commons-digester-1.8.jar:/home/tdurieux/.m2/repository/org/easymock/easymock/3.2/easymock-3.2.jar:/home/tdurieux/.m2/repository/commons-lang/commons-lang/2.4/commons-lang-2.4.jar:/home/tdurieux/.m2/repository/log4j/log4j/1.2.17/log4j-1.2.17.jar:/home/tdurieux/.m2/repository/org/apache/logging/log4j/log4j-web/2.3-SNAPSHOT/log4j-web-2.3-SNAPSHOT.jar:/home/tdurieux/.m2/repository/org/apache/flume/flume-ng-embedded-agent/1.5.2/flume-ng-embedded-agent-1.5.2.jar:/home/tdurieux/.m2/repository/javax/enterprise/cdi-api/1.0/cdi-api-1.0.jar:/home/tdurieux/.m2/repository/org/eclipse/persistence/eclipselink/2.5.2/eclipselink-2.5.2.jar:/home/tdurieux/.m2/repository/com/h2database/h2/1.3.175/h2-1.3.175.jar:/home/tdurieux/.m2/repository/org/apache/commons/commons-math/2.1/commons-math-2.1.jar:/home/tdurieux/.m2/repository/commons-beanutils/commons-beanutils/1.7.0/commons-beanutils-1.7.0.jar:/home/tdurieux/.m2/repository/com/google/code/findbugs/jsr305/1.3.9/jsr305-1.3.9.jar:/home/tdurieux/.m2/repository/javax/inject/javax.inject/1/javax.inject-1.jar:/home/tdurieux/.m2/repository/org/apache/maven/maven-repository-metadata/3.2.5/maven-repository-metadata-3.2.5.jar:/home/tdurieux/.m2/repository/javax/annotation/jsr250-api/1.0/jsr250-api-1.0.jar:/home/tdurieux/.m2/repository/xmlenc/xmlenc/0.52/xmlenc-0.52.jar:/home/tdurieux/.m2/repository/org/mortbay/jetty/servlet-api-2.5/6.1.14/servlet-api-2.5-6.1.14.jar:/home/tdurieux/.m2/repository/org/springframework/spring-webmvc/3.2.11.RELEASE/spring-webmvc-3.2.11.RELEASE.jar:/home/tdurieux/.m2/repository/org/apache/flume/flume-ng-configuration/1.5.2/flume-ng-configuration-1.5.2.jar:/home/tdurieux/.m2/repository/org/mortbay/jetty/jetty-util/6.1.26/jetty-util-6.1.26.jar:/home/tdurieux/.m2/repository/org/apache/maven/maven-core/3.2.5/maven-core-3.2.5.jar:/home/tdurieux/.m2/repository/com/google/guava/guava/16.0.1/guava-16.0.1.jar:/home/tdurieux/.m2/repository/org/codehaus/plexus/plexus-interpolation/1.21/plexus-interpolation-1.21.jar:/home/tdurieux/.m2/repository/wsdl4j/wsdl4j/1.6.1/wsdl4j-1.6.1.jar:/home/tdurieux/.m2/repository/org/schwering/irclib/1.10/irclib-1.10.jar:/home/tdurieux/.m2/repository/org/apache/commons/commons-lang3/3.3.2/commons-lang3-3.3.2.jar:/home/tdurieux/.m2/repository/org/slf4j/slf4j-api/1.7.7/slf4j-api-1.7.7.jar:/home/tdurieux/.m2/repository/net/javacrumbs/json-unit/json-unit-core/1.1.6/json-unit-core-1.1.6.jar:/home/tdurieux/.m2/repository/com/sun/mail/javax.mail/1.5.2/javax.mail-1.5.2.jar:/home/tdurieux/.m2/repository/com/google/code/gson/gson/2.2.2/gson-2.2.2.jar:/home/tdurieux/.m2/repository/org/apache/flume/flume-ng-channels/flume-file-channel/1.5.2/flume-file-channel-1.5.2.jar:/home/tdurieux/.m2/repository/org/apache/geronimo/specs/geronimo-j2ee-management_1.1_spec/1.0.1/geronimo-j2ee-management_1.1_spec-1.0.1.jar:/home/tdurieux/.m2/repository/org/springframework/spring-beans/3.2.11.RELEASE/spring-beans-3.2.11.RELEASE.jar:/home/tdurieux/.m2/repository/org/apache/activemq/activemq-broker/5.11.1/activemq-broker-5.11.1.jar:/home/tdurieux/.m2/repository/ch/qos/logback/logback-classic/1.1.3/logback-classic-1.1.3.jar:/home/tdurieux/.m2/repository/org/apache/flume/flume-ng-channels/flume-jdbc-channel/1.5.2/flume-jdbc-channel-1.5.2.jar:/home/tdurieux/.m2/repository/org/codehaus/plexus/plexus-classworlds/2.5.2/plexus-classworlds-2.5.2.jar:/home/tdurieux/.m2/repository/org/eclipse/aether/aether-spi/1.0.0.v20140518/aether-spi-1.0.0.v20140518.jar:/home/tdurieux/.m2/repository/org/apache/activemq/activemq-client/5.11.1/activemq-client-5.11.1.jar:/home/tdurieux/.m2/repository/org/apache/httpcomponents/httpclient/4.0.1/httpclient-4.0.1.jar:/home/tdurieux/.m2/repository/commons-lang/commons-lang/2.5/commons-lang-2.5.jar:/home/tdurieux/.m2/repository/commons-el/commons-el/1.0/commons-el-1.0.jar:/home/tdurieux/.m2/repository/org/mongodb/mongo-java-driver/2.11.2/mongo-java-driver-2.11.2.jar:/home/tdurieux/.m2/repository/org/apache/geronimo/specs/geronimo-jms_1.1_spec/1.1.1/geronimo-jms_1.1_spec-1.1.1.jar:/home/tdurieux/.m2/repository/org/apache/maven/maven-model-builder/3.2.5/maven-model-builder-3.2.5.jar:/home/tdurieux/.m2/repository/org/apache/flume/flume-ng-sinks/flume-hdfs-sink/1.5.2/flume-hdfs-sink-1.5.2.jar:/home/tdurieux/.m2/repository/org/codehaus/plexus/plexus-utils/3.0.20/plexus-utils-3.0.20.jar:/home/tdurieux/.m2/repository/org/jboss/spec/javax/jms/jboss-jms-api_1.1_spec/1.0.1.Final/jboss-jms-api_1.1_spec-1.0.1.Final.jar:/home/tdurieux/.m2/repository/org/apache/logging/log4j/log4j-api/2.3-SNAPSHOT/log4j-api-2.3-SNAPSHOT.jar:/home/tdurieux/.m2/repository/net/sf/jopt-simple/jopt-simple/4.6/jopt-simple-4.6.jar:/home/tdurieux/.m2/repository/org/eclipse/persistence/org.eclipse.persistence.core/2.5.2/org.eclipse.persistence.core-2.5.2.jar:/home/tdurieux/.m2/repository/org/springframework/spring-core/3.2.11.RELEASE/spring-core-3.2.11.RELEASE.jar:/home/tdurieux/.m2/repository/org/springframework/spring-web/3.2.11.RELEASE/spring-web-3.2.11.RELEASE.jar:/home/tdurieux/.m2/repository/org/fusesource/hawtbuf/hawtbuf/1.11/hawtbuf-1.11.jar:/home/tdurieux/.m2/repository/com/google/guava/guava/11.0.2/guava-11.0.2.jar:/home/tdurieux/.m2/repository/org/mapdb/mapdb/0.9.9/mapdb-0.9.9.jar:/home/tdurieux/.m2/repository/org/apache/hadoop/hadoop-core/1.1.1/hadoop-core-1.1.1.jar:/home/tdurieux/.m2/repository/org/eclipse/jdt/core/3.1.1/core-3.1.1.jar:/home/tdurieux/.m2/repository/org/apache/logging/log4j/log4j-core/2.3-SNAPSHOT/log4j-core-2.3-SNAPSHOT.jar:/home/tdurieux/.m2/repository/org/apache/logging/log4j/log4j-1.2-api/2.3-SNAPSHOT/log4j-1.2-api-2.3-SNAPSHOT.jar:/home/tdurieux/.m2/repository/org/eclipse/persistence/commonj.sdo/2.1.1/commonj.sdo-2.1.1.jar:/home/tdurieux/.m2/repository/ch/qos/logback/logback-core/1.1.3/logback-core-1.1.3.jar:/home/tdurieux/.m2/repository/ant/ant/1.6.5/ant-1.6.5.jar:/home/tdurieux/.m2/repository/org/apache/maven/maven-plugin-api/3.2.5/maven-plugin-api-3.2.5.jar:/home/tdurieux/.m2/repository/com/fasterxml/jackson/core/jackson-annotations/2.5.0/jackson-annotations-2.5.0.jar:/home/tdurieux/.m2/repository/com/google/protobuf/protobuf-java/2.5.0/protobuf-java-2.5.0.jar:/home/tdurieux/.m2/repository/org/eclipse/aether/aether-impl/1.0.0.v20140518/aether-impl-1.0.0.v20140518.jar:/home/tdurieux/.m2/repository/commons-cli/commons-cli/1.2/commons-cli-1.2.jar:/home/tdurieux/.m2/repository/org/eclipse/persistence/org.eclipse.persistence.jpa/2.5.2/org.eclipse.persistence.jpa-2.5.2.jar:/home/tdurieux/.m2/repository/org/eclipse/osgi/org.eclipse.osgi/3.7.1/org.eclipse.osgi-3.7.1.jar:/home/tdurieux/.m2/repository/org/springframework/spring-test/3.2.11.RELEASE/spring-test-3.2.11.RELEASE.jar:/home/tdurieux/.m2/repository/ch/qos/cal10n/cal10n-api/0.8.1/cal10n-api-0.8.1.jar:/home/tdurieux/.m2/repository/org/springframework/ws/spring-xml/2.1.4.RELEASE/spring-xml-2.1.4.RELEASE.jar:/home/tdurieux/.m2/repository/org/apache/logging/log4j/samples/log4j-samples-flume-common/2.3-SNAPSHOT/log4j-samples-flume-common-2.3-SNAPSHOT.jar:/home/tdurieux/.m2/repository/org/eclipse/persistence/org.eclipse.persistence.asm/2.5.2/org.eclipse.persistence.asm-2.5.2.jar:/home/tdurieux/.m2/repository/org/apache/flume/flume-ng-channels/flume-spillable-memory-channel/1.5.2/flume-spillable-memory-channel-1.5.2.jar:/home/tdurieux/.m2/repository/log4j/apache-log4j-extras/1.1/apache-log4j-extras-1.1.jar:/home/tdurieux/.m2/repository/org/apache/maven/maven-settings-builder/3.2.5/maven-settings-builder-3.2.5.jar:/home/tdurieux/.m2/repository/javax/servlet/jsp/jsp-api/2.1/jsp-api-2.1.jar:/home/tdurieux/.m2/repository/com/fasterxml/jackson/dataformat/jackson-dataformat-yaml/2.5.1/jackson-dataformat-yaml-2.5.1.jar:/home/tdurieux/.m2/repository/org/apache/avro/avro-ipc/1.7.3/avro-ipc-1.7.3.jar:/home/tdurieux/.m2/repository/com/fasterxml/jackson/dataformat/jackson-dataformat-xml/2.5.1/jackson-dataformat-xml-2.5.1.jar:/home/tdurieux/.m2/repository/org/sonatype/plexus/plexus-sec-dispatcher/1.3/plexus-sec-dispatcher-1.3.jar:/home/tdurieux/.m2/repository/org/codehaus/plexus/plexus-component-annotations/1.5.5/plexus-component-annotations-1.5.5.jar:/home/tdurieux/.m2/repository/org/apache/maven/maven-aether-provider/3.2.5/maven-aether-provider-3.2.5.jar:/home/tdurieux/.m2/repository/org/apache/velocity/velocity/1.7/velocity-1.7.jar:/home/tdurieux/.m2/repository/junit/junit/4.11/junit-4.11.jar:/home/tdurieux/.m2/repository/commons-configuration/commons-configuration/1.6/commons-configuration-1.6.jar:/home/tdurieux/.m2/repository/net/java/dev/jets3t/jets3t/0.6.1/jets3t-0.6.1.jar:/home/tdurieux/.m2/repository/org/apache/logging/log4j/log4j-flume-ng/2.3-SNAPSHOT/log4j-flume-ng-2.3-SNAPSHOT.jar:/home/tdurieux/.m2/repository/org/lightcouch/lightcouch/0.0.6/lightcouch-0.0.6.jar:/home/tdurieux/.m2/repository/org/eclipse/aether/aether-util/1.0.0.v20140518/aether-util-1.0.0.v20140518.jar:/home/tdurieux/.m2/repository/org/apache/activemq/activemq-openwire-legacy/5.11.1/activemq-openwire-legacy-5.11.1.jar:/home/tdurieux/.m2/repository/io/netty/netty/3.5.12.Final/netty-3.5.12.Final.jar:/home/tdurieux/.m2/repository/oro/oro/2.0.8/oro-2.0.8.jar:/home/tdurieux/.m2/repository/org/eclipse/sisu/org.eclipse.sisu.plexus/0.3.0.M1/org.eclipse.sisu.plexus-0.3.0.M1.jar:/home/tdurieux/.m2/repository/org/apache/flume/flume-ng-sinks/flume-irc-sink/1.5.2/flume-irc-sink-1.5.2.jar:/home/tdurieux/.m2/repository/org/yaml/snakeyaml/1.12/snakeyaml-1.12.jar:/home/tdurieux/.m2/repository/org/codehaus/woodstox/woodstox-core-asl/4.3.0/woodstox-core-asl-4.3.0.jar:/home/tdurieux/.m2/repository/org/apache/logging/log4j/log4j-core/2.3-SNAPSHOT/log4j-core-2.3-SNAPSHOT-tests.jar:/home/tdurieux/.m2/repository/net/javacrumbs/json-unit/json-unit/1.1.6/json-unit-1.1.6.jar:/home/tdurieux/.m2/repository/cglib/cglib-full/2.0.2/cglib-full-2.0.2.jar:/home/tdurieux/.m2/repository/com/fasterxml/jackson/module/jackson-module-jaxb-annotations/2.5.1/jackson-module-jaxb-annotations-2.5.1.jar:/home/tdurieux/.m2/repository/commons-logging/commons-logging/1.2/commons-logging-1.2.jar:/home/tdurieux/.m2/repository/org/apache/httpcomponents/httpcore/4.2.4/httpcore-4.2.4.jar:/home/tdurieux/.m2/repository/commons-collections/commons-collections/3.2.1/commons-collections-3.2.1.jar;
	echo "\n\nNode: `hostname`\n";
	echo "\n\nDate: `date`\n";
Picked up JAVA_TOOL_OPTIONS: -Dfile.encoding=UTF8 -Duser.language=en-US -Duser.country=US -Duser.language=en
TernarySplitter  in 320ms
super(((options != null) && ((options.length) > 0) ? ("MDC{" + (options[0])) + '}' : "MDC"), "mdc")
return (parent) == null
return (url != null) && ((url.getProtocol().equals(FileUtils.PROTOCOL_FILE)) || (url.getProtocol().equals(FileUtils.JBOSS_FILE)))
return new CustomLevels((customLevels == null ? new CustomLevelConfig[0] : customLevels))
final String zone = ("._log4j._" + (protocol != null ? protocol : "tcp")) + ".local."
return (level != null) && ((intLevel) >= (level.intLevel()))
return (level != null) && ((intLevel) >= (level.intLevel()))
return (level != null) && ((intLevel) >= (level.intLevel()))
return (level != null) && ((intLevel) >= (level.intLevel()))
return (level != null) && ((intLevel) >= (level.intLevel()))
this.defaultLookup = new MapLookup((properties == null ? new HashMap<String, String>() : properties))
final boolean hideAnsi = noConsoleNoAnsi && ((System.console()) == null)
final boolean useTlsMessageFormat = (sslConfig != null) || (protocol == (Protocol.SSL))
return (filter) != null
return ((filter) != null) && ((filter.filter(event)) == (DENY))
return ((this.packages) != null) && (!(this.packages.isEmpty()))
final boolean isAnd = (oper == null) || (!(oper.equalsIgnoreCase("or")))
final boolean top = priorVariables == null
this.formatters = parser.parse((pattern == null ? PatternLayout.DEFAULT_CONVERSION_PATTERN : pattern), this.alwaysWriteExceptions, this.noConsoleNoAnsi)
return str.getBytes((charset != null ? charset : Charset.defaultCharset()))
p = ((node.getParent().getName()) == null) ? "root" : node.getParent().getName()
final Protocol protocol = EnglishEnums.valueOf(Protocol.class, (protocolStr != null ? protocolStr : Protocol.TCP.name()))
final boolean isAnd = (oper == null) || (!(oper.equalsIgnoreCase("or")))
final boolean named = (name != null) && ((name.length()) > 0)
return ((scheme == null) || (scheme.equals(ConfigurationFactory.CLASS_LOADER_SCHEME))) || (scheme.equals(ConfigurationFactory.CLASS_PATH_SCHEME))
final boolean hideAnsi = noConsoleNoAnsi && ((System.console()) == null)
substitute = (config != null) && (literal.contains("${"))
return ((ni != null) && (!(ni.isLoopback()))) && (ni.isUp())
return (type != null) && (type.isAnnotationPresent(Plugin.class))
return (Throwables.GET_SUPPRESSED) != null
super(((options != null) && ((options.length) > 0) ? ("MAP{" + (options[0])) + '}' : "MAP"), "map")
return parent != null
return loader1 != null
return clazz != null
final boolean isAnd = (oper == null) || (!(oper.equalsIgnoreCase("or")))
return (rhs == null) || ((lhs != null) && (TypeUtil.isAssignable(lhs, rhs)))
return (rhs == null) || ((lhs != null) && (TypeUtil.isAssignable(lhs, rhs)))
CheckNotNull  in 1452ms
ForceNullInit in 210ms
AddImplicitCastChecker --> 0 in 374ms
toAppendTo.append((((config) != null) && (result.contains("${")) ? config.getStrSubstitutor().replace(event, result) : result))-->config.getStrSubstitutor().replace(event, result)
java.lang.IndexOutOfBoundsException: Index: -1, Size: 1
	at java.util.ArrayList.rangeCheckForAdd(ArrayList.java:665)
	at java.util.ArrayList.add(ArrayList.java:477)
	at spoon.support.reflect.code.CtStatementImpl$InsertType$1.insertFromFirstStatement(CtStatementImpl.java:185)
	at spoon.support.reflect.code.CtStatementImpl$InsertVisitor.visitCtBlock(CtStatementImpl.java:102)
	at spoon.support.reflect.code.CtBlockImpl.accept(CtBlockImpl.java:48)
	at spoon.reflect.visitor.CtInheritanceScanner.scan(CtInheritanceScanner.java:173)
	at spoon.support.reflect.code.CtStatementImpl.insertBefore(CtStatementImpl.java:84)
	at spoon.support.reflect.code.CtStatementImpl.insertBefore(CtStatementImpl.java:66)
	at spoon.support.reflect.code.CtInvocationImpl.insertBefore(CtInvocationImpl.java:108)
	at fr.inria.spirals.npefix.transformer.processors.BeforeDerefAdder.extractInvocations(BeforeDerefAdder.java:378)
	at fr.inria.spirals.npefix.transformer.processors.BeforeDerefAdder.process(BeforeDerefAdder.java:184)
	at fr.inria.spirals.npefix.transformer.processors.BeforeDerefAdder.process(BeforeDerefAdder.java:60)
	at spoon.support.visitor.ProcessingVisitor.scan(ProcessingVisitor.java:81)
	at spoon.reflect.visitor.CtScanner.scan(CtScanner.java:157)
	at spoon.reflect.visitor.CtScanner.scan(CtScanner.java:141)
	at spoon.reflect.visitor.CtScanner.visitCtInvocation(CtScanner.java:496)
	at spoon.support.reflect.code.CtInvocationImpl.accept(CtInvocationImpl.java:56)
	at spoon.reflect.visitor.CtScanner.scan(CtScanner.java:165)
	at spoon.support.visitor.ProcessingVisitor.scan(ProcessingVisitor.java:77)
	at spoon.reflect.visitor.CtScanner.scan(CtScanner.java:157)
	at spoon.reflect.visitor.CtScanner.scan(CtScanner.java:141)
	at spoon.reflect.visitor.CtScanner.visitCtBlock(CtScanner.java:291)
	at spoon.support.reflect.code.CtBlockImpl.accept(CtBlockImpl.java:48)
	at spoon.reflect.visitor.CtScanner.scan(CtScanner.java:165)
	at spoon.support.visitor.ProcessingVisitor.scan(ProcessingVisitor.java:77)
	at spoon.reflect.visitor.CtScanner.scan(CtScanner.java:157)
	at spoon.reflect.visitor.CtScanner.visitCtIf(CtScanner.java:474)
	at spoon.support.reflect.code.CtIfImpl.accept(CtIfImpl.java:46)
	at spoon.reflect.visitor.CtScanner.scan(CtScanner.java:165)
	at spoon.support.visitor.ProcessingVisitor.scan(ProcessingVisitor.java:77)
	at spoon.reflect.visitor.CtScanner.scan(CtScanner.java:157)
	at spoon.reflect.visitor.CtScanner.scan(CtScanner.java:141)
	at spoon.reflect.visitor.CtScanner.visitCtBlock(CtScanner.java:291)
	at spoon.support.reflect.code.CtBlockImpl.accept(CtBlockImpl.java:48)
	at spoon.reflect.visitor.CtScanner.scan(CtScanner.java:165)
	at spoon.support.visitor.ProcessingVisitor.scan(ProcessingVisitor.java:77)
	at spoon.reflect.visitor.CtScanner.scan(CtScanner.java:157)
	at spoon.reflect.visitor.CtScanner.visitCtIf(CtScanner.java:474)
	at spoon.support.reflect.code.CtIfImpl.accept(CtIfImpl.java:46)
	at spoon.reflect.visitor.CtScanner.scan(CtScanner.java:165)
	at spoon.support.visitor.ProcessingVisitor.scan(ProcessingVisitor.java:77)
	at spoon.reflect.visitor.CtScanner.scan(CtScanner.java:157)
	at spoon.reflect.visitor.CtScanner.scan(CtScanner.java:141)
	at spoon.reflect.visitor.CtScanner.visitCtBlock(CtScanner.java:291)
	at spoon.support.reflect.code.CtBlockImpl.accept(CtBlockImpl.java:48)
	at spoon.reflect.visitor.CtScanner.scan(CtScanner.java:165)
	at spoon.support.visitor.ProcessingVisitor.scan(ProcessingVisitor.java:77)
	at spoon.reflect.visitor.CtScanner.scan(CtScanner.java:157)
	at spoon.reflect.visitor.CtScanner.visitCtIf(CtScanner.java:474)
	at spoon.support.reflect.code.CtIfImpl.accept(CtIfImpl.java:46)
	at spoon.reflect.visitor.CtScanner.scan(CtScanner.java:165)
	at spoon.support.visitor.ProcessingVisitor.scan(ProcessingVisitor.java:77)
	at spoon.reflect.visitor.CtScanner.scan(CtScanner.java:157)
	at spoon.reflect.visitor.CtScanner.scan(CtScanner.java:141)
	at spoon.reflect.visitor.CtScanner.visitCtBlock(CtScanner.java:291)
	at spoon.support.reflect.code.CtBlockImpl.accept(CtBlockImpl.java:48)
	at spoon.reflect.visitor.CtScanner.scan(CtScanner.java:165)
	at spoon.support.visitor.ProcessingVisitor.scan(ProcessingVisitor.java:77)
	at spoon.reflect.visitor.CtScanner.scan(CtScanner.java:157)
	at spoon.reflect.visitor.CtScanner.visitCtMethod(CtScanner.java:549)
	at spoon.support.reflect.declaration.CtMethodImpl.accept(CtMethodImpl.java:70)
	at spoon.reflect.visitor.CtScanner.scan(CtScanner.java:165)
	at spoon.support.visitor.ProcessingVisitor.scan(ProcessingVisitor.java:77)
	at spoon.reflect.visitor.CtScanner.scan(CtScanner.java:157)
	at spoon.reflect.visitor.CtScanner.scan(CtScanner.java:141)
	at spoon.reflect.visitor.CtScanner.visitCtClass(CtScanner.java:327)
	at spoon.support.reflect.declaration.CtClassImpl.accept(CtClassImpl.java:68)
	at spoon.reflect.visitor.CtScanner.scan(CtScanner.java:165)
	at spoon.support.visitor.ProcessingVisitor.scan(ProcessingVisitor.java:77)
	at spoon.support.QueueProcessingManager.process(QueueProcessingManager.java:119)
	at fr.inria.spirals.npefix.main.all.Launcher.instrument(Launcher.java:105)
	at fr.inria.spirals.npefix.main.run.Main.run(Main.java:61)
	at fr.inria.spirals.npefix.main.run.Main.main(Main.java:48)
BeforeDeref --> 4274 (failed:1) in 1043ms
target--> 5758 (failed:0) in 2037ms
TryRegister # Try: 302 in 237ms
Assign --> 1729 (failed: 0) in 845ms
VarInit --> 1574 in 668ms
MethodEncapsulation # Method: 2127 in 2641ms
ConstructorEncapsulation # Constructor: 372 in 780ms
VariableFor in 410ms
spoon.compiler.ModelBuildingException: The local variable method may not have been initialized at /tmp/NPEFix_Bug_dot_jar_Logging-Log4J2_3cee912e/FactoryMethodConnectionSource.java:112
	at spoon.support.compiler.jdt.JDTBasedSpoonCompiler.report(JDTBasedSpoonCompiler.java:581)
	at spoon.support.compiler.jdt.JDTBasedSpoonCompiler.reportProblems(JDTBasedSpoonCompiler.java:562)
	at spoon.support.compiler.jdt.JDTBasedSpoonCompiler.compile(JDTBasedSpoonCompiler.java:157)
	at fr.inria.spirals.npefix.main.all.Launcher.instrument(Launcher.java:109)
	at fr.inria.spirals.npefix.main.run.Main.run(Main.java:61)
	at fr.inria.spirals.npefix.main.run.Main.main(Main.java:48)
Exception in thread "main" spoon.compiler.ModelBuildingException: The local variable method may not have been initialized at /tmp/NPEFix_Bug_dot_jar_Logging-Log4J2_3cee912e/FactoryMethodConnectionSource.java:112
	at spoon.support.compiler.jdt.JDTBasedSpoonCompiler.report(JDTBasedSpoonCompiler.java:581)
	at spoon.support.compiler.jdt.JDTBasedSpoonCompiler.reportProblems(JDTBasedSpoonCompiler.java:562)
	at spoon.support.compiler.jdt.JDTBasedSpoonCompiler.compile(JDTBasedSpoonCompiler.java:157)
	at fr.inria.spirals.npefix.main.all.Launcher.instrument(Launcher.java:109)
	at fr.inria.spirals.npefix.main.run.Main.run(Main.java:61)
	at fr.inria.spirals.npefix.main.run.Main.main(Main.java:48)
Command exited with non-zero status 1
134.08user 2.69system 0:50.84elapsed 269%CPU (0avgtext+0avgdata 1723392maxresident)k
20184inputs+19312outputs (1major+438289minor)pagefaults 0swaps


Node: granduc-21.luxembourg.grid5000.fr



Date: Sun Dec 30 00:46:34 EST 2018

