cd /tmp/NPEFix_Bug_dot_jar_Commons-Math_8b418000;
export JAVA_TOOL_OPTIONS="-Dfile.encoding=UTF8 -Duser.language=en-US -Duser.country=US -Duser.language=en";
TZ="America/New_York"; export TZ;
export PATH="/usr/lib/jvm/java-1.8.0-openjdk-amd64/bin/:$PATH";
export JAVA_HOME="/usr/lib/jvm/java-1.8.0-openjdk-amd64/bin/";
time java -Xmx4048m -cp /home/tdurieux/defects4j4repair/script/../repair_tools/npefix.jar fr.inria.spirals.npefix.main.run.Main \
    --test org.apache.commons.math.geometry.euclidean.threed.RotationTest \
    --iteration 100 \
	--complianceLevel 7 \
	--workingdirectory . \
	--source src/main/java \
	--classpath target/classes:target/test-classes:/home/tdurieux/.m2/repository/junit/junit/4.8.2/junit-4.8.2.jar;
	echo "\n\nNode: `hostname`\n";
	echo "\n\nDate: `date`\n";
Picked up JAVA_TOOL_OPTIONS: -Dfile.encoding=UTF8 -Duser.language=en-US -Duser.country=US -Duser.language=en
TernarySplitter  in 336ms
final boolean closed = (loop[0]) != null
throw MathRuntimeException.createIllegalArgumentException(LocalizedFormats.DIMENSIONS_MISMATCH_SIMPLE, (x == null ? 0 : x.length), (y == null ? 0 : y.length))
throw MathRuntimeException.createIllegalArgumentException(LocalizedFormats.DIMENSIONS_MISMATCH_SIMPLE, (x == null ? 0 : x.length), (y == null ? 0 : y.length))
this.point = (point == null) ? null : point.clone()
this.value = (value == null) ? null : value.clone()
this(prototypeStatistics, (prototypeStatistics == null ? null : new SummaryStatistics(prototypeStatistics)))
return !((x == null) ^ (y == null))
return !((x == null) ^ (y == null))
return !((x == null) ^ (y == null))
return !((x == null) ^ (y == null))
return !((x == null) ^ (y == null))
return !((x == null) ^ (y == null))
return !((x == null) ^ (y == null))
return !((x == null) ^ (y == null))
return ((in) != null) && (!(in.isEmpty()))
return ((out) != null) && (!(out.isEmpty()))
this.arguments = new Object[]{ rootCause == null ? "" : rootCause.getMessage() }
this.point = (point == null) ? null : point.clone()
return ((key) == null ? (oP.getKey()) == null : key.equals(oP.getKey())) && ((value) == null ? (oP.getValue()) == null : value.equals(oP.getValue()))
return ((key) == null ? (oP.getKey()) == null : key.equals(oP.getKey())) && ((value) == null ? (oP.getValue()) == null : value.equals(oP.getValue()))
return ((key) == null ? (oP.getKey()) == null : key.equals(oP.getKey())) && ((value) == null ? (oP.getValue()) == null : value.equals(oP.getValue()))
return ((key) == null ? (oP.getKey()) == null : key.equals(oP.getKey())) && ((value) == null ? (oP.getValue()) == null : value.equals(oP.getValue()))
return ((key) == null ? 0 : key.hashCode()) ^ ((value) == null ? 0 : value.hashCode())
return ((key) == null ? 0 : key.hashCode()) ^ ((value) == null ? 0 : value.hashCode())
final boolean open = (segment.getStart()) == null
this.arguments = new Object[]{ rootCause == null ? "" : rootCause.getMessage() }
return (1 + ((left) == null ? 0 : left.size())) + ((right) == null ? 0 : right.size())
return (1 + ((left) == null ? 0 : left.size())) + ((right) == null ? 0 : right.size())
return (top) == null
throw new ModelSpecificationException(LocalizedFormats.DIMENSIONS_MISMATCH_SIMPLE, (x == null ? 0 : x.length), (y == null ? 0 : y.length))
throw new ModelSpecificationException(LocalizedFormats.DIMENSIONS_MISMATCH_SIMPLE, (x == null ? 0 : x.length), (y == null ? 0 : y.length))
CheckNotNull  in 1053ms
ForceNullInit in 358ms
AddImplicitCastChecker --> 4 in 612ms
BeforeDeref --> 10655 (failed:0) in 2408ms
target--> 14233 (failed:0) in 4566ms
TryRegister # Try: 92 in 473ms
Assign --> 7335 (failed: 0) in 3804ms
VarInit --> 4958 in 1639ms
MethodEncapsulation # Method: 4501 in 3272ms
ConstructorEncapsulation # Constructor: 902 in 2366ms
VariableFor in 820ms
spoon.compiler.ModelBuildingException: The method intersection(org.apache.commons.math.geometry.euclidean.threed.Line) in the type Plane is not applicable for the arguments (org.apache.commons.math.geometry.euclidean.twod.Line) at /tmp/NPEFix_Bug_dot_jar_Commons-Math_8b418000/PolyhedronsSet.java:451
	at spoon.support.compiler.jdt.JDTBasedSpoonCompiler.report(JDTBasedSpoonCompiler.java:581)
	at spoon.support.compiler.jdt.JDTBasedSpoonCompiler.reportProblems(JDTBasedSpoonCompiler.java:562)
	at spoon.support.compiler.jdt.JDTBasedSpoonCompiler.compile(JDTBasedSpoonCompiler.java:157)
	at fr.inria.spirals.npefix.main.all.Launcher.instrument(Launcher.java:109)
	at fr.inria.spirals.npefix.main.run.Main.run(Main.java:61)
	at fr.inria.spirals.npefix.main.run.Main.main(Main.java:48)
Exception in thread "main" spoon.compiler.ModelBuildingException: The method intersection(org.apache.commons.math.geometry.euclidean.threed.Line) in the type Plane is not applicable for the arguments (org.apache.commons.math.geometry.euclidean.twod.Line) at /tmp/NPEFix_Bug_dot_jar_Commons-Math_8b418000/PolyhedronsSet.java:451
	at spoon.support.compiler.jdt.JDTBasedSpoonCompiler.report(JDTBasedSpoonCompiler.java:581)
	at spoon.support.compiler.jdt.JDTBasedSpoonCompiler.reportProblems(JDTBasedSpoonCompiler.java:562)
	at spoon.support.compiler.jdt.JDTBasedSpoonCompiler.compile(JDTBasedSpoonCompiler.java:157)
	at fr.inria.spirals.npefix.main.all.Launcher.instrument(Launcher.java:109)
	at fr.inria.spirals.npefix.main.run.Main.run(Main.java:61)
	at fr.inria.spirals.npefix.main.run.Main.main(Main.java:48)
Command exited with non-zero status 1
186.34user 2.46system 1:19.36elapsed 237%CPU (0avgtext+0avgdata 1989780maxresident)k
18776inputs+40464outputs (1major+550627minor)pagefaults 0swaps


Node: petitprince-9.luxembourg.grid5000.fr



Date: Sat Dec 29 19:25:16 EST 2018

