cd /tmp/NPEFix_IntroClassJava_digits_0cdfa335eea3c612e6fa3ad261276b0c3ebbc6ff0ff13c20bdc249bad29a8037ca6dc887dd28558964e1e1a24f47c4cffc05adba525285dc8b93660cdf9b8b7c_005;
export JAVA_TOOL_OPTIONS="-Dfile.encoding=UTF8 -Duser.language=en-US -Duser.country=US -Duser.language=en";
TZ="America/New_York"; export TZ;
export PATH="/usr/lib/jvm/java-1.8.0-openjdk-amd64/bin/:$PATH";
export JAVA_HOME="/usr/lib/jvm/java-1.8.0-openjdk-amd64/bin/";
time java -Xmx4g -Xms1g -cp /home/tdurieux/defects4j4repair/script/../repair_tools/npefix.jar fr.inria.spirals.npefix.main.run.Main \
    --test introclassJava.digits_0cdfa335_005BlackboxTest:introclassJava.digits_0cdfa335_005WhiteboxTest \
    --iteration 100 \
	--complianceLevel 7 \
	--workingdirectory . \
	--source src/main/java \
	--classpath target/classes:target/test-classes:/home/tdurieux/.m2/repository/junit/junit/4.11/junit-4.11.jar:/home/tdurieux/.m2/repository/org/hamcrest/hamcrest-core/1.3/hamcrest-core-1.3.jar;
	echo "\n\nNode: `hostname`\n";
	echo "\n\nDate: `date`\n";
Picked up JAVA_TOOL_OPTIONS: -Dfile.encoding=UTF8 -Duser.language=en-US -Duser.country=US -Duser.language=en
TernarySplitter  in 3ms
CheckNotNull  in 37ms
ForceNullInit in 21ms
AddImplicitCastChecker --> 0 in 4ms
BeforeDeref --> 27 (failed:0) in 18ms
target--> 28 (failed:0) in 48ms
TryRegister # Try: 0 in 2ms
Assign --> 20 (failed: 0) in 54ms
VarInit --> 5 in 4ms
MethodEncapsulation # Method: 2 in 46ms
ConstructorEncapsulation # Constructor: 10 in 11ms
VariableFor in 2ms
RMI Selector (Host: 127.0.0.1, Port: 10000): KO
introclassJava.digits_0cdfa335_005WhiteboxTest#test10
<No Strat> Status: Ok
introclassJava.digits_0cdfa335_005WhiteboxTest#test7
<No Strat> Status: Ok
introclassJava.digits_0cdfa335_005WhiteboxTest#test8
<No Strat> Status: Ok
introclassJava.digits_0cdfa335_005WhiteboxTest#test9
<No Strat> Status: Ok
introclassJava.digits_0cdfa335_005WhiteboxTest#test2
<No Strat> Status: Ok
introclassJava.digits_0cdfa335_005WhiteboxTest#test3
<No Strat> Status: Ok
introclassJava.digits_0cdfa335_005WhiteboxTest#test4
<No Strat> Status: Ok
introclassJava.digits_0cdfa335_005WhiteboxTest#test5
<No Strat> Status: Ok
introclassJava.digits_0cdfa335_005WhiteboxTest#test6
<No Strat> Status: Ok
introclassJava.digits_0cdfa335_005WhiteboxTest#test1
<No Strat> Status: Ko
introclassJava.digits_0cdfa335_005BlackboxTest#test2
<No Strat> Status: Ko
introclassJava.digits_0cdfa335_005BlackboxTest#test3
<No Strat> Status: Ok
introclassJava.digits_0cdfa335_005BlackboxTest#test4
<No Strat> Status: Ok
introclassJava.digits_0cdfa335_005BlackboxTest#test5
<No Strat> Status: Ok
introclassJava.digits_0cdfa335_005BlackboxTest#test6
<No Strat> Status: Ok
introclassJava.digits_0cdfa335_005BlackboxTest#test1
<No Strat> Status: Ok
Multirun 16/100 16%
introclassJava.digits_0cdfa335_005WhiteboxTest#test1
<No Strat> Status: Ko
introclassJava.digits_0cdfa335_005BlackboxTest#test2
<No Strat> Status: Ko
introclassJava.digits_0cdfa335_005WhiteboxTest#test1
<No Strat> Status: Ko
introclassJava.digits_0cdfa335_005BlackboxTest#test2
<No Strat> Status: Ko
introclassJava.digits_0cdfa335_005WhiteboxTest#test1
<No Strat> Status: Ko
introclassJava.digits_0cdfa335_005BlackboxTest#test2
<No Strat> Status: Ko
introclassJava.digits_0cdfa335_005WhiteboxTest#test1
<No Strat> Status: Ko
introclassJava.digits_0cdfa335_005BlackboxTest#test2
<No Strat> Status: Ko
introclassJava.digits_0cdfa335_005WhiteboxTest#test1
<No Strat> Status: Ko
introclassJava.digits_0cdfa335_005BlackboxTest#test2
<No Strat> Status: Ko
introclassJava.digits_0cdfa335_005WhiteboxTest#test1
<No Strat> Status: Ko
introclassJava.digits_0cdfa335_005BlackboxTest#test2
<No Strat> Status: Ko
4.46user 0.19system 0:03.27elapsed 142%CPU (0avgtext+0avgdata 208404maxresident)k
21336inputs+208outputs (1major+53749minor)pagefaults 0swaps


Node: graphene-19.nancy.grid5000.fr



Date: Thu Dec  6 03:59:35 EST 2018

