cd /tmp/RSRepair_Bears_traccar-traccar_188473748-188474474;
export JAVA_TOOL_OPTIONS="-Dfile.encoding=UTF8 -Duser.language=en-US -Duser.country=US -Duser.language=en";
TZ="America/New_York"; export TZ;
export PATH="/usr/lib/jvm/java-1.8.0-openjdk-amd64/bin/:$PATH";
export JAVA_HOME="/usr/lib/jvm/java-1.8.0-openjdk-amd64/bin/";
timeout 120m java -Xmx4g -Xms1g -cp /home/tdurieux/defects4j4repair/script/../libs/jmetal.jar:/home/tdurieux/defects4j4repair/script/../repair_tools/arja.jar us.msu.cse.repair.Main \
	RSRepair \
	-DexternalProjRoot /home/tdurieux/defects4j4repair/script/../libs/arja_external \
	-DsrcJavaDir /tmp/RSRepair_Bears_traccar-traccar_188473748-188474474/src \
	-DbinJavaDir /tmp/RSRepair_Bears_traccar-traccar_188473748-188474474/target/classes \
	-DbinTestDir /tmp/RSRepair_Bears_traccar-traccar_188473748-188474474/target/test-classes \
	-DdiffFormat true \
	-Dseed 0 \
	-Ddependences /home/tdurieux/.m2/repository/io/netty/netty/3.10.6.Final/netty-3.10.6.Final.jar:/home/tdurieux/.m2/repository/org/postgresql/postgresql/9.4.1212.jre7/postgresql-9.4.1212.jre7.jar:/home/tdurieux/.m2/repository/com/ning/async-http-client/1.9.40/async-http-client-1.9.40.jar:/home/tdurieux/.m2/repository/com/fasterxml/jackson/jaxrs/jackson-jaxrs-json-provider/2.5.4/jackson-jaxrs-json-provider-2.5.4.jar:/home/tdurieux/.m2/repository/org/eclipse/jetty/jetty-io/9.2.19.v20160908/jetty-io-9.2.19.v20160908.jar:/home/tdurieux/.m2/repository/javax/annotation/javax.annotation-api/1.2/javax.annotation-api-1.2.jar:/home/tdurieux/.m2/repository/org/apache/commons/commons-collections4/4.0/commons-collections4-4.0.jar:/home/tdurieux/.m2/repository/org/yaml/snakeyaml/1.17/snakeyaml-1.17.jar:/home/tdurieux/.m2/repository/org/slf4j/jcl-over-slf4j/1.7.12/jcl-over-slf4j-1.7.12.jar:/home/tdurieux/.m2/repository/stax/stax-api/1.0.1/stax-api-1.0.1.jar:/home/tdurieux/.m2/repository/org/glassfish/jersey/bundles/repackaged/jersey-guava/2.24/jersey-guava-2.24.jar:/home/tdurieux/.m2/repository/org/apache/poi/poi/3.14/poi-3.14.jar:/home/tdurieux/.m2/repository/org/glassfish/jersey/containers/jersey-container-servlet/2.24/jersey-container-servlet-2.24.jar:/home/tdurieux/.m2/repository/org/osgi/org.osgi.core/4.3.1/org.osgi.core-4.3.1.jar:/home/tdurieux/.m2/repository/org/apache/commons/commons-lang3/3.3.2/commons-lang3-3.3.2.jar:/home/tdurieux/.m2/repository/org/apache/commons/commons-jexl/2.1.1/commons-jexl-2.1.1.jar:/home/tdurieux/.m2/repository/org/glassfish/jersey/containers/jersey-container-servlet-core/2.24/jersey-container-servlet-core-2.24.jar:/home/tdurieux/.m2/repository/org/eclipse/jetty/websocket/websocket-common/9.2.19.v20160908/websocket-common-9.2.19.v20160908.jar:/home/tdurieux/.m2/repository/org/glassfish/jersey/core/jersey-client/2.24/jersey-client-2.24.jar:/home/tdurieux/.m2/repository/org/javassist/javassist/3.20.0-GA/javassist-3.20.0-GA.jar:/home/tdurieux/.m2/repository/commons-beanutils/commons-beanutils/1.9.2/commons-beanutils-1.9.2.jar:/home/tdurieux/.m2/repository/org/glassfish/jersey/core/jersey-server/2.24/jersey-server-2.24.jar:/home/tdurieux/.m2/repository/com/fasterxml/jackson/jaxrs/jackson-jaxrs-base/2.5.4/jackson-jaxrs-base-2.5.4.jar:/home/tdurieux/.m2/repository/org/eclipse/jetty/jetty-xml/9.2.19.v20160908/jetty-xml-9.2.19.v20160908.jar:/home/tdurieux/.m2/repository/com/fasterxml/jackson/module/jackson-module-jaxb-annotations/2.5.4/jackson-module-jaxb-annotations-2.5.4.jar:/home/tdurieux/.m2/repository/org/eclipse/jetty/websocket/websocket-api/9.2.19.v20160908/websocket-api-9.2.19.v20160908.jar:/home/tdurieux/.m2/repository/org/eclipse/jetty/jetty-http/9.2.19.v20160908/jetty-http-9.2.19.v20160908.jar:/home/tdurieux/.m2/repository/org/glassfish/jersey/media/jersey-media-json-jackson/2.24/jersey-media-json-jackson-2.24.jar:/home/tdurieux/.m2/repository/org/glassfish/javax.json/1.0.4/javax.json-1.0.4.jar:/home/tdurieux/.m2/repository/org/eclipse/jetty/jetty-util/9.2.19.v20160908/jetty-util-9.2.19.v20160908.jar:/home/tdurieux/.m2/repository/mysql/mysql-connector-java/5.1.40/mysql-connector-java-5.1.40.jar:/home/tdurieux/.m2/repository/com/microsoft/sqlserver/mssql-jdbc/6.1.0.jre7/mssql-jdbc-6.1.0.jre7.jar:/home/tdurieux/.m2/repository/org/glassfish/hk2/hk2-api/2.5.0-b05/hk2-api-2.5.0-b05.jar:/home/tdurieux/.m2/repository/org/liquibase/liquibase-core/3.5.3/liquibase-core-3.5.3.jar:/home/tdurieux/.m2/repository/javax/activation/activation/1.1/activation-1.1.jar:/home/tdurieux/.m2/repository/joda-time/joda-time/2.9.6/joda-time-2.9.6.jar:/home/tdurieux/.m2/repository/org/eclipse/jetty/jetty-security/9.2.19.v20160908/jetty-security-9.2.19.v20160908.jar:/home/tdurieux/.m2/repository/com/fasterxml/jackson/core/jackson-core/2.5.4/jackson-core-2.5.4.jar:/home/tdurieux/.m2/repository/commons-logging/commons-logging/1.1.1/commons-logging-1.1.1.jar:/home/tdurieux/.m2/repository/org/glassfish/jersey/media/jersey-media-jaxb/2.24/jersey-media-jaxb-2.24.jar:/home/tdurieux/.m2/repository/com/h2database/h2/1.4.193/h2-1.4.193.jar:/home/tdurieux/.m2/repository/org/apache/poi/poi-ooxml-schemas/3.14/poi-ooxml-schemas-3.14.jar:/home/tdurieux/.m2/repository/org/glassfish/hk2/external/javax.inject/2.5.0-b05/javax.inject-2.5.0-b05.jar:/home/tdurieux/.m2/repository/ch/qos/logback/logback-core/1.1.3/logback-core-1.1.3.jar:/home/tdurieux/.m2/repository/org/apache/xmlbeans/xmlbeans/2.6.0/xmlbeans-2.6.0.jar:/home/tdurieux/.m2/repository/com/fasterxml/jackson/core/jackson-databind/2.5.4/jackson-databind-2.5.4.jar:/home/tdurieux/.m2/repository/org/eclipse/jetty/jetty-server/9.2.19.v20160908/jetty-server-9.2.19.v20160908.jar:/home/tdurieux/.m2/repository/javax/ws/rs/javax.ws.rs-api/2.0.1/javax.ws.rs-api-2.0.1.jar:/home/tdurieux/.m2/repository/org/eclipse/jetty/jetty-jndi/9.2.19.v20160908/jetty-jndi-9.2.19.v20160908.jar:/home/tdurieux/.m2/repository/org/glassfish/hk2/external/aopalliance-repackaged/2.5.0-b05/aopalliance-repackaged-2.5.0-b05.jar:/home/tdurieux/.m2/repository/org/jxls/jxls/2.3.0/jxls-2.3.0.jar:/home/tdurieux/.m2/repository/com/zaxxer/HikariCP-java7/2.4.9/HikariCP-java7-2.4.9.jar:/home/tdurieux/.m2/repository/org/codehaus/groovy/groovy-all/2.3.2/groovy-all-2.3.2.jar:/home/tdurieux/.m2/repository/javax/servlet/javax.servlet-api/3.1.0/javax.servlet-api-3.1.0.jar:/home/tdurieux/.m2/repository/org/jxls/jxls-poi/1.0.11/jxls-poi-1.0.11.jar:/home/tdurieux/.m2/repository/org/glassfish/hk2/osgi-resource-locator/1.0.1/osgi-resource-locator-1.0.1.jar:/home/tdurieux/.m2/repository/org/hamcrest/hamcrest-core/1.3/hamcrest-core-1.3.jar:/home/tdurieux/.m2/repository/org/eclipse/jetty/websocket/websocket-client/9.2.19.v20160908/websocket-client-9.2.19.v20160908.jar:/home/tdurieux/.m2/repository/org/eclipse/jetty/websocket/websocket-servlet/9.2.19.v20160908/websocket-servlet-9.2.19.v20160908.jar:/home/tdurieux/.m2/repository/org/slf4j/slf4j-api/1.7.21/slf4j-api-1.7.21.jar:/home/tdurieux/.m2/repository/org/glassfish/jersey/core/jersey-common/2.24/jersey-common-2.24.jar:/home/tdurieux/.m2/repository/org/mnode/ical4j/ical4j/2.0.0/ical4j-2.0.0.jar:/home/tdurieux/.m2/repository/org/glassfish/hk2/hk2-locator/2.5.0-b05/hk2-locator-2.5.0-b05.jar:/home/tdurieux/.m2/repository/com/github/virtuald/curvesapi/1.03/curvesapi-1.03.jar:/home/tdurieux/.m2/repository/org/eclipse/jetty/websocket/websocket-server/9.2.19.v20160908/websocket-server-9.2.19.v20160908.jar:/home/tdurieux/.m2/repository/org/apache/velocity/velocity/1.7/velocity-1.7.jar:/home/tdurieux/.m2/repository/commons-codec/commons-codec/1.9/commons-codec-1.9.jar:/home/tdurieux/.m2/repository/junit/junit/4.12/junit-4.12.jar:/home/tdurieux/.m2/repository/javax/validation/validation-api/1.1.0.Final/validation-api-1.1.0.Final.jar:/home/tdurieux/.m2/repository/org/slf4j/slf4j-simple/1.7.21/slf4j-simple-1.7.21.jar:/home/tdurieux/.m2/repository/org/glassfish/hk2/hk2-utils/2.5.0-b05/hk2-utils-2.5.0-b05.jar:/home/tdurieux/.m2/repository/org/eclipse/jetty/jetty-servlet/9.2.19.v20160908/jetty-servlet-9.2.19.v20160908.jar:/home/tdurieux/.m2/repository/org/eclipse/jetty/jetty-webapp/9.2.19.v20160908/jetty-webapp-9.2.19.v20160908.jar:/home/tdurieux/.m2/repository/javax/mail/mail/1.4.7/mail-1.4.7.jar:/home/tdurieux/.m2/repository/commons-lang/commons-lang/2.4/commons-lang-2.4.jar:/home/tdurieux/.m2/repository/log4j/log4j/1.2.17/log4j-1.2.17.jar:/home/tdurieux/.m2/repository/com/fasterxml/jackson/core/jackson-annotations/2.5.4/jackson-annotations-2.5.4.jar:/home/tdurieux/.m2/repository/org/apache/poi/poi-ooxml/3.14/poi-ooxml-3.14.jar:/home/tdurieux/.m2/repository/org/glassfish/jersey/ext/jersey-entity-filtering/2.24/jersey-entity-filtering-2.24.jar:/home/tdurieux/.m2/repository/biz/aQute/bnd/bndlib/2.3.0/bndlib-2.3.0.jar:/home/tdurieux/.m2/repository/commons-collections/commons-collections/3.2.1/commons-collections-3.2.1.jar;
	echo "\n\nNode: `hostname`\n";
	echo "\n\nDate: `date`\n";
Picked up JAVA_TOOL_OPTIONS: -Dfile.encoding=UTF8 -Duser.language=en-US -Duser.country=US -Duser.language=en
Fault localization starts...
Number of positive tests: 223
Number of negative tests: 1
Fault localization is finished!
AST parsing starts...
AST parsing is finished!
Detection of local variables starts...
Detection of local variables is finished!
Detection of fields starts...
Detection of fields is finished!
Detection of methods starts...
Detection of methods is finished!
Ingredient screener starts...
Ingredient screener is finished!
Initialization of manipulations starts...
Initialization of manipulations is finished!
Filtering of the tests starts...
Number of positive tests considered: 0
Filtering of the tests is finished!
One fitness evaluation starts...
Exception in thread "main" java.lang.IndexOutOfBoundsException: Index: 0, Size: 0
	at java.util.ArrayList.rangeCheck(ArrayList.java:657)
	at java.util.ArrayList.get(ArrayList.java:433)
	at us.msu.cse.repair.ec.problems.GenProgProblem.evaluate(GenProgProblem.java:89)
	at us.msu.cse.repair.ec.algorithms.RSRepairRandomSearch.execute(RSRepairRandomSearch.java:34)
	at us.msu.cse.repair.core.AbstractRepairAlgorithm.execute(AbstractRepairAlgorithm.java:18)
	at us.msu.cse.repair.RSRepairMain.main(RSRepairMain.java:44)
	at us.msu.cse.repair.Main.main(Main.java:12)


Node: graphene-11.nancy.grid5000.fr



Date: Thu Dec 27 10:18:13 EST 2018

