debconf: unable to initialize frontend: Dialog
debconf: (Dialog frontend will not work on a dumb terminal, an emacs shell buffer, or without a controlling terminal.)
debconf: falling back to frontend: Readline
debconf: unable to initialize frontend: Readline
debconf: (This frontend requires a controlling tty.)
debconf: falling back to frontend: Teletype
dpkg-preconfigure: unable to re-open stdin: 
Traceback (most recent call last):
  File "/home/tdurieux/defects4j4repair/script/runner/local/LocalRunner.py", line 42, in run
    task.run()
  File "/home/tdurieux/defects4j4repair/script/runner/RepairTask.py", line 27, in run
    return self.tool.repair(self)
  File "/home/tdurieux/defects4j4repair/script/core/repair_tools/Astor.py", line 40, in repair
    self.init_bug(bug, bug_path)
  File "/home/tdurieux/defects4j4repair/script/core/RepairTool.py", line 64, in init_bug
    bug.checkout(bug_path)
  File "/home/tdurieux/defects4j4repair/script/core/Bug.py", line 34, in checkout
    self.benchmark.checkout(self, working_directory)
  File "/home/tdurieux/defects4j4repair/script/core/benchmarks/BugDotJar.py", line 71, in checkout
    shutil.copytree(os.path.join(self.path, "repositories", bug.project.lower()), working_directory)
  File "/usr/lib/python2.7/shutil.py", line 208, in copytree
    raise Error, errors
Error: [('/home/tdurieux/defects4j4repair/script/../benchmarks/Bug-dot-jar/repositories/wicket/wicket-core/src/main/java/org/apache/wicket/settings', '/tmp/jGenProg_Bug_dot_jar_Wicket_36a41358/wicket-core/src/main/java/org/apache/wicket/settings', "[Errno 2] No such file or directory: '/home/tdurieux/defects4j4repair/script/../benchmarks/Bug-dot-jar/repositories/wicket/wicket-core/src/main/java/org/apache/wicket/settings'"), ('/home/tdurieux/defects4j4repair/script/../benchmarks/Bug-dot-jar/repositories/wicket/wicket-user-guide', '/tmp/jGenProg_Bug_dot_jar_Wicket_36a41358/wicket-user-guide', "[Errno 2] No such file or directory: '/home/tdurieux/defects4j4repair/script/../benchmarks/Bug-dot-jar/repositories/wicket/wicket-user-guide'"), ('/home/tdurieux/defects4j4repair/script/../benchmarks/Bug-dot-jar/repositories/wicket/wicket-objectsizeof-agent', '/tmp/jGenProg_Bug_dot_jar_Wicket_36a41358/wicket-objectsizeof-agent', "[Errno 2] No such file or directory: '/home/tdurieux/defects4j4repair/script/../benchmarks/Bug-dot-jar/repositories/wicket/wicket-objectsizeof-agent'"), ('/home/tdurieux/defects4j4repair/script/../benchmarks/Bug-dot-jar/repositories/wicket/wicket-experimental', '/tmp/jGenProg_Bug_dot_jar_Wicket_36a41358/wicket-experimental', "[Errno 2] No such file or directory: '/home/tdurieux/defects4j4repair/script/../benchmarks/Bug-dot-jar/repositories/wicket/wicket-experimental'")]
