cd /tmp/DynaMoth_IntroClassJava_smallest_346b1d3c1cdc3032d07222a8a5e0027a2abf95bb1697b9d367d7cca7db1af769d8298e232c56471a122f05e87e79f4bd965855c9c0f8b173ebc0ef5d0abebc7b_005;
export JAVA_TOOL_OPTIONS="-Dfile.encoding=UTF8 -Duser.language=en-US -Duser.country=US -Duser.language=en";
TZ="America/New_York"; export TZ;
export PATH="/usr/lib/jvm/java-1.8.0-openjdk-amd64/bin/:$PATH";
export JAVA_HOME="/usr/lib/jvm/java-1.8.0-openjdk-amd64/bin/";
time java -Xmx4048m -cp /home/tdurieux/RepairThemAll/script/../repair_tools/nopol.jar:/usr/lib/jvm/java-1.8.0-openjdk-amd64/bin//../lib/tools.jar fr.inria.lille.repair.Main \
	--mode repair \
	--type pre_then_cond \
	--oracle angelic \
	--synthesis dynamoth \
	--flocal gzoltar \
	--json \
	--solver z3 \
	--solver-path /home/tdurieux/RepairThemAll/script/../libs/z3/build/z3 \
	--complianceLevel 7 \
	--source src/main/java \
	--classpath "target/classes:target/test-classes:/home/tdurieux/.m2/repository/junit/junit/4.11/junit-4.11.jar:/home/tdurieux/.m2/repository/org/hamcrest/hamcrest-core/1.3/hamcrest-core-1.3.jar:/home/tdurieux/RepairThemAll/script/../repair_tools/nopol.jar";
	echo "\n\nNode: `hostname`\n";
	echo "\n\nDate: `date`\n";
Picked up JAVA_TOOL_OPTIONS: -Dfile.encoding=UTF8 -Duser.language=en-US -Duser.country=US -Duser.language=en
16:25:44.459 [main] INFO  fr.inria.lille.repair.nopol.NoPol - Source files: [src/main/java]
16:25:44.472 [main] INFO  fr.inria.lille.repair.nopol.NoPol - Classpath: [file:/tmp/DynaMoth_IntroClassJava_smallest_346b1d3c1cdc3032d07222a8a5e0027a2abf95bb1697b9d367d7cca7db1af769d8298e232c56471a122f05e87e79f4bd965855c9c0f8b173ebc0ef5d0abebc7b_005/target/classes/, file:/tmp/DynaMoth_IntroClassJava_smallest_346b1d3c1cdc3032d07222a8a5e0027a2abf95bb1697b9d367d7cca7db1af769d8298e232c56471a122f05e87e79f4bd965855c9c0f8b173ebc0ef5d0abebc7b_005/target/test-classes/, file:/home/tdurieux/.m2/repository/junit/junit/4.11/junit-4.11.jar, file:/home/tdurieux/.m2/repository/org/hamcrest/hamcrest-core/1.3/hamcrest-core-1.3.jar, file:/home/tdurieux/RepairThemAll/script/../repair_tools/nopol.jar]
16:25:44.472 [main] INFO  fr.inria.lille.repair.nopol.NoPol - Statement type: PRE_THEN_COND
16:25:44.472 [main] INFO  fr.inria.lille.repair.nopol.NoPol - Args: [introclassJava.smallest_346b1d3c_005BlackboxTest, introclassJava.smallest_346b1d3c_005WhiteboxTest]
16:25:44.475 [main] INFO  fr.inria.lille.repair.nopol.NoPol - Config: Config{synthesisDepth=3, collectStaticMethods=true, collectStaticFields=false, collectLiterals=false, onlyOneSynthesisResult=true, sortExpressions=true, maxLineInvocationPerTest=250, timeoutMethodInvocation=2000, dataCollectionTimeoutInSecondForSynthesis=900, addWeight=0.19478, subWeight=0.04554, mulWeight=0.0102, divWeight=0.00613, andWeight=0.10597, orWeight=0.05708, eqWeight=0.22798, nEqWeight=0.0, lessEqWeight=0.0255, lessWeight=0.0947, methodCallWeight=0.1, fieldAccessWeight=0.08099, constantWeight=0.14232, variableWeight=0.05195, mode=REPAIR, type=PRE_THEN_COND, synthesis=DYNAMOTH, oracle=ANGELIC, solver=Z3, solverPath='/home/tdurieux/RepairThemAll/script/../libs/z3/build/z3', projectSources=[src/main/java], projectClasspath='[Ljava.net.URL;@2ff4f00f', projectTests=[introclassJava.smallest_346b1d3c_005BlackboxTest, introclassJava.smallest_346b1d3c_005WhiteboxTest], complianceLevel=7, outputFolder=., json=true}
16:25:44.475 [main] INFO  fr.inria.lille.repair.nopol.NoPol - Available processors (cores): 24
16:25:44.483 [main] INFO  fr.inria.lille.repair.nopol.NoPol - Free memory: 1 GB
16:25:44.483 [main] INFO  fr.inria.lille.repair.nopol.NoPol - Maximum memory: 3 GB
16:25:44.484 [main] INFO  fr.inria.lille.repair.nopol.NoPol - Total memory available to JVM: 1 GB
16:25:44.484 [main] INFO  fr.inria.lille.repair.nopol.NoPol - Java version: 1.8.0_181
16:25:44.485 [main] INFO  fr.inria.lille.repair.nopol.NoPol - JAVA_HOME: /usr/lib/jvm/java-1.8.0-openjdk-amd64/bin/
16:25:44.485 [main] INFO  fr.inria.lille.repair.nopol.NoPol - PATH: /usr/lib/jvm/java-1.8.0-openjdk-amd64/bin/:/usr/lib/oar/oardodo:/usr/lib/oar/oardodo:/usr/local/bin:/usr/bin:/bin:/usr/games
16:25:47.207 [pool-2-thread-1] DEBUG fr.inria.lille.repair.nopol.NoPol - statement #1
16:25:47.207 [pool-2-thread-1] DEBUG fr.inria.lille.repair.nopol.NoPol - Analysing SourceLocation introclassJava.smallest_346b1d3c_005:76 which is executed by 1 tests
1540763975
16:25:47.501 [pool-2-thread-1] DEBUG fr.inria.lille.repair.nopol.NoPol - looking with class fr.inria.lille.repair.nopol.spoon.smt.ConditionalAdder
org.junit.ComparisonFailure: expected:<...paces>-1isthesmalles[t]> but was:<...paces>-1isthesmalles[]>
    at org.junit.Assert.assertEquals(Assert.java:115)
    at org.junit.Assert.assertEquals(Assert.java:144)
    at introclassJava.smallest_346b1d3c_005BlackboxTest.test8(smallest_346b1d3c_005BlackboxTest.java:77)
    at sun.reflect.NativeMethodAccessorImpl.invoke0(Native Method)
    at sun.reflect.NativeMethodAccessorImpl.invoke(NativeMethodAccessorImpl.java:62)
    at sun.reflect.DelegatingMethodAccessorImpl.invoke(DelegatingMethodAccessorImpl.java:43)
16:25:47.544 [pool-4-thread-1] INFO  xxl.java.junit.TestCasesListener - Tests run finished (21 ms)
<> Total tests run: 8
<> Ignored tests: 0
<> Failed tests: 1
~ test8(introclassJava.smallest_346b1d3c_005BlackboxTest)
[expected:<...paces>-1isthesmalles[t]> but was:<...paces>-1isthesmalles[]>]
org.junit.ComparisonFailure: expected:<...paces>-1isthesmalles[t]> but was:<...paces>-1isthesmalles[]>    at org.junit.Assert.assertEquals(Assert.java:115)
    at org.junit.Assert.assertEquals(Assert.java:144)
    at introclassJava.smallest_346b1d3c_005BlackboxTest.test8(smallest_346b1d3c_005BlackboxTest.java:77)
    at sun.reflect.NativeMethodAccessorImpl.invoke0(Native Method)
    at sun.reflect.NativeMethodAccessorImpl.invoke(NativeMethodAccessorImpl.java:62)
    at sun.reflect.DelegatingMethodAccessorImpl.invoke(DelegatingMethodAccessorImpl.java:43)

16:25:48.022 [pool-2-thread-1] DEBUG fr.inria.lille.repair.nopol.NoPol - statement #2
16:25:48.023 [pool-2-thread-1] DEBUG fr.inria.lille.repair.nopol.NoPol - Analysing SourceLocation introclassJava.smallest_346b1d3c_005:75 which is executed by 5 tests
1540763975
16:25:48.082 [pool-2-thread-1] DEBUG fr.inria.lille.repair.nopol.NoPol - looking with class fr.inria.lille.repair.nopol.spoon.smt.ConditionalAdder
org.junit.ComparisonFailure: expected:<...paces>-1isthesmalles[t]> but was:<...paces>-1isthesmalles[]>
    at org.junit.Assert.assertEquals(Assert.java:115)
    at org.junit.Assert.assertEquals(Assert.java:144)
    at introclassJava.smallest_346b1d3c_005BlackboxTest.test8(smallest_346b1d3c_005BlackboxTest.java:77)
    at sun.reflect.NativeMethodAccessorImpl.invoke0(Native Method)
    at sun.reflect.NativeMethodAccessorImpl.invoke(NativeMethodAccessorImpl.java:62)
    at sun.reflect.DelegatingMethodAccessorImpl.invoke(DelegatingMethodAccessorImpl.java:43)
16:25:48.095 [pool-8-thread-1] INFO  xxl.java.junit.TestCasesListener - Tests run finished (10 ms)
<> Total tests run: 8
<> Ignored tests: 0
<> Failed tests: 1
~ test8(introclassJava.smallest_346b1d3c_005BlackboxTest)
[expected:<...paces>-1isthesmalles[t]> but was:<...paces>-1isthesmalles[]>]
org.junit.ComparisonFailure: expected:<...paces>-1isthesmalles[t]> but was:<...paces>-1isthesmalles[]>    at org.junit.Assert.assertEquals(Assert.java:115)
    at org.junit.Assert.assertEquals(Assert.java:144)
    at introclassJava.smallest_346b1d3c_005BlackboxTest.test8(smallest_346b1d3c_005BlackboxTest.java:77)
    at sun.reflect.NativeMethodAccessorImpl.invoke0(Native Method)
    at sun.reflect.NativeMethodAccessorImpl.invoke(NativeMethodAccessorImpl.java:62)
    at sun.reflect.DelegatingMethodAccessorImpl.invoke(DelegatingMethodAccessorImpl.java:43)

16:25:48.237 [pool-2-thread-1] DEBUG fr.inria.lille.repair.nopol.NoPol - looking with class fr.inria.lille.repair.nopol.spoon.smt.ConditionalReplacer
org.junit.ComparisonFailure: expected:<...paces>-1isthesmalles[t]> but was:<...paces>-1isthesmalles[]>
    at org.junit.Assert.assertEquals(Assert.java:115)
    at org.junit.Assert.assertEquals(Assert.java:144)
    at introclassJava.smallest_346b1d3c_005BlackboxTest.test8(smallest_346b1d3c_005BlackboxTest.java:77)
    at sun.reflect.NativeMethodAccessorImpl.invoke0(Native Method)
    at sun.reflect.NativeMethodAccessorImpl.invoke(NativeMethodAccessorImpl.java:62)
    at sun.reflect.DelegatingMethodAccessorImpl.invoke(DelegatingMethodAccessorImpl.java:43)
16:25:48.248 [pool-12-thread-1] INFO  xxl.java.junit.TestCasesListener - Tests run finished (8 ms)
<> Total tests run: 8
<> Ignored tests: 0
<> Failed tests: 1
~ test8(introclassJava.smallest_346b1d3c_005BlackboxTest)
[expected:<...paces>-1isthesmalles[t]> but was:<...paces>-1isthesmalles[]>]
org.junit.ComparisonFailure: expected:<...paces>-1isthesmalles[t]> but was:<...paces>-1isthesmalles[]>    at org.junit.Assert.assertEquals(Assert.java:115)
    at org.junit.Assert.assertEquals(Assert.java:144)
    at introclassJava.smallest_346b1d3c_005BlackboxTest.test8(smallest_346b1d3c_005BlackboxTest.java:77)
    at sun.reflect.NativeMethodAccessorImpl.invoke0(Native Method)
    at sun.reflect.NativeMethodAccessorImpl.invoke(NativeMethodAccessorImpl.java:62)
    at sun.reflect.DelegatingMethodAccessorImpl.invoke(DelegatingMethodAccessorImpl.java:43)

16:25:48.381 [pool-2-thread-1] DEBUG fr.inria.lille.repair.nopol.NoPol - statement #3
16:25:48.382 [pool-2-thread-1] DEBUG fr.inria.lille.repair.nopol.NoPol - Analysing SourceLocation introclassJava.smallest_346b1d3c_005:83 which is executed by 16 tests
1540763975
16:25:48.441 [pool-2-thread-1] DEBUG fr.inria.lille.repair.nopol.NoPol - looking with class fr.inria.lille.repair.nopol.spoon.smt.ConditionalAdder
org.junit.ComparisonFailure: expected:<...paces>-1isthesmalles[t]> but was:<...paces>-1isthesmalles[]>
    at org.junit.Assert.assertEquals(Assert.java:115)
    at org.junit.Assert.assertEquals(Assert.java:144)
    at introclassJava.smallest_346b1d3c_005BlackboxTest.test8(smallest_346b1d3c_005BlackboxTest.java:77)
    at sun.reflect.NativeMethodAccessorImpl.invoke0(Native Method)
    at sun.reflect.NativeMethodAccessorImpl.invoke(NativeMethodAccessorImpl.java:62)
    at sun.reflect.DelegatingMethodAccessorImpl.invoke(DelegatingMethodAccessorImpl.java:43)
16:25:48.451 [pool-16-thread-1] INFO  xxl.java.junit.TestCasesListener - Tests run finished (7 ms)
<> Total tests run: 8
<> Ignored tests: 0
<> Failed tests: 1
~ test8(introclassJava.smallest_346b1d3c_005BlackboxTest)
[expected:<...paces>-1isthesmalles[t]> but was:<...paces>-1isthesmalles[]>]
org.junit.ComparisonFailure: expected:<...paces>-1isthesmalles[t]> but was:<...paces>-1isthesmalles[]>    at org.junit.Assert.assertEquals(Assert.java:115)
    at org.junit.Assert.assertEquals(Assert.java:144)
    at introclassJava.smallest_346b1d3c_005BlackboxTest.test8(smallest_346b1d3c_005BlackboxTest.java:77)
    at sun.reflect.NativeMethodAccessorImpl.invoke0(Native Method)
    at sun.reflect.NativeMethodAccessorImpl.invoke(NativeMethodAccessorImpl.java:62)
    at sun.reflect.DelegatingMethodAccessorImpl.invoke(DelegatingMethodAccessorImpl.java:43)

16:25:48.575 [pool-2-thread-1] DEBUG fr.inria.lille.repair.nopol.NoPol - statement #4
16:25:48.575 [pool-2-thread-1] DEBUG fr.inria.lille.repair.nopol.NoPol - Analysing SourceLocation introclassJava.smallest_346b1d3c_005:73 which is executed by 16 tests
1540763975
16:25:48.639 [pool-2-thread-1] DEBUG fr.inria.lille.repair.nopol.NoPol - looking with class fr.inria.lille.repair.nopol.spoon.smt.ConditionalAdder
org.junit.ComparisonFailure: expected:<...paces>-1isthesmalles[t]> but was:<...paces>-1isthesmalles[]>
    at org.junit.Assert.assertEquals(Assert.java:115)
    at org.junit.Assert.assertEquals(Assert.java:144)
    at introclassJava.smallest_346b1d3c_005BlackboxTest.test8(smallest_346b1d3c_005BlackboxTest.java:77)
    at sun.reflect.NativeMethodAccessorImpl.invoke0(Native Method)
    at sun.reflect.NativeMethodAccessorImpl.invoke(NativeMethodAccessorImpl.java:62)
    at sun.reflect.DelegatingMethodAccessorImpl.invoke(DelegatingMethodAccessorImpl.java:43)
16:25:48.649 [pool-20-thread-1] INFO  xxl.java.junit.TestCasesListener - Tests run finished (8 ms)
<> Total tests run: 8
<> Ignored tests: 0
<> Failed tests: 1
~ test8(introclassJava.smallest_346b1d3c_005BlackboxTest)
[expected:<...paces>-1isthesmalles[t]> but was:<...paces>-1isthesmalles[]>]
org.junit.ComparisonFailure: expected:<...paces>-1isthesmalles[t]> but was:<...paces>-1isthesmalles[]>    at org.junit.Assert.assertEquals(Assert.java:115)
    at org.junit.Assert.assertEquals(Assert.java:144)
    at introclassJava.smallest_346b1d3c_005BlackboxTest.test8(smallest_346b1d3c_005BlackboxTest.java:77)
    at sun.reflect.NativeMethodAccessorImpl.invoke0(Native Method)
    at sun.reflect.NativeMethodAccessorImpl.invoke(NativeMethodAccessorImpl.java:62)
    at sun.reflect.DelegatingMethodAccessorImpl.invoke(DelegatingMethodAccessorImpl.java:43)

16:25:48.772 [pool-2-thread-1] DEBUG fr.inria.lille.repair.nopol.NoPol - looking with class fr.inria.lille.repair.nopol.spoon.smt.ConditionalReplacer
org.junit.ComparisonFailure: expected:<...paces>-1isthesmalles[t]> but was:<...paces>-1isthesmalles[]>
    at org.junit.Assert.assertEquals(Assert.java:115)
    at org.junit.Assert.assertEquals(Assert.java:144)
    at introclassJava.smallest_346b1d3c_005BlackboxTest.test8(smallest_346b1d3c_005BlackboxTest.java:77)
    at sun.reflect.NativeMethodAccessorImpl.invoke0(Native Method)
    at sun.reflect.NativeMethodAccessorImpl.invoke(NativeMethodAccessorImpl.java:62)
    at sun.reflect.DelegatingMethodAccessorImpl.invoke(DelegatingMethodAccessorImpl.java:43)
16:25:48.780 [pool-24-thread-1] INFO  xxl.java.junit.TestCasesListener - Tests run finished (6 ms)
<> Total tests run: 8
<> Ignored tests: 0
<> Failed tests: 1
~ test8(introclassJava.smallest_346b1d3c_005BlackboxTest)
[expected:<...paces>-1isthesmalles[t]> but was:<...paces>-1isthesmalles[]>]
org.junit.ComparisonFailure: expected:<...paces>-1isthesmalles[t]> but was:<...paces>-1isthesmalles[]>    at org.junit.Assert.assertEquals(Assert.java:115)
    at org.junit.Assert.assertEquals(Assert.java:144)
    at introclassJava.smallest_346b1d3c_005BlackboxTest.test8(smallest_346b1d3c_005BlackboxTest.java:77)
    at sun.reflect.NativeMethodAccessorImpl.invoke0(Native Method)
    at sun.reflect.NativeMethodAccessorImpl.invoke(NativeMethodAccessorImpl.java:62)
    at sun.reflect.DelegatingMethodAccessorImpl.invoke(DelegatingMethodAccessorImpl.java:43)

16:25:48.865 [pool-2-thread-1] DEBUG fr.inria.lille.repair.nopol.NoPol - statement #5
16:25:48.865 [pool-2-thread-1] DEBUG fr.inria.lille.repair.nopol.NoPol - Analysing SourceLocation introclassJava.smallest_346b1d3c_005:72 which is executed by 16 tests
1540763975
16:25:48.910 [pool-2-thread-1] DEBUG fr.inria.lille.repair.nopol.NoPol - looking with class fr.inria.lille.repair.nopol.spoon.smt.ConditionalAdder
org.junit.ComparisonFailure: expected:<...paces>-1isthesmalles[t]> but was:<...paces>-1isthesmalles[]>
    at org.junit.Assert.assertEquals(Assert.java:115)
    at org.junit.Assert.assertEquals(Assert.java:144)
    at introclassJava.smallest_346b1d3c_005BlackboxTest.test8(smallest_346b1d3c_005BlackboxTest.java:77)
    at sun.reflect.NativeMethodAccessorImpl.invoke0(Native Method)
    at sun.reflect.NativeMethodAccessorImpl.invoke(NativeMethodAccessorImpl.java:62)
    at sun.reflect.DelegatingMethodAccessorImpl.invoke(DelegatingMethodAccessorImpl.java:43)
16:25:48.921 [pool-28-thread-1] INFO  xxl.java.junit.TestCasesListener - Tests run finished (7 ms)
<> Total tests run: 8
<> Ignored tests: 0
<> Failed tests: 1
~ test8(introclassJava.smallest_346b1d3c_005BlackboxTest)
[expected:<...paces>-1isthesmalles[t]> but was:<...paces>-1isthesmalles[]>]
org.junit.ComparisonFailure: expected:<...paces>-1isthesmalles[t]> but was:<...paces>-1isthesmalles[]>    at org.junit.Assert.assertEquals(Assert.java:115)
    at org.junit.Assert.assertEquals(Assert.java:144)
    at introclassJava.smallest_346b1d3c_005BlackboxTest.test8(smallest_346b1d3c_005BlackboxTest.java:77)
    at sun.reflect.NativeMethodAccessorImpl.invoke0(Native Method)
    at sun.reflect.NativeMethodAccessorImpl.invoke(NativeMethodAccessorImpl.java:62)
    at sun.reflect.DelegatingMethodAccessorImpl.invoke(DelegatingMethodAccessorImpl.java:43)

16:25:49.014 [pool-2-thread-1] DEBUG fr.inria.lille.repair.nopol.NoPol - statement #6
16:25:49.014 [pool-2-thread-1] DEBUG fr.inria.lille.repair.nopol.NoPol - Analysing SourceLocation introclassJava.smallest_346b1d3c_005:71 which is executed by 16 tests
1540763975
16:25:49.056 [pool-2-thread-1] DEBUG fr.inria.lille.repair.nopol.NoPol - looking with class fr.inria.lille.repair.nopol.spoon.smt.ConditionalAdder
org.junit.ComparisonFailure: expected:<...paces>-1isthesmalles[t]> but was:<...paces>-1isthesmalles[]>
    at org.junit.Assert.assertEquals(Assert.java:115)
    at org.junit.Assert.assertEquals(Assert.java:144)
    at introclassJava.smallest_346b1d3c_005BlackboxTest.test8(smallest_346b1d3c_005BlackboxTest.java:77)
    at sun.reflect.NativeMethodAccessorImpl.invoke0(Native Method)
    at sun.reflect.NativeMethodAccessorImpl.invoke(NativeMethodAccessorImpl.java:62)
    at sun.reflect.DelegatingMethodAccessorImpl.invoke(DelegatingMethodAccessorImpl.java:43)
16:25:49.064 [pool-32-thread-1] INFO  xxl.java.junit.TestCasesListener - Tests run finished (6 ms)
<> Total tests run: 8
<> Ignored tests: 0
<> Failed tests: 1
~ test8(introclassJava.smallest_346b1d3c_005BlackboxTest)
[expected:<...paces>-1isthesmalles[t]> but was:<...paces>-1isthesmalles[]>]
org.junit.ComparisonFailure: expected:<...paces>-1isthesmalles[t]> but was:<...paces>-1isthesmalles[]>    at org.junit.Assert.assertEquals(Assert.java:115)
    at org.junit.Assert.assertEquals(Assert.java:144)
    at introclassJava.smallest_346b1d3c_005BlackboxTest.test8(smallest_346b1d3c_005BlackboxTest.java:77)
    at sun.reflect.NativeMethodAccessorImpl.invoke0(Native Method)
    at sun.reflect.NativeMethodAccessorImpl.invoke(NativeMethodAccessorImpl.java:62)
    at sun.reflect.DelegatingMethodAccessorImpl.invoke(DelegatingMethodAccessorImpl.java:43)

16:25:49.154 [pool-2-thread-1] DEBUG fr.inria.lille.repair.nopol.NoPol - statement #7
16:25:49.154 [pool-2-thread-1] DEBUG fr.inria.lille.repair.nopol.NoPol - Analysing SourceLocation introclassJava.smallest_346b1d3c_005:70 which is executed by 16 tests
1540763975
16:25:49.200 [pool-2-thread-1] DEBUG fr.inria.lille.repair.nopol.NoPol - looking with class fr.inria.lille.repair.nopol.spoon.smt.ConditionalAdder
org.junit.ComparisonFailure: expected:<...paces>-1isthesmalles[t]> but was:<...paces>-1isthesmalles[]>
    at org.junit.Assert.assertEquals(Assert.java:115)
    at org.junit.Assert.assertEquals(Assert.java:144)
    at introclassJava.smallest_346b1d3c_005BlackboxTest.test8(smallest_346b1d3c_005BlackboxTest.java:77)
    at sun.reflect.NativeMethodAccessorImpl.invoke0(Native Method)
    at sun.reflect.NativeMethodAccessorImpl.invoke(NativeMethodAccessorImpl.java:62)
    at sun.reflect.DelegatingMethodAccessorImpl.invoke(DelegatingMethodAccessorImpl.java:43)
16:25:49.209 [pool-36-thread-1] INFO  xxl.java.junit.TestCasesListener - Tests run finished (6 ms)
<> Total tests run: 8
<> Ignored tests: 0
<> Failed tests: 1
~ test8(introclassJava.smallest_346b1d3c_005BlackboxTest)
[expected:<...paces>-1isthesmalles[t]> but was:<...paces>-1isthesmalles[]>]
org.junit.ComparisonFailure: expected:<...paces>-1isthesmalles[t]> but was:<...paces>-1isthesmalles[]>    at org.junit.Assert.assertEquals(Assert.java:115)
    at org.junit.Assert.assertEquals(Assert.java:144)
    at introclassJava.smallest_346b1d3c_005BlackboxTest.test8(smallest_346b1d3c_005BlackboxTest.java:77)
    at sun.reflect.NativeMethodAccessorImpl.invoke0(Native Method)
    at sun.reflect.NativeMethodAccessorImpl.invoke(NativeMethodAccessorImpl.java:62)
    at sun.reflect.DelegatingMethodAccessorImpl.invoke(DelegatingMethodAccessorImpl.java:43)

16:25:49.287 [pool-2-thread-1] DEBUG fr.inria.lille.repair.nopol.NoPol - statement #8
16:25:49.287 [pool-2-thread-1] DEBUG fr.inria.lille.repair.nopol.NoPol - Analysing SourceLocation introclassJava.smallest_346b1d3c_005:69 which is executed by 16 tests
1540763975
16:25:49.347 [pool-2-thread-1] DEBUG fr.inria.lille.repair.nopol.NoPol - looking with class fr.inria.lille.repair.nopol.spoon.smt.ConditionalAdder
org.junit.ComparisonFailure: expected:<...paces>-1isthesmalles[t]> but was:<...paces>-1isthesmalles[]>
    at org.junit.Assert.assertEquals(Assert.java:115)
    at org.junit.Assert.assertEquals(Assert.java:144)
    at introclassJava.smallest_346b1d3c_005BlackboxTest.test8(smallest_346b1d3c_005BlackboxTest.java:77)
    at sun.reflect.NativeMethodAccessorImpl.invoke0(Native Method)
    at sun.reflect.NativeMethodAccessorImpl.invoke(NativeMethodAccessorImpl.java:62)
    at sun.reflect.DelegatingMethodAccessorImpl.invoke(DelegatingMethodAccessorImpl.java:43)
16:25:49.355 [pool-40-thread-1] INFO  xxl.java.junit.TestCasesListener - Tests run finished (5 ms)
<> Total tests run: 8
<> Ignored tests: 0
<> Failed tests: 1
~ test8(introclassJava.smallest_346b1d3c_005BlackboxTest)
[expected:<...paces>-1isthesmalles[t]> but was:<...paces>-1isthesmalles[]>]
org.junit.ComparisonFailure: expected:<...paces>-1isthesmalles[t]> but was:<...paces>-1isthesmalles[]>    at org.junit.Assert.assertEquals(Assert.java:115)
    at org.junit.Assert.assertEquals(Assert.java:144)
    at introclassJava.smallest_346b1d3c_005BlackboxTest.test8(smallest_346b1d3c_005BlackboxTest.java:77)
    at sun.reflect.NativeMethodAccessorImpl.invoke0(Native Method)
    at sun.reflect.NativeMethodAccessorImpl.invoke(NativeMethodAccessorImpl.java:62)
    at sun.reflect.DelegatingMethodAccessorImpl.invoke(DelegatingMethodAccessorImpl.java:43)

16:25:49.434 [pool-2-thread-1] DEBUG fr.inria.lille.repair.nopol.NoPol - statement #9
16:25:49.435 [pool-2-thread-1] DEBUG fr.inria.lille.repair.nopol.NoPol - Analysing SourceLocation introclassJava.smallest_346b1d3c_005:68 which is executed by 16 tests
1540763975
16:25:49.480 [pool-2-thread-1] DEBUG fr.inria.lille.repair.nopol.NoPol - looking with class fr.inria.lille.repair.nopol.spoon.smt.ConditionalAdder
org.junit.ComparisonFailure: expected:<...paces>-1isthesmalles[t]> but was:<...paces>-1isthesmalles[]>
    at org.junit.Assert.assertEquals(Assert.java:115)
    at org.junit.Assert.assertEquals(Assert.java:144)
    at introclassJava.smallest_346b1d3c_005BlackboxTest.test8(smallest_346b1d3c_005BlackboxTest.java:77)
    at sun.reflect.NativeMethodAccessorImpl.invoke0(Native Method)
    at sun.reflect.NativeMethodAccessorImpl.invoke(NativeMethodAccessorImpl.java:62)
    at sun.reflect.DelegatingMethodAccessorImpl.invoke(DelegatingMethodAccessorImpl.java:43)
16:25:49.488 [pool-44-thread-1] INFO  xxl.java.junit.TestCasesListener - Tests run finished (5 ms)
<> Total tests run: 8
<> Ignored tests: 0
<> Failed tests: 1
~ test8(introclassJava.smallest_346b1d3c_005BlackboxTest)
[expected:<...paces>-1isthesmalles[t]> but was:<...paces>-1isthesmalles[]>]
org.junit.ComparisonFailure: expected:<...paces>-1isthesmalles[t]> but was:<...paces>-1isthesmalles[]>    at org.junit.Assert.assertEquals(Assert.java:115)
    at org.junit.Assert.assertEquals(Assert.java:144)
    at introclassJava.smallest_346b1d3c_005BlackboxTest.test8(smallest_346b1d3c_005BlackboxTest.java:77)
    at sun.reflect.NativeMethodAccessorImpl.invoke0(Native Method)
    at sun.reflect.NativeMethodAccessorImpl.invoke(NativeMethodAccessorImpl.java:62)
    at sun.reflect.DelegatingMethodAccessorImpl.invoke(DelegatingMethodAccessorImpl.java:43)

16:25:49.569 [pool-2-thread-1] DEBUG fr.inria.lille.repair.nopol.NoPol - statement #10
16:25:49.569 [pool-2-thread-1] DEBUG fr.inria.lille.repair.nopol.NoPol - Analysing SourceLocation introclassJava.smallest_346b1d3c_005:67 which is executed by 16 tests
1540763975
16:25:49.622 [pool-2-thread-1] DEBUG fr.inria.lille.repair.nopol.NoPol - looking with class fr.inria.lille.repair.nopol.spoon.smt.ConditionalAdder
org.junit.ComparisonFailure: expected:<...paces>-1isthesmalles[t]> but was:<...paces>-1isthesmalles[]>
    at org.junit.Assert.assertEquals(Assert.java:115)
    at org.junit.Assert.assertEquals(Assert.java:144)
    at introclassJava.smallest_346b1d3c_005BlackboxTest.test8(smallest_346b1d3c_005BlackboxTest.java:77)
    at sun.reflect.NativeMethodAccessorImpl.invoke0(Native Method)
    at sun.reflect.NativeMethodAccessorImpl.invoke(NativeMethodAccessorImpl.java:62)
    at sun.reflect.DelegatingMethodAccessorImpl.invoke(DelegatingMethodAccessorImpl.java:43)
16:25:49.629 [pool-48-thread-1] INFO  xxl.java.junit.TestCasesListener - Tests run finished (4 ms)
<> Total tests run: 8
<> Ignored tests: 0
<> Failed tests: 1
~ test8(introclassJava.smallest_346b1d3c_005BlackboxTest)
[expected:<...paces>-1isthesmalles[t]> but was:<...paces>-1isthesmalles[]>]
org.junit.ComparisonFailure: expected:<...paces>-1isthesmalles[t]> but was:<...paces>-1isthesmalles[]>    at org.junit.Assert.assertEquals(Assert.java:115)
    at org.junit.Assert.assertEquals(Assert.java:144)
    at introclassJava.smallest_346b1d3c_005BlackboxTest.test8(smallest_346b1d3c_005BlackboxTest.java:77)
    at sun.reflect.NativeMethodAccessorImpl.invoke0(Native Method)
    at sun.reflect.NativeMethodAccessorImpl.invoke(NativeMethodAccessorImpl.java:62)
    at sun.reflect.DelegatingMethodAccessorImpl.invoke(DelegatingMethodAccessorImpl.java:43)

16:25:49.704 [pool-2-thread-1] DEBUG fr.inria.lille.repair.nopol.NoPol - statement #11
16:25:49.705 [pool-2-thread-1] DEBUG fr.inria.lille.repair.nopol.NoPol - Analysing SourceLocation introclassJava.smallest_346b1d3c_005:66 which is executed by 16 tests
1540763975
16:25:49.745 [pool-2-thread-1] DEBUG fr.inria.lille.repair.nopol.NoPol - looking with class fr.inria.lille.repair.nopol.spoon.smt.ConditionalAdder
org.junit.ComparisonFailure: expected:<...paces>-1isthesmalles[t]> but was:<...paces>-1isthesmalles[]>
    at org.junit.Assert.assertEquals(Assert.java:115)
    at org.junit.Assert.assertEquals(Assert.java:144)
    at introclassJava.smallest_346b1d3c_005BlackboxTest.test8(smallest_346b1d3c_005BlackboxTest.java:77)
    at sun.reflect.NativeMethodAccessorImpl.invoke0(Native Method)
    at sun.reflect.NativeMethodAccessorImpl.invoke(NativeMethodAccessorImpl.java:62)
    at sun.reflect.DelegatingMethodAccessorImpl.invoke(DelegatingMethodAccessorImpl.java:43)
16:25:49.754 [pool-52-thread-1] INFO  xxl.java.junit.TestCasesListener - Tests run finished (6 ms)
<> Total tests run: 8
<> Ignored tests: 0
<> Failed tests: 1
~ test8(introclassJava.smallest_346b1d3c_005BlackboxTest)
[expected:<...paces>-1isthesmalles[t]> but was:<...paces>-1isthesmalles[]>]
org.junit.ComparisonFailure: expected:<...paces>-1isthesmalles[t]> but was:<...paces>-1isthesmalles[]>    at org.junit.Assert.assertEquals(Assert.java:115)
    at org.junit.Assert.assertEquals(Assert.java:144)
    at introclassJava.smallest_346b1d3c_005BlackboxTest.test8(smallest_346b1d3c_005BlackboxTest.java:77)
    at sun.reflect.NativeMethodAccessorImpl.invoke0(Native Method)
    at sun.reflect.NativeMethodAccessorImpl.invoke(NativeMethodAccessorImpl.java:62)
    at sun.reflect.DelegatingMethodAccessorImpl.invoke(DelegatingMethodAccessorImpl.java:43)

16:25:49.848 [pool-51-thread-1] DEBUG f.i.l.r.n.s.d.DynamothSynthesizer - Ignore the test introclassJava.smallest_346b1d3c_005WhiteboxTest#test2
16:25:49.849 [pool-51-thread-1] DEBUG f.i.l.r.n.s.d.DynamothSynthesizer - Ignore the test introclassJava.smallest_346b1d3c_005WhiteboxTest#test1
16:25:49.850 [pool-51-thread-1] DEBUG f.i.l.r.n.s.d.DynamothSynthesizer - Ignore the test introclassJava.smallest_346b1d3c_005WhiteboxTest#test6
16:25:49.851 [pool-51-thread-1] DEBUG f.i.l.r.n.s.d.DynamothSynthesizer - Ignore the test introclassJava.smallest_346b1d3c_005WhiteboxTest#test5
16:25:49.852 [pool-51-thread-1] DEBUG f.i.l.r.n.s.d.DynamothSynthesizer - Ignore the test introclassJava.smallest_346b1d3c_005WhiteboxTest#test4
16:25:49.855 [pool-51-thread-1] DEBUG f.i.l.r.n.s.d.DynamothSynthesizer - Ignore the test introclassJava.smallest_346b1d3c_005WhiteboxTest#test3
16:25:49.856 [pool-51-thread-1] DEBUG f.i.l.r.n.s.d.DynamothSynthesizer - Ignore the test introclassJava.smallest_346b1d3c_005WhiteboxTest#test8
16:25:49.858 [pool-51-thread-1] DEBUG f.i.l.r.n.s.d.DynamothSynthesizer - Ignore the test introclassJava.smallest_346b1d3c_005WhiteboxTest#test7
java -cp /tmp/DynaMoth_IntroClassJava_smallest_346b1d3c1cdc3032d07222a8a5e0027a2abf95bb1697b9d367d7cca7db1af769d8298e232c56471a122f05e87e79f4bd965855c9c0f8b173ebc0ef5d0abebc7b_005/target/classes:/tmp/DynaMoth_IntroClassJava_smallest_346b1d3c1cdc3032d07222a8a5e0027a2abf95bb1697b9d367d7cca7db1af769d8298e232c56471a122f05e87e79f4bd965855c9c0f8b173ebc0ef5d0abebc7b_005/target/test-classes:/home/tdurieux/.m2/repository/junit/junit/4.11/junit-4.11.jar:/home/tdurieux/.m2/repository/org/hamcrest/hamcrest-core/1.3/hamcrest-core-1.3.jar:/home/tdurieux/RepairThemAll/script/../repair_tools/nopol.jar:/home/tdurieux/RepairThemAll/repair_tools/nopol.jar:/usr/lib/jvm/java-8-openjdk-amd64/lib/tools.jar: fr.inria.lille.repair.MethodTestRunner introclassJava.smallest_346b1d3c_005BlackboxTest#test6 introclassJava.smallest_346b1d3c_005BlackboxTest#test5 introclassJava.smallest_346b1d3c_005BlackboxTest#test8 introclassJava.smallest_346b1d3c_005BlackboxTest#test7 introclassJava.smallest_346b1d3c_005BlackboxTest#test2 introclassJava.smallest_346b1d3c_005BlackboxTest#test1 introclassJava.smallest_346b1d3c_005BlackboxTest#test4 introclassJava.smallest_346b1d3c_005BlackboxTest#test3 
16:25:50.151 [pool-51-thread-1] DEBUG f.i.l.r.s.DynamothCodeGenesisImpl - ClassPrepareEvent
16:25:50.232 [pool-51-thread-1] DEBUG f.i.l.r.s.c.spoon.ClassCollector - [class] introclassJava.IntObj
16:25:50.236 [pool-51-thread-1] DEBUG f.i.l.r.s.c.spoon.ClassCollector - [class] introclassJava.smallest_346b1d3c_005
16:25:50.274 [pool-51-thread-1] DEBUG f.i.l.r.s.c.spoon.ClassCollector - [class] java.lang.String
16:25:50.301 [pool-51-thread-1] DEBUG f.i.l.r.s.c.spoon.ClassCollector - [class] java.util.Scanner
16:25:50.359 [pool-51-thread-1] DEBUG f.i.l.r.s.DynamothCodeGenesisImpl - BreakpointEvent
16:25:50.363 [pool-51-thread-1] INFO  f.i.l.r.s.DynamothCodeGenesisImpl - [test] introclassJava.smallest_346b1d3c_005BlackboxTest#test6 iteration 0
16:25:50.368 [pool-51-thread-1] DEBUG f.i.l.r.s.c.SpoonElementsCollector - [data] num_2=instance of introclassJava.IntObj(id=461)
16:25:50.370 [pool-51-thread-1] DEBUG f.i.l.r.s.c.DynamothDataCollector - Collect Level 1
16:25:50.370 [pool-51-thread-1] DEBUG f.i.l.r.s.c.DynamothDataCollector - [data] this=instance of introclassJava.smallest_346b1d3c_005(id=459)
16:25:50.371 [pool-51-thread-1] DEBUG f.i.l.r.s.c.DynamothDataCollector - [data] a
16:25:50.371 [pool-51-thread-1] DEBUG f.i.l.r.s.c.DynamothDataCollector - [data] b
16:25:50.372 [pool-51-thread-1] DEBUG f.i.l.r.s.c.DynamothDataCollector - [data] c
16:25:50.372 [pool-51-thread-1] DEBUG f.i.l.r.s.c.DynamothDataCollector - [data] d
16:25:50.372 [pool-51-thread-1] DEBUG f.i.l.r.s.c.DynamothDataCollector - [data] num_1
16:25:50.372 [pool-51-thread-1] DEBUG f.i.l.r.s.c.DynamothDataCollector - [data] num_2
16:25:50.373 [pool-51-thread-1] DEBUG f.i.l.r.s.c.DynamothDataCollector - [data] num_3
16:25:50.373 [pool-51-thread-1] DEBUG f.i.l.r.s.c.DynamothDataCollector - [data] num_4
16:25:50.386 [pool-51-thread-1] DEBUG f.i.l.r.s.c.DynamothDataCollector - [data] this.scanner
16:25:50.387 [pool-51-thread-1] DEBUG f.i.l.r.s.c.DynamothDataCollector - [data] this.output
16:25:50.401 [pool-51-thread-1] DEBUG f.i.l.r.s.DynamothCodeGenesisImpl - BreakpointEvent
16:25:50.401 [pool-51-thread-1] INFO  f.i.l.r.s.DynamothCodeGenesisImpl - [test] introclassJava.smallest_346b1d3c_005BlackboxTest#test5 iteration 0
16:25:50.402 [pool-51-thread-1] DEBUG f.i.l.r.s.c.SpoonElementsCollector - [data] num_2=instance of introclassJava.IntObj(id=486)
16:25:50.403 [pool-51-thread-1] DEBUG f.i.l.r.s.c.DynamothDataCollector - Collect Level 1
16:25:50.403 [pool-51-thread-1] DEBUG f.i.l.r.s.c.DynamothDataCollector - [data] this=instance of introclassJava.smallest_346b1d3c_005(id=484)
16:25:50.403 [pool-51-thread-1] DEBUG f.i.l.r.s.c.DynamothDataCollector - [data] a
16:25:50.403 [pool-51-thread-1] DEBUG f.i.l.r.s.c.DynamothDataCollector - [data] b
16:25:50.404 [pool-51-thread-1] DEBUG f.i.l.r.s.c.DynamothDataCollector - [data] c
16:25:50.404 [pool-51-thread-1] DEBUG f.i.l.r.s.c.DynamothDataCollector - [data] d
16:25:50.404 [pool-51-thread-1] DEBUG f.i.l.r.s.c.DynamothDataCollector - [data] num_1
16:25:50.404 [pool-51-thread-1] DEBUG f.i.l.r.s.c.DynamothDataCollector - [data] num_2
16:25:50.405 [pool-51-thread-1] DEBUG f.i.l.r.s.c.DynamothDataCollector - [data] num_3
16:25:50.405 [pool-51-thread-1] DEBUG f.i.l.r.s.c.DynamothDataCollector - [data] num_4
16:25:50.408 [pool-51-thread-1] DEBUG f.i.l.r.s.c.DynamothDataCollector - [data] this.scanner
16:25:50.408 [pool-51-thread-1] DEBUG f.i.l.r.s.c.DynamothDataCollector - [data] this.output
16:25:50.416 [pool-51-thread-1] DEBUG f.i.l.r.s.DynamothCodeGenesisImpl - BreakpointEvent
16:25:50.417 [pool-51-thread-1] INFO  f.i.l.r.s.DynamothCodeGenesisImpl - [test] introclassJava.smallest_346b1d3c_005BlackboxTest#test8 iteration 0
16:25:50.418 [pool-51-thread-1] DEBUG f.i.l.r.s.c.SpoonElementsCollector - [data] num_2=instance of introclassJava.IntObj(id=499)
16:25:50.418 [pool-51-thread-1] DEBUG f.i.l.r.s.c.DynamothDataCollector - Collect Level 1
16:25:50.418 [pool-51-thread-1] DEBUG f.i.l.r.s.c.DynamothDataCollector - [data] this=instance of introclassJava.smallest_346b1d3c_005(id=497)
16:25:50.418 [pool-51-thread-1] DEBUG f.i.l.r.s.c.DynamothDataCollector - [data] a
16:25:50.419 [pool-51-thread-1] DEBUG f.i.l.r.s.c.DynamothDataCollector - [data] b
16:25:50.419 [pool-51-thread-1] DEBUG f.i.l.r.s.c.DynamothDataCollector - [data] c
16:25:50.419 [pool-51-thread-1] DEBUG f.i.l.r.s.c.DynamothDataCollector - [data] d
16:25:50.419 [pool-51-thread-1] DEBUG f.i.l.r.s.c.DynamothDataCollector - [data] num_1
16:25:50.420 [pool-51-thread-1] DEBUG f.i.l.r.s.c.DynamothDataCollector - [data] num_2
16:25:50.420 [pool-51-thread-1] DEBUG f.i.l.r.s.c.DynamothDataCollector - [data] num_3
16:25:50.420 [pool-51-thread-1] DEBUG f.i.l.r.s.c.DynamothDataCollector - [data] num_4
16:25:50.423 [pool-51-thread-1] DEBUG f.i.l.r.s.c.DynamothDataCollector - [data] this.scanner
16:25:50.423 [pool-51-thread-1] DEBUG f.i.l.r.s.c.DynamothDataCollector - [data] this.output
16:25:50.434 [pool-51-thread-1] DEBUG f.i.l.r.s.DynamothCodeGenesisImpl - BreakpointEvent
16:25:50.435 [pool-51-thread-1] INFO  f.i.l.r.s.DynamothCodeGenesisImpl - [test] introclassJava.smallest_346b1d3c_005BlackboxTest#test7 iteration 0
16:25:50.435 [pool-51-thread-1] DEBUG f.i.l.r.s.c.SpoonElementsCollector - [data] num_2=instance of introclassJava.IntObj(id=525)
16:25:50.436 [pool-51-thread-1] DEBUG f.i.l.r.s.c.DynamothDataCollector - Collect Level 1
16:25:50.436 [pool-51-thread-1] DEBUG f.i.l.r.s.c.DynamothDataCollector - [data] this=instance of introclassJava.smallest_346b1d3c_005(id=523)
16:25:50.436 [pool-51-thread-1] DEBUG f.i.l.r.s.c.DynamothDataCollector - [data] a
16:25:50.436 [pool-51-thread-1] DEBUG f.i.l.r.s.c.DynamothDataCollector - [data] b
16:25:50.436 [pool-51-thread-1] DEBUG f.i.l.r.s.c.DynamothDataCollector - [data] c
16:25:50.437 [pool-51-thread-1] DEBUG f.i.l.r.s.c.DynamothDataCollector - [data] d
16:25:50.437 [pool-51-thread-1] DEBUG f.i.l.r.s.c.DynamothDataCollector - [data] num_1
16:25:50.437 [pool-51-thread-1] DEBUG f.i.l.r.s.c.DynamothDataCollector - [data] num_2
16:25:50.438 [pool-51-thread-1] DEBUG f.i.l.r.s.c.DynamothDataCollector - [data] num_3
16:25:50.438 [pool-51-thread-1] DEBUG f.i.l.r.s.c.DynamothDataCollector - [data] num_4
16:25:50.440 [pool-51-thread-1] DEBUG f.i.l.r.s.c.DynamothDataCollector - [data] this.scanner
16:25:50.440 [pool-51-thread-1] DEBUG f.i.l.r.s.c.DynamothDataCollector - [data] this.output
16:25:50.448 [pool-51-thread-1] DEBUG f.i.l.r.s.DynamothCodeGenesisImpl - BreakpointEvent
16:25:50.449 [pool-51-thread-1] INFO  f.i.l.r.s.DynamothCodeGenesisImpl - [test] introclassJava.smallest_346b1d3c_005BlackboxTest#test2 iteration 0
16:25:50.449 [pool-51-thread-1] DEBUG f.i.l.r.s.c.SpoonElementsCollector - [data] num_2=instance of introclassJava.IntObj(id=538)
16:25:50.450 [pool-51-thread-1] DEBUG f.i.l.r.s.c.DynamothDataCollector - Collect Level 1
16:25:50.450 [pool-51-thread-1] DEBUG f.i.l.r.s.c.DynamothDataCollector - [data] this=instance of introclassJava.smallest_346b1d3c_005(id=536)
16:25:50.450 [pool-51-thread-1] DEBUG f.i.l.r.s.c.DynamothDataCollector - [data] a
16:25:50.450 [pool-51-thread-1] DEBUG f.i.l.r.s.c.DynamothDataCollector - [data] b
16:25:50.451 [pool-51-thread-1] DEBUG f.i.l.r.s.c.DynamothDataCollector - [data] c
16:25:50.451 [pool-51-thread-1] DEBUG f.i.l.r.s.c.DynamothDataCollector - [data] d
16:25:50.451 [pool-51-thread-1] DEBUG f.i.l.r.s.c.DynamothDataCollector - [data] num_1
16:25:50.451 [pool-51-thread-1] DEBUG f.i.l.r.s.c.DynamothDataCollector - [data] num_2
16:25:50.452 [pool-51-thread-1] DEBUG f.i.l.r.s.c.DynamothDataCollector - [data] num_3
16:25:50.452 [pool-51-thread-1] DEBUG f.i.l.r.s.c.DynamothDataCollector - [data] num_4
16:25:50.454 [pool-51-thread-1] DEBUG f.i.l.r.s.c.DynamothDataCollector - [data] this.scanner
16:25:50.454 [pool-51-thread-1] DEBUG f.i.l.r.s.c.DynamothDataCollector - [data] this.output
16:25:50.462 [pool-51-thread-1] DEBUG f.i.l.r.s.DynamothCodeGenesisImpl - BreakpointEvent
16:25:50.463 [pool-51-thread-1] INFO  f.i.l.r.s.DynamothCodeGenesisImpl - [test] introclassJava.smallest_346b1d3c_005BlackboxTest#test1 iteration 0
16:25:50.464 [pool-51-thread-1] DEBUG f.i.l.r.s.c.SpoonElementsCollector - [data] num_2=instance of introclassJava.IntObj(id=551)
16:25:50.464 [pool-51-thread-1] DEBUG f.i.l.r.s.c.DynamothDataCollector - Collect Level 1
16:25:50.464 [pool-51-thread-1] DEBUG f.i.l.r.s.c.DynamothDataCollector - [data] this=instance of introclassJava.smallest_346b1d3c_005(id=549)
16:25:50.465 [pool-51-thread-1] DEBUG f.i.l.r.s.c.DynamothDataCollector - [data] a
16:25:50.465 [pool-51-thread-1] DEBUG f.i.l.r.s.c.DynamothDataCollector - [data] b
16:25:50.465 [pool-51-thread-1] DEBUG f.i.l.r.s.c.DynamothDataCollector - [data] c
16:25:50.465 [pool-51-thread-1] DEBUG f.i.l.r.s.c.DynamothDataCollector - [data] d
16:25:50.465 [pool-51-thread-1] DEBUG f.i.l.r.s.c.DynamothDataCollector - [data] num_1
16:25:50.466 [pool-51-thread-1] DEBUG f.i.l.r.s.c.DynamothDataCollector - [data] num_2
16:25:50.466 [pool-51-thread-1] DEBUG f.i.l.r.s.c.DynamothDataCollector - [data] num_3
16:25:50.466 [pool-51-thread-1] DEBUG f.i.l.r.s.c.DynamothDataCollector - [data] num_4
16:25:50.468 [pool-51-thread-1] DEBUG f.i.l.r.s.c.DynamothDataCollector - [data] this.scanner
16:25:50.468 [pool-51-thread-1] DEBUG f.i.l.r.s.c.DynamothDataCollector - [data] this.output
16:25:50.476 [pool-51-thread-1] DEBUG f.i.l.r.s.DynamothCodeGenesisImpl - BreakpointEvent
16:25:50.477 [pool-51-thread-1] INFO  f.i.l.r.s.DynamothCodeGenesisImpl - [test] introclassJava.smallest_346b1d3c_005BlackboxTest#test4 iteration 0
16:25:50.477 [pool-51-thread-1] DEBUG f.i.l.r.s.c.SpoonElementsCollector - [data] num_2=instance of introclassJava.IntObj(id=564)
16:25:50.477 [pool-51-thread-1] DEBUG f.i.l.r.s.c.DynamothDataCollector - Collect Level 1
16:25:50.477 [pool-51-thread-1] DEBUG f.i.l.r.s.c.DynamothDataCollector - [data] this=instance of introclassJava.smallest_346b1d3c_005(id=562)
16:25:50.478 [pool-51-thread-1] DEBUG f.i.l.r.s.c.DynamothDataCollector - [data] a
16:25:50.478 [pool-51-thread-1] DEBUG f.i.l.r.s.c.DynamothDataCollector - [data] b
16:25:50.478 [pool-51-thread-1] DEBUG f.i.l.r.s.c.DynamothDataCollector - [data] c
16:25:50.478 [pool-51-thread-1] DEBUG f.i.l.r.s.c.DynamothDataCollector - [data] d
16:25:50.479 [pool-51-thread-1] DEBUG f.i.l.r.s.c.DynamothDataCollector - [data] num_1
16:25:50.479 [pool-51-thread-1] DEBUG f.i.l.r.s.c.DynamothDataCollector - [data] num_2
16:25:50.479 [pool-51-thread-1] DEBUG f.i.l.r.s.c.DynamothDataCollector - [data] num_3
16:25:50.479 [pool-51-thread-1] DEBUG f.i.l.r.s.c.DynamothDataCollector - [data] num_4
16:25:50.481 [pool-51-thread-1] DEBUG f.i.l.r.s.c.DynamothDataCollector - [data] this.scanner
16:25:50.481 [pool-51-thread-1] DEBUG f.i.l.r.s.c.DynamothDataCollector - [data] this.output
16:25:50.489 [pool-51-thread-1] DEBUG f.i.l.r.s.DynamothCodeGenesisImpl - BreakpointEvent
16:25:50.490 [pool-51-thread-1] INFO  f.i.l.r.s.DynamothCodeGenesisImpl - [test] introclassJava.smallest_346b1d3c_005BlackboxTest#test3 iteration 0
16:25:50.490 [pool-51-thread-1] DEBUG f.i.l.r.s.c.SpoonElementsCollector - [data] num_2=instance of introclassJava.IntObj(id=577)
16:25:50.490 [pool-51-thread-1] DEBUG f.i.l.r.s.c.DynamothDataCollector - Collect Level 1
16:25:50.490 [pool-51-thread-1] DEBUG f.i.l.r.s.c.DynamothDataCollector - [data] this=instance of introclassJava.smallest_346b1d3c_005(id=575)
16:25:50.491 [pool-51-thread-1] DEBUG f.i.l.r.s.c.DynamothDataCollector - [data] a
16:25:50.491 [pool-51-thread-1] DEBUG f.i.l.r.s.c.DynamothDataCollector - [data] b
16:25:50.491 [pool-51-thread-1] DEBUG f.i.l.r.s.c.DynamothDataCollector - [data] c
16:25:50.491 [pool-51-thread-1] DEBUG f.i.l.r.s.c.DynamothDataCollector - [data] d
16:25:50.491 [pool-51-thread-1] DEBUG f.i.l.r.s.c.DynamothDataCollector - [data] num_1
16:25:50.492 [pool-51-thread-1] DEBUG f.i.l.r.s.c.DynamothDataCollector - [data] num_2
16:25:50.492 [pool-51-thread-1] DEBUG f.i.l.r.s.c.DynamothDataCollector - [data] num_3
16:25:50.492 [pool-51-thread-1] DEBUG f.i.l.r.s.c.DynamothDataCollector - [data] num_4
16:25:50.494 [pool-51-thread-1] DEBUG f.i.l.r.s.c.DynamothDataCollector - [data] this.scanner
16:25:50.494 [pool-51-thread-1] DEBUG f.i.l.r.s.c.DynamothDataCollector - [data] this.output
16:25:50.500 [pool-51-thread-1] DEBUG f.i.l.r.s.DynamothCodeGenesisImpl - Exit
16:25:50.519 [pool-51-thread-1] DEBUG f.i.l.r.s.collect.DataCombiner - [combine] start on 14 elements
16:25:50.614 [pool-51-thread-1] DEBUG f.i.l.r.s.collect.DataCombiner - [combine] end 11234 evaluated elements


========= Info ==========
Nb constants             3
Nb method invocations    0
Nb field access          2
Nb variables             9
Total                    14
Nb evaluated expressions 5610
Init Execution time      465 ms
Collect Execution time   165 ms
Combine Execution time   115.0 ms
Nb Combination par sec   48783 combinations/sec
Total Execution time     745 ms
Nb line execution        8
Nb results               0

Results:


========================
         Stat
========================
Operators: 
LE 12
AND 8
Methods: 
format(java.lang.String,java.lang.Object[]) 5
nextInt() 4
Variable: 
value 80
output 10
a 8
b 8
c 8
d 8
scanner 8
num_4 2
num_1 2
num_2 2
num_3 2

 & 3 & 0 & 2 & 9 & 14 & 5610 & 746 ms & 8 &
16:25:50.616 [pool-2-thread-1] DEBUG fr.inria.lille.repair.nopol.NoPol - statement #12
16:25:50.617 [pool-2-thread-1] DEBUG fr.inria.lille.repair.nopol.NoPol - Analysing SourceLocation introclassJava.smallest_346b1d3c_005:65 which is executed by 16 tests
1540763975
16:25:50.687 [pool-2-thread-1] DEBUG fr.inria.lille.repair.nopol.NoPol - looking with class fr.inria.lille.repair.nopol.spoon.smt.ConditionalAdder
org.junit.ComparisonFailure: expected:<...paces>-1isthesmalles[t]> but was:<...paces>-1isthesmalles[]>
    at org.junit.Assert.assertEquals(Assert.java:115)
    at org.junit.Assert.assertEquals(Assert.java:144)
    at introclassJava.smallest_346b1d3c_005BlackboxTest.test8(smallest_346b1d3c_005BlackboxTest.java:77)
    at sun.reflect.NativeMethodAccessorImpl.invoke0(Native Method)
    at sun.reflect.NativeMethodAccessorImpl.invoke(NativeMethodAccessorImpl.java:62)
    at sun.reflect.DelegatingMethodAccessorImpl.invoke(DelegatingMethodAccessorImpl.java:43)
16:25:50.696 [pool-87-thread-1] INFO  xxl.java.junit.TestCasesListener - Tests run finished (6 ms)
<> Total tests run: 8
<> Ignored tests: 0
<> Failed tests: 1
~ test8(introclassJava.smallest_346b1d3c_005BlackboxTest)
[expected:<...paces>-1isthesmalles[t]> but was:<...paces>-1isthesmalles[]>]
org.junit.ComparisonFailure: expected:<...paces>-1isthesmalles[t]> but was:<...paces>-1isthesmalles[]>    at org.junit.Assert.assertEquals(Assert.java:115)
    at org.junit.Assert.assertEquals(Assert.java:144)
    at introclassJava.smallest_346b1d3c_005BlackboxTest.test8(smallest_346b1d3c_005BlackboxTest.java:77)
    at sun.reflect.NativeMethodAccessorImpl.invoke0(Native Method)
    at sun.reflect.NativeMethodAccessorImpl.invoke(NativeMethodAccessorImpl.java:62)
    at sun.reflect.DelegatingMethodAccessorImpl.invoke(DelegatingMethodAccessorImpl.java:43)

16:25:50.827 [pool-86-thread-1] DEBUG f.i.l.r.n.s.d.DynamothSynthesizer - Ignore the test introclassJava.smallest_346b1d3c_005WhiteboxTest#test2
16:25:50.828 [pool-86-thread-1] DEBUG f.i.l.r.n.s.d.DynamothSynthesizer - Ignore the test introclassJava.smallest_346b1d3c_005WhiteboxTest#test1
16:25:50.829 [pool-86-thread-1] DEBUG f.i.l.r.n.s.d.DynamothSynthesizer - Ignore the test introclassJava.smallest_346b1d3c_005WhiteboxTest#test6
16:25:50.830 [pool-86-thread-1] DEBUG f.i.l.r.n.s.d.DynamothSynthesizer - Ignore the test introclassJava.smallest_346b1d3c_005WhiteboxTest#test5
16:25:50.831 [pool-86-thread-1] DEBUG f.i.l.r.n.s.d.DynamothSynthesizer - Ignore the test introclassJava.smallest_346b1d3c_005WhiteboxTest#test4
16:25:50.831 [pool-86-thread-1] DEBUG f.i.l.r.n.s.d.DynamothSynthesizer - Ignore the test introclassJava.smallest_346b1d3c_005WhiteboxTest#test3
16:25:50.832 [pool-86-thread-1] DEBUG f.i.l.r.n.s.d.DynamothSynthesizer - Ignore the test introclassJava.smallest_346b1d3c_005WhiteboxTest#test8
16:25:50.833 [pool-86-thread-1] DEBUG f.i.l.r.n.s.d.DynamothSynthesizer - Ignore the test introclassJava.smallest_346b1d3c_005WhiteboxTest#test7
java -cp /tmp/DynaMoth_IntroClassJava_smallest_346b1d3c1cdc3032d07222a8a5e0027a2abf95bb1697b9d367d7cca7db1af769d8298e232c56471a122f05e87e79f4bd965855c9c0f8b173ebc0ef5d0abebc7b_005/target/classes:/tmp/DynaMoth_IntroClassJava_smallest_346b1d3c1cdc3032d07222a8a5e0027a2abf95bb1697b9d367d7cca7db1af769d8298e232c56471a122f05e87e79f4bd965855c9c0f8b173ebc0ef5d0abebc7b_005/target/test-classes:/home/tdurieux/.m2/repository/junit/junit/4.11/junit-4.11.jar:/home/tdurieux/.m2/repository/org/hamcrest/hamcrest-core/1.3/hamcrest-core-1.3.jar:/home/tdurieux/RepairThemAll/script/../repair_tools/nopol.jar:/home/tdurieux/RepairThemAll/repair_tools/nopol.jar:/usr/lib/jvm/java-8-openjdk-amd64/lib/tools.jar: fr.inria.lille.repair.MethodTestRunner introclassJava.smallest_346b1d3c_005BlackboxTest#test6 introclassJava.smallest_346b1d3c_005BlackboxTest#test5 introclassJava.smallest_346b1d3c_005BlackboxTest#test8 introclassJava.smallest_346b1d3c_005BlackboxTest#test7 introclassJava.smallest_346b1d3c_005BlackboxTest#test2 introclassJava.smallest_346b1d3c_005BlackboxTest#test1 introclassJava.smallest_346b1d3c_005BlackboxTest#test4 introclassJava.smallest_346b1d3c_005BlackboxTest#test3 
16:25:51.013 [pool-86-thread-1] DEBUG f.i.l.r.s.DynamothCodeGenesisImpl - ClassPrepareEvent
16:25:51.016 [pool-86-thread-1] DEBUG f.i.l.r.s.c.spoon.ClassCollector - [class] introclassJava.IntObj
16:25:51.020 [pool-86-thread-1] DEBUG f.i.l.r.s.c.spoon.ClassCollector - [class] introclassJava.smallest_346b1d3c_005
16:25:51.020 [pool-86-thread-1] DEBUG f.i.l.r.s.c.spoon.ClassCollector - [class] java.lang.String
16:25:51.022 [pool-86-thread-1] DEBUG f.i.l.r.s.c.spoon.ClassCollector - [class] java.util.Scanner
16:25:51.063 [pool-86-thread-1] DEBUG f.i.l.r.s.DynamothCodeGenesisImpl - BreakpointEvent
16:25:51.064 [pool-86-thread-1] INFO  f.i.l.r.s.DynamothCodeGenesisImpl - [test] introclassJava.smallest_346b1d3c_005BlackboxTest#test6 iteration 0
16:25:51.065 [pool-86-thread-1] DEBUG f.i.l.r.s.c.SpoonElementsCollector - [data] num_1=instance of introclassJava.IntObj(id=459)
16:25:51.066 [pool-86-thread-1] DEBUG f.i.l.r.s.c.DynamothDataCollector - Collect Level 1
16:25:51.066 [pool-86-thread-1] DEBUG f.i.l.r.s.c.DynamothDataCollector - [data] this=instance of introclassJava.smallest_346b1d3c_005(id=457)
16:25:51.066 [pool-86-thread-1] DEBUG f.i.l.r.s.c.DynamothDataCollector - [data] a
16:25:51.066 [pool-86-thread-1] DEBUG f.i.l.r.s.c.DynamothDataCollector - [data] b
16:25:51.066 [pool-86-thread-1] DEBUG f.i.l.r.s.c.DynamothDataCollector - [data] c
16:25:51.067 [pool-86-thread-1] DEBUG f.i.l.r.s.c.DynamothDataCollector - [data] d
16:25:51.067 [pool-86-thread-1] DEBUG f.i.l.r.s.c.DynamothDataCollector - [data] num_1
16:25:51.067 [pool-86-thread-1] DEBUG f.i.l.r.s.c.DynamothDataCollector - [data] num_2
16:25:51.067 [pool-86-thread-1] DEBUG f.i.l.r.s.c.DynamothDataCollector - [data] num_3
16:25:51.067 [pool-86-thread-1] DEBUG f.i.l.r.s.c.DynamothDataCollector - [data] num_4
16:25:51.073 [pool-86-thread-1] DEBUG f.i.l.r.s.c.DynamothDataCollector - [data] this.scanner
16:25:51.073 [pool-86-thread-1] DEBUG f.i.l.r.s.c.DynamothDataCollector - [data] this.output
16:25:51.088 [pool-86-thread-1] DEBUG f.i.l.r.s.DynamothCodeGenesisImpl - BreakpointEvent
16:25:51.088 [pool-86-thread-1] INFO  f.i.l.r.s.DynamothCodeGenesisImpl - [test] introclassJava.smallest_346b1d3c_005BlackboxTest#test5 iteration 0
16:25:51.089 [pool-86-thread-1] DEBUG f.i.l.r.s.c.SpoonElementsCollector - [data] num_1=instance of introclassJava.IntObj(id=486)
16:25:51.089 [pool-86-thread-1] DEBUG f.i.l.r.s.c.DynamothDataCollector - Collect Level 1
16:25:51.089 [pool-86-thread-1] DEBUG f.i.l.r.s.c.DynamothDataCollector - [data] this=instance of introclassJava.smallest_346b1d3c_005(id=484)
16:25:51.090 [pool-86-thread-1] DEBUG f.i.l.r.s.c.DynamothDataCollector - [data] a
16:25:51.090 [pool-86-thread-1] DEBUG f.i.l.r.s.c.DynamothDataCollector - [data] b
16:25:51.090 [pool-86-thread-1] DEBUG f.i.l.r.s.c.DynamothDataCollector - [data] c
16:25:51.090 [pool-86-thread-1] DEBUG f.i.l.r.s.c.DynamothDataCollector - [data] d
16:25:51.091 [pool-86-thread-1] DEBUG f.i.l.r.s.c.DynamothDataCollector - [data] num_1
16:25:51.091 [pool-86-thread-1] DEBUG f.i.l.r.s.c.DynamothDataCollector - [data] num_2
16:25:51.091 [pool-86-thread-1] DEBUG f.i.l.r.s.c.DynamothDataCollector - [data] num_3
16:25:51.091 [pool-86-thread-1] DEBUG f.i.l.r.s.c.DynamothDataCollector - [data] num_4
16:25:51.094 [pool-86-thread-1] DEBUG f.i.l.r.s.c.DynamothDataCollector - [data] this.scanner
16:25:51.094 [pool-86-thread-1] DEBUG f.i.l.r.s.c.DynamothDataCollector - [data] this.output
16:25:51.103 [pool-86-thread-1] DEBUG f.i.l.r.s.DynamothCodeGenesisImpl - BreakpointEvent
16:25:51.103 [pool-86-thread-1] INFO  f.i.l.r.s.DynamothCodeGenesisImpl - [test] introclassJava.smallest_346b1d3c_005BlackboxTest#test8 iteration 0
16:25:51.104 [pool-86-thread-1] DEBUG f.i.l.r.s.c.SpoonElementsCollector - [data] num_1=instance of introclassJava.IntObj(id=499)
16:25:51.104 [pool-86-thread-1] DEBUG f.i.l.r.s.c.DynamothDataCollector - Collect Level 1
16:25:51.104 [pool-86-thread-1] DEBUG f.i.l.r.s.c.DynamothDataCollector - [data] this=instance of introclassJava.smallest_346b1d3c_005(id=497)
16:25:51.105 [pool-86-thread-1] DEBUG f.i.l.r.s.c.DynamothDataCollector - [data] a
16:25:51.105 [pool-86-thread-1] DEBUG f.i.l.r.s.c.DynamothDataCollector - [data] b
16:25:51.105 [pool-86-thread-1] DEBUG f.i.l.r.s.c.DynamothDataCollector - [data] c
16:25:51.105 [pool-86-thread-1] DEBUG f.i.l.r.s.c.DynamothDataCollector - [data] d
16:25:51.106 [pool-86-thread-1] DEBUG f.i.l.r.s.c.DynamothDataCollector - [data] num_1
16:25:51.106 [pool-86-thread-1] DEBUG f.i.l.r.s.c.DynamothDataCollector - [data] num_2
16:25:51.106 [pool-86-thread-1] DEBUG f.i.l.r.s.c.DynamothDataCollector - [data] num_3
16:25:51.106 [pool-86-thread-1] DEBUG f.i.l.r.s.c.DynamothDataCollector - [data] num_4
16:25:51.109 [pool-86-thread-1] DEBUG f.i.l.r.s.c.DynamothDataCollector - [data] this.scanner
16:25:51.109 [pool-86-thread-1] DEBUG f.i.l.r.s.c.DynamothDataCollector - [data] this.output
16:25:51.121 [pool-86-thread-1] DEBUG f.i.l.r.s.DynamothCodeGenesisImpl - BreakpointEvent
16:25:51.122 [pool-86-thread-1] INFO  f.i.l.r.s.DynamothCodeGenesisImpl - [test] introclassJava.smallest_346b1d3c_005BlackboxTest#test7 iteration 0
16:25:51.123 [pool-86-thread-1] DEBUG f.i.l.r.s.c.SpoonElementsCollector - [data] num_1=instance of introclassJava.IntObj(id=525)
16:25:51.123 [pool-86-thread-1] DEBUG f.i.l.r.s.c.DynamothDataCollector - Collect Level 1
16:25:51.123 [pool-86-thread-1] DEBUG f.i.l.r.s.c.DynamothDataCollector - [data] this=instance of introclassJava.smallest_346b1d3c_005(id=523)
16:25:51.123 [pool-86-thread-1] DEBUG f.i.l.r.s.c.DynamothDataCollector - [data] a
16:25:51.123 [pool-86-thread-1] DEBUG f.i.l.r.s.c.DynamothDataCollector - [data] b
16:25:51.124 [pool-86-thread-1] DEBUG f.i.l.r.s.c.DynamothDataCollector - [data] c
16:25:51.124 [pool-86-thread-1] DEBUG f.i.l.r.s.c.DynamothDataCollector - [data] d
16:25:51.124 [pool-86-thread-1] DEBUG f.i.l.r.s.c.DynamothDataCollector - [data] num_1
16:25:51.124 [pool-86-thread-1] DEBUG f.i.l.r.s.c.DynamothDataCollector - [data] num_2
16:25:51.124 [pool-86-thread-1] DEBUG f.i.l.r.s.c.DynamothDataCollector - [data] num_3
16:25:51.125 [pool-86-thread-1] DEBUG f.i.l.r.s.c.DynamothDataCollector - [data] num_4
16:25:51.127 [pool-86-thread-1] DEBUG f.i.l.r.s.c.DynamothDataCollector - [data] this.scanner
16:25:51.127 [pool-86-thread-1] DEBUG f.i.l.r.s.c.DynamothDataCollector - [data] this.output
16:25:51.135 [pool-86-thread-1] DEBUG f.i.l.r.s.DynamothCodeGenesisImpl - BreakpointEvent
16:25:51.136 [pool-86-thread-1] INFO  f.i.l.r.s.DynamothCodeGenesisImpl - [test] introclassJava.smallest_346b1d3c_005BlackboxTest#test2 iteration 0
16:25:51.136 [pool-86-thread-1] DEBUG f.i.l.r.s.c.SpoonElementsCollector - [data] num_1=instance of introclassJava.IntObj(id=538)
16:25:51.137 [pool-86-thread-1] DEBUG f.i.l.r.s.c.DynamothDataCollector - Collect Level 1
16:25:51.137 [pool-86-thread-1] DEBUG f.i.l.r.s.c.DynamothDataCollector - [data] this=instance of introclassJava.smallest_346b1d3c_005(id=536)
16:25:51.137 [pool-86-thread-1] DEBUG f.i.l.r.s.c.DynamothDataCollector - [data] a
16:25:51.137 [pool-86-thread-1] DEBUG f.i.l.r.s.c.DynamothDataCollector - [data] b
16:25:51.137 [pool-86-thread-1] DEBUG f.i.l.r.s.c.DynamothDataCollector - [data] c
16:25:51.138 [pool-86-thread-1] DEBUG f.i.l.r.s.c.DynamothDataCollector - [data] d
16:25:51.138 [pool-86-thread-1] DEBUG f.i.l.r.s.c.DynamothDataCollector - [data] num_1
16:25:51.138 [pool-86-thread-1] DEBUG f.i.l.r.s.c.DynamothDataCollector - [data] num_2
16:25:51.138 [pool-86-thread-1] DEBUG f.i.l.r.s.c.DynamothDataCollector - [data] num_3
16:25:51.138 [pool-86-thread-1] DEBUG f.i.l.r.s.c.DynamothDataCollector - [data] num_4
16:25:51.140 [pool-86-thread-1] DEBUG f.i.l.r.s.c.DynamothDataCollector - [data] this.scanner
16:25:51.141 [pool-86-thread-1] DEBUG f.i.l.r.s.c.DynamothDataCollector - [data] this.output
16:25:51.148 [pool-86-thread-1] DEBUG f.i.l.r.s.DynamothCodeGenesisImpl - BreakpointEvent
16:25:51.149 [pool-86-thread-1] INFO  f.i.l.r.s.DynamothCodeGenesisImpl - [test] introclassJava.smallest_346b1d3c_005BlackboxTest#test1 iteration 0
16:25:51.150 [pool-86-thread-1] DEBUG f.i.l.r.s.c.SpoonElementsCollector - [data] num_1=instance of introclassJava.IntObj(id=551)
16:25:51.150 [pool-86-thread-1] DEBUG f.i.l.r.s.c.DynamothDataCollector - Collect Level 1
16:25:51.150 [pool-86-thread-1] DEBUG f.i.l.r.s.c.DynamothDataCollector - [data] this=instance of introclassJava.smallest_346b1d3c_005(id=549)
16:25:51.151 [pool-86-thread-1] DEBUG f.i.l.r.s.c.DynamothDataCollector - [data] a
16:25:51.151 [pool-86-thread-1] DEBUG f.i.l.r.s.c.DynamothDataCollector - [data] b
16:25:51.151 [pool-86-thread-1] DEBUG f.i.l.r.s.c.DynamothDataCollector - [data] c
16:25:51.151 [pool-86-thread-1] DEBUG f.i.l.r.s.c.DynamothDataCollector - [data] d
16:25:51.152 [pool-86-thread-1] DEBUG f.i.l.r.s.c.DynamothDataCollector - [data] num_1
16:25:51.152 [pool-86-thread-1] DEBUG f.i.l.r.s.c.DynamothDataCollector - [data] num_2
16:25:51.152 [pool-86-thread-1] DEBUG f.i.l.r.s.c.DynamothDataCollector - [data] num_3
16:25:51.152 [pool-86-thread-1] DEBUG f.i.l.r.s.c.DynamothDataCollector - [data] num_4
16:25:51.154 [pool-86-thread-1] DEBUG f.i.l.r.s.c.DynamothDataCollector - [data] this.scanner
16:25:51.154 [pool-86-thread-1] DEBUG f.i.l.r.s.c.DynamothDataCollector - [data] this.output
16:25:51.163 [pool-86-thread-1] DEBUG f.i.l.r.s.DynamothCodeGenesisImpl - BreakpointEvent
16:25:51.164 [pool-86-thread-1] INFO  f.i.l.r.s.DynamothCodeGenesisImpl - [test] introclassJava.smallest_346b1d3c_005BlackboxTest#test4 iteration 0
16:25:51.164 [pool-86-thread-1] DEBUG f.i.l.r.s.c.SpoonElementsCollector - [data] num_1=instance of introclassJava.IntObj(id=564)
16:25:51.165 [pool-86-thread-1] DEBUG f.i.l.r.s.c.DynamothDataCollector - Collect Level 1
16:25:51.165 [pool-86-thread-1] DEBUG f.i.l.r.s.c.DynamothDataCollector - [data] this=instance of introclassJava.smallest_346b1d3c_005(id=562)
16:25:51.165 [pool-86-thread-1] DEBUG f.i.l.r.s.c.DynamothDataCollector - [data] a
16:25:51.165 [pool-86-thread-1] DEBUG f.i.l.r.s.c.DynamothDataCollector - [data] b
16:25:51.166 [pool-86-thread-1] DEBUG f.i.l.r.s.c.DynamothDataCollector - [data] c
16:25:51.166 [pool-86-thread-1] DEBUG f.i.l.r.s.c.DynamothDataCollector - [data] d
16:25:51.166 [pool-86-thread-1] DEBUG f.i.l.r.s.c.DynamothDataCollector - [data] num_1
16:25:51.166 [pool-86-thread-1] DEBUG f.i.l.r.s.c.DynamothDataCollector - [data] num_2
16:25:51.167 [pool-86-thread-1] DEBUG f.i.l.r.s.c.DynamothDataCollector - [data] num_3
16:25:51.167 [pool-86-thread-1] DEBUG f.i.l.r.s.c.DynamothDataCollector - [data] num_4
16:25:51.169 [pool-86-thread-1] DEBUG f.i.l.r.s.c.DynamothDataCollector - [data] this.scanner
16:25:51.169 [pool-86-thread-1] DEBUG f.i.l.r.s.c.DynamothDataCollector - [data] this.output
16:25:51.177 [pool-86-thread-1] DEBUG f.i.l.r.s.DynamothCodeGenesisImpl - BreakpointEvent
16:25:51.178 [pool-86-thread-1] INFO  f.i.l.r.s.DynamothCodeGenesisImpl - [test] introclassJava.smallest_346b1d3c_005BlackboxTest#test3 iteration 0
16:25:51.179 [pool-86-thread-1] DEBUG f.i.l.r.s.c.SpoonElementsCollector - [data] num_1=instance of introclassJava.IntObj(id=577)
16:25:51.179 [pool-86-thread-1] DEBUG f.i.l.r.s.c.DynamothDataCollector - Collect Level 1
16:25:51.179 [pool-86-thread-1] DEBUG f.i.l.r.s.c.DynamothDataCollector - [data] this=instance of introclassJava.smallest_346b1d3c_005(id=575)
16:25:51.179 [pool-86-thread-1] DEBUG f.i.l.r.s.c.DynamothDataCollector - [data] a
16:25:51.180 [pool-86-thread-1] DEBUG f.i.l.r.s.c.DynamothDataCollector - [data] b
16:25:51.180 [pool-86-thread-1] DEBUG f.i.l.r.s.c.DynamothDataCollector - [data] c
16:25:51.180 [pool-86-thread-1] DEBUG f.i.l.r.s.c.DynamothDataCollector - [data] d
16:25:51.180 [pool-86-thread-1] DEBUG f.i.l.r.s.c.DynamothDataCollector - [data] num_1
16:25:51.181 [pool-86-thread-1] DEBUG f.i.l.r.s.c.DynamothDataCollector - [data] num_2
16:25:51.181 [pool-86-thread-1] DEBUG f.i.l.r.s.c.DynamothDataCollector - [data] num_3
16:25:51.181 [pool-86-thread-1] DEBUG f.i.l.r.s.c.DynamothDataCollector - [data] num_4
16:25:51.183 [pool-86-thread-1] DEBUG f.i.l.r.s.c.DynamothDataCollector - [data] this.scanner
16:25:51.183 [pool-86-thread-1] DEBUG f.i.l.r.s.c.DynamothDataCollector - [data] this.output
16:25:51.190 [pool-86-thread-1] DEBUG f.i.l.r.s.DynamothCodeGenesisImpl - Exit
16:25:51.192 [pool-86-thread-1] DEBUG f.i.l.r.s.collect.DataCombiner - [combine] start on 14 elements
16:25:51.243 [pool-86-thread-1] DEBUG f.i.l.r.s.collect.DataCombiner - [combine] end 11234 evaluated elements


========= Info ==========
Nb constants             3
Nb method invocations    0
Nb field access          2
Nb variables             9
Total                    14
Nb evaluated expressions 5610
Init Execution time      207 ms
Collect Execution time   149 ms
Combine Execution time   53.0 ms
Nb Combination par sec   105849 combinations/sec
Total Execution time     409 ms
Nb line execution        8
Nb results               0

Results:


========================
         Stat
========================
Operators: 
LE 12
AND 8
Methods: 
format(java.lang.String,java.lang.Object[]) 5
nextInt() 4
Variable: 
value 80
output 10
a 8
b 8
c 8
d 8
scanner 8
num_4 2
num_1 2
num_2 2
num_3 2

 & 3 & 0 & 2 & 9 & 14 & 5610 & 410 ms & 8 &
16:25:51.244 [pool-2-thread-1] DEBUG fr.inria.lille.repair.nopol.NoPol - statement #13
16:25:51.244 [pool-2-thread-1] DEBUG fr.inria.lille.repair.nopol.NoPol - Analysing SourceLocation introclassJava.smallest_346b1d3c_005:64 which is executed by 16 tests
1540763975
16:25:51.289 [pool-2-thread-1] DEBUG fr.inria.lille.repair.nopol.NoPol - statement #14
16:25:51.289 [pool-2-thread-1] DEBUG fr.inria.lille.repair.nopol.NoPol - Analysing SourceLocation introclassJava.smallest_346b1d3c_005:63 which is executed by 16 tests
1540763975
16:25:51.335 [pool-2-thread-1] DEBUG fr.inria.lille.repair.nopol.NoPol - looking with class fr.inria.lille.repair.nopol.spoon.smt.ConditionalAdder
org.junit.ComparisonFailure: expected:<...paces>-1isthesmalles[t]> but was:<...paces>-1isthesmalles[]>
    at org.junit.Assert.assertEquals(Assert.java:115)
    at org.junit.Assert.assertEquals(Assert.java:144)
    at introclassJava.smallest_346b1d3c_005BlackboxTest.test8(smallest_346b1d3c_005BlackboxTest.java:77)
    at sun.reflect.NativeMethodAccessorImpl.invoke0(Native Method)
    at sun.reflect.NativeMethodAccessorImpl.invoke(NativeMethodAccessorImpl.java:62)
    at sun.reflect.DelegatingMethodAccessorImpl.invoke(DelegatingMethodAccessorImpl.java:43)
16:25:51.343 [pool-122-thread-1] INFO  xxl.java.junit.TestCasesListener - Tests run finished (6 ms)
<> Total tests run: 8
<> Ignored tests: 0
<> Failed tests: 1
~ test8(introclassJava.smallest_346b1d3c_005BlackboxTest)
[expected:<...paces>-1isthesmalles[t]> but was:<...paces>-1isthesmalles[]>]
org.junit.ComparisonFailure: expected:<...paces>-1isthesmalles[t]> but was:<...paces>-1isthesmalles[]>    at org.junit.Assert.assertEquals(Assert.java:115)
    at org.junit.Assert.assertEquals(Assert.java:144)
    at introclassJava.smallest_346b1d3c_005BlackboxTest.test8(smallest_346b1d3c_005BlackboxTest.java:77)
    at sun.reflect.NativeMethodAccessorImpl.invoke0(Native Method)
    at sun.reflect.NativeMethodAccessorImpl.invoke(NativeMethodAccessorImpl.java:62)
    at sun.reflect.DelegatingMethodAccessorImpl.invoke(DelegatingMethodAccessorImpl.java:43)

16:25:51.417 [pool-2-thread-1] DEBUG fr.inria.lille.repair.nopol.NoPol - statement #15
16:25:51.417 [pool-2-thread-1] DEBUG fr.inria.lille.repair.nopol.NoPol - Analysing SourceLocation introclassJava.smallest_346b1d3c_005:62 which is executed by 16 tests
1540763975
16:25:51.457 [pool-2-thread-1] DEBUG fr.inria.lille.repair.nopol.NoPol - statement #16
16:25:51.458 [pool-2-thread-1] DEBUG fr.inria.lille.repair.nopol.NoPol - Analysing SourceLocation introclassJava.smallest_346b1d3c_005:61 which is executed by 16 tests
1540763975
16:25:51.506 [pool-2-thread-1] DEBUG fr.inria.lille.repair.nopol.NoPol - statement #17
16:25:51.507 [pool-2-thread-1] DEBUG fr.inria.lille.repair.nopol.NoPol - Analysing SourceLocation introclassJava.smallest_346b1d3c_005:60 which is executed by 16 tests
1540763975
16:25:51.559 [pool-2-thread-1] INFO  fr.inria.lille.repair.nopol.NoPol - ----INFORMATION----
16:25:51.561 [pool-2-thread-1] INFO  fr.inria.lille.repair.nopol.NoPol - Nb classes : 6
16:25:51.561 [pool-2-thread-1] INFO  fr.inria.lille.repair.nopol.NoPol - Nb methods : 2
16:25:51.561 [pool-2-thread-1] INFO  fr.inria.lille.repair.nopol.NoPol - Nb Statements Analyzed : 15
16:25:51.561 [pool-2-thread-1] INFO  fr.inria.lille.repair.nopol.NoPol - Nb Statements with Angelic Value Found : 2
16:25:51.561 [pool-2-thread-1] INFO  fr.inria.lille.repair.nopol.NoPol - NoPol Execution time : 7103ms
16:25:51.561 [pool-2-thread-1] INFO  fr.inria.lille.repair.nopol.NoPol - 
NO_ANGELIC_VALUE
Command exited with non-zero status 255
24.25user 1.52system 0:08.14elapsed 316%CPU (0avgtext+0avgdata 760964maxresident)k
49648inputs+5520outputs (6major+260621minor)pagefaults 0swaps


Node: uvb-39.sophia.grid5000.fr



Date: Wed Dec  5 16:25:51 EST 2018

