cd /tmp/Kali_Bears_INRIA-spoon_277315604-277340707;
export JAVA_TOOL_OPTIONS="-Dfile.encoding=UTF8 -Duser.language=en-US -Duser.country=US -Duser.language=en";
TZ="America/New_York"; export TZ;
export PATH="/usr/lib/jvm/java-1.8.0-openjdk-amd64/bin/:$PATH";
export JAVA_HOME="/usr/lib/jvm/java-1.8.0-openjdk-amd64/bin/";
timeout 120m java -Xmx4g -Xms1g -cp /home/tdurieux/defects4j4repair/script/../libs/jmetal.jar:/home/tdurieux/defects4j4repair/script/../repair_tools/arja.jar us.msu.cse.repair.Main \
	Kali \
	-DexternalProjRoot /home/tdurieux/defects4j4repair/script/../libs/arja_external \
	-DsrcJavaDir /tmp/Kali_Bears_INRIA-spoon_277315604-277340707/src/main/java \
	-DbinJavaDir /tmp/Kali_Bears_INRIA-spoon_277315604-277340707/target/classes \
	-DbinTestDir /tmp/Kali_Bears_INRIA-spoon_277315604-277340707/target/test-classes \
	-DdiffFormat true \
	-Dseed 0 \
	-Ddependences /home/tdurieux/.m2/repository/commons-io/commons-io/2.5/commons-io-2.5.jar:/home/tdurieux/.m2/repository/org/eclipse/tycho/org.eclipse.jdt.core/3.13.0.v20170516-1929/org.eclipse.jdt.core-3.13.0.v20170516-1929.jar:/home/tdurieux/.m2/repository/com/github/stefanbirkner/system-rules/1.9.0/system-rules-1.9.0.jar:/home/tdurieux/.m2/repository/log4j/log4j/1.2.17/log4j-1.2.17.jar:/home/tdurieux/.m2/repository/org/apache/commons/commons-lang3/3.5/commons-lang3-3.5.jar:/home/tdurieux/.m2/repository/org/mockito/mockito-all/2.0.2-beta/mockito-all-2.0.2-beta.jar:/home/tdurieux/.m2/repository/ant/ant/1.6.5/ant-1.6.5.jar:/home/tdurieux/.m2/repository/junit/junit/4.11/junit-4.11.jar:/home/tdurieux/.m2/repository/org/hamcrest/hamcrest-core/1.3/hamcrest-core-1.3.jar:/home/tdurieux/.m2/repository/com/martiansoftware/jsap/2.1/jsap-2.1.jar;
	echo "\n\nNode: `hostname`\n";
	echo "\n\nDate: `date`\n";
Picked up JAVA_TOOL_OPTIONS: -Dfile.encoding=UTF8 -Duser.language=en-US -Duser.country=US -Duser.language=en
Fault localization starts...
Exception in thread "main" java.lang.NullPointerException
	at com.gzoltar.core.GZoltar.run(GZoltar.java:51)
	at us.msu.cse.repair.core.faultlocalizer.GZoltarFaultLocalizer.<init>(GZoltarFaultLocalizer.java:42)
	at us.msu.cse.repair.core.AbstractRepairProblem.invokeFaultLocalizer(AbstractRepairProblem.java:298)
	at us.msu.cse.repair.core.AbstractRepairProblem.invokeModules(AbstractRepairProblem.java:269)
	at us.msu.cse.repair.core.AbstractRepairProblem.<init>(AbstractRepairProblem.java:244)
	at us.msu.cse.repair.algorithms.kali.Kali.<init>(Kali.java:37)
	at us.msu.cse.repair.KaliMain.main(KaliMain.java:14)
	at us.msu.cse.repair.Main.main(Main.java:14)


Node: graphene-139.nancy.grid5000.fr



Date: Thu Dec 27 05:28:29 EST 2018

