cd /tmp/NPEFix_Bug_dot_jar_Commons-Math_3c4cb189;
export JAVA_TOOL_OPTIONS="-Dfile.encoding=UTF8 -Duser.language=en-US -Duser.country=US -Duser.language=en";
TZ="America/New_York"; export TZ;
export PATH="/usr/lib/jvm/java-1.8.0-openjdk-amd64/bin/:$PATH";
export JAVA_HOME="/usr/lib/jvm/java-1.8.0-openjdk-amd64/bin/";
time java -Xmx4048m -cp /home/tdurieux/defects4j4repair/script/../repair_tools/npefix.jar fr.inria.spirals.npefix.main.run.Main \
    --test org.apache.commons.math3.optimization.linear.SimplexSolverTest \
    --iteration 100 \
	--complianceLevel 7 \
	--workingdirectory . \
	--source src/main/java \
	--classpath target/classes:target/test-classes:/home/tdurieux/.m2/repository/junit/junit/4.10/junit-4.10.jar:/home/tdurieux/.m2/repository/org/hamcrest/hamcrest-core/1.1/hamcrest-core-1.1.jar;
	echo "\n\nNode: `hostname`\n";
	echo "\n\nDate: `date`\n";
Picked up JAVA_TOOL_OPTIONS: -Dfile.encoding=UTF8 -Duser.language=en-US -Duser.country=US -Duser.language=en
TernarySplitter  in 333ms
return (r) != null
throw new MathIllegalArgumentException(LocalizedFormats.DIMENSIONS_MISMATCH_SIMPLE, (rm == null ? 0 : rm.getRowDimension()), (b == null ? 0 : b.getDimension()))
throw new MathIllegalArgumentException(LocalizedFormats.DIMENSIONS_MISMATCH_SIMPLE, (rm == null ? 0 : rm.getRowDimension()), (b == null ? 0 : b.getDimension()))
throw new MathIllegalArgumentException(LocalizedFormats.DIMENSIONS_MISMATCH_SIMPLE, (rm == null ? 0 : rm.getRowDimension()), (b == null ? 0 : b.getDimension()))
throw new MathIllegalArgumentException(LocalizedFormats.DIMENSIONS_MISMATCH_SIMPLE, (rm == null ? 0 : rm.getRowDimension()), (b == null ? 0 : b.getDimension()))
final boolean closed = (loop[0]) != null
super((copyArray ? point == null ? null : point.clone() : point), value)
throw new ModelSpecificationException(LocalizedFormats.INVALID_REGRESSION_OBSERVATION, (x != null ? x.length : 0), 1)
throw new ModelSpecificationException(LocalizedFormats.DIMENSIONS_MISMATCH_SIMPLE, (x == null ? 0 : x.length), (y == null ? 0 : y.length))
throw new ModelSpecificationException(LocalizedFormats.DIMENSIONS_MISMATCH_SIMPLE, (x == null ? 0 : x.length), (y == null ? 0 : y.length))
this(prototypeStatistics, (prototypeStatistics == null ? null : new SummaryStatistics(prototypeStatistics)))
return ((in) != null) && (!(in.isEmpty()))
return ((out) != null) && (!(out.isEmpty()))
return !((x == null) ^ (y == null))
return !((x == null) ^ (y == null))
return !((x == null) ^ (y == null))
return !((x == null) ^ (y == null))
return !((x == null) ^ (y == null))
return !((x == null) ^ (y == null))
return !((x == null) ^ (y == null))
return !((x == null) ^ (y == null))
return ((key) == null ? (oP.getKey()) == null : key.equals(oP.getKey())) && ((value) == null ? (oP.getValue()) == null : value.equals(oP.getValue()))
return ((key) == null ? (oP.getKey()) == null : key.equals(oP.getKey())) && ((value) == null ? (oP.getValue()) == null : value.equals(oP.getValue()))
return ((key) == null ? (oP.getKey()) == null : key.equals(oP.getKey())) && ((value) == null ? (oP.getValue()) == null : value.equals(oP.getValue()))
return ((key) == null ? (oP.getKey()) == null : key.equals(oP.getKey())) && ((value) == null ? (oP.getValue()) == null : value.equals(oP.getValue()))
return ((key) == null ? 0 : key.hashCode()) ^ ((value) == null ? 0 : value.hashCode())
return ((key) == null ? 0 : key.hashCode()) ^ ((value) == null ? 0 : value.hashCode())
final boolean open = (segment.getStart()) == null
super((copyArray ? point == null ? null : point.clone() : point), (copyArray ? value == null ? null : value.clone() : value))
super((copyArray ? point == null ? null : point.clone() : point), (copyArray ? value == null ? null : value.clone() : value))
return (1 + ((left) == null ? 0 : left.size())) + ((right) == null ? 0 : right.size())
return (1 + ((left) == null ? 0 : left.size())) + ((right) == null ? 0 : right.size())
return (top) == null
throw new ModelSpecificationException(LocalizedFormats.DIMENSIONS_MISMATCH_SIMPLE, (x == null ? 0 : x.length), (y == null ? 0 : y.length))
throw new ModelSpecificationException(LocalizedFormats.DIMENSIONS_MISMATCH_SIMPLE, (x == null ? 0 : x.length), (y == null ? 0 : y.length))
CheckNotNull  in 1102ms
ForceNullInit in 710ms
AddImplicitCastChecker --> 11 in 421ms
BeforeDeref --> 11648 (failed:0) in 2438ms
target--> 15603 (failed:0) in 5322ms
TryRegister # Try: 82 in 499ms
Assign --> 8035 (failed: 0) in 3995ms
VarInit --> 5513 in 1829ms
MethodEncapsulation # Method: 4514 in 3453ms
ConstructorEncapsulation # Constructor: 968 in 2311ms
VariableFor in 890ms
spoon.compiler.ModelBuildingException: The method intersection(org.apache.commons.math3.geometry.euclidean.threed.Line) in the type Plane is not applicable for the arguments (org.apache.commons.math3.geometry.euclidean.twod.Line) at /tmp/NPEFix_Bug_dot_jar_Commons-Math_3c4cb189/PolyhedronsSet.java:455
	at spoon.support.compiler.jdt.JDTBasedSpoonCompiler.report(JDTBasedSpoonCompiler.java:581)
	at spoon.support.compiler.jdt.JDTBasedSpoonCompiler.reportProblems(JDTBasedSpoonCompiler.java:562)
	at spoon.support.compiler.jdt.JDTBasedSpoonCompiler.compile(JDTBasedSpoonCompiler.java:157)
	at fr.inria.spirals.npefix.main.all.Launcher.instrument(Launcher.java:109)
	at fr.inria.spirals.npefix.main.run.Main.run(Main.java:61)
	at fr.inria.spirals.npefix.main.run.Main.main(Main.java:48)
Exception in thread "main" spoon.compiler.ModelBuildingException: The method intersection(org.apache.commons.math3.geometry.euclidean.threed.Line) in the type Plane is not applicable for the arguments (org.apache.commons.math3.geometry.euclidean.twod.Line) at /tmp/NPEFix_Bug_dot_jar_Commons-Math_3c4cb189/PolyhedronsSet.java:455
	at spoon.support.compiler.jdt.JDTBasedSpoonCompiler.report(JDTBasedSpoonCompiler.java:581)
	at spoon.support.compiler.jdt.JDTBasedSpoonCompiler.reportProblems(JDTBasedSpoonCompiler.java:562)
	at spoon.support.compiler.jdt.JDTBasedSpoonCompiler.compile(JDTBasedSpoonCompiler.java:157)
	at fr.inria.spirals.npefix.main.all.Launcher.instrument(Launcher.java:109)
	at fr.inria.spirals.npefix.main.run.Main.run(Main.java:61)
	at fr.inria.spirals.npefix.main.run.Main.main(Main.java:48)
Command exited with non-zero status 1
209.95user 2.37system 1:35.04elapsed 223%CPU (0avgtext+0avgdata 2009968maxresident)k
18952inputs+42432outputs (1major+554048minor)pagefaults 0swaps


Node: petitprince-9.luxembourg.grid5000.fr



Date: Sat Dec 29 17:55:54 EST 2018

