cd /tmp/NPEFix_Bug_dot_jar_Commons-Math_6dd3724b;
export JAVA_TOOL_OPTIONS="-Dfile.encoding=UTF8 -Duser.language=en-US -Duser.country=US -Duser.language=en";
TZ="America/New_York"; export TZ;
export PATH="/usr/lib/jvm/java-1.8.0-openjdk-amd64/bin/:$PATH";
export JAVA_HOME="/usr/lib/jvm/java-1.8.0-openjdk-amd64/bin/";
time java -Xmx4048m -cp /home/tdurieux/defects4j4repair/script/../repair_tools/npefix.jar fr.inria.spirals.npefix.main.run.Main \
    --test org.apache.commons.math.stat.FrequencyTest \
    --iteration 100 \
	--complianceLevel 7 \
	--workingdirectory . \
	--source src/main/java \
	--classpath target/classes:target/test-classes:/home/tdurieux/.m2/repository/junit/junit/4.4/junit-4.4.jar;
	echo "\n\nNode: `hostname`\n";
	echo "\n\nDate: `date`\n";
Picked up JAVA_TOOL_OPTIONS: -Dfile.encoding=UTF8 -Duser.language=en-US -Duser.country=US -Duser.language=en
TernarySplitter  in 278ms
throw MathRuntimeException.createIllegalArgumentException("dimension mismatch {0} != {1}", (x == null ? 0 : x.length), (y == null ? 0 : y.length))
throw MathRuntimeException.createIllegalArgumentException("dimension mismatch {0} != {1}", (x == null ? 0 : x.length), (y == null ? 0 : y.length))
this(prototypeStatistics, (prototypeStatistics == null ? null : new SummaryStatistics(prototypeStatistics)))
return !((x == null) ^ (y == null))
return !((x == null) ^ (y == null))
return (current) != null
return (first) != null
throw MathRuntimeException.createIllegalArgumentException(TTestImpl.INSUFFICIENT_DATA_MESSAGE, (data == null ? 0 : data.length))
throw MathRuntimeException.createIllegalArgumentException(TTestImpl.INSUFFICIENT_DATA_MESSAGE, (stat == null ? 0 : stat.getN()))
CheckNotNull  in 667ms
ForceNullInit in 247ms
AddImplicitCastChecker --> 1 in 465ms
BeforeDeref --> 7669 (failed:0) in 1832ms
target--> 9961 (failed:0) in 3089ms
TryRegister # Try: 166 in 344ms
Assign --> 5164 (failed: 0) in 3001ms
VarInit --> 3499 in 1139ms
MethodEncapsulation # Method: 3776 in 2520ms
ConstructorEncapsulation # Constructor: 614 in 1170ms
VariableFor in 646ms
RMI Selector (Host: 127.0.0.1, Port: 10000): KO
org.apache.commons.math.stat.FrequencyTest#testCounts
<No Strat> Status: Ko
org.apache.commons.math.stat.FrequencyTest#testPcts
<No Strat> Status: Ko
org.apache.commons.math.stat.FrequencyTest#testAdd
<No Strat> Status: Ko
org.apache.commons.math.stat.FrequencyTest#testAddNonComparable
<No Strat> Status: Ok
org.apache.commons.math.stat.FrequencyTest#testEmptyTable
<No Strat> Status: Ok
org.apache.commons.math.stat.FrequencyTest#testToString
<No Strat> Status: Ok
org.apache.commons.math.stat.FrequencyTest#testIntegerValues
<No Strat> Status: Ko
org.apache.commons.math.stat.FrequencyTest#testSerial
<No Strat> Status: Ok
Multirun 8/100 8%
org.apache.commons.math.stat.FrequencyTest#testCounts
<No Strat> Status: Ko
org.apache.commons.math.stat.FrequencyTest#testPcts
<No Strat> Status: Ko
org.apache.commons.math.stat.FrequencyTest#testAdd
<No Strat> Status: Ko
org.apache.commons.math.stat.FrequencyTest#testIntegerValues
<No Strat> Status: Ko
org.apache.commons.math.stat.FrequencyTest#testCounts
<No Strat> Status: Ko
org.apache.commons.math.stat.FrequencyTest#testPcts
<No Strat> Status: Ko
org.apache.commons.math.stat.FrequencyTest#testAdd
<No Strat> Status: Ko
org.apache.commons.math.stat.FrequencyTest#testIntegerValues
<No Strat> Status: Ko
org.apache.commons.math.stat.FrequencyTest#testCounts
<No Strat> Status: Ko
org.apache.commons.math.stat.FrequencyTest#testPcts
<No Strat> Status: Ko
org.apache.commons.math.stat.FrequencyTest#testAdd
<No Strat> Status: Ko
org.apache.commons.math.stat.FrequencyTest#testIntegerValues
<No Strat> Status: Ko
org.apache.commons.math.stat.FrequencyTest#testCounts
<No Strat> Status: Ko
org.apache.commons.math.stat.FrequencyTest#testPcts
<No Strat> Status: Ko
org.apache.commons.math.stat.FrequencyTest#testAdd
<No Strat> Status: Ko
org.apache.commons.math.stat.FrequencyTest#testIntegerValues
<No Strat> Status: Ko
org.apache.commons.math.stat.FrequencyTest#testCounts
<No Strat> Status: Ko
org.apache.commons.math.stat.FrequencyTest#testPcts
<No Strat> Status: Ko
org.apache.commons.math.stat.FrequencyTest#testAdd
<No Strat> Status: Ko
org.apache.commons.math.stat.FrequencyTest#testIntegerValues
<No Strat> Status: Ko
org.apache.commons.math.stat.FrequencyTest#testCounts
<No Strat> Status: Ko
org.apache.commons.math.stat.FrequencyTest#testPcts
<No Strat> Status: Ko
org.apache.commons.math.stat.FrequencyTest#testAdd
<No Strat> Status: Ko
org.apache.commons.math.stat.FrequencyTest#testIntegerValues
<No Strat> Status: Ko
168.58user 2.33system 1:03.70elapsed 268%CPU (0avgtext+0avgdata 1895656maxresident)k
21808inputs+30008outputs (1major+527031minor)pagefaults 0swaps


Node: petitprince-5.luxembourg.grid5000.fr



Date: Sat Dec 29 18:03:34 EST 2018

