cd /tmp/DynaMoth_Bug_dot_jar_Accumulo_7651b777;
export JAVA_TOOL_OPTIONS="-Dfile.encoding=UTF8 -Duser.language=en-US -Duser.country=US -Duser.language=en";
TZ="America/New_York"; export TZ;
export PATH="/usr/lib/jvm/java-1.8.0-openjdk-amd64/bin/:$PATH";
export JAVA_HOME="/usr/lib/jvm/java-1.8.0-openjdk-amd64/bin/";
time java -Xmx4048m -cp /home/tdurieux/defects4j4repair/script/../repair_tools/nopol.jar:/usr/lib/jvm/java-1.8.0-openjdk-amd64/bin//../lib/tools.jar fr.inria.lille.repair.Main \
	--mode repair \
	--type pre_then_cond \
	--oracle angelic \
	--synthesis dynamoth \
	--flocal gzoltar \
	--json \
	--solver z3 \
	--solver-path /home/tdurieux/defects4j4repair/script/../libs/z3/build/z3 \
	--complianceLevel 7 \
	--source core/src/main/java \
	--classpath "core/target/classes:core/target/test-classes:/tmp/DynaMoth_Bug_dot_jar_Accumulo_7651b777/trace/target/classes:/tmp/DynaMoth_Bug_dot_jar_Accumulo_7651b777/fate/target/classes:/tmp/DynaMoth_Bug_dot_jar_Accumulo_7651b777/start/target/classes:/tmp/DynaMoth_Bug_dot_jar_Accumulo_7651b777/server/target/classes:/tmp/DynaMoth_Bug_dot_jar_Accumulo_7651b777/examples/simple/target/classes:/tmp/DynaMoth_Bug_dot_jar_Accumulo_7651b777/minicluster/target/classes:/tmp/DynaMoth_Bug_dot_jar_Accumulo_7651b777/test/target/classes:/tmp/DynaMoth_Bug_dot_jar_Accumulo_7651b777/proxy/target/classes:/home/tdurieux/.m2/repository/org/powermock/powermock-api-support/1.5/powermock-api-support-1.5.jar:/home/tdurieux/.m2/repository/org/apache/accumulo/accumulo-examples-simple/1.5.3-SNAPSHOT/accumulo-examples-simple-1.5.3-SNAPSHOT.jar:/home/tdurieux/.m2/repository/com/sun/jersey/jersey-server/1.0/jersey-server-1.0.jar:/home/tdurieux/.m2/repository/xmlenc/xmlenc/0.52/xmlenc-0.52.jar:/home/tdurieux/.m2/repository/org/apache/accumulo/accumulo-proxy/1.5.3-SNAPSHOT/accumulo-proxy-1.5.3-SNAPSHOT.jar:/home/tdurieux/.m2/repository/hsqldb/hsqldb/1.8.0.10/hsqldb-1.8.0.10.jar:/home/tdurieux/.m2/repository/org/mortbay/jetty/jetty-util/6.1.26/jetty-util-6.1.26.jar:/home/tdurieux/.m2/repository/stax/stax-api/1.0.1/stax-api-1.0.1.jar:/home/tdurieux/.m2/repository/regexp/regexp/1.3/regexp-1.3.jar:/home/tdurieux/.m2/repository/org/codehaus/jettison/jettison/1.1/jettison-1.1.jar:/home/tdurieux/.m2/repository/org/apache/accumulo/accumulo-fate/1.5.3-SNAPSHOT/accumulo-fate-1.5.3-SNAPSHOT.jar:/home/tdurieux/.m2/repository/jline/jline/1.0/jline-1.0.jar:/home/tdurieux/.m2/repository/com/sun/xml/bind/jaxb-impl/2.2.3-1/jaxb-impl-2.2.3-1.jar:/home/tdurieux/.m2/repository/org/apache/commons/commons-vfs2/2.0/commons-vfs2-2.0.jar:/home/tdurieux/.m2/repository/com/sun/jersey/jersey-json/1.8/jersey-json-1.8.jar:/home/tdurieux/.m2/repository/com/sun/jersey/jersey-server/1.8/jersey-server-1.8.jar:/home/tdurieux/.m2/repository/org/apache/accumulo/accumulo-server/1.5.3-SNAPSHOT/accumulo-server-1.5.3-SNAPSHOT.jar:/home/tdurieux/.m2/repository/com/google/code/gson/gson/2.2.2/gson-2.2.2.jar:/home/tdurieux/.m2/repository/javax/servlet/servlet-api/2.5/servlet-api-2.5.jar:/home/tdurieux/.m2/repository/commons-io/commons-io/2.1/commons-io-2.1.jar:/home/tdurieux/.m2/repository/org/codehaus/jackson/jackson-xc/1.7.1/jackson-xc-1.7.1.jar:/home/tdurieux/.m2/repository/org/apache/accumulo/accumulo-core/1.5.3-SNAPSHOT/accumulo-core-1.5.3-SNAPSHOT.jar:/home/tdurieux/.m2/repository/org/apache/ftpserver/ftpserver-deprecated/1.0.0-M2/ftpserver-deprecated-1.0.0-M2.jar:/home/tdurieux/.m2/repository/org/apache/accumulo/accumulo-minicluster/1.5.3-SNAPSHOT/accumulo-minicluster-1.5.3-SNAPSHOT.jar:/home/tdurieux/.m2/repository/asm/asm/3.1/asm-3.1.jar:/home/tdurieux/.m2/repository/commons-el/commons-el/1.0/commons-el-1.0.jar:/home/tdurieux/.m2/repository/com/beust/jcommander/1.30/jcommander-1.30.jar:/home/tdurieux/.m2/repository/org/powermock/powermock-module-junit4/1.5/powermock-module-junit4-1.5.jar:/home/tdurieux/.m2/repository/cglib/cglib-nodep/2.2.2/cglib-nodep-2.2.2.jar:/home/tdurieux/.m2/repository/org/easymock/easymock/3.1/easymock-3.1.jar:/home/tdurieux/.m2/repository/javax/activation/activation/1.1/activation-1.1.jar:/home/tdurieux/.m2/repository/org/codehaus/jackson/jackson-jaxrs/1.7.1/jackson-jaxrs-1.7.1.jar:/home/tdurieux/.m2/repository/org/powermock/powermock-api-easymock/1.5/powermock-api-easymock-1.5.jar:/home/tdurieux/.m2/repository/log4j/log4j/1.2.16/log4j-1.2.16.jar:/home/tdurieux/.m2/repository/org/apache/accumulo/accumulo-test/1.5.3-SNAPSHOT/accumulo-test-1.5.3-SNAPSHOT.jar:/home/tdurieux/.m2/repository/commons-httpclient/commons-httpclient/3.0.1/commons-httpclient-3.0.1.jar:/home/tdurieux/.m2/repository/com/google/guava/guava/14.0.1/guava-14.0.1.jar:/home/tdurieux/.m2/repository/commons-logging/commons-logging/1.1.1/commons-logging-1.1.1.jar:/home/tdurieux/.m2/repository/org/apache/maven/scm/maven-scm-api/1.4/maven-scm-api-1.4.jar:/home/tdurieux/.m2/repository/org/apache/zookeeper/zookeeper/3.3.6/zookeeper-3.3.6.jar:/home/tdurieux/.m2/repository/org/objenesis/objenesis/1.2/objenesis-1.2.jar:/home/tdurieux/.m2/repository/commons-beanutils/commons-beanutils-core/1.8.0/commons-beanutils-core-1.8.0.jar:/home/tdurieux/.m2/repository/javax/ws/rs/jsr311-api/1.1.1/jsr311-api-1.1.1.jar:/home/tdurieux/.m2/repository/org/slf4j/slf4j-api/1.4.3/slf4j-api-1.4.3.jar:/home/tdurieux/.m2/repository/commons-cli/commons-cli/1.2/commons-cli-1.2.jar:/home/tdurieux/.m2/repository/org/apache/thrift/libthrift/0.9.0/libthrift-0.9.0.jar:/home/tdurieux/.m2/repository/org/javassist/javassist/3.17.1-GA/javassist-3.17.1-GA.jar:/home/tdurieux/.m2/repository/org/apache/hadoop/hadoop-core/1.2.1/hadoop-core-1.2.1.jar:/home/tdurieux/.m2/repository/org/mortbay/jetty/jetty/6.1.26/jetty-6.1.26.jar:/home/tdurieux/.m2/repository/org/apache/hadoop/hadoop-client/1.2.1/hadoop-client-1.2.1.jar:/home/tdurieux/.m2/repository/org/apache/ftpserver/ftplet-api/1.0.0/ftplet-api-1.0.0.jar:/home/tdurieux/.m2/repository/org/apache/maven/scm/maven-scm-provider-svnexe/1.4/maven-scm-provider-svnexe-1.4.jar:/home/tdurieux/.m2/repository/org/hamcrest/hamcrest-core/1.3/hamcrest-core-1.3.jar:/home/tdurieux/.m2/repository/org/mortbay/jetty/servlet-api/2.5-20081211/servlet-api-2.5-20081211.jar:/home/tdurieux/.m2/repository/org/powermock/powermock-reflect/1.5/powermock-reflect-1.5.jar:/home/tdurieux/.m2/repository/org/apache/accumulo/accumulo-trace/1.5.3-SNAPSHOT/accumulo-trace-1.5.3-SNAPSHOT.jar:/home/tdurieux/.m2/repository/org/apache/hadoop/hadoop-tools/1.2.1/hadoop-tools-1.2.1.jar:/home/tdurieux/.m2/repository/org/apache/mina/mina-core/2.0.0-M5/mina-core-2.0.0-M5.jar:/home/tdurieux/.m2/repository/org/apache/ftpserver/ftpserver-core/1.0.0/ftpserver-core-1.0.0.jar:/home/tdurieux/.m2/repository/com/sun/jersey/jersey-core/1.8/jersey-core-1.8.jar:/home/tdurieux/.m2/repository/javax/xml/stream/stax-api/1.0-2/stax-api-1.0-2.jar:/home/tdurieux/.m2/repository/commons-net/commons-net/1.4.1/commons-net-1.4.1.jar:/home/tdurieux/.m2/repository/junit/junit/4.11/junit-4.11.jar:/home/tdurieux/.m2/repository/commons-configuration/commons-configuration/1.6/commons-configuration-1.6.jar:/home/tdurieux/.m2/repository/org/powermock/powermock-core/1.5/powermock-core-1.5.jar:/home/tdurieux/.m2/repository/org/codehaus/jackson/jackson-core-asl/1.7.1/jackson-core-asl-1.7.1.jar:/home/tdurieux/.m2/repository/org/apache/hadoop/hadoop-test/1.2.1/hadoop-test-1.2.1.jar:/home/tdurieux/.m2/repository/commons-digester/commons-digester/1.8/commons-digester-1.8.jar:/home/tdurieux/.m2/repository/org/codehaus/jackson/jackson-mapper-asl/1.8.8/jackson-mapper-asl-1.8.8.jar:/home/tdurieux/.m2/repository/org/apache/hadoop/hadoop-minicluster/1.2.1/hadoop-minicluster-1.2.1.jar:/home/tdurieux/.m2/repository/org/apache/accumulo/accumulo-start/1.5.3-SNAPSHOT/accumulo-start-1.5.3-SNAPSHOT.jar:/home/tdurieux/.m2/repository/org/slf4j/slf4j-log4j12/1.4.3/slf4j-log4j12-1.4.3.jar:/home/tdurieux/.m2/repository/oro/oro/2.0.8/oro-2.0.8.jar:/home/tdurieux/.m2/repository/commons-lang/commons-lang/2.4/commons-lang-2.4.jar:/home/tdurieux/.m2/repository/org/codehaus/plexus/plexus-utils/1.5.6/plexus-utils-1.5.6.jar:/home/tdurieux/.m2/repository/javax/xml/bind/jaxb-api/2.2.2/jaxb-api-2.2.2.jar:/home/tdurieux/.m2/repository/org/apache/maven/scm/maven-scm-provider-svn-commons/1.4/maven-scm-provider-svn-commons-1.4.jar:/home/tdurieux/.m2/repository/commons-codec/commons-codec/1.4/commons-codec-1.4.jar:/home/tdurieux/.m2/repository/org/apache/commons/commons-math/2.1/commons-math-2.1.jar:/home/tdurieux/.m2/repository/org/powermock/powermock-module-junit4-common/1.5/powermock-module-junit4-common-1.5.jar:/home/tdurieux/.m2/repository/commons-beanutils/commons-beanutils/1.7.0/commons-beanutils-1.7.0.jar:/home/tdurieux/.m2/repository/commons-collections/commons-collections/3.2.1/commons-collections-3.2.1.jar:/home/tdurieux/defects4j4repair/script/../repair_tools/nopol.jar";
	echo "\n\nNode: `hostname`\n";
	echo "\n\nDate: `date`\n";
Picked up JAVA_TOOL_OPTIONS: -Dfile.encoding=UTF8 -Duser.language=en-US -Duser.country=US -Duser.language=en
10:43:33.928 [main] INFO  fr.inria.lille.repair.nopol.NoPol - Source files: [core/src/main/java]
10:43:33.938 [main] INFO  fr.inria.lille.repair.nopol.NoPol - Classpath: [file:/tmp/DynaMoth_Bug_dot_jar_Accumulo_7651b777/core/target/classes/, file:/tmp/DynaMoth_Bug_dot_jar_Accumulo_7651b777/core/target/test-classes/, file:/tmp/DynaMoth_Bug_dot_jar_Accumulo_7651b777/trace/target/classes/, file:/tmp/DynaMoth_Bug_dot_jar_Accumulo_7651b777/fate/target/classes/, file:/tmp/DynaMoth_Bug_dot_jar_Accumulo_7651b777/start/target/classes/, file:/tmp/DynaMoth_Bug_dot_jar_Accumulo_7651b777/server/target/classes/, file:/tmp/DynaMoth_Bug_dot_jar_Accumulo_7651b777/examples/simple/target/classes/, file:/tmp/DynaMoth_Bug_dot_jar_Accumulo_7651b777/minicluster/target/classes/, file:/tmp/DynaMoth_Bug_dot_jar_Accumulo_7651b777/test/target/classes/, file:/tmp/DynaMoth_Bug_dot_jar_Accumulo_7651b777/proxy/target/classes/, file:/home/tdurieux/.m2/repository/org/powermock/powermock-api-support/1.5/powermock-api-support-1.5.jar, file:/home/tdurieux/.m2/repository/org/apache/accumulo/accumulo-examples-simple/1.5.3-SNAPSHOT/accumulo-examples-simple-1.5.3-SNAPSHOT.jar, file:/home/tdurieux/.m2/repository/com/sun/jersey/jersey-server/1.0/jersey-server-1.0.jar, file:/home/tdurieux/.m2/repository/xmlenc/xmlenc/0.52/xmlenc-0.52.jar, file:/home/tdurieux/.m2/repository/org/apache/accumulo/accumulo-proxy/1.5.3-SNAPSHOT/accumulo-proxy-1.5.3-SNAPSHOT.jar, file:/home/tdurieux/.m2/repository/hsqldb/hsqldb/1.8.0.10/hsqldb-1.8.0.10.jar, file:/home/tdurieux/.m2/repository/org/mortbay/jetty/jetty-util/6.1.26/jetty-util-6.1.26.jar, file:/home/tdurieux/.m2/repository/stax/stax-api/1.0.1/stax-api-1.0.1.jar, file:/home/tdurieux/.m2/repository/regexp/regexp/1.3/regexp-1.3.jar, file:/home/tdurieux/.m2/repository/org/codehaus/jettison/jettison/1.1/jettison-1.1.jar, file:/home/tdurieux/.m2/repository/org/apache/accumulo/accumulo-fate/1.5.3-SNAPSHOT/accumulo-fate-1.5.3-SNAPSHOT.jar, file:/home/tdurieux/.m2/repository/jline/jline/1.0/jline-1.0.jar, file:/home/tdurieux/.m2/repository/com/sun/xml/bind/jaxb-impl/2.2.3-1/jaxb-impl-2.2.3-1.jar, file:/home/tdurieux/.m2/repository/org/apache/commons/commons-vfs2/2.0/commons-vfs2-2.0.jar, file:/home/tdurieux/.m2/repository/com/sun/jersey/jersey-json/1.8/jersey-json-1.8.jar, file:/home/tdurieux/.m2/repository/com/sun/jersey/jersey-server/1.8/jersey-server-1.8.jar, file:/home/tdurieux/.m2/repository/org/apache/accumulo/accumulo-server/1.5.3-SNAPSHOT/accumulo-server-1.5.3-SNAPSHOT.jar, file:/home/tdurieux/.m2/repository/com/google/code/gson/gson/2.2.2/gson-2.2.2.jar, file:/home/tdurieux/.m2/repository/javax/servlet/servlet-api/2.5/servlet-api-2.5.jar, file:/home/tdurieux/.m2/repository/commons-io/commons-io/2.1/commons-io-2.1.jar, file:/home/tdurieux/.m2/repository/org/codehaus/jackson/jackson-xc/1.7.1/jackson-xc-1.7.1.jar, file:/home/tdurieux/.m2/repository/org/apache/accumulo/accumulo-core/1.5.3-SNAPSHOT/accumulo-core-1.5.3-SNAPSHOT.jar, file:/home/tdurieux/.m2/repository/org/apache/ftpserver/ftpserver-deprecated/1.0.0-M2/ftpserver-deprecated-1.0.0-M2.jar, file:/home/tdurieux/.m2/repository/org/apache/accumulo/accumulo-minicluster/1.5.3-SNAPSHOT/accumulo-minicluster-1.5.3-SNAPSHOT.jar, file:/home/tdurieux/.m2/repository/asm/asm/3.1/asm-3.1.jar, file:/home/tdurieux/.m2/repository/commons-el/commons-el/1.0/commons-el-1.0.jar, file:/home/tdurieux/.m2/repository/com/beust/jcommander/1.30/jcommander-1.30.jar, file:/home/tdurieux/.m2/repository/org/powermock/powermock-module-junit4/1.5/powermock-module-junit4-1.5.jar, file:/home/tdurieux/.m2/repository/cglib/cglib-nodep/2.2.2/cglib-nodep-2.2.2.jar, file:/home/tdurieux/.m2/repository/org/easymock/easymock/3.1/easymock-3.1.jar, file:/home/tdurieux/.m2/repository/javax/activation/activation/1.1/activation-1.1.jar, file:/home/tdurieux/.m2/repository/org/codehaus/jackson/jackson-jaxrs/1.7.1/jackson-jaxrs-1.7.1.jar, file:/home/tdurieux/.m2/repository/org/powermock/powermock-api-easymock/1.5/powermock-api-easymock-1.5.jar, file:/home/tdurieux/.m2/repository/log4j/log4j/1.2.16/log4j-1.2.16.jar, file:/home/tdurieux/.m2/repository/org/apache/accumulo/accumulo-test/1.5.3-SNAPSHOT/accumulo-test-1.5.3-SNAPSHOT.jar, file:/home/tdurieux/.m2/repository/commons-httpclient/commons-httpclient/3.0.1/commons-httpclient-3.0.1.jar, file:/home/tdurieux/.m2/repository/com/google/guava/guava/14.0.1/guava-14.0.1.jar, file:/home/tdurieux/.m2/repository/commons-logging/commons-logging/1.1.1/commons-logging-1.1.1.jar, file:/home/tdurieux/.m2/repository/org/apache/maven/scm/maven-scm-api/1.4/maven-scm-api-1.4.jar, file:/home/tdurieux/.m2/repository/org/apache/zookeeper/zookeeper/3.3.6/zookeeper-3.3.6.jar, file:/home/tdurieux/.m2/repository/org/objenesis/objenesis/1.2/objenesis-1.2.jar, file:/home/tdurieux/.m2/repository/commons-beanutils/commons-beanutils-core/1.8.0/commons-beanutils-core-1.8.0.jar, file:/home/tdurieux/.m2/repository/javax/ws/rs/jsr311-api/1.1.1/jsr311-api-1.1.1.jar, file:/home/tdurieux/.m2/repository/org/slf4j/slf4j-api/1.4.3/slf4j-api-1.4.3.jar, file:/home/tdurieux/.m2/repository/commons-cli/commons-cli/1.2/commons-cli-1.2.jar, file:/home/tdurieux/.m2/repository/org/apache/thrift/libthrift/0.9.0/libthrift-0.9.0.jar, file:/home/tdurieux/.m2/repository/org/javassist/javassist/3.17.1-GA/javassist-3.17.1-GA.jar, file:/home/tdurieux/.m2/repository/org/apache/hadoop/hadoop-core/1.2.1/hadoop-core-1.2.1.jar, file:/home/tdurieux/.m2/repository/org/mortbay/jetty/jetty/6.1.26/jetty-6.1.26.jar, file:/home/tdurieux/.m2/repository/org/apache/hadoop/hadoop-client/1.2.1/hadoop-client-1.2.1.jar, file:/home/tdurieux/.m2/repository/org/apache/ftpserver/ftplet-api/1.0.0/ftplet-api-1.0.0.jar, file:/home/tdurieux/.m2/repository/org/apache/maven/scm/maven-scm-provider-svnexe/1.4/maven-scm-provider-svnexe-1.4.jar, file:/home/tdurieux/.m2/repository/org/hamcrest/hamcrest-core/1.3/hamcrest-core-1.3.jar, file:/home/tdurieux/.m2/repository/org/mortbay/jetty/servlet-api/2.5-20081211/servlet-api-2.5-20081211.jar, file:/home/tdurieux/.m2/repository/org/powermock/powermock-reflect/1.5/powermock-reflect-1.5.jar, file:/home/tdurieux/.m2/repository/org/apache/accumulo/accumulo-trace/1.5.3-SNAPSHOT/accumulo-trace-1.5.3-SNAPSHOT.jar, file:/home/tdurieux/.m2/repository/org/apache/hadoop/hadoop-tools/1.2.1/hadoop-tools-1.2.1.jar, file:/home/tdurieux/.m2/repository/org/apache/mina/mina-core/2.0.0-M5/mina-core-2.0.0-M5.jar, file:/home/tdurieux/.m2/repository/org/apache/ftpserver/ftpserver-core/1.0.0/ftpserver-core-1.0.0.jar, file:/home/tdurieux/.m2/repository/com/sun/jersey/jersey-core/1.8/jersey-core-1.8.jar, file:/home/tdurieux/.m2/repository/javax/xml/stream/stax-api/1.0-2/stax-api-1.0-2.jar, file:/home/tdurieux/.m2/repository/commons-net/commons-net/1.4.1/commons-net-1.4.1.jar, file:/home/tdurieux/.m2/repository/junit/junit/4.11/junit-4.11.jar, file:/home/tdurieux/.m2/repository/commons-configuration/commons-configuration/1.6/commons-configuration-1.6.jar, file:/home/tdurieux/.m2/repository/org/powermock/powermock-core/1.5/powermock-core-1.5.jar, file:/home/tdurieux/.m2/repository/org/codehaus/jackson/jackson-core-asl/1.7.1/jackson-core-asl-1.7.1.jar, file:/home/tdurieux/.m2/repository/org/apache/hadoop/hadoop-test/1.2.1/hadoop-test-1.2.1.jar, file:/home/tdurieux/.m2/repository/commons-digester/commons-digester/1.8/commons-digester-1.8.jar, file:/home/tdurieux/.m2/repository/org/codehaus/jackson/jackson-mapper-asl/1.8.8/jackson-mapper-asl-1.8.8.jar, file:/home/tdurieux/.m2/repository/org/apache/hadoop/hadoop-minicluster/1.2.1/hadoop-minicluster-1.2.1.jar, file:/home/tdurieux/.m2/repository/org/apache/accumulo/accumulo-start/1.5.3-SNAPSHOT/accumulo-start-1.5.3-SNAPSHOT.jar, file:/home/tdurieux/.m2/repository/org/slf4j/slf4j-log4j12/1.4.3/slf4j-log4j12-1.4.3.jar, file:/home/tdurieux/.m2/repository/oro/oro/2.0.8/oro-2.0.8.jar, file:/home/tdurieux/.m2/repository/commons-lang/commons-lang/2.4/commons-lang-2.4.jar, file:/home/tdurieux/.m2/repository/org/codehaus/plexus/plexus-utils/1.5.6/plexus-utils-1.5.6.jar, file:/home/tdurieux/.m2/repository/javax/xml/bind/jaxb-api/2.2.2/jaxb-api-2.2.2.jar, file:/home/tdurieux/.m2/repository/org/apache/maven/scm/maven-scm-provider-svn-commons/1.4/maven-scm-provider-svn-commons-1.4.jar, file:/home/tdurieux/.m2/repository/commons-codec/commons-codec/1.4/commons-codec-1.4.jar, file:/home/tdurieux/.m2/repository/org/apache/commons/commons-math/2.1/commons-math-2.1.jar, file:/home/tdurieux/.m2/repository/org/powermock/powermock-module-junit4-common/1.5/powermock-module-junit4-common-1.5.jar, file:/home/tdurieux/.m2/repository/commons-beanutils/commons-beanutils/1.7.0/commons-beanutils-1.7.0.jar, file:/home/tdurieux/.m2/repository/commons-collections/commons-collections/3.2.1/commons-collections-3.2.1.jar, file:/home/tdurieux/defects4j4repair/script/../repair_tools/nopol.jar]
10:43:33.939 [main] INFO  fr.inria.lille.repair.nopol.NoPol - Statement type: PRE_THEN_COND
10:43:33.939 [main] INFO  fr.inria.lille.repair.nopol.NoPol - Args: [org.apache.accumulo.core.cli.TestClientOpts, org.apache.accumulo.core.cli.TestHelp, org.apache.accumulo.core.client.BatchWriterConfigTest, org.apache.accumulo.core.client.ClientSideIteratorTest, org.apache.accumulo.core.client.IteratorSettingTest, org.apache.accumulo.core.client.RowIteratorTest, org.apache.accumulo.core.client.TestThrift1474, org.apache.accumulo.core.client.admin.FindMaxTest, org.apache.accumulo.core.client.admin.TableOperationsHelperTest, org.apache.accumulo.core.client.impl.ScannerOptionsTest, org.apache.accumulo.core.client.impl.TabletLocatorImplTest, org.apache.accumulo.core.client.mapred.AccumuloFileOutputFormatTest, org.apache.accumulo.core.client.mapred.AccumuloInputFormatTest, org.apache.accumulo.core.client.mapred.AccumuloOutputFormatTest, org.apache.accumulo.core.client.mapred.AccumuloRowInputFormatTest, org.apache.accumulo.core.client.mapred.RangeInputSplitTest, org.apache.accumulo.core.client.mapreduce.AccumuloFileOutputFormatTest, org.apache.accumulo.core.client.mapreduce.AccumuloInputFormatTest, org.apache.accumulo.core.client.mapreduce.AccumuloOutputFormatTest, org.apache.accumulo.core.client.mapreduce.AccumuloRowInputFormatTest, org.apache.accumulo.core.client.mapreduce.RangeInputSplitTest, org.apache.accumulo.core.client.mapreduce.lib.partition.RangePartitionerTest, org.apache.accumulo.core.client.mock.MockConnectorTest, org.apache.accumulo.core.client.mock.MockTableOperationsTest, org.apache.accumulo.core.client.mock.TestBatchScanner821, org.apache.accumulo.core.client.security.SecurityErrorCodeTest, org.apache.accumulo.core.client.security.tokens.PasswordTokenTest, org.apache.accumulo.core.conf.AccumuloConfigurationTest, org.apache.accumulo.core.conf.ConfigSanityCheckTest, org.apache.accumulo.core.conf.DefaultConfigurationTest, org.apache.accumulo.core.conf.PropertyTest, org.apache.accumulo.core.data.ColumnTest, org.apache.accumulo.core.data.KeyExtentTest, org.apache.accumulo.core.data.KeyTest, org.apache.accumulo.core.data.MutationTest, org.apache.accumulo.core.data.RangeTest, org.apache.accumulo.core.file.FileOperationsTest, org.apache.accumulo.core.file.blockfile.cache.TestCachedBlockQueue, org.apache.accumulo.core.file.blockfile.cache.TestLruBlockCache, org.apache.accumulo.core.file.rfile.BlockIndexTest, org.apache.accumulo.core.file.rfile.MultiLevelIndexTest, org.apache.accumulo.core.file.rfile.RFileTest, org.apache.accumulo.core.file.rfile.RelativeKeyTest, org.apache.accumulo.core.iterators.AggregatingIteratorTest, org.apache.accumulo.core.iterators.FirstEntryInRowIteratorTest, org.apache.accumulo.core.iterators.FirstEntryInRowTest, org.apache.accumulo.core.iterators.IteratorUtilTest, org.apache.accumulo.core.iterators.aggregation.NumSummationTest, org.apache.accumulo.core.iterators.aggregation.conf.AggregatorConfigurationTest, org.apache.accumulo.core.iterators.system.ColumnFamilySkippingIteratorTest, org.apache.accumulo.core.iterators.system.ColumnFilterTest, org.apache.accumulo.core.iterators.system.DeletingIteratorTest, org.apache.accumulo.core.iterators.system.MultiIteratorTest, org.apache.accumulo.core.iterators.system.SourceSwitchingIteratorTest, org.apache.accumulo.core.iterators.system.TimeSettingIteratorTest, org.apache.accumulo.core.iterators.system.VisibilityFilterTest, org.apache.accumulo.core.iterators.user.BigDecimalCombinerTest, org.apache.accumulo.core.iterators.user.ColumnSliceFilterTest, org.apache.accumulo.core.iterators.user.CombinerTest, org.apache.accumulo.core.iterators.user.FilterTest, org.apache.accumulo.core.iterators.user.GrepIteratorTest, org.apache.accumulo.core.iterators.user.IndexedDocIteratorTest, org.apache.accumulo.core.iterators.user.IntersectingIteratorTest, org.apache.accumulo.core.iterators.user.LargeRowFilterTest, org.apache.accumulo.core.iterators.user.RegExFilterTest, org.apache.accumulo.core.iterators.user.RowDeletingIteratorTest, org.apache.accumulo.core.iterators.user.RowFilterTest, org.apache.accumulo.core.iterators.user.TransformingIteratorTest, org.apache.accumulo.core.iterators.user.VersioningIteratorTest, org.apache.accumulo.core.iterators.user.VisibilityFilterTest, org.apache.accumulo.core.iterators.user.WholeRowIteratorTest, org.apache.accumulo.core.security.AuthorizationsTest, org.apache.accumulo.core.security.ColumnVisibilityTest, org.apache.accumulo.core.security.VisibilityEvaluatorTest, org.apache.accumulo.core.util.AddressUtilTest, org.apache.accumulo.core.util.LocalityGroupUtilTest, org.apache.accumulo.core.util.MergeTest, org.apache.accumulo.core.util.MetadataTableTest, org.apache.accumulo.core.util.StatTest, org.apache.accumulo.core.util.TestStringUtil, org.apache.accumulo.core.util.TestVersion, org.apache.accumulo.core.util.TextUtilTest, org.apache.accumulo.core.util.shell.ShellTest, org.apache.accumulo.core.util.shell.TableDiskUsageTest, org.apache.accumulo.core.util.shell.command.FormatterCommandTest]
10:43:33.941 [main] INFO  fr.inria.lille.repair.nopol.NoPol - Config: Config{synthesisDepth=3, collectStaticMethods=true, collectStaticFields=false, collectLiterals=false, onlyOneSynthesisResult=true, sortExpressions=true, maxLineInvocationPerTest=250, timeoutMethodInvocation=2000, dataCollectionTimeoutInSecondForSynthesis=900, addWeight=0.19478, subWeight=0.04554, mulWeight=0.0102, divWeight=0.00613, andWeight=0.10597, orWeight=0.05708, eqWeight=0.22798, nEqWeight=0.0, lessEqWeight=0.0255, lessWeight=0.0947, methodCallWeight=0.1, fieldAccessWeight=0.08099, constantWeight=0.14232, variableWeight=0.05195, mode=REPAIR, type=PRE_THEN_COND, synthesis=DYNAMOTH, oracle=ANGELIC, solver=Z3, solverPath='/home/tdurieux/defects4j4repair/script/../libs/z3/build/z3', projectSources=[core/src/main/java], projectClasspath='[Ljava.net.URL;@2ff4f00f', projectTests=[org.apache.accumulo.core.cli.TestClientOpts, org.apache.accumulo.core.cli.TestHelp, org.apache.accumulo.core.client.BatchWriterConfigTest, org.apache.accumulo.core.client.ClientSideIteratorTest, org.apache.accumulo.core.client.IteratorSettingTest, org.apache.accumulo.core.client.RowIteratorTest, org.apache.accumulo.core.client.TestThrift1474, org.apache.accumulo.core.client.admin.FindMaxTest, org.apache.accumulo.core.client.admin.TableOperationsHelperTest, org.apache.accumulo.core.client.impl.ScannerOptionsTest, org.apache.accumulo.core.client.impl.TabletLocatorImplTest, org.apache.accumulo.core.client.mapred.AccumuloFileOutputFormatTest, org.apache.accumulo.core.client.mapred.AccumuloInputFormatTest, org.apache.accumulo.core.client.mapred.AccumuloOutputFormatTest, org.apache.accumulo.core.client.mapred.AccumuloRowInputFormatTest, org.apache.accumulo.core.client.mapred.RangeInputSplitTest, org.apache.accumulo.core.client.mapreduce.AccumuloFileOutputFormatTest, org.apache.accumulo.core.client.mapreduce.AccumuloInputFormatTest, org.apache.accumulo.core.client.mapreduce.AccumuloOutputFormatTest, org.apache.accumulo.core.client.mapreduce.AccumuloRowInputFormatTest, org.apache.accumulo.core.client.mapreduce.RangeInputSplitTest, org.apache.accumulo.core.client.mapreduce.lib.partition.RangePartitionerTest, org.apache.accumulo.core.client.mock.MockConnectorTest, org.apache.accumulo.core.client.mock.MockTableOperationsTest, org.apache.accumulo.core.client.mock.TestBatchScanner821, org.apache.accumulo.core.client.security.SecurityErrorCodeTest, org.apache.accumulo.core.client.security.tokens.PasswordTokenTest, org.apache.accumulo.core.conf.AccumuloConfigurationTest, org.apache.accumulo.core.conf.ConfigSanityCheckTest, org.apache.accumulo.core.conf.DefaultConfigurationTest, org.apache.accumulo.core.conf.PropertyTest, org.apache.accumulo.core.data.ColumnTest, org.apache.accumulo.core.data.KeyExtentTest, org.apache.accumulo.core.data.KeyTest, org.apache.accumulo.core.data.MutationTest, org.apache.accumulo.core.data.RangeTest, org.apache.accumulo.core.file.FileOperationsTest, org.apache.accumulo.core.file.blockfile.cache.TestCachedBlockQueue, org.apache.accumulo.core.file.blockfile.cache.TestLruBlockCache, org.apache.accumulo.core.file.rfile.BlockIndexTest, org.apache.accumulo.core.file.rfile.MultiLevelIndexTest, org.apache.accumulo.core.file.rfile.RFileTest, org.apache.accumulo.core.file.rfile.RelativeKeyTest, org.apache.accumulo.core.iterators.AggregatingIteratorTest, org.apache.accumulo.core.iterators.FirstEntryInRowIteratorTest, org.apache.accumulo.core.iterators.FirstEntryInRowTest, org.apache.accumulo.core.iterators.IteratorUtilTest, org.apache.accumulo.core.iterators.aggregation.NumSummationTest, org.apache.accumulo.core.iterators.aggregation.conf.AggregatorConfigurationTest, org.apache.accumulo.core.iterators.system.ColumnFamilySkippingIteratorTest, org.apache.accumulo.core.iterators.system.ColumnFilterTest, org.apache.accumulo.core.iterators.system.DeletingIteratorTest, org.apache.accumulo.core.iterators.system.MultiIteratorTest, org.apache.accumulo.core.iterators.system.SourceSwitchingIteratorTest, org.apache.accumulo.core.iterators.system.TimeSettingIteratorTest, org.apache.accumulo.core.iterators.system.VisibilityFilterTest, org.apache.accumulo.core.iterators.user.BigDecimalCombinerTest, org.apache.accumulo.core.iterators.user.ColumnSliceFilterTest, org.apache.accumulo.core.iterators.user.CombinerTest, org.apache.accumulo.core.iterators.user.FilterTest, org.apache.accumulo.core.iterators.user.GrepIteratorTest, org.apache.accumulo.core.iterators.user.IndexedDocIteratorTest, org.apache.accumulo.core.iterators.user.IntersectingIteratorTest, org.apache.accumulo.core.iterators.user.LargeRowFilterTest, org.apache.accumulo.core.iterators.user.RegExFilterTest, org.apache.accumulo.core.iterators.user.RowDeletingIteratorTest, org.apache.accumulo.core.iterators.user.RowFilterTest, org.apache.accumulo.core.iterators.user.TransformingIteratorTest, org.apache.accumulo.core.iterators.user.VersioningIteratorTest, org.apache.accumulo.core.iterators.user.VisibilityFilterTest, org.apache.accumulo.core.iterators.user.WholeRowIteratorTest, org.apache.accumulo.core.security.AuthorizationsTest, org.apache.accumulo.core.security.ColumnVisibilityTest, org.apache.accumulo.core.security.VisibilityEvaluatorTest, org.apache.accumulo.core.util.AddressUtilTest, org.apache.accumulo.core.util.LocalityGroupUtilTest, org.apache.accumulo.core.util.MergeTest, org.apache.accumulo.core.util.MetadataTableTest, org.apache.accumulo.core.util.StatTest, org.apache.accumulo.core.util.TestStringUtil, org.apache.accumulo.core.util.TestVersion, org.apache.accumulo.core.util.TextUtilTest, org.apache.accumulo.core.util.shell.ShellTest, org.apache.accumulo.core.util.shell.TableDiskUsageTest, org.apache.accumulo.core.util.shell.command.FormatterCommandTest], complianceLevel=7, outputFolder=., json=true}
10:43:33.942 [main] INFO  fr.inria.lille.repair.nopol.NoPol - Available processors (cores): 8
10:43:33.950 [main] INFO  fr.inria.lille.repair.nopol.NoPol - Free memory: 191 MB
10:43:33.950 [main] INFO  fr.inria.lille.repair.nopol.NoPol - Maximum memory: 3 GB
10:43:33.950 [main] INFO  fr.inria.lille.repair.nopol.NoPol - Total memory available to JVM: 241 MB
10:43:33.950 [main] INFO  fr.inria.lille.repair.nopol.NoPol - Java version: 1.8.0_181
10:43:33.952 [main] INFO  fr.inria.lille.repair.nopol.NoPol - JAVA_HOME: /usr/lib/jvm/java-1.8.0-openjdk-amd64/bin/
10:43:33.952 [main] INFO  fr.inria.lille.repair.nopol.NoPol - PATH: /usr/lib/jvm/java-1.8.0-openjdk-amd64/bin/:/usr/lib/oar/oardodo:/usr/lib/oar/oardodo:/usr/local/bin:/usr/bin:/bin:/usr/games
10:44:23.097 [pool-2-thread-1] DEBUG fr.inria.lille.repair.nopol.NoPol - statement #1
10:44:23.098 [pool-2-thread-1] DEBUG fr.inria.lille.repair.nopol.NoPol - Analysing SourceLocation jline.History:171 which is executed by 1 tests
10:44:23.099 [pool-2-thread-1] DEBUG fr.inria.lille.repair.nopol.NoPol - cannot spoon SourceLocation jline.History:171
10:44:23.099 [pool-2-thread-1] DEBUG fr.inria.lille.repair.nopol.NoPol - statement #2
10:44:23.099 [pool-2-thread-1] DEBUG fr.inria.lille.repair.nopol.NoPol - Analysing SourceLocation jline.History:165 which is executed by 1 tests
10:44:23.099 [pool-2-thread-1] DEBUG fr.inria.lille.repair.nopol.NoPol - cannot spoon SourceLocation jline.History:165
10:44:23.100 [pool-2-thread-1] DEBUG fr.inria.lille.repair.nopol.NoPol - statement #3
10:44:23.100 [pool-2-thread-1] DEBUG fr.inria.lille.repair.nopol.NoPol - Analysing SourceLocation jline.History:164 which is executed by 1 tests
10:44:23.100 [pool-2-thread-1] DEBUG fr.inria.lille.repair.nopol.NoPol - cannot spoon SourceLocation jline.History:164
10:44:23.100 [pool-2-thread-1] DEBUG fr.inria.lille.repair.nopol.NoPol - statement #4
10:44:23.100 [pool-2-thread-1] DEBUG fr.inria.lille.repair.nopol.NoPol - Analysing SourceLocation jline.History:118 which is executed by 1 tests
10:44:23.100 [pool-2-thread-1] DEBUG fr.inria.lille.repair.nopol.NoPol - cannot spoon SourceLocation jline.History:118
10:44:23.100 [pool-2-thread-1] DEBUG fr.inria.lille.repair.nopol.NoPol - statement #5
10:44:23.101 [pool-2-thread-1] DEBUG fr.inria.lille.repair.nopol.NoPol - Analysing SourceLocation jline.History:116 which is executed by 1 tests
10:44:23.101 [pool-2-thread-1] DEBUG fr.inria.lille.repair.nopol.NoPol - cannot spoon SourceLocation jline.History:116
10:44:23.101 [pool-2-thread-1] DEBUG fr.inria.lille.repair.nopol.NoPol - statement #6
10:44:23.101 [pool-2-thread-1] DEBUG fr.inria.lille.repair.nopol.NoPol - Analysing SourceLocation jline.History:112 which is executed by 1 tests
10:44:23.101 [pool-2-thread-1] DEBUG fr.inria.lille.repair.nopol.NoPol - cannot spoon SourceLocation jline.History:112
10:44:23.101 [pool-2-thread-1] DEBUG fr.inria.lille.repair.nopol.NoPol - statement #7
10:44:23.102 [pool-2-thread-1] DEBUG fr.inria.lille.repair.nopol.NoPol - Analysing SourceLocation jline.History:111 which is executed by 1 tests
10:44:23.102 [pool-2-thread-1] DEBUG fr.inria.lille.repair.nopol.NoPol - cannot spoon SourceLocation jline.History:111
10:44:23.103 [pool-2-thread-1] DEBUG fr.inria.lille.repair.nopol.NoPol - statement #8
10:44:23.103 [pool-2-thread-1] DEBUG fr.inria.lille.repair.nopol.NoPol - Analysing SourceLocation jline.History:69 which is executed by 1 tests
10:44:23.103 [pool-2-thread-1] DEBUG fr.inria.lille.repair.nopol.NoPol - cannot spoon SourceLocation jline.History:69
10:44:23.103 [pool-2-thread-1] DEBUG fr.inria.lille.repair.nopol.NoPol - statement #9
10:44:23.103 [pool-2-thread-1] DEBUG fr.inria.lille.repair.nopol.NoPol - Analysing SourceLocation jline.History:66 which is executed by 1 tests
10:44:23.103 [pool-2-thread-1] DEBUG fr.inria.lille.repair.nopol.NoPol - cannot spoon SourceLocation jline.History:66
10:44:23.104 [pool-2-thread-1] DEBUG fr.inria.lille.repair.nopol.NoPol - statement #10
10:44:23.104 [pool-2-thread-1] DEBUG fr.inria.lille.repair.nopol.NoPol - Analysing SourceLocation jline.History:62 which is executed by 1 tests
10:44:23.104 [pool-2-thread-1] DEBUG fr.inria.lille.repair.nopol.NoPol - cannot spoon SourceLocation jline.History:62
10:44:23.104 [pool-2-thread-1] DEBUG fr.inria.lille.repair.nopol.NoPol - statement #11
10:44:23.104 [pool-2-thread-1] DEBUG fr.inria.lille.repair.nopol.NoPol - Analysing SourceLocation jline.History:59 which is executed by 1 tests
10:44:23.104 [pool-2-thread-1] DEBUG fr.inria.lille.repair.nopol.NoPol - cannot spoon SourceLocation jline.History:59
10:44:23.105 [pool-2-thread-1] DEBUG fr.inria.lille.repair.nopol.NoPol - statement #12
10:44:23.105 [pool-2-thread-1] DEBUG fr.inria.lille.repair.nopol.NoPol - Analysing SourceLocation jline.History:58 which is executed by 1 tests
10:44:23.105 [pool-2-thread-1] DEBUG fr.inria.lille.repair.nopol.NoPol - cannot spoon SourceLocation jline.History:58
10:44:23.105 [pool-2-thread-1] DEBUG fr.inria.lille.repair.nopol.NoPol - statement #13
10:44:23.105 [pool-2-thread-1] DEBUG fr.inria.lille.repair.nopol.NoPol - Analysing SourceLocation jline.History:52 which is executed by 1 tests
10:44:23.106 [pool-2-thread-1] DEBUG fr.inria.lille.repair.nopol.NoPol - cannot spoon SourceLocation jline.History:52
10:44:23.106 [pool-2-thread-1] DEBUG fr.inria.lille.repair.nopol.NoPol - statement #14
10:44:23.106 [pool-2-thread-1] DEBUG fr.inria.lille.repair.nopol.NoPol - Analysing SourceLocation jline.History:51 which is executed by 1 tests
10:44:23.106 [pool-2-thread-1] DEBUG fr.inria.lille.repair.nopol.NoPol - cannot spoon SourceLocation jline.History:51
10:44:23.106 [pool-2-thread-1] DEBUG fr.inria.lille.repair.nopol.NoPol - statement #15
10:44:23.106 [pool-2-thread-1] DEBUG fr.inria.lille.repair.nopol.NoPol - Analysing SourceLocation jline.History:45 which is executed by 1 tests
10:44:23.106 [pool-2-thread-1] DEBUG fr.inria.lille.repair.nopol.NoPol - cannot spoon SourceLocation jline.History:45
10:44:23.106 [pool-2-thread-1] DEBUG fr.inria.lille.repair.nopol.NoPol - statement #16
10:44:23.107 [pool-2-thread-1] DEBUG fr.inria.lille.repair.nopol.NoPol - Analysing SourceLocation jline.History:44 which is executed by 1 tests
10:44:23.107 [pool-2-thread-1] DEBUG fr.inria.lille.repair.nopol.NoPol - cannot spoon SourceLocation jline.History:44
10:44:23.107 [pool-2-thread-1] DEBUG fr.inria.lille.repair.nopol.NoPol - statement #17
10:44:23.107 [pool-2-thread-1] DEBUG fr.inria.lille.repair.nopol.NoPol - Analysing SourceLocation jline.History:43 which is executed by 1 tests
10:44:23.107 [pool-2-thread-1] DEBUG fr.inria.lille.repair.nopol.NoPol - cannot spoon SourceLocation jline.History:43
10:44:23.107 [pool-2-thread-1] DEBUG fr.inria.lille.repair.nopol.NoPol - statement #18
10:44:23.108 [pool-2-thread-1] DEBUG fr.inria.lille.repair.nopol.NoPol - Analysing SourceLocation jline.History:40 which is executed by 1 tests
10:44:23.108 [pool-2-thread-1] DEBUG fr.inria.lille.repair.nopol.NoPol - cannot spoon SourceLocation jline.History:40
10:44:23.108 [pool-2-thread-1] DEBUG fr.inria.lille.repair.nopol.NoPol - statement #19
10:44:23.108 [pool-2-thread-1] DEBUG fr.inria.lille.repair.nopol.NoPol - Analysing SourceLocation jline.History:39 which is executed by 1 tests
10:44:23.108 [pool-2-thread-1] DEBUG fr.inria.lille.repair.nopol.NoPol - cannot spoon SourceLocation jline.History:39
10:44:23.108 [pool-2-thread-1] DEBUG fr.inria.lille.repair.nopol.NoPol - statement #20
10:44:23.109 [pool-2-thread-1] DEBUG fr.inria.lille.repair.nopol.NoPol - Analysing SourceLocation jline.ConsoleReader:1672 which is executed by 1 tests
10:44:23.109 [pool-2-thread-1] DEBUG fr.inria.lille.repair.nopol.NoPol - cannot spoon SourceLocation jline.ConsoleReader:1672
10:44:23.109 [pool-2-thread-1] DEBUG fr.inria.lille.repair.nopol.NoPol - statement #21
10:44:23.109 [pool-2-thread-1] DEBUG fr.inria.lille.repair.nopol.NoPol - Analysing SourceLocation jline.ConsoleReader:1671 which is executed by 1 tests
10:44:23.109 [pool-2-thread-1] DEBUG fr.inria.lille.repair.nopol.NoPol - cannot spoon SourceLocation jline.ConsoleReader:1671
10:44:23.109 [pool-2-thread-1] DEBUG fr.inria.lille.repair.nopol.NoPol - statement #22
10:44:23.109 [pool-2-thread-1] DEBUG fr.inria.lille.repair.nopol.NoPol - Analysing SourceLocation org.apache.accumulo.core.util.shell.Shell:969 which is executed by 1 tests
79851025
10:44:24.019 [pool-2-thread-1] DEBUG fr.inria.lille.repair.nopol.NoPol - statement #23
10:44:24.019 [pool-2-thread-1] DEBUG fr.inria.lille.repair.nopol.NoPol - Analysing SourceLocation org.apache.accumulo.core.util.shell.Shell:443 which is executed by 1 tests
79851025
10:44:24.517 [pool-2-thread-1] DEBUG fr.inria.lille.repair.nopol.NoPol - statement #24
10:44:24.518 [pool-2-thread-1] DEBUG fr.inria.lille.repair.nopol.NoPol - Analysing SourceLocation org.apache.accumulo.core.util.shell.Shell:442 which is executed by 1 tests
79851025
10:44:25.017 [pool-2-thread-1] DEBUG fr.inria.lille.repair.nopol.NoPol - looking with class fr.inria.lille.repair.nopol.spoon.smt.ConditionalAdder
[pool-4-thread-1} WARN  org.apache.accumulo.start.classloader.vfs.AccumuloVFSClassLoader  - ignoring classpath entry file:///lib/ext/[^.].*.jar
java.io.FileNotFoundException: src/test/resources/shelltest.txt (No such file or directory)
    at java.io.FileInputStream.open0(Native Method)
    at java.io.FileInputStream.open(FileInputStream.java:195)
    at java.io.FileInputStream.<init>(FileInputStream.java:138)
    at java.util.Scanner.<init>(Scanner.java:635)
    at java.util.Scanner.<init>(Scanner.java:629)
    at org.apache.accumulo.core.util.shell.Shell.start(Shell.java:443)
10:44:25.925 [pool-4-thread-1] INFO  xxl.java.junit.TestCasesListener - Tests run finished (869 ms)
<> Total tests run: 10
<> Ignored tests: 0
<> Failed tests: 1
~ execFileTest(org.apache.accumulo.core.util.shell.ShellTest)
[src/test/resources/shelltest.txt (No such file or directory)]
java.io.FileNotFoundException: src/test/resources/shelltest.txt (No such file or directory)    at java.io.FileInputStream.open0(Native Method)
    at java.io.FileInputStream.open(FileInputStream.java:195)
    at java.io.FileInputStream.<init>(FileInputStream.java:138)
    at java.util.Scanner.<init>(Scanner.java:635)
    at java.util.Scanner.<init>(Scanner.java:629)
    at org.apache.accumulo.core.util.shell.Shell.start(Shell.java:443)

10:44:30.035 [pool-3-thread-1] INFO  f.i.l.repair.nopol.patch.TestPatch - Applying patch: org.apache.accumulo.core.util.shell.Shell:442: PRECONDITION false
10:44:32.114 [pool-3-thread-1] INFO  f.i.l.repair.nopol.patch.TestPatch - Running test suite to check the patch "false" is working
10:44:32.459 [pool-2-thread-1] INFO  fr.inria.lille.repair.nopol.NoPol - ----INFORMATION----
10:44:33.960 [pool-2-thread-1] INFO  fr.inria.lille.repair.nopol.NoPol - Nb classes : 490
10:44:33.960 [pool-2-thread-1] INFO  fr.inria.lille.repair.nopol.NoPol - Nb methods : 4179
10:44:33.960 [pool-2-thread-1] INFO  fr.inria.lille.repair.nopol.NoPol - Nb Statements Analyzed : 1
10:44:33.960 [pool-2-thread-1] INFO  fr.inria.lille.repair.nopol.NoPol - Nb Statements with Angelic Value Found : 1
10:44:33.961 [pool-2-thread-1] INFO  fr.inria.lille.repair.nopol.NoPol - NoPol Execution time : 58535ms
10:44:33.961 [pool-2-thread-1] INFO  fr.inria.lille.repair.nopol.NoPol - 
10:44:33.961 [pool-2-thread-1] INFO  fr.inria.lille.repair.nopol.NoPol - ----PATCH FOUND----
10:44:33.961 [pool-2-thread-1] INFO  fr.inria.lille.repair.nopol.NoPol - false
10:44:34.022 [pool-2-thread-1] INFO  fr.inria.lille.repair.nopol.NoPol - Nb test that executes the patch: 1
10:44:34.023 [pool-2-thread-1] INFO  fr.inria.lille.repair.nopol.NoPol - org.apache.accumulo.core.util.shell.Shell:442: PRECONDITION
10:44:34.068 [pool-2-thread-1] INFO  fr.inria.lille.repair.nopol.NoPol - --- a/core/src/main/java/org/apache/accumulo/core/util/shell/Shell.java
+++ b/core/src/main/java/org/apache/accumulo/core/util/shell/Shell.java
@@ -441,16 +441,18 @@
 
-    if (execFile != null) {
-      java.util.Scanner scanner = new java.util.Scanner(new File(execFile), UTF_8.name());
-      try {
-        while (scanner.hasNextLine() && !hasExited()) {
-          execCommand(scanner.nextLine(), true, isVerbose());
+    if (false) {
+      if (execFile != null) {
+        java.util.Scanner scanner = new java.util.Scanner(new File(execFile), UTF_8.name());
+        try {
+          while (scanner.hasNextLine() && !hasExited()) {
+            execCommand(scanner.nextLine(), true, isVerbose());
+          }
+        } finally {
+          scanner.close();
         }
-      } finally {
-        scanner.close();
+      } else if (execCommand != null) {
+        for (String command : execCommand.split("\n")) {
+          execCommand(command, true, isVerbose());
+        }
+        return exitCode;
       }
-    } else if (execCommand != null) {
-      for (String command : execCommand.split("\n")) {
-        execCommand(command, true, isVerbose());
-      }
-      return exitCode;
     }

PATCH
167.61user 5.78system 1:03.17elapsed 274%CPU (0avgtext+0avgdata 1193720maxresident)k
52400inputs+7808outputs (4major+598480minor)pagefaults 0swaps


Node: granduc-6.luxembourg.grid5000.fr



Date: Sun Dec 30 10:44:34 EST 2018

