cd /tmp/NPEFix_Bug_dot_jar_Commons-Math_38983e82;
export JAVA_TOOL_OPTIONS="-Dfile.encoding=UTF8 -Duser.language=en-US -Duser.country=US -Duser.language=en";
TZ="America/New_York"; export TZ;
export PATH="/usr/lib/jvm/java-1.8.0-openjdk-amd64/bin/:$PATH";
export JAVA_HOME="/usr/lib/jvm/java-1.8.0-openjdk-amd64/bin/";
time java -Xmx4048m -cp /home/tdurieux/defects4j4repair/script/../repair_tools/npefix.jar fr.inria.spirals.npefix.main.run.Main \
    --test org.apache.commons.math.optimization.linear.SimplexSolverTest \
    --iteration 100 \
	--complianceLevel 7 \
	--workingdirectory . \
	--source src/main/java \
	--classpath target/classes:target/test-classes:/home/tdurieux/.m2/repository/junit/junit/4.4/junit-4.4.jar;
	echo "\n\nNode: `hostname`\n";
	echo "\n\nDate: `date`\n";
Picked up JAVA_TOOL_OPTIONS: -Dfile.encoding=UTF8 -Duser.language=en-US -Duser.country=US -Duser.language=en
TernarySplitter  in 239ms
throw MathRuntimeException.createIllegalArgumentException("dimension mismatch {0} != {1}", (x == null ? 0 : x.length), (y == null ? 0 : y.length))
throw MathRuntimeException.createIllegalArgumentException("dimension mismatch {0} != {1}", (x == null ? 0 : x.length), (y == null ? 0 : y.length))
this(prototypeStatistics, (prototypeStatistics == null ? null : new SummaryStatistics(prototypeStatistics)))
return !((x == null) ^ (y == null))
return !((x == null) ^ (y == null))
return (first) != null
throw MathRuntimeException.createIllegalArgumentException("insufficient data for t statistic, needs at least 2, got {0}", (data == null ? 0 : data.length))
throw MathRuntimeException.createIllegalArgumentException("insufficient data for t statistic, needs at least 2, got {0}", (stat == null ? 0 : stat.getN()))
CheckNotNull  in 604ms
ForceNullInit in 235ms
AddImplicitCastChecker --> 1 in 506ms
BeforeDeref --> 7880 (failed:0) in 1876ms
target--> 10077 (failed:0) in 3107ms
TryRegister # Try: 153 in 349ms
Assign --> 5216 (failed: 0) in 3016ms
VarInit --> 3223 in 1094ms
MethodEncapsulation # Method: 3646 in 2467ms
ConstructorEncapsulation # Constructor: 599 in 1145ms
VariableFor in 630ms
RMI Selector (Host: 127.0.0.1, Port: 10000): KO
org.apache.commons.math.optimization.linear.SimplexSolverTest#testMath286
<No Strat> Status: Ok
org.apache.commons.math.optimization.linear.SimplexSolverTest#testMath288
<No Strat> Status: Ko
org.apache.commons.math.optimization.linear.SimplexSolverTest#testSimplexSolver
<No Strat> Status: Ok
org.apache.commons.math.optimization.linear.SimplexSolverTest#testSingleVariableAndConstraint
<No Strat> Status: Ok
org.apache.commons.math.optimization.linear.SimplexSolverTest#testModelWithNoArtificialVars
<No Strat> Status: Ok
org.apache.commons.math.optimization.linear.SimplexSolverTest#testMinimization
<No Strat> Status: Ok
org.apache.commons.math.optimization.linear.SimplexSolverTest#testInfeasibleSolution
<No Strat> Status: Ok
org.apache.commons.math.optimization.linear.SimplexSolverTest#testUnboundedSolution
<No Strat> Status: Ok
org.apache.commons.math.optimization.linear.SimplexSolverTest#testEpsilon
<No Strat> Status: Ok
org.apache.commons.math.optimization.linear.SimplexSolverTest#testTrivialModel
<No Strat> Status: Ok
org.apache.commons.math.optimization.linear.SimplexSolverTest#testLargeModel
<No Strat> Status: Ok
org.apache.commons.math.optimization.linear.SimplexSolverTest#testMath272
<No Strat> Status: Ok
org.apache.commons.math.optimization.linear.SimplexSolverTest#testRestrictVariablesToNonNegative
<No Strat> Status: Ok
org.apache.commons.math.optimization.linear.SimplexSolverTest#testSolutionWithNegativeDecisionVariable
<No Strat> Status: Ok
Multirun 14/100 14%
org.apache.commons.math.optimization.linear.SimplexSolverTest#testMath288
<No Strat> Status: Ko
org.apache.commons.math.optimization.linear.SimplexSolverTest#testMath288
<No Strat> Status: Ko
org.apache.commons.math.optimization.linear.SimplexSolverTest#testMath288
<No Strat> Status: Ko
org.apache.commons.math.optimization.linear.SimplexSolverTest#testMath288
<No Strat> Status: Ko
org.apache.commons.math.optimization.linear.SimplexSolverTest#testMath288
<No Strat> Status: Ko
org.apache.commons.math.optimization.linear.SimplexSolverTest#testMath288
<No Strat> Status: Ko
6523.65user 7.50system 1:42:48elapsed 105%CPU (0avgtext+0avgdata 1849560maxresident)k
21432inputs+35536outputs (1major+514745minor)pagefaults 0swaps


Node: petitprince-4.luxembourg.grid5000.fr



Date: Sat Dec 29 21:25:12 EST 2018

