cd /tmp/Nopol_IntroClassJava_digits_bfad6d21d636def8e9e72910c3eb0815f5747669e3a60fb10c6f7f421082d18e548dcfc5d4717bb6da075c36f067b37858d11528ce796b3226ae33719c5007ce_004;
export JAVA_TOOL_OPTIONS="-Dfile.encoding=UTF8 -Duser.language=en-US -Duser.country=US -Duser.language=en";
TZ="America/New_York"; export TZ;
export PATH="/usr/lib/jvm/java-1.8.0-openjdk-amd64/bin/:$PATH";
export JAVA_HOME="/usr/lib/jvm/java-1.8.0-openjdk-amd64/bin/";
time java -Xmx4048m -cp /home/tdurieux/RepairThemAll/script/../repair_tools/nopol.jar:/usr/lib/jvm/java-1.8.0-openjdk-amd64/bin//../lib/tools.jar fr.inria.lille.repair.Main \
	--mode repair \
	--type pre_then_cond \
	--oracle angelic \
	--synthesis smt \
	--flocal gzoltar \
	--json \
	--solver z3 \
	--solver-path /home/tdurieux/RepairThemAll/script/../libs/z3/build/z3 \
	--complianceLevel 7 \
	--source src/main/java \
	--classpath "target/classes:target/test-classes:/home/tdurieux/.m2/repository/junit/junit/4.11/junit-4.11.jar:/home/tdurieux/.m2/repository/org/hamcrest/hamcrest-core/1.3/hamcrest-core-1.3.jar:/home/tdurieux/RepairThemAll/script/../repair_tools/nopol.jar";
	echo "\n\nNode: `hostname`\n";
	echo "\n\nDate: `date`\n";
Picked up JAVA_TOOL_OPTIONS: -Dfile.encoding=UTF8 -Duser.language=en-US -Duser.country=US -Duser.language=en
16:10:06.662 [main] INFO  fr.inria.lille.repair.nopol.NoPol - Source files: [src/main/java]
16:10:06.675 [main] INFO  fr.inria.lille.repair.nopol.NoPol - Classpath: [file:/tmp/Nopol_IntroClassJava_digits_bfad6d21d636def8e9e72910c3eb0815f5747669e3a60fb10c6f7f421082d18e548dcfc5d4717bb6da075c36f067b37858d11528ce796b3226ae33719c5007ce_004/target/classes/, file:/tmp/Nopol_IntroClassJava_digits_bfad6d21d636def8e9e72910c3eb0815f5747669e3a60fb10c6f7f421082d18e548dcfc5d4717bb6da075c36f067b37858d11528ce796b3226ae33719c5007ce_004/target/test-classes/, file:/home/tdurieux/.m2/repository/junit/junit/4.11/junit-4.11.jar, file:/home/tdurieux/.m2/repository/org/hamcrest/hamcrest-core/1.3/hamcrest-core-1.3.jar, file:/home/tdurieux/RepairThemAll/script/../repair_tools/nopol.jar]
16:10:06.675 [main] INFO  fr.inria.lille.repair.nopol.NoPol - Statement type: PRE_THEN_COND
16:10:06.675 [main] INFO  fr.inria.lille.repair.nopol.NoPol - Args: [introclassJava.digits_bfad6d21_004BlackboxTest, introclassJava.digits_bfad6d21_004WhiteboxTest]
16:10:06.677 [main] INFO  fr.inria.lille.repair.nopol.NoPol - Config: Config{synthesisDepth=3, collectStaticMethods=true, collectStaticFields=false, collectLiterals=false, onlyOneSynthesisResult=true, sortExpressions=true, maxLineInvocationPerTest=250, timeoutMethodInvocation=2000, dataCollectionTimeoutInSecondForSynthesis=900, addWeight=0.19478, subWeight=0.04554, mulWeight=0.0102, divWeight=0.00613, andWeight=0.10597, orWeight=0.05708, eqWeight=0.22798, nEqWeight=0.0, lessEqWeight=0.0255, lessWeight=0.0947, methodCallWeight=0.1, fieldAccessWeight=0.08099, constantWeight=0.14232, variableWeight=0.05195, mode=REPAIR, type=PRE_THEN_COND, synthesis=SMT, oracle=ANGELIC, solver=Z3, solverPath='/home/tdurieux/RepairThemAll/script/../libs/z3/build/z3', projectSources=[src/main/java], projectClasspath='[Ljava.net.URL;@66d33a', projectTests=[introclassJava.digits_bfad6d21_004BlackboxTest, introclassJava.digits_bfad6d21_004WhiteboxTest], complianceLevel=7, outputFolder=., json=true}
16:10:06.678 [main] INFO  fr.inria.lille.repair.nopol.NoPol - Available processors (cores): 8
16:10:06.684 [main] INFO  fr.inria.lille.repair.nopol.NoPol - Free memory: 467 MB
16:10:06.684 [main] INFO  fr.inria.lille.repair.nopol.NoPol - Maximum memory: 3 GB
16:10:06.684 [main] INFO  fr.inria.lille.repair.nopol.NoPol - Total memory available to JVM: 483 MB
16:10:06.684 [main] INFO  fr.inria.lille.repair.nopol.NoPol - Java version: 1.8.0_181
16:10:06.686 [main] INFO  fr.inria.lille.repair.nopol.NoPol - JAVA_HOME: /usr/lib/jvm/java-1.8.0-openjdk-amd64/bin/
16:10:06.686 [main] INFO  fr.inria.lille.repair.nopol.NoPol - PATH: /usr/lib/jvm/java-1.8.0-openjdk-amd64/bin/:/usr/lib/oar/oardodo:/usr/lib/oar/oardodo:/usr/local/bin:/usr/bin:/bin:/usr/games
16:10:10.183 [pool-2-thread-1] DEBUG fr.inria.lille.repair.nopol.NoPol - statement #1
16:10:10.184 [pool-2-thread-1] DEBUG fr.inria.lille.repair.nopol.NoPol - Analysing SourceLocation introclassJava.digits_bfad6d21_004:75 which is executed by 16 tests
1267496899
16:10:10.482 [pool-2-thread-1] DEBUG fr.inria.lille.repair.nopol.NoPol - looking with class fr.inria.lille.repair.nopol.spoon.smt.ConditionalAdder
org.junit.ComparisonFailure: expected:<Enteraninteger>[0]That'sall,haveaniced...> but was:<Enteraninteger>[]That'sall,haveaniced...>
    at org.junit.Assert.assertEquals(Assert.java:115)
    at org.junit.Assert.assertEquals(Assert.java:144)
    at introclassJava.digits_bfad6d21_004WhiteboxTest.test1(digits_bfad6d21_004WhiteboxTest.java:13)
    at sun.reflect.NativeMethodAccessorImpl.invoke0(Native Method)
    at sun.reflect.NativeMethodAccessorImpl.invoke(NativeMethodAccessorImpl.java:62)
    at sun.reflect.DelegatingMethodAccessorImpl.invoke(DelegatingMethodAccessorImpl.java:43)
16:10:10.542 [pool-4-thread-1] INFO  xxl.java.junit.TestCasesListener - Tests run finished (32 ms)
<> Total tests run: 10
<> Ignored tests: 0
<> Failed tests: 1
~ test1(introclassJava.digits_bfad6d21_004WhiteboxTest)
[expected:<Enteraninteger>[0]That'sall,haveaniced...> but was:<Enteraninteger>[]That'sall,haveaniced...>]
org.junit.ComparisonFailure: expected:<Enteraninteger>[0]That'sall,haveaniced...> but was:<Enteraninteger>[]That'sall,haveaniced...>    at org.junit.Assert.assertEquals(Assert.java:115)
    at org.junit.Assert.assertEquals(Assert.java:144)
    at introclassJava.digits_bfad6d21_004WhiteboxTest.test1(digits_bfad6d21_004WhiteboxTest.java:13)
    at sun.reflect.NativeMethodAccessorImpl.invoke0(Native Method)
    at sun.reflect.NativeMethodAccessorImpl.invoke(NativeMethodAccessorImpl.java:62)
    at sun.reflect.DelegatingMethodAccessorImpl.invoke(DelegatingMethodAccessorImpl.java:43)

org.junit.ComparisonFailure: expected:<Enteraninteger>[0]That'sall,haveaniced...> but was:<Enteraninteger>[]That'sall,haveaniced...>
    at org.junit.Assert.assertEquals(Assert.java:115)
    at org.junit.Assert.assertEquals(Assert.java:144)
    at introclassJava.digits_bfad6d21_004WhiteboxTest.test1(digits_bfad6d21_004WhiteboxTest.java:13)
    at sun.reflect.NativeMethodAccessorImpl.invoke0(Native Method)
    at sun.reflect.NativeMethodAccessorImpl.invoke(NativeMethodAccessorImpl.java:62)
    at sun.reflect.DelegatingMethodAccessorImpl.invoke(DelegatingMethodAccessorImpl.java:43)
16:10:11.160 [pool-5-thread-1] INFO  f.i.l.c.t.SpecificationTestCasesListener - Tests run finished (7 ms)
<> Total tests run: 1
<> Ignored tests: 0
<> Failed tests: 1
~ test1(introclassJava.digits_bfad6d21_004WhiteboxTest)
[expected:<Enteraninteger>[0]That'sall,haveaniced...> but was:<Enteraninteger>[]That'sall,haveaniced...>]
org.junit.ComparisonFailure: expected:<Enteraninteger>[0]That'sall,haveaniced...> but was:<Enteraninteger>[]That'sall,haveaniced...>    at org.junit.Assert.assertEquals(Assert.java:115)
    at org.junit.Assert.assertEquals(Assert.java:144)
    at introclassJava.digits_bfad6d21_004WhiteboxTest.test1(digits_bfad6d21_004WhiteboxTest.java:13)
    at sun.reflect.NativeMethodAccessorImpl.invoke0(Native Method)
    at sun.reflect.NativeMethodAccessorImpl.invoke(NativeMethodAccessorImpl.java:62)
    at sun.reflect.DelegatingMethodAccessorImpl.invoke(DelegatingMethodAccessorImpl.java:43)

org.junit.ComparisonFailure: expected:<Enteraninteger>[0]That'sall,haveaniced...> but was:<Enteraninteger>[]That'sall,haveaniced...>
    at org.junit.Assert.assertEquals(Assert.java:115)
    at org.junit.Assert.assertEquals(Assert.java:144)
    at introclassJava.digits_bfad6d21_004WhiteboxTest.test1(digits_bfad6d21_004WhiteboxTest.java:13)
    at sun.reflect.NativeMethodAccessorImpl.invoke0(Native Method)
    at sun.reflect.NativeMethodAccessorImpl.invoke(NativeMethodAccessorImpl.java:62)
    at sun.reflect.DelegatingMethodAccessorImpl.invoke(DelegatingMethodAccessorImpl.java:43)
16:10:11.163 [pool-6-thread-1] INFO  f.i.l.c.t.SpecificationTestCasesListener - Tests run finished (2 ms)
<> Total tests run: 1
<> Ignored tests: 0
<> Failed tests: 1
~ test1(introclassJava.digits_bfad6d21_004WhiteboxTest)
[expected:<Enteraninteger>[0]That'sall,haveaniced...> but was:<Enteraninteger>[]That'sall,haveaniced...>]
org.junit.ComparisonFailure: expected:<Enteraninteger>[0]That'sall,haveaniced...> but was:<Enteraninteger>[]That'sall,haveaniced...>    at org.junit.Assert.assertEquals(Assert.java:115)
    at org.junit.Assert.assertEquals(Assert.java:144)
    at introclassJava.digits_bfad6d21_004WhiteboxTest.test1(digits_bfad6d21_004WhiteboxTest.java:13)
    at sun.reflect.NativeMethodAccessorImpl.invoke0(Native Method)
    at sun.reflect.NativeMethodAccessorImpl.invoke(NativeMethodAccessorImpl.java:62)
    at sun.reflect.DelegatingMethodAccessorImpl.invoke(DelegatingMethodAccessorImpl.java:43)

16:10:11.164 [pool-3-thread-1] DEBUG tests.output - Failing tests with false: 
[test1(introclassJava.digits_bfad6d21_004WhiteboxTest): expected:<Enteraninteger>[0]That'sall,haveaniced...> but was:<Enteraninteger>[]That'sall,haveaniced...>]
16:10:11.164 [pool-3-thread-1] DEBUG tests.output - Failing tests with true: 
[test1(introclassJava.digits_bfad6d21_004WhiteboxTest): expected:<Enteraninteger>[0]That'sall,haveaniced...> but was:<Enteraninteger>[]That'sall,haveaniced...>]
16:10:11.165 [pool-3-thread-1] INFO  f.i.l.r.n.synth.SMTNopolSynthesizer - Not enough specifications: 0. A trivial patch is "true" or "false", please write new tests specifying SourceLocation introclassJava.digits_bfad6d21_004:75.
16:10:11.165 [pool-2-thread-1] DEBUG fr.inria.lille.repair.nopol.NoPol - statement #2
16:10:11.165 [pool-2-thread-1] DEBUG fr.inria.lille.repair.nopol.NoPol - Analysing SourceLocation introclassJava.digits_bfad6d21_004:73 which is executed by 16 tests
1267496899
16:10:11.230 [pool-2-thread-1] DEBUG fr.inria.lille.repair.nopol.NoPol - looking with class fr.inria.lille.repair.nopol.spoon.smt.ConditionalAdder
org.junit.ComparisonFailure: expected:<Enteraninteger>[0]That'sall,haveaniced...> but was:<Enteraninteger>[]That'sall,haveaniced...>
    at org.junit.Assert.assertEquals(Assert.java:115)
    at org.junit.Assert.assertEquals(Assert.java:144)
    at introclassJava.digits_bfad6d21_004WhiteboxTest.test1(digits_bfad6d21_004WhiteboxTest.java:13)
    at sun.reflect.NativeMethodAccessorImpl.invoke0(Native Method)
    at sun.reflect.NativeMethodAccessorImpl.invoke(NativeMethodAccessorImpl.java:62)
    at sun.reflect.DelegatingMethodAccessorImpl.invoke(DelegatingMethodAccessorImpl.java:43)
16:10:11.248 [pool-8-thread-1] INFO  xxl.java.junit.TestCasesListener - Tests run finished (14 ms)
<> Total tests run: 10
<> Ignored tests: 0
<> Failed tests: 1
~ test1(introclassJava.digits_bfad6d21_004WhiteboxTest)
[expected:<Enteraninteger>[0]That'sall,haveaniced...> but was:<Enteraninteger>[]That'sall,haveaniced...>]
org.junit.ComparisonFailure: expected:<Enteraninteger>[0]That'sall,haveaniced...> but was:<Enteraninteger>[]That'sall,haveaniced...>    at org.junit.Assert.assertEquals(Assert.java:115)
    at org.junit.Assert.assertEquals(Assert.java:144)
    at introclassJava.digits_bfad6d21_004WhiteboxTest.test1(digits_bfad6d21_004WhiteboxTest.java:13)
    at sun.reflect.NativeMethodAccessorImpl.invoke0(Native Method)
    at sun.reflect.NativeMethodAccessorImpl.invoke(NativeMethodAccessorImpl.java:62)
    at sun.reflect.DelegatingMethodAccessorImpl.invoke(DelegatingMethodAccessorImpl.java:43)

org.junit.ComparisonFailure: expected:<Enteraninteger>[0That'sall,haveaniceday!]> but was:<Enteraninteger>[]>
    at org.junit.Assert.assertEquals(Assert.java:115)
    at org.junit.Assert.assertEquals(Assert.java:144)
    at introclassJava.digits_bfad6d21_004WhiteboxTest.test1(digits_bfad6d21_004WhiteboxTest.java:13)
    at sun.reflect.NativeMethodAccessorImpl.invoke0(Native Method)
    at sun.reflect.NativeMethodAccessorImpl.invoke(NativeMethodAccessorImpl.java:62)
    at sun.reflect.DelegatingMethodAccessorImpl.invoke(DelegatingMethodAccessorImpl.java:43)
16:10:11.413 [pool-9-thread-1] INFO  f.i.l.c.t.SpecificationTestCasesListener - Tests run finished (3 ms)
<> Total tests run: 1
<> Ignored tests: 0
<> Failed tests: 1
~ test1(introclassJava.digits_bfad6d21_004WhiteboxTest)
[expected:<Enteraninteger>[0That'sall,haveaniceday!]> but was:<Enteraninteger>[]>]
org.junit.ComparisonFailure: expected:<Enteraninteger>[0That'sall,haveaniceday!]> but was:<Enteraninteger>[]>    at org.junit.Assert.assertEquals(Assert.java:115)
    at org.junit.Assert.assertEquals(Assert.java:144)
    at introclassJava.digits_bfad6d21_004WhiteboxTest.test1(digits_bfad6d21_004WhiteboxTest.java:13)
    at sun.reflect.NativeMethodAccessorImpl.invoke0(Native Method)
    at sun.reflect.NativeMethodAccessorImpl.invoke(NativeMethodAccessorImpl.java:62)
    at sun.reflect.DelegatingMethodAccessorImpl.invoke(DelegatingMethodAccessorImpl.java:43)

org.junit.ComparisonFailure: expected:<Enteraninteger>[0]That'sall,haveaniced...> but was:<Enteraninteger>[]That'sall,haveaniced...>
    at org.junit.Assert.assertEquals(Assert.java:115)
    at org.junit.Assert.assertEquals(Assert.java:144)
    at introclassJava.digits_bfad6d21_004WhiteboxTest.test1(digits_bfad6d21_004WhiteboxTest.java:13)
    at sun.reflect.NativeMethodAccessorImpl.invoke0(Native Method)
    at sun.reflect.NativeMethodAccessorImpl.invoke(NativeMethodAccessorImpl.java:62)
    at sun.reflect.DelegatingMethodAccessorImpl.invoke(DelegatingMethodAccessorImpl.java:43)
16:10:11.418 [pool-10-thread-1] INFO  f.i.l.c.t.SpecificationTestCasesListener - Tests run finished (2 ms)
<> Total tests run: 1
<> Ignored tests: 0
<> Failed tests: 1
~ test1(introclassJava.digits_bfad6d21_004WhiteboxTest)
[expected:<Enteraninteger>[0]That'sall,haveaniced...> but was:<Enteraninteger>[]That'sall,haveaniced...>]
org.junit.ComparisonFailure: expected:<Enteraninteger>[0]That'sall,haveaniced...> but was:<Enteraninteger>[]That'sall,haveaniced...>    at org.junit.Assert.assertEquals(Assert.java:115)
    at org.junit.Assert.assertEquals(Assert.java:144)
    at introclassJava.digits_bfad6d21_004WhiteboxTest.test1(digits_bfad6d21_004WhiteboxTest.java:13)
    at sun.reflect.NativeMethodAccessorImpl.invoke0(Native Method)
    at sun.reflect.NativeMethodAccessorImpl.invoke(NativeMethodAccessorImpl.java:62)
    at sun.reflect.DelegatingMethodAccessorImpl.invoke(DelegatingMethodAccessorImpl.java:43)

16:10:11.419 [pool-7-thread-1] DEBUG tests.output - Failing tests with false: 
[test1(introclassJava.digits_bfad6d21_004WhiteboxTest): expected:<Enteraninteger>[0That'sall,haveaniceday!]> but was:<Enteraninteger>[]>]
16:10:11.419 [pool-7-thread-1] DEBUG tests.output - Failing tests with true: 
[test1(introclassJava.digits_bfad6d21_004WhiteboxTest): expected:<Enteraninteger>[0]That'sall,haveaniced...> but was:<Enteraninteger>[]That'sall,haveaniced...>]
16:10:11.419 [pool-7-thread-1] INFO  f.i.l.r.n.synth.SMTNopolSynthesizer - Not enough specifications: 0. A trivial patch is "true" or "false", please write new tests specifying SourceLocation introclassJava.digits_bfad6d21_004:73.
16:10:11.419 [pool-2-thread-1] DEBUG fr.inria.lille.repair.nopol.NoPol - statement #3
16:10:11.419 [pool-2-thread-1] DEBUG fr.inria.lille.repair.nopol.NoPol - Analysing SourceLocation introclassJava.digits_bfad6d21_004:65 which is executed by 16 tests
1267496899
16:10:11.483 [pool-2-thread-1] DEBUG fr.inria.lille.repair.nopol.NoPol - looking with class fr.inria.lille.repair.nopol.spoon.smt.ConditionalAdder
org.junit.ComparisonFailure: expected:<Enteraninteger>[0]That'sall,haveaniced...> but was:<Enteraninteger>[]That'sall,haveaniced...>
    at org.junit.Assert.assertEquals(Assert.java:115)
    at org.junit.Assert.assertEquals(Assert.java:144)
    at introclassJava.digits_bfad6d21_004WhiteboxTest.test1(digits_bfad6d21_004WhiteboxTest.java:13)
    at sun.reflect.NativeMethodAccessorImpl.invoke0(Native Method)
    at sun.reflect.NativeMethodAccessorImpl.invoke(NativeMethodAccessorImpl.java:62)
    at sun.reflect.DelegatingMethodAccessorImpl.invoke(DelegatingMethodAccessorImpl.java:43)
16:10:11.497 [pool-12-thread-1] INFO  xxl.java.junit.TestCasesListener - Tests run finished (11 ms)
<> Total tests run: 10
<> Ignored tests: 0
<> Failed tests: 1
~ test1(introclassJava.digits_bfad6d21_004WhiteboxTest)
[expected:<Enteraninteger>[0]That'sall,haveaniced...> but was:<Enteraninteger>[]That'sall,haveaniced...>]
org.junit.ComparisonFailure: expected:<Enteraninteger>[0]That'sall,haveaniced...> but was:<Enteraninteger>[]That'sall,haveaniced...>    at org.junit.Assert.assertEquals(Assert.java:115)
    at org.junit.Assert.assertEquals(Assert.java:144)
    at introclassJava.digits_bfad6d21_004WhiteboxTest.test1(digits_bfad6d21_004WhiteboxTest.java:13)
    at sun.reflect.NativeMethodAccessorImpl.invoke0(Native Method)
    at sun.reflect.NativeMethodAccessorImpl.invoke(NativeMethodAccessorImpl.java:62)
    at sun.reflect.DelegatingMethodAccessorImpl.invoke(DelegatingMethodAccessorImpl.java:43)

org.junit.ComparisonFailure: expected:<Enteraninteger>[0]That'sall,haveaniced...> but was:<Enteraninteger>[]That'sall,haveaniced...>
    at org.junit.Assert.assertEquals(Assert.java:115)
    at org.junit.Assert.assertEquals(Assert.java:144)
    at introclassJava.digits_bfad6d21_004WhiteboxTest.test1(digits_bfad6d21_004WhiteboxTest.java:13)
    at sun.reflect.NativeMethodAccessorImpl.invoke0(Native Method)
    at sun.reflect.NativeMethodAccessorImpl.invoke(NativeMethodAccessorImpl.java:62)
    at sun.reflect.DelegatingMethodAccessorImpl.invoke(DelegatingMethodAccessorImpl.java:43)
16:10:11.629 [pool-13-thread-1] INFO  f.i.l.c.t.SpecificationTestCasesListener - Tests run finished (3 ms)
<> Total tests run: 1
<> Ignored tests: 0
<> Failed tests: 1
~ test1(introclassJava.digits_bfad6d21_004WhiteboxTest)
[expected:<Enteraninteger>[0]That'sall,haveaniced...> but was:<Enteraninteger>[]That'sall,haveaniced...>]
org.junit.ComparisonFailure: expected:<Enteraninteger>[0]That'sall,haveaniced...> but was:<Enteraninteger>[]That'sall,haveaniced...>    at org.junit.Assert.assertEquals(Assert.java:115)
    at org.junit.Assert.assertEquals(Assert.java:144)
    at introclassJava.digits_bfad6d21_004WhiteboxTest.test1(digits_bfad6d21_004WhiteboxTest.java:13)
    at sun.reflect.NativeMethodAccessorImpl.invoke0(Native Method)
    at sun.reflect.NativeMethodAccessorImpl.invoke(NativeMethodAccessorImpl.java:62)
    at sun.reflect.DelegatingMethodAccessorImpl.invoke(DelegatingMethodAccessorImpl.java:43)

org.junit.ComparisonFailure: expected:<Enteraninteger>[0]That'sall,haveaniced...> but was:<Enteraninteger>[]That'sall,haveaniced...>
    at org.junit.Assert.assertEquals(Assert.java:115)
    at org.junit.Assert.assertEquals(Assert.java:144)
    at introclassJava.digits_bfad6d21_004WhiteboxTest.test1(digits_bfad6d21_004WhiteboxTest.java:13)
    at sun.reflect.NativeMethodAccessorImpl.invoke0(Native Method)
    at sun.reflect.NativeMethodAccessorImpl.invoke(NativeMethodAccessorImpl.java:62)
    at sun.reflect.DelegatingMethodAccessorImpl.invoke(DelegatingMethodAccessorImpl.java:43)
16:10:11.632 [pool-14-thread-1] INFO  f.i.l.c.t.SpecificationTestCasesListener - Tests run finished (2 ms)
<> Total tests run: 1
<> Ignored tests: 0
<> Failed tests: 1
~ test1(introclassJava.digits_bfad6d21_004WhiteboxTest)
[expected:<Enteraninteger>[0]That'sall,haveaniced...> but was:<Enteraninteger>[]That'sall,haveaniced...>]
org.junit.ComparisonFailure: expected:<Enteraninteger>[0]That'sall,haveaniced...> but was:<Enteraninteger>[]That'sall,haveaniced...>    at org.junit.Assert.assertEquals(Assert.java:115)
    at org.junit.Assert.assertEquals(Assert.java:144)
    at introclassJava.digits_bfad6d21_004WhiteboxTest.test1(digits_bfad6d21_004WhiteboxTest.java:13)
    at sun.reflect.NativeMethodAccessorImpl.invoke0(Native Method)
    at sun.reflect.NativeMethodAccessorImpl.invoke(NativeMethodAccessorImpl.java:62)
    at sun.reflect.DelegatingMethodAccessorImpl.invoke(DelegatingMethodAccessorImpl.java:43)

16:10:11.633 [pool-11-thread-1] DEBUG tests.output - Failing tests with false: 
[test1(introclassJava.digits_bfad6d21_004WhiteboxTest): expected:<Enteraninteger>[0]That'sall,haveaniced...> but was:<Enteraninteger>[]That'sall,haveaniced...>]
16:10:11.633 [pool-11-thread-1] DEBUG tests.output - Failing tests with true: 
[test1(introclassJava.digits_bfad6d21_004WhiteboxTest): expected:<Enteraninteger>[0]That'sall,haveaniced...> but was:<Enteraninteger>[]That'sall,haveaniced...>]
16:10:11.633 [pool-11-thread-1] INFO  f.i.l.r.n.synth.SMTNopolSynthesizer - Not enough specifications: 0. A trivial patch is "true" or "false", please write new tests specifying SourceLocation introclassJava.digits_bfad6d21_004:65.
16:10:11.633 [pool-2-thread-1] DEBUG fr.inria.lille.repair.nopol.NoPol - statement #4
16:10:11.633 [pool-2-thread-1] DEBUG fr.inria.lille.repair.nopol.NoPol - Analysing SourceLocation introclassJava.digits_bfad6d21_004:64 which is executed by 16 tests
1267496899
16:10:11.695 [pool-2-thread-1] DEBUG fr.inria.lille.repair.nopol.NoPol - looking with class fr.inria.lille.repair.nopol.spoon.smt.ConditionalAdder
org.junit.ComparisonFailure: expected:<Enteraninteger>[0]That'sall,haveaniced...> but was:<Enteraninteger>[]That'sall,haveaniced...>
    at org.junit.Assert.assertEquals(Assert.java:115)
    at org.junit.Assert.assertEquals(Assert.java:144)
    at introclassJava.digits_bfad6d21_004WhiteboxTest.test1(digits_bfad6d21_004WhiteboxTest.java:13)
    at sun.reflect.NativeMethodAccessorImpl.invoke0(Native Method)
    at sun.reflect.NativeMethodAccessorImpl.invoke(NativeMethodAccessorImpl.java:62)
    at sun.reflect.DelegatingMethodAccessorImpl.invoke(DelegatingMethodAccessorImpl.java:43)
16:10:11.709 [pool-16-thread-1] INFO  xxl.java.junit.TestCasesListener - Tests run finished (10 ms)
<> Total tests run: 10
<> Ignored tests: 0
<> Failed tests: 1
~ test1(introclassJava.digits_bfad6d21_004WhiteboxTest)
[expected:<Enteraninteger>[0]That'sall,haveaniced...> but was:<Enteraninteger>[]That'sall,haveaniced...>]
org.junit.ComparisonFailure: expected:<Enteraninteger>[0]That'sall,haveaniced...> but was:<Enteraninteger>[]That'sall,haveaniced...>    at org.junit.Assert.assertEquals(Assert.java:115)
    at org.junit.Assert.assertEquals(Assert.java:144)
    at introclassJava.digits_bfad6d21_004WhiteboxTest.test1(digits_bfad6d21_004WhiteboxTest.java:13)
    at sun.reflect.NativeMethodAccessorImpl.invoke0(Native Method)
    at sun.reflect.NativeMethodAccessorImpl.invoke(NativeMethodAccessorImpl.java:62)
    at sun.reflect.DelegatingMethodAccessorImpl.invoke(DelegatingMethodAccessorImpl.java:43)

org.junit.ComparisonFailure: expected:<Enteraninteger>[0]That'sall,haveaniced...> but was:<Enteraninteger>[]That'sall,haveaniced...>
    at org.junit.Assert.assertEquals(Assert.java:115)
    at org.junit.Assert.assertEquals(Assert.java:144)
    at introclassJava.digits_bfad6d21_004WhiteboxTest.test1(digits_bfad6d21_004WhiteboxTest.java:13)
    at sun.reflect.NativeMethodAccessorImpl.invoke0(Native Method)
    at sun.reflect.NativeMethodAccessorImpl.invoke(NativeMethodAccessorImpl.java:62)
    at sun.reflect.DelegatingMethodAccessorImpl.invoke(DelegatingMethodAccessorImpl.java:43)
16:10:11.834 [pool-17-thread-1] INFO  f.i.l.c.t.SpecificationTestCasesListener - Tests run finished (3 ms)
<> Total tests run: 1
<> Ignored tests: 0
<> Failed tests: 1
~ test1(introclassJava.digits_bfad6d21_004WhiteboxTest)
[expected:<Enteraninteger>[0]That'sall,haveaniced...> but was:<Enteraninteger>[]That'sall,haveaniced...>]
org.junit.ComparisonFailure: expected:<Enteraninteger>[0]That'sall,haveaniced...> but was:<Enteraninteger>[]That'sall,haveaniced...>    at org.junit.Assert.assertEquals(Assert.java:115)
    at org.junit.Assert.assertEquals(Assert.java:144)
    at introclassJava.digits_bfad6d21_004WhiteboxTest.test1(digits_bfad6d21_004WhiteboxTest.java:13)
    at sun.reflect.NativeMethodAccessorImpl.invoke0(Native Method)
    at sun.reflect.NativeMethodAccessorImpl.invoke(NativeMethodAccessorImpl.java:62)
    at sun.reflect.DelegatingMethodAccessorImpl.invoke(DelegatingMethodAccessorImpl.java:43)

org.junit.ComparisonFailure: expected:<Enteraninteger>[0]That'sall,haveaniced...> but was:<Enteraninteger>[]That'sall,haveaniced...>
    at org.junit.Assert.assertEquals(Assert.java:115)
    at org.junit.Assert.assertEquals(Assert.java:144)
    at introclassJava.digits_bfad6d21_004WhiteboxTest.test1(digits_bfad6d21_004WhiteboxTest.java:13)
    at sun.reflect.NativeMethodAccessorImpl.invoke0(Native Method)
    at sun.reflect.NativeMethodAccessorImpl.invoke(NativeMethodAccessorImpl.java:62)
    at sun.reflect.DelegatingMethodAccessorImpl.invoke(DelegatingMethodAccessorImpl.java:43)
16:10:11.837 [pool-18-thread-1] INFO  f.i.l.c.t.SpecificationTestCasesListener - Tests run finished (2 ms)
<> Total tests run: 1
<> Ignored tests: 0
<> Failed tests: 1
~ test1(introclassJava.digits_bfad6d21_004WhiteboxTest)
[expected:<Enteraninteger>[0]That'sall,haveaniced...> but was:<Enteraninteger>[]That'sall,haveaniced...>]
org.junit.ComparisonFailure: expected:<Enteraninteger>[0]That'sall,haveaniced...> but was:<Enteraninteger>[]That'sall,haveaniced...>    at org.junit.Assert.assertEquals(Assert.java:115)
    at org.junit.Assert.assertEquals(Assert.java:144)
    at introclassJava.digits_bfad6d21_004WhiteboxTest.test1(digits_bfad6d21_004WhiteboxTest.java:13)
    at sun.reflect.NativeMethodAccessorImpl.invoke0(Native Method)
    at sun.reflect.NativeMethodAccessorImpl.invoke(NativeMethodAccessorImpl.java:62)
    at sun.reflect.DelegatingMethodAccessorImpl.invoke(DelegatingMethodAccessorImpl.java:43)

16:10:11.837 [pool-15-thread-1] DEBUG tests.output - Failing tests with false: 
[test1(introclassJava.digits_bfad6d21_004WhiteboxTest): expected:<Enteraninteger>[0]That'sall,haveaniced...> but was:<Enteraninteger>[]That'sall,haveaniced...>]
16:10:11.837 [pool-15-thread-1] DEBUG tests.output - Failing tests with true: 
[test1(introclassJava.digits_bfad6d21_004WhiteboxTest): expected:<Enteraninteger>[0]That'sall,haveaniced...> but was:<Enteraninteger>[]That'sall,haveaniced...>]
16:10:11.838 [pool-15-thread-1] INFO  f.i.l.r.n.synth.SMTNopolSynthesizer - Not enough specifications: 0. A trivial patch is "true" or "false", please write new tests specifying SourceLocation introclassJava.digits_bfad6d21_004:64.
16:10:11.838 [pool-2-thread-1] DEBUG fr.inria.lille.repair.nopol.NoPol - statement #5
16:10:11.838 [pool-2-thread-1] DEBUG fr.inria.lille.repair.nopol.NoPol - Analysing SourceLocation introclassJava.digits_bfad6d21_004:63 which is executed by 16 tests
1267496899
16:10:11.913 [pool-2-thread-1] DEBUG fr.inria.lille.repair.nopol.NoPol - looking with class fr.inria.lille.repair.nopol.spoon.smt.ConditionalAdder
org.junit.ComparisonFailure: expected:<Enteraninteger>[0]That'sall,haveaniced...> but was:<Enteraninteger>[]That'sall,haveaniced...>
    at org.junit.Assert.assertEquals(Assert.java:115)
    at org.junit.Assert.assertEquals(Assert.java:144)
    at introclassJava.digits_bfad6d21_004WhiteboxTest.test1(digits_bfad6d21_004WhiteboxTest.java:13)
    at sun.reflect.NativeMethodAccessorImpl.invoke0(Native Method)
    at sun.reflect.NativeMethodAccessorImpl.invoke(NativeMethodAccessorImpl.java:62)
    at sun.reflect.DelegatingMethodAccessorImpl.invoke(DelegatingMethodAccessorImpl.java:43)
16:10:11.926 [pool-20-thread-1] INFO  xxl.java.junit.TestCasesListener - Tests run finished (9 ms)
<> Total tests run: 10
<> Ignored tests: 0
<> Failed tests: 1
~ test1(introclassJava.digits_bfad6d21_004WhiteboxTest)
[expected:<Enteraninteger>[0]That'sall,haveaniced...> but was:<Enteraninteger>[]That'sall,haveaniced...>]
org.junit.ComparisonFailure: expected:<Enteraninteger>[0]That'sall,haveaniced...> but was:<Enteraninteger>[]That'sall,haveaniced...>    at org.junit.Assert.assertEquals(Assert.java:115)
    at org.junit.Assert.assertEquals(Assert.java:144)
    at introclassJava.digits_bfad6d21_004WhiteboxTest.test1(digits_bfad6d21_004WhiteboxTest.java:13)
    at sun.reflect.NativeMethodAccessorImpl.invoke0(Native Method)
    at sun.reflect.NativeMethodAccessorImpl.invoke(NativeMethodAccessorImpl.java:62)
    at sun.reflect.DelegatingMethodAccessorImpl.invoke(DelegatingMethodAccessorImpl.java:43)

org.junit.ComparisonFailure: expected:<Enteraninteger>[0]That'sall,haveaniced...> but was:<Enteraninteger>[]That'sall,haveaniced...>
    at org.junit.Assert.assertEquals(Assert.java:115)
    at org.junit.Assert.assertEquals(Assert.java:144)
    at introclassJava.digits_bfad6d21_004WhiteboxTest.test1(digits_bfad6d21_004WhiteboxTest.java:13)
    at sun.reflect.NativeMethodAccessorImpl.invoke0(Native Method)
    at sun.reflect.NativeMethodAccessorImpl.invoke(NativeMethodAccessorImpl.java:62)
    at sun.reflect.DelegatingMethodAccessorImpl.invoke(DelegatingMethodAccessorImpl.java:43)
16:10:12.041 [pool-21-thread-1] INFO  f.i.l.c.t.SpecificationTestCasesListener - Tests run finished (3 ms)
<> Total tests run: 1
<> Ignored tests: 0
<> Failed tests: 1
~ test1(introclassJava.digits_bfad6d21_004WhiteboxTest)
[expected:<Enteraninteger>[0]That'sall,haveaniced...> but was:<Enteraninteger>[]That'sall,haveaniced...>]
org.junit.ComparisonFailure: expected:<Enteraninteger>[0]That'sall,haveaniced...> but was:<Enteraninteger>[]That'sall,haveaniced...>    at org.junit.Assert.assertEquals(Assert.java:115)
    at org.junit.Assert.assertEquals(Assert.java:144)
    at introclassJava.digits_bfad6d21_004WhiteboxTest.test1(digits_bfad6d21_004WhiteboxTest.java:13)
    at sun.reflect.NativeMethodAccessorImpl.invoke0(Native Method)
    at sun.reflect.NativeMethodAccessorImpl.invoke(NativeMethodAccessorImpl.java:62)
    at sun.reflect.DelegatingMethodAccessorImpl.invoke(DelegatingMethodAccessorImpl.java:43)

org.junit.ComparisonFailure: expected:<Enteraninteger>[0]That'sall,haveaniced...> but was:<Enteraninteger>[]That'sall,haveaniced...>
    at org.junit.Assert.assertEquals(Assert.java:115)
    at org.junit.Assert.assertEquals(Assert.java:144)
    at introclassJava.digits_bfad6d21_004WhiteboxTest.test1(digits_bfad6d21_004WhiteboxTest.java:13)
    at sun.reflect.NativeMethodAccessorImpl.invoke0(Native Method)
    at sun.reflect.NativeMethodAccessorImpl.invoke(NativeMethodAccessorImpl.java:62)
    at sun.reflect.DelegatingMethodAccessorImpl.invoke(DelegatingMethodAccessorImpl.java:43)
16:10:12.043 [pool-22-thread-1] INFO  f.i.l.c.t.SpecificationTestCasesListener - Tests run finished (1 ms)
<> Total tests run: 1
<> Ignored tests: 0
<> Failed tests: 1
~ test1(introclassJava.digits_bfad6d21_004WhiteboxTest)
[expected:<Enteraninteger>[0]That'sall,haveaniced...> but was:<Enteraninteger>[]That'sall,haveaniced...>]
org.junit.ComparisonFailure: expected:<Enteraninteger>[0]That'sall,haveaniced...> but was:<Enteraninteger>[]That'sall,haveaniced...>    at org.junit.Assert.assertEquals(Assert.java:115)
    at org.junit.Assert.assertEquals(Assert.java:144)
    at introclassJava.digits_bfad6d21_004WhiteboxTest.test1(digits_bfad6d21_004WhiteboxTest.java:13)
    at sun.reflect.NativeMethodAccessorImpl.invoke0(Native Method)
    at sun.reflect.NativeMethodAccessorImpl.invoke(NativeMethodAccessorImpl.java:62)
    at sun.reflect.DelegatingMethodAccessorImpl.invoke(DelegatingMethodAccessorImpl.java:43)

16:10:12.044 [pool-19-thread-1] DEBUG tests.output - Failing tests with false: 
[test1(introclassJava.digits_bfad6d21_004WhiteboxTest): expected:<Enteraninteger>[0]That'sall,haveaniced...> but was:<Enteraninteger>[]That'sall,haveaniced...>]
16:10:12.044 [pool-19-thread-1] DEBUG tests.output - Failing tests with true: 
[test1(introclassJava.digits_bfad6d21_004WhiteboxTest): expected:<Enteraninteger>[0]That'sall,haveaniced...> but was:<Enteraninteger>[]That'sall,haveaniced...>]
16:10:12.044 [pool-19-thread-1] INFO  f.i.l.r.n.synth.SMTNopolSynthesizer - Not enough specifications: 0. A trivial patch is "true" or "false", please write new tests specifying SourceLocation introclassJava.digits_bfad6d21_004:63.
16:10:12.044 [pool-2-thread-1] DEBUG fr.inria.lille.repair.nopol.NoPol - statement #6
16:10:12.044 [pool-2-thread-1] DEBUG fr.inria.lille.repair.nopol.NoPol - Analysing SourceLocation introclassJava.digits_bfad6d21_004:62 which is executed by 16 tests
1267496899
16:10:12.101 [pool-2-thread-1] DEBUG fr.inria.lille.repair.nopol.NoPol - looking with class fr.inria.lille.repair.nopol.spoon.smt.ConditionalAdder
org.junit.ComparisonFailure: expected:<Enteraninteger>[0]That'sall,haveaniced...> but was:<Enteraninteger>[]That'sall,haveaniced...>
    at org.junit.Assert.assertEquals(Assert.java:115)
    at org.junit.Assert.assertEquals(Assert.java:144)
    at introclassJava.digits_bfad6d21_004WhiteboxTest.test1(digits_bfad6d21_004WhiteboxTest.java:13)
    at sun.reflect.NativeMethodAccessorImpl.invoke0(Native Method)
    at sun.reflect.NativeMethodAccessorImpl.invoke(NativeMethodAccessorImpl.java:62)
    at sun.reflect.DelegatingMethodAccessorImpl.invoke(DelegatingMethodAccessorImpl.java:43)
16:10:12.114 [pool-24-thread-1] INFO  xxl.java.junit.TestCasesListener - Tests run finished (10 ms)
<> Total tests run: 10
<> Ignored tests: 0
<> Failed tests: 1
~ test1(introclassJava.digits_bfad6d21_004WhiteboxTest)
[expected:<Enteraninteger>[0]That'sall,haveaniced...> but was:<Enteraninteger>[]That'sall,haveaniced...>]
org.junit.ComparisonFailure: expected:<Enteraninteger>[0]That'sall,haveaniced...> but was:<Enteraninteger>[]That'sall,haveaniced...>    at org.junit.Assert.assertEquals(Assert.java:115)
    at org.junit.Assert.assertEquals(Assert.java:144)
    at introclassJava.digits_bfad6d21_004WhiteboxTest.test1(digits_bfad6d21_004WhiteboxTest.java:13)
    at sun.reflect.NativeMethodAccessorImpl.invoke0(Native Method)
    at sun.reflect.NativeMethodAccessorImpl.invoke(NativeMethodAccessorImpl.java:62)
    at sun.reflect.DelegatingMethodAccessorImpl.invoke(DelegatingMethodAccessorImpl.java:43)

org.junit.ComparisonFailure: expected:<Enteraninteger>[0]That'sall,haveaniced...> but was:<Enteraninteger>[]That'sall,haveaniced...>
    at org.junit.Assert.assertEquals(Assert.java:115)
    at org.junit.Assert.assertEquals(Assert.java:144)
    at introclassJava.digits_bfad6d21_004WhiteboxTest.test1(digits_bfad6d21_004WhiteboxTest.java:13)
    at sun.reflect.NativeMethodAccessorImpl.invoke0(Native Method)
    at sun.reflect.NativeMethodAccessorImpl.invoke(NativeMethodAccessorImpl.java:62)
    at sun.reflect.DelegatingMethodAccessorImpl.invoke(DelegatingMethodAccessorImpl.java:43)
16:10:12.224 [pool-25-thread-1] INFO  f.i.l.c.t.SpecificationTestCasesListener - Tests run finished (2 ms)
<> Total tests run: 1
<> Ignored tests: 0
<> Failed tests: 1
~ test1(introclassJava.digits_bfad6d21_004WhiteboxTest)
[expected:<Enteraninteger>[0]That'sall,haveaniced...> but was:<Enteraninteger>[]That'sall,haveaniced...>]
org.junit.ComparisonFailure: expected:<Enteraninteger>[0]That'sall,haveaniced...> but was:<Enteraninteger>[]That'sall,haveaniced...>    at org.junit.Assert.assertEquals(Assert.java:115)
    at org.junit.Assert.assertEquals(Assert.java:144)
    at introclassJava.digits_bfad6d21_004WhiteboxTest.test1(digits_bfad6d21_004WhiteboxTest.java:13)
    at sun.reflect.NativeMethodAccessorImpl.invoke0(Native Method)
    at sun.reflect.NativeMethodAccessorImpl.invoke(NativeMethodAccessorImpl.java:62)
    at sun.reflect.DelegatingMethodAccessorImpl.invoke(DelegatingMethodAccessorImpl.java:43)

org.junit.ComparisonFailure: expected:<Enteraninteger>[0]That'sall,haveaniced...> but was:<Enteraninteger>[]That'sall,haveaniced...>
    at org.junit.Assert.assertEquals(Assert.java:115)
    at org.junit.Assert.assertEquals(Assert.java:144)
    at introclassJava.digits_bfad6d21_004WhiteboxTest.test1(digits_bfad6d21_004WhiteboxTest.java:13)
    at sun.reflect.NativeMethodAccessorImpl.invoke0(Native Method)
    at sun.reflect.NativeMethodAccessorImpl.invoke(NativeMethodAccessorImpl.java:62)
    at sun.reflect.DelegatingMethodAccessorImpl.invoke(DelegatingMethodAccessorImpl.java:43)
16:10:12.227 [pool-26-thread-1] INFO  f.i.l.c.t.SpecificationTestCasesListener - Tests run finished (2 ms)
<> Total tests run: 1
<> Ignored tests: 0
<> Failed tests: 1
~ test1(introclassJava.digits_bfad6d21_004WhiteboxTest)
[expected:<Enteraninteger>[0]That'sall,haveaniced...> but was:<Enteraninteger>[]That'sall,haveaniced...>]
org.junit.ComparisonFailure: expected:<Enteraninteger>[0]That'sall,haveaniced...> but was:<Enteraninteger>[]That'sall,haveaniced...>    at org.junit.Assert.assertEquals(Assert.java:115)
    at org.junit.Assert.assertEquals(Assert.java:144)
    at introclassJava.digits_bfad6d21_004WhiteboxTest.test1(digits_bfad6d21_004WhiteboxTest.java:13)
    at sun.reflect.NativeMethodAccessorImpl.invoke0(Native Method)
    at sun.reflect.NativeMethodAccessorImpl.invoke(NativeMethodAccessorImpl.java:62)
    at sun.reflect.DelegatingMethodAccessorImpl.invoke(DelegatingMethodAccessorImpl.java:43)

16:10:12.227 [pool-23-thread-1] DEBUG tests.output - Failing tests with false: 
[test1(introclassJava.digits_bfad6d21_004WhiteboxTest): expected:<Enteraninteger>[0]That'sall,haveaniced...> but was:<Enteraninteger>[]That'sall,haveaniced...>]
16:10:12.227 [pool-23-thread-1] DEBUG tests.output - Failing tests with true: 
[test1(introclassJava.digits_bfad6d21_004WhiteboxTest): expected:<Enteraninteger>[0]That'sall,haveaniced...> but was:<Enteraninteger>[]That'sall,haveaniced...>]
16:10:12.227 [pool-23-thread-1] INFO  f.i.l.r.n.synth.SMTNopolSynthesizer - Not enough specifications: 0. A trivial patch is "true" or "false", please write new tests specifying SourceLocation introclassJava.digits_bfad6d21_004:62.
16:10:12.227 [pool-2-thread-1] DEBUG fr.inria.lille.repair.nopol.NoPol - statement #7
16:10:12.228 [pool-2-thread-1] DEBUG fr.inria.lille.repair.nopol.NoPol - Analysing SourceLocation introclassJava.digits_bfad6d21_004:61 which is executed by 16 tests
1267496899
16:10:12.285 [pool-2-thread-1] DEBUG fr.inria.lille.repair.nopol.NoPol - looking with class fr.inria.lille.repair.nopol.spoon.smt.ConditionalAdder
org.junit.ComparisonFailure: expected:<Enteraninteger>[0]That'sall,haveaniced...> but was:<Enteraninteger>[]That'sall,haveaniced...>
    at org.junit.Assert.assertEquals(Assert.java:115)
    at org.junit.Assert.assertEquals(Assert.java:144)
    at introclassJava.digits_bfad6d21_004WhiteboxTest.test1(digits_bfad6d21_004WhiteboxTest.java:13)
    at sun.reflect.NativeMethodAccessorImpl.invoke0(Native Method)
    at sun.reflect.NativeMethodAccessorImpl.invoke(NativeMethodAccessorImpl.java:62)
    at sun.reflect.DelegatingMethodAccessorImpl.invoke(DelegatingMethodAccessorImpl.java:43)
16:10:12.297 [pool-28-thread-1] INFO  xxl.java.junit.TestCasesListener - Tests run finished (9 ms)
<> Total tests run: 10
<> Ignored tests: 0
<> Failed tests: 1
~ test1(introclassJava.digits_bfad6d21_004WhiteboxTest)
[expected:<Enteraninteger>[0]That'sall,haveaniced...> but was:<Enteraninteger>[]That'sall,haveaniced...>]
org.junit.ComparisonFailure: expected:<Enteraninteger>[0]That'sall,haveaniced...> but was:<Enteraninteger>[]That'sall,haveaniced...>    at org.junit.Assert.assertEquals(Assert.java:115)
    at org.junit.Assert.assertEquals(Assert.java:144)
    at introclassJava.digits_bfad6d21_004WhiteboxTest.test1(digits_bfad6d21_004WhiteboxTest.java:13)
    at sun.reflect.NativeMethodAccessorImpl.invoke0(Native Method)
    at sun.reflect.NativeMethodAccessorImpl.invoke(NativeMethodAccessorImpl.java:62)
    at sun.reflect.DelegatingMethodAccessorImpl.invoke(DelegatingMethodAccessorImpl.java:43)

org.junit.ComparisonFailure: expected:<[Enteraninteger>0]That'sall,haveaniced...> but was:<[]That'sall,haveaniced...>
    at org.junit.Assert.assertEquals(Assert.java:115)
    at org.junit.Assert.assertEquals(Assert.java:144)
    at introclassJava.digits_bfad6d21_004WhiteboxTest.test1(digits_bfad6d21_004WhiteboxTest.java:13)
    at sun.reflect.NativeMethodAccessorImpl.invoke0(Native Method)
    at sun.reflect.NativeMethodAccessorImpl.invoke(NativeMethodAccessorImpl.java:62)
    at sun.reflect.DelegatingMethodAccessorImpl.invoke(DelegatingMethodAccessorImpl.java:43)
16:10:12.424 [pool-29-thread-1] INFO  f.i.l.c.t.SpecificationTestCasesListener - Tests run finished (3 ms)
<> Total tests run: 1
<> Ignored tests: 0
<> Failed tests: 1
~ test1(introclassJava.digits_bfad6d21_004WhiteboxTest)
[expected:<[Enteraninteger>0]That'sall,haveaniced...> but was:<[]That'sall,haveaniced...>]
org.junit.ComparisonFailure: expected:<[Enteraninteger>0]That'sall,haveaniced...> but was:<[]That'sall,haveaniced...>    at org.junit.Assert.assertEquals(Assert.java:115)
    at org.junit.Assert.assertEquals(Assert.java:144)
    at introclassJava.digits_bfad6d21_004WhiteboxTest.test1(digits_bfad6d21_004WhiteboxTest.java:13)
    at sun.reflect.NativeMethodAccessorImpl.invoke0(Native Method)
    at sun.reflect.NativeMethodAccessorImpl.invoke(NativeMethodAccessorImpl.java:62)
    at sun.reflect.DelegatingMethodAccessorImpl.invoke(DelegatingMethodAccessorImpl.java:43)

org.junit.ComparisonFailure: expected:<Enteraninteger>[0]That'sall,haveaniced...> but was:<Enteraninteger>[]That'sall,haveaniced...>
    at org.junit.Assert.assertEquals(Assert.java:115)
    at org.junit.Assert.assertEquals(Assert.java:144)
    at introclassJava.digits_bfad6d21_004WhiteboxTest.test1(digits_bfad6d21_004WhiteboxTest.java:13)
    at sun.reflect.NativeMethodAccessorImpl.invoke0(Native Method)
    at sun.reflect.NativeMethodAccessorImpl.invoke(NativeMethodAccessorImpl.java:62)
    at sun.reflect.DelegatingMethodAccessorImpl.invoke(DelegatingMethodAccessorImpl.java:43)
16:10:12.426 [pool-30-thread-1] INFO  f.i.l.c.t.SpecificationTestCasesListener - Tests run finished (1 ms)
<> Total tests run: 1
<> Ignored tests: 0
<> Failed tests: 1
~ test1(introclassJava.digits_bfad6d21_004WhiteboxTest)
[expected:<Enteraninteger>[0]That'sall,haveaniced...> but was:<Enteraninteger>[]That'sall,haveaniced...>]
org.junit.ComparisonFailure: expected:<Enteraninteger>[0]That'sall,haveaniced...> but was:<Enteraninteger>[]That'sall,haveaniced...>    at org.junit.Assert.assertEquals(Assert.java:115)
    at org.junit.Assert.assertEquals(Assert.java:144)
    at introclassJava.digits_bfad6d21_004WhiteboxTest.test1(digits_bfad6d21_004WhiteboxTest.java:13)
    at sun.reflect.NativeMethodAccessorImpl.invoke0(Native Method)
    at sun.reflect.NativeMethodAccessorImpl.invoke(NativeMethodAccessorImpl.java:62)
    at sun.reflect.DelegatingMethodAccessorImpl.invoke(DelegatingMethodAccessorImpl.java:43)

16:10:12.427 [pool-27-thread-1] DEBUG tests.output - Failing tests with false: 
[test1(introclassJava.digits_bfad6d21_004WhiteboxTest): expected:<[Enteraninteger>0]That'sall,haveaniced...> but was:<[]That'sall,haveaniced...>]
16:10:12.427 [pool-27-thread-1] DEBUG tests.output - Failing tests with true: 
[test1(introclassJava.digits_bfad6d21_004WhiteboxTest): expected:<Enteraninteger>[0]That'sall,haveaniced...> but was:<Enteraninteger>[]That'sall,haveaniced...>]
16:10:12.427 [pool-27-thread-1] INFO  f.i.l.r.n.synth.SMTNopolSynthesizer - Not enough specifications: 0. A trivial patch is "true" or "false", please write new tests specifying SourceLocation introclassJava.digits_bfad6d21_004:61.
16:10:12.427 [pool-2-thread-1] DEBUG fr.inria.lille.repair.nopol.NoPol - statement #8
16:10:12.427 [pool-2-thread-1] DEBUG fr.inria.lille.repair.nopol.NoPol - Analysing SourceLocation introclassJava.digits_bfad6d21_004:60 which is executed by 16 tests
1267496899
16:10:12.507 [pool-2-thread-1] INFO  fr.inria.lille.repair.nopol.NoPol - ----INFORMATION----
16:10:12.515 [pool-2-thread-1] INFO  fr.inria.lille.repair.nopol.NoPol - Nb classes : 6
16:10:12.515 [pool-2-thread-1] INFO  fr.inria.lille.repair.nopol.NoPol - Nb methods : 2
16:10:12.515 [pool-2-thread-1] INFO  fr.inria.lille.repair.nopol.NoPol - Nb Statements Analyzed : 7
16:10:12.515 [pool-2-thread-1] INFO  fr.inria.lille.repair.nopol.NoPol - Nb Statements with Angelic Value Found : 0
16:10:12.515 [pool-2-thread-1] INFO  fr.inria.lille.repair.nopol.NoPol - Nb inputs in SMT : 0
16:10:12.517 [pool-2-thread-1] INFO  fr.inria.lille.repair.nopol.NoPol - Nb SMT level: 0
16:10:12.518 [pool-2-thread-1] INFO  fr.inria.lille.repair.nopol.NoPol - Nb variables in SMT : 0
16:10:12.518 [pool-2-thread-1] INFO  fr.inria.lille.repair.nopol.NoPol - NoPol Execution time : 5848ms
16:10:12.518 [pool-2-thread-1] INFO  fr.inria.lille.repair.nopol.NoPol - 
NO_ANGELIC_VALUE
Command exited with non-zero status 255
12.83user 0.93system 0:06.99elapsed 196%CPU (0avgtext+0avgdata 371244maxresident)k
45776inputs+5232outputs (3major+128655minor)pagefaults 0swaps


Node: suno-36.sophia.grid5000.fr



Date: Wed Dec  5 16:10:12 EST 2018

