cd /tmp/DynaMoth_IntroClassJava_grade_cd2d9b5b5cff96b07c5b22c0d139ffa2aa36b01823c9eb4db6eca19065a0ce2c4d2516bfcc2f1bc95daeae5b0bbd5e9c15b83feda776735e7bc3de6c49d25144_013;
export JAVA_TOOL_OPTIONS="-Dfile.encoding=UTF8 -Duser.language=en-US -Duser.country=US -Duser.language=en";
TZ="America/New_York"; export TZ;
export PATH="/usr/lib/jvm/java-1.8.0-openjdk-amd64/bin/:$PATH";
export JAVA_HOME="/usr/lib/jvm/java-1.8.0-openjdk-amd64/bin/";
time java -Xmx4048m -cp /home/tdurieux/RepairThemAll/script/../repair_tools/nopol.jar:/usr/lib/jvm/java-1.8.0-openjdk-amd64/bin//../lib/tools.jar fr.inria.lille.repair.Main \
	--mode repair \
	--type pre_then_cond \
	--oracle angelic \
	--synthesis dynamoth \
	--flocal gzoltar \
	--json \
	--solver z3 \
	--solver-path /home/tdurieux/RepairThemAll/script/../libs/z3/build/z3 \
	--complianceLevel 7 \
	--source src/main/java \
	--classpath "target/classes:target/test-classes:/home/tdurieux/.m2/repository/junit/junit/4.11/junit-4.11.jar:/home/tdurieux/.m2/repository/org/hamcrest/hamcrest-core/1.3/hamcrest-core-1.3.jar:/home/tdurieux/RepairThemAll/script/../repair_tools/nopol.jar";
	echo "\n\nNode: `hostname`\n";
	echo "\n\nDate: `date`\n";
Picked up JAVA_TOOL_OPTIONS: -Dfile.encoding=UTF8 -Duser.language=en-US -Duser.country=US -Duser.language=en
16:48:25.055 [main] INFO  fr.inria.lille.repair.nopol.NoPol - Source files: [src/main/java]
16:48:25.074 [main] INFO  fr.inria.lille.repair.nopol.NoPol - Classpath: [file:/tmp/DynaMoth_IntroClassJava_grade_cd2d9b5b5cff96b07c5b22c0d139ffa2aa36b01823c9eb4db6eca19065a0ce2c4d2516bfcc2f1bc95daeae5b0bbd5e9c15b83feda776735e7bc3de6c49d25144_013/target/classes/, file:/tmp/DynaMoth_IntroClassJava_grade_cd2d9b5b5cff96b07c5b22c0d139ffa2aa36b01823c9eb4db6eca19065a0ce2c4d2516bfcc2f1bc95daeae5b0bbd5e9c15b83feda776735e7bc3de6c49d25144_013/target/test-classes/, file:/home/tdurieux/.m2/repository/junit/junit/4.11/junit-4.11.jar, file:/home/tdurieux/.m2/repository/org/hamcrest/hamcrest-core/1.3/hamcrest-core-1.3.jar, file:/home/tdurieux/RepairThemAll/script/../repair_tools/nopol.jar]
16:48:25.074 [main] INFO  fr.inria.lille.repair.nopol.NoPol - Statement type: PRE_THEN_COND
16:48:25.074 [main] INFO  fr.inria.lille.repair.nopol.NoPol - Args: [introclassJava.grade_cd2d9b5b_013BlackboxTest, introclassJava.grade_cd2d9b5b_013WhiteboxTest]
16:48:25.076 [main] INFO  fr.inria.lille.repair.nopol.NoPol - Config: Config{synthesisDepth=3, collectStaticMethods=true, collectStaticFields=false, collectLiterals=false, onlyOneSynthesisResult=true, sortExpressions=true, maxLineInvocationPerTest=250, timeoutMethodInvocation=2000, dataCollectionTimeoutInSecondForSynthesis=900, addWeight=0.19478, subWeight=0.04554, mulWeight=0.0102, divWeight=0.00613, andWeight=0.10597, orWeight=0.05708, eqWeight=0.22798, nEqWeight=0.0, lessEqWeight=0.0255, lessWeight=0.0947, methodCallWeight=0.1, fieldAccessWeight=0.08099, constantWeight=0.14232, variableWeight=0.05195, mode=REPAIR, type=PRE_THEN_COND, synthesis=DYNAMOTH, oracle=ANGELIC, solver=Z3, solverPath='/home/tdurieux/RepairThemAll/script/../libs/z3/build/z3', projectSources=[src/main/java], projectClasspath='[Ljava.net.URL;@2ff4f00f', projectTests=[introclassJava.grade_cd2d9b5b_013BlackboxTest, introclassJava.grade_cd2d9b5b_013WhiteboxTest], complianceLevel=7, outputFolder=., json=true}
16:48:25.077 [main] INFO  fr.inria.lille.repair.nopol.NoPol - Available processors (cores): 8
16:48:25.083 [main] INFO  fr.inria.lille.repair.nopol.NoPol - Free memory: 467 MB
16:48:25.083 [main] INFO  fr.inria.lille.repair.nopol.NoPol - Maximum memory: 3 GB
16:48:25.084 [main] INFO  fr.inria.lille.repair.nopol.NoPol - Total memory available to JVM: 483 MB
16:48:25.084 [main] INFO  fr.inria.lille.repair.nopol.NoPol - Java version: 1.8.0_181
16:48:25.085 [main] INFO  fr.inria.lille.repair.nopol.NoPol - JAVA_HOME: /usr/lib/jvm/java-1.8.0-openjdk-amd64/bin/
16:48:25.085 [main] INFO  fr.inria.lille.repair.nopol.NoPol - PATH: /usr/lib/jvm/java-1.8.0-openjdk-amd64/bin/:/usr/lib/oar/oardodo:/usr/lib/oar/oardodo:/usr/local/bin:/usr/bin:/bin:/usr/games
16:48:28.615 [pool-2-thread-1] DEBUG fr.inria.lille.repair.nopol.NoPol - statement #1
16:48:28.615 [pool-2-thread-1] DEBUG fr.inria.lille.repair.nopol.NoPol - Analysing SourceLocation introclassJava.grade_cd2d9b5b_013:82 which is executed by 2 tests
-1193997979
16:48:28.937 [pool-2-thread-1] DEBUG fr.inria.lille.repair.nopol.NoPol - looking with class fr.inria.lille.repair.nopol.spoon.smt.ConditionalAdder
org.junit.ComparisonFailure: expected:<...(percent)>Studenthas[failedthecours]e> but was:<...(percent)>Studenthas[anFgrad]e>
    at org.junit.Assert.assertEquals(Assert.java:115)
    at org.junit.Assert.assertEquals(Assert.java:144)
    at introclassJava.grade_cd2d9b5b_013BlackboxTest.test9(grade_cd2d9b5b_013BlackboxTest.java:86)
    at sun.reflect.NativeMethodAccessorImpl.invoke0(Native Method)
    at sun.reflect.NativeMethodAccessorImpl.invoke(NativeMethodAccessorImpl.java:62)
    at sun.reflect.DelegatingMethodAccessorImpl.invoke(DelegatingMethodAccessorImpl.java:43)
org.junit.ComparisonFailure: expected:<...(percent)>Studenthas[failedthecours]e> but was:<...(percent)>Studenthas[anFgrad]e>
    at org.junit.Assert.assertEquals(Assert.java:115)
    at org.junit.Assert.assertEquals(Assert.java:144)
    at introclassJava.grade_cd2d9b5b_013WhiteboxTest.test9(grade_cd2d9b5b_013WhiteboxTest.java:86)
    at sun.reflect.NativeMethodAccessorImpl.invoke0(Native Method)
    at sun.reflect.NativeMethodAccessorImpl.invoke(NativeMethodAccessorImpl.java:62)
    at sun.reflect.DelegatingMethodAccessorImpl.invoke(DelegatingMethodAccessorImpl.java:43)
16:48:29.033 [pool-4-thread-1] INFO  xxl.java.junit.TestCasesListener - Tests run finished (65 ms)
<> Total tests run: 18
<> Ignored tests: 0
<> Failed tests: 2
~ test9(introclassJava.grade_cd2d9b5b_013BlackboxTest)
[expected:<...(percent)>Studenthas[failedthecours]e> but was:<...(percent)>Studenthas[anFgrad]e>]
org.junit.ComparisonFailure: expected:<...(percent)>Studenthas[failedthecours]e> but was:<...(percent)>Studenthas[anFgrad]e>    at org.junit.Assert.assertEquals(Assert.java:115)
    at org.junit.Assert.assertEquals(Assert.java:144)
    at introclassJava.grade_cd2d9b5b_013BlackboxTest.test9(grade_cd2d9b5b_013BlackboxTest.java:86)
    at sun.reflect.NativeMethodAccessorImpl.invoke0(Native Method)
    at sun.reflect.NativeMethodAccessorImpl.invoke(NativeMethodAccessorImpl.java:62)
    at sun.reflect.DelegatingMethodAccessorImpl.invoke(DelegatingMethodAccessorImpl.java:43)
~ test9(introclassJava.grade_cd2d9b5b_013WhiteboxTest)
[expected:<...(percent)>Studenthas[failedthecours]e> but was:<...(percent)>Studenthas[anFgrad]e>]
org.junit.ComparisonFailure: expected:<...(percent)>Studenthas[failedthecours]e> but was:<...(percent)>Studenthas[anFgrad]e>    at org.junit.Assert.assertEquals(Assert.java:115)
    at org.junit.Assert.assertEquals(Assert.java:144)
    at introclassJava.grade_cd2d9b5b_013WhiteboxTest.test9(grade_cd2d9b5b_013WhiteboxTest.java:86)
    at sun.reflect.NativeMethodAccessorImpl.invoke0(Native Method)
    at sun.reflect.NativeMethodAccessorImpl.invoke(NativeMethodAccessorImpl.java:62)
    at sun.reflect.DelegatingMethodAccessorImpl.invoke(DelegatingMethodAccessorImpl.java:43)

16:48:29.606 [pool-2-thread-1] DEBUG fr.inria.lille.repair.nopol.NoPol - statement #2
16:48:29.606 [pool-2-thread-1] DEBUG fr.inria.lille.repair.nopol.NoPol - Analysing SourceLocation introclassJava.grade_cd2d9b5b_013:79 which is executed by 6 tests
-1193997979
16:48:29.670 [pool-2-thread-1] DEBUG fr.inria.lille.repair.nopol.NoPol - looking with class fr.inria.lille.repair.nopol.spoon.smt.ConditionalAdder
org.junit.ComparisonFailure: expected:<...(percent)>Studenthas[failedthecours]e> but was:<...(percent)>Studenthas[anFgrad]e>
    at org.junit.Assert.assertEquals(Assert.java:115)
    at org.junit.Assert.assertEquals(Assert.java:144)
    at introclassJava.grade_cd2d9b5b_013BlackboxTest.test9(grade_cd2d9b5b_013BlackboxTest.java:86)
    at sun.reflect.NativeMethodAccessorImpl.invoke0(Native Method)
    at sun.reflect.NativeMethodAccessorImpl.invoke(NativeMethodAccessorImpl.java:62)
    at sun.reflect.DelegatingMethodAccessorImpl.invoke(DelegatingMethodAccessorImpl.java:43)
org.junit.ComparisonFailure: expected:<...(percent)>Studenthas[failedthecours]e> but was:<...(percent)>Studenthas[anFgrad]e>
    at org.junit.Assert.assertEquals(Assert.java:115)
    at org.junit.Assert.assertEquals(Assert.java:144)
    at introclassJava.grade_cd2d9b5b_013WhiteboxTest.test9(grade_cd2d9b5b_013WhiteboxTest.java:86)
    at sun.reflect.NativeMethodAccessorImpl.invoke0(Native Method)
    at sun.reflect.NativeMethodAccessorImpl.invoke(NativeMethodAccessorImpl.java:62)
    at sun.reflect.DelegatingMethodAccessorImpl.invoke(DelegatingMethodAccessorImpl.java:43)
16:48:29.724 [pool-10-thread-1] INFO  xxl.java.junit.TestCasesListener - Tests run finished (49 ms)
<> Total tests run: 18
<> Ignored tests: 0
<> Failed tests: 2
~ test9(introclassJava.grade_cd2d9b5b_013BlackboxTest)
[expected:<...(percent)>Studenthas[failedthecours]e> but was:<...(percent)>Studenthas[anFgrad]e>]
org.junit.ComparisonFailure: expected:<...(percent)>Studenthas[failedthecours]e> but was:<...(percent)>Studenthas[anFgrad]e>    at org.junit.Assert.assertEquals(Assert.java:115)
    at org.junit.Assert.assertEquals(Assert.java:144)
    at introclassJava.grade_cd2d9b5b_013BlackboxTest.test9(grade_cd2d9b5b_013BlackboxTest.java:86)
    at sun.reflect.NativeMethodAccessorImpl.invoke0(Native Method)
    at sun.reflect.NativeMethodAccessorImpl.invoke(NativeMethodAccessorImpl.java:62)
    at sun.reflect.DelegatingMethodAccessorImpl.invoke(DelegatingMethodAccessorImpl.java:43)
~ test9(introclassJava.grade_cd2d9b5b_013WhiteboxTest)
[expected:<...(percent)>Studenthas[failedthecours]e> but was:<...(percent)>Studenthas[anFgrad]e>]
org.junit.ComparisonFailure: expected:<...(percent)>Studenthas[failedthecours]e> but was:<...(percent)>Studenthas[anFgrad]e>    at org.junit.Assert.assertEquals(Assert.java:115)
    at org.junit.Assert.assertEquals(Assert.java:144)
    at introclassJava.grade_cd2d9b5b_013WhiteboxTest.test9(grade_cd2d9b5b_013WhiteboxTest.java:86)
    at sun.reflect.NativeMethodAccessorImpl.invoke0(Native Method)
    at sun.reflect.NativeMethodAccessorImpl.invoke(NativeMethodAccessorImpl.java:62)
    at sun.reflect.DelegatingMethodAccessorImpl.invoke(DelegatingMethodAccessorImpl.java:43)

16:48:29.870 [pool-2-thread-1] DEBUG fr.inria.lille.repair.nopol.NoPol - looking with class fr.inria.lille.repair.nopol.spoon.smt.ConditionalReplacer
org.junit.ComparisonFailure: expected:<...(percent)>Studenthas[failedthecours]e> but was:<...(percent)>Studenthas[anFgrad]e>
    at org.junit.Assert.assertEquals(Assert.java:115)
    at org.junit.Assert.assertEquals(Assert.java:144)
    at introclassJava.grade_cd2d9b5b_013BlackboxTest.test9(grade_cd2d9b5b_013BlackboxTest.java:86)
    at sun.reflect.NativeMethodAccessorImpl.invoke0(Native Method)
    at sun.reflect.NativeMethodAccessorImpl.invoke(NativeMethodAccessorImpl.java:62)
    at sun.reflect.DelegatingMethodAccessorImpl.invoke(DelegatingMethodAccessorImpl.java:43)
org.junit.ComparisonFailure: expected:<...(percent)>Studenthas[failedthecours]e> but was:<...(percent)>Studenthas[anFgrad]e>
    at org.junit.Assert.assertEquals(Assert.java:115)
    at org.junit.Assert.assertEquals(Assert.java:144)
    at introclassJava.grade_cd2d9b5b_013WhiteboxTest.test9(grade_cd2d9b5b_013WhiteboxTest.java:86)
    at sun.reflect.NativeMethodAccessorImpl.invoke0(Native Method)
    at sun.reflect.NativeMethodAccessorImpl.invoke(NativeMethodAccessorImpl.java:62)
    at sun.reflect.DelegatingMethodAccessorImpl.invoke(DelegatingMethodAccessorImpl.java:43)
16:48:29.891 [pool-16-thread-1] INFO  xxl.java.junit.TestCasesListener - Tests run finished (16 ms)
<> Total tests run: 18
<> Ignored tests: 0
<> Failed tests: 2
~ test9(introclassJava.grade_cd2d9b5b_013BlackboxTest)
[expected:<...(percent)>Studenthas[failedthecours]e> but was:<...(percent)>Studenthas[anFgrad]e>]
org.junit.ComparisonFailure: expected:<...(percent)>Studenthas[failedthecours]e> but was:<...(percent)>Studenthas[anFgrad]e>    at org.junit.Assert.assertEquals(Assert.java:115)
    at org.junit.Assert.assertEquals(Assert.java:144)
    at introclassJava.grade_cd2d9b5b_013BlackboxTest.test9(grade_cd2d9b5b_013BlackboxTest.java:86)
    at sun.reflect.NativeMethodAccessorImpl.invoke0(Native Method)
    at sun.reflect.NativeMethodAccessorImpl.invoke(NativeMethodAccessorImpl.java:62)
    at sun.reflect.DelegatingMethodAccessorImpl.invoke(DelegatingMethodAccessorImpl.java:43)
~ test9(introclassJava.grade_cd2d9b5b_013WhiteboxTest)
[expected:<...(percent)>Studenthas[failedthecours]e> but was:<...(percent)>Studenthas[anFgrad]e>]
org.junit.ComparisonFailure: expected:<...(percent)>Studenthas[failedthecours]e> but was:<...(percent)>Studenthas[anFgrad]e>    at org.junit.Assert.assertEquals(Assert.java:115)
    at org.junit.Assert.assertEquals(Assert.java:144)
    at introclassJava.grade_cd2d9b5b_013WhiteboxTest.test9(grade_cd2d9b5b_013WhiteboxTest.java:86)
    at sun.reflect.NativeMethodAccessorImpl.invoke0(Native Method)
    at sun.reflect.NativeMethodAccessorImpl.invoke(NativeMethodAccessorImpl.java:62)
    at sun.reflect.DelegatingMethodAccessorImpl.invoke(DelegatingMethodAccessorImpl.java:43)

16:48:30.020 [pool-2-thread-1] DEBUG fr.inria.lille.repair.nopol.NoPol - statement #3
16:48:30.020 [pool-2-thread-1] DEBUG fr.inria.lille.repair.nopol.NoPol - Analysing SourceLocation introclassJava.grade_cd2d9b5b_013:77 which is executed by 10 tests
-1193997979
16:48:30.085 [pool-2-thread-1] DEBUG fr.inria.lille.repair.nopol.NoPol - looking with class fr.inria.lille.repair.nopol.spoon.smt.ConditionalAdder
org.junit.ComparisonFailure: expected:<...(percent)>Studenthas[failedthecours]e> but was:<...(percent)>Studenthas[anFgrad]e>
    at org.junit.Assert.assertEquals(Assert.java:115)
    at org.junit.Assert.assertEquals(Assert.java:144)
    at introclassJava.grade_cd2d9b5b_013BlackboxTest.test9(grade_cd2d9b5b_013BlackboxTest.java:86)
    at sun.reflect.NativeMethodAccessorImpl.invoke0(Native Method)
    at sun.reflect.NativeMethodAccessorImpl.invoke(NativeMethodAccessorImpl.java:62)
    at sun.reflect.DelegatingMethodAccessorImpl.invoke(DelegatingMethodAccessorImpl.java:43)
org.junit.ComparisonFailure: expected:<...(percent)>Studenthas[failedthecours]e> but was:<...(percent)>Studenthas[anFgrad]e>
    at org.junit.Assert.assertEquals(Assert.java:115)
    at org.junit.Assert.assertEquals(Assert.java:144)
    at introclassJava.grade_cd2d9b5b_013WhiteboxTest.test9(grade_cd2d9b5b_013WhiteboxTest.java:86)
    at sun.reflect.NativeMethodAccessorImpl.invoke0(Native Method)
    at sun.reflect.NativeMethodAccessorImpl.invoke(NativeMethodAccessorImpl.java:62)
    at sun.reflect.DelegatingMethodAccessorImpl.invoke(DelegatingMethodAccessorImpl.java:43)
16:48:30.105 [pool-22-thread-1] INFO  xxl.java.junit.TestCasesListener - Tests run finished (15 ms)
<> Total tests run: 18
<> Ignored tests: 0
<> Failed tests: 2
~ test9(introclassJava.grade_cd2d9b5b_013BlackboxTest)
[expected:<...(percent)>Studenthas[failedthecours]e> but was:<...(percent)>Studenthas[anFgrad]e>]
org.junit.ComparisonFailure: expected:<...(percent)>Studenthas[failedthecours]e> but was:<...(percent)>Studenthas[anFgrad]e>    at org.junit.Assert.assertEquals(Assert.java:115)
    at org.junit.Assert.assertEquals(Assert.java:144)
    at introclassJava.grade_cd2d9b5b_013BlackboxTest.test9(grade_cd2d9b5b_013BlackboxTest.java:86)
    at sun.reflect.NativeMethodAccessorImpl.invoke0(Native Method)
    at sun.reflect.NativeMethodAccessorImpl.invoke(NativeMethodAccessorImpl.java:62)
    at sun.reflect.DelegatingMethodAccessorImpl.invoke(DelegatingMethodAccessorImpl.java:43)
~ test9(introclassJava.grade_cd2d9b5b_013WhiteboxTest)
[expected:<...(percent)>Studenthas[failedthecours]e> but was:<...(percent)>Studenthas[anFgrad]e>]
org.junit.ComparisonFailure: expected:<...(percent)>Studenthas[failedthecours]e> but was:<...(percent)>Studenthas[anFgrad]e>    at org.junit.Assert.assertEquals(Assert.java:115)
    at org.junit.Assert.assertEquals(Assert.java:144)
    at introclassJava.grade_cd2d9b5b_013WhiteboxTest.test9(grade_cd2d9b5b_013WhiteboxTest.java:86)
    at sun.reflect.NativeMethodAccessorImpl.invoke0(Native Method)
    at sun.reflect.NativeMethodAccessorImpl.invoke(NativeMethodAccessorImpl.java:62)
    at sun.reflect.DelegatingMethodAccessorImpl.invoke(DelegatingMethodAccessorImpl.java:43)

16:48:30.240 [pool-2-thread-1] DEBUG fr.inria.lille.repair.nopol.NoPol - looking with class fr.inria.lille.repair.nopol.spoon.smt.ConditionalReplacer
org.junit.ComparisonFailure: expected:<...(percent)>Studenthas[failedthecours]e> but was:<...(percent)>Studenthas[anFgrad]e>
    at org.junit.Assert.assertEquals(Assert.java:115)
    at org.junit.Assert.assertEquals(Assert.java:144)
    at introclassJava.grade_cd2d9b5b_013BlackboxTest.test9(grade_cd2d9b5b_013BlackboxTest.java:86)
    at sun.reflect.NativeMethodAccessorImpl.invoke0(Native Method)
    at sun.reflect.NativeMethodAccessorImpl.invoke(NativeMethodAccessorImpl.java:62)
    at sun.reflect.DelegatingMethodAccessorImpl.invoke(DelegatingMethodAccessorImpl.java:43)
org.junit.ComparisonFailure: expected:<...(percent)>Studenthas[failedthecours]e> but was:<...(percent)>Studenthas[anFgrad]e>
    at org.junit.Assert.assertEquals(Assert.java:115)
    at org.junit.Assert.assertEquals(Assert.java:144)
    at introclassJava.grade_cd2d9b5b_013WhiteboxTest.test9(grade_cd2d9b5b_013WhiteboxTest.java:86)
    at sun.reflect.NativeMethodAccessorImpl.invoke0(Native Method)
    at sun.reflect.NativeMethodAccessorImpl.invoke(NativeMethodAccessorImpl.java:62)
    at sun.reflect.DelegatingMethodAccessorImpl.invoke(DelegatingMethodAccessorImpl.java:43)
16:48:30.258 [pool-28-thread-1] INFO  xxl.java.junit.TestCasesListener - Tests run finished (14 ms)
<> Total tests run: 18
<> Ignored tests: 0
<> Failed tests: 2
~ test9(introclassJava.grade_cd2d9b5b_013BlackboxTest)
[expected:<...(percent)>Studenthas[failedthecours]e> but was:<...(percent)>Studenthas[anFgrad]e>]
org.junit.ComparisonFailure: expected:<...(percent)>Studenthas[failedthecours]e> but was:<...(percent)>Studenthas[anFgrad]e>    at org.junit.Assert.assertEquals(Assert.java:115)
    at org.junit.Assert.assertEquals(Assert.java:144)
    at introclassJava.grade_cd2d9b5b_013BlackboxTest.test9(grade_cd2d9b5b_013BlackboxTest.java:86)
    at sun.reflect.NativeMethodAccessorImpl.invoke0(Native Method)
    at sun.reflect.NativeMethodAccessorImpl.invoke(NativeMethodAccessorImpl.java:62)
    at sun.reflect.DelegatingMethodAccessorImpl.invoke(DelegatingMethodAccessorImpl.java:43)
~ test9(introclassJava.grade_cd2d9b5b_013WhiteboxTest)
[expected:<...(percent)>Studenthas[failedthecours]e> but was:<...(percent)>Studenthas[anFgrad]e>]
org.junit.ComparisonFailure: expected:<...(percent)>Studenthas[failedthecours]e> but was:<...(percent)>Studenthas[anFgrad]e>    at org.junit.Assert.assertEquals(Assert.java:115)
    at org.junit.Assert.assertEquals(Assert.java:144)
    at introclassJava.grade_cd2d9b5b_013WhiteboxTest.test9(grade_cd2d9b5b_013WhiteboxTest.java:86)
    at sun.reflect.NativeMethodAccessorImpl.invoke0(Native Method)
    at sun.reflect.NativeMethodAccessorImpl.invoke(NativeMethodAccessorImpl.java:62)
    at sun.reflect.DelegatingMethodAccessorImpl.invoke(DelegatingMethodAccessorImpl.java:43)

16:48:30.373 [pool-2-thread-1] DEBUG fr.inria.lille.repair.nopol.NoPol - statement #4
16:48:30.374 [pool-2-thread-1] DEBUG fr.inria.lille.repair.nopol.NoPol - Analysing SourceLocation introclassJava.grade_cd2d9b5b_013:75 which is executed by 14 tests
-1193997979
16:48:30.432 [pool-2-thread-1] DEBUG fr.inria.lille.repair.nopol.NoPol - looking with class fr.inria.lille.repair.nopol.spoon.smt.ConditionalAdder
org.junit.ComparisonFailure: expected:<...(percent)>Studenthas[failedthecours]e> but was:<...(percent)>Studenthas[anFgrad]e>
    at org.junit.Assert.assertEquals(Assert.java:115)
    at org.junit.Assert.assertEquals(Assert.java:144)
    at introclassJava.grade_cd2d9b5b_013BlackboxTest.test9(grade_cd2d9b5b_013BlackboxTest.java:86)
    at sun.reflect.NativeMethodAccessorImpl.invoke0(Native Method)
    at sun.reflect.NativeMethodAccessorImpl.invoke(NativeMethodAccessorImpl.java:62)
    at sun.reflect.DelegatingMethodAccessorImpl.invoke(DelegatingMethodAccessorImpl.java:43)
org.junit.ComparisonFailure: expected:<...(percent)>Studenthas[failedthecours]e> but was:<...(percent)>Studenthas[anFgrad]e>
    at org.junit.Assert.assertEquals(Assert.java:115)
    at org.junit.Assert.assertEquals(Assert.java:144)
    at introclassJava.grade_cd2d9b5b_013WhiteboxTest.test9(grade_cd2d9b5b_013WhiteboxTest.java:86)
    at sun.reflect.NativeMethodAccessorImpl.invoke0(Native Method)
    at sun.reflect.NativeMethodAccessorImpl.invoke(NativeMethodAccessorImpl.java:62)
    at sun.reflect.DelegatingMethodAccessorImpl.invoke(DelegatingMethodAccessorImpl.java:43)
16:48:30.449 [pool-34-thread-1] INFO  xxl.java.junit.TestCasesListener - Tests run finished (13 ms)
<> Total tests run: 18
<> Ignored tests: 0
<> Failed tests: 2
~ test9(introclassJava.grade_cd2d9b5b_013BlackboxTest)
[expected:<...(percent)>Studenthas[failedthecours]e> but was:<...(percent)>Studenthas[anFgrad]e>]
org.junit.ComparisonFailure: expected:<...(percent)>Studenthas[failedthecours]e> but was:<...(percent)>Studenthas[anFgrad]e>    at org.junit.Assert.assertEquals(Assert.java:115)
    at org.junit.Assert.assertEquals(Assert.java:144)
    at introclassJava.grade_cd2d9b5b_013BlackboxTest.test9(grade_cd2d9b5b_013BlackboxTest.java:86)
    at sun.reflect.NativeMethodAccessorImpl.invoke0(Native Method)
    at sun.reflect.NativeMethodAccessorImpl.invoke(NativeMethodAccessorImpl.java:62)
    at sun.reflect.DelegatingMethodAccessorImpl.invoke(DelegatingMethodAccessorImpl.java:43)
~ test9(introclassJava.grade_cd2d9b5b_013WhiteboxTest)
[expected:<...(percent)>Studenthas[failedthecours]e> but was:<...(percent)>Studenthas[anFgrad]e>]
org.junit.ComparisonFailure: expected:<...(percent)>Studenthas[failedthecours]e> but was:<...(percent)>Studenthas[anFgrad]e>    at org.junit.Assert.assertEquals(Assert.java:115)
    at org.junit.Assert.assertEquals(Assert.java:144)
    at introclassJava.grade_cd2d9b5b_013WhiteboxTest.test9(grade_cd2d9b5b_013WhiteboxTest.java:86)
    at sun.reflect.NativeMethodAccessorImpl.invoke0(Native Method)
    at sun.reflect.NativeMethodAccessorImpl.invoke(NativeMethodAccessorImpl.java:62)
    at sun.reflect.DelegatingMethodAccessorImpl.invoke(DelegatingMethodAccessorImpl.java:43)

16:48:30.568 [pool-2-thread-1] DEBUG fr.inria.lille.repair.nopol.NoPol - looking with class fr.inria.lille.repair.nopol.spoon.smt.ConditionalReplacer
org.junit.ComparisonFailure: expected:<...(percent)>Studenthas[failedthecours]e> but was:<...(percent)>Studenthas[anFgrad]e>
    at org.junit.Assert.assertEquals(Assert.java:115)
    at org.junit.Assert.assertEquals(Assert.java:144)
    at introclassJava.grade_cd2d9b5b_013BlackboxTest.test9(grade_cd2d9b5b_013BlackboxTest.java:86)
    at sun.reflect.NativeMethodAccessorImpl.invoke0(Native Method)
    at sun.reflect.NativeMethodAccessorImpl.invoke(NativeMethodAccessorImpl.java:62)
    at sun.reflect.DelegatingMethodAccessorImpl.invoke(DelegatingMethodAccessorImpl.java:43)
org.junit.ComparisonFailure: expected:<...(percent)>Studenthas[failedthecours]e> but was:<...(percent)>Studenthas[anFgrad]e>
    at org.junit.Assert.assertEquals(Assert.java:115)
    at org.junit.Assert.assertEquals(Assert.java:144)
    at introclassJava.grade_cd2d9b5b_013WhiteboxTest.test9(grade_cd2d9b5b_013WhiteboxTest.java:86)
    at sun.reflect.NativeMethodAccessorImpl.invoke0(Native Method)
    at sun.reflect.NativeMethodAccessorImpl.invoke(NativeMethodAccessorImpl.java:62)
    at sun.reflect.DelegatingMethodAccessorImpl.invoke(DelegatingMethodAccessorImpl.java:43)
16:48:30.587 [pool-40-thread-1] INFO  xxl.java.junit.TestCasesListener - Tests run finished (15 ms)
<> Total tests run: 18
<> Ignored tests: 0
<> Failed tests: 2
~ test9(introclassJava.grade_cd2d9b5b_013BlackboxTest)
[expected:<...(percent)>Studenthas[failedthecours]e> but was:<...(percent)>Studenthas[anFgrad]e>]
org.junit.ComparisonFailure: expected:<...(percent)>Studenthas[failedthecours]e> but was:<...(percent)>Studenthas[anFgrad]e>    at org.junit.Assert.assertEquals(Assert.java:115)
    at org.junit.Assert.assertEquals(Assert.java:144)
    at introclassJava.grade_cd2d9b5b_013BlackboxTest.test9(grade_cd2d9b5b_013BlackboxTest.java:86)
    at sun.reflect.NativeMethodAccessorImpl.invoke0(Native Method)
    at sun.reflect.NativeMethodAccessorImpl.invoke(NativeMethodAccessorImpl.java:62)
    at sun.reflect.DelegatingMethodAccessorImpl.invoke(DelegatingMethodAccessorImpl.java:43)
~ test9(introclassJava.grade_cd2d9b5b_013WhiteboxTest)
[expected:<...(percent)>Studenthas[failedthecours]e> but was:<...(percent)>Studenthas[anFgrad]e>]
org.junit.ComparisonFailure: expected:<...(percent)>Studenthas[failedthecours]e> but was:<...(percent)>Studenthas[anFgrad]e>    at org.junit.Assert.assertEquals(Assert.java:115)
    at org.junit.Assert.assertEquals(Assert.java:144)
    at introclassJava.grade_cd2d9b5b_013WhiteboxTest.test9(grade_cd2d9b5b_013WhiteboxTest.java:86)
    at sun.reflect.NativeMethodAccessorImpl.invoke0(Native Method)
    at sun.reflect.NativeMethodAccessorImpl.invoke(NativeMethodAccessorImpl.java:62)
    at sun.reflect.DelegatingMethodAccessorImpl.invoke(DelegatingMethodAccessorImpl.java:43)

16:48:30.738 [pool-2-thread-1] DEBUG fr.inria.lille.repair.nopol.NoPol - statement #5
16:48:30.738 [pool-2-thread-1] DEBUG fr.inria.lille.repair.nopol.NoPol - Analysing SourceLocation introclassJava.grade_cd2d9b5b_013:85 which is executed by 18 tests
-1193997979
16:48:30.791 [pool-2-thread-1] DEBUG fr.inria.lille.repair.nopol.NoPol - looking with class fr.inria.lille.repair.nopol.spoon.smt.ConditionalAdder
org.junit.ComparisonFailure: expected:<...(percent)>Studenthas[failedthecours]e> but was:<...(percent)>Studenthas[anFgrad]e>
    at org.junit.Assert.assertEquals(Assert.java:115)
    at org.junit.Assert.assertEquals(Assert.java:144)
    at introclassJava.grade_cd2d9b5b_013BlackboxTest.test9(grade_cd2d9b5b_013BlackboxTest.java:86)
    at sun.reflect.NativeMethodAccessorImpl.invoke0(Native Method)
    at sun.reflect.NativeMethodAccessorImpl.invoke(NativeMethodAccessorImpl.java:62)
    at sun.reflect.DelegatingMethodAccessorImpl.invoke(DelegatingMethodAccessorImpl.java:43)
org.junit.ComparisonFailure: expected:<...(percent)>Studenthas[failedthecours]e> but was:<...(percent)>Studenthas[anFgrad]e>
    at org.junit.Assert.assertEquals(Assert.java:115)
    at org.junit.Assert.assertEquals(Assert.java:144)
    at introclassJava.grade_cd2d9b5b_013WhiteboxTest.test9(grade_cd2d9b5b_013WhiteboxTest.java:86)
    at sun.reflect.NativeMethodAccessorImpl.invoke0(Native Method)
    at sun.reflect.NativeMethodAccessorImpl.invoke(NativeMethodAccessorImpl.java:62)
    at sun.reflect.DelegatingMethodAccessorImpl.invoke(DelegatingMethodAccessorImpl.java:43)
16:48:30.808 [pool-46-thread-1] INFO  xxl.java.junit.TestCasesListener - Tests run finished (12 ms)
<> Total tests run: 18
<> Ignored tests: 0
<> Failed tests: 2
~ test9(introclassJava.grade_cd2d9b5b_013BlackboxTest)
[expected:<...(percent)>Studenthas[failedthecours]e> but was:<...(percent)>Studenthas[anFgrad]e>]
org.junit.ComparisonFailure: expected:<...(percent)>Studenthas[failedthecours]e> but was:<...(percent)>Studenthas[anFgrad]e>    at org.junit.Assert.assertEquals(Assert.java:115)
    at org.junit.Assert.assertEquals(Assert.java:144)
    at introclassJava.grade_cd2d9b5b_013BlackboxTest.test9(grade_cd2d9b5b_013BlackboxTest.java:86)
    at sun.reflect.NativeMethodAccessorImpl.invoke0(Native Method)
    at sun.reflect.NativeMethodAccessorImpl.invoke(NativeMethodAccessorImpl.java:62)
    at sun.reflect.DelegatingMethodAccessorImpl.invoke(DelegatingMethodAccessorImpl.java:43)
~ test9(introclassJava.grade_cd2d9b5b_013WhiteboxTest)
[expected:<...(percent)>Studenthas[failedthecours]e> but was:<...(percent)>Studenthas[anFgrad]e>]
org.junit.ComparisonFailure: expected:<...(percent)>Studenthas[failedthecours]e> but was:<...(percent)>Studenthas[anFgrad]e>    at org.junit.Assert.assertEquals(Assert.java:115)
    at org.junit.Assert.assertEquals(Assert.java:144)
    at introclassJava.grade_cd2d9b5b_013WhiteboxTest.test9(grade_cd2d9b5b_013WhiteboxTest.java:86)
    at sun.reflect.NativeMethodAccessorImpl.invoke0(Native Method)
    at sun.reflect.NativeMethodAccessorImpl.invoke(NativeMethodAccessorImpl.java:62)
    at sun.reflect.DelegatingMethodAccessorImpl.invoke(DelegatingMethodAccessorImpl.java:43)

16:48:30.910 [pool-2-thread-1] DEBUG fr.inria.lille.repair.nopol.NoPol - statement #6
16:48:30.910 [pool-2-thread-1] DEBUG fr.inria.lille.repair.nopol.NoPol - Analysing SourceLocation introclassJava.grade_cd2d9b5b_013:73 which is executed by 18 tests
-1193997979
16:48:30.964 [pool-2-thread-1] DEBUG fr.inria.lille.repair.nopol.NoPol - looking with class fr.inria.lille.repair.nopol.spoon.smt.ConditionalAdder
org.junit.ComparisonFailure: expected:<...(percent)>Studenthas[failedthecours]e> but was:<...(percent)>Studenthas[anFgrad]e>
    at org.junit.Assert.assertEquals(Assert.java:115)
    at org.junit.Assert.assertEquals(Assert.java:144)
    at introclassJava.grade_cd2d9b5b_013BlackboxTest.test9(grade_cd2d9b5b_013BlackboxTest.java:86)
    at sun.reflect.NativeMethodAccessorImpl.invoke0(Native Method)
    at sun.reflect.NativeMethodAccessorImpl.invoke(NativeMethodAccessorImpl.java:62)
    at sun.reflect.DelegatingMethodAccessorImpl.invoke(DelegatingMethodAccessorImpl.java:43)
org.junit.ComparisonFailure: expected:<...(percent)>Studenthas[failedthecours]e> but was:<...(percent)>Studenthas[anFgrad]e>
    at org.junit.Assert.assertEquals(Assert.java:115)
    at org.junit.Assert.assertEquals(Assert.java:144)
    at introclassJava.grade_cd2d9b5b_013WhiteboxTest.test9(grade_cd2d9b5b_013WhiteboxTest.java:86)
    at sun.reflect.NativeMethodAccessorImpl.invoke0(Native Method)
    at sun.reflect.NativeMethodAccessorImpl.invoke(NativeMethodAccessorImpl.java:62)
    at sun.reflect.DelegatingMethodAccessorImpl.invoke(DelegatingMethodAccessorImpl.java:43)
16:48:30.981 [pool-52-thread-1] INFO  xxl.java.junit.TestCasesListener - Tests run finished (13 ms)
<> Total tests run: 18
<> Ignored tests: 0
<> Failed tests: 2
~ test9(introclassJava.grade_cd2d9b5b_013BlackboxTest)
[expected:<...(percent)>Studenthas[failedthecours]e> but was:<...(percent)>Studenthas[anFgrad]e>]
org.junit.ComparisonFailure: expected:<...(percent)>Studenthas[failedthecours]e> but was:<...(percent)>Studenthas[anFgrad]e>    at org.junit.Assert.assertEquals(Assert.java:115)
    at org.junit.Assert.assertEquals(Assert.java:144)
    at introclassJava.grade_cd2d9b5b_013BlackboxTest.test9(grade_cd2d9b5b_013BlackboxTest.java:86)
    at sun.reflect.NativeMethodAccessorImpl.invoke0(Native Method)
    at sun.reflect.NativeMethodAccessorImpl.invoke(NativeMethodAccessorImpl.java:62)
    at sun.reflect.DelegatingMethodAccessorImpl.invoke(DelegatingMethodAccessorImpl.java:43)
~ test9(introclassJava.grade_cd2d9b5b_013WhiteboxTest)
[expected:<...(percent)>Studenthas[failedthecours]e> but was:<...(percent)>Studenthas[anFgrad]e>]
org.junit.ComparisonFailure: expected:<...(percent)>Studenthas[failedthecours]e> but was:<...(percent)>Studenthas[anFgrad]e>    at org.junit.Assert.assertEquals(Assert.java:115)
    at org.junit.Assert.assertEquals(Assert.java:144)
    at introclassJava.grade_cd2d9b5b_013WhiteboxTest.test9(grade_cd2d9b5b_013WhiteboxTest.java:86)
    at sun.reflect.NativeMethodAccessorImpl.invoke0(Native Method)
    at sun.reflect.NativeMethodAccessorImpl.invoke(NativeMethodAccessorImpl.java:62)
    at sun.reflect.DelegatingMethodAccessorImpl.invoke(DelegatingMethodAccessorImpl.java:43)

16:48:31.084 [pool-2-thread-1] DEBUG fr.inria.lille.repair.nopol.NoPol - looking with class fr.inria.lille.repair.nopol.spoon.smt.ConditionalReplacer
org.junit.ComparisonFailure: expected:<...(percent)>Studenthas[failedthecours]e> but was:<...(percent)>Studenthas[anFgrad]e>
    at org.junit.Assert.assertEquals(Assert.java:115)
    at org.junit.Assert.assertEquals(Assert.java:144)
    at introclassJava.grade_cd2d9b5b_013BlackboxTest.test9(grade_cd2d9b5b_013BlackboxTest.java:86)
    at sun.reflect.NativeMethodAccessorImpl.invoke0(Native Method)
    at sun.reflect.NativeMethodAccessorImpl.invoke(NativeMethodAccessorImpl.java:62)
    at sun.reflect.DelegatingMethodAccessorImpl.invoke(DelegatingMethodAccessorImpl.java:43)
org.junit.ComparisonFailure: expected:<...(percent)>Studenthas[failedthecours]e> but was:<...(percent)>Studenthas[anFgrad]e>
    at org.junit.Assert.assertEquals(Assert.java:115)
    at org.junit.Assert.assertEquals(Assert.java:144)
    at introclassJava.grade_cd2d9b5b_013WhiteboxTest.test9(grade_cd2d9b5b_013WhiteboxTest.java:86)
    at sun.reflect.NativeMethodAccessorImpl.invoke0(Native Method)
    at sun.reflect.NativeMethodAccessorImpl.invoke(NativeMethodAccessorImpl.java:62)
    at sun.reflect.DelegatingMethodAccessorImpl.invoke(DelegatingMethodAccessorImpl.java:43)
16:48:31.100 [pool-58-thread-1] INFO  xxl.java.junit.TestCasesListener - Tests run finished (13 ms)
<> Total tests run: 18
<> Ignored tests: 0
<> Failed tests: 2
~ test9(introclassJava.grade_cd2d9b5b_013BlackboxTest)
[expected:<...(percent)>Studenthas[failedthecours]e> but was:<...(percent)>Studenthas[anFgrad]e>]
org.junit.ComparisonFailure: expected:<...(percent)>Studenthas[failedthecours]e> but was:<...(percent)>Studenthas[anFgrad]e>    at org.junit.Assert.assertEquals(Assert.java:115)
    at org.junit.Assert.assertEquals(Assert.java:144)
    at introclassJava.grade_cd2d9b5b_013BlackboxTest.test9(grade_cd2d9b5b_013BlackboxTest.java:86)
    at sun.reflect.NativeMethodAccessorImpl.invoke0(Native Method)
    at sun.reflect.NativeMethodAccessorImpl.invoke(NativeMethodAccessorImpl.java:62)
    at sun.reflect.DelegatingMethodAccessorImpl.invoke(DelegatingMethodAccessorImpl.java:43)
~ test9(introclassJava.grade_cd2d9b5b_013WhiteboxTest)
[expected:<...(percent)>Studenthas[failedthecours]e> but was:<...(percent)>Studenthas[anFgrad]e>]
org.junit.ComparisonFailure: expected:<...(percent)>Studenthas[failedthecours]e> but was:<...(percent)>Studenthas[anFgrad]e>    at org.junit.Assert.assertEquals(Assert.java:115)
    at org.junit.Assert.assertEquals(Assert.java:144)
    at introclassJava.grade_cd2d9b5b_013WhiteboxTest.test9(grade_cd2d9b5b_013WhiteboxTest.java:86)
    at sun.reflect.NativeMethodAccessorImpl.invoke0(Native Method)
    at sun.reflect.NativeMethodAccessorImpl.invoke(NativeMethodAccessorImpl.java:62)
    at sun.reflect.DelegatingMethodAccessorImpl.invoke(DelegatingMethodAccessorImpl.java:43)

16:48:31.227 [pool-2-thread-1] DEBUG fr.inria.lille.repair.nopol.NoPol - statement #7
16:48:31.228 [pool-2-thread-1] DEBUG fr.inria.lille.repair.nopol.NoPol - Analysing SourceLocation introclassJava.grade_cd2d9b5b_013:72 which is executed by 18 tests
-1193997979
16:48:31.282 [pool-2-thread-1] DEBUG fr.inria.lille.repair.nopol.NoPol - looking with class fr.inria.lille.repair.nopol.spoon.smt.ConditionalAdder
org.junit.ComparisonFailure: expected:<...(percent)>Studenthas[failedthecours]e> but was:<...(percent)>Studenthas[anFgrad]e>
    at org.junit.Assert.assertEquals(Assert.java:115)
    at org.junit.Assert.assertEquals(Assert.java:144)
    at introclassJava.grade_cd2d9b5b_013BlackboxTest.test9(grade_cd2d9b5b_013BlackboxTest.java:86)
    at sun.reflect.NativeMethodAccessorImpl.invoke0(Native Method)
    at sun.reflect.NativeMethodAccessorImpl.invoke(NativeMethodAccessorImpl.java:62)
    at sun.reflect.DelegatingMethodAccessorImpl.invoke(DelegatingMethodAccessorImpl.java:43)
org.junit.ComparisonFailure: expected:<...(percent)>Studenthas[failedthecours]e> but was:<...(percent)>Studenthas[anFgrad]e>
    at org.junit.Assert.assertEquals(Assert.java:115)
    at org.junit.Assert.assertEquals(Assert.java:144)
    at introclassJava.grade_cd2d9b5b_013WhiteboxTest.test9(grade_cd2d9b5b_013WhiteboxTest.java:86)
    at sun.reflect.NativeMethodAccessorImpl.invoke0(Native Method)
    at sun.reflect.NativeMethodAccessorImpl.invoke(NativeMethodAccessorImpl.java:62)
    at sun.reflect.DelegatingMethodAccessorImpl.invoke(DelegatingMethodAccessorImpl.java:43)
16:48:31.297 [pool-64-thread-1] INFO  xxl.java.junit.TestCasesListener - Tests run finished (11 ms)
<> Total tests run: 18
<> Ignored tests: 0
<> Failed tests: 2
~ test9(introclassJava.grade_cd2d9b5b_013BlackboxTest)
[expected:<...(percent)>Studenthas[failedthecours]e> but was:<...(percent)>Studenthas[anFgrad]e>]
org.junit.ComparisonFailure: expected:<...(percent)>Studenthas[failedthecours]e> but was:<...(percent)>Studenthas[anFgrad]e>    at org.junit.Assert.assertEquals(Assert.java:115)
    at org.junit.Assert.assertEquals(Assert.java:144)
    at introclassJava.grade_cd2d9b5b_013BlackboxTest.test9(grade_cd2d9b5b_013BlackboxTest.java:86)
    at sun.reflect.NativeMethodAccessorImpl.invoke0(Native Method)
    at sun.reflect.NativeMethodAccessorImpl.invoke(NativeMethodAccessorImpl.java:62)
    at sun.reflect.DelegatingMethodAccessorImpl.invoke(DelegatingMethodAccessorImpl.java:43)
~ test9(introclassJava.grade_cd2d9b5b_013WhiteboxTest)
[expected:<...(percent)>Studenthas[failedthecours]e> but was:<...(percent)>Studenthas[anFgrad]e>]
org.junit.ComparisonFailure: expected:<...(percent)>Studenthas[failedthecours]e> but was:<...(percent)>Studenthas[anFgrad]e>    at org.junit.Assert.assertEquals(Assert.java:115)
    at org.junit.Assert.assertEquals(Assert.java:144)
    at introclassJava.grade_cd2d9b5b_013WhiteboxTest.test9(grade_cd2d9b5b_013WhiteboxTest.java:86)
    at sun.reflect.NativeMethodAccessorImpl.invoke0(Native Method)
    at sun.reflect.NativeMethodAccessorImpl.invoke(NativeMethodAccessorImpl.java:62)
    at sun.reflect.DelegatingMethodAccessorImpl.invoke(DelegatingMethodAccessorImpl.java:43)

16:48:31.392 [pool-2-thread-1] DEBUG fr.inria.lille.repair.nopol.NoPol - statement #8
16:48:31.392 [pool-2-thread-1] DEBUG fr.inria.lille.repair.nopol.NoPol - Analysing SourceLocation introclassJava.grade_cd2d9b5b_013:71 which is executed by 18 tests
-1193997979
16:48:31.442 [pool-2-thread-1] DEBUG fr.inria.lille.repair.nopol.NoPol - statement #9
16:48:31.443 [pool-2-thread-1] DEBUG fr.inria.lille.repair.nopol.NoPol - Analysing SourceLocation introclassJava.grade_cd2d9b5b_013:70 which is executed by 18 tests
-1193997979
16:48:31.494 [pool-2-thread-1] DEBUG fr.inria.lille.repair.nopol.NoPol - looking with class fr.inria.lille.repair.nopol.spoon.smt.ConditionalAdder
org.junit.ComparisonFailure: expected:<...(percent)>Studenthas[failedthecours]e> but was:<...(percent)>Studenthas[anFgrad]e>
    at org.junit.Assert.assertEquals(Assert.java:115)
    at org.junit.Assert.assertEquals(Assert.java:144)
    at introclassJava.grade_cd2d9b5b_013BlackboxTest.test9(grade_cd2d9b5b_013BlackboxTest.java:86)
    at sun.reflect.NativeMethodAccessorImpl.invoke0(Native Method)
    at sun.reflect.NativeMethodAccessorImpl.invoke(NativeMethodAccessorImpl.java:62)
    at sun.reflect.DelegatingMethodAccessorImpl.invoke(DelegatingMethodAccessorImpl.java:43)
org.junit.ComparisonFailure: expected:<...(percent)>Studenthas[failedthecours]e> but was:<...(percent)>Studenthas[anFgrad]e>
    at org.junit.Assert.assertEquals(Assert.java:115)
    at org.junit.Assert.assertEquals(Assert.java:144)
    at introclassJava.grade_cd2d9b5b_013WhiteboxTest.test9(grade_cd2d9b5b_013WhiteboxTest.java:86)
    at sun.reflect.NativeMethodAccessorImpl.invoke0(Native Method)
    at sun.reflect.NativeMethodAccessorImpl.invoke(NativeMethodAccessorImpl.java:62)
    at sun.reflect.DelegatingMethodAccessorImpl.invoke(DelegatingMethodAccessorImpl.java:43)
16:48:31.509 [pool-70-thread-1] INFO  xxl.java.junit.TestCasesListener - Tests run finished (12 ms)
<> Total tests run: 18
<> Ignored tests: 0
<> Failed tests: 2
~ test9(introclassJava.grade_cd2d9b5b_013BlackboxTest)
[expected:<...(percent)>Studenthas[failedthecours]e> but was:<...(percent)>Studenthas[anFgrad]e>]
org.junit.ComparisonFailure: expected:<...(percent)>Studenthas[failedthecours]e> but was:<...(percent)>Studenthas[anFgrad]e>    at org.junit.Assert.assertEquals(Assert.java:115)
    at org.junit.Assert.assertEquals(Assert.java:144)
    at introclassJava.grade_cd2d9b5b_013BlackboxTest.test9(grade_cd2d9b5b_013BlackboxTest.java:86)
    at sun.reflect.NativeMethodAccessorImpl.invoke0(Native Method)
    at sun.reflect.NativeMethodAccessorImpl.invoke(NativeMethodAccessorImpl.java:62)
    at sun.reflect.DelegatingMethodAccessorImpl.invoke(DelegatingMethodAccessorImpl.java:43)
~ test9(introclassJava.grade_cd2d9b5b_013WhiteboxTest)
[expected:<...(percent)>Studenthas[failedthecours]e> but was:<...(percent)>Studenthas[anFgrad]e>]
org.junit.ComparisonFailure: expected:<...(percent)>Studenthas[failedthecours]e> but was:<...(percent)>Studenthas[anFgrad]e>    at org.junit.Assert.assertEquals(Assert.java:115)
    at org.junit.Assert.assertEquals(Assert.java:144)
    at introclassJava.grade_cd2d9b5b_013WhiteboxTest.test9(grade_cd2d9b5b_013WhiteboxTest.java:86)
    at sun.reflect.NativeMethodAccessorImpl.invoke0(Native Method)
    at sun.reflect.NativeMethodAccessorImpl.invoke(NativeMethodAccessorImpl.java:62)
    at sun.reflect.DelegatingMethodAccessorImpl.invoke(DelegatingMethodAccessorImpl.java:43)

16:48:31.607 [pool-2-thread-1] DEBUG fr.inria.lille.repair.nopol.NoPol - statement #10
16:48:31.607 [pool-2-thread-1] DEBUG fr.inria.lille.repair.nopol.NoPol - Analysing SourceLocation introclassJava.grade_cd2d9b5b_013:69 which is executed by 18 tests
-1193997979
16:48:31.667 [pool-2-thread-1] DEBUG fr.inria.lille.repair.nopol.NoPol - looking with class fr.inria.lille.repair.nopol.spoon.smt.ConditionalAdder
org.junit.ComparisonFailure: expected:<...(percent)>Studenthas[failedthecours]e> but was:<...(percent)>Studenthas[anFgrad]e>
    at org.junit.Assert.assertEquals(Assert.java:115)
    at org.junit.Assert.assertEquals(Assert.java:144)
    at introclassJava.grade_cd2d9b5b_013BlackboxTest.test9(grade_cd2d9b5b_013BlackboxTest.java:86)
    at sun.reflect.NativeMethodAccessorImpl.invoke0(Native Method)
    at sun.reflect.NativeMethodAccessorImpl.invoke(NativeMethodAccessorImpl.java:62)
    at sun.reflect.DelegatingMethodAccessorImpl.invoke(DelegatingMethodAccessorImpl.java:43)
org.junit.ComparisonFailure: expected:<...(percent)>Studenthas[failedthecours]e> but was:<...(percent)>Studenthas[anFgrad]e>
    at org.junit.Assert.assertEquals(Assert.java:115)
    at org.junit.Assert.assertEquals(Assert.java:144)
    at introclassJava.grade_cd2d9b5b_013WhiteboxTest.test9(grade_cd2d9b5b_013WhiteboxTest.java:86)
    at sun.reflect.NativeMethodAccessorImpl.invoke0(Native Method)
    at sun.reflect.NativeMethodAccessorImpl.invoke(NativeMethodAccessorImpl.java:62)
    at sun.reflect.DelegatingMethodAccessorImpl.invoke(DelegatingMethodAccessorImpl.java:43)
16:48:31.684 [pool-76-thread-1] INFO  xxl.java.junit.TestCasesListener - Tests run finished (13 ms)
<> Total tests run: 18
<> Ignored tests: 0
<> Failed tests: 2
~ test9(introclassJava.grade_cd2d9b5b_013BlackboxTest)
[expected:<...(percent)>Studenthas[failedthecours]e> but was:<...(percent)>Studenthas[anFgrad]e>]
org.junit.ComparisonFailure: expected:<...(percent)>Studenthas[failedthecours]e> but was:<...(percent)>Studenthas[anFgrad]e>    at org.junit.Assert.assertEquals(Assert.java:115)
    at org.junit.Assert.assertEquals(Assert.java:144)
    at introclassJava.grade_cd2d9b5b_013BlackboxTest.test9(grade_cd2d9b5b_013BlackboxTest.java:86)
    at sun.reflect.NativeMethodAccessorImpl.invoke0(Native Method)
    at sun.reflect.NativeMethodAccessorImpl.invoke(NativeMethodAccessorImpl.java:62)
    at sun.reflect.DelegatingMethodAccessorImpl.invoke(DelegatingMethodAccessorImpl.java:43)
~ test9(introclassJava.grade_cd2d9b5b_013WhiteboxTest)
[expected:<...(percent)>Studenthas[failedthecours]e> but was:<...(percent)>Studenthas[anFgrad]e>]
org.junit.ComparisonFailure: expected:<...(percent)>Studenthas[failedthecours]e> but was:<...(percent)>Studenthas[anFgrad]e>    at org.junit.Assert.assertEquals(Assert.java:115)
    at org.junit.Assert.assertEquals(Assert.java:144)
    at introclassJava.grade_cd2d9b5b_013WhiteboxTest.test9(grade_cd2d9b5b_013WhiteboxTest.java:86)
    at sun.reflect.NativeMethodAccessorImpl.invoke0(Native Method)
    at sun.reflect.NativeMethodAccessorImpl.invoke(NativeMethodAccessorImpl.java:62)
    at sun.reflect.DelegatingMethodAccessorImpl.invoke(DelegatingMethodAccessorImpl.java:43)

16:48:31.802 [pool-2-thread-1] DEBUG fr.inria.lille.repair.nopol.NoPol - statement #11
16:48:31.802 [pool-2-thread-1] DEBUG fr.inria.lille.repair.nopol.NoPol - Analysing SourceLocation introclassJava.grade_cd2d9b5b_013:68 which is executed by 18 tests
-1193997979
16:48:31.868 [pool-2-thread-1] DEBUG fr.inria.lille.repair.nopol.NoPol - looking with class fr.inria.lille.repair.nopol.spoon.smt.ConditionalAdder
org.junit.ComparisonFailure: expected:<...(percent)>Studenthas[failedthecours]e> but was:<...(percent)>Studenthas[anFgrad]e>
    at org.junit.Assert.assertEquals(Assert.java:115)
    at org.junit.Assert.assertEquals(Assert.java:144)
    at introclassJava.grade_cd2d9b5b_013BlackboxTest.test9(grade_cd2d9b5b_013BlackboxTest.java:86)
    at sun.reflect.NativeMethodAccessorImpl.invoke0(Native Method)
    at sun.reflect.NativeMethodAccessorImpl.invoke(NativeMethodAccessorImpl.java:62)
    at sun.reflect.DelegatingMethodAccessorImpl.invoke(DelegatingMethodAccessorImpl.java:43)
org.junit.ComparisonFailure: expected:<...(percent)>Studenthas[failedthecours]e> but was:<...(percent)>Studenthas[anFgrad]e>
    at org.junit.Assert.assertEquals(Assert.java:115)
    at org.junit.Assert.assertEquals(Assert.java:144)
    at introclassJava.grade_cd2d9b5b_013WhiteboxTest.test9(grade_cd2d9b5b_013WhiteboxTest.java:86)
    at sun.reflect.NativeMethodAccessorImpl.invoke0(Native Method)
    at sun.reflect.NativeMethodAccessorImpl.invoke(NativeMethodAccessorImpl.java:62)
    at sun.reflect.DelegatingMethodAccessorImpl.invoke(DelegatingMethodAccessorImpl.java:43)
16:48:31.898 [pool-82-thread-1] INFO  xxl.java.junit.TestCasesListener - Tests run finished (26 ms)
<> Total tests run: 18
<> Ignored tests: 0
<> Failed tests: 2
~ test9(introclassJava.grade_cd2d9b5b_013BlackboxTest)
[expected:<...(percent)>Studenthas[failedthecours]e> but was:<...(percent)>Studenthas[anFgrad]e>]
org.junit.ComparisonFailure: expected:<...(percent)>Studenthas[failedthecours]e> but was:<...(percent)>Studenthas[anFgrad]e>    at org.junit.Assert.assertEquals(Assert.java:115)
    at org.junit.Assert.assertEquals(Assert.java:144)
    at introclassJava.grade_cd2d9b5b_013BlackboxTest.test9(grade_cd2d9b5b_013BlackboxTest.java:86)
    at sun.reflect.NativeMethodAccessorImpl.invoke0(Native Method)
    at sun.reflect.NativeMethodAccessorImpl.invoke(NativeMethodAccessorImpl.java:62)
    at sun.reflect.DelegatingMethodAccessorImpl.invoke(DelegatingMethodAccessorImpl.java:43)
~ test9(introclassJava.grade_cd2d9b5b_013WhiteboxTest)
[expected:<...(percent)>Studenthas[failedthecours]e> but was:<...(percent)>Studenthas[anFgrad]e>]
org.junit.ComparisonFailure: expected:<...(percent)>Studenthas[failedthecours]e> but was:<...(percent)>Studenthas[anFgrad]e>    at org.junit.Assert.assertEquals(Assert.java:115)
    at org.junit.Assert.assertEquals(Assert.java:144)
    at introclassJava.grade_cd2d9b5b_013WhiteboxTest.test9(grade_cd2d9b5b_013WhiteboxTest.java:86)
    at sun.reflect.NativeMethodAccessorImpl.invoke0(Native Method)
    at sun.reflect.NativeMethodAccessorImpl.invoke(NativeMethodAccessorImpl.java:62)
    at sun.reflect.DelegatingMethodAccessorImpl.invoke(DelegatingMethodAccessorImpl.java:43)

16:48:31.990 [pool-2-thread-1] DEBUG fr.inria.lille.repair.nopol.NoPol - statement #12
16:48:31.990 [pool-2-thread-1] DEBUG fr.inria.lille.repair.nopol.NoPol - Analysing SourceLocation introclassJava.grade_cd2d9b5b_013:67 which is executed by 18 tests
-1193997979
16:48:32.038 [pool-2-thread-1] DEBUG fr.inria.lille.repair.nopol.NoPol - looking with class fr.inria.lille.repair.nopol.spoon.smt.ConditionalAdder
org.junit.ComparisonFailure: expected:<...(percent)>Studenthas[failedthecours]e> but was:<...(percent)>Studenthas[anFgrad]e>
    at org.junit.Assert.assertEquals(Assert.java:115)
    at org.junit.Assert.assertEquals(Assert.java:144)
    at introclassJava.grade_cd2d9b5b_013BlackboxTest.test9(grade_cd2d9b5b_013BlackboxTest.java:86)
    at sun.reflect.NativeMethodAccessorImpl.invoke0(Native Method)
    at sun.reflect.NativeMethodAccessorImpl.invoke(NativeMethodAccessorImpl.java:62)
    at sun.reflect.DelegatingMethodAccessorImpl.invoke(DelegatingMethodAccessorImpl.java:43)
org.junit.ComparisonFailure: expected:<...(percent)>Studenthas[failedthecours]e> but was:<...(percent)>Studenthas[anFgrad]e>
    at org.junit.Assert.assertEquals(Assert.java:115)
    at org.junit.Assert.assertEquals(Assert.java:144)
    at introclassJava.grade_cd2d9b5b_013WhiteboxTest.test9(grade_cd2d9b5b_013WhiteboxTest.java:86)
    at sun.reflect.NativeMethodAccessorImpl.invoke0(Native Method)
    at sun.reflect.NativeMethodAccessorImpl.invoke(NativeMethodAccessorImpl.java:62)
    at sun.reflect.DelegatingMethodAccessorImpl.invoke(DelegatingMethodAccessorImpl.java:43)
16:48:32.053 [pool-88-thread-1] INFO  xxl.java.junit.TestCasesListener - Tests run finished (11 ms)
<> Total tests run: 18
<> Ignored tests: 0
<> Failed tests: 2
~ test9(introclassJava.grade_cd2d9b5b_013BlackboxTest)
[expected:<...(percent)>Studenthas[failedthecours]e> but was:<...(percent)>Studenthas[anFgrad]e>]
org.junit.ComparisonFailure: expected:<...(percent)>Studenthas[failedthecours]e> but was:<...(percent)>Studenthas[anFgrad]e>    at org.junit.Assert.assertEquals(Assert.java:115)
    at org.junit.Assert.assertEquals(Assert.java:144)
    at introclassJava.grade_cd2d9b5b_013BlackboxTest.test9(grade_cd2d9b5b_013BlackboxTest.java:86)
    at sun.reflect.NativeMethodAccessorImpl.invoke0(Native Method)
    at sun.reflect.NativeMethodAccessorImpl.invoke(NativeMethodAccessorImpl.java:62)
    at sun.reflect.DelegatingMethodAccessorImpl.invoke(DelegatingMethodAccessorImpl.java:43)
~ test9(introclassJava.grade_cd2d9b5b_013WhiteboxTest)
[expected:<...(percent)>Studenthas[failedthecours]e> but was:<...(percent)>Studenthas[anFgrad]e>]
org.junit.ComparisonFailure: expected:<...(percent)>Studenthas[failedthecours]e> but was:<...(percent)>Studenthas[anFgrad]e>    at org.junit.Assert.assertEquals(Assert.java:115)
    at org.junit.Assert.assertEquals(Assert.java:144)
    at introclassJava.grade_cd2d9b5b_013WhiteboxTest.test9(grade_cd2d9b5b_013WhiteboxTest.java:86)
    at sun.reflect.NativeMethodAccessorImpl.invoke0(Native Method)
    at sun.reflect.NativeMethodAccessorImpl.invoke(NativeMethodAccessorImpl.java:62)
    at sun.reflect.DelegatingMethodAccessorImpl.invoke(DelegatingMethodAccessorImpl.java:43)

16:48:32.140 [pool-2-thread-1] DEBUG fr.inria.lille.repair.nopol.NoPol - statement #13
16:48:32.140 [pool-2-thread-1] DEBUG fr.inria.lille.repair.nopol.NoPol - Analysing SourceLocation introclassJava.grade_cd2d9b5b_013:66 which is executed by 18 tests
-1193997979
16:48:32.189 [pool-2-thread-1] DEBUG fr.inria.lille.repair.nopol.NoPol - looking with class fr.inria.lille.repair.nopol.spoon.smt.ConditionalAdder
org.junit.ComparisonFailure: expected:<...(percent)>Studenthas[failedthecours]e> but was:<...(percent)>Studenthas[anFgrad]e>
    at org.junit.Assert.assertEquals(Assert.java:115)
    at org.junit.Assert.assertEquals(Assert.java:144)
    at introclassJava.grade_cd2d9b5b_013BlackboxTest.test9(grade_cd2d9b5b_013BlackboxTest.java:86)
    at sun.reflect.NativeMethodAccessorImpl.invoke0(Native Method)
    at sun.reflect.NativeMethodAccessorImpl.invoke(NativeMethodAccessorImpl.java:62)
    at sun.reflect.DelegatingMethodAccessorImpl.invoke(DelegatingMethodAccessorImpl.java:43)
org.junit.ComparisonFailure: expected:<...(percent)>Studenthas[failedthecours]e> but was:<...(percent)>Studenthas[anFgrad]e>
    at org.junit.Assert.assertEquals(Assert.java:115)
    at org.junit.Assert.assertEquals(Assert.java:144)
    at introclassJava.grade_cd2d9b5b_013WhiteboxTest.test9(grade_cd2d9b5b_013WhiteboxTest.java:86)
    at sun.reflect.NativeMethodAccessorImpl.invoke0(Native Method)
    at sun.reflect.NativeMethodAccessorImpl.invoke(NativeMethodAccessorImpl.java:62)
    at sun.reflect.DelegatingMethodAccessorImpl.invoke(DelegatingMethodAccessorImpl.java:43)
16:48:32.203 [pool-94-thread-1] INFO  xxl.java.junit.TestCasesListener - Tests run finished (11 ms)
<> Total tests run: 18
<> Ignored tests: 0
<> Failed tests: 2
~ test9(introclassJava.grade_cd2d9b5b_013BlackboxTest)
[expected:<...(percent)>Studenthas[failedthecours]e> but was:<...(percent)>Studenthas[anFgrad]e>]
org.junit.ComparisonFailure: expected:<...(percent)>Studenthas[failedthecours]e> but was:<...(percent)>Studenthas[anFgrad]e>    at org.junit.Assert.assertEquals(Assert.java:115)
    at org.junit.Assert.assertEquals(Assert.java:144)
    at introclassJava.grade_cd2d9b5b_013BlackboxTest.test9(grade_cd2d9b5b_013BlackboxTest.java:86)
    at sun.reflect.NativeMethodAccessorImpl.invoke0(Native Method)
    at sun.reflect.NativeMethodAccessorImpl.invoke(NativeMethodAccessorImpl.java:62)
    at sun.reflect.DelegatingMethodAccessorImpl.invoke(DelegatingMethodAccessorImpl.java:43)
~ test9(introclassJava.grade_cd2d9b5b_013WhiteboxTest)
[expected:<...(percent)>Studenthas[failedthecours]e> but was:<...(percent)>Studenthas[anFgrad]e>]
org.junit.ComparisonFailure: expected:<...(percent)>Studenthas[failedthecours]e> but was:<...(percent)>Studenthas[anFgrad]e>    at org.junit.Assert.assertEquals(Assert.java:115)
    at org.junit.Assert.assertEquals(Assert.java:144)
    at introclassJava.grade_cd2d9b5b_013WhiteboxTest.test9(grade_cd2d9b5b_013WhiteboxTest.java:86)
    at sun.reflect.NativeMethodAccessorImpl.invoke0(Native Method)
    at sun.reflect.NativeMethodAccessorImpl.invoke(NativeMethodAccessorImpl.java:62)
    at sun.reflect.DelegatingMethodAccessorImpl.invoke(DelegatingMethodAccessorImpl.java:43)

16:48:32.287 [pool-2-thread-1] DEBUG fr.inria.lille.repair.nopol.NoPol - statement #14
16:48:32.288 [pool-2-thread-1] DEBUG fr.inria.lille.repair.nopol.NoPol - Analysing SourceLocation introclassJava.grade_cd2d9b5b_013:65 which is executed by 18 tests
-1193997979
16:48:32.335 [pool-2-thread-1] DEBUG fr.inria.lille.repair.nopol.NoPol - statement #15
16:48:32.335 [pool-2-thread-1] DEBUG fr.inria.lille.repair.nopol.NoPol - Analysing SourceLocation introclassJava.grade_cd2d9b5b_013:63 which is executed by 18 tests
-1193997979
16:48:32.397 [pool-2-thread-1] DEBUG fr.inria.lille.repair.nopol.NoPol - looking with class fr.inria.lille.repair.nopol.spoon.smt.ConditionalAdder
org.junit.ComparisonFailure: expected:<...(percent)>Studenthas[failedthecours]e> but was:<...(percent)>Studenthas[anFgrad]e>
    at org.junit.Assert.assertEquals(Assert.java:115)
    at org.junit.Assert.assertEquals(Assert.java:144)
    at introclassJava.grade_cd2d9b5b_013BlackboxTest.test9(grade_cd2d9b5b_013BlackboxTest.java:86)
    at sun.reflect.NativeMethodAccessorImpl.invoke0(Native Method)
    at sun.reflect.NativeMethodAccessorImpl.invoke(NativeMethodAccessorImpl.java:62)
    at sun.reflect.DelegatingMethodAccessorImpl.invoke(DelegatingMethodAccessorImpl.java:43)
org.junit.ComparisonFailure: expected:<...(percent)>Studenthas[failedthecours]e> but was:<...(percent)>Studenthas[anFgrad]e>
    at org.junit.Assert.assertEquals(Assert.java:115)
    at org.junit.Assert.assertEquals(Assert.java:144)
    at introclassJava.grade_cd2d9b5b_013WhiteboxTest.test9(grade_cd2d9b5b_013WhiteboxTest.java:86)
    at sun.reflect.NativeMethodAccessorImpl.invoke0(Native Method)
    at sun.reflect.NativeMethodAccessorImpl.invoke(NativeMethodAccessorImpl.java:62)
    at sun.reflect.DelegatingMethodAccessorImpl.invoke(DelegatingMethodAccessorImpl.java:43)
16:48:32.411 [pool-100-thread-1] INFO  xxl.java.junit.TestCasesListener - Tests run finished (11 ms)
<> Total tests run: 18
<> Ignored tests: 0
<> Failed tests: 2
~ test9(introclassJava.grade_cd2d9b5b_013BlackboxTest)
[expected:<...(percent)>Studenthas[failedthecours]e> but was:<...(percent)>Studenthas[anFgrad]e>]
org.junit.ComparisonFailure: expected:<...(percent)>Studenthas[failedthecours]e> but was:<...(percent)>Studenthas[anFgrad]e>    at org.junit.Assert.assertEquals(Assert.java:115)
    at org.junit.Assert.assertEquals(Assert.java:144)
    at introclassJava.grade_cd2d9b5b_013BlackboxTest.test9(grade_cd2d9b5b_013BlackboxTest.java:86)
    at sun.reflect.NativeMethodAccessorImpl.invoke0(Native Method)
    at sun.reflect.NativeMethodAccessorImpl.invoke(NativeMethodAccessorImpl.java:62)
    at sun.reflect.DelegatingMethodAccessorImpl.invoke(DelegatingMethodAccessorImpl.java:43)
~ test9(introclassJava.grade_cd2d9b5b_013WhiteboxTest)
[expected:<...(percent)>Studenthas[failedthecours]e> but was:<...(percent)>Studenthas[anFgrad]e>]
org.junit.ComparisonFailure: expected:<...(percent)>Studenthas[failedthecours]e> but was:<...(percent)>Studenthas[anFgrad]e>    at org.junit.Assert.assertEquals(Assert.java:115)
    at org.junit.Assert.assertEquals(Assert.java:144)
    at introclassJava.grade_cd2d9b5b_013WhiteboxTest.test9(grade_cd2d9b5b_013WhiteboxTest.java:86)
    at sun.reflect.NativeMethodAccessorImpl.invoke0(Native Method)
    at sun.reflect.NativeMethodAccessorImpl.invoke(NativeMethodAccessorImpl.java:62)
    at sun.reflect.DelegatingMethodAccessorImpl.invoke(DelegatingMethodAccessorImpl.java:43)

16:48:32.501 [pool-2-thread-1] DEBUG fr.inria.lille.repair.nopol.NoPol - statement #16
16:48:32.501 [pool-2-thread-1] DEBUG fr.inria.lille.repair.nopol.NoPol - Analysing SourceLocation introclassJava.grade_cd2d9b5b_013:62 which is executed by 18 tests
-1193997979
16:48:32.571 [pool-2-thread-1] DEBUG fr.inria.lille.repair.nopol.NoPol - statement #17
16:48:32.571 [pool-2-thread-1] DEBUG fr.inria.lille.repair.nopol.NoPol - Analysing SourceLocation introclassJava.grade_cd2d9b5b_013:61 which is executed by 18 tests
-1193997979
16:48:32.617 [pool-2-thread-1] DEBUG fr.inria.lille.repair.nopol.NoPol - statement #18
16:48:32.617 [pool-2-thread-1] DEBUG fr.inria.lille.repair.nopol.NoPol - Analysing SourceLocation introclassJava.grade_cd2d9b5b_013:60 which is executed by 18 tests
-1193997979
16:48:32.663 [pool-2-thread-1] INFO  fr.inria.lille.repair.nopol.NoPol - ----INFORMATION----
16:48:32.671 [pool-2-thread-1] INFO  fr.inria.lille.repair.nopol.NoPol - Nb classes : 6
16:48:32.671 [pool-2-thread-1] INFO  fr.inria.lille.repair.nopol.NoPol - Nb methods : 2
16:48:32.671 [pool-2-thread-1] INFO  fr.inria.lille.repair.nopol.NoPol - Nb Statements Analyzed : 17
16:48:32.671 [pool-2-thread-1] INFO  fr.inria.lille.repair.nopol.NoPol - Nb Statements with Angelic Value Found : 0
16:48:32.671 [pool-2-thread-1] INFO  fr.inria.lille.repair.nopol.NoPol - NoPol Execution time : 7611ms
16:48:32.671 [pool-2-thread-1] INFO  fr.inria.lille.repair.nopol.NoPol - 
NO_ANGELIC_VALUE
Command exited with non-zero status 255
18.25user 1.18system 0:08.71elapsed 222%CPU (0avgtext+0avgdata 507848maxresident)k
46360inputs+5272outputs (3major+168902minor)pagefaults 0swaps


Node: suno-33.sophia.grid5000.fr



Date: Wed Dec  5 16:48:33 EST 2018

