cd /tmp/DynaMoth_IntroClassJava_grade_317aa7055d3b7337ab43b73863692d1288ca246c473f9fd176bc737a7c3e1e08c37a15603cfb7bfc86f7bc2dcc239967b79b605aec11f86ae3ab90dc140b540f_004;
export JAVA_TOOL_OPTIONS="-Dfile.encoding=UTF8 -Duser.language=en-US -Duser.country=US -Duser.language=en";
TZ="America/New_York"; export TZ;
export PATH="/usr/lib/jvm/java-1.8.0-openjdk-amd64/bin/:$PATH";
export JAVA_HOME="/usr/lib/jvm/java-1.8.0-openjdk-amd64/bin/";
time java -Xmx4048m -cp /home/tdurieux/RepairThemAll/script/../repair_tools/nopol.jar:/usr/lib/jvm/java-1.8.0-openjdk-amd64/bin//../lib/tools.jar fr.inria.lille.repair.Main \
	--mode repair \
	--type pre_then_cond \
	--oracle angelic \
	--synthesis dynamoth \
	--flocal gzoltar \
	--json \
	--solver z3 \
	--solver-path /home/tdurieux/RepairThemAll/script/../libs/z3/build/z3 \
	--complianceLevel 7 \
	--source src/main/java \
	--classpath "target/classes:target/test-classes:/home/tdurieux/.m2/repository/junit/junit/4.11/junit-4.11.jar:/home/tdurieux/.m2/repository/org/hamcrest/hamcrest-core/1.3/hamcrest-core-1.3.jar:/home/tdurieux/RepairThemAll/script/../repair_tools/nopol.jar";
	echo "\n\nNode: `hostname`\n";
	echo "\n\nDate: `date`\n";
Picked up JAVA_TOOL_OPTIONS: -Dfile.encoding=UTF8 -Duser.language=en-US -Duser.country=US -Duser.language=en
16:31:15.015 [main] INFO  fr.inria.lille.repair.nopol.NoPol - Source files: [src/main/java]
16:31:15.029 [main] INFO  fr.inria.lille.repair.nopol.NoPol - Classpath: [file:/tmp/DynaMoth_IntroClassJava_grade_317aa7055d3b7337ab43b73863692d1288ca246c473f9fd176bc737a7c3e1e08c37a15603cfb7bfc86f7bc2dcc239967b79b605aec11f86ae3ab90dc140b540f_004/target/classes/, file:/tmp/DynaMoth_IntroClassJava_grade_317aa7055d3b7337ab43b73863692d1288ca246c473f9fd176bc737a7c3e1e08c37a15603cfb7bfc86f7bc2dcc239967b79b605aec11f86ae3ab90dc140b540f_004/target/test-classes/, file:/home/tdurieux/.m2/repository/junit/junit/4.11/junit-4.11.jar, file:/home/tdurieux/.m2/repository/org/hamcrest/hamcrest-core/1.3/hamcrest-core-1.3.jar, file:/home/tdurieux/RepairThemAll/script/../repair_tools/nopol.jar]
16:31:15.029 [main] INFO  fr.inria.lille.repair.nopol.NoPol - Statement type: PRE_THEN_COND
16:31:15.029 [main] INFO  fr.inria.lille.repair.nopol.NoPol - Args: [introclassJava.grade_317aa705_004BlackboxTest, introclassJava.grade_317aa705_004WhiteboxTest]
16:31:15.031 [main] INFO  fr.inria.lille.repair.nopol.NoPol - Config: Config{synthesisDepth=3, collectStaticMethods=true, collectStaticFields=false, collectLiterals=false, onlyOneSynthesisResult=true, sortExpressions=true, maxLineInvocationPerTest=250, timeoutMethodInvocation=2000, dataCollectionTimeoutInSecondForSynthesis=900, addWeight=0.19478, subWeight=0.04554, mulWeight=0.0102, divWeight=0.00613, andWeight=0.10597, orWeight=0.05708, eqWeight=0.22798, nEqWeight=0.0, lessEqWeight=0.0255, lessWeight=0.0947, methodCallWeight=0.1, fieldAccessWeight=0.08099, constantWeight=0.14232, variableWeight=0.05195, mode=REPAIR, type=PRE_THEN_COND, synthesis=DYNAMOTH, oracle=ANGELIC, solver=Z3, solverPath='/home/tdurieux/RepairThemAll/script/../libs/z3/build/z3', projectSources=[src/main/java], projectClasspath='[Ljava.net.URL;@2ff4f00f', projectTests=[introclassJava.grade_317aa705_004BlackboxTest, introclassJava.grade_317aa705_004WhiteboxTest], complianceLevel=7, outputFolder=., json=true}
16:31:15.031 [main] INFO  fr.inria.lille.repair.nopol.NoPol - Available processors (cores): 8
16:31:15.038 [main] INFO  fr.inria.lille.repair.nopol.NoPol - Free memory: 467 MB
16:31:15.038 [main] INFO  fr.inria.lille.repair.nopol.NoPol - Maximum memory: 3 GB
16:31:15.038 [main] INFO  fr.inria.lille.repair.nopol.NoPol - Total memory available to JVM: 483 MB
16:31:15.038 [main] INFO  fr.inria.lille.repair.nopol.NoPol - Java version: 1.8.0_181
16:31:15.040 [main] INFO  fr.inria.lille.repair.nopol.NoPol - JAVA_HOME: /usr/lib/jvm/java-1.8.0-openjdk-amd64/bin/
16:31:15.040 [main] INFO  fr.inria.lille.repair.nopol.NoPol - PATH: /usr/lib/jvm/java-1.8.0-openjdk-amd64/bin/:/usr/lib/oar/oardodo:/usr/lib/oar/oardodo:/usr/local/bin:/usr/bin:/bin:/usr/games
16:31:18.607 [pool-2-thread-1] DEBUG fr.inria.lille.repair.nopol.NoPol - statement #1
16:31:18.607 [pool-2-thread-1] DEBUG fr.inria.lille.repair.nopol.NoPol - Analysing SourceLocation introclassJava.grade_317aa705_004:86 which is executed by 2 tests
-199686719
16:31:18.865 [pool-2-thread-1] DEBUG fr.inria.lille.repair.nopol.NoPol - looking with class fr.inria.lille.repair.nopol.spoon.smt.ConditionalAdder
org.junit.ComparisonFailure: expected:<...(percent)>Studenthas[failedthecours]e> but was:<...(percent)>Studenthas[anFgrad]e>
    at org.junit.Assert.assertEquals(Assert.java:115)
    at org.junit.Assert.assertEquals(Assert.java:144)
    at introclassJava.grade_317aa705_004BlackboxTest.test9(grade_317aa705_004BlackboxTest.java:86)
    at sun.reflect.NativeMethodAccessorImpl.invoke0(Native Method)
    at sun.reflect.NativeMethodAccessorImpl.invoke(NativeMethodAccessorImpl.java:62)
    at sun.reflect.DelegatingMethodAccessorImpl.invoke(DelegatingMethodAccessorImpl.java:43)
org.junit.ComparisonFailure: expected:<...(percent)>Studenthas[failedthecours]e> but was:<...(percent)>Studenthas[anFgrad]e>
    at org.junit.Assert.assertEquals(Assert.java:115)
    at org.junit.Assert.assertEquals(Assert.java:144)
    at introclassJava.grade_317aa705_004WhiteboxTest.test9(grade_317aa705_004WhiteboxTest.java:86)
    at sun.reflect.NativeMethodAccessorImpl.invoke0(Native Method)
    at sun.reflect.NativeMethodAccessorImpl.invoke(NativeMethodAccessorImpl.java:62)
    at sun.reflect.DelegatingMethodAccessorImpl.invoke(DelegatingMethodAccessorImpl.java:43)
16:31:18.961 [pool-4-thread-1] INFO  xxl.java.junit.TestCasesListener - Tests run finished (66 ms)
<> Total tests run: 18
<> Ignored tests: 0
<> Failed tests: 2
~ test9(introclassJava.grade_317aa705_004BlackboxTest)
[expected:<...(percent)>Studenthas[failedthecours]e> but was:<...(percent)>Studenthas[anFgrad]e>]
org.junit.ComparisonFailure: expected:<...(percent)>Studenthas[failedthecours]e> but was:<...(percent)>Studenthas[anFgrad]e>    at org.junit.Assert.assertEquals(Assert.java:115)
    at org.junit.Assert.assertEquals(Assert.java:144)
    at introclassJava.grade_317aa705_004BlackboxTest.test9(grade_317aa705_004BlackboxTest.java:86)
    at sun.reflect.NativeMethodAccessorImpl.invoke0(Native Method)
    at sun.reflect.NativeMethodAccessorImpl.invoke(NativeMethodAccessorImpl.java:62)
    at sun.reflect.DelegatingMethodAccessorImpl.invoke(DelegatingMethodAccessorImpl.java:43)
~ test9(introclassJava.grade_317aa705_004WhiteboxTest)
[expected:<...(percent)>Studenthas[failedthecours]e> but was:<...(percent)>Studenthas[anFgrad]e>]
org.junit.ComparisonFailure: expected:<...(percent)>Studenthas[failedthecours]e> but was:<...(percent)>Studenthas[anFgrad]e>    at org.junit.Assert.assertEquals(Assert.java:115)
    at org.junit.Assert.assertEquals(Assert.java:144)
    at introclassJava.grade_317aa705_004WhiteboxTest.test9(grade_317aa705_004WhiteboxTest.java:86)
    at sun.reflect.NativeMethodAccessorImpl.invoke0(Native Method)
    at sun.reflect.NativeMethodAccessorImpl.invoke(NativeMethodAccessorImpl.java:62)
    at sun.reflect.DelegatingMethodAccessorImpl.invoke(DelegatingMethodAccessorImpl.java:43)

16:31:19.580 [pool-2-thread-1] DEBUG fr.inria.lille.repair.nopol.NoPol - statement #2
16:31:19.580 [pool-2-thread-1] DEBUG fr.inria.lille.repair.nopol.NoPol - Analysing SourceLocation introclassJava.grade_317aa705_004:85 which is executed by 2 tests
-199686719
16:31:19.647 [pool-2-thread-1] DEBUG fr.inria.lille.repair.nopol.NoPol - looking with class fr.inria.lille.repair.nopol.spoon.smt.ConditionalAdder
org.junit.ComparisonFailure: expected:<...(percent)>Studenthas[failedthecours]e> but was:<...(percent)>Studenthas[anFgrad]e>
    at org.junit.Assert.assertEquals(Assert.java:115)
    at org.junit.Assert.assertEquals(Assert.java:144)
    at introclassJava.grade_317aa705_004BlackboxTest.test9(grade_317aa705_004BlackboxTest.java:86)
    at sun.reflect.NativeMethodAccessorImpl.invoke0(Native Method)
    at sun.reflect.NativeMethodAccessorImpl.invoke(NativeMethodAccessorImpl.java:62)
    at sun.reflect.DelegatingMethodAccessorImpl.invoke(DelegatingMethodAccessorImpl.java:43)
org.junit.ComparisonFailure: expected:<...(percent)>Studenthas[failedthecours]e> but was:<...(percent)>Studenthas[anFgrad]e>
    at org.junit.Assert.assertEquals(Assert.java:115)
    at org.junit.Assert.assertEquals(Assert.java:144)
    at introclassJava.grade_317aa705_004WhiteboxTest.test9(grade_317aa705_004WhiteboxTest.java:86)
    at sun.reflect.NativeMethodAccessorImpl.invoke0(Native Method)
    at sun.reflect.NativeMethodAccessorImpl.invoke(NativeMethodAccessorImpl.java:62)
    at sun.reflect.DelegatingMethodAccessorImpl.invoke(DelegatingMethodAccessorImpl.java:43)
16:31:19.702 [pool-10-thread-1] INFO  xxl.java.junit.TestCasesListener - Tests run finished (49 ms)
<> Total tests run: 18
<> Ignored tests: 0
<> Failed tests: 2
~ test9(introclassJava.grade_317aa705_004BlackboxTest)
[expected:<...(percent)>Studenthas[failedthecours]e> but was:<...(percent)>Studenthas[anFgrad]e>]
org.junit.ComparisonFailure: expected:<...(percent)>Studenthas[failedthecours]e> but was:<...(percent)>Studenthas[anFgrad]e>    at org.junit.Assert.assertEquals(Assert.java:115)
    at org.junit.Assert.assertEquals(Assert.java:144)
    at introclassJava.grade_317aa705_004BlackboxTest.test9(grade_317aa705_004BlackboxTest.java:86)
    at sun.reflect.NativeMethodAccessorImpl.invoke0(Native Method)
    at sun.reflect.NativeMethodAccessorImpl.invoke(NativeMethodAccessorImpl.java:62)
    at sun.reflect.DelegatingMethodAccessorImpl.invoke(DelegatingMethodAccessorImpl.java:43)
~ test9(introclassJava.grade_317aa705_004WhiteboxTest)
[expected:<...(percent)>Studenthas[failedthecours]e> but was:<...(percent)>Studenthas[anFgrad]e>]
org.junit.ComparisonFailure: expected:<...(percent)>Studenthas[failedthecours]e> but was:<...(percent)>Studenthas[anFgrad]e>    at org.junit.Assert.assertEquals(Assert.java:115)
    at org.junit.Assert.assertEquals(Assert.java:144)
    at introclassJava.grade_317aa705_004WhiteboxTest.test9(grade_317aa705_004WhiteboxTest.java:86)
    at sun.reflect.NativeMethodAccessorImpl.invoke0(Native Method)
    at sun.reflect.NativeMethodAccessorImpl.invoke(NativeMethodAccessorImpl.java:62)
    at sun.reflect.DelegatingMethodAccessorImpl.invoke(DelegatingMethodAccessorImpl.java:43)

16:31:19.859 [pool-2-thread-1] DEBUG fr.inria.lille.repair.nopol.NoPol - looking with class fr.inria.lille.repair.nopol.spoon.smt.ConditionalReplacer
org.junit.ComparisonFailure: expected:<...(percent)>Studenthas[failedthecours]e> but was:<...(percent)>Studenthas[anFgrad]e>
    at org.junit.Assert.assertEquals(Assert.java:115)
    at org.junit.Assert.assertEquals(Assert.java:144)
    at introclassJava.grade_317aa705_004BlackboxTest.test9(grade_317aa705_004BlackboxTest.java:86)
    at sun.reflect.NativeMethodAccessorImpl.invoke0(Native Method)
    at sun.reflect.NativeMethodAccessorImpl.invoke(NativeMethodAccessorImpl.java:62)
    at sun.reflect.DelegatingMethodAccessorImpl.invoke(DelegatingMethodAccessorImpl.java:43)
org.junit.ComparisonFailure: expected:<...(percent)>Studenthas[failedthecours]e> but was:<...(percent)>Studenthas[anFgrad]e>
    at org.junit.Assert.assertEquals(Assert.java:115)
    at org.junit.Assert.assertEquals(Assert.java:144)
    at introclassJava.grade_317aa705_004WhiteboxTest.test9(grade_317aa705_004WhiteboxTest.java:86)
    at sun.reflect.NativeMethodAccessorImpl.invoke0(Native Method)
    at sun.reflect.NativeMethodAccessorImpl.invoke(NativeMethodAccessorImpl.java:62)
    at sun.reflect.DelegatingMethodAccessorImpl.invoke(DelegatingMethodAccessorImpl.java:43)
16:31:19.885 [pool-16-thread-1] INFO  xxl.java.junit.TestCasesListener - Tests run finished (21 ms)
<> Total tests run: 18
<> Ignored tests: 0
<> Failed tests: 2
~ test9(introclassJava.grade_317aa705_004BlackboxTest)
[expected:<...(percent)>Studenthas[failedthecours]e> but was:<...(percent)>Studenthas[anFgrad]e>]
org.junit.ComparisonFailure: expected:<...(percent)>Studenthas[failedthecours]e> but was:<...(percent)>Studenthas[anFgrad]e>    at org.junit.Assert.assertEquals(Assert.java:115)
    at org.junit.Assert.assertEquals(Assert.java:144)
    at introclassJava.grade_317aa705_004BlackboxTest.test9(grade_317aa705_004BlackboxTest.java:86)
    at sun.reflect.NativeMethodAccessorImpl.invoke0(Native Method)
    at sun.reflect.NativeMethodAccessorImpl.invoke(NativeMethodAccessorImpl.java:62)
    at sun.reflect.DelegatingMethodAccessorImpl.invoke(DelegatingMethodAccessorImpl.java:43)
~ test9(introclassJava.grade_317aa705_004WhiteboxTest)
[expected:<...(percent)>Studenthas[failedthecours]e> but was:<...(percent)>Studenthas[anFgrad]e>]
org.junit.ComparisonFailure: expected:<...(percent)>Studenthas[failedthecours]e> but was:<...(percent)>Studenthas[anFgrad]e>    at org.junit.Assert.assertEquals(Assert.java:115)
    at org.junit.Assert.assertEquals(Assert.java:144)
    at introclassJava.grade_317aa705_004WhiteboxTest.test9(grade_317aa705_004WhiteboxTest.java:86)
    at sun.reflect.NativeMethodAccessorImpl.invoke0(Native Method)
    at sun.reflect.NativeMethodAccessorImpl.invoke(NativeMethodAccessorImpl.java:62)
    at sun.reflect.DelegatingMethodAccessorImpl.invoke(DelegatingMethodAccessorImpl.java:43)

16:31:20.024 [pool-2-thread-1] DEBUG fr.inria.lille.repair.nopol.NoPol - statement #3
16:31:20.025 [pool-2-thread-1] DEBUG fr.inria.lille.repair.nopol.NoPol - Analysing SourceLocation introclassJava.grade_317aa705_004:83 which is executed by 6 tests
-199686719
16:31:20.087 [pool-2-thread-1] DEBUG fr.inria.lille.repair.nopol.NoPol - looking with class fr.inria.lille.repair.nopol.spoon.smt.ConditionalAdder
org.junit.ComparisonFailure: expected:<...(percent)>Studenthas[failedthecours]e> but was:<...(percent)>Studenthas[anFgrad]e>
    at org.junit.Assert.assertEquals(Assert.java:115)
    at org.junit.Assert.assertEquals(Assert.java:144)
    at introclassJava.grade_317aa705_004BlackboxTest.test9(grade_317aa705_004BlackboxTest.java:86)
    at sun.reflect.NativeMethodAccessorImpl.invoke0(Native Method)
    at sun.reflect.NativeMethodAccessorImpl.invoke(NativeMethodAccessorImpl.java:62)
    at sun.reflect.DelegatingMethodAccessorImpl.invoke(DelegatingMethodAccessorImpl.java:43)
org.junit.ComparisonFailure: expected:<...(percent)>Studenthas[failedthecours]e> but was:<...(percent)>Studenthas[anFgrad]e>
    at org.junit.Assert.assertEquals(Assert.java:115)
    at org.junit.Assert.assertEquals(Assert.java:144)
    at introclassJava.grade_317aa705_004WhiteboxTest.test9(grade_317aa705_004WhiteboxTest.java:86)
    at sun.reflect.NativeMethodAccessorImpl.invoke0(Native Method)
    at sun.reflect.NativeMethodAccessorImpl.invoke(NativeMethodAccessorImpl.java:62)
    at sun.reflect.DelegatingMethodAccessorImpl.invoke(DelegatingMethodAccessorImpl.java:43)
16:31:20.106 [pool-22-thread-1] INFO  xxl.java.junit.TestCasesListener - Tests run finished (15 ms)
<> Total tests run: 18
<> Ignored tests: 0
<> Failed tests: 2
~ test9(introclassJava.grade_317aa705_004BlackboxTest)
[expected:<...(percent)>Studenthas[failedthecours]e> but was:<...(percent)>Studenthas[anFgrad]e>]
org.junit.ComparisonFailure: expected:<...(percent)>Studenthas[failedthecours]e> but was:<...(percent)>Studenthas[anFgrad]e>    at org.junit.Assert.assertEquals(Assert.java:115)
    at org.junit.Assert.assertEquals(Assert.java:144)
    at introclassJava.grade_317aa705_004BlackboxTest.test9(grade_317aa705_004BlackboxTest.java:86)
    at sun.reflect.NativeMethodAccessorImpl.invoke0(Native Method)
    at sun.reflect.NativeMethodAccessorImpl.invoke(NativeMethodAccessorImpl.java:62)
    at sun.reflect.DelegatingMethodAccessorImpl.invoke(DelegatingMethodAccessorImpl.java:43)
~ test9(introclassJava.grade_317aa705_004WhiteboxTest)
[expected:<...(percent)>Studenthas[failedthecours]e> but was:<...(percent)>Studenthas[anFgrad]e>]
org.junit.ComparisonFailure: expected:<...(percent)>Studenthas[failedthecours]e> but was:<...(percent)>Studenthas[anFgrad]e>    at org.junit.Assert.assertEquals(Assert.java:115)
    at org.junit.Assert.assertEquals(Assert.java:144)
    at introclassJava.grade_317aa705_004WhiteboxTest.test9(grade_317aa705_004WhiteboxTest.java:86)
    at sun.reflect.NativeMethodAccessorImpl.invoke0(Native Method)
    at sun.reflect.NativeMethodAccessorImpl.invoke(NativeMethodAccessorImpl.java:62)
    at sun.reflect.DelegatingMethodAccessorImpl.invoke(DelegatingMethodAccessorImpl.java:43)

16:31:20.248 [pool-2-thread-1] DEBUG fr.inria.lille.repair.nopol.NoPol - looking with class fr.inria.lille.repair.nopol.spoon.smt.ConditionalReplacer
org.junit.ComparisonFailure: expected:<...(percent)>Studenthas[failedthecours]e> but was:<...(percent)>Studenthas[anFgrad]e>
    at org.junit.Assert.assertEquals(Assert.java:115)
    at org.junit.Assert.assertEquals(Assert.java:144)
    at introclassJava.grade_317aa705_004BlackboxTest.test9(grade_317aa705_004BlackboxTest.java:86)
    at sun.reflect.NativeMethodAccessorImpl.invoke0(Native Method)
    at sun.reflect.NativeMethodAccessorImpl.invoke(NativeMethodAccessorImpl.java:62)
    at sun.reflect.DelegatingMethodAccessorImpl.invoke(DelegatingMethodAccessorImpl.java:43)
org.junit.ComparisonFailure: expected:<...(percent)>Studenthas[failedthecours]e> but was:<...(percent)>Studenthas[anFgrad]e>
    at org.junit.Assert.assertEquals(Assert.java:115)
    at org.junit.Assert.assertEquals(Assert.java:144)
    at introclassJava.grade_317aa705_004WhiteboxTest.test9(grade_317aa705_004WhiteboxTest.java:86)
    at sun.reflect.NativeMethodAccessorImpl.invoke0(Native Method)
    at sun.reflect.NativeMethodAccessorImpl.invoke(NativeMethodAccessorImpl.java:62)
    at sun.reflect.DelegatingMethodAccessorImpl.invoke(DelegatingMethodAccessorImpl.java:43)
16:31:20.267 [pool-28-thread-1] INFO  xxl.java.junit.TestCasesListener - Tests run finished (15 ms)
<> Total tests run: 18
<> Ignored tests: 0
<> Failed tests: 2
~ test9(introclassJava.grade_317aa705_004BlackboxTest)
[expected:<...(percent)>Studenthas[failedthecours]e> but was:<...(percent)>Studenthas[anFgrad]e>]
org.junit.ComparisonFailure: expected:<...(percent)>Studenthas[failedthecours]e> but was:<...(percent)>Studenthas[anFgrad]e>    at org.junit.Assert.assertEquals(Assert.java:115)
    at org.junit.Assert.assertEquals(Assert.java:144)
    at introclassJava.grade_317aa705_004BlackboxTest.test9(grade_317aa705_004BlackboxTest.java:86)
    at sun.reflect.NativeMethodAccessorImpl.invoke0(Native Method)
    at sun.reflect.NativeMethodAccessorImpl.invoke(NativeMethodAccessorImpl.java:62)
    at sun.reflect.DelegatingMethodAccessorImpl.invoke(DelegatingMethodAccessorImpl.java:43)
~ test9(introclassJava.grade_317aa705_004WhiteboxTest)
[expected:<...(percent)>Studenthas[failedthecours]e> but was:<...(percent)>Studenthas[anFgrad]e>]
org.junit.ComparisonFailure: expected:<...(percent)>Studenthas[failedthecours]e> but was:<...(percent)>Studenthas[anFgrad]e>    at org.junit.Assert.assertEquals(Assert.java:115)
    at org.junit.Assert.assertEquals(Assert.java:144)
    at introclassJava.grade_317aa705_004WhiteboxTest.test9(grade_317aa705_004WhiteboxTest.java:86)
    at sun.reflect.NativeMethodAccessorImpl.invoke0(Native Method)
    at sun.reflect.NativeMethodAccessorImpl.invoke(NativeMethodAccessorImpl.java:62)
    at sun.reflect.DelegatingMethodAccessorImpl.invoke(DelegatingMethodAccessorImpl.java:43)

16:31:20.394 [pool-2-thread-1] DEBUG fr.inria.lille.repair.nopol.NoPol - statement #4
16:31:20.395 [pool-2-thread-1] DEBUG fr.inria.lille.repair.nopol.NoPol - Analysing SourceLocation introclassJava.grade_317aa705_004:81 which is executed by 10 tests
-199686719
16:31:20.455 [pool-2-thread-1] DEBUG fr.inria.lille.repair.nopol.NoPol - looking with class fr.inria.lille.repair.nopol.spoon.smt.ConditionalAdder
org.junit.ComparisonFailure: expected:<...(percent)>Studenthas[failedthecours]e> but was:<...(percent)>Studenthas[anFgrad]e>
    at org.junit.Assert.assertEquals(Assert.java:115)
    at org.junit.Assert.assertEquals(Assert.java:144)
    at introclassJava.grade_317aa705_004BlackboxTest.test9(grade_317aa705_004BlackboxTest.java:86)
    at sun.reflect.NativeMethodAccessorImpl.invoke0(Native Method)
    at sun.reflect.NativeMethodAccessorImpl.invoke(NativeMethodAccessorImpl.java:62)
    at sun.reflect.DelegatingMethodAccessorImpl.invoke(DelegatingMethodAccessorImpl.java:43)
org.junit.ComparisonFailure: expected:<...(percent)>Studenthas[failedthecours]e> but was:<...(percent)>Studenthas[anFgrad]e>
    at org.junit.Assert.assertEquals(Assert.java:115)
    at org.junit.Assert.assertEquals(Assert.java:144)
    at introclassJava.grade_317aa705_004WhiteboxTest.test9(grade_317aa705_004WhiteboxTest.java:86)
    at sun.reflect.NativeMethodAccessorImpl.invoke0(Native Method)
    at sun.reflect.NativeMethodAccessorImpl.invoke(NativeMethodAccessorImpl.java:62)
    at sun.reflect.DelegatingMethodAccessorImpl.invoke(DelegatingMethodAccessorImpl.java:43)
16:31:20.473 [pool-34-thread-1] INFO  xxl.java.junit.TestCasesListener - Tests run finished (14 ms)
<> Total tests run: 18
<> Ignored tests: 0
<> Failed tests: 2
~ test9(introclassJava.grade_317aa705_004BlackboxTest)
[expected:<...(percent)>Studenthas[failedthecours]e> but was:<...(percent)>Studenthas[anFgrad]e>]
org.junit.ComparisonFailure: expected:<...(percent)>Studenthas[failedthecours]e> but was:<...(percent)>Studenthas[anFgrad]e>    at org.junit.Assert.assertEquals(Assert.java:115)
    at org.junit.Assert.assertEquals(Assert.java:144)
    at introclassJava.grade_317aa705_004BlackboxTest.test9(grade_317aa705_004BlackboxTest.java:86)
    at sun.reflect.NativeMethodAccessorImpl.invoke0(Native Method)
    at sun.reflect.NativeMethodAccessorImpl.invoke(NativeMethodAccessorImpl.java:62)
    at sun.reflect.DelegatingMethodAccessorImpl.invoke(DelegatingMethodAccessorImpl.java:43)
~ test9(introclassJava.grade_317aa705_004WhiteboxTest)
[expected:<...(percent)>Studenthas[failedthecours]e> but was:<...(percent)>Studenthas[anFgrad]e>]
org.junit.ComparisonFailure: expected:<...(percent)>Studenthas[failedthecours]e> but was:<...(percent)>Studenthas[anFgrad]e>    at org.junit.Assert.assertEquals(Assert.java:115)
    at org.junit.Assert.assertEquals(Assert.java:144)
    at introclassJava.grade_317aa705_004WhiteboxTest.test9(grade_317aa705_004WhiteboxTest.java:86)
    at sun.reflect.NativeMethodAccessorImpl.invoke0(Native Method)
    at sun.reflect.NativeMethodAccessorImpl.invoke(NativeMethodAccessorImpl.java:62)
    at sun.reflect.DelegatingMethodAccessorImpl.invoke(DelegatingMethodAccessorImpl.java:43)

16:31:20.589 [pool-2-thread-1] DEBUG fr.inria.lille.repair.nopol.NoPol - looking with class fr.inria.lille.repair.nopol.spoon.smt.ConditionalReplacer
org.junit.ComparisonFailure: expected:<...(percent)>Studenthas[failedthecours]e> but was:<...(percent)>Studenthas[anFgrad]e>
    at org.junit.Assert.assertEquals(Assert.java:115)
    at org.junit.Assert.assertEquals(Assert.java:144)
    at introclassJava.grade_317aa705_004BlackboxTest.test9(grade_317aa705_004BlackboxTest.java:86)
    at sun.reflect.NativeMethodAccessorImpl.invoke0(Native Method)
    at sun.reflect.NativeMethodAccessorImpl.invoke(NativeMethodAccessorImpl.java:62)
    at sun.reflect.DelegatingMethodAccessorImpl.invoke(DelegatingMethodAccessorImpl.java:43)
org.junit.ComparisonFailure: expected:<...(percent)>Studenthas[failedthecours]e> but was:<...(percent)>Studenthas[anFgrad]e>
    at org.junit.Assert.assertEquals(Assert.java:115)
    at org.junit.Assert.assertEquals(Assert.java:144)
    at introclassJava.grade_317aa705_004WhiteboxTest.test9(grade_317aa705_004WhiteboxTest.java:86)
    at sun.reflect.NativeMethodAccessorImpl.invoke0(Native Method)
    at sun.reflect.NativeMethodAccessorImpl.invoke(NativeMethodAccessorImpl.java:62)
    at sun.reflect.DelegatingMethodAccessorImpl.invoke(DelegatingMethodAccessorImpl.java:43)
16:31:20.607 [pool-40-thread-1] INFO  xxl.java.junit.TestCasesListener - Tests run finished (14 ms)
<> Total tests run: 18
<> Ignored tests: 0
<> Failed tests: 2
~ test9(introclassJava.grade_317aa705_004BlackboxTest)
[expected:<...(percent)>Studenthas[failedthecours]e> but was:<...(percent)>Studenthas[anFgrad]e>]
org.junit.ComparisonFailure: expected:<...(percent)>Studenthas[failedthecours]e> but was:<...(percent)>Studenthas[anFgrad]e>    at org.junit.Assert.assertEquals(Assert.java:115)
    at org.junit.Assert.assertEquals(Assert.java:144)
    at introclassJava.grade_317aa705_004BlackboxTest.test9(grade_317aa705_004BlackboxTest.java:86)
    at sun.reflect.NativeMethodAccessorImpl.invoke0(Native Method)
    at sun.reflect.NativeMethodAccessorImpl.invoke(NativeMethodAccessorImpl.java:62)
    at sun.reflect.DelegatingMethodAccessorImpl.invoke(DelegatingMethodAccessorImpl.java:43)
~ test9(introclassJava.grade_317aa705_004WhiteboxTest)
[expected:<...(percent)>Studenthas[failedthecours]e> but was:<...(percent)>Studenthas[anFgrad]e>]
org.junit.ComparisonFailure: expected:<...(percent)>Studenthas[failedthecours]e> but was:<...(percent)>Studenthas[anFgrad]e>    at org.junit.Assert.assertEquals(Assert.java:115)
    at org.junit.Assert.assertEquals(Assert.java:144)
    at introclassJava.grade_317aa705_004WhiteboxTest.test9(grade_317aa705_004WhiteboxTest.java:86)
    at sun.reflect.NativeMethodAccessorImpl.invoke0(Native Method)
    at sun.reflect.NativeMethodAccessorImpl.invoke(NativeMethodAccessorImpl.java:62)
    at sun.reflect.DelegatingMethodAccessorImpl.invoke(DelegatingMethodAccessorImpl.java:43)

16:31:20.761 [pool-2-thread-1] DEBUG fr.inria.lille.repair.nopol.NoPol - statement #5
16:31:20.762 [pool-2-thread-1] DEBUG fr.inria.lille.repair.nopol.NoPol - Analysing SourceLocation introclassJava.grade_317aa705_004:79 which is executed by 14 tests
-199686719
16:31:20.823 [pool-2-thread-1] DEBUG fr.inria.lille.repair.nopol.NoPol - looking with class fr.inria.lille.repair.nopol.spoon.smt.ConditionalAdder
org.junit.ComparisonFailure: expected:<...(percent)>Studenthas[failedthecours]e> but was:<...(percent)>Studenthas[anFgrad]e>
    at org.junit.Assert.assertEquals(Assert.java:115)
    at org.junit.Assert.assertEquals(Assert.java:144)
    at introclassJava.grade_317aa705_004BlackboxTest.test9(grade_317aa705_004BlackboxTest.java:86)
    at sun.reflect.NativeMethodAccessorImpl.invoke0(Native Method)
    at sun.reflect.NativeMethodAccessorImpl.invoke(NativeMethodAccessorImpl.java:62)
    at sun.reflect.DelegatingMethodAccessorImpl.invoke(DelegatingMethodAccessorImpl.java:43)
org.junit.ComparisonFailure: expected:<...(percent)>Studenthas[failedthecours]e> but was:<...(percent)>Studenthas[anFgrad]e>
    at org.junit.Assert.assertEquals(Assert.java:115)
    at org.junit.Assert.assertEquals(Assert.java:144)
    at introclassJava.grade_317aa705_004WhiteboxTest.test9(grade_317aa705_004WhiteboxTest.java:86)
    at sun.reflect.NativeMethodAccessorImpl.invoke0(Native Method)
    at sun.reflect.NativeMethodAccessorImpl.invoke(NativeMethodAccessorImpl.java:62)
    at sun.reflect.DelegatingMethodAccessorImpl.invoke(DelegatingMethodAccessorImpl.java:43)
16:31:20.840 [pool-46-thread-1] INFO  xxl.java.junit.TestCasesListener - Tests run finished (13 ms)
<> Total tests run: 18
<> Ignored tests: 0
<> Failed tests: 2
~ test9(introclassJava.grade_317aa705_004BlackboxTest)
[expected:<...(percent)>Studenthas[failedthecours]e> but was:<...(percent)>Studenthas[anFgrad]e>]
org.junit.ComparisonFailure: expected:<...(percent)>Studenthas[failedthecours]e> but was:<...(percent)>Studenthas[anFgrad]e>    at org.junit.Assert.assertEquals(Assert.java:115)
    at org.junit.Assert.assertEquals(Assert.java:144)
    at introclassJava.grade_317aa705_004BlackboxTest.test9(grade_317aa705_004BlackboxTest.java:86)
    at sun.reflect.NativeMethodAccessorImpl.invoke0(Native Method)
    at sun.reflect.NativeMethodAccessorImpl.invoke(NativeMethodAccessorImpl.java:62)
    at sun.reflect.DelegatingMethodAccessorImpl.invoke(DelegatingMethodAccessorImpl.java:43)
~ test9(introclassJava.grade_317aa705_004WhiteboxTest)
[expected:<...(percent)>Studenthas[failedthecours]e> but was:<...(percent)>Studenthas[anFgrad]e>]
org.junit.ComparisonFailure: expected:<...(percent)>Studenthas[failedthecours]e> but was:<...(percent)>Studenthas[anFgrad]e>    at org.junit.Assert.assertEquals(Assert.java:115)
    at org.junit.Assert.assertEquals(Assert.java:144)
    at introclassJava.grade_317aa705_004WhiteboxTest.test9(grade_317aa705_004WhiteboxTest.java:86)
    at sun.reflect.NativeMethodAccessorImpl.invoke0(Native Method)
    at sun.reflect.NativeMethodAccessorImpl.invoke(NativeMethodAccessorImpl.java:62)
    at sun.reflect.DelegatingMethodAccessorImpl.invoke(DelegatingMethodAccessorImpl.java:43)

16:31:20.951 [pool-2-thread-1] DEBUG fr.inria.lille.repair.nopol.NoPol - looking with class fr.inria.lille.repair.nopol.spoon.smt.ConditionalReplacer
org.junit.ComparisonFailure: expected:<...(percent)>Studenthas[failedthecours]e> but was:<...(percent)>Studenthas[anFgrad]e>
    at org.junit.Assert.assertEquals(Assert.java:115)
    at org.junit.Assert.assertEquals(Assert.java:144)
    at introclassJava.grade_317aa705_004BlackboxTest.test9(grade_317aa705_004BlackboxTest.java:86)
    at sun.reflect.NativeMethodAccessorImpl.invoke0(Native Method)
    at sun.reflect.NativeMethodAccessorImpl.invoke(NativeMethodAccessorImpl.java:62)
    at sun.reflect.DelegatingMethodAccessorImpl.invoke(DelegatingMethodAccessorImpl.java:43)
org.junit.ComparisonFailure: expected:<...(percent)>Studenthas[failedthecours]e> but was:<...(percent)>Studenthas[anFgrad]e>
    at org.junit.Assert.assertEquals(Assert.java:115)
    at org.junit.Assert.assertEquals(Assert.java:144)
    at introclassJava.grade_317aa705_004WhiteboxTest.test9(grade_317aa705_004WhiteboxTest.java:86)
    at sun.reflect.NativeMethodAccessorImpl.invoke0(Native Method)
    at sun.reflect.NativeMethodAccessorImpl.invoke(NativeMethodAccessorImpl.java:62)
    at sun.reflect.DelegatingMethodAccessorImpl.invoke(DelegatingMethodAccessorImpl.java:43)
16:31:20.967 [pool-52-thread-1] INFO  xxl.java.junit.TestCasesListener - Tests run finished (13 ms)
<> Total tests run: 18
<> Ignored tests: 0
<> Failed tests: 2
~ test9(introclassJava.grade_317aa705_004BlackboxTest)
[expected:<...(percent)>Studenthas[failedthecours]e> but was:<...(percent)>Studenthas[anFgrad]e>]
org.junit.ComparisonFailure: expected:<...(percent)>Studenthas[failedthecours]e> but was:<...(percent)>Studenthas[anFgrad]e>    at org.junit.Assert.assertEquals(Assert.java:115)
    at org.junit.Assert.assertEquals(Assert.java:144)
    at introclassJava.grade_317aa705_004BlackboxTest.test9(grade_317aa705_004BlackboxTest.java:86)
    at sun.reflect.NativeMethodAccessorImpl.invoke0(Native Method)
    at sun.reflect.NativeMethodAccessorImpl.invoke(NativeMethodAccessorImpl.java:62)
    at sun.reflect.DelegatingMethodAccessorImpl.invoke(DelegatingMethodAccessorImpl.java:43)
~ test9(introclassJava.grade_317aa705_004WhiteboxTest)
[expected:<...(percent)>Studenthas[failedthecours]e> but was:<...(percent)>Studenthas[anFgrad]e>]
org.junit.ComparisonFailure: expected:<...(percent)>Studenthas[failedthecours]e> but was:<...(percent)>Studenthas[anFgrad]e>    at org.junit.Assert.assertEquals(Assert.java:115)
    at org.junit.Assert.assertEquals(Assert.java:144)
    at introclassJava.grade_317aa705_004WhiteboxTest.test9(grade_317aa705_004WhiteboxTest.java:86)
    at sun.reflect.NativeMethodAccessorImpl.invoke0(Native Method)
    at sun.reflect.NativeMethodAccessorImpl.invoke(NativeMethodAccessorImpl.java:62)
    at sun.reflect.DelegatingMethodAccessorImpl.invoke(DelegatingMethodAccessorImpl.java:43)

16:31:21.074 [pool-2-thread-1] DEBUG fr.inria.lille.repair.nopol.NoPol - statement #6
16:31:21.074 [pool-2-thread-1] DEBUG fr.inria.lille.repair.nopol.NoPol - Analysing SourceLocation introclassJava.grade_317aa705_004:90 which is executed by 18 tests
-199686719
16:31:21.131 [pool-2-thread-1] DEBUG fr.inria.lille.repair.nopol.NoPol - looking with class fr.inria.lille.repair.nopol.spoon.smt.ConditionalAdder
org.junit.ComparisonFailure: expected:<...(percent)>Studenthas[failedthecours]e> but was:<...(percent)>Studenthas[anFgrad]e>
    at org.junit.Assert.assertEquals(Assert.java:115)
    at org.junit.Assert.assertEquals(Assert.java:144)
    at introclassJava.grade_317aa705_004BlackboxTest.test9(grade_317aa705_004BlackboxTest.java:86)
    at sun.reflect.NativeMethodAccessorImpl.invoke0(Native Method)
    at sun.reflect.NativeMethodAccessorImpl.invoke(NativeMethodAccessorImpl.java:62)
    at sun.reflect.DelegatingMethodAccessorImpl.invoke(DelegatingMethodAccessorImpl.java:43)
org.junit.ComparisonFailure: expected:<...(percent)>Studenthas[failedthecours]e> but was:<...(percent)>Studenthas[anFgrad]e>
    at org.junit.Assert.assertEquals(Assert.java:115)
    at org.junit.Assert.assertEquals(Assert.java:144)
    at introclassJava.grade_317aa705_004WhiteboxTest.test9(grade_317aa705_004WhiteboxTest.java:86)
    at sun.reflect.NativeMethodAccessorImpl.invoke0(Native Method)
    at sun.reflect.NativeMethodAccessorImpl.invoke(NativeMethodAccessorImpl.java:62)
    at sun.reflect.DelegatingMethodAccessorImpl.invoke(DelegatingMethodAccessorImpl.java:43)
16:31:21.155 [pool-58-thread-1] INFO  xxl.java.junit.TestCasesListener - Tests run finished (19 ms)
<> Total tests run: 18
<> Ignored tests: 0
<> Failed tests: 2
~ test9(introclassJava.grade_317aa705_004BlackboxTest)
[expected:<...(percent)>Studenthas[failedthecours]e> but was:<...(percent)>Studenthas[anFgrad]e>]
org.junit.ComparisonFailure: expected:<...(percent)>Studenthas[failedthecours]e> but was:<...(percent)>Studenthas[anFgrad]e>    at org.junit.Assert.assertEquals(Assert.java:115)
    at org.junit.Assert.assertEquals(Assert.java:144)
    at introclassJava.grade_317aa705_004BlackboxTest.test9(grade_317aa705_004BlackboxTest.java:86)
    at sun.reflect.NativeMethodAccessorImpl.invoke0(Native Method)
    at sun.reflect.NativeMethodAccessorImpl.invoke(NativeMethodAccessorImpl.java:62)
    at sun.reflect.DelegatingMethodAccessorImpl.invoke(DelegatingMethodAccessorImpl.java:43)
~ test9(introclassJava.grade_317aa705_004WhiteboxTest)
[expected:<...(percent)>Studenthas[failedthecours]e> but was:<...(percent)>Studenthas[anFgrad]e>]
org.junit.ComparisonFailure: expected:<...(percent)>Studenthas[failedthecours]e> but was:<...(percent)>Studenthas[anFgrad]e>    at org.junit.Assert.assertEquals(Assert.java:115)
    at org.junit.Assert.assertEquals(Assert.java:144)
    at introclassJava.grade_317aa705_004WhiteboxTest.test9(grade_317aa705_004WhiteboxTest.java:86)
    at sun.reflect.NativeMethodAccessorImpl.invoke0(Native Method)
    at sun.reflect.NativeMethodAccessorImpl.invoke(NativeMethodAccessorImpl.java:62)
    at sun.reflect.DelegatingMethodAccessorImpl.invoke(DelegatingMethodAccessorImpl.java:43)

16:31:21.261 [pool-2-thread-1] DEBUG fr.inria.lille.repair.nopol.NoPol - statement #7
16:31:21.262 [pool-2-thread-1] DEBUG fr.inria.lille.repair.nopol.NoPol - Analysing SourceLocation introclassJava.grade_317aa705_004:88 which is executed by 18 tests
-199686719
16:31:21.330 [pool-2-thread-1] DEBUG fr.inria.lille.repair.nopol.NoPol - looking with class fr.inria.lille.repair.nopol.spoon.smt.ConditionalAdder
org.junit.ComparisonFailure: expected:<...(percent)>Studenthas[failedthecours]e> but was:<...(percent)>Studenthas[anFgrad]e>
    at org.junit.Assert.assertEquals(Assert.java:115)
    at org.junit.Assert.assertEquals(Assert.java:144)
    at introclassJava.grade_317aa705_004BlackboxTest.test9(grade_317aa705_004BlackboxTest.java:86)
    at sun.reflect.NativeMethodAccessorImpl.invoke0(Native Method)
    at sun.reflect.NativeMethodAccessorImpl.invoke(NativeMethodAccessorImpl.java:62)
    at sun.reflect.DelegatingMethodAccessorImpl.invoke(DelegatingMethodAccessorImpl.java:43)
org.junit.ComparisonFailure: expected:<...(percent)>Studenthas[failedthecours]e> but was:<...(percent)>Studenthas[anFgrad]e>
    at org.junit.Assert.assertEquals(Assert.java:115)
    at org.junit.Assert.assertEquals(Assert.java:144)
    at introclassJava.grade_317aa705_004WhiteboxTest.test9(grade_317aa705_004WhiteboxTest.java:86)
    at sun.reflect.NativeMethodAccessorImpl.invoke0(Native Method)
    at sun.reflect.NativeMethodAccessorImpl.invoke(NativeMethodAccessorImpl.java:62)
    at sun.reflect.DelegatingMethodAccessorImpl.invoke(DelegatingMethodAccessorImpl.java:43)
16:31:21.346 [pool-64-thread-1] INFO  xxl.java.junit.TestCasesListener - Tests run finished (12 ms)
<> Total tests run: 18
<> Ignored tests: 0
<> Failed tests: 2
~ test9(introclassJava.grade_317aa705_004BlackboxTest)
[expected:<...(percent)>Studenthas[failedthecours]e> but was:<...(percent)>Studenthas[anFgrad]e>]
org.junit.ComparisonFailure: expected:<...(percent)>Studenthas[failedthecours]e> but was:<...(percent)>Studenthas[anFgrad]e>    at org.junit.Assert.assertEquals(Assert.java:115)
    at org.junit.Assert.assertEquals(Assert.java:144)
    at introclassJava.grade_317aa705_004BlackboxTest.test9(grade_317aa705_004BlackboxTest.java:86)
    at sun.reflect.NativeMethodAccessorImpl.invoke0(Native Method)
    at sun.reflect.NativeMethodAccessorImpl.invoke(NativeMethodAccessorImpl.java:62)
    at sun.reflect.DelegatingMethodAccessorImpl.invoke(DelegatingMethodAccessorImpl.java:43)
~ test9(introclassJava.grade_317aa705_004WhiteboxTest)
[expected:<...(percent)>Studenthas[failedthecours]e> but was:<...(percent)>Studenthas[anFgrad]e>]
org.junit.ComparisonFailure: expected:<...(percent)>Studenthas[failedthecours]e> but was:<...(percent)>Studenthas[anFgrad]e>    at org.junit.Assert.assertEquals(Assert.java:115)
    at org.junit.Assert.assertEquals(Assert.java:144)
    at introclassJava.grade_317aa705_004WhiteboxTest.test9(grade_317aa705_004WhiteboxTest.java:86)
    at sun.reflect.NativeMethodAccessorImpl.invoke0(Native Method)
    at sun.reflect.NativeMethodAccessorImpl.invoke(NativeMethodAccessorImpl.java:62)
    at sun.reflect.DelegatingMethodAccessorImpl.invoke(DelegatingMethodAccessorImpl.java:43)

16:31:21.448 [pool-2-thread-1] DEBUG fr.inria.lille.repair.nopol.NoPol - statement #8
16:31:21.448 [pool-2-thread-1] DEBUG fr.inria.lille.repair.nopol.NoPol - Analysing SourceLocation introclassJava.grade_317aa705_004:77 which is executed by 18 tests
-199686719
16:31:21.501 [pool-2-thread-1] DEBUG fr.inria.lille.repair.nopol.NoPol - looking with class fr.inria.lille.repair.nopol.spoon.smt.ConditionalAdder
org.junit.ComparisonFailure: expected:<...(percent)>Studenthas[failedthecours]e> but was:<...(percent)>Studenthas[anFgrad]e>
    at org.junit.Assert.assertEquals(Assert.java:115)
    at org.junit.Assert.assertEquals(Assert.java:144)
    at introclassJava.grade_317aa705_004BlackboxTest.test9(grade_317aa705_004BlackboxTest.java:86)
    at sun.reflect.NativeMethodAccessorImpl.invoke0(Native Method)
    at sun.reflect.NativeMethodAccessorImpl.invoke(NativeMethodAccessorImpl.java:62)
    at sun.reflect.DelegatingMethodAccessorImpl.invoke(DelegatingMethodAccessorImpl.java:43)
org.junit.ComparisonFailure: expected:<...(percent)>Studenthas[failedthecours]e> but was:<...(percent)>Studenthas[anFgrad]e>
    at org.junit.Assert.assertEquals(Assert.java:115)
    at org.junit.Assert.assertEquals(Assert.java:144)
    at introclassJava.grade_317aa705_004WhiteboxTest.test9(grade_317aa705_004WhiteboxTest.java:86)
    at sun.reflect.NativeMethodAccessorImpl.invoke0(Native Method)
    at sun.reflect.NativeMethodAccessorImpl.invoke(NativeMethodAccessorImpl.java:62)
    at sun.reflect.DelegatingMethodAccessorImpl.invoke(DelegatingMethodAccessorImpl.java:43)
16:31:21.517 [pool-70-thread-1] INFO  xxl.java.junit.TestCasesListener - Tests run finished (13 ms)
<> Total tests run: 18
<> Ignored tests: 0
<> Failed tests: 2
~ test9(introclassJava.grade_317aa705_004BlackboxTest)
[expected:<...(percent)>Studenthas[failedthecours]e> but was:<...(percent)>Studenthas[anFgrad]e>]
org.junit.ComparisonFailure: expected:<...(percent)>Studenthas[failedthecours]e> but was:<...(percent)>Studenthas[anFgrad]e>    at org.junit.Assert.assertEquals(Assert.java:115)
    at org.junit.Assert.assertEquals(Assert.java:144)
    at introclassJava.grade_317aa705_004BlackboxTest.test9(grade_317aa705_004BlackboxTest.java:86)
    at sun.reflect.NativeMethodAccessorImpl.invoke0(Native Method)
    at sun.reflect.NativeMethodAccessorImpl.invoke(NativeMethodAccessorImpl.java:62)
    at sun.reflect.DelegatingMethodAccessorImpl.invoke(DelegatingMethodAccessorImpl.java:43)
~ test9(introclassJava.grade_317aa705_004WhiteboxTest)
[expected:<...(percent)>Studenthas[failedthecours]e> but was:<...(percent)>Studenthas[anFgrad]e>]
org.junit.ComparisonFailure: expected:<...(percent)>Studenthas[failedthecours]e> but was:<...(percent)>Studenthas[anFgrad]e>    at org.junit.Assert.assertEquals(Assert.java:115)
    at org.junit.Assert.assertEquals(Assert.java:144)
    at introclassJava.grade_317aa705_004WhiteboxTest.test9(grade_317aa705_004WhiteboxTest.java:86)
    at sun.reflect.NativeMethodAccessorImpl.invoke0(Native Method)
    at sun.reflect.NativeMethodAccessorImpl.invoke(NativeMethodAccessorImpl.java:62)
    at sun.reflect.DelegatingMethodAccessorImpl.invoke(DelegatingMethodAccessorImpl.java:43)

16:31:21.616 [pool-2-thread-1] DEBUG fr.inria.lille.repair.nopol.NoPol - looking with class fr.inria.lille.repair.nopol.spoon.smt.ConditionalReplacer
org.junit.ComparisonFailure: expected:<...(percent)>Studenthas[failedthecours]e> but was:<...(percent)>Studenthas[anFgrad]e>
    at org.junit.Assert.assertEquals(Assert.java:115)
    at org.junit.Assert.assertEquals(Assert.java:144)
    at introclassJava.grade_317aa705_004BlackboxTest.test9(grade_317aa705_004BlackboxTest.java:86)
    at sun.reflect.NativeMethodAccessorImpl.invoke0(Native Method)
    at sun.reflect.NativeMethodAccessorImpl.invoke(NativeMethodAccessorImpl.java:62)
    at sun.reflect.DelegatingMethodAccessorImpl.invoke(DelegatingMethodAccessorImpl.java:43)
org.junit.ComparisonFailure: expected:<...(percent)>Studenthas[failedthecours]e> but was:<...(percent)>Studenthas[anFgrad]e>
    at org.junit.Assert.assertEquals(Assert.java:115)
    at org.junit.Assert.assertEquals(Assert.java:144)
    at introclassJava.grade_317aa705_004WhiteboxTest.test9(grade_317aa705_004WhiteboxTest.java:86)
    at sun.reflect.NativeMethodAccessorImpl.invoke0(Native Method)
    at sun.reflect.NativeMethodAccessorImpl.invoke(NativeMethodAccessorImpl.java:62)
    at sun.reflect.DelegatingMethodAccessorImpl.invoke(DelegatingMethodAccessorImpl.java:43)
16:31:21.630 [pool-76-thread-1] INFO  xxl.java.junit.TestCasesListener - Tests run finished (10 ms)
<> Total tests run: 18
<> Ignored tests: 0
<> Failed tests: 2
~ test9(introclassJava.grade_317aa705_004BlackboxTest)
[expected:<...(percent)>Studenthas[failedthecours]e> but was:<...(percent)>Studenthas[anFgrad]e>]
org.junit.ComparisonFailure: expected:<...(percent)>Studenthas[failedthecours]e> but was:<...(percent)>Studenthas[anFgrad]e>    at org.junit.Assert.assertEquals(Assert.java:115)
    at org.junit.Assert.assertEquals(Assert.java:144)
    at introclassJava.grade_317aa705_004BlackboxTest.test9(grade_317aa705_004BlackboxTest.java:86)
    at sun.reflect.NativeMethodAccessorImpl.invoke0(Native Method)
    at sun.reflect.NativeMethodAccessorImpl.invoke(NativeMethodAccessorImpl.java:62)
    at sun.reflect.DelegatingMethodAccessorImpl.invoke(DelegatingMethodAccessorImpl.java:43)
~ test9(introclassJava.grade_317aa705_004WhiteboxTest)
[expected:<...(percent)>Studenthas[failedthecours]e> but was:<...(percent)>Studenthas[anFgrad]e>]
org.junit.ComparisonFailure: expected:<...(percent)>Studenthas[failedthecours]e> but was:<...(percent)>Studenthas[anFgrad]e>    at org.junit.Assert.assertEquals(Assert.java:115)
    at org.junit.Assert.assertEquals(Assert.java:144)
    at introclassJava.grade_317aa705_004WhiteboxTest.test9(grade_317aa705_004WhiteboxTest.java:86)
    at sun.reflect.NativeMethodAccessorImpl.invoke0(Native Method)
    at sun.reflect.NativeMethodAccessorImpl.invoke(NativeMethodAccessorImpl.java:62)
    at sun.reflect.DelegatingMethodAccessorImpl.invoke(DelegatingMethodAccessorImpl.java:43)

16:31:21.739 [pool-2-thread-1] DEBUG fr.inria.lille.repair.nopol.NoPol - statement #9
16:31:21.739 [pool-2-thread-1] DEBUG fr.inria.lille.repair.nopol.NoPol - Analysing SourceLocation introclassJava.grade_317aa705_004:73 which is executed by 18 tests
-199686719
16:31:21.810 [pool-2-thread-1] DEBUG fr.inria.lille.repair.nopol.NoPol - looking with class fr.inria.lille.repair.nopol.spoon.smt.ConditionalAdder
org.junit.ComparisonFailure: expected:<...(percent)>Studenthas[failedthecours]e> but was:<...(percent)>Studenthas[anFgrad]e>
    at org.junit.Assert.assertEquals(Assert.java:115)
    at org.junit.Assert.assertEquals(Assert.java:144)
    at introclassJava.grade_317aa705_004BlackboxTest.test9(grade_317aa705_004BlackboxTest.java:86)
    at sun.reflect.NativeMethodAccessorImpl.invoke0(Native Method)
    at sun.reflect.NativeMethodAccessorImpl.invoke(NativeMethodAccessorImpl.java:62)
    at sun.reflect.DelegatingMethodAccessorImpl.invoke(DelegatingMethodAccessorImpl.java:43)
org.junit.ComparisonFailure: expected:<...(percent)>Studenthas[failedthecours]e> but was:<...(percent)>Studenthas[anFgrad]e>
    at org.junit.Assert.assertEquals(Assert.java:115)
    at org.junit.Assert.assertEquals(Assert.java:144)
    at introclassJava.grade_317aa705_004WhiteboxTest.test9(grade_317aa705_004WhiteboxTest.java:86)
    at sun.reflect.NativeMethodAccessorImpl.invoke0(Native Method)
    at sun.reflect.NativeMethodAccessorImpl.invoke(NativeMethodAccessorImpl.java:62)
    at sun.reflect.DelegatingMethodAccessorImpl.invoke(DelegatingMethodAccessorImpl.java:43)
16:31:21.828 [pool-82-thread-1] INFO  xxl.java.junit.TestCasesListener - Tests run finished (14 ms)
<> Total tests run: 18
<> Ignored tests: 0
<> Failed tests: 2
~ test9(introclassJava.grade_317aa705_004BlackboxTest)
[expected:<...(percent)>Studenthas[failedthecours]e> but was:<...(percent)>Studenthas[anFgrad]e>]
org.junit.ComparisonFailure: expected:<...(percent)>Studenthas[failedthecours]e> but was:<...(percent)>Studenthas[anFgrad]e>    at org.junit.Assert.assertEquals(Assert.java:115)
    at org.junit.Assert.assertEquals(Assert.java:144)
    at introclassJava.grade_317aa705_004BlackboxTest.test9(grade_317aa705_004BlackboxTest.java:86)
    at sun.reflect.NativeMethodAccessorImpl.invoke0(Native Method)
    at sun.reflect.NativeMethodAccessorImpl.invoke(NativeMethodAccessorImpl.java:62)
    at sun.reflect.DelegatingMethodAccessorImpl.invoke(DelegatingMethodAccessorImpl.java:43)
~ test9(introclassJava.grade_317aa705_004WhiteboxTest)
[expected:<...(percent)>Studenthas[failedthecours]e> but was:<...(percent)>Studenthas[anFgrad]e>]
org.junit.ComparisonFailure: expected:<...(percent)>Studenthas[failedthecours]e> but was:<...(percent)>Studenthas[anFgrad]e>    at org.junit.Assert.assertEquals(Assert.java:115)
    at org.junit.Assert.assertEquals(Assert.java:144)
    at introclassJava.grade_317aa705_004WhiteboxTest.test9(grade_317aa705_004WhiteboxTest.java:86)
    at sun.reflect.NativeMethodAccessorImpl.invoke0(Native Method)
    at sun.reflect.NativeMethodAccessorImpl.invoke(NativeMethodAccessorImpl.java:62)
    at sun.reflect.DelegatingMethodAccessorImpl.invoke(DelegatingMethodAccessorImpl.java:43)

16:31:21.957 [pool-2-thread-1] DEBUG fr.inria.lille.repair.nopol.NoPol - looking with class fr.inria.lille.repair.nopol.spoon.smt.ConditionalReplacer
org.junit.ComparisonFailure: expected:<...(percent)>Studenthas[failedthecours]e> but was:<...(percent)>Studenthas[anFgrad]e>
    at org.junit.Assert.assertEquals(Assert.java:115)
    at org.junit.Assert.assertEquals(Assert.java:144)
    at introclassJava.grade_317aa705_004BlackboxTest.test9(grade_317aa705_004BlackboxTest.java:86)
    at sun.reflect.NativeMethodAccessorImpl.invoke0(Native Method)
    at sun.reflect.NativeMethodAccessorImpl.invoke(NativeMethodAccessorImpl.java:62)
    at sun.reflect.DelegatingMethodAccessorImpl.invoke(DelegatingMethodAccessorImpl.java:43)
org.junit.ComparisonFailure: expected:<...(percent)>Studenthas[failedthecours]e> but was:<...(percent)>Studenthas[anFgrad]e>
    at org.junit.Assert.assertEquals(Assert.java:115)
    at org.junit.Assert.assertEquals(Assert.java:144)
    at introclassJava.grade_317aa705_004WhiteboxTest.test9(grade_317aa705_004WhiteboxTest.java:86)
    at sun.reflect.NativeMethodAccessorImpl.invoke0(Native Method)
    at sun.reflect.NativeMethodAccessorImpl.invoke(NativeMethodAccessorImpl.java:62)
    at sun.reflect.DelegatingMethodAccessorImpl.invoke(DelegatingMethodAccessorImpl.java:43)
16:31:21.971 [pool-88-thread-1] INFO  xxl.java.junit.TestCasesListener - Tests run finished (11 ms)
<> Total tests run: 18
<> Ignored tests: 0
<> Failed tests: 2
~ test9(introclassJava.grade_317aa705_004BlackboxTest)
[expected:<...(percent)>Studenthas[failedthecours]e> but was:<...(percent)>Studenthas[anFgrad]e>]
org.junit.ComparisonFailure: expected:<...(percent)>Studenthas[failedthecours]e> but was:<...(percent)>Studenthas[anFgrad]e>    at org.junit.Assert.assertEquals(Assert.java:115)
    at org.junit.Assert.assertEquals(Assert.java:144)
    at introclassJava.grade_317aa705_004BlackboxTest.test9(grade_317aa705_004BlackboxTest.java:86)
    at sun.reflect.NativeMethodAccessorImpl.invoke0(Native Method)
    at sun.reflect.NativeMethodAccessorImpl.invoke(NativeMethodAccessorImpl.java:62)
    at sun.reflect.DelegatingMethodAccessorImpl.invoke(DelegatingMethodAccessorImpl.java:43)
~ test9(introclassJava.grade_317aa705_004WhiteboxTest)
[expected:<...(percent)>Studenthas[failedthecours]e> but was:<...(percent)>Studenthas[anFgrad]e>]
org.junit.ComparisonFailure: expected:<...(percent)>Studenthas[failedthecours]e> but was:<...(percent)>Studenthas[anFgrad]e>    at org.junit.Assert.assertEquals(Assert.java:115)
    at org.junit.Assert.assertEquals(Assert.java:144)
    at introclassJava.grade_317aa705_004WhiteboxTest.test9(grade_317aa705_004WhiteboxTest.java:86)
    at sun.reflect.NativeMethodAccessorImpl.invoke0(Native Method)
    at sun.reflect.NativeMethodAccessorImpl.invoke(NativeMethodAccessorImpl.java:62)
    at sun.reflect.DelegatingMethodAccessorImpl.invoke(DelegatingMethodAccessorImpl.java:43)

16:31:22.065 [pool-2-thread-1] DEBUG fr.inria.lille.repair.nopol.NoPol - statement #10
16:31:22.065 [pool-2-thread-1] DEBUG fr.inria.lille.repair.nopol.NoPol - Analysing SourceLocation introclassJava.grade_317aa705_004:72 which is executed by 18 tests
-199686719
16:31:22.115 [pool-2-thread-1] DEBUG fr.inria.lille.repair.nopol.NoPol - looking with class fr.inria.lille.repair.nopol.spoon.smt.ConditionalAdder
org.junit.ComparisonFailure: expected:<...(percent)>Studenthas[failedthecours]e> but was:<...(percent)>Studenthas[anFgrad]e>
    at org.junit.Assert.assertEquals(Assert.java:115)
    at org.junit.Assert.assertEquals(Assert.java:144)
    at introclassJava.grade_317aa705_004BlackboxTest.test9(grade_317aa705_004BlackboxTest.java:86)
    at sun.reflect.NativeMethodAccessorImpl.invoke0(Native Method)
    at sun.reflect.NativeMethodAccessorImpl.invoke(NativeMethodAccessorImpl.java:62)
    at sun.reflect.DelegatingMethodAccessorImpl.invoke(DelegatingMethodAccessorImpl.java:43)
org.junit.ComparisonFailure: expected:<...(percent)>Studenthas[failedthecours]e> but was:<...(percent)>Studenthas[anFgrad]e>
    at org.junit.Assert.assertEquals(Assert.java:115)
    at org.junit.Assert.assertEquals(Assert.java:144)
    at introclassJava.grade_317aa705_004WhiteboxTest.test9(grade_317aa705_004WhiteboxTest.java:86)
    at sun.reflect.NativeMethodAccessorImpl.invoke0(Native Method)
    at sun.reflect.NativeMethodAccessorImpl.invoke(NativeMethodAccessorImpl.java:62)
    at sun.reflect.DelegatingMethodAccessorImpl.invoke(DelegatingMethodAccessorImpl.java:43)
16:31:22.130 [pool-94-thread-1] INFO  xxl.java.junit.TestCasesListener - Tests run finished (11 ms)
<> Total tests run: 18
<> Ignored tests: 0
<> Failed tests: 2
~ test9(introclassJava.grade_317aa705_004BlackboxTest)
[expected:<...(percent)>Studenthas[failedthecours]e> but was:<...(percent)>Studenthas[anFgrad]e>]
org.junit.ComparisonFailure: expected:<...(percent)>Studenthas[failedthecours]e> but was:<...(percent)>Studenthas[anFgrad]e>    at org.junit.Assert.assertEquals(Assert.java:115)
    at org.junit.Assert.assertEquals(Assert.java:144)
    at introclassJava.grade_317aa705_004BlackboxTest.test9(grade_317aa705_004BlackboxTest.java:86)
    at sun.reflect.NativeMethodAccessorImpl.invoke0(Native Method)
    at sun.reflect.NativeMethodAccessorImpl.invoke(NativeMethodAccessorImpl.java:62)
    at sun.reflect.DelegatingMethodAccessorImpl.invoke(DelegatingMethodAccessorImpl.java:43)
~ test9(introclassJava.grade_317aa705_004WhiteboxTest)
[expected:<...(percent)>Studenthas[failedthecours]e> but was:<...(percent)>Studenthas[anFgrad]e>]
org.junit.ComparisonFailure: expected:<...(percent)>Studenthas[failedthecours]e> but was:<...(percent)>Studenthas[anFgrad]e>    at org.junit.Assert.assertEquals(Assert.java:115)
    at org.junit.Assert.assertEquals(Assert.java:144)
    at introclassJava.grade_317aa705_004WhiteboxTest.test9(grade_317aa705_004WhiteboxTest.java:86)
    at sun.reflect.NativeMethodAccessorImpl.invoke0(Native Method)
    at sun.reflect.NativeMethodAccessorImpl.invoke(NativeMethodAccessorImpl.java:62)
    at sun.reflect.DelegatingMethodAccessorImpl.invoke(DelegatingMethodAccessorImpl.java:43)

16:31:22.217 [pool-2-thread-1] DEBUG fr.inria.lille.repair.nopol.NoPol - statement #11
16:31:22.218 [pool-2-thread-1] DEBUG fr.inria.lille.repair.nopol.NoPol - Analysing SourceLocation introclassJava.grade_317aa705_004:71 which is executed by 18 tests
-199686719
16:31:22.267 [pool-2-thread-1] DEBUG fr.inria.lille.repair.nopol.NoPol - statement #12
16:31:22.267 [pool-2-thread-1] DEBUG fr.inria.lille.repair.nopol.NoPol - Analysing SourceLocation introclassJava.grade_317aa705_004:70 which is executed by 18 tests
-199686719
16:31:22.317 [pool-2-thread-1] DEBUG fr.inria.lille.repair.nopol.NoPol - looking with class fr.inria.lille.repair.nopol.spoon.smt.ConditionalAdder
org.junit.ComparisonFailure: expected:<...(percent)>Studenthas[failedthecours]e> but was:<...(percent)>Studenthas[anFgrad]e>
    at org.junit.Assert.assertEquals(Assert.java:115)
    at org.junit.Assert.assertEquals(Assert.java:144)
    at introclassJava.grade_317aa705_004BlackboxTest.test9(grade_317aa705_004BlackboxTest.java:86)
    at sun.reflect.NativeMethodAccessorImpl.invoke0(Native Method)
    at sun.reflect.NativeMethodAccessorImpl.invoke(NativeMethodAccessorImpl.java:62)
    at sun.reflect.DelegatingMethodAccessorImpl.invoke(DelegatingMethodAccessorImpl.java:43)
org.junit.ComparisonFailure: expected:<...(percent)>Studenthas[failedthecours]e> but was:<...(percent)>Studenthas[anFgrad]e>
    at org.junit.Assert.assertEquals(Assert.java:115)
    at org.junit.Assert.assertEquals(Assert.java:144)
    at introclassJava.grade_317aa705_004WhiteboxTest.test9(grade_317aa705_004WhiteboxTest.java:86)
    at sun.reflect.NativeMethodAccessorImpl.invoke0(Native Method)
    at sun.reflect.NativeMethodAccessorImpl.invoke(NativeMethodAccessorImpl.java:62)
    at sun.reflect.DelegatingMethodAccessorImpl.invoke(DelegatingMethodAccessorImpl.java:43)
16:31:22.331 [pool-100-thread-1] INFO  xxl.java.junit.TestCasesListener - Tests run finished (11 ms)
<> Total tests run: 18
<> Ignored tests: 0
<> Failed tests: 2
~ test9(introclassJava.grade_317aa705_004BlackboxTest)
[expected:<...(percent)>Studenthas[failedthecours]e> but was:<...(percent)>Studenthas[anFgrad]e>]
org.junit.ComparisonFailure: expected:<...(percent)>Studenthas[failedthecours]e> but was:<...(percent)>Studenthas[anFgrad]e>    at org.junit.Assert.assertEquals(Assert.java:115)
    at org.junit.Assert.assertEquals(Assert.java:144)
    at introclassJava.grade_317aa705_004BlackboxTest.test9(grade_317aa705_004BlackboxTest.java:86)
    at sun.reflect.NativeMethodAccessorImpl.invoke0(Native Method)
    at sun.reflect.NativeMethodAccessorImpl.invoke(NativeMethodAccessorImpl.java:62)
    at sun.reflect.DelegatingMethodAccessorImpl.invoke(DelegatingMethodAccessorImpl.java:43)
~ test9(introclassJava.grade_317aa705_004WhiteboxTest)
[expected:<...(percent)>Studenthas[failedthecours]e> but was:<...(percent)>Studenthas[anFgrad]e>]
org.junit.ComparisonFailure: expected:<...(percent)>Studenthas[failedthecours]e> but was:<...(percent)>Studenthas[anFgrad]e>    at org.junit.Assert.assertEquals(Assert.java:115)
    at org.junit.Assert.assertEquals(Assert.java:144)
    at introclassJava.grade_317aa705_004WhiteboxTest.test9(grade_317aa705_004WhiteboxTest.java:86)
    at sun.reflect.NativeMethodAccessorImpl.invoke0(Native Method)
    at sun.reflect.NativeMethodAccessorImpl.invoke(NativeMethodAccessorImpl.java:62)
    at sun.reflect.DelegatingMethodAccessorImpl.invoke(DelegatingMethodAccessorImpl.java:43)

16:31:22.430 [pool-2-thread-1] DEBUG fr.inria.lille.repair.nopol.NoPol - statement #13
16:31:22.431 [pool-2-thread-1] DEBUG fr.inria.lille.repair.nopol.NoPol - Analysing SourceLocation introclassJava.grade_317aa705_004:69 which is executed by 18 tests
-199686719
16:31:22.490 [pool-2-thread-1] DEBUG fr.inria.lille.repair.nopol.NoPol - looking with class fr.inria.lille.repair.nopol.spoon.smt.ConditionalAdder
org.junit.ComparisonFailure: expected:<...(percent)>Studenthas[failedthecours]e> but was:<...(percent)>Studenthas[anFgrad]e>
    at org.junit.Assert.assertEquals(Assert.java:115)
    at org.junit.Assert.assertEquals(Assert.java:144)
    at introclassJava.grade_317aa705_004BlackboxTest.test9(grade_317aa705_004BlackboxTest.java:86)
    at sun.reflect.NativeMethodAccessorImpl.invoke0(Native Method)
    at sun.reflect.NativeMethodAccessorImpl.invoke(NativeMethodAccessorImpl.java:62)
    at sun.reflect.DelegatingMethodAccessorImpl.invoke(DelegatingMethodAccessorImpl.java:43)
org.junit.ComparisonFailure: expected:<...(percent)>Studenthas[failedthecours]e> but was:<...(percent)>Studenthas[anFgrad]e>
    at org.junit.Assert.assertEquals(Assert.java:115)
    at org.junit.Assert.assertEquals(Assert.java:144)
    at introclassJava.grade_317aa705_004WhiteboxTest.test9(grade_317aa705_004WhiteboxTest.java:86)
    at sun.reflect.NativeMethodAccessorImpl.invoke0(Native Method)
    at sun.reflect.NativeMethodAccessorImpl.invoke(NativeMethodAccessorImpl.java:62)
    at sun.reflect.DelegatingMethodAccessorImpl.invoke(DelegatingMethodAccessorImpl.java:43)
16:31:22.509 [pool-106-thread-1] INFO  xxl.java.junit.TestCasesListener - Tests run finished (15 ms)
<> Total tests run: 18
<> Ignored tests: 0
<> Failed tests: 2
~ test9(introclassJava.grade_317aa705_004BlackboxTest)
[expected:<...(percent)>Studenthas[failedthecours]e> but was:<...(percent)>Studenthas[anFgrad]e>]
org.junit.ComparisonFailure: expected:<...(percent)>Studenthas[failedthecours]e> but was:<...(percent)>Studenthas[anFgrad]e>    at org.junit.Assert.assertEquals(Assert.java:115)
    at org.junit.Assert.assertEquals(Assert.java:144)
    at introclassJava.grade_317aa705_004BlackboxTest.test9(grade_317aa705_004BlackboxTest.java:86)
    at sun.reflect.NativeMethodAccessorImpl.invoke0(Native Method)
    at sun.reflect.NativeMethodAccessorImpl.invoke(NativeMethodAccessorImpl.java:62)
    at sun.reflect.DelegatingMethodAccessorImpl.invoke(DelegatingMethodAccessorImpl.java:43)
~ test9(introclassJava.grade_317aa705_004WhiteboxTest)
[expected:<...(percent)>Studenthas[failedthecours]e> but was:<...(percent)>Studenthas[anFgrad]e>]
org.junit.ComparisonFailure: expected:<...(percent)>Studenthas[failedthecours]e> but was:<...(percent)>Studenthas[anFgrad]e>    at org.junit.Assert.assertEquals(Assert.java:115)
    at org.junit.Assert.assertEquals(Assert.java:144)
    at introclassJava.grade_317aa705_004WhiteboxTest.test9(grade_317aa705_004WhiteboxTest.java:86)
    at sun.reflect.NativeMethodAccessorImpl.invoke0(Native Method)
    at sun.reflect.NativeMethodAccessorImpl.invoke(NativeMethodAccessorImpl.java:62)
    at sun.reflect.DelegatingMethodAccessorImpl.invoke(DelegatingMethodAccessorImpl.java:43)

16:31:22.613 [pool-2-thread-1] DEBUG fr.inria.lille.repair.nopol.NoPol - statement #14
16:31:22.613 [pool-2-thread-1] DEBUG fr.inria.lille.repair.nopol.NoPol - Analysing SourceLocation introclassJava.grade_317aa705_004:68 which is executed by 18 tests
-199686719
16:31:22.664 [pool-2-thread-1] DEBUG fr.inria.lille.repair.nopol.NoPol - looking with class fr.inria.lille.repair.nopol.spoon.smt.ConditionalAdder
org.junit.ComparisonFailure: expected:<...(percent)>Studenthas[failedthecours]e> but was:<...(percent)>Studenthas[anFgrad]e>
    at org.junit.Assert.assertEquals(Assert.java:115)
    at org.junit.Assert.assertEquals(Assert.java:144)
    at introclassJava.grade_317aa705_004BlackboxTest.test9(grade_317aa705_004BlackboxTest.java:86)
    at sun.reflect.NativeMethodAccessorImpl.invoke0(Native Method)
    at sun.reflect.NativeMethodAccessorImpl.invoke(NativeMethodAccessorImpl.java:62)
    at sun.reflect.DelegatingMethodAccessorImpl.invoke(DelegatingMethodAccessorImpl.java:43)
org.junit.ComparisonFailure: expected:<...(percent)>Studenthas[failedthecours]e> but was:<...(percent)>Studenthas[anFgrad]e>
    at org.junit.Assert.assertEquals(Assert.java:115)
    at org.junit.Assert.assertEquals(Assert.java:144)
    at introclassJava.grade_317aa705_004WhiteboxTest.test9(grade_317aa705_004WhiteboxTest.java:86)
    at sun.reflect.NativeMethodAccessorImpl.invoke0(Native Method)
    at sun.reflect.NativeMethodAccessorImpl.invoke(NativeMethodAccessorImpl.java:62)
    at sun.reflect.DelegatingMethodAccessorImpl.invoke(DelegatingMethodAccessorImpl.java:43)
16:31:22.678 [pool-112-thread-1] INFO  xxl.java.junit.TestCasesListener - Tests run finished (11 ms)
<> Total tests run: 18
<> Ignored tests: 0
<> Failed tests: 2
~ test9(introclassJava.grade_317aa705_004BlackboxTest)
[expected:<...(percent)>Studenthas[failedthecours]e> but was:<...(percent)>Studenthas[anFgrad]e>]
org.junit.ComparisonFailure: expected:<...(percent)>Studenthas[failedthecours]e> but was:<...(percent)>Studenthas[anFgrad]e>    at org.junit.Assert.assertEquals(Assert.java:115)
    at org.junit.Assert.assertEquals(Assert.java:144)
    at introclassJava.grade_317aa705_004BlackboxTest.test9(grade_317aa705_004BlackboxTest.java:86)
    at sun.reflect.NativeMethodAccessorImpl.invoke0(Native Method)
    at sun.reflect.NativeMethodAccessorImpl.invoke(NativeMethodAccessorImpl.java:62)
    at sun.reflect.DelegatingMethodAccessorImpl.invoke(DelegatingMethodAccessorImpl.java:43)
~ test9(introclassJava.grade_317aa705_004WhiteboxTest)
[expected:<...(percent)>Studenthas[failedthecours]e> but was:<...(percent)>Studenthas[anFgrad]e>]
org.junit.ComparisonFailure: expected:<...(percent)>Studenthas[failedthecours]e> but was:<...(percent)>Studenthas[anFgrad]e>    at org.junit.Assert.assertEquals(Assert.java:115)
    at org.junit.Assert.assertEquals(Assert.java:144)
    at introclassJava.grade_317aa705_004WhiteboxTest.test9(grade_317aa705_004WhiteboxTest.java:86)
    at sun.reflect.NativeMethodAccessorImpl.invoke0(Native Method)
    at sun.reflect.NativeMethodAccessorImpl.invoke(NativeMethodAccessorImpl.java:62)
    at sun.reflect.DelegatingMethodAccessorImpl.invoke(DelegatingMethodAccessorImpl.java:43)

16:31:22.763 [pool-2-thread-1] DEBUG fr.inria.lille.repair.nopol.NoPol - statement #15
16:31:22.763 [pool-2-thread-1] DEBUG fr.inria.lille.repair.nopol.NoPol - Analysing SourceLocation introclassJava.grade_317aa705_004:67 which is executed by 18 tests
-199686719
16:31:22.811 [pool-2-thread-1] DEBUG fr.inria.lille.repair.nopol.NoPol - looking with class fr.inria.lille.repair.nopol.spoon.smt.ConditionalAdder
org.junit.ComparisonFailure: expected:<...(percent)>Studenthas[failedthecours]e> but was:<...(percent)>Studenthas[anFgrad]e>
    at org.junit.Assert.assertEquals(Assert.java:115)
    at org.junit.Assert.assertEquals(Assert.java:144)
    at introclassJava.grade_317aa705_004BlackboxTest.test9(grade_317aa705_004BlackboxTest.java:86)
    at sun.reflect.NativeMethodAccessorImpl.invoke0(Native Method)
    at sun.reflect.NativeMethodAccessorImpl.invoke(NativeMethodAccessorImpl.java:62)
    at sun.reflect.DelegatingMethodAccessorImpl.invoke(DelegatingMethodAccessorImpl.java:43)
org.junit.ComparisonFailure: expected:<...(percent)>Studenthas[failedthecours]e> but was:<...(percent)>Studenthas[anFgrad]e>
    at org.junit.Assert.assertEquals(Assert.java:115)
    at org.junit.Assert.assertEquals(Assert.java:144)
    at introclassJava.grade_317aa705_004WhiteboxTest.test9(grade_317aa705_004WhiteboxTest.java:86)
    at sun.reflect.NativeMethodAccessorImpl.invoke0(Native Method)
    at sun.reflect.NativeMethodAccessorImpl.invoke(NativeMethodAccessorImpl.java:62)
    at sun.reflect.DelegatingMethodAccessorImpl.invoke(DelegatingMethodAccessorImpl.java:43)
16:31:22.829 [pool-118-thread-1] INFO  xxl.java.junit.TestCasesListener - Tests run finished (14 ms)
<> Total tests run: 18
<> Ignored tests: 0
<> Failed tests: 2
~ test9(introclassJava.grade_317aa705_004BlackboxTest)
[expected:<...(percent)>Studenthas[failedthecours]e> but was:<...(percent)>Studenthas[anFgrad]e>]
org.junit.ComparisonFailure: expected:<...(percent)>Studenthas[failedthecours]e> but was:<...(percent)>Studenthas[anFgrad]e>    at org.junit.Assert.assertEquals(Assert.java:115)
    at org.junit.Assert.assertEquals(Assert.java:144)
    at introclassJava.grade_317aa705_004BlackboxTest.test9(grade_317aa705_004BlackboxTest.java:86)
    at sun.reflect.NativeMethodAccessorImpl.invoke0(Native Method)
    at sun.reflect.NativeMethodAccessorImpl.invoke(NativeMethodAccessorImpl.java:62)
    at sun.reflect.DelegatingMethodAccessorImpl.invoke(DelegatingMethodAccessorImpl.java:43)
~ test9(introclassJava.grade_317aa705_004WhiteboxTest)
[expected:<...(percent)>Studenthas[failedthecours]e> but was:<...(percent)>Studenthas[anFgrad]e>]
org.junit.ComparisonFailure: expected:<...(percent)>Studenthas[failedthecours]e> but was:<...(percent)>Studenthas[anFgrad]e>    at org.junit.Assert.assertEquals(Assert.java:115)
    at org.junit.Assert.assertEquals(Assert.java:144)
    at introclassJava.grade_317aa705_004WhiteboxTest.test9(grade_317aa705_004WhiteboxTest.java:86)
    at sun.reflect.NativeMethodAccessorImpl.invoke0(Native Method)
    at sun.reflect.NativeMethodAccessorImpl.invoke(NativeMethodAccessorImpl.java:62)
    at sun.reflect.DelegatingMethodAccessorImpl.invoke(DelegatingMethodAccessorImpl.java:43)

16:31:22.913 [pool-2-thread-1] DEBUG fr.inria.lille.repair.nopol.NoPol - statement #16
16:31:22.913 [pool-2-thread-1] DEBUG fr.inria.lille.repair.nopol.NoPol - Analysing SourceLocation introclassJava.grade_317aa705_004:66 which is executed by 18 tests
-199686719
16:31:22.970 [pool-2-thread-1] DEBUG fr.inria.lille.repair.nopol.NoPol - looking with class fr.inria.lille.repair.nopol.spoon.smt.ConditionalAdder
org.junit.ComparisonFailure: expected:<...(percent)>Studenthas[failedthecours]e> but was:<...(percent)>Studenthas[anFgrad]e>
    at org.junit.Assert.assertEquals(Assert.java:115)
    at org.junit.Assert.assertEquals(Assert.java:144)
    at introclassJava.grade_317aa705_004BlackboxTest.test9(grade_317aa705_004BlackboxTest.java:86)
    at sun.reflect.NativeMethodAccessorImpl.invoke0(Native Method)
    at sun.reflect.NativeMethodAccessorImpl.invoke(NativeMethodAccessorImpl.java:62)
    at sun.reflect.DelegatingMethodAccessorImpl.invoke(DelegatingMethodAccessorImpl.java:43)
org.junit.ComparisonFailure: expected:<...(percent)>Studenthas[failedthecours]e> but was:<...(percent)>Studenthas[anFgrad]e>
    at org.junit.Assert.assertEquals(Assert.java:115)
    at org.junit.Assert.assertEquals(Assert.java:144)
    at introclassJava.grade_317aa705_004WhiteboxTest.test9(grade_317aa705_004WhiteboxTest.java:86)
    at sun.reflect.NativeMethodAccessorImpl.invoke0(Native Method)
    at sun.reflect.NativeMethodAccessorImpl.invoke(NativeMethodAccessorImpl.java:62)
    at sun.reflect.DelegatingMethodAccessorImpl.invoke(DelegatingMethodAccessorImpl.java:43)
16:31:22.984 [pool-124-thread-1] INFO  xxl.java.junit.TestCasesListener - Tests run finished (10 ms)
<> Total tests run: 18
<> Ignored tests: 0
<> Failed tests: 2
~ test9(introclassJava.grade_317aa705_004BlackboxTest)
[expected:<...(percent)>Studenthas[failedthecours]e> but was:<...(percent)>Studenthas[anFgrad]e>]
org.junit.ComparisonFailure: expected:<...(percent)>Studenthas[failedthecours]e> but was:<...(percent)>Studenthas[anFgrad]e>    at org.junit.Assert.assertEquals(Assert.java:115)
    at org.junit.Assert.assertEquals(Assert.java:144)
    at introclassJava.grade_317aa705_004BlackboxTest.test9(grade_317aa705_004BlackboxTest.java:86)
    at sun.reflect.NativeMethodAccessorImpl.invoke0(Native Method)
    at sun.reflect.NativeMethodAccessorImpl.invoke(NativeMethodAccessorImpl.java:62)
    at sun.reflect.DelegatingMethodAccessorImpl.invoke(DelegatingMethodAccessorImpl.java:43)
~ test9(introclassJava.grade_317aa705_004WhiteboxTest)
[expected:<...(percent)>Studenthas[failedthecours]e> but was:<...(percent)>Studenthas[anFgrad]e>]
org.junit.ComparisonFailure: expected:<...(percent)>Studenthas[failedthecours]e> but was:<...(percent)>Studenthas[anFgrad]e>    at org.junit.Assert.assertEquals(Assert.java:115)
    at org.junit.Assert.assertEquals(Assert.java:144)
    at introclassJava.grade_317aa705_004WhiteboxTest.test9(grade_317aa705_004WhiteboxTest.java:86)
    at sun.reflect.NativeMethodAccessorImpl.invoke0(Native Method)
    at sun.reflect.NativeMethodAccessorImpl.invoke(NativeMethodAccessorImpl.java:62)
    at sun.reflect.DelegatingMethodAccessorImpl.invoke(DelegatingMethodAccessorImpl.java:43)

16:31:23.088 [pool-2-thread-1] DEBUG fr.inria.lille.repair.nopol.NoPol - statement #17
16:31:23.088 [pool-2-thread-1] DEBUG fr.inria.lille.repair.nopol.NoPol - Analysing SourceLocation introclassJava.grade_317aa705_004:65 which is executed by 18 tests
-199686719
16:31:23.155 [pool-2-thread-1] DEBUG fr.inria.lille.repair.nopol.NoPol - statement #18
16:31:23.156 [pool-2-thread-1] DEBUG fr.inria.lille.repair.nopol.NoPol - Analysing SourceLocation introclassJava.grade_317aa705_004:63 which is executed by 18 tests
-199686719
16:31:23.223 [pool-2-thread-1] DEBUG fr.inria.lille.repair.nopol.NoPol - looking with class fr.inria.lille.repair.nopol.spoon.smt.ConditionalAdder
org.junit.ComparisonFailure: expected:<...(percent)>Studenthas[failedthecours]e> but was:<...(percent)>Studenthas[anFgrad]e>
    at org.junit.Assert.assertEquals(Assert.java:115)
    at org.junit.Assert.assertEquals(Assert.java:144)
    at introclassJava.grade_317aa705_004BlackboxTest.test9(grade_317aa705_004BlackboxTest.java:86)
    at sun.reflect.NativeMethodAccessorImpl.invoke0(Native Method)
    at sun.reflect.NativeMethodAccessorImpl.invoke(NativeMethodAccessorImpl.java:62)
    at sun.reflect.DelegatingMethodAccessorImpl.invoke(DelegatingMethodAccessorImpl.java:43)
org.junit.ComparisonFailure: expected:<...(percent)>Studenthas[failedthecours]e> but was:<...(percent)>Studenthas[anFgrad]e>
    at org.junit.Assert.assertEquals(Assert.java:115)
    at org.junit.Assert.assertEquals(Assert.java:144)
    at introclassJava.grade_317aa705_004WhiteboxTest.test9(grade_317aa705_004WhiteboxTest.java:86)
    at sun.reflect.NativeMethodAccessorImpl.invoke0(Native Method)
    at sun.reflect.NativeMethodAccessorImpl.invoke(NativeMethodAccessorImpl.java:62)
    at sun.reflect.DelegatingMethodAccessorImpl.invoke(DelegatingMethodAccessorImpl.java:43)
16:31:23.240 [pool-130-thread-1] INFO  xxl.java.junit.TestCasesListener - Tests run finished (13 ms)
<> Total tests run: 18
<> Ignored tests: 0
<> Failed tests: 2
~ test9(introclassJava.grade_317aa705_004BlackboxTest)
[expected:<...(percent)>Studenthas[failedthecours]e> but was:<...(percent)>Studenthas[anFgrad]e>]
org.junit.ComparisonFailure: expected:<...(percent)>Studenthas[failedthecours]e> but was:<...(percent)>Studenthas[anFgrad]e>    at org.junit.Assert.assertEquals(Assert.java:115)
    at org.junit.Assert.assertEquals(Assert.java:144)
    at introclassJava.grade_317aa705_004BlackboxTest.test9(grade_317aa705_004BlackboxTest.java:86)
    at sun.reflect.NativeMethodAccessorImpl.invoke0(Native Method)
    at sun.reflect.NativeMethodAccessorImpl.invoke(NativeMethodAccessorImpl.java:62)
    at sun.reflect.DelegatingMethodAccessorImpl.invoke(DelegatingMethodAccessorImpl.java:43)
~ test9(introclassJava.grade_317aa705_004WhiteboxTest)
[expected:<...(percent)>Studenthas[failedthecours]e> but was:<...(percent)>Studenthas[anFgrad]e>]
org.junit.ComparisonFailure: expected:<...(percent)>Studenthas[failedthecours]e> but was:<...(percent)>Studenthas[anFgrad]e>    at org.junit.Assert.assertEquals(Assert.java:115)
    at org.junit.Assert.assertEquals(Assert.java:144)
    at introclassJava.grade_317aa705_004WhiteboxTest.test9(grade_317aa705_004WhiteboxTest.java:86)
    at sun.reflect.NativeMethodAccessorImpl.invoke0(Native Method)
    at sun.reflect.NativeMethodAccessorImpl.invoke(NativeMethodAccessorImpl.java:62)
    at sun.reflect.DelegatingMethodAccessorImpl.invoke(DelegatingMethodAccessorImpl.java:43)

16:31:23.347 [pool-2-thread-1] DEBUG fr.inria.lille.repair.nopol.NoPol - statement #19
16:31:23.347 [pool-2-thread-1] DEBUG fr.inria.lille.repair.nopol.NoPol - Analysing SourceLocation introclassJava.grade_317aa705_004:62 which is executed by 18 tests
-199686719
16:31:23.409 [pool-2-thread-1] DEBUG fr.inria.lille.repair.nopol.NoPol - statement #20
16:31:23.409 [pool-2-thread-1] DEBUG fr.inria.lille.repair.nopol.NoPol - Analysing SourceLocation introclassJava.grade_317aa705_004:61 which is executed by 18 tests
-199686719
16:31:23.457 [pool-2-thread-1] DEBUG fr.inria.lille.repair.nopol.NoPol - statement #21
16:31:23.457 [pool-2-thread-1] DEBUG fr.inria.lille.repair.nopol.NoPol - Analysing SourceLocation introclassJava.grade_317aa705_004:60 which is executed by 18 tests
-199686719
16:31:23.505 [pool-2-thread-1] INFO  fr.inria.lille.repair.nopol.NoPol - ----INFORMATION----
16:31:23.512 [pool-2-thread-1] INFO  fr.inria.lille.repair.nopol.NoPol - Nb classes : 6
16:31:23.512 [pool-2-thread-1] INFO  fr.inria.lille.repair.nopol.NoPol - Nb methods : 2
16:31:23.512 [pool-2-thread-1] INFO  fr.inria.lille.repair.nopol.NoPol - Nb Statements Analyzed : 22
16:31:23.513 [pool-2-thread-1] INFO  fr.inria.lille.repair.nopol.NoPol - Nb Statements with Angelic Value Found : 0
16:31:23.513 [pool-2-thread-1] INFO  fr.inria.lille.repair.nopol.NoPol - NoPol Execution time : 8493ms
16:31:23.513 [pool-2-thread-1] INFO  fr.inria.lille.repair.nopol.NoPol - 
NO_ANGELIC_VALUE
Command exited with non-zero status 255
20.51user 1.35system 0:09.75elapsed 224%CPU (0avgtext+0avgdata 624548maxresident)k
46112inputs+5328outputs (3major+199527minor)pagefaults 0swaps


Node: suno-14.sophia.grid5000.fr



Date: Wed Dec  5 16:31:23 EST 2018

